1 4 6 12 15 18 26 27 39 50 51 56 59 66 68 71 79 82 83 84 86 91 96 99 107 108 110 115 125 126 127 132 135 136 137 144 150 151 153 169 170 171
7 9 11 16 22 28 34 41 43 45 52 55 57 64 66 68 69 70 74 80 87 90 92 95 101 105 109 111 112 117 118 123 129 139 140 143 145 156 157 160 161 162 163 175
1 2 4 6 7 10 12 15 16 17 20 22 23 24 25 26 27 28 29 30 31 32 33 34 35 36 37 38 39 40 41 42 43 44 46 47 49 50 51 52 53 54 55 56 57 62 63 64 65 67 68 70 71 72 73 76 77 79 80 82 83 84 85 86 87 88 89 90 91 95 96 97 98 99 100 101 102 103 105 106 107 108 110 111 113 114 115 116 117 118 119 120 121 123 126 127 128 129 131 134 135 136 138 140 142 143 144 147 148 149 150 151 153 154 155 156 157 158 159 160 162 163 165 166 169 170 172 174 175 177
1 2 3 4 5 6 7 8 10 11 12 13 14 15 16 18 19 20 21 22 26 27 31 32 35 39 40 44 46 49 50 51 52 54 55 56 59 63 65 66 67 70 71 73 74 76 79 80 81 82 83 84 85 88 90 91 92 94 96 97 98 99 102 103 104 105 106 107 108 109 110 111 113 114 115 117 118 119 121 122 123 124 125 126 128 132 136 137 141 144 146 147 148 149 150 151 152 153 156 157 158 169 170 171 172 174 176
2 3 4 12 13 17 19 22 27 31 33 34 53 54 60 61 64 67 75 77 82 85 87 91 97 99 102 104 108 110 111 112 114 115 125 132 134 142 146 148 154 156 158 161 165 176
4 9 12 13 18 19 27 33 39 40 42 51 54 65 70 71 73 82 90 92 99 103 108 114 118 120 125 126 128 131 137 138 139 147 159 170 175
4 9 12 13 18 19 22 27 31 33 36 39 40 42 47 49 51 54 65 70 71 73 75 82 89 90 92 99 102 103 108 114 118 120 125 126 128 131 137 138 139 147 152 154 159 164 168 170 175
2 8 9 22 25 58 60 61 63 64 72 87 93 111 124 140 156 167 175
2 5 8 9 22 23 25 28 29 31 34 36 38 45 51 58 60 61 63 64 69 72 75 80 87 93 111 116 123 124 127 129 130 132 134 137 140 142 143 155 156 163 164 167 173 175
1 2 3 4 5 6 8 10 12 14 15 17 18 19 20 21 22 23 24 26 27 29 30 31 32 33 35 36 38 39 40 44 46 47 49 50 51 52 53 54 55 56 58 59 60 61 62 63 65 66 67 68 70 71 72 73 75 76 77 79 80 82 83 84 85 86 87 88 89 90 91 92 94 96 97 98 99 100 101 103 104 106 107 108 110 111 113 114 115 117 119 120 121 123 124 126 127 128 130 131 132 134 135 136 137 138 140 144 145 146 148 149 150 151 152 153 156 157 158 159 160 162 163 164 167 168 169 170 171 172 173 175 176 177
5 7 8 9 11 13 14 16 18 21 25 26 28 32 37 41 43 49 56 59 64 68 72 74 78 94 105 109 118 122 124 125 130 132 141 143 145 154 156 160 164 170 174 175
1 4 6 18 32 40 42 43 49 50 54 55 59 66 80 82 83 86 87 90 91 96 99 108 110 120 122 126 128 135 137 144 146 147 150 153 157 160 169 171
1 2 3 4 5 6 7 8 9 10 11 12 13 16 17 19 21 22 23 24 25 26 27 28 29 30 31 33 34 35 38 39 40 41 42 43 44 46 47 48 49 51 53 54 55 56 58 59 60 61 64 67 68 69 70 73 75 76 78 79 80 81 82 84 85 86 87 89 90 91 92 95 96 97 98 99 103 104 105 106 107 108 109 110 111 112 113 114 115 116 118 120 121 122 123 124 126 127 129 130 132 134 135 136 137 138 140 141 142 143 144 146 147 148 149 151 152 153 156 157 158 159 160 162 163 164 166 167 170 171 173 174 175 176 177
1 2 3 4 6 7 8 10 11 12 13 14 15 16 17 18 19 20 23 24 25 26 27 28 29 30 31 32 33 34 35 36 37 38 39 40 41 42 43 44 45 47 48 49 50 51 52 53 54 55 56 58 60 61 62 63 64 65 66 67 70 71 72 75 76 77 78 79 80 81 82 83 84 85 86 87 88 89 90 91 92 94 96 97 98 99 100 101 102 103 104 105 107 108 109 110 111 112 113 114 115 116 117 118 119 120 122 123 124 126 127 128 129 130 131 132 133 134 135 136 137 138 139 140 141 142 143 144 145 146 147 148 150 151 152 153 154 155 156 157 158 160 161 162 163 164 165 166 167 168 169 170 171 172 173 174 175 176 177
2 30 34 40 46 49 64 67 86 97 116 142 155 157 163
2 16 17 24 29 30 34 40 46 49 53 58 61 63 64 67 81 86 95 97 100 111 112 116 119 129 133 140 142 143 144 148 152 155 157 159 161 162 163 164 165 167 175
1 12 16 31 32 36 55 68 69 80 87 93 103 107 129 130 132 133 149 171 173
1 5 7 12 14 16 19 28 31 32 36 48 55 59 66 68 69 74 80 81 87 92 93 95 103 107 118 122 124 125 129 130 132 133 139 141 142 149 159 160 161 166 171 173 174 175 177
1 6 8 10 13 15 18 26 27 39 43 51 56 59 66 68 73 74 76 80 82 91 96 98 107 108 110 113 115 120 124 125 127 132 135 136 137 146 149 158 159 160 170 171 176
1 3 6 15 17 22 24 25 29 30 31 33 34 35 37 38 39 42 46 49 50 52 57 61 62 63 64 65 67 71 72 73 76 77 79 81 83 85 96 99 103 104 106 107 113 117 118 121 123 127 128 133 134 136 138 142 143 147 148 149 151 152 156 157 159 162 163 165 166 167 168 169 173 176 177
1 2 3 4 5 6 8 10 12 14 15 16 17 19 22 24 25 28 29 30 31 32 33 34 35 37 38 39 40 42 44 45 46 47 49 50 52 53 57 58 60 61 62 63 64 65 67 71 72 73 76 77 78 79 81 82 83 84 85 86 87 88 89 91 93 94 96 97 99 100 102 103 104 106 107 108 111 112 113 114 117 118 119 120 121 122 123 126 127 128 129 130 132 133 134 136 138 139 140 142 143 144 145 147 148 149 150 151 152 153 154 155 156 157 159 161 162 163 164 165 166 167 168 169 172 173 174 175 176 177
3 5 8 9 18 21 22 23 25 28 31 35 36 45 58 60 61 69 72 75 77 78 81 94 104 112 116 118 119 122 124 125 130 132 143 145 148 154 155 159 161 166 167 168 170 172 174 175 177
1 4 5 6 7 8 10 12 14 15 16 18 21 26 27 32 35 36 39 40 46 49 50 51 54 55 59 60 61 62 66 69 71 72 73 75 76 77 79 82 83 85 88 91 93 96 99 103 106 107 108 113 114 116 120 122 124 126 127 136 149 150 151 153 156 158 159 161 163 164 168 169 170 173 175 177
1 2 3 4 5 6 7 8 10 12 14 15 16 17 18 21 22 23 25 26 27 28 29 31 32 33 34 35 36 38 39 40 44 45 46 47 49 50 51 52 53 54 55 57 58 59 60 61 62 63 66 67 69 71 72 73 75 76 77 79 81 82 83 84 85 87 88 91 93 94 96 97 99 100 103 104 106 107 108 113 114 116 118 119 120 121 122 123 124 126 127 129 130 132 133 134 135 136 137 140 142 144 145 148 149 150 151 152 153 154 155 156 157 158 159 161 162 163 164 165 166 167 168 169 170 172 173 175 176 177
1 2 4 5 6 8 10 12 15 17 22 23 24 25 26 27 28 29 30 31 32 33 34 35 37 38 39 40 42 44 46 47 49 50 51 52 53 54 55 56 58 60 62 63 64 65 66 68 71 72 73 75 76 77 79 80 82 83 84 86 87 88 89 91 93 96 97 98 99 100 101 103 104 106 107 108 110 111 113 114 115 116 118 119 120 121 122 123 126 127 128 129 131 134 135 136 137 138 140 142 143 144 146 147 148 149 150 151 152 153 156 157 158 159 160 162 163 164 165 166 167 168 169 171 173 175 176 177
7 9 11 13 14 18 20 24 25 28 29 30 31 32 41 43 45 48 55 58 66 68 74 78 80 101 102 105 109 112 117 122 124 125 129 130 133 135 139 145 147 148 152 154 160 164 165 166 172
2 23 24 29 31 33 34 36 43 51 58 60 61 68 69 75 78 86 111 113 116 119 121 131 134 137 138 140 142 144 148 149 158 159 160 161 162 163 165 167 168 171 175 176
1 2 4 6 9 10 11 12 13 15 17 18 19 20 21 24 26 27 29 30 32 33 34 35 37 39 40 41 42 43 44 46 47 48 49 50 51 53 54 56 58 59 62 63 65 66 67 68 69 71 73 74 76 78 79 80 82 83 84 86 87 88 89 91 92 93 95 96 97 98 99 100 101 102 103 106 107 108 109 110 112 113 114 115 117 118 119 120 121 122 123 125 126 127 128 129 131 133 134 135 136 137 138 140 141 142 144 146 147 148 149 150 151 152 153 154 156 157 158 159 160 161 162 163 165 166 169 170 171 172 174 176
1 2 3 4 5 6 7 8 9 10 11 12 13 14 15 18 19 20 21 24 25 26 27 30 32 33 35 36 37 38 39 40 41 42 43 44 46 47 48 49 50 51 53 54 55 58 61 62 63 65 66 67 68 70 71 73 74 75 76 78 79 80 82 83 84 85 86 87 88 89 90 91 92 96 98 99 101 102 103 104 106 107 108 109 110 112 113 114 115 117 119 121 122 123 124 125 126 127 128 129 130 131 133 134 135 136 137 139 140 141 142 144 146 147 149 150 151 152 153 155 156 157 158 159 160 163 164 166 168 169 171 172 173 174 176
7 9 10 13 18 20 21 28 30 32 42 48 54 64 74 78 88 90 95 105 109 117 118 125 126 131 134 135 139 146 147 154
7 9 10 13 14 18 19 20 21 28 30 32 34 42 48 54 58 64 74 78 88 90 95 105 109 116 117 118 125 126 130 131 134 135 139 143 145 146 147 154 158 175
1 9 12 14 22 23 25 28 29 31 36 45 51 66 67 69 73 78 81 87 97 100 101 113 119 123 124 127 132 134 137 140 142 149 152 154 155 157 158 159 165 166 169 171
1 2 4 5 6 7 8 10 11 12 13 14 15 17 18 19 20 21 23 24 25 26 27 30 32 33 34 37 38 39 40 41 42 43 46 48 49 50 51 52 54 55 56 59 60 61 62 63 65 66 68 70 71 72 73 74 75 76 78 79 80 82 83 85 86 87 88 89 90 91 92 93 95 96 97 98 99 101 102 103 105 107 108 109 110 111 112 113 114 115 117 119 120 122 123 124 125 126 127 128 131 132 133 135 136 137 138 139 141 142 143 144 145 146 147 149 150 151 153 157 158 160 161 162 163 164 166 168 169 170 171 174
2 5 8 22 23 25 35 36 38 45 52 61 64 69 72 75 77 85 87 94 97 104 116 119 121 124 127 140 142 145 148 154 155 157 158 159 161 163 164 165 167 172 173 175 177
1 4 55 68 79 82 83 86 91 99 107 108 115 144 150 160
1 4 6 12 15 18 26 27 32 44 51 55 66 68 78 79 80 82 83 84 86 88 91 92 98 99 107 108 110 115 125 126 132 135 136 137 144 146 147 150 153 160 169 171
2 5 17 24 30 36 44 52 58 60 61 63 64 67 70 89 100 116 129 140 142 148 149 152 156 157 158 159 163 167 172 173 175
2 3 5 7 8 9 11 13 14 15 16 17 19 20 21 22 23 24 25 26 28 29 30 31 33 34 35 36 37 38 41 42 43 44 45 46 47 48 50 52 53 54 56 57 58 60 61 62 63 64 65 66 67 68 69 70 72 73 74 75 76 77 81 84 85 86 87 89 90 92 93 94 95 97 98 100 101 102 103 104 105 106 109 110 111 112 113 114 116 117 118 119 120 121 122 123 124 127 128 129 130 131 132 133 134 138 139 140 141 142 143 145 147 148 149 152 154 155 156 157 158 159 161 162 163 164 165 166 167 168 170 172 173 174 175 176 177
1 4 6 38 51 60 67 89 96 103 106 107 130 136 146 150 151 153
1 3 4 5 6 7 8 9 11 12 13 14 15 18 19 20 21 22 23 24 26 27 28 30 31 32 33 34 35 36 37 38 39 40 43 44 45 46 48 51 52 53 55 56 57 58 59 60 63 65 67 68 69 70 71 72 73 74 76 78 79 80 82 83 84 86 88 89 90 91 93 95 96 98 99 100 101 102 103 105 106 107 108 109 111 114 116 118 123 126 128 129 130 131 132 135 136 137 138 140 141 142 143 144 145 146 147 148 149 150 151 152 153 155 156 157 158 159 160 162 163 164 166 167 168 169 171 172 173 175
2 9 11 13 14 21 26 27 28 30 32 34 48 50 55 56 59 63 64 68 69 70 73 78 92 95 98 100 105 109 110 111 112 113 115 116 117 128 135 139 143 156 160 164 167 171 174
1 2 6 10 11 12 13 16 20 21 26 28 32 33 34 38 39 40 41 42 43 46 47 49 50 51 52 54 56 59 61 62 63 64 66 68 71 72 73 75 76 77 79 82 83 84 85 86 87 90 91 92 93 96 97 98 99 100 101 103 104 105 106 108 110 113 114 115 116 117 119 120 121 122 123 126 127 128 131 133 135 136 138 140 141 142 144 146 147 149 150 151 152 157 158 159 160 163 165 166 169 170 171 174 176
1 2 3 6 8 10 11 12 13 15 16 20 21 24 26 27 28 29 30 31 32 33 34 35 37 38 39 40 41 42 43 44 46 47 48 49 50 51 52 53 54 56 59 61 62 63 64 65 66 67 68 71 72 73 74 75 76 77 79 82 83 84 85 86 87 88 89 90 91 92 93 94 95 96 97 98 99 100 101 102 103 104 105 106 108 109 110 112 113 114 115 116 117 118 119 120 121 122 123 126 127 128 130 131 133 134 135 136 138 139 140 141 142 143 144 146 147 149 150 151 152 154 157 158 159 160 162 163 165 166 168 169 170 171 174 176 177
2 22 23 24 29 36 38 40 45 47 53 55 57 58 60 61 62 66 67 70 81 84 89 94 100 104 106 111 127 130 133 134 140 148 149 152 154 155 157 162 165 167 172 177
2 3 7 8 10 11 12 13 14 16 17 18 20 22 24 26 27 28 29 30 31 32 33 34 37 38 39 41 42 43 44 46 47 48 49 50 51 52 53 54 55 56 57 58 59 60 61 62 63 64 65 66 67 68 69 71 73 74 76 77 78 79 81 83 84 85 86 88 89 90 92 95 97 98 100 101 103 104 105 108 109 110 111 112 113 114 115 116 117 118 120 121 122 123 124 127 128 129 132 134 135 136 138 139 140 141 142 143 145 146 147 148 150 152 154 155 156 157 158 160 161 162 163 165 166 168 169 171 172 175 176 177
7 9 11 12 18 19 20 21 24 28 30 32 33 34 36 37 41 42 43 48 55 58 68 74 78 80 90 95 101 102 105 109 112 116 117 125 129 130 135 139 141 144 146 147 160
1 2 3 4 5 6 10 11 12 13 14 15 16 17 19 20 21 23 24 26 27 28 30 32 33 34 35 36 37 38 39 40 42 43 44 46 47 49 50 51 53 54 55 56 57 58 59 60 61 62 64 65 66 67 68 70 71 72 73 74 75 77 79 82 83 84 85 86 87 89 90 91 93 94 96 97 98 99 100 101 102 103 104 106 107 108 110 111 113 114 115 117 119 120 121 123 125 126 127 128 129 130 131 136 137 138 141 142 143 144 146 147 149 150 151 153 155 156 157 158 159 160 162 163 165 169 170 171 172 175 176 177
3 7 9 14 22 25 29 31 38 41 42 45 47 53 60 62 72 75 81 84 89 92 100 102 104 118 119 121 126 130 132 133 139 148 150 154 155 164 166 167 168 174 177
2 3 5 7 8 9 10 11 13 14 16 17 19 20 21 22 23 24 25 26 28 29 30 31 33 34 35 36 37 38 39 40 41 42 45 46 47 48 49 50 52 53 54 57 58 59 60 61 62 63 64 65 67 70 71 72 73 74 76 77 78 81 86 87 88 89 90 92 93 94 95 97 98 100 101 102 103 104 105 106 109 111 112 113 114 116 117 118 119 121 122 123 125 127 128 129 130 131 133 134 138 139 140 141 142 143 145 146 147 148 149 150 152 154 155 156 157 159 160 161 162 163 164 165 166 167 168 169 172 174 175 176 177
1 2 4 5 6 7 8 10 12 15 17 18 19 20 21 23 24 25 26 27 29 30 32 33 34 36 37 38 39 40 42 43 44 46 47 48 49 50 51 52 54 55 56 57 58 59 60 62 64 65 66 67 68 70 71 72 73 76 77 78 79 80 82 83 84 86 88 89 90 91 93 95 96 97 98 99 101 103 105 106 107 108 110 113 114 115 116 117 119 120 122 126 127 128 129 130 131 134 135 136 137 138 141 142 143 144 146 147 148 149 150 151 153 156 157 158 159 160 162 163 164 166 167 168 169 170 171 174 175 176
