6 9 12 13 14 19 20 21 27 33 39 41 48 49 50 54 55 56 65 68 69 70 78 79 88 90 92 98 102 109 117 122 124 125 126 132 135 137 146 147 149 151 153 154 160 168 169 170
2 4 9 12 20 21 25 34 56 58 73 80 81 123 125 127 128 129 142 143 152 154 168 172
2 7 9 22 23 24 25 28 31 34 36 38 43 45 48 60 63 64 69 70 73 75 78 87 102 105 112 116 123 127 129 132 135 137 140 142 143 159 161 163 164 167 174 175
7 9 10 11 13 18 19 20 21 26 32 34 37 41 42 43 48 49 56 65 70 74 78 88 90 92 95 98 102 105 109 112 115 117 122 125 131 132 135 139 141 146 147 162 170 171 174
1 2 3 4 6 7 8 10 12 13 14 15 16 18 19 20 21 22 23 24 27 28 29 32 33 34 35 38 39 40 41 43 44 45 47 49 50 51 53 55 56 57 58 59 60 61 62 63 66 67 68 69 70 71 72 73 75 76 77 78 79 80 81 82 83 84 85 86 87 88 90 91 94 95 96 97 98 99 100 101 103 104 105 106 107 108 110 112 113 114 115 117 119 120 121 122 123 124 126 127 129 130 132 134 135 136 137 139 140 141 144 146 147 149 150 151 152 153 156 158 159 160 161 162 165 167 169 170 172 173 174 175 176 177
1 2 4 6 8 12 15 16 17 20 22 23 24 25 26 27 28 29 30 33 34 35 36 37 38 39 40 42 43 44 46 47 49 50 51 52 53 54 55 56 57 60 61 62 63 64 65 66 67 68 69 70 71 72 73 75 76 77 79 80 82 83 84 85 86 88 89 91 92 93 95 96 97 98 99 100 101 102 103 106 107 108 110 111 113 114 115 116 118 119 120 121 123 126 128 129 130 131 132 134 136 137 138 140 142 143 144 147 149 150 151 153 157 158 159 160 161 162 163 164 165 166 167 168 169 171 172 175 176
17 23 25 28 34 35 36 38 46 47 52 53 57 58 60 61 62 63 64 67 70 72 75 93 97 100 119 120 129 130 133 140 142 143 145 148 155 163 166 167 172 173 177
1 2 3 6 7 9 11 13 15 16 17 19 20 21 24 25 26 27 28 29 30 31 32 33 36 37 38 39 40 41 42 43 46 47 48 49 50 52 53 54 55 56 57 58 60 62 63 64 65 67 68 70 71 72 73 74 76 78 79 83 84 86 87 88 90 91 92 93 95 96 97 98 100 101 102 106 108 109 110 112 113 117 119 121 123 125 126 128 129 130 131 132 136 139 140 141 142 143 144 145 146 147 148 149 152 154 156 157 160 162 163 166 168 169 171 174 176 177
1 2 3 4 5 6 7 8 9 10 11 12 13 14 15 16 17 18 19 20 21 22 23 24 25 26 27 28 29 30 31 32 33 36 37 38 39 40 41 42 43 45 46 47 48 49 50 51 52 53 54 55 56 57 58 59 60 61 62 63 64 65 67 68 70 71 72 73 74 75 76 77 78 79 80 81 83 84 86 87 88 90 91 92 93 94 95 96 97 98 99 100 101 102 104 106 107 108 109 110 111 112 113 115 116 117 118 119 120 121 122 123 124 125 126 127 128 129 130 131 132 133 134 135 136 137 139 140 141 142 143 144 145 146 147 148 149 151 152 153 154 155 156 157 160 161 162 163 166 167 168 169 171 173 174 176 177
1 2 4 6 8 10 11 12 13 14 15 18 20 21 22 26 32 33 35 37 39 40 44 46 47 48 49 50 51 52 53 54 55 56 57 59 60 61 62 63 64 65 66 67 69 70 71 73 74 76 77 79 80 81 82 83 84 85 88 89 90 91 92 93 94 95 96 97 98 99 100 101 103 104 105 106 107 108 111 113 114 115 116 117 118 119 120 121 122 123 124 126 127 128 132 133 136 137 138 139 140 141 142 144 145 146 147 148 149 150 151 153 154 156 157 158 159 160 161 162 163 164 165 169 170 171 172 173 175 176
5 8 12 17 18 22 29 31 35 41 45 47 53 56 72 75 78 87 88 92 94 104 105 112 116 117 118 122 130 145 146 149 152 154 164 165 168 172 174 176 177
1 2 3 4 5 6 7 8 12 16 17 18 19 22 23 24 25 27 28 29 31 32 33 34 35 36 39 40 41 42 44 45 46 47 49 50 51 52 53 55 56 57 58 59 60 61 63 65 66 70 71 72 73 76 78 79 80 81 82 83 84 85 86 87 88 91 93 94 96 97 99 100 103 104 105 107 108 111 113 114 115 118 119 120 122 123 124 126 127 128 129 130 132 133 135 136 137 138 140 142 143 144 145 146 148 149 150 151 152 153 154 155 156 157 159 160 161 162 163 164 166 167 168 169 170 171 172 173 175 176
1 2 4 5 6 8 12 15 16 17 24 26 27 29 31 33 34 35 38 39 40 44 45 46 47 50 51 52 53 56 57 58 59 60 62 63 65 67 69 70 71 72 75 77 79 81 82 83 84 85 86 87 89 91 93 96 97 99 100 103 104 106 107 108 111 113 115 118 119 120 121 123 126 127 129 130 131 133 135 136 137 138 140 142 144 145 148 149 150 151 152 153 155 156 157 158 159 161 162 163 164 165 166 167 168 169 170 172 173 175 177
3 5 8 9 14 16 22 23 25 28 29 31 34 36 38 45 60 63 64 67 72 75 76 81 85 106 116 124 129 130 134 145 148 152 154 156 164 165 166 167 168 170 172 173 174 177
1 4 5 6 12 15 16 20 27 28 31 33 34 35 37 39 40 43 44 46 47 51 53 54 56 62 64 65 67 71 76 78 79 84 85 88 93 94 96 97 98 99 100 103 105 106 107 108 114 119 120 121 127 128 131 134 136 137 138 140 142 143 144 145 146 148 150 152 156 157 158 159 160 162 163 168 169
1 2 4 5 6 9 12 15 16 17 19 20 22 23 24 25 27 28 29 30 31 33 34 35 36 37 38 39 40 42 43 44 45 46 47 48 51 53 54 56 60 61 62 63 64 65 67 69 70 71 72 75 76 77 78 79 80 81 84 85 86 87 88 89 90 92 93 94 95 96 97 98 99 100 102 103 104 105 106 107 108 109 111 114 116 118 119 120 121 123 126 127 128 129 130 131 133 134 135 136 137 138 140 141 142 143 144 145 146 147 148 149 150 152 154 156 157 158 159 160 161 162 163 165 167 168 169 174 175 177
2 5 7 9 10 11 13 14 15 16 17 18 19 20 21 23 24 25 27 30 32 33 34 37 41 42 43 44 46 47 48 49 50 53 54 58 59 60 61 62 65 66 68 73 74 76 78 85 86 87 88 89 90 91 92 93 95 97 98 102 103 105 106 109 110 111 112 113 114 115 117 120 121 122 125 128 129 130 131 132 133 138 139 141 143 146 147 148 149 157 159 162 165 168 169 171 173 174 175
2 3 5 7 8 9 10 11 13 14 15 16 17 18 19 20 21 22 23 24 25 26 27 28 29 30 31 32 33 34 35 37 41 42 43 44 46 47 48 49 50 52 53 54 56 57 58 59 60 61 62 65 66 68 69 70 72 73 74 75 76 77 78 85 86 87 88 89 90 91 92 93 94 95 97 98 102 103 104 105 106 109 110 111 112 113 114 115 116 117 118 119 120 121 122 123 124 125 127 128 129 130 131 132 133 138 139 140 141 142 143 146 147 148 149 154 155 156 157 158 159 162 163 164 165 166 168 169 170 171 172 173 174 175 176 177
1 3 4 5 6 8 10 11 12 13 14 15 18 19 20 21 26 27 32 38 39 41 42 46 47 49 50 51 54 59 61 62 66 71 73 74 77 79 80 82 83 84 88 91 92 93 94 96 98 99 102 106 107 108 109 110 113 115 118 121 122 124 125 126 127 128 135 136 137 139 141 144 146 147 150 151 153 154 158 159 160 169 170 171 173 176 177
1 2 3 4 5 6 8 9 10 11 12 13 14 15 16 17 18 19 20 21 22 26 27 29 31 32 33 34 36 37 38 39 41 42 44 46 47 49 50 51 52 53 54 58 59 60 61 62 64 66 68 71 72 73 74 75 76 77 79 80 82 83 84 87 88 89 91 92 93 94 96 98 99 102 103 105 106 107 108 109 110 111 113 114 115 118 119 120 121 122 124 125 126 127 128 129 130 132 133 134 135 136 137 139 140 141 144 145 146 147 148 149 150 151 152 153 154 158 159 160 164 165 166 167 169 170 171 173 174 175 176 177
1 2 4 6 10 12 15 16 23 24 26 27 32 34 39 40 42 43 46 49 50 51 56 57 59 60 63 66 68 69 71 75 77 79 80 82 83 85 86 88 89 91 93 96 98 99 101 103 105 107 108 113 114 115 116 120 128 129 132 136 137 138 140 144 147 148 149 150 151 153 156 158 159 160 163 166 169 171 173 176
1 2 4 5 6 10 11 12 13 14 15 16 18 20 21 23 24 25 26 27 28 29 30 32 33 34 36 37 39 40 42 43 44 46 48 49 50 51 52 54 55 56 57 59 60 62 63 64 66 67 68 69 71 72 73 74 75 76 77 78 79 80 82 83 85 86 88 89 90 91 92 93 95 96 97 98 99 101 103 105 107 108 109 110 113 114 115 116 117 118 119 120 122 123 125 126 128 129 132 135 136 137 138 140 141 142 143 144 145 146 147 148 149 150 151 153 156 158 159 160 163 165 166 168 169 170 171 172 173 176
1 3 4 5 6 7 8 9 10 11 12 13 14 15 16 18 19 20 21 22 23 25 26 27 28 32 33 34 35 37 38 39 41 42 43 44 45 46 48 49 50 52 54 55 57 58 59 60 61 63 64 65 67 68 69 70 71 72 73 74 75 76 77 78 79 80 82 83 85 87 88 89 90 92 94 95 96 97 98 99 101 102 103 105 106 107 109 110 112 114 115 116 117 120 122 124 125 126 127 128 130 132 133 134 135 136 138 139 141 143 144 145 146 147 149 150 151 153 155 156 157 158 160 161 162 164 168 169 170 171 172 174 176 177
1 17 30 33 34 35 46 49 54 61 62 63 65 70 71 73 76 77 79 82 84 96 98 101 103 111 113 115 123 136 138 148 150 151 156 161 172 173
1 2 3 4 6 8 12 15 16 17 20 22 23 24 25 28 29 30 31 33 34 35 36 38 39 40 43 44 45 46 47 48 49 50 51 52 53 54 55 56 57 58 60 61 62 63 64 65 66 67 70 71 73 76 77 78 79 80 81 82 83 84 86 87 88 89 91 93 94 96 97 98 99 100 101 102 103 104 105 106 107 108 111 113 114 115 116 118 119 120 121 123 126 127 128 129 130 131 133 134 136 137 138 140 143 144 145 146 147 148 149 150 151 152 153 155 156 157 158 159 160 161 162 164 165 166 167 168 169 171 172 173 175
3 5 7 9 12 13 16 19 20 31 34 41 44 45 55 56 59 66 69 70 74 77 89 90 92 95 102 109 112 115 116 117 122 125 131 132 135 139 141 142 143 152 154 155 163 174
1 4 6 8 12 16 26 33 34 35 39 44 49 50 51 52 54 56 59 61 62 63 64 71 72 73 75 77 79 82 83 84 85 88 93 96 97 99 103 107 108 110 111 116 118 120 126 127 128 136 137 142 143 146 150 151 152 153 155 156 158 161 169 172 173
1 3 4 5 6 7 8 9 10 11 12 13 14 15 16 18 19 20 21 26 27 32 33 34 35 37 39 41 44 45 47 48 49 50 51 52 54 55 56 59 61 62 63 64 66 68 70 71 72 73 75 76 77 78 79 80 81 82 83 84 85 87 88 91 92 93 94 96 97 98 99 101 102 103 104 105 106 107 108 109 110 111 113 115 116 117 118 120 122 123 124 125 126 127 128 132 133 134 135 136 137 139 141 142 143 145 146 147 149 150 151 152 153 154 155 156 157 158 160 161 164 168 169 170 171 172 173 174 176 177
1 4 6 7 10 12 13 15 21 24 27 32 33 35 37 39 40 42 44 46 48 49 50 52 53 54 55 58 59 65 67 71 79 83 84 86 88 91 92 96 97 99 101 103 106 107 108 110 114 120 122 126 128 133 135 136 141 144 146 147 151 152 153 160 169 170
1 2 4 6 7 10 11 12 13 15 18 19 20 21 23 24 26 27 28 30 32 33 35 37 39 40 41 42 43 44 46 47 48 49 50 51 52 53 54 55 56 58 59 60 62 63 65 66 67 68 71 72 73 74 76 77 78 79 80 82 83 84 85 86 87 88 89 91 92 95 96 97 98 99 101 102 103 105 106 107 108 109 110 112 113 114 115 116 117 118 119 120 122 123 125 126 128 129 131 132 133 135 136 137 138 139 140 141 142 143 144 146 147 148 149 150 151 152 153 156 157 158 159 160 161 162 163 164 167 169 170 171
1 3 5 10 11 15 20 22 23 26 28 34 35 36 37 41 43 44 46 47 52 53 55 57 59 61 62 63 65 70 72 73 74 76 85 87 91 95 96 101 103 109 111 112 114 116 117 118 119 120 123 131 136 141 142 148 149 150 152 155 157 158 161 166 167 168 170 172 175
1 2 3 4 5 6 10 11 12 15 16 17 20 22 23 24 26 27 28 30 33 34 35 36 37 38 39 40 41 42 43 44 46 47 49 50 51 52 53 54 55 56 57 59 60 61 62 63 64 65 66 67 69 70 71 72 73 74 76 77 79 82 83 84 85 86 87 88 89 91 93 94 95 96 97 98 99 101 102 103 104 105 106 108 109 110 111 112 113 114 116 117 118 119 120 121 123 126 128 131 133 136 137 138 139 140 141 142 143 144 148 149 150 151 152 153 155 156 157 158 159 160 161 162 163 166 167 168 169 170 172 175
2 3 17 23 24 29 31 35 45 47 52 53 57 58 60 63 65 67 70 81 85 87 94 97 114 116 123 134 140 142 143 145 152 154 157 159 161 162 163 164 165 167 172 175 177
2 8 31 35 36 45 72 77 85 97 124 148 155 156 177
2 3 8 11 13 14 17 28 29 31 35 36 38 45 52 58 72 77 85 94 97 111 112 118 124 127 134 140 143 145 148 154 155 156 165 166 167 173 174 175 177
2 33 38 43 52 60 76 84 89 126
2 3 8 9 22 25 29 33 36 37 38 41 43 45 52 53 58 60 61 64 67 70 72 76 81 84 89 94 102 104 112 119 121 126 127 130 133 134 140 145 152 155 165 167 172 174 177
2 3 4 5 7 8 9 10 11 13 14 15 16 17 18 19 20 21 22 23 24 25 29 30 31 32 34 35 36 37 38 39 41 42 44 45 46 47 48 49 52 53 55 57 58 60 61 62 63 64 65 67 70 71 72 74 75 76 77 78 81 85 89 90 92 93 94 95 96 97 98 99 100 101 102 103 104 106 107 108 109 111 112 114 117 118 119 120 121 122 123 125 126 127 128 129 130 132 133 134 136 138 139 140 141 143 144 145 146 147 148 149 150 151 152 153 154 155 156 157 158 159 161 162 164 165 166 167 168 172 173 174 175 177
1 2 4 6 9 10 11 12 15 17 18 19 20 21 24 26 27 28 29 30 32 34 36 37 38 39 40 42 43 44 46 47 48 49 50 51 53 54 55 56 57 58 62 63 64 65 66 68 70 71 73 76 79 80 82 83 84 86 87 88 89 91 93 94 95 96 97 98 99 100 102 103 104 106 107 108 109 110 112 113 114 115 117 120 121 122 123 124 125 126 127 128 129 130 131 132 133 134 135 136 137 138 139 140 142 143 144 146 147 149 150 151 152 153 157 158 160 162 163 164 165 169 171 172 175 177
1 2 3 4 5 8 10 11 13 14 15 16 17 19 20 21 23 24 25 26 28 30 31 35 37 38 39 41 42 43 44 45 46 47 48 52 53 55 57 60 61 62 63 64 65 66 67 69 70 71 72 75 76 77 79 81 82 84 85 86 87 89 90 91 93 94 95 96 97 98 100 101 102 103 104 106 107 108 109 110 111 112 113 114 116 117 118 119 120 121 123 124 125 127 128 129 130 131 132 134 136 138 142 144 145 147 148 149 150 152 153 154 155 156 157 158 159 161 162 163 164 165 166 167 170 171 172 173 174 175 176 177
3 7 9 10 11 13 14 18 19 21 28 32 37 41 42 43 45 48 59 66 74 75 78 90 92 94 102 105 109 112 115 117 122 124 125 131 132 135 139 145 146 147 154 155 164 168 171 174 177
3 5 17 22 23 44 45 47 53 57 58 61 64 67 70 81 87 94 104 106 121 124 129 132 133 134 140 143 145 148 152 155 164 167 168 172 173 176 177
1 4 5 6 8 12 15 16 20 24 26 27 29 30 31 32 34 35 36 38 39 40 42 44 46 47 49 50 51 53 54 56 61 62 63 64 65 68 71 73 76 79 80 82 83 84 85 86 87 88 89 90 91 93 96 97 98 99 103 106 107 108 110 113 114 115 118 119 120 121 126 128 129 131 133 134 135 136 137 138 141 143 144 146 148 149 150 151 152 153 156 157 158 160 163 165 166 167 169 173 175 177
1 17 33 37 76 86 111 112 118 122 158 171 174
1 2 3 4 6 10 12 15 17 20 21 22 24 26 27 30 31 32 33 34 35 37 39 40 41 42 43 44 46 47 48 49 50 51 52 53 54 55 56 57 59 60 61 62 63 64 65 66 67 68 71 73 76 77 79 80 81 82 83 84 85 86 88 89 91 92 93 95 96 97 98 99 101 102 103 105 106 107 108 109 110 111 112 113 114 115 116 117 118 119 120 121 122 123 125 126 128 129 131 133 134 135 136 137 138 139 141 142 144 145 146 147 148 150 151 153 156 157 158 159 160 162 163 165 166 169 171 172 174 175 177
8 9 13 14 15 20 21 26 37 39 43 44 46 48 63 66 73 76 78 88 98 109 111 112 113 114 117 124 125 126 140 141 142 146 147 149 154 158 159 160 163 165 166 171 172 173 176
2 14 15 20 24 26 29 30 35 37 43 46 47 53 61 63 66 67 73 88 93 98 103 111 113 116 117 120 121 126 129 131 138 141 142 146 147 156 158 159 160 165 169 172 175 176 177
1 2 4 6 10 12 15 16 17 19 20 23 24 25 26 27 30 32 33 34 35 36 38 39 40 42 44 46 47 48 49 50 51 52 53 54 55 56 57 59 60 61 62 63 64 65 66 67 68 70 71 73 74 75 76 77 78 79 82 83 84 86 87 88 89 91 92 93 94 95 96 97 98 99 100 101 102 103 105 106 107 108 110 111 113 114 115 117 118 119 120 121 127 128 129 131 133 135 136 137 138 139 140 141 142 144 146 147 149 150 151 152 153 154 156 157 158 160 161 162 163 164 165 167 168 169 171 172 174 175
3 22 31 35 53 61 94 104 121 134 154 155 173 174
3 7 14 22 31 35 53 59 61 74 94 104 121 124 134 154 155 173 174 176
