1 4 6 10 12 13 19 20 21 27 32 39 51 59 64 71 78 79 80 82 83 88 90 91 96 99 107 108 113 115 125 126 135 136 137 144 146 150 151 153 169 170
1 2 4 5 6 10 11 12 13 15 16 17 18 20 23 24 26 27 30 32 33 34 36 37 39 40 41 42 43 44 46 47 48 49 50 51 53 54 55 56 59 60 63 64 65 66 67 68 70 71 73 74 76 78 79 80 82 83 84 85 86 87 88 89 90 91 93 95 96 97 98 99 100 101 103 104 105 106 107 108 110 111 112 113 114 115 116 117 119 120 121 122 123 125 126 127 128 129 131 132 133 135 136 137 139 140 141 142 144 145 146 147 149 150 151 152 153 157 158 159 160 161 162 165 168 169 170 171 175 176
4 33 34 43 45 51 52 54 65 70 82 98 103 114 126 128 135 138 163 170
4 33 34 42 43 44 45 48 51 52 54 60 63 65 70 82 89 92 98 100 102 103 114 126 128 129 135 138 139 143 155 159 162 163 168 170 177
2 14 16 17 22 29 38 48 58 80 81 87 91 94 95 105 106 107 119 125 130 134 136 144 145 165 172 177
2 4 5 7 10 11 13 14 15 16 17 19 20 21 22 23 24 25 28 29 30 32 35 36 37 38 39 40 41 42 43 44 45 46 47 48 49 52 53 54 55 57 58 60 61 62 63 64 65 66 67 70 71 73 74 76 78 80 81 83 86 87 88 89 91 92 94 95 96 98 99 100 101 102 103 104 105 106 107 109 111 112 113 114 116 117 119 122 123 125 126 127 128 129 130 133 134 136 138 139 140 141 142 143 144 145 146 147 149 150 152 155 156 157 158 159 160 161 162 163 164 165 166 167 168 172 174 175 176 177
2 5 8 16 17 22 23 25 29 31 35 38 44 45 46 52 58 60 64 67 69 72 77 85 97 100 114 116 118 119 127 134 140 143 145 156 159 161 163 165 166 167 172 173 175
2 3 4 6 15 16 17 22 23 24 29 31 36 38 40 43 44 45 49 52 53 57 58 60 61 62 63 65 67 71 72 75 80 81 84 86 91 93 94 96 97 99 100 101 102 107 111 113 114 118 119 120 121 123 124 125 127 128 129 130 133 136 138 140 144 145 148 149 150 152 153 154 155 157 159 160 161 162 163 165 167 168 173 175 176 177
2 3 16 17 22 23 24 29 31 36 44 47 53 58 61 62 67 77 81 84 87 93 94 104 106 119 121 129 130 134 140 145 154 155 157 159 161 165 167 168 172 173 175 176 177
1 4 6 10 18 27 32 39 51 56 66 79 82 83 99 108 110 115 126 132 136 137 144 146 151 153 160 169 171
1 5 6 7 10 13 15 17 18 20 25 26 27 32 33 34 35 39 41 43 46 47 50 52 55 56 57 59 60 61 62 63 66 67 68 70 71 75 76 77 79 80 83 84 85 87 88 91 92 93 96 97 98 99 100 101 104 105 106 107 110 112 114 115 117 119 120 121 122 123 129 133 136 138 139 140 141 146 147 148 149 151 155 156 157 160 161 162 167 168 169 170 171 173 174
1 6 8 24 26 43 51 54 56 61 73 76 82 83 86 93 108 113 119 131 135 140 149 153 159 161 163 166 169
1 3 4 6 10 12 13 33 40 41 43 45 46 52 54 55 56 62 69 74 82 85 90 91 92 96 99 101 107 123 126 133 137 142 143 144 151 153 156 161 163 170 172 175
2 3 9 11 16 22 23 25 28 29 31 36 38 41 43 45 48 57 58 60 61 69 74 78 81 95 109 123 127 129 130 132 133 134 140 145 148 161 162 163 165 167 168 172 175
3 8 9 17 23 28 29 31 36 38 43 57 67 69 70 77 78 81 87 94 100 104 111 113 124 125 129 134 139 140 143 145 149 152 154 161 163 164 165 166 174 175 177
1 6 10 12 15 20 33 40 46 47 49 50 51 52 53 54 55 59 62 63 65 71 73 79 80 83 84 86 88 91 95 96 98 99 106 107 108 113 115 120 128 136 137 138 144 146 147 148 150 151 153 158 163 165 168 169 171
5 7 9 11 13 17 18 19 20 21 22 23 25 26 30 32 37 41 42 43 46 48 55 56 65 69 74 77 78 89 90 92 95 102 105 109 112 122 125 139 141 144 147 161 162 164 168 170 174
1 2 3 4 6 9 10 12 13 14 16 18 19 20 22 23 24 27 30 32 33 34 35 37 39 40 41 42 45 46 47 48 49 50 52 53 54 55 56 57 58 60 61 62 64 65 67 68 70 71 77 78 79 80 81 82 83 84 85 86 88 89 90 91 92 93 94 95 96 97 99 100 101 102 103 104 106 107 108 109 110 112 115 117 118 119 120 122 123 126 128 130 132 133 134 135 136 138 139 140 141 143 144 145 146 147 148 150 151 153 155 156 157 159 160 161 162 163 164 165 166 167 168 170 172 173 174 175
3 14 17 23 24 25 28 29 30 33 35 41 42 45 57 61 67 68 69 72 75 77 81 85 91 93 94 97 104 112 124 130 131 132 135 139 142 143 145 155 156 161 162 167 170 172 174 177
1 2 5 6 7 9 12 19 24 27 38 40 43 45 51 52 58 65 67 68 70 72 78 79 80 87 98 99 100 101 102 107 112 126 128 129 130 131 137 144 152 167 168 174
2 33 53 73 76 86 97 101 113 119 131 159
11 14 21 26 28 29 35 38 48 73 77 120 122 125 129 141 163 165 167
1 3 4 5 12 23 26 27 38 39 44 47 49 50 51 53 71 76 79 80 82 83 96 99 106 107 113 114 119 132 136 138 140 146 148 149 150 151 153 157 160 168 169
1 2 4 6 10 12 14 20 24 26 27 30 32 33 37 38 39 40 42 44 46 47 49 50 53 54 55 56 59 62 63 65 68 70 71 79 82 83 86 88 89 91 96 98 99 103 104 106 107 108 110 113 117 120 121 126 128 129 131 133 134 136 144 149 150 151 152 153 155 157 159 162 163 169 172
9 10 11 13 18 19 20 21 26 27 28 37 41 42 43 48 50 59 66 68 70 74 78 80 88 90 92 95 98 102 105 109 111 112 115 117 126 128 139 141 143 169 171 174
2 3 5 6 8 12 17 19 22 23 24 25 27 28 29 30 31 32 34 35 36 38 39 40 44 45 47 49 51 52 53 55 57 60 61 62 63 64 65 70 72 75 76 77 78 79 81 82 83 84 85 86 87 88 91 93 94 96 97 98 99 100 102 104 106 107 108 113 114 118 119 120 121 123 124 126 127 128 129 130 132 133 135 136 137 140 144 145 146 148 150 151 152 153 154 155 156 157 158 159 161 165 166 167 168 169 172 175 176 177
2 3 5 7 8 9 10 11 13 14 16 18 19 21 22 23 25 31 41 48 59 72 74 78 81 90 104 109 118 122 124 125 132 135 139 143 145 148 154 161 167 170 172 173 176 177
1 4 6 10 20 21 24 26 27 33 34 37 38 39 40 42 50 52 54 62 65 68 71 72 79 83 86 88 90 91 92 96 98 99 107 108 110 115 117 128 131 135 136 137 138 144 146 147 150 151 153 156 158 160 162 163 168 169 173
2 17 22 31 38 49 60 61 63 75 76 81 85 93 97 100 104 119 121 129 134 138 148 149 152 155 157 161 165 167 173 175
1 2 4 5 6 12 15 16 17 27 29 33 39 40 44 46 49 50 52 53 57 58 67 71 76 79 82 83 84 89 91 94 96 99 100 101 106 107 111 113 114 115 126 130 133 134 136 144 149 150 151 152 153 154 155 157 159 160 164 165 166 167
1 2 3 4 5 6 8 10 12 13 14 15 16 17 18 20 21 22 23 24 25 26 27 29 31 33 35 36 38 39 40 41 43 44 45 46 47 48 49 50 51 52 53 56 57 58 59 62 63 65 66 67 71 72 73 75 76 77 79 82 83 84 85 87 89 91 94 96 97 98 99 100 101 102 106 107 108 110 111 112 113 114 115 119 121 123 124 125 126 127 128 130 133 134 136 137 140 141 144 145 146 148 149 150 151 152 153 154 155 156 157 158 159 160 161 163 164 165 166 167 168 169 170 171 172 173 174 175 176 177
1 3 4 6 9 10 12 13 18 21 28 32 48 51 58 59 71 74 78 80 83 90 96 99 101 107 110 115 116 118 124 125 130 135 136 137 143 144 145 146 151 153 154 170 171
5 8 14 23 25 28 29 30 31 34 45 46 48 52 64 69 72 76 77 81 85 92 94 95 97 100 109 116 123 138 140 142 143 145 148 154 156 158 159 161 163 164 165 166 167 174 175
5 7 10 11 19 24 28 33 35 41 45 48 50 52 62 67 70 72 80 81 90 93 94 97 100 104 105 110 112 117 120 121 124 126 128 132 141 145 149 157 160 161 162 169 170 176
2 7 8 22 24 26 43 45 52 58 62 64 66 68 73 82 88 103 110 114 116 117 118 120 121 122 129 133 145 148 149 156 159 165 166 167 170 172 173 175
1 4 6 9 10 13 14 18 21 28 32 39 55 59 69 71 78 79 80 82 83 90 96 99 107 108 117 125 135 136 137 144 146 150 151 153 164 167
8 14 16 21 22 25 28 30 34 35 57 59 64 65 70 72 76 92 93 94 97 104 108 111 112 115 118 123 125 128 131 142 145 156 157 158 159 164 165 166 174
2 3 9 11 17 18 21 23 30 31 32 36 41 43 45 47 48 61 63 73 76 80 81 87 92 94 102 104 109 111 124 126 128 129 131 132 134 140 148 154 155 163 164 165 166 173 177
5 8 13 14 16 22 25 29 31 34 36 38 45 46 58 61 65 69 72 75 85 97 98 100 104 109 116 118 119 121 123 124 127 130 138 145 152 155 158 161 163 166 167 168 172 173 175 177
8 15 17 23 24 25 28 29 30 31 34 44 46 53 56 58 62 63 66 69 73 76 81 91 98 111 113 114 116 119 124 130 131 138 140 149 154 158 159 163 165 166 171 172 173 176 177
2 8 10 15 16 17 24 30 38 40 44 46 47 49 50 52 54 55 57 61 63 64 65 67 70 71 72 77 81 86 87 88 89 100 103 106 110 111 114 117 118 119 121 122 123 127 128 131 133 138 140 141 142 146 147 149 150 155 156 157 159 161 162 163 167 168 169 174
3 7 8 9 11 13 16 21 23 25 31 38 41 45 57 58 59 63 66 69 72 81 90 92 96 111 115 122 124 127 130 132 134 143 145 149 152 154 165 167 170 173 174 176 177
2 20 30 32 37 42 48 54 56 78 86 90 97 101 103 117 131 135 139 160
1 4 6 10 12 13 15 16 20 22 23 26 27 30 32 33 34 35 36 37 38 39 40 42 44 46 49 50 51 54 55 57 59 62 64 66 67 68 70 71 72 73 76 77 79 81 82 83 85 89 94 96 99 100 101 103 104 106 107 108 112 113 114 115 118 120 121 122 124 126 127 128 130 131 133 136 138 147 149 150 151 152 153 155 156 158 160 163 164 168 169 170 176
3 14 25 31 36 72 94 116 130 132 134 140 148 161 167 172 173 177
3 5 7 8 9 11 13 14 16 18 20 21 22 25 28 31 32 35 36 41 45 72 74 75 78 90 94 109 116 118 122 124 127 130 132 134 140 145 148 154 161 167 170 172 173 176 177
2 8 11 15 17 19 23 25 29 36 38 39 47 61 62 63 72 76 81 87 94 100 113 118 124 127 133 134 148 152 155 166 167 168 173 177
1 3 7 8 11 13 14 16 19 20 26 28 30 34 35 38 43 48 58 64 66 74 78 81 87 92 106 112 116 118 122 124 125 127 131 133 134 135 141 143 148 158 163 166 168 171 173 177
1 4 6 10 12 27 32 39 40 50 51 56 59 71 79 82 83 86 88 96 99 107 108 115 122 136 144 146 151 153 169
3 5 8 9 13 14 16 21 22 25 29 31 34 35 36 45 58 60 64 69 72 75 81 85 94 104 106 116 124 130 134 145 148 152 154 155 157 161 164 166 167 173 175 176
