1 2 3 4 6 7 10 11 12 15 17 20 23 24 26 27 28 30 32 33 34 35 37 39 40 41 42 43 44 46 47 48 49 50 51 53 54 55 56 57 59 60 61 62 63 65 66 67 68 69 70 71 73 74 76 77 78 79 80 81 82 83 84 86 88 89 90 91 92 93 94 95 96 98 99 100 101 102 103 104 105 106 107 108 109 110 111 112 113 114 115 116 117 119 120 122 123 125 126 127 128 129 130 131 134 135 136 137 138 139 141 144 146 147 149 150 151 153 157 158 159 160 162 163 165 166 168 169 171 174 175 177
1 2 3 4 6 7 8 9 10 11 12 13 15 17 18 19 20 21 23 24 26 27 29 30 32 33 37 39 40 41 42 43 44 46 47 48 49 50 51 54 55 56 57 58 59 60 62 63 65 66 67 68 70 71 73 74 76 77 78 79 80 82 83 84 86 87 88 89 90 91 92 93 95 96 97 98 99 101 102 103 105 106 107 108 109 110 112 113 114 115 117 119 120 122 123 125 126 128 129 130 131 132 135 136 137 138 139 140 141 144 146 147 148 149 150 151 153 154 157 158 159 160 162 163 164 166 168 169 170 171 174 176 177
1 2 4 6 10 12 15 16 17 20 23 24 25 26 27 28 30 31 32 33 34 35 36 37 38 39 40 42 43 44 46 47 50 51 52 53 54 55 56 57 60 61 62 63 64 65 66 67 68 71 72 73 76 77 79 80 82 83 84 85 86 87 88 89 91 93 95 96 97 98 99 100 101 103 104 105 106 107 108 110 111 113 114 115 118 119 120 121 123 126 128 129 131 133 134 135 136 137 138 140 141 142 143 144 146 147 148 149 150 151 152 153 155 156 157 158 159 160 161 162 163 164 165 166 167 168 169 171
1 4 6 12 15 27 29 33 37 39 40 42 43 49 50 51 53 54 56 57 60 62 65 66 67 70 71 73 76 79 82 84 86 88 89 91 95 96 98 99 103 106 107 108 110 113 115 126 127 133 136 141 143 144 146 147 150 151 152 153 162 169 174
1 2 3 4 5 6 7 8 9 10 11 12 13 14 15 16 17 18 19 20 21 22 23 24 25 26 27 28 29 30 31 32 33 34 35 36 37 38 39 40 41 42 43 44 45 46 47 48 49 50 51 52 53 54 55 56 57 58 59 60 61 62 63 64 65 66 67 68 69 70 71 72 73 74 75 76 77 78 79 80 81 82 83 84 85 86 87 88 89 90 91 93 94 95 96 97 98 99 100 101 102 103 104 105 106 107 108 109 110 111 112 113 114 115 116 117 118 119 120 121 122 123 124 125 126 127 128 129 130 131 132 133 134 135 136 137 138 139 140 141 142 143 144 145 146 147 148 149 150 151 152 153 154 155 156 157 158 159 160 161 162 163 164 165 166 167 168 169 170 171 172 173 174 175 176 177
1 6 15 26 39 51 59 66 107 108 126 131 144 153 169
1 2 4 5 6 9 10 11 12 14 15 16 17 19 20 21 22 23 24 26 27 30 31 32 33 36 37 39 40 42 43 44 45 46 47 49 50 51 53 54 55 57 58 59 60 61 62 63 64 65 66 67 68 70 71 72 74 75 76 77 79 80 82 83 84 85 86 87 88 89 91 94 96 97 98 99 100 102 103 104 106 107 108 110 111 112 113 114 115 117 119 120 121 123 124 125 126 128 130 131 132 133 134 135 136 137 138 140 141 144 145 146 148 150 151 152 153 154 155 157 158 162 163 164 165 166 167 168 169 171 172 174 177
1 4 6 11 12 14 18 20 24 25 44 48 49 50 51 56 62 65 71 75 79 82 83 86 87 96 99 103 107 108 109 110 123 125 132 134 135 136 137 144 146 150 151 153
1 2 3 4 5 6 8 11 12 13 14 15 16 17 18 19 20 22 23 24 25 26 28 29 30 31 34 35 36 38 39 40 44 46 47 48 49 50 51 52 56 57 58 60 62 63 64 65 66 67 71 72 75 76 77 79 81 82 83 84 85 86 87 89 91 93 94 96 97 98 99 100 103 106 107 108 109 110 111 112 113 114 116 117 118 119 120 121 123 124 125 127 130 132 133 134 135 136 137 140 141 142 143 144 145 146 147 148 149 150 151 152 153 154 155 156 157 158 159 161 163 164 165 166 167 168 170 172 173 175 176 177
1 2 4 5 6 10 11 12 13 14 15 16 17 18 19 20 21 26 27 28 30 31 32 33 34 35 36 37 38 39 40 41 42 43 44 46 48 49 50 51 54 56 58 59 60 61 62 64 65 68 69 71 72 73 74 76 77 79 80 82 83 84 85 86 88 89 90 91 92 95 96 98 99 100 101 102 103 104 105 107 108 109 110 111 113 114 115 116 118 119 120 121 122 124 125 126 127 128 130 131 132 133 135 136 137 138 139 141 143 144 145 146 147 148 149 150 151 153 156 158 159 160 162 163 166 168 169 170 171 172 176
3 7 8 9 10 11 13 14 18 19 21 26 28 31 32 41 48 59 68 69 72 74 78 80 90 92 96 101 105 109 115 117 122 124 125 130 135 139 147 148 164 170 171 174 176 177
1 4 6 10 12 15 18 26 27 32 33 40 50 51 56 59 66 68 71 79 80 82 83 84 88 91 96 105 107 108 110 115 122 125 126 131 135 136 137 144 146 151 153 169 170 171
5 7 9 10 11 13 14 18 19 20 21 26 32 41 48 56 59 66 68 69 73 74 75 78 80 90 92 96 105 109 110 112 115 117 122 124 125 127 132 135 139 141 145 154 170 171 174
2 17 22 23 24 25 29 34 35 36 38 45 57 58 61 67 70 76 81 97 100 104 111 119 127 130 134 138 140 142 148 149 155 157 159 161 162 166 167 168 173 175
3 14 26 28 34 38 46 47 52 53 59 63 64 69 75 77 85 93 97 116 118 120 124 129 138 140 143 145 152 155 156 161 163 170 175 177
3 8 14 22 23 26 28 34 36 38 45 46 47 52 53 56 59 63 64 69 75 77 85 91 93 97 116 118 120 124 127 129 132 138 140 143 145 152 155 156 158 161 163 170 173 175 177
1 2 4 6 7 10 11 12 13 15 16 17 20 23 24 25 26 27 28 30 32 33 34 35 36 37 38 39 40 42 43 44 45 46 47 48 49 50 51 53 54 55 56 57 58 60 61 62 63 64 65 66 67 68 70 71 73 74 78 79 80 81 82 83 86 87 88 89 90 91 92 93 95 96 98 99 100 101 102 103 104 105 106 107 108 109 110 112 113 114 117 119 121 122 123 126 128 130 131 133 135 136 137 138 139 141 142 143 144 146 147 148 150 151 153 155 156 157 159 160 162 163 165 166 168 169 172 174 175
2 5 23 29 31 47 86 93 121 130 134 140 152 165 167
2 5 9 11 16 19 23 28 29 30 31 42 47 48 66 68 78 81 86 90 92 93 95 105 112 116 117 121 122 124 125 130 132 133 134 139 140 147 152 162 165 167 173 174 175 176
1 2 3 4 6 18 22 26 27 32 44 47 50 56 60 63 64 66 75 77 79 80 82 83 84 86 93 97 99 107 108 110 118 120 128 129 135 136 143 144 150 164 168 171 175
1 2 3 5 6 7 8 9 10 11 13 14 15 16 19 21 25 26 27 28 29 31 32 33 35 36 38 39 40 41 42 43 44 46 48 49 50 51 53 54 57 58 59 61 62 63 65 66 67 68 69 70 71 72 73 74 75 76 77 80 81 84 85 86 87 88 90 91 92 93 94 96 97 98 100 101 102 103 104 106 107 109 110 111 112 113 114 115 116 117 118 120 122 124 125 127 129 130 131 133 134 138 139 140 141 143 145 147 148 149 151 152 153 154 155 156 157 158 159 161 162 163 165 166 167 168 169 170 171 172 173 174 175 176 177
9 10 13 14 19 20 21 37 41 42 43 55 56 59 61 63 70 71 73 87 90 91 92 93 96 101 102 109 117 120 122 125 129 134 143 147 150 160 171 173 174 175 176
2 17 19 22 23 34 35 36 38 45 47 51 52 60 61 63 64 72 75 77 84 87 93 97 111 116 118 120 121 127 129 130 132 134 138 140 142 161 163 164 165 166 167 172 173 175
1 2 4 6 7 10 11 13 15 17 19 20 21 22 23 24 26 30 32 33 36 37 38 40 41 42 43 46 47 48 49 50 52 53 54 55 56 57 59 60 62 63 64 65 66 67 70 71 72 73 74 76 78 79 80 81 82 83 84 86 88 89 90 91 92 94 95 96 97 98 99 100 101 102 103 105 106 107 108 109 110 111 112 113 114 115 117 119 120 121 123 125 126 127 128 130 131 133 136 138 139 140 141 142 143 144 146 147 148 149 150 152 154 155 156 157 159 160 161 162 163 164 165 167 168 169 172 173 174
4 9 12 13 15 18 28 32 44 48 55 56 59 60 66 68 73 78 79 80 87 89 91 92 93 96 98 110 111 115 125 126 132 135 137 139 146 149 150 153 160 170 171 172
2 3 5 7 8 9 10 11 13 14 15 16 17 18 19 20 21 22 23 24 25 26 27 28 29 30 31 32 33 34 35 37 41 42 43 44 46 47 48 49 50 52 53 54 56 57 58 59 60 61 62 65 66 68 69 70 72 73 74 75 76 77 78 85 86 87 88 89 90 91 92 93 94 95 97 98 102 103 104 105 106 109 110 111 112 113 114 115 116 117 118 119 120 121 122 123 124 125 127 128 129 130 131 132 133 138 139 140 141 142 143 146 147 148 149 154 155 156 157 158 159 162 163 164 165 166 168 169 170 171 172 173 174 175 176 177
5 7 8 9 11 13 14 18 22 25 31 32 41 45 59 69 72 73 74 75 77 78 94 109 116 118 122 124 127 130 132 134 145 148 152 154 156 159 165 166 170 173 175 176 177
1 2 3 4 5 6 7 8 12 15 16 17 19 22 23 24 25 26 27 29 31 33 34 35 36 37 38 39 40 42 44 45 46 47 50 51 52 53 54 56 57 58 60 61 62 63 64 65 67 69 70 71 72 75 76 77 79 81 82 83 84 85 86 87 88 89 92 93 94 95 96 97 99 100 102 103 104 106 107 108 110 111 113 114 115 116 118 119 120 121 123 124 126 127 128 129 130 131 133 134 136 138 140 142 143 144 145 148 149 150 151 152 153 154 155 156 157 158 159 161 162 163 164 165 166 167 168 169 170 172 173 175 176 177
1 2 3 4 6 7 8 9 10 12 15 17 18 19 20 21 24 26 27 29 30 32 33 34 36 37 38 39 40 42 43 44 46 47 48 49 50 51 52 53 54 55 56 57 59 61 62 63 65 66 67 68 70 71 73 74 75 78 79 80 81 82 83 84 86 87 88 89 90 91 92 93 94 95 96 98 99 100 101 102 103 104 105 106 107 108 109 110 112 113 114 115 116 117 119 120 121 122 123 125 126 127 128 129 131 132 133 135 136 137 139 141 144 146 147 149 150 151 152 153 154 157 160 161 162 163 165 167 169 171 174 176
7 9 11 14 18 19 21 24 29 30 31 32 37 41 42 43 48 55 58 66 68 74 78 80 81 90 95 101 102 105 109 112 116 117 122 125 130 131 135 139 141 146 147 154 160 165 171 174
1 2 4 6 7 9 10 11 12 13 15 17 19 20 21 23 24 26 27 28 30 31 32 33 34 37 39 40 41 42 43 46 47 48 49 50 51 53 54 55 56 57 59 60 62 64 65 66 68 71 73 74 76 77 78 79 80 82 83 84 85 86 87 88 89 90 91 92 95 96 97 98 99 101 102 103 104 105 106 107 108 109 110 111 112 113 114 115 117 119 120 121 122 123 125 126 128 131 132 133 135 136 137 138 139 140 141 144 146 147 148 150 151 152 153 156 157 158 159 160 162 163 164 165 166 167 168 169 170 171 172 174 175
3 7 8 9 11 13 14 15 18 19 21 25 31 41 43 45 55 59 61 69 70 78 81 85 90 92 94 98 102 104 111 118 121 124 127 132 133 145 149 154 161 164 165 167 172 175 176 177
1 2 4 6 7 10 12 14 15 17 18 19 20 21 24 26 27 28 29 30 32 33 36 37 38 39 40 42 43 44 46 47 48 49 50 51 53 54 55 56 58 59 61 62 63 64 65 66 67 68 70 71 73 74 78 79 80 82 83 84 86 87 88 89 90 91 92 93 95 96 98 99 100 101 102 103 105 106 107 108 109 110 111 112 113 114 115 117 119 120 121 122 123 125 126 127 128 129 130 131 132 133 135 136 137 138 139 140 141 142 143 144 146 147 149 150 151 152 153 157 158 159 160 162 165 166 168 169 171 172 174
1 6 12 27 40 44 51 56 79 82 83 86 87 92 93 119 137 153 169 171
1 4 6 7 10 11 12 15 17 18 19 20 21 23 24 26 27 29 30 32 33 34 35 37 39 40 42 43 44 46 47 48 49 50 51 52 53 54 55 56 60 61 62 63 64 65 66 67 68 71 73 74 76 78 79 80 81 82 83 84 86 87 88 89 90 91 92 93 95 96 97 98 99 100 101 102 103 104 105 106 107 108 109 110 112 113 114 115 116 117 118 119 120 121 123 125 126 128 129 131 133 135 136 137 138 139 140 141 142 144 146 147 149 150 151 152 153 155 156 157 158 159 160 162 164 165 166 168 169 171 174
2 17 24 29 34 44 46 52 53 60 67 77 81 86 88 89 111 116 120 121 123 128 129 138 140 142 148 152 157 159 162 164 165 167 173
22 23 24 25 28 29 30 34 38 42 43 45 46 49 51 55 56 64 68 69 70 77 97 105 108 112 114 118 119 128 137 138 142 143 144 158 159 160 162 166 168 173
16 17 34 43 44 46 49 51 52 62 67 69 72 77 91 97 104 111 116 129 138 141 142 143 154 156 159 162 169
1 4 6 7 10 11 12 13 14 15 16 18 19 20 21 26 27 28 30 32 33 34 39 40 41 42 43 46 49 50 51 52 54 55 56 59 63 66 68 69 70 71 73 74 75 76 78 79 80 82 83 85 86 88 90 91 93 95 96 97 98 99 101 103 105 107 108 109 110 114 115 116 117 120 122 126 128 131 135 136 137 138 139 141 142 144 146 147 149 150 151 153 158 160 168 169 170 171 174
1 3 4 5 6 7 9 10 11 12 13 14 15 16 17 18 19 20 21 23 24 26 27 28 30 32 33 34 37 39 40 41 42 43 44 46 48 49 50 51 52 54 55 56 57 59 60 63 64 66 68 69 70 71 73 74 75 76 78 79 80 82 83 85 86 87 88 89 90 91 92 93 94 95 96 97 98 99 100 101 102 103 105 106 107 108 109 110 112 114 115 116 117 119 120 122 124 125 126 128 130 131 132 135 136 137 138 139 140 141 142 144 146 147 149 150 151 153 155 156 157 158 160 162 163 164 168 169 170 171 174 175
2 5 8 16 29 34 35 36 38 46 60 64 72 75 76 77 85 94 116 118 129 134 138 140 142 143 148 158 161 163 164 167 168 176 177
2 5 8 14 16 22 25 28 29 34 35 36 38 46 52 58 60 64 69 72 75 76 77 85 94 116 118 129 134 138 140 142 143 145 148 158 161 163 164 166 167 168 173 176 177
3 20 22 29 43 84 87 137 165 172
3 7 8 9 11 13 14 18 20 21 22 29 31 32 41 43 58 70 74 77 78 80 81 84 87 90 94 102 105 109 124 125 130 132 135 137 145 152 154 160 164 165 168 170 172 176
1 2 6 7 9 10 14 16 19 21 23 24 27 30 32 33 34 37 39 40 41 42 46 48 50 51 52 55 56 60 62 65 68 70 74 78 79 80 82 83 88 89 90 95 99 100 101 102 103 107 108 110 117 118 120 122 126 128 131 132 135 137 139 141 143 144 146 147 148 151 153 155 156 161 162 164 167 168 171 173 175 177
1 2 3 4 5 6 7 9 10 11 12 13 14 15 16 18 19 20 21 22 23 24 26 27 30 32 33 34 35 37 39 40 41 42 43 46 47 48 49 50 51 52 54 55 56 57 59 60 62 65 66 68 70 71 74 76 77 78 79 80 82 83 86 87 88 89 90 91 92 94 95 96 97 98 99 100 101 102 103 105 106 107 108 109 110 111 115 117 118 119 120 122 123 124 125 126 128 130 131 132 133 135 136 137 139 141 143 144 146 147 148 150 151 153 155 156 160 161 162 164 167 168 169 170 171 173 175 176 177
2 3 5 7 8 9 10 11 13 14 15 16 18 19 20 21 25 26 27 28 29 30 31 32 33 34 35 36 37 38 39 41 42 43 45 46 47 48 50 52 53 55 56 59 60 61 62 63 65 66 67 68 69 70 72 73 74 75 76 77 79 80 84 85 86 87 88 89 90 92 93 94 95 96 97 98 100 101 102 103 104 105 106 109 110 111 112 113 114 115 117 118 119 121 122 123 124 125 127 129 130 131 132 133 134 138 139 140 141 142 143 145 146 147 148 149 151 152 155 156 157 158 159 160 161 162 164 168 169 170 171 172 173 174 175 176 177
2 8 22 72 81 87 94 97 98 100 119 121 123 134 140 145 166 167
2 8 22 23 29 31 35 36 45 51 58 61 66 69 72 75 81 85 87 94 97 98 100 108 116 119 121 123 124 127 134 137 140 142 145 158 159 163 166 167 170 175 176 177
17 23 24 30 36 38 40 43 47 52 53 55 76 98 112 113 120 121 131 140 142 152 157 158 159 162 163 172
