=== Parameters ===
QualitiesFiles : datasets/Facebook/qualities_train.csv
PropertiesFiles : datasets/Facebook/properties_train.csv
attrType : BOOLEAN
resFolder : Facebook_jaccardSupportDescription_0.8_1000_WeightedRelativeF1
minSupp : 10
nbLoops : 1000
maxOutput : 50
maxRedundancy : 0.8
maxLength : 5
measure : WeightedRelativeF1
UCB : UCBSP
refineExpand : TunedGenerator
duplicatesExpand : AMAF
pathLength : -1
refineRollOut : Large
jumpingLarge : 10
rewardPolicy : MaxPath
memoryPolicy : TopK
topKMemory : 1
updatePolicy : Max

=== Result Information ===
date : 16/10/2025 08:09
runtime(ms) : 8404
nbPatterns : 50
measures : 0.00 0.00 0.00 0.00 0.00 0.00 0.00 0.00 0.00 0.00 0.00 0.00 0.00 0.00 0.00 0.00 0.00 0.00 0.00 0.00 0.00 0.00 0.00 0.00 0.00 0.00 0.00 0.00 0.00 0.00 0.00 0.00 0.00 0.00 0.00 0.00 0.00 0.00 0.00 0.00 0.00 0.00 0.00 0.00 0.00 0.00 0.00 0.00 0.00 0.00
descriptionLength : 1 1 1 1 1 1 1 1 1 1 1 1 1 1 1 1 1 1 1 1 1 1 1 1 1 1 1 1 1 1 1 1 1 1 1 1 1 1 1 1 1 1 1 1 1 1 1 1 1 1