249 2254 3769 10247 11274 13507 15312 15400 15570 16351 16477 17040
1416 1638 2798 3424 4546 4595 5323 7095 8980 9500 10448 11303 12860 13020 13037 14898 14986 15823 15896 16233
4381 4760 5353 6130 6951 11922 12194 13341 14176 14277 17504
355 387 1346 1781 2302 2688 2982 3223 3295 3659 3736 3905 4418 4705 4793 4905 5523 5597 6198 6426 6814 6954 7056 7581 7780 8081 8364 8942 9457 10998 11127 11333 12277 12370 12451 12639 12672 14611 15118 15369 15508 16202 17433 17456
177 651 1567 1832 2643 5055 5828 6395 6996 7237 8145 8264 8515 8525 9142 9842 9888 10286 10692 11047 12169 12268 12443 12814 12933 13070 13503 14795 15480 16638
3 5451 7951 8793 10412 10490 12614 13804 14968 15232 17171
4709 6387 7286 7404 8799 11359 11537 11766 12544 12942
1871 2425 2538 3261 5000 5473 5910 6886 7465 9086 9502 11514 12468 13689 14283 15115
69 707 1477 1683 1877 2093 3487 3752 3783 5459 5505 5587 5780 5801 6158 6392 6781 7087 7106 7550 7590 7791 7815 8687 9007 9769 10048 10131 10173 10906 11557 11608 11612 11734 11944 11987 12426 12688 12769 13282 13992 14112 14351 14416 14759 15523 15553 15596 15690 16184 16312 16349 16411 16686 16999 17725
990 992 1099 2520 4109 4921 6135 9965 10628 13495 14612 15241 17195 17483
75 481 5409 5534 6942 7174 11233 12145 12841 14617 15601 17323 17716
4158 4475 4579 6301 7579 8011 11807 13782 14940 17904
45 2297 3132 3162 3389 4999 6758 7985 13220 13540 15600 17347
453 537 1066 1426 1454 1593 1693 1959 2463 2747 3174 3897 4486 4888 5204 5580 6171 7774 8619 10537 10711 11732 12354 12525 13223 13920 13986 16219 16220 16980 17717
1949 2317 2535 5695 8769 9427 11940 13488 13694 14864 16959 17415 17624
544 764 1094 1134 1145 1709 1739 1768 1798 1822 1947 2441 2748 3270 3450 3479 3761 4067 4547 5072 5226 5241 5385 5738 6219 6595 6599 6917 7975 8470 9474 9522 9544 11405 12526 12710 13138 13437 13809 14035 14223 14608 14690 14816 16557 16996 17681
2527 2591 3091 4297 4852 6049 6927 8184 8784 11141 11582 12273 14341 15740 17208 17608
1246 1893 2154 2553 2821 3346 3412 3469 4678 5680 6412 6502 7041 12190 12804 13487 13906 14253 15277 16259 17294
397 443 641 994 1194 1365 1789 2272 2457 2679 2882 3348 3421 3785 4061 4068 4217 4545 4716 4730 4873 5015 5692 5741 5859 6458 6459 6616 6690 7323 7332 7347 7656 7814 7891 7936 8835 8896 8921 9089 9339 9519 10261 11113 11668 12076 12242 12440 13106 13338 13425 13610 13988 14489 14792 15053 15247 15337 15622 16169 16704 16709 16724 17092 17311 17702
1029 1155 2333 4041 4375 4623 4759 5221 6849 8656 10622 10755 11232 11998 12095 13090 13269 13899 15256 15421 17797
554 1071 1241 1356 1512 1537 2390 2502 3167 4017 4605 4860 5079 5235 5747 5791 6197 6877 7195 8251 8583 10236 10696 11543 11706 11741 12959 13436 13459 13529 14388 14545 15149 16519 17589 17591 17883
2105 2250 2828 4712 6740 14913 15535 15563 16265 16650
3928 4098 4835 5893 6609 7246 10379 11279 13993 14993 16455
9 345 383 418 969 1096 1122 1340 1783 1817 1836 1852 1908 1963 2105 2198 2221 2343 2521 2646 2697 2937 2992 3058 3110 3162 3170 3353 3518 3625 3673 3730 3885 4000 4158 4347 4383 4479 4556 4560 4562 4579 4599 4728 4956 4998 5092 5173 5230 5303 5419 5681 5765 5825 5916 5917 6010 6243 6321 6343 6492 6537 6650 6695 6736 6831 6914 6959 7016 7085 7153 7244 7370 7522 7854 7905 8219 8376 8469 8627 8683 9093 9215 9236 9254 9338 9585 9803 9811 10111 10377 10401 10501 10680 10710 10899 11037 11220 11229 11310 11478 11849 12017 12590 12649 13195 13499 13604 13636 13686 13828 14015 14178 14400 14626 14846 14897 15041 15053 15135 15211 15229 15269 15479 15540 15682 16044 16080 16296 16306 16522 16570 16633 16855 16995 17079 17131 17747 17895 17897
690 1203 2049 2544 3474 3986 5012 6556 8600 11252 11804 12429 12633 15796 15951 16414 16607 16687 16895 16994 17467
7722 8447 8759 9341 10831 11166 12776 15660 16786 17612
3375 3728 6032 6279 6468 10141 12261 14029 14086 16567 17053 17490 17626
897 1512 1631 1892 4017 4596 6800 8027 8583 8991 12084 13252 14545 15149 16519
590 6098 6375 7033 9244 10408 11187 11454 11722 12378 12866 13624 14131 16627
1605 2265 2861 3836 4084 6826 7046 9156 9576 9802 11723 12363 14523 15066 15829 17578
977 5544 6211 7813 9476 12327 12724 13539 14201 16788 16950
159 1123 2458 3256 3745 3995 5261 6956 8754 9785 10150 11236 11969 13331 13408 13762 14519
48 393 862 1009 1195 1226 1307 2453 2645 2714 2970 3591 3704 3874 4033 4509 4516 4533 4732 5009 5310 5387 6111 6128 7148 7880 7957 8115 8587 8633 8742 9323 9324 9494 11016 11290 12099 12209 13131 13957 14069 14950 16118 16272 16594 16945 17122 17194 17499 17735 17791 17934
2109 3718 4157 4401 5370 5512 7461 8385 8489 12850 13827
421 691 3923 10161 10790 10979 11774 16494 16891 17902
1664 3208 3781 6346 6907 8694 9052 9393 11492 12887 15963 17039 17515 17972
158 855 1004 1177 1942 1949 2147 2402 2722 3970 4703 4805 5189 5692 6903 8020 8450 8678 8741 8802 8898 9033 9884 11860 12677 12833 13175 14881 15755 16192 16257 16483 16484 17130 17547
615 2105 2250 2828 4712 5633 5911 8171 9330 9389 9895 10186 15535 15563 16650
82 251 442 2324 2399 2409 2449 2631 2737 3004 3169 3209 3422 3582 3604 3674 3797 3825 4261 4399 5357 5400 5866 5982 6018 6050 6120 6821 7093 7261 7573 7658 7749 7818 7892 7977 8063 8162 8699 8755 8889 9349 9454 9529 9706 9961 10045 10245 10674 10716 11219 11483 11660 11669 11691 11846 12114 12152 12290 12392 12441 12572 12675 12774 13082 13442 13601 13751 14248 14308 14461 14650 14807 14844 14853 15294 15564 15573 15604 15854 16024 16827 16860 16928 17159 17265 17352 17574 17617
1732 2204 2316 3156 4026 4272 4637 5202 5209 5220 5753 5908 6068 7176 7721 8312 9184 10421 10965 11881 12712 13639 14254 16871
1278 1923 2027 2125 7872 9510 10833 11559 12281 13671 13854 16323 17795
537 1066 1593 1693 2747 4952 8393 10005 10541 12525 13685 17861
3885 5141 5877 7628 7968 9585 9736 10447 13945 17479
608 1411 5827 6152 7425 8799 8993 10686 13197 13293 14100
473 533 595 746 3373 3657 5728 7127 7999 8015 8039 8373 8767 9814 11650 12946 14239
961 1687 1845 2069 7045 9047 9054 10274 10940 12013 12200 12358 12387 12687 12892 12992 13273 14383 15218 17209
755 1437 1712 3050 3262 3713 6145 8648 9483 11133 13495 14092 14733 15310
291 1082 1419 1573 2577 3104 3390 3572 3622 3807 3835 3961 4973 5346 7884 8243 8463 9690 9792 10607 10877 10933 11138 11317 12176 12382 12635 14481 14876 14892 15043 15109 15500 15974 16180 16431 17957
36 1102 1186 1394 1476 1490 2119 2286 2349 2695 3583 3703 3845 4059 4156 4270 4385 4407 4419 4514 4578 5163 5560 5588 5740 6083 6196 7133 7250 7531 7537 7703 7712 8275 8618 8647 8712 8731 8886 9722 9733 10064 10736 10853 12247 13061 13278 13377 13960 15669 15752 15861 16150 16208 16561 17048 17158 17534 17911
926 1510 2233 4260 7040 8543 10899 11655 15025 16092
