#iterations	mean Measure
1	0.0
501	4.857244551769625E-4
1001	4.294992209069583E-4
1501	4.2516689813218704E-4
2001	4.553221099282659E-4
2501	3.6572356576408677E-4
3001	3.059379309187226E-4
3501	3.122509451572707E-4
4001	2.7412228598554976E-4
4001	2.7412228598554976E-4
4501	2.812980048059642E-4
5001	2.535667784937572E-4
5501	2.5717832608251347E-4
6001	2.3638757886196635E-4
6501	2.3840410574550147E-4
6501	2.3840410574550147E-4
7001	2.2876401691159277E-4
7501	2.263917735617835E-4
8001	2.2800406502660546E-4
8501	2.1645583671066424E-4
9001	2.194931867674801E-4
9501	2.1751277125806504E-4
9501	2.1751277125806504E-4
10001	2.1147224236459363E-4
10501	2.1417518941605168E-4
11001	2.1020924833572093E-4
11501	2.0718689813518985E-4
12001	2.0807178009707826E-4
12001	2.0807178009707826E-4
12001	2.0807178009707826E-4
12001	2.0807178009707826E-4
12001	2.0807178009707826E-4
12001	2.0807178009707826E-4
12001	2.0807178009707826E-4
12001	2.0807178009707826E-4
12001	2.0807178009707826E-4
12001	2.0807178009707826E-4
12001	2.0807178009707826E-4
12001	2.0807178009707826E-4
12001	2.0807178009707826E-4
12001	2.0807178009707826E-4
12001	2.0807178009707826E-4
12001	2.0807178009707826E-4
12001	2.0807178009707826E-4
12501	2.0399324842767014E-4
13001	2.0070643899775992E-4
13501	2.0019803915456247E-4
14001	1.988331973079183E-4
14501	1.9511336776392493E-4
15001	1.9320983334015097E-4
15501	1.9275076233684295E-4
16001	1.9109601094272736E-4
16501	1.8964728664395424E-4
17001	1.8572956738638246E-4
17501	1.838828217455053E-4
17501	1.838828217455053E-4
17501	1.838828217455053E-4
18001	1.831835615433708E-4
18501	1.820647192518999E-4
19001	1.8133558606279706E-4
19501	1.804325958009319E-4
20001	1.7859459744556006E-4
20501	1.764583936771323E-4
21001	1.7443114586397713E-4
21501	1.7251714666433645E-4
22001	1.7141444451328978E-4
22001	1.7141444451328978E-4
22501	1.7019653937865736E-4
22501	1.7019653937865736E-4
23001	1.7043682409208737E-4
23501	1.6953740499954596E-4
24001	1.6899521843035794E-4
24501	1.6830202364953E-4
24501	1.6830202364953E-4
25001	1.6735774320558332E-4
25501	1.6622638804548065E-4
25501	1.6622638804548065E-4
25501	1.6622638804548065E-4
26001	1.650875220286494E-4
26501	1.6490086237455246E-4
26501	1.6490086237455246E-4
27001	1.63699092450756E-4
27501	1.6265271210080579E-4
27501	1.6265271210080579E-4
27501	1.6265271210080579E-4
27501	1.6265271210080579E-4
28001	1.6178429146959268E-4
28001	1.6178429146959268E-4
28501	1.613598390148701E-4
28501	1.613598390148701E-4
28501	1.613598390148701E-4
29001	1.6093662038448972E-4
29501	1.6029020182722117E-4
30001	1.5953775340506494E-4
30501	1.587082350564396E-4
31001	1.5776187321212638E-4
31501	1.568086933006603E-4
32001	1.560730271360307E-4
32501	1.5572234783287148E-4
33001	1.5497962996898615E-4
33501	1.5422718733125034E-4
34001	1.5346635165289574E-4
34501	1.532869915046413E-4
35001	1.53278816079568E-4
35501	1.5263669140119058E-4
36001	1.519153786540471E-4
36501	1.517489659674832E-4
36501	1.517489659674832E-4
37001	1.5127997510117522E-4
37501	1.505539946455783E-4
38001	1.4993881793337813E-4
38501	1.4942730239690024E-4
38501	1.4942730239690024E-4
38501	1.4942730239690024E-4
38501	1.4942730239690024E-4
38501	1.4942730239690024E-4
38501	1.4942730239690024E-4
38501	1.4942730239690024E-4
38501	1.4942730239690024E-4
38501	1.4942730239690024E-4
38501	1.4942730239690024E-4
39001	1.4845575068726485E-4
39501	1.4829623412101293E-4
40001	1.477140286157061E-4
40501	1.4703427070028975E-4
41001	1.4699262414485614E-4
41001	1.4699262414485614E-4
41001	1.4699262414485614E-4
41501	1.4656995424828853E-4
41501	1.4656995424828853E-4
42001	1.461315068657691E-4
42501	1.45989492810047E-4
43001	1.4513617355279437E-4
43001	1.4513617355279437E-4
43501	1.4502356558974812E-4
44001	1.4443458697221842E-4
44501	1.440359359038424E-4
45001	1.4361815286944028E-4
45501	1.430900925009772E-4
46001	1.4244258201495132E-4
46501	1.418170968924094E-4
47001	1.41301842372369E-4
47001	1.41301842372369E-4
47001	1.41301842372369E-4
47501	1.4081431068681724E-4
48001	1.4047647835433152E-4
48001	1.4047647835433152E-4
48501	1.3991850244901753E-4
49001	1.3927403881837407E-4
49501	1.3913652994048949E-4
50001	1.3860011814169373E-4
50501	1.383189594266334E-4
51001	1.3812874379552328E-4
51001	1.3812874379552328E-4
51501	1.3769267419581937E-4
52001	1.37431719706642E-4
52001	1.37431719706642E-4
52001	1.37431719706642E-4
52001	1.37431719706642E-4
52001	1.37431719706642E-4
52001	1.37431719706642E-4
52001	1.37431719706642E-4
52501	1.3673317379720131E-4
53001	1.363059904747496E-4
53501	1.358100287036813E-4
54001	1.353367580067331E-4
54501	1.3499924506783315E-4
55001	1.3459692017501042E-4
55501	1.3395159075290953E-4
56001	1.3355751684604783E-4
56001	1.3355751684604783E-4
56501	1.3315724422422817E-4
57001	1.3272754571900435E-4
57501	1.323619042847807E-4
58001	1.3200578783022188E-4
58501	1.3167170974877996E-4
59001	1.3133389979830425E-4
59501	1.307832646622267E-4
59501	1.307832646622267E-4
60001	1.3042501066058143E-4
60501	1.30054633352221E-4
60501	1.30054633352221E-4
60501	1.30054633352221E-4
61001	1.2957226118046075E-4
61501	1.2917161087481384E-4
62001	1.2892152922530276E-4
62501	1.2849211357541236E-4
62501	1.2849211357541236E-4
62501	1.2849211357541236E-4
62501	1.2849211357541236E-4
62501	1.2849211357541236E-4
62501	1.2849211357541236E-4
62501	1.2849211357541236E-4
62501	1.2849211357541236E-4
62501	1.2849211357541236E-4
62501	1.2849211357541236E-4
62501	1.2849211357541236E-4
62501	1.2849211357541236E-4
62501	1.2849211357541236E-4
62501	1.2849211357541236E-4
62501	1.2849211357541236E-4
62501	1.2849211357541236E-4
62501	1.2849211357541236E-4
62501	1.2849211357541236E-4
62501	1.2849211357541236E-4
62501	1.2849211357541236E-4
63001	1.2807086588802525E-4
63501	1.276079101753764E-4
64001	1.272617372370309E-4
64001	1.272617372370309E-4
64501	1.2687264055048777E-4
65001	1.26581167336822E-4
65501	1.268417552649864E-4
66001	1.2664300624019652E-4
66501	1.2638840362447999E-4
67001	1.2612635806023612E-4
67001	1.2612635806023612E-4
67001	1.2612635806023612E-4
67001	1.2612635806023612E-4
67001	1.2612635806023612E-4
67001	1.2612635806023612E-4
67001	1.2612635806023612E-4
67001	1.2612635806023612E-4
67001	1.2612635806023612E-4
67501	1.2579390432179043E-4
68001	1.2535352366062092E-4
68501	1.249958901272283E-4
68501	1.249958901272283E-4
69001	1.2465330240839166E-4
69001	1.2465330240839166E-4
69001	1.2465330240839166E-4
69501	1.2431951699826949E-4
69501	1.2431951699826949E-4
69501	1.2431951699826949E-4
69501	1.2431951699826949E-4
70001	1.2399933107130637E-4
70501	1.2363877533729412E-4
71001	1.2326685779426386E-4
71501	1.2288728923468098E-4
71501	1.2288728923468098E-4
71501	1.2288728923468098E-4
71501	1.2288728923468098E-4
72001	1.2265728871786052E-4
72501	1.2243693478541863E-4
73001	1.220346982253446E-4
73501	1.218326027546411E-4
74001	1.2142852780266745E-4
74501	1.209832922218265E-4
75001	1.2074607896876965E-4
75001	1.2074607896876965E-4
75501	1.203904900333855E-4
76001	1.2021694908195642E-4
76501	1.1985739538147019E-4
77001	1.1946189884913548E-4
77501	1.1906941098535429E-4
78001	1.1870077150663675E-4
78501	1.1845667822244329E-4
78501	1.1845667822244329E-4
79001	1.1815353101328652E-4
79001	1.1815353101328652E-4
79001	1.1815353101328652E-4
79001	1.1815353101328652E-4
79501	1.1781960477353571E-4
79501	1.1781960477353571E-4
80001	1.1746305319607357E-4
80501	1.1736470127411598E-4
81001	1.1719677652260407E-4
81501	1.1686856035360035E-4
82001	1.1652985462064893E-4
82501	1.1630190053972337E-4
83001	1.1593054161877263E-4
83001	1.1593054161877263E-4
83501	1.1560791441180748E-4
84001	1.1533145051606687E-4
84501	1.1502255959880864E-4
85001	1.1469632091267766E-4
85501	1.1443533516357868E-4
86001	1.1417401199651798E-4
86501	1.1387598778280648E-4
87001	1.1353566000508604E-4
87501	1.1327205660591724E-4
88001	1.1299572460151415E-4
88501	1.1267691558537423E-4
89001	1.1265032503272941E-4
89001	1.1265032503272941E-4
89501	1.1251646350121917E-4
90001	1.1225423353926678E-4
90001	1.1225423353926678E-4
90001	1.1225423353926678E-4
90501	1.120044138274245E-4
91001	1.117491236609952E-4
91001	1.117491236609952E-4
91001	1.117491236609952E-4
91001	1.117491236609952E-4
91501	1.1149892872481661E-4
92001	1.1137694457498752E-4
92501	1.110353830003007E-4
93001	1.1082405295607522E-4
93501	1.1051303965619957E-4
94001	1.1027310054640866E-4
94501	1.0996891751896333E-4
95001	1.0971817011627375E-4
95501	1.095811066016178E-4
96001	1.0929727063283654E-4
96501	1.0908576421832381E-4
96501	1.0908576421832381E-4
97001	1.0876465818707406E-4
97501	1.0849594724141327E-4
98001	1.0819592302846244E-4
98001	1.0819592302846244E-4
98501	1.0798865762079792E-4
99001	1.0775458062517447E-4
99001	1.0775458062517447E-4
99001	1.0775458062517447E-4
99001	1.0775458062517447E-4
99501	1.0751321938322252E-4
99501	1.0751321938322252E-4
99501	1.0751321938322252E-4
99501	1.0751321938322252E-4
99501	1.0751321938322252E-4
