1 2 4 5 6 7 8 9 12 14 15 16 17 18 19 20 23 25 26 27 30 31 32 33 35 36 37 38 39 40 42 43 44 45 46 47 48 49 50 51 52 53 54 55 56 57 58 60 61 62 63 65 67 70 71 72 73 75 76 79 80 81 82 83 84 86 88 89 91 93 94 95 96 97 98 99 100 101 102 103 104 106 107 110 113 114 115 118 119 120 121 123 126 127 128 129 130 131 133 134 135 136 137 140 144 145 146 147 148 150 151 152 153 155 157 158 161 162 164 165 166 167 168 171 172 173 175 176 177
3 5 16 22 23 29 35 44 45 47 58 60 62 67 77 81 84 87 89 94 103 104 106 114 116 119 121 124 129 130 133 140 142 143 148 152 154 155 157 161 165 167 168 172 176
1 3 4 38 40 45 56 77 82 96 99 100 102 107 109 135 141 144 150 153 156 161
1 2 3 4 6 8 10 11 12 15 16 17 20 23 24 25 26 27 28 30 31 32 33 34 35 37 38 39 40 41 42 43 44 45 46 47 49 50 51 53 54 55 56 57 61 62 63 64 65 66 67 68 69 71 72 73 76 77 78 79 80 82 83 84 86 88 89 90 91 92 93 95 96 97 98 99 100 101 102 103 105 107 108 109 110 111 112 113 114 115 116 117 118 119 120 123 126 127 128 129 131 132 133 134 135 136 137 138 140 141 142 143 144 145 146 147 148 149 150 151 153 156 158 159 160 161 162 163 164 165 166 168 169 171
1 9 10 13 19 20 22 29 32 37 40 41 44 48 50 56 58 61 71 72 74 75 80 81 89 90 92 96 99 100 107 109 112 117 118 122 124 125 126 128 129 131 142 147 150 169 171 174
1 4 10 11 13 14 18 20 39 71 73 80 88 101 107 124 136 141 146 150 154 170
1 3 4 5 6 7 8 9 10 11 12 13 14 15 16 18 19 20 21 26 27 32 34 35 38 39 41 42 44 45 46 49 50 51 52 54 55 56 59 62 63 64 66 68 69 70 71 72 73 74 75 76 77 78 79 80 81 82 83 84 85 87 88 90 91 92 93 94 96 98 99 101 102 103 104 105 106 107 108 109 110 111 113 115 116 117 118 120 121 122 123 124 126 127 129 132 133 134 135 136 138 139 141 142 143 145 146 147 149 150 151 152 153 154 155 156 157 158 159 160 161 164 165 166 167 168 169 170 171 173 174 176 177
7 8 9 11 13 18 19 20 21 25 27 31 32 37 41 42 50 59 74 75 78 81 90 92 93 95 102 104 105 109 110 112 117 118 122 124 125 132 133 139 141 145 154 161 170 171 174 176
7 11 21 39 63 78 88 109 113 114 147 160 161 173
7 8 9 11 18 19 21 32 39 45 49 50 51 52 54 56 63 68 73 78 87 88 91 105 109 111 113 114 115 124 126 136 137 145 147 158 160 161 163 164 165 170 171 173 176
2 3 4 5 8 14 15 16 17 22 23 24 25 28 29 30 31 33 34 35 36 37 38 40 41 42 43 44 45 46 47 49 50 51 52 53 54 55 56 57 58 60 61 62 63 64 65 67 68 69 70 71 72 73 75 76 77 79 81 82 84 85 86 87 88 89 91 93 94 95 97 98 99 100 101 102 103 104 106 108 110 111 113 114 116 117 118 119 120 121 123 124 127 128 129 130 131 133 134 136 138 140 142 143 144 145 147 148 149 151 152 154 155 156 157 158 159 161 162 163 164 165 166 167 168 169 172 173 174 175 176 177
3 14 22 25 28 31 33 37 38 42 45 47 52 53 59 62 64 69 81 84 85 87 91 100 104 113 118 121 124 125 133 145 148 152 154 155 158 161 165 167 170 172 173 174 176
1 4 6 10 13 18 32 39 41 56 59 71 80 82 85 88 91 96 99 102 107 115 122 125 136 144 146 150 151 153 170 174 176
1 2 4 6 7 8 10 11 13 15 16 17 18 19 20 21 23 25 26 27 32 33 36 37 38 39 40 41 42 43 44 46 47 49 50 51 52 53 54 55 56 57 58 59 60 61 62 63 65 66 67 68 69 70 71 72 73 75 76 77 78 79 80 82 83 84 85 86 88 89 90 91 93 94 95 96 97 98 99 100 101 102 103 106 107 108 110 112 113 114 115 116 117 119 120 121 122 125 126 127 128 132 135 136 137 138 140 141 144 146 147 148 149 150 151 153 155 156 157 158 159 160 161 162 163 166 167 169 170 171 174 176 177
1 4 5 6 7 8 10 12 13 15 16 17 20 23 24 25 26 27 30 32 33 36 37 38 39 40 41 42 43 46 47 48 49 50 51 52 53 54 56 57 58 59 60 61 62 63 64 65 66 67 68 70 71 73 74 76 79 80 82 83 84 86 87 88 89 90 91 92 93 94 95 96 97 98 99 100 101 102 103 105 106 107 108 109 110 111 112 113 114 115 117 120 121 122 123 126 127 128 129 131 133 136 140 141 142 143 144 146 147 149 150 151 152 153 154 155 157 158 160 162 163 164 167 168 169 174 175 177
1 12 22 23 27 35 44 46 47 49 57 66 69 73 75 76 77 78 82 87 88 91 97 110 113 116 118 123 124 128 131 135 136 138 140 142 148 150 158 159 163
1 2 3 4 6 11 12 13 15 17 18 19 20 23 24 26 27 29 30 31 32 33 35 37 39 40 42 44 46 47 48 49 50 51 52 53 54 56 58 59 60 62 65 66 67 68 74 76 79 80 82 83 84 85 86 87 88 89 90 91 93 95 96 97 98 99 100 101 102 103 104 105 106 107 108 109 110 112 113 114 117 118 119 120 122 123 125 126 127 128 131 133 134 135 136 137 138 139 140 141 142 143 144 146 147 148 149 150 151 152 153 154 156 157 158 159 160 162 163 165 166 168 169 170 171 172 174 177
1 2 3 4 5 6 7 8 9 11 12 13 14 15 16 17 18 19 20 21 22 23 24 26 27 28 29 30 31 32 33 34 35 36 37 38 39 40 41 42 43 44 45 46 47 48 49 50 51 52 53 54 55 56 57 58 59 60 61 62 63 65 66 67 68 69 70 72 73 74 75 76 77 78 79 80 81 82 83 84 85 86 87 88 89 90 91 92 93 94 95 96 97 98 99 100 101 102 103 104 105 106 107 108 109 110 111 112 113 114 115 116 117 118 119 120 122 123 124 125 126 127 128 129 130 131 132 133 134 135 136 137 138 139 140 141 142 143 144 145 146 147 148 149 150 151 152 153 154 155 156 157 158 159 160 161 162 163 165 166 168 169 170 171 172 173 174 175 176 177
6 9 14 23 40 44 48 50 51 63 72 73 80 83 85 89 101 103 110 114 118 122 134 135 137 143 144 148 149 154 164 170 177
6 9 14 23 31 40 44 45 47 48 50 51 63 70 72 73 80 81 83 85 89 97 101 103 110 114 118 121 122 134 135 137 143 144 148 149 154 159 164 165 170 175 177
1 2 4 6 10 12 15 17 20 22 23 24 26 27 28 30 33 34 35 37 38 39 40 41 42 46 47 49 50 51 53 54 55 56 57 58 60 61 62 63 64 65 66 67 68 70 71 76 79 82 83 84 85 86 88 89 91 93 96 97 99 100 103 106 107 108 110 111 113 115 116 117 118 120 123 126 128 129 131 135 136 137 138 140 141 142 143 144 146 147 148 149 150 151 153 155 156 157 158 159 160 162 163 167 169 171 172 174 175
1 2 4 6 7 10 12 15 17 20 22 23 24 26 27 28 30 32 33 34 35 37 38 39 40 41 42 46 47 49 50 51 52 53 54 55 56 57 58 60 61 62 63 64 65 66 67 68 70 71 75 76 79 80 82 83 84 85 86 87 88 89 91 93 96 97 98 99 100 101 102 103 104 105 106 107 108 110 111 112 113 115 116 117 118 119 120 121 122 123 125 126 128 129 131 135 136 137 138 140 141 142 143 144 146 147 148 149 150 151 152 153 155 156 157 158 159 160 162 163 165 166 167 168 169 171 172 174 175
1 2 4 6 12 15 17 22 23 24 26 27 28 30 33 34 35 38 39 40 42 46 47 49 50 51 53 54 56 57 58 60 61 62 63 64 65 67 68 71 76 79 82 83 84 85 86 88 89 93 96 97 99 100 103 106 107 108 113 116 118 123 126 128 129 131 136 137 138 140 142 144 148 149 150 151 153 155 157 158 159 160 162 167 169 172 175
1 2 3 4 5 6 8 9 10 11 12 13 14 15 16 17 18 19 20 23 25 26 27 29 30 31 32 34 35 36 38 39 40 43 44 45 46 47 48 49 51 52 53 55 57 58 60 61 62 63 64 65 66 67 70 71 72 75 76 77 79 80 81 82 83 84 85 88 91 93 94 95 96 97 98 99 100 101 102 103 104 106 107 108 109 111 112 113 114 115 117 118 123 124 125 127 128 129 130 131 132 133 134 135 136 137 139 140 141 142 143 144 145 146 148 150 151 152 153 154 155 157 158 159 160 165 166 167 168 172 173 175 177
4 7 10 16 39 43 66 73 74 82 87 88 89 106 110 111 122 134 137 146 148 173
3 4 6 9 11 12 18 19 21 27 39 43 48 51 55 68 74 78 80 82 83 88 90 92 95 99 101 102 105 112 122 125 126 130 132 135 137 139 153 160 164 169 171
1 4 6 7 9 10 11 12 13 15 18 19 20 26 27 32 37 39 40 48 50 51 54 56 59 62 65 66 67 71 74 79 80 82 83 86 88 91 92 95 96 98 99 101 102 103 106 107 108 109 110 115 117 122 125 126 133 136 137 141 144 146 147 150 151 152 153 160 169 170 174
1 3 4 5 6 7 8 9 10 11 12 13 14 15 18 19 20 21 22 25 26 27 28 31 32 34 35 37 38 39 40 44 45 46 47 48 50 51 52 54 56 59 62 63 65 66 67 70 71 72 73 74 75 76 77 79 80 82 83 84 85 86 88 91 92 94 95 96 97 98 99 100 101 102 103 104 106 107 108 109 110 113 114 115 116 117 118 119 120 122 123 124 125 126 127 130 133 134 136 137 138 141 142 144 145 146 147 148 149 150 151 152 153 155 156 158 159 160 161 163 165 166 167 168 169 170 173 174 175 176 177
1 2 5 7 8 10 11 13 14 15 16 17 19 20 21 22 25 26 28 32 35 36 37 38 39 41 42 43 44 45 46 48 49 50 52 53 55 57 58 59 60 61 62 63 64 65 66 67 69 70 71 72 73 74 75 76 77 78 80 81 82 83 85 87 88 89 91 92 93 94 95 96 97 98 102 103 104 106 107 109 110 111 112 113 114 115 117 118 119 120 121 122 123 124 125 128 129 130 132 133 136 138 139 140 141 142 143 145 146 147 148 149 150 151 152 154 155 156 157 158 159 161 162 164 166 167 168 170 171 172 173 174 175 176 177
2 3 4 6 7 8 9 11 14 15 16 17 20 21 22 23 24 25 26 29 30 31 33 35 36 37 38 40 44 45 46 47 48 52 53 55 56 57 58 59 60 61 62 63 64 65 66 67 69 70 71 73 74 75 76 77 78 79 81 84 85 86 87 89 91 93 94 95 96 97 98 99 100 102 103 104 106 107 108 109 111 112 113 114 117 119 120 121 123 127 128 129 131 133 134 135 136 138 140 141 142 144 145 146 147 148 149 150 152 154 155 156 157 158 159 160 161 162 163 164 165 166 167 168 172 173 174 175 176 177
6 9 18 29 31 32 36 43 51 52 54 56 59 66 68 69 71 72 84 91 107 108 110 113 115 119 121 125 126 131 132 133 136 137 148 153 161 162 163 165 167 168 170 171 172
1 4 6 7 12 20 24 27 35 38 41 42 49 50 51 52 54 55 60 62 65 68 70 71 72 77 79 82 84 88 89 90 96 97 99 101 103 107 108 110 120 126 128 136 137 141 144 146 147 150 151 153 157 161 162 168 169
1 2 4 6 7 11 12 15 17 20 24 25 26 27 29 30 31 33 34 35 36 37 38 39 40 41 42 43 44 46 47 48 49 50 51 52 53 54 55 56 57 60 61 62 63 64 65 66 67 68 70 71 72 73 76 77 79 82 83 84 85 86 87 88 89 90 91 92 93 95 96 97 98 99 101 103 104 106 107 108 110 113 114 115 116 118 119 120 121 123 126 128 129 131 132 134 136 137 138 140 141 142 143 144 146 147 148 149 150 151 152 153 156 157 158 159 160 161 162 164 165 166 168 169 170 171 172 173 175 176
1 3 4 6 8 11 12 15 20 27 33 39 40 46 47 48 49 50 51 53 59 62 63 71 74 75 79 80 82 83 84 87 88 89 91 93 96 99 101 102 103 106 107 111 113 114 115 120 123 125 126 128 136 137 144 146 147 149 150 151 153 158 163 169 171 172 176 177
1 3 4 5 6 7 8 10 11 12 13 14 15 16 18 20 21 23 24 26 27 28 30 32 33 34 37 39 40 41 42 43 44 46 47 48 49 50 51 53 54 55 56 58 59 62 63 64 65 66 68 69 71 72 73 74 75 76 78 79 80 82 83 84 85 86 87 88 89 90 91 93 95 96 97 98 99 101 102 103 105 106 107 108 109 110 111 113 114 115 117 118 120 122 123 125 126 128 129 131 132 135 136 137 138 139 141 142 143 144 145 146 147 149 150 151 153 156 158 160 161 163 165 169 170 171 172 173 174 176 177
1 4 6 12 51 55 56 73 79 82 83 86 91 99 107 108 110 128 131 136 137 144 150 151 153
1 2 3 4 5 6 8 10 12 13 14 15 17 19 20 21 23 24 25 26 27 28 29 30 32 33 34 35 36 38 39 40 42 44 46 47 49 50 51 52 53 54 55 56 57 59 60 62 63 65 66 67 70 71 72 73 75 76 77 79 82 83 84 85 86 87 88 89 91 92 93 94 95 96 97 98 99 100 102 103 104 106 107 108 110 111 113 114 115 117 118 119 120 122 123 126 127 128 131 132 133 134 136 137 139 141 142 143 144 145 146 147 149 150 151 152 153 155 157 158 159 161 162 163 165 168 169 170 171 176 177
1 3 4 5 6 7 8 9 10 11 12 13 14 15 16 18 19 20 21 23 26 27 29 30 31 32 35 37 39 40 41 44 45 46 47 48 49 50 51 53 54 55 57 58 59 61 62 65 66 67 68 70 71 73 74 75 76 78 79 80 81 82 83 84 85 87 88 90 91 93 94 95 96 97 99 101 102 103 104 105 107 108 109 110 111 112 113 116 117 120 121 122 123 124 125 126 127 128 129 132 133 135 136 137 139 141 144 145 146 147 148 150 151 152 153 154 155 156 157 160 161 165 166 167 168 169 170 171 172 177
1 4 6 7 9 10 11 12 13 15 17 18 20 21 22 23 24 25 26 27 29 30 32 33 34 35 37 39 40 41 42 43 44 46 47 48 49 50 51 53 54 55 56 59 61 64 65 66 68 69 70 71 73 74 76 78 79 80 82 83 84 86 87 88 89 90 91 92 95 96 97 98 99 100 101 102 103 105 107 108 109 110 112 113 114 115 116 117 119 120 121 122 124 125 126 127 128 131 135 136 137 138 139 141 142 143 144 146 147 149 150 151 152 153 156 157 158 160 162 163 164 169 170 171 172 174 175 176
3 17 24 31 38 62 72 81 94 104 106 124 155 156 166 173
3 5 17 24 28 29 31 35 36 38 45 52 57 61 62 67 72 81 84 87 91 93 94 104 106 119 120 124 130 133 134 140 145 148 152 154 155 156 164 165 166 167 168 172 173 174 177
9 19 20 22 23 24 26 30 32 34 37 41 43 48 60 65 74 77 78 90 92 95 98 102 109 112 117 118 119 120 125 127 128 131 132 133 135 139 141 149 160 162 163 171 174
2 8 11 12 13 15 16 17 19 20 21 22 24 25 26 28 30 32 33 34 35 37 38 39 40 41 42 43 46 47 49 50 51 52 53 54 55 56 57 58 60 62 63 64 65 66 67 68 69 71 72 73 75 76 77 79 83 84 85 86 87 88 89 90 91 92 93 94 95 96 97 98 101 102 103 104 105 106 108 110 111 112 113 114 115 116 117 118 119 120 121 122 123 125 126 127 128 131 132 133 136 138 139 140 141 142 143 144 145 146 147 148 149 150 151 152 155 156 157 158 159 160 161 162 163 164 165 166 167 169 172 174 175 176 177
1 2 3 4 5 6 7 8 10 11 12 13 15 16 17 19 20 22 23 24 25 26 27 29 31 32 33 36 38 39 40 41 42 44 45 46 47 49 50 51 52 53 55 56 57 58 59 60 61 62 63 65 66 67 70 72 74 75 76 77 78 79 81 82 83 84 85 86 87 91 93 94 96 97 99 100 101 102 104 106 107 108 110 111 112 114 115 117 118 119 120 121 122 123 124 127 128 129 130 132 134 135 136 137 141 143 144 145 146 148 149 150 151 152 153 154 155 156 157 159 160 161 162 164 165 166 167 168 169 170 173 175 176 177
8 15 26 28 29 43 44 53 63 66 69 73 76 77 78 80 86 91 98 111 112 113 114 115 116 123 124 125 127 131 132 140 142 149 152 154 157 158 159 160 163 165 166 171 173 176
1 4 5 6 8 9 10 11 12 13 14 15 16 18 19 20 21 22 24 25 26 27 28 29 30 31 32 34 35 36 38 39 40 42 44 45 46 47 49 50 51 53 54 56 58 59 61 62 63 64 65 68 69 71 72 73 75 76 79 80 82 83 84 85 86 87 88 89 90 91 93 96 97 98 99 103 104 106 107 108 109 110 113 114 115 116 117 118 119 120 121 122 123 124 125 126 128 129 131 132 133 134 135 136 137 138 141 142 143 144 146 147 148 149 150 151 152 153 154 156 157 158 160 163 164 165 166 167 169 170 171 173 175 177
1 6 12 27 33 39 40 50 56 66 68 71 79 80 82 83 88 105 108 110 115 120 122 144 151 153 157 169 170
1 3 4 5 6 7 8 9 10 11 12 13 14 15 18 19 20 21 22 24 26 27 28 30 32 33 34 37 38 39 40 41 42 43 45 46 48 49 50 52 53 54 55 56 59 60 61 62 65 66 67 68 70 71 72 74 76 78 79 80 81 82 83 87 88 89 90 91 92 93 94 95 96 98 99 100 101 102 103 104 105 106 107 108 109 110 112 114 115 116 117 118 120 122 124 125 126 128 131 133 134 136 138 139 141 142 143 144 145 146 147 148 149 150 151 152 153 154 156 157 158 160 161 169 170 172 174 176 177
4 10 28 34 35 48 64 69 73 96 102 105 109 114 116 138 142 143 147 150 151 152 158 163 164 166
4 10 28 34 35 48 64 69 70 73 77 96 102 105 109 114 116 129 138 142 143 147 150 151 152 158 163 164 166 167
