=== Parameters ===
QualitiesFiles : datasets/brca_n/qualities_train.csv
PropertiesFiles : datasets/brca_n/properties_train.csv
attrType : NOMINAL
resFolder : brcaN_sumJaccard_0.4_1000_WRAcc
minSupp : 10
nbLoops : 1000
maxOutput : 50
maxRedundancy : 0.4
maxLength : 5
measure : WRAcc
UCB : UCBSP
refineExpand : TunedGenerator
duplicatesExpand : AMAF
pathLength : -1
refineRollOut : Large
jumpingLarge : 10
rewardPolicy : MaxPath
memoryPolicy : TopK
topKMemory : 1
updatePolicy : Max

=== Result Information ===
date : 21/10/2025 12:33
runtime(ms) : 1283
nbPatterns : 50
measures : 0.00 0.00 0.00 0.00 0.00 0.00 0.00 0.00 0.00 0.00 0.00 0.00 0.00 0.00 0.00 0.00 0.00 0.00 0.00 0.00 0.00 0.00 0.00 0.00 0.00 0.00 0.00 0.00 0.00 0.00 0.00 0.00 0.00 0.00 0.00 0.00 0.00 0.00 0.00 0.00 0.00 0.00 0.00 0.00 0.00 0.00 0.00 0.00 0.00 0.00
descriptionLength : 1 1 1 4 1 1 5 1 1 3 1 1 2 3 5 3 2 2 4 1 1 1 3 4 1 1 4 4 3 1 1 2 3 3 2 4 2 4 1 1 3 1 4 1 1 1 4 3 1 1