1 2 3 6 7 8 11 15 16 17 20 21 23 24 25 26 27 28 29 30 33 34 37 39 40 43 45 46 47 49 50 51 52 53 54 56 57 60 61 62 63 64 65 66 69 70 71 72 73 74 75 76 77 79 80 81 82 83 84 86 87 88 89 91 92 95 96 97 98 99 100 102 103 104 106 108 110 111 112 113 114 115 116 117 118 119 120 121 123 124 126 127 128 129 131 133 136 138 140 142 143 144 145 146 147 148 149 150 151 152 153 156 157 158 159 160 161 162 163 165 166 167 169 172 173 174 175 176
3 4 5 7 11 13 16 17 28 31 34 41 45 55 57 58 66 69 70 72 75 77 85 91 95 97 110 115 116 120 127 130 145 148 156 158 161 163 164 165 166 170 172 174 176 177
3 4 9 18 22 26 27 29 32 38 43 44 45 47 53 56 59 68 75 80 82 83 84 85 91 102 107 108 110 115 127 130 134 135 144 145 149 152 159 161 163 166 170 172 176 177
2 7 8 10 11 13 14 25 32 41 55 59 66 74 81 104 109 119 125 133 141 154 171
8 11 16 22 23 28 34 35 38 46 47 49 58 60 64 69 72 75 76 77 85 89 106 111 116 118 129 134 138 140 142 143 148 156 157 159 164 165 166 167 170 175 177
2 3 8 16 23 29 31 45 52 57 58 60 67 70 75 81 84 85 87 93 94 100 104 112 117 118 129 130 132 133 134 140 145 149 152 154 155 161 163 164 165 166 168 172 174 175 176 177
1 6 10 12 20 27 32 33 40 47 49 50 51 52 53 54 55 60 62 63 65 66 70 71 74 79 80 82 83 86 87 96 99 101 102 103 106 107 109 110 119 120 121 128 132 133 135 136 137 141 150 151 152 153 155 157 164 168 174
2 7 9 10 19 21 24 29 30 37 41 42 43 54 55 56 58 64 65 66 68 69 70 73 76 78 86 90 92 95 97 98 109 110 112 117 118 122 131 132 135 139 141 143 148 160 162 174
3 5 8 14 17 23 25 28 29 31 34 35 36 41 44 46 58 63 69 72 77 81 85 94 116 118 127 129 130 138 140 142 143 145 148 152 154 156 161 164 166 167 173 175 177
1 4 6 12 27 29 32 39 44 51 58 63 71 74 78 79 80 83 93 99 103 107 114 122 134 136 137 150 151 164
5 6 9 10 12 13 14 18 19 20 21 22 25 27 31 32 33 45 48 56 59 68 74 78 88 90 92 95 105 109 110 125 126 132 135 137 139 141 146 153 154 160 170 171
3 5 7 8 11 13 14 16 18 21 22 25 36 41 45 52 59 69 72 75 77 81 85 90 94 104 111 116 118 122 124 127 132 134 145 148 154 166 170 172 173 174 176 177
1 4 6 7 10 12 15 39 43 51 54 68 74 79 80 82 83 84 91 96 99 107 110 115 126 136 150 151 153 171
2 3 8 29 68 72 75 85 97 100 118 134 135 148 149 154 156 157 158 175 176 177
1 4 10 12 13 14 15 24 26 32 33 38 39 42 49 50 55 56 59 65 67 71 72 78 79 80 82 88 89 91 92 95 96 99 101 103 110 115 117 122 126 128 133 136 139 143 145 146 147 150 151 152 154 162 167 169 171
8 23 25 29 35 69 72 73 76 77 100 114 123 140 157 158 159 163 165 166
1 2 4 5 6 7 9 16 17 22 23 24 25 27 29 30 31 32 33 35 36 38 39 41 44 45 47 49 50 52 53 55 58 60 61 62 63 65 66 67 68 70 72 74 75 80 81 84 85 86 87 89 93 94 97 98 100 101 102 104 105 106 107 108 118 119 123 126 127 129 130 131 132 133 134 135 137 139 142 143 145 148 150 152 153 155 157 160 161 162 164 167 168 169 170 177
5 8 24 26 27 30 37 41 43 47 49 56 58 68 73 91 110 113 128 129 131 169
1 4 6 12 24 27 29 32 33 34 35 40 42 46 50 51 52 55 57 64 65 67 71 73 79 82 83 86 96 97 99 103 106 107 108 111 114 117 121 128 129 133 136 137 142 144 148 149 150 152 153 159 161 162 163 164 165 166 168 169 172
14 30 63 69 73 92 116 121 137 139
1 2 3 7 8 14 15 17 18 25 29 31 33 37 40 41 44 45 47 48 53 55 63 66 70 77 80 84 87 91 96 103 105 112 115 117 122 139 141 146 148 149 154 155 165 170 171 176 177
2 3 10 11 14 21 24 25 28 30 34 35 53 54 68 69 72 75 77 78 80 86 87 90 95 110 111 112 114 117 120 128 135 137 140 143 145 147 154 158 162 164 165 167 172 175
1 5 6 7 8 10 13 15 16 19 20 29 32 35 37 39 41 42 44 47 50 51 52 55 57 62 63 70 71 73 74 79 80 82 83 85 87 90 91 93 95 96 98 99 101 105 106 107 110 111 113 114 120 121 123 127 129 130 132 133 136 137 146 149 150 151 156 158 160 166 170 176
2 23 24 30 36 47 57 61 63 67 84 86 93 114 120 133 144 157 162 167 168
2 4 5 12 17 22 23 28 29 34 35 36 40 46 47 53 58 60 61 64 67 72 77 82 84 87 93 103 105 114 118 119 120 121 129 138 140 142 143 148 150 155 159 161 163 166 168 175
3 5 16 22 23 25 28 31 34 35 36 38 45 52 53 63 64 69 72 75 76 81 85 87 94 100 104 111 118 127 129 133 134 142 145 152 155 156 159 161 165 167 172 173
1 2 3 6 7 8 10 15 27 32 39 44 49 51 59 66 71 73 77 79 82 83 85 87 88 91 96 99 107 108 113 114 115 120 122 123 124 126 127 132 136 146 149 150 151 154 157 158 161 163 169 170 176
1 4 7 10 16 24 36 37 40 43 49 52 55 58 60 61 62 66 67 71 76 80 81 82 89 94 96 97 98 99 101 103 106 110 113 119 123 129 130 136 140 144 146 147 149 152 154 155 156 160 165 167 168 171 175
3 5 17 24 33 34 57 60 70 72 89 102 112 130 131 134 155 161 164 167 168 173 174
5 13 22 23 29 33 34 38 41 43 44 47 51 52 54 59 61 64 69 75 77 79 84 87 100 101 105 115 116 118 121 122 124 132 134 136 137 140 142 145 148 151 170 171 174 175
1 6 9 12 27 39 40 47 50 51 54 55 56 64 68 71 75 79 82 83 87 88 89 96 99 104 107 108 115 118 126 130 136 137 146 149 150 151 153 168 169 170
1 10 17 34 40 69 71 73 74 101 146
1 3 4 5 6 12 35 39 44 51 60 71 72 79 82 83 85 88 94 96 99 107 108 136 137 144 146 150 151 153
1 6 10 13 21 27 32 39 51 59 69 78 80 82 83 85 87 90 91 99 107 110 111 115 120 126 135 137 151 153 158 170 171
10 11 12 13 19 21 28 30 37 39 42 47 48 54 56 65 71 82 83 89 90 92 95 103 118 133 136 139 141 142 144 145 146 147 150 151 158 162
4 6 10 12 20 26 27 32 39 50 51 59 71 80 82 88 101 107 110 115 126 137 139 141 146 151 153 169 171
3 7 9 21 45 70 74 81 90 102 104 130 155 174 177
1 9 16 18 26 51 71 72 75 79 82 89 99 102 122 124 137 138 151 153 161
2 7 9 13 16 18 21 22 29 30 34 38 44 45 55 56 58 59 74 77 78 80 99 102 103 107 117 121 130 135 137 139 144 145 152 153 160 162 164 170 171 177
3 5 17 22 24 29 30 31 35 36 45 47 53 58 60 61 62 63 67 75 81 84 93 94 104 106 118 121 127 130 131 134 140 152 154 155 157 159 162 165 167 168 172 173 174 175 176 177
5 8 35 38 46 52 64 77 100 103 105 116 118 127 138 156 163 166 168 173
7 10 11 13 16 19 20 21 24 26 28 34 41 42 43 48 55 66 68 74 80 89 90 92 95 101 105 109 110 112 116 117 122 138 139 141 146 147 155 158 160 162 163 170 174
1 4 6 10 15 17 24 26 30 33 35 39 40 42 46 48 49 50 53 54 55 62 63 71 76 79 82 83 84 86 88 89 91 93 96 98 99 103 106 107 108 114 115 122 123 126 128 131 136 142 143 144 146 147 149 150 151 152 153 163 166 169 171 177
5 7 9 14 15 16 18 19 21 28 32 34 37 41 43 48 53 61 64 66 68 69 73 74 78 90 92 93 97 102 105 109 110 112 113 116 117 125 133 138 149 152 155 158 166 167 174 175
9 11 14 16 22 23 25 28 29 31 35 36 38 45 48 58 64 67 69 74 78 81 92 94 100 104 109 112 118 124 130 131 134 143 145 148 152 154 155 161 164 165 166 167 173 177
9 10 11 13 14 18 20 22 25 28 29 30 31 32 48 56 66 68 74 78 80 81 92 94 101 109 112 116 117 118 122 124 125 130 134 135 143 146 147 154 160 164 169 170 171 175 177
5 24 34 58 64 89 112 119 121 126 132 133 143 159 162 166 174
2 8 14 22 25 29 35 38 44 45 47 58 60 67 70 75 76 81 100 106 113 118 121 129 130 134 138 142 143 148 152 157 158 159 163 164 168 173 175 176
2 3 9 14 18 21 25 28 29 31 32 34 35 37 41 42 43 48 55 58 64 69 78 81 88 90 94 101 105 115 116 122 124 125 128 129 139 140 143 147 149 159 167 171 172 176
1 2 7 9 15 18 19 26 27 28 33 41 43 66 68 70 73 78 80 88 92 94 98 103 105 116 124 131 132 133 134 135 138 139 149 150 154 159 160 162 164 167 169 170 172 173 176
