1 2 4 5 6 10 12 15 16 17 21 23 24 25 26 27 29 30 32 33 34 36 37 38 39 40 41 42 43 44 45 46 47 49 50 51 52 53 54 55 56 57 58 60 61 62 63 64 65 66 67 68 69 70 71 73 76 79 80 81 82 83 84 85 86 88 89 91 93 94 95 96 97 98 99 100 101 102 103 106 107 108 110 111 113 114 115 116 119 120 121 122 126 127 128 129 131 133 135 136 137 138 140 141 142 143 144 146 147 150 151 152 153 155 156 157 158 159 160 161 162 163 164 165 167 168 169 171 173 175
9 23 24 38 40 41 44 45 47 52 57 58 70 73 75 82 84 86 97 98 108 110 111 112 113 120 121 123 124 127 131 137 138 140 142 151 157 158 159 160 161 165 166 175 177
1 2 3 8 9 11 12 15 16 17 19 20 21 23 24 26 27 29 30 33 34 36 37 38 39 40 41 42 43 44 45 47 49 50 51 52 53 54 55 56 57 60 61 62 63 65 66 67 70 71 72 74 75 76 79 81 82 83 84 85 86 87 88 89 91 93 94 95 96 97 98 99 100 101 102 103 104 106 107 108 110 112 113 114 115 118 119 120 121 123 124 126 127 128 129 130 131 132 133 134 136 140 141 143 144 145 146 147 148 149 150 152 153 154 155 157 158 159 160 161 162 163 164 165 167 168 169 170 172 174 176 177
1 15 26 40 43 66 86 115 149 169 171
1 8 11 15 17 24 26 31 33 40 43 53 56 66 68 69 73 75 76 86 87 91 98 110 111 113 114 115 119 124 127 131 140 142 149 152 154 158 159 163 166 169 171 176
2 22 24 25 28 29 34 36 38 46 49 53 56 58 60 63 65 67 69 81 84 86 89 91 94 95 97 100 111 112 114 119 127 138 140 142 143 144 145 148 152 158 161 162 163 165 172
8 13 16 45 72 81 87 94 173 177
8 9 13 16 20 25 28 31 35 36 38 45 46 48 56 57 59 61 69 72 73 74 81 87 90 92 94 95 100 101 105 109 111 118 121 129 137 143 149 156 158 159 160 161 165 173 175 177
2 7 9 14 19 21 22 25 30 31 32 33 34 36 41 43 45 48 60 61 69 74 75 78 80 81 85 90 94 102 104 105 112 117 121 124 125 129 131 132 135 148 152 154 155 161 164 167 174 176 177
1 26 32 71 79 80 82 83 136 144 150 151 169
1 2 3 4 5 8 9 10 11 12 14 15 16 18 19 20 22 24 26 27 29 30 32 33 35 36 37 39 40 43 44 45 46 47 48 49 50 52 53 54 55 57 58 59 60 61 62 63 65 67 68 70 71 74 76 79 80 81 82 83 84 85 86 87 88 89 90 91 93 94 95 96 97 99 100 101 103 104 106 107 109 110 112 113 114 117 118 119 120 121 123 126 128 129 132 133 134 135 136 138 139 140 141 143 144 145 146 147 148 149 150 151 154 155 156 157 159 160 161 162 163 164 166 168 169 170 172 173 175 176
2 3 9 16 19 21 25 29 35 36 38 41 42 44 45 58 64 67 72 78 81 92 94 97 102 104 112 116 124 125 127 129 130 131 134 135 139 145 148 154 155 161 165 173 174 176 177
3 8 15 22 25 29 31 38 45 47 52 53 57 61 62 63 72 75 78 81 84 94 104 111 112 118 120 121 124 130 132 133 134 145 148 152 154 161 165 167 168 172 173 176 177
2 3 17 22 23 25 28 29 31 36 38 40 47 53 58 63 67 69 72 75 81 87 94 106 118 121 129 130 134 135 140 144 152 153 154 159 162 164 165 167 172 173 175 176
1 4 6 7 12 24 27 30 33 39 40 51 54 55 56 68 79 80 82 83 84 86 88 91 92 99 101 108 110 115 126 128 131 135 137 144 146 151 153 160 169 171
8 15 23 26 29 31 36 43 53 63 66 69 73 74 75 76 87 88 94 111 113 114 116 118 119 121 124 125 131 138 140 142 149 152 154 158 159 163 165 166 173 176 177
2 3 4 5 7 8 10 11 13 14 16 17 19 20 21 22 23 24 25 28 29 30 31 34 35 36 37 38 41 42 43 44 45 46 47 48 49 52 53 54 55 57 58 60 61 62 63 64 65 67 69 70 72 73 74 76 77 78 80 81 85 86 87 89 90 91 94 95 96 97 98 100 101 102 103 104 105 106 107 109 111 112 113 114 116 117 118 119 121 123 125 127 128 129 130 131 133 134 135 138 139 140 141 142 143 144 145 147 148 149 150 152 154 155 156 157 158 159 160 161 162 163 164 165 166 167 168 172 173 174 175 176 177
4 6 7 9 10 11 13 14 18 19 21 23 27 28 32 41 59 74 77 78 80 82 87 90 96 99 105 107 109 115 118 122 125 132 135 137 139 141 143 145 151 154 170 171
1 2 3 4 6 10 12 13 14 15 17 18 19 24 26 27 29 30 32 35 38 39 40 44 45 46 47 49 50 51 53 54 55 59 62 63 65 67 71 73 79 81 82 83 84 86 88 89 91 94 96 99 102 103 104 106 107 108 113 114 115 119 120 122 124 125 126 128 130 131 132 134 135 136 137 144 146 149 150 151 153 155 157 158 159 161 165 166 168 169 170 172 173
1 2 3 4 6 7 9 10 11 12 13 14 15 17 18 19 20 21 24 26 27 29 30 32 33 35 37 38 39 40 41 42 43 44 45 46 47 48 49 50 51 53 54 55 56 59 62 63 65 66 67 68 69 70 71 73 74 78 79 80 81 82 83 84 86 88 89 90 91 92 94 95 96 98 99 101 102 103 104 105 106 107 108 109 110 112 113 114 115 116 117 119 120 122 124 125 126 128 130 131 132 134 135 136 137 138 139 141 143 144 146 147 149 150 151 153 155 157 158 159 160 161 162 165 166 168 169 170 171 172 173 174 176
3 5 8 9 10 11 13 14 18 19 21 22 25 31 32 36 41 45 48 58 59 72 74 78 80 81 96 102 107 109 118 122 124 125 130 132 136 137 145 148 151 154 164 170 172 173
1 3 4 5 6 7 9 10 11 12 13 14 15 16 18 19 20 21 22 26 27 30 32 33 35 39 40 41 42 44 45 46 49 50 51 52 54 55 56 59 60 62 64 66 67 68 69 70 71 72 73 74 75 76 77 79 80 82 83 84 85 87 88 89 90 91 92 94 96 97 98 99 100 101 103 104 105 106 107 108 109 110 113 114 115 117 120 121 122 123 124 125 126 127 128 131 135 136 137 138 139 141 143 144 146 147 149 150 151 152 153 154 155 157 158 160 168 169 170 171 172 173 176 177
1 2 3 4 5 6 8 10 12 13 14 15 16 17 18 19 20 21 22 23 25 27 28 29 31 33 34 35 36 38 39 44 45 46 47 49 50 51 52 53 54 58 59 60 61 62 63 64 65 67 68 71 72 75 76 79 80 81 82 83 84 85 87 88 89 91 93 94 96 97 99 100 102 103 104 106 107 108 110 111 113 114 115 117 118 119 120 121 122 123 124 125 127 129 130 132 133 134 136 137 138 140 142 143 144 145 146 148 149 150 151 152 153 154 155 156 157 158 159 161 163 164 165 166 167 168 169 170 171 173 176 177
1 6 7 10 11 13 18 21 27 32 33 34 37 39 41 48 55 56 59 68 69 71 78 86 96 105 110 116 122 125 126 135 137 138 142 144 146 153 158 163 170 171 174
5 11 14 18 21 22 25 28 29 31 36 41 43 44 45 48 52 59 63 64 68 69 70 73 76 80 87 104 105 109 116 124 130 133 145 152 154 155 163 164 171 172 173 177
1 2 3 4 5 6 8 10 11 12 13 15 17 20 24 26 27 29 30 32 33 34 35 36 37 38 39 40 41 42 43 45 46 47 49 50 53 54 55 56 57 59 60 61 62 63 64 65 66 67 68 69 70 71 72 73 75 76 77 79 82 83 84 85 86 87 88 89 91 93 94 96 97 98 99 100 101 102 103 104 106 107 108 109 110 111 112 113 114 115 116 118 119 120 121 123 126 128 129 130 131 134 138 140 141 142 143 144 147 148 149 151 152 155 156 157 158 159 160 161 162 163 165 166 168 169 170 172 174 175 177
5 8 9 10 11 13 20 21 22 25 28 31 37 42 48 58 60 69 74 78 89 90 92 95 101 102 104 109 111 112 117 125 129 130 139 141 143 145 147 148 152 154 164 172 175 177
1 2 3 4 5 6 7 8 9 10 11 12 13 14 15 16 17 18 19 20 21 22 25 26 27 31 32 33 37 39 40 41 42 43 48 50 51 52 53 54 55 56 59 61 62 65 66 67 68 70 71 72 73 74 75 76 78 79 80 82 83 84 85 86 87 88 89 90 91 92 94 96 97 98 99 101 102 103 104 105 107 108 109 110 111 113 114 115 116 117 118 119 120 121 122 124 125 126 127 128 132 133 135 136 137 138 139 141 142 145 146 147 149 150 151 152 153 154 156 157 158 160 163 164 169 170 171 172 174 176
16 17 23 24 25 28 33 34 38 40 41 42 49 54 60 64 66 69 73 77 82 86 89 90 91 101 102 109 116 119 121 127 130 132 145 152 158 163 164 165 168 171 174 175
1 4 6 7 9 10 12 13 18 21 27 32 39 41 44 51 59 71 74 78 79 82 83 88 99 102 107 108 109 115 122 125 126 132 135 136 137 139 146 150 151 153 170 171
2 13 16 22 35 74 106 119 133 134 143 159 165 175
2 5 7 8 9 11 13 14 16 21 22 28 31 34 35 41 45 59 64 69 72 74 92 94 106 109 116 118 119 124 125 133 134 143 145 154 156 158 159 161 165 166 170 174 175
1 8 11 14 17 21 59 64 112 139 152 176
1 2 3 5 7 8 11 14 17 19 21 22 23 25 29 38 45 48 53 58 59 61 64 67 72 80 94 96 100 101 102 106 112 121 124 125 127 129 130 131 133 134 139 143 152 155 164 174 176 177
1 4 5 6 7 10 12 13 14 15 17 19 20 24 27 30 32 33 37 38 39 40 41 42 43 46 49 50 51 52 54 55 56 57 59 60 61 62 65 66 67 68 70 71 74 76 77 79 82 83 84 85 86 88 89 91 94 96 97 98 99 101 102 105 106 107 108 109 110 111 113 114 117 119 120 126 128 131 136 138 141 142 143 144 146 147 148 149 150 151 153 156 157 158 159 160 162 163 166 168 169 174
1 3 4 5 6 7 8 9 10 11 12 13 14 15 17 18 19 20 21 24 26 27 29 30 32 33 37 38 39 40 41 42 43 46 48 49 50 51 52 54 55 56 57 59 60 61 62 65 66 67 68 70 71 72 73 74 75 76 77 78 79 80 82 83 84 85 86 88 89 90 91 92 94 95 96 97 98 99 101 102 105 106 107 108 109 110 111 113 114 115 117 119 120 122 124 125 126 127 128 131 132 135 136 137 138 139 141 142 143 144 146 147 148 149 150 151 153 154 156 157 158 159 160 162 163 166 168 169 170 171 174 175 176 177
1 4 5 6 10 12 13 15 19 20 23 25 27 28 29 31 32 33 34 35 37 38 39 40 43 44 46 47 48 49 50 51 52 55 57 59 60 61 62 63 64 66 67 68 69 70 71 72 73 74 75 76 78 79 80 81 82 83 84 85 86 87 88 90 91 93 94 95 98 99 100 101 103 105 106 107 111 112 113 114 115 116 117 118 119 120 121 122 123 124 126 127 129 132 133 135 136 137 138 139 140 141 142 143 144 146 147 149 150 151 153 154 155 156 157 158 159 160 162 163 165 166 167 168 169 171 172 175 176
3 7 8 9 11 12 14 21 28 34 35 41 43 45 46 53 55 57 58 66 69 70 72 74 77 100 102 116 117 125 129 138 143 147 155 160 161 164 167 168 175 176
1 2 4 5 6 7 8 9 11 12 13 14 15 16 17 18 19 20 22 23 25 26 27 28 29 30 31 32 33 34 35 36 37 38 39 40 41 42 44 45 47 48 49 50 51 52 53 55 56 57 58 59 60 61 62 63 64 65 66 67 68 69 70 71 72 73 74 75 76 77 78 79 80 81 82 83 84 85 86 87 88 89 90 91 92 93 94 95 96 97 98 99 100 102 103 104 105 106 107 108 110 111 112 114 115 116 118 119 120 121 122 123 124 125 126 127 128 129 130 131 132 133 134 135 136 137 138 139 140 141 142 143 144 145 146 147 148 149 150 151 152 154 155 156 157 159 160 161 162 163 164 165 167 168 169 170 171 172 173 175 176 177
9 28 30 48 68 74 78 86 104 112 160 162 171
9 10 11 12 13 18 19 21 26 27 28 30 37 42 48 50 54 55 66 68 74 78 86 90 92 95 104 109 110 112 115 117 122 125 126 132 139 141 143 146 147 160 162 171 174
22 24 29 42 43 47 53 81 88 98 113 140 161 163 166 171
22 23 24 25 28 29 31 34 36 42 43 47 52 53 58 69 73 78 81 88 90 92 95 98 101 103 111 112 113 116 118 127 134 140 145 152 154 159 161 162 163 165 166 167 171 176
9 18 23 24 30 31 33 36 41 42 43 48 49 58 60 68 74 78 80 86 90 92 95 101 102 105 109 112 125 126 128 129 130 131 132 135 137 139 145 160 164 168 171 175
2 19 42 47 54 65 83 88 92 93 95 119 128 141 144 174
2 6 17 18 19 24 30 40 42 47 48 54 61 65 66 78 82 83 86 87 88 91 92 93 95 98 108 112 115 119 125 128 131 132 135 139 141 144 147 162 169 171 174
1 4 6 7 10 12 19 20 21 27 28 32 33 34 37 39 40 42 43 46 48 49 50 51 54 55 56 59 62 68 71 74 76 78 79 80 82 83 85 86 87 88 91 95 96 99 101 102 103 105 107 108 110 113 114 115 116 117 123 125 126 128 133 135 136 137 138 139 141 142 144 146 147 149 150 151 153 157 158 160 163 164 166 169 171
1 2 3 4 6 7 10 12 15 17 18 19 20 21 24 26 27 28 29 30 32 33 34 37 39 40 42 43 44 46 47 48 49 50 51 52 53 54 55 56 57 59 60 62 63 65 66 67 68 70 71 73 74 76 78 79 80 82 83 84 85 86 87 88 89 90 91 92 93 95 96 97 98 99 100 101 102 103 104 105 106 107 108 110 111 112 113 114 115 116 117 119 120 121 123 125 126 128 131 132 133 134 135 136 137 138 139 140 141 142 143 144 146 147 148 149 150 151 152 153 156 157 158 160 161 162 163 164 165 166 168 169 171 176
1 6 51 80 82 83 84 108 132 137 144 153
1 2 3 4 6 7 10 11 12 15 17 18 19 20 23 24 26 27 29 30 32 33 36 37 38 39 40 42 43 44 47 49 50 51 52 53 54 55 56 57 58 59 60 62 63 64 65 66 67 68 70 71 73 74 76 79 80 82 83 84 86 87 88 89 90 91 93 95 96 98 99 100 101 102 103 105 106 107 108 109 110 112 113 114 115 117 119 120 121 122 123 125 126 127 128 129 130 131 132 133 134 135 136 137 138 139 141 142 144 146 147 148 149 150 151 153 156 157 158 159 160 162 163 165 166 169 170 171 174 177
