#iterations	mean Measure
1	-2.8444534492075166E-4
501	-0.003262385324466545
1001	-0.0030899800922740894
1501	-0.0033261688266131087
2001	-0.002681083635842945
2001	-0.002681083635842945
2501	-0.002216178825497648
3001	-0.0019090249805470943
3501	-0.001696352135232773
4001	-0.0015450973615321432
4001	-0.0015450973615321432
4501	-0.001438300823255787
5001	-0.001344130354024141
5501	-0.0012639452140590438
6001	-0.0011925654415040703
6501	-0.0011393734949675044
7001	-0.001095925272790151
7501	-0.001060683163374011
8001	-0.0010319121798913777
8501	-0.0010054298038707139
9001	-9.77214716255955E-4
9501	-9.52997561543516E-4
10001	-9.319275132938283E-4
10501	-9.116572608358655E-4
11001	-8.936920382969955E-4
11501	-8.779638709804726E-4
12001	-8.616110073359653E-4
12001	-8.616110073359653E-4
12001	-8.616110073359653E-4
12501	-8.461697724012204E-4
12501	-8.461697724012204E-4
13001	-8.350249862412375E-4
13501	-8.274886973830956E-4
13501	-8.274886973830956E-4
14001	-8.174218911807386E-4
14501	-8.073023277022568E-4
15001	-8.004427163564224E-4
15501	-7.909884394301828E-4
16001	-7.824955475465835E-4
16001	-7.824955475465835E-4
16501	-7.729249785539501E-4
17001	-7.6604870500103E-4
17501	-7.596349555008722E-4
18001	-7.516687560065596E-4
18501	-7.470111888404008E-4
19001	-7.42534752270741E-4
19001	-7.42534752270741E-4
19001	-7.42534752270741E-4
19501	-7.379529956770304E-4
20001	-7.318391351099201E-4
20501	-7.285465044700615E-4
21001	-7.246295580905105E-4
21501	-7.218753318932763E-4
21501	-7.218753318932763E-4
22001	-7.17780385273856E-4
22501	-7.150096005406936E-4
23001	-7.112462584172789E-4
23501	-7.085007452974021E-4
24001	-7.058773468264487E-4
24501	-7.030445254550918E-4
25001	-7.013889087402794E-4
25501	-6.990854652017292E-4
26001	-6.95821914350268E-4
26501	-6.933998052134713E-4
26501	-6.933998052134713E-4
26501	-6.933998052134713E-4
26501	-6.933998052134713E-4
27001	-6.909516577047233E-4
27501	-6.887881733287916E-4
28001	-6.870846403149763E-4
28001	-6.870846403149763E-4
28501	-6.843078310472985E-4
29001	-6.83182169934623E-4
29501	-6.816056022415759E-4
30001	-6.80079226294906E-4
30501	-6.787387621634392E-4
30501	-6.787387621634392E-4
30501	-6.787387621634392E-4
31001	-6.769511354880853E-4
31501	-6.76173707759217E-4
32001	-6.751191729608371E-4
32501	-6.749122543177738E-4
33001	-6.732142385817842E-4
33001	-6.732142385817842E-4
33501	-6.735861209408342E-4
33501	-6.735861209408342E-4
33501	-6.735861209408342E-4
34001	-6.717839656203441E-4
34501	-6.702035424270885E-4
34501	-6.702035424270885E-4
35001	-6.694800855031607E-4
35001	-6.694800855031607E-4
35501	-6.683690626289828E-4
36001	-6.67313657567894E-4
36501	-6.66799178327534E-4
37001	-6.663438189950365E-4
37501	-6.647216682431561E-4
38001	-6.646480609585953E-4
38501	-6.648389375389857E-4
38501	-6.648389375389857E-4
39001	-6.656530013072104E-4
39001	-6.656530013072104E-4
39501	-6.650279325496589E-4
40001	-6.650971477395423E-4
40501	-6.649171880202782E-4
40501	-6.649171880202782E-4
41001	-6.640964974536901E-4
41501	-6.632604456250353E-4
42001	-6.627268064932437E-4
42501	-6.615295394112298E-4
43001	-6.613740250929483E-4
43001	-6.613740250929483E-4
43001	-6.613740250929483E-4
43501	-6.603563843619995E-4
44001	-6.602298873861338E-4
44501	-6.597872253620657E-4
45001	-6.602775235209257E-4
45501	-6.589835176160182E-4
46001	-6.592167873311934E-4
46501	-6.590665817873023E-4
47001	-6.582635033999801E-4
47501	-6.578682876574416E-4
48001	-6.579595046377097E-4
48501	-6.575058810212789E-4
48501	-6.575058810212789E-4
49001	-6.568151787237545E-4
49501	-6.560187554920194E-4
50001	-6.557824837730183E-4
50001	-6.557824837730183E-4
50501	-6.549348074146843E-4
51001	-6.54421309044851E-4
51001	-6.54421309044851E-4
51001	-6.54421309044851E-4
51501	-6.536959569548542E-4
51501	-6.536959569548542E-4
51501	-6.536959569548542E-4
52001	-6.530152743415543E-4
52001	-6.530152743415543E-4
52001	-6.530152743415543E-4
52501	-6.528567720487468E-4
53001	-6.524184002533829E-4
53501	-6.525839089749037E-4
54001	-6.528652723857704E-4
54501	-6.529437176522938E-4
55001	-6.52823006693179E-4
55001	-6.52823006693179E-4
55501	-6.518635464695087E-4
56001	-6.516162723936834E-4
56501	-6.513106112775042E-4
57001	-6.508393447769407E-4
57501	-6.505914638818569E-4
58001	-6.496763018269955E-4
58001	-6.496763018269955E-4
58501	-6.497759635508208E-4
59001	-6.495962236399729E-4
59501	-6.488556270422626E-4
60001	-6.483154824042295E-4
60501	-6.476233663226476E-4
61001	-6.478343246719478E-4
61001	-6.478343246719478E-4
61501	-6.47279696970776E-4
61501	-6.47279696970776E-4
62001	-6.469990903640672E-4
62501	-6.468839798244612E-4
62501	-6.468839798244612E-4
62501	-6.468839798244612E-4
63001	-6.459525419894284E-4
63501	-6.460630217480379E-4
64001	-6.455303144471181E-4
64501	-6.450135104681976E-4
65001	-6.45037868624228E-4
65501	-6.450227543763981E-4
66001	-6.443453094858643E-4
66501	-6.440119564526736E-4
66501	-6.440119564526736E-4
67001	-6.438925885496198E-4
67001	-6.438925885496198E-4
67501	-6.438375108569331E-4
68001	-6.440176551103275E-4
68501	-6.436353792868802E-4
69001	-6.433885925699931E-4
69501	-6.432853337432479E-4
70001	-6.426678517828196E-4
70001	-6.426678517828196E-4
70001	-6.426678517828196E-4
70501	-6.428246329256068E-4
71001	-6.428678943332302E-4
71001	-6.428678943332302E-4
71501	-6.423276636921824E-4
71501	-6.423276636921824E-4
72001	-6.415841661558105E-4
72501	-6.410075058173049E-4
73001	-6.40561683046785E-4
73001	-6.40561683046785E-4
73501	-6.402371749849136E-4
74001	-6.403305573066691E-4
74501	-6.400711084889697E-4
75001	-6.402399383861996E-4
75501	-6.396536796547968E-4
76001	-6.393821757680789E-4
76501	-6.390812300191903E-4
77001	-6.38817306968617E-4
77001	-6.38817306968617E-4
77501	-6.383776759763287E-4
78001	-6.379743252218871E-4
78501	-6.377830763454484E-4
79001	-6.372260032152046E-4
79501	-6.367764584044039E-4
80001	-6.368070987230863E-4
80001	-6.368070987230863E-4
80501	-6.364086129378338E-4
81001	-6.363469756016802E-4
81001	-6.363469756016802E-4
81501	-6.360441255735761E-4
81501	-6.360441255735761E-4
81501	-6.360441255735761E-4
81501	-6.360441255735761E-4
82001	-6.355638113111745E-4
82501	-6.359173450188166E-4
83001	-6.358810744331611E-4
83001	-6.358810744331611E-4
83501	-6.355122664364746E-4
84001	-6.351210439587999E-4
84001	-6.351210439587999E-4
84501	-6.352816925543312E-4
84501	-6.352816925543312E-4
84501	-6.352816925543312E-4
84501	-6.352816925543312E-4
84501	-6.352816925543312E-4
84501	-6.352816925543312E-4
84501	-6.352816925543312E-4
85001	-6.351736629798488E-4
85501	-6.349705791214488E-4
86001	-6.348458114484893E-4
86501	-6.349134215056545E-4
87001	-6.347045216495722E-4
87001	-6.347045216495722E-4
87001	-6.347045216495722E-4
87501	-6.344401229188481E-4
87501	-6.344401229188481E-4
88001	-6.342663186024175E-4
88001	-6.342663186024175E-4
88501	-6.342088359485479E-4
89001	-6.346826672620538E-4
89501	-6.346953112218888E-4
90001	-6.348002291266283E-4
90001	-6.348002291266283E-4
90001	-6.348002291266283E-4
90501	-6.346283031500523E-4
91001	-6.344857729557673E-4
91001	-6.344857729557673E-4
91001	-6.344857729557673E-4
91001	-6.344857729557673E-4
91001	-6.344857729557673E-4
91501	-6.343579039860942E-4
91501	-6.343579039860942E-4
92001	-6.341421444010703E-4
92001	-6.341421444010703E-4
92501	-6.341761515898599E-4
92501	-6.341761515898599E-4
93001	-6.343488132758072E-4
93501	-6.344908683853647E-4
94001	-6.344862715945103E-4
94501	-6.344766140088698E-4
95001	-6.3426021353517E-4
95001	-6.3426021353517E-4
95001	-6.3426021353517E-4
95501	-6.343926474730213E-4
96001	-6.345100903720432E-4
96001	-6.345100903720432E-4
96001	-6.345100903720432E-4
96001	-6.345100903720432E-4
96501	-6.342970243225063E-4
97001	-6.342202114173827E-4
97501	-6.341100217405927E-4
98001	-6.339546819229325E-4
98001	-6.339546819229325E-4
98001	-6.339546819229325E-4
98001	-6.339546819229325E-4
98501	-6.338614464365773E-4
98501	-6.338614464365773E-4
98501	-6.338614464365773E-4
98501	-6.338614464365773E-4
98501	-6.338614464365773E-4
98501	-6.338614464365773E-4
99001	-6.334546516611839E-4
99501	-6.332547820537736E-4
99501	-6.332547820537736E-4
99501	-6.332547820537736E-4
