2425 3176 4391 7342 8934 9417 12553 15610 16642 16958
188 1639 2333 2749 4041 4623 4759 5474 6849 9123 10755 11232 12095 13090 13269 13899 16081
2240 4098 4835 5001 5373 5893 6988 8052 10379 11575 13993 14231 14993 16331 16455 16708
2674 3798 5485 6089 6390 7568 8070 9230 9892 10214 11254 11522 11550 13101 13857 14561 14863 14915 16104 16340 16700
789 6736 8316 8576 14637 15237 15415 15607 16015 16305 16507 16739 17946
152 450 1052 1385 1837 2371 2476 2554 2613 3055 3652 4101 4946 5145 5437 5497 5800 5886 5896 6157 6773 7007 7197 7807 8023 8282 8363 9058 9212 9714 10281 10415 10626 10669 10986 11198 11747 12297 12433 12523 12743 13140 13202 13413 13795 14310 14433 14516 14620 15126 15749 16298 16576 17286
850 878 1247 1933 3252 6139 7207 9129 10079 14282
134 2936 4003 4086 5074 6358 6965 7326 8123 10418 11694 12331 13418 14219 14871 17354
235 1643 5033 9318 9837 10491 11441 12423 14609 14838 14849 17737
1419 2489 4472 5346 7884 7966 8243 9690 10322 10607 10933 12635 13247 13589 14481 16431 17487
241 699 4126 4831 7472 11116 13463 14645 17645 17671
1678 2600 5040 5317 7124 9241 11746 13838 14016 14046 15289 17900
2087 2380 2978 3474 7578 8490 11702 14020 14686 15265
811 1386 2673 6037 9091 9394 10477 10650 11098 14370 15513 16479 17313
3375 5058 5778 6255 6279 10141 13606 14029 14086 14998 16279 17053 17490 17626
7024 7234 7348 8588 10461 13785 15096 16087 16836 17763
5 122 228 348 592 983 1197 1341 1371 2148 6119 7473 7482 7632 8742 11149 11187 11631 11731 11771 12137 13532 13834 13860 15383 16043 16737 17043 17389 17499
1323 1941 3197 5881 5976 7832 7859 9917 11129 11858 14287 14572 14741 16005 16172 16322
3630 4199 4592 4753 6180 6400 7068 8606 8799 11384 11591 13038 13059 15722
1411 2874 6152 6862 7325 8993 9234 11383 13293 16021
1647 3224 4572 4861 6141 6614 13835 14412 15644 17091
97 383 543 774 976 1017 1140 1295 1326 1389 1775 1881 1993 2113 2161 2177 2910 2962 3674 3991 4083 4185 4413 4550 4565 4676 4978 5015 5331 5390 5574 5578 5586 5708 5825 6438 6691 6905 7225 7302 7490 7781 8007 8526 8716 9021 9406 9540 9638 9749 9824 10332 10660 10748 10874 10938 11157 11255 11396 11410 11594 11665 11799 11868 11878 11940 12076 12104 12362 12426 12497 12552 12637 12704 14202 14360 14905 15247 15315 15358 15409 15764 15950 16004 16034 16086 17731
3320 3645 5307 9501 10100 10215 10391 10864 12338 12679 14902 16277 17249
1941 2354 2444 4922 5708 7599 10078 12064 13922 14572 15278 16537
1028 4607 6173 7114 8128 8389 10439 11313 12202 13105 13822 14660 14773 16689
173 520 1378 1389 2032 2806 4221 6462 6512 6566 7035 9087 9982 10594 11019 11743 11769 13104 13755 15522 15815 17397
4975 6388 7300 7366 8186 8249 10268 11511 12343 14482
256 2100 4381 4760 4969 5353 6951 10971 11922 12194 13341 14176 14277 15980 17504
1479 1562 1732 2204 4026 4348 5108 5202 5209 5218 5220 6068 7733 8312 9184 9909 10965 11675 12585 12712
1031 2001 3137 3596 3609 4787 5159 6450 6467 7277 8096 9874 15511 17310
764 1461 1709 2149 6968 7161 12710 13809 15707 15881 16549 16630
1078 2581 2639 4290 6429 7210 8125 10216 11534 14569
2001 3137 3596 3609 4787 6450 6467 7277 8096 17310
1358 2027 3418 3807 5735 6228 6979 7018 7872 7879 8581 8753 9405 11352 12630 12868 13854 14469 14640 14789 15245 16867 17425 17497
2798 4546 7095 7647 9500 11649 12329 12860 15823 16233
1059 3771 4980 5264 5934 7973 10317 11287 11365 12289 13974 15824 15984 16228 17966
662 1006 2130 3217 4277 11875 12278 13530 14882 15921
898 3996 4572 4861 6250 6614 7938 8502 12069 15598
2798 4546 7647 9500 12329 12472 12860 13020 15823 16233
1617 3399 3511 4240 5458 7876 8788 12566 16042 17954
782 1370 6135 6687 6719 12230 13167 13397 13464 13844 14889
458 1785 2604 3783 8272 11717 14278 14969 15390 15790
312 1533 2186 3228 3655 3945 4608 4625 5205 5607 6757 7163 7440 8445 8969 11051 11103 12071 13134 14627 14697 15231 17198 17798
2090 5629 6513 9410 11525 11927 12514 12570 16690 17805
1661 5018 5065 5408 5429 5608 5801 7717 7830 7927 8312 9990 10374 10445 10619 10868 11628 13806 13827 13923 16795 17089 17290 17900
4969 6130 10486 11922 12194 13215 13341 14176 16893 17081 17504
867 3020 7622 7924 10068 10435 10503 11529 11725 17631
207 283 1893 2154 2320 2553 4378 4826 6993 7652 10517 10954 12190 13480 14139 17034
764 1709 2149 3579 5226 8044 13809 15707 15881 16549 16630 16996
1035 1907 3884 4117 12502 13763 14349 15011 17351 17683
