2 5 7 8 10 11 12 13 14 15 16 17 19 20 21 22 23 24 25 26 28 29 32 34 35 36 37 38 39 41 42 43 44 45 46 47 48 49 50 52 53 54 55 57 58 60 61 63 64 65 67 69 70 71 72 73 74 75 76 77 78 81 83 86 87 88 89 91 92 94 95 97 98 99 100 102 103 104 105 106 107 109 110 111 112 113 114 116 117 118 119 121 122 123 125 126 128 129 130 133 134 138 139 140 141 142 143 144 145 146 147 148 149 150 152 154 155 156 157 158 159 161 162 163 164 165 166 167 168 169 171 172 173 174 175 176
5 22 23 31 38 45 53 69 72 75 81 104 116 121 124 129 134 164 165 167 173
5 22 23 25 28 31 36 38 45 46 47 53 61 63 64 69 72 75 76 81 93 100 104 116 118 121 124 129 133 134 138 140 143 145 148 152 155 161 164 165 166 167 173 175
5 8 22 23 25 28 29 31 35 38 45 46 58 64 67 69 72 76 77 85 97 100 116 118 119 127 134 138 140 143 145 148 156 158 159 161 165 166 173 175
1 6 12 24 27 39 40 51 56 71 79 82 83 84 88 96 99 107 108 128 136 144 146 150 151 153 169 170
1 2 3 4 5 6 8 10 12 13 14 15 16 17 19 24 26 27 29 30 31 33 35 38 39 40 42 44 46 47 49 50 51 52 53 54 56 57 58 59 61 62 63 65 66 67 68 71 73 75 76 77 79 80 81 82 83 84 85 86 87 88 89 91 93 94 96 97 98 99 100 101 103 104 106 107 108 110 111 112 113 114 117 119 120 121 122 123 124 125 126 127 128 130 131 133 134 136 138 139 140 141 142 143 144 145 146 147 148 149 150 151 152 153 154 155 156 157 158 159 162 163 165 166 168 169 170 171 172 173 176 177
3 5 7 9 11 13 14 16 18 21 22 25 31 41 44 45 58 64 69 70 75 77 78 81 85 94 100 104 116 118 124 127 129 130 133 145 148 154 155 156 161 164 166 167 170 173 176 177
1 7 20 28 82 90 92 95 102 111 112 135 141 146
1 3 7 11 14 15 18 19 20 21 22 28 31 48 64 74 78 80 81 82 90 92 95 98 101 102 105 109 111 112 124 125 132 134 135 139 141 145 146 147 154 164 171 172 174
3 5 7 9 10 11 13 14 16 18 20 21 22 25 28 29 31 32 41 44 45 59 66 68 74 75 78 80 90 92 94 95 105 109 117 122 124 125 127 130 134 139 145 154 170 173 176 177
4 6 9 12 16 18 19 25 28 51 55 63 78 80 81 90 99 104 107 118 129 135 137 153 154 167 171
1 3 4 5 6 7 8 9 10 11 12 13 14 15 18 19 20 21 22 25 26 27 28 32 33 35 36 37 39 40 41 42 43 44 46 48 49 50 51 52 54 55 56 59 60 63 66 68 69 70 71 72 73 74 75 77 78 79 80 82 83 84 85 87 88 89 90 91 92 95 96 98 99 101 102 103 105 106 107 108 109 110 112 113 115 116 117 118 120 122 124 125 126 127 132 134 135 136 137 138 139 141 142 144 145 146 147 149 150 151 152 153 154 155 156 157 158 160 161 164 168 169 170 171 173 174 175 176 177
1 3 5 12 16 18 22 24 27 30 32 33 46 47 50 56 59 60 61 65 71 77 79 80 82 85 87 88 89 91 93 96 97 99 102 103 106 107 120 122 123 126 132 134 136 138 144 148 150 151 156 157 161 162 169 174 177
2 3 33 47 56 63 84 87 92 120 129 169 177
1 2 4 6 8 11 12 16 22 23 25 30 31 33 34 35 37 39 42 44 46 47 49 50 51 53 60 62 64 65 67 68 69 70 71 73 75 76 79 80 82 83 84 85 86 87 88 89 91 93 96 97 99 100 103 104 106 107 108 110 113 114 115 118 119 120 121 123 124 126 127 128 129 131 133 134 136 137 138 140 142 143 144 145 150 151 152 153 155 156 157 158 159 160 161 163 166 167 170 172 175 176 177
1 4 6 7 10 12 14 15 16 19 22 24 25 26 27 32 35 39 40 42 43 44 46 49 50 51 52 53 56 59 60 61 63 65 66 67 68 70 71 78 79 80 82 83 84 86 87 88 89 91 92 93 96 98 99 100 101 103 105 106 107 108 112 113 114 115 117 119 120 121 128 129 130 131 132 133 135 136 137 138 144 147 150 151 153 155 156 157 159 160 162 164 168 169 170 171 172 173 174
2 23 25 38 45 46 57 67 80 106 111 120 126 129 138 142 148 149 159 161 163 175
2 16 23 25 28 34 36 38 45 46 47 48 57 59 67 69 80 94 101 105 106 111 116 118 120 126 129 130 134 138 142 143 148 149 159 161 163 165 167 172 173 175 176
8 9 13 14 16 18 23 34 35 36 38 41 45 48 56 58 64 68 69 72 77 78 81 94 104 106 109 116 117 118 123 127 129 130 134 142 154 155 156 158 159 164 165 167 173 174 176 177
5 14 16 17 22 25 31 35 38 44 45 47 49 53 58 60 62 65 72 81 84 87 94 103 104 106 113 118 121 133 140 145 149 154 155 156 157 159 161 165 167 168 172 173 177
1 15 23 26 29 31 36 38 40 43 44 47 51 56 59 63 66 69 75 76 82 87 91 98 108 114 115 116 119 124 127 137 140 142 158 163 169 170 171 175 176 177
1 8 13 15 17 26 28 29 31 33 36 44 46 48 63 66 69 73 75 76 78 80 105 109 111 113 114 115 116 119 123 124 125 138 140 142 145 149 152 154 155 156 158 159 163 165 166 169 171 173 176
16 22 23 25 28 29 31 36 38 45 52 58 60 61 64 67 76 77 89 92 94 111 118 125 133 134 138 140 142 145 148 152 154 155 157 159 161 163 164 165 167 172 175 177
7 9 11 13 19 20 21 24 27 30 33 37 41 42 43 50 54 56 58 65 68 74 78 88 89 90 92 95 98 101 102 105 109 110 112 115 117 122 128 131 139 143 160 169 174
2 8 9 14 16 17 21 23 25 36 38 43 45 47 48 57 58 59 64 69 70 72 78 85 93 95 101 106 109 112 116 129 130 134 140 145 147 149 152 155 159 162 165 167 173 174 176 177
2 8 10 12 13 15 18 21 23 25 29 31 35 36 47 53 63 69 72 75 84 85 93 97 109 116 118 120 123 129 138 139 140 145 148 152 154 157 161 164 171 175 176 177
5 8 16 22 23 25 28 31 35 36 38 45 47 61 64 69 75 77 81 87 94 100 104 111 116 118 121 124 129 142 143 145 152 155 156 158 161 163 167 172 173
1 6 33 50 51 54 56 79 80 82 83 96 99 107 108 110 135 151 153 169
13 21 22 44 52 53 59 63 69 74 89 103 114 131 142 152 164 177
1 4 7 9 12 13 18 20 24 27 28 30 32 33 40 43 49 55 56 66 68 70 79 80 82 84 90 91 101 105 108 126 135 136 137 144 151 153 160 166 170 173
3 5 8 9 21 22 25 29 31 35 36 38 41 45 48 52 58 60 75 78 81 87 94 104 111 112 116 124 125 129 130 134 139 145 148 149 152 154 155 161 164 166 172 173 177
1 4 7 9 10 11 12 17 19 20 24 26 27 30 33 37 43 49 50 53 54 56 57 65 67 68 71 76 78 79 82 83 86 88 91 92 95 96 99 101 102 105 107 108 109 110 112 113 114 115 117 122 123 125 126 128 131 136 139 141 144 146 147 148 150 151 153 157 160 162 169 171 174
2 5 28 30 39 49 61 84 100 116 121 132 167 172
1 6 12 15 26 29 31 33 35 40 47 51 56 66 68 73 77 80 82 86 87 91 96 97 99 108 113 116 118 124 135 136 137 138 151 153 158 160 163 165 169 170 176
1 3 15 16 22 29 46 47 54 58 60 61 64 69 73 75 76 82 93 94 107 113 114 117 118 120 130 140 144 152 153 154 157 158 159 160 163 165 166 175
5 22 25 28 31 35 52 58 72 75 76 85 124 132 140 145 148 156 168 175
5 8 14 16 22 23 25 28 31 34 35 38 46 52 58 64 69 72 75 76 77 85 107 111 116 118 120 124 127 130 132 137 138 140 142 143 145 148 156 158 159 161 168 173 175
4 6 10 12 16 18 22 25 31 38 39 40 49 51 71 79 80 81 82 83 91 96 99 101 104 106 129 130 133 136 137 144 150 151 152 153 159 173
1 4 10 11 12 13 14 20 23 39 40 46 49 50 53 55 57 59 60 68 71 77 79 82 96 97 98 99 103 106 111 136 143 146 150 151 153 159 160 166
2 22 29 31 35 44 45 47 53 57 67 77 81 87 104 106 121 129 130 133 134 148 152 154 164 167 173 175
2 3 17 22 23 24 28 29 31 35 44 45 47 53 57 58 64 67 77 81 87 94 104 106 116 121 129 130 133 134 140 143 145 148 152 154 156 159 164 165 166 167 172 173 175 176 177
9 11 13 16 21 36 45 72 75 94 109 124 167 170 173
9 11 13 14 16 17 19 20 21 23 30 35 36 37 38 45 48 56 61 62 72 75 81 93 94 95 97 100 108 109 118 121 124 127 129 130 134 139 155 166 167 168 170 173
2 3 16 22 25 28 29 31 36 38 45 48 49 53 60 72 74 81 87 89 90 93 100 111 129 130 134 155 159 168 172
1 2 4 5 6 7 8 10 12 15 16 17 18 24 26 27 30 32 33 34 36 38 39 40 41 42 50 51 52 54 55 56 57 58 59 61 62 64 65 66 67 70 71 72 73 75 76 77 78 79 80 82 83 84 85 86 91 92 93 94 96 98 99 101 102 103 104 106 107 108 110 112 113 114 115 117 118 119 120 122 126 127 128 129 131 136 140 142 144 149 150 151 152 153 157 158 159 162 164 168 169 170 172 176
1 4 6 11 13 15 21 27 30 39 40 42 43 46 49 51 53 54 55 61 62 65 67 70 71 74 79 82 88 89 90 92 95 98 99 101 102 103 107 109 111 112 113 114 121 123 125 126 133 135 136 143 144 149 150 151 153 157 163 169 172
9 19 27 39 43 47 50 51 54 56 58 62 64 71 84 85 86 89 93 96 98 100 105 107 110 117 119 124 125 126 130 131 132 134 135 142 149 154 155 156 158 160 164 169 175 176 177
1 2 3 4 5 6 7 12 15 16 24 27 29 30 33 37 39 40 41 42 43 44 49 51 52 54 56 57 58 67 68 70 71 72 76 77 79 80 82 83 85 86 87 89 91 94 96 98 99 101 106 107 108 112 113 114 115 123 126 127 128 130 131 136 137 140 142 144 149 150 151 153 156 157 158 159 160 161 162 163 164 169 172 174 176 177
1 3 4 6 10 12 23 24 27 30 33 35 37 39 40 42 45 47 49 50 51 52 54 55 57 60 64 65 66 71 72 79 80 82 83 84 86 89 95 96 99 101 102 103 104 107 108 111 115 118 119 126 127 128 131 136 137 141 142 143 144 146 148 150 151 153 156 157 158 160 161 162 167 169 173 175 177
1 6 7 10 11 12 13 20 26 27 32 39 44 49 50 52 55 66 67 71 80 84 87 88 96 99 101 106 107 110 111 113 115 120 127 136 144 146 149 150 153 157 158 160 171
