1 2 3 4 5 6 7 8 9 10 11 12 13 14 15 16 18 19 20 21 22 26 27 30 31 32 35 37 39 41 42 43 44 46 48 49 50 51 52 54 55 56 59 60 62 65 66 67 68 70 71 72 73 74 75 76 77 78 79 80 82 83 85 87 88 89 90 91 92 94 95 96 97 98 99 101 102 103 104 105 106 107 108 109 110 112 113 114 115 116 117 118 119 120 121 122 123 124 125 126 128 131 132 133 134 135 136 139 141 142 143 145 146 147 149 150 151 153 154 156 158 160 161 164 168 169 170 171 172 174 176
1 2 3 4 6 8 10 11 12 14 15 16 17 18 19 20 21 24 26 27 28 30 32 33 35 37 39 40 41 42 43 44 46 47 48 50 51 52 53 54 55 56 57 59 60 62 65 66 67 68 69 70 71 72 73 74 75 76 77 79 82 83 84 86 87 89 90 91 92 94 95 96 97 98 99 100 101 102 103 107 108 109 110 113 114 115 117 119 120 121 122 123 124 126 128 131 132 134 136 138 140 141 142 143 144 145 146 147 148 149 150 151 153 157 158 159 160 162 163 165 166 168 169 170 171 172 175 176 177
1 4 5 6 7 10 12 15 19 20 23 24 25 27 30 32 34 35 37 39 40 42 44 46 47 48 49 50 51 54 55 62 63 64 65 67 68 71 74 75 78 79 80 82 83 85 86 87 90 92 93 95 96 98 99 101 102 103 106 107 108 114 116 118 119 120 121 123 126 128 130 134 135 136 137 138 139 141 142 144 146 147 150 151 152 153 157 159 160 162 163 168 169
1 2 3 4 5 6 8 13 14 15 16 17 19 20 22 23 25 28 29 31 34 35 36 37 38 39 40 44 45 46 47 48 49 51 52 53 57 58 60 61 62 63 64 65 66 67 68 69 70 71 72 73 75 76 77 79 81 82 84 85 87 90 93 94 97 98 99 100 103 104 106 107 108 109 110 111 112 113 114 115 116 118 119 120 121 123 124 127 129 130 131 132 133 134 136 137 138 140 141 142 143 144 145 146 147 148 149 151 152 153 154 155 156 157 158 159 160 161 162 163 164 165 166 167 168 172 173 175 176 177
2 3 5 7 9 10 11 13 14 15 16 17 19 20 21 22 23 24 25 26 28 29 30 32 33 34 35 36 37 38 40 41 42 43 45 46 47 48 49 50 51 52 53 54 58 60 61 62 63 64 65 67 70 71 72 73 74 76 79 81 85 86 87 89 90 91 92 93 94 95 96 97 98 100 101 102 103 104 106 108 109 111 112 113 114 115 117 119 121 122 123 124 125 128 129 130 131 133 134 138 139 140 141 142 143 144 146 147 148 149 150 152 154 155 156 157 158 159 160 161 162 163 164 165 166 167 168 169 172 174 175 176 177
1 2 4 5 6 8 10 12 16 23 25 26 27 28 33 39 40 42 44 46 49 50 51 54 58 59 60 61 64 68 73 75 76 77 79 80 82 83 85 86 88 93 97 98 99 101 103 106 107 108 114 115 119 123 126 128 131 136 137 138 140 143 151 153 155 158 163 165 168 169 170 177
1 2 3 4 5 6 7 8 9 10 11 12 13 15 16 18 19 20 21 23 25 26 27 28 29 30 31 32 33 34 35 36 37 38 39 40 41 42 43 44 46 47 48 49 50 51 52 53 54 55 56 57 58 59 60 61 62 64 65 66 68 69 70 71 72 73 74 75 76 77 78 79 80 81 82 83 85 86 87 88 89 90 91 92 93 94 95 96 98 99 101 102 103 104 106 107 108 109 110 111 113 115 116 117 118 120 121 122 123 124 125 126 127 128 129 130 131 132 133 134 135 136 137 138 139 140 141 142 143 144 145 146 147 148 149 150 151 152 153 155 156 157 158 159 160 161 162 163 164 166 167 168 169 170 171 172 173 174 175 176 177
2 7 11 13 15 19 21 22 24 26 28 33 35 37 40 42 43 44 46 47 49 50 52 54 56 57 59 62 65 66 70 73 74 76 77 78 84 85 86 87 92 95 98 100 102 104 105 109 110 112 113 114 117 121 122 124 125 133 138 139 141 142 143 156 157 158 162 163 165 170 171 172 174 176
2 3 7 8 9 14 15 18 19 21 22 26 31 42 44 47 49 60 61 63 72 75 77 78 84 87 88 90 93 94 97 98 100 111 118 120 124 132 134 135 138 145 154 171 176 177
7 8 15 16 18 25 31 35 41 45 47 53 55 59 60 63 72 75 84 85 87 91 92 96 102 104 112 117 118 121 122 125 134 145 149 152 156 157 161 166 168 171 174 175 176 177
1 4 5 6 7 8 9 10 11 12 13 14 15 16 18 19 20 21 23 25 26 27 28 30 32 33 34 35 37 38 39 41 42 43 45 47 48 49 50 51 52 54 55 56 57 59 62 63 64 65 66 67 68 71 72 73 74 75 76 77 79 80 82 83 84 85 86 87 88 89 90 91 92 93 95 96 97 98 99 101 102 103 105 106 107 108 109 110 112 113 114 115 117 118 120 121 122 123 124 125 126 128 129 131 132 136 138 139 140 141 142 143 146 147 148 149 150 151 153 154 155 158 160 164 166 168 169 170 171 172 174 176 177
1 30 44 66 80 98 107 129 147 149
2 5 8 16 23 25 28 29 31 34 35 38 44 45 46 52 64 69 72 75 76 77 85 100 111 116 118 124 138 140 142 145 148 154 156 158 159 161 163 165 166 167 168 172 175
4 7 9 11 14 16 18 19 21 31 32 41 43 48 55 69 74 78 80 81 88 90 95 101 102 105 109 112 118 122 125 130 132 135 137 139 143 146 147 154 160 166 171 174
1 3 4 6 8 12 15 17 19 24 25 27 30 33 35 39 40 44 47 49 50 52 53 54 56 57 60 62 65 67 70 71 75 76 77 79 81 82 83 84 85 86 89 90 91 93 94 96 97 99 100 104 106 107 108 110 111 114 119 120 121 128 129 130 131 133 134 136 138 142 144 146 148 150 153 156 157 159 162 167 168 169 176
3 7 8 29 31 33 35 37 41 43 45 52 57 62 63 70 74 75 81 84 87 94 100 102 104 109 111 112 132 133 145 148 149 154 155 156 161 164 165 172 174 175 176 177
1 2 3 4 6 10 11 12 15 16 17 19 20 24 25 26 27 28 30 33 34 35 37 38 39 40 42 43 44 46 47 49 50 51 52 53 54 55 56 57 58 60 61 62 63 64 65 66 67 68 69 70 71 73 76 77 79 80 81 82 83 84 85 86 88 89 90 91 92 93 94 95 96 97 98 99 100 101 102 103 104 106 107 108 110 112 113 114 115 116 119 120 121 123 126 127 128 129 131 133 134 136 138 140 141 142 143 144 150 151 152 153 154 155 156 157 158 159 160 162 163 165 167 168 169 171 172 174 175 177
1 2 3 4 5 6 8 12 14 15 16 17 20 22 23 24 27 28 30 31 33 34 35 36 37 38 39 40 41 42 43 45 46 47 49 51 52 53 54 57 58 59 60 62 63 64 65 66 67 69 70 71 72 73 75 76 77 79 80 81 82 83 84 85 86 87 89 90 91 93 94 96 97 99 101 102 103 104 106 107 108 110 113 114 118 119 120 121 122 123 124 127 128 129 131 133 134 136 137 138 140 142 143 145 148 149 150 151 152 154 155 156 157 158 159 161 162 163 164 165 167 168 170 172 173 174 175 176 177
2 3 7 9 10 13 14 16 18 19 21 25 26 34 35 41 45 52 58 59 68 69 72 74 75 81 85 94 104 115 117 118 122 124 125 127 134 139 145 148 154 155 161 165 166 170 173 174 176 177
1 2 3 4 6 8 12 15 16 17 20 22 23 24 25 29 30 31 33 34 35 36 37 38 39 40 42 43 44 45 46 47 49 51 52 53 54 55 56 57 58 60 61 62 63 64 65 66 67 68 69 70 71 72 73 75 76 77 79 81 82 83 84 85 86 87 89 91 93 94 97 98 99 100 101 103 104 106 107 108 110 111 113 114 116 118 119 120 121 123 126 127 128 129 130 131 132 133 134 136 137 138 140 142 143 144 145 148 149 150 151 152 153 155 156 157 159 160 161 162 163 164 165 166 167 168 169 173 175 177
1 3 4 5 6 7 9 10 11 12 13 14 15 16 18 19 20 21 23 26 27 32 33 37 39 40 41 42 43 44 45 48 49 50 51 54 55 56 57 59 61 62 63 64 65 66 68 69 70 71 72 73 74 76 77 78 79 80 81 82 83 84 85 86 87 88 90 91 92 93 94 95 96 98 99 100 101 102 103 104 105 107 108 109 110 111 112 113 114 115 117 118 119 120 121 122 123 124 125 126 127 128 131 132 133 135 136 137 139 141 143 145 146 147 148 149 150 151 153 154 155 156 158 160 162 163 168 169 170 171 174 176 177
1 2 4 6 7 8 10 11 12 13 14 15 16 17 18 20 23 24 25 26 27 29 30 32 33 34 35 37 38 39 40 42 44 46 48 49 50 51 52 54 55 56 57 59 60 61 63 64 65 66 67 68 69 71 72 73 75 76 77 78 79 82 83 85 86 88 89 90 91 92 93 95 96 97 98 99 100 101 103 105 107 108 109 110 111 113 114 115 116 117 119 120 122 124 126 127 128 131 132 135 136 137 138 140 141 142 143 144 146 147 148 149 150 151 153 156 157 158 159 160 161 162 163 164 168 169 170 171 172 173 175
1 2 3 4 5 6 8 12 14 15 16 17 22 23 24 25 27 28 29 31 32 34 35 36 38 40 44 45 46 47 49 50 51 52 53 57 58 59 60 61 62 63 64 65 67 69 71 72 75 76 77 78 79 80 81 82 83 84 85 86 87 88 91 93 94 96 97 99 100 101 102 103 104 106 107 108 111 113 114 115 116 118 119 120 121 122 123 124 126 127 128 129 130 131 132 133 134 135 136 137 138 140 142 143 144 145 148 149 150 151 152 153 154 155 156 157 158 159 161 163 164 165 166 167 168 169 170 173 175 176 177
5 39 40 47 49 87 154 158 172 174
1 2 4 6 7 8 10 11 12 15 17 20 23 24 26 27 28 30 32 33 34 37 38 39 40 41 42 43 44 46 47 48 49 50 51 52 53 54 55 56 57 58 60 63 64 65 66 67 68 70 71 73 74 76 77 78 79 80 82 83 84 86 87 88 89 90 91 92 93 95 96 97 98 99 100 101 102 103 105 106 107 108 109 110 111 112 113 114 115 117 119 120 121 123 125 126 127 128 129 130 131 132 135 136 137 138 141 142 143 144 146 147 148 149 150 151 152 153 157 158 159 160 161 162 163 165 166 168 169 170 171 174 175 176
2 3 9 19 41 48 70 105 123 131 139
1 2 4 5 6 7 8 10 12 13 15 16 17 19 20 22 23 24 25 26 27 32 33 34 35 36 37 38 39 40 41 42 44 46 47 49 50 51 52 53 54 56 57 59 60 61 62 63 64 65 66 67 69 71 73 75 76 77 79 80 82 83 84 85 86 87 88 89 92 94 95 96 97 98 99 100 101 102 103 104 105 106 107 108 111 113 114 115 116 118 119 120 121 123 124 126 127 128 132 136 137 138 140 141 142 143 144 145 148 149 150 151 155 156 157 158 159 160 161 162 163 164 165 166 167 168 169 170 172 173 175 177
3 4 5 6 10 12 16 27 28 32 44 51 55 57 59 69 71 77 79 80 82 85 96 99 100 107 111 115 117 118 122 125 136 137 146 150 151 153 166 167 172
1 7 9 10 11 15 19 20 21 30 39 41 59 68 88 90 93 95 101 107 108 117 122 137 139 150 160 169 170
1 2 3 4 5 6 7 8 10 12 13 14 15 16 17 18 21 26 27 32 36 39 40 44 47 49 50 51 53 56 59 60 62 63 69 71 72 73 79 80 82 83 84 85 86 88 89 91 93 96 97 99 101 103 106 107 108 110 113 114 115 119 120 121 122 125 126 127 128 129 135 136 137 144 146 148 150 151 153 154 155 157 168 169 170 171 172 173 175 177
3 5 8 9 13 14 16 22 23 25 29 44 45 49 52 58 71 72 75 85 94 104 124 127 134 136 143 149 150 154 155 159 161 164 165 166 167 168 172 175 176 177
2 9 17 22 23 29 31 36 44 47 51 53 57 58 60 61 63 69 75 84 87 90 93 97 99 111 114 118 119 120 123 127 129 130 132 134 137 138 140 145 148 153 156 157 163 165 175
1 2 4 6 7 9 10 11 12 13 14 15 16 17 18 19 20 21 24 25 26 27 28 30 32 33 34 35 36 37 38 39 40 41 42 43 45 46 48 49 50 51 54 55 56 58 59 62 63 64 65 66 68 70 71 73 74 76 78 79 80 82 83 84 86 87 88 89 90 91 92 93 95 96 97 98 99 101 102 103 105 107 108 109 110 112 113 114 115 116 117 118 120 122 124 125 126 127 128 130 131 132 133 135 136 139 140 141 143 144 145 146 147 149 150 151 153 154 156 158 159 160 162 164 166 168 169 170 171 172 174 177
25 60 69 74 94 111 118 120 129 138 154 158 161 165 167 172
5 6 12 22 23 36 38 39 45 47 52 61 62 63 64 67 69 72 75 84 85 87 94 100 107 121 124 126 127 130 133 137 145 148 151 152 154 155 164 165 168 170 172 175 177
7 9 11 13 20 21 23 28 31 35 37 41 43 46 48 56 64 68 69 72 73 74 77 92 95 105 109 116 118 122 123 124 125 130 132 139 141 143 145 146 147 154 160 161 166 170 172
1 2 4 5 6 7 10 12 15 20 22 24 26 27 30 32 33 37 39 40 41 42 43 46 47 49 50 51 52 53 54 55 56 57 59 60 61 62 65 66 67 68 71 72 75 77 79 80 82 83 84 85 86 87 88 89 91 92 93 96 99 100 101 102 103 104 106 107 108 110 113 114 115 117 119 120 121 126 127 128 131 132 133 134 136 140 141 143 144 146 148 149 150 151 152 153 157 158 160 163 165 167 168 169 170 171 172 174 176
1 2 3 5 6 11 13 14 15 17 19 20 21 22 23 24 25 26 29 30 34 35 36 37 38 39 40 42 44 45 46 47 48 49 50 51 52 53 54 55 56 57 58 60 61 62 63 64 65 66 67 68 69 70 71 72 73 74 75 76 79 81 85 86 87 88 89 91 93 94 95 96 97 98 99 100 103 104 106 107 108 111 112 113 114 116 117 119 121 123 124 125 126 127 128 129 130 131 132 133 136 138 140 141 142 143 144 146 147 148 149 150 151 152 153 154 155 156 157 158 159 161 162 163 164 165 166 167 168 169 170 172 176 177
2 3 5 7 9 13 14 22 25 29 31 35 36 41 45 58 69 74 75 77 81 85 91 94 95 97 104 106 116 117 121 124 125 127 132 145 149 154 155 157 159 161 170 173 174 176 177
1 2 3 4 5 6 7 12 15 16 17 19 20 23 24 25 26 27 30 32 33 34 35 36 38 40 42 44 45 46 47 49 51 52 53 54 56 57 58 59 60 61 62 63 64 65 66 67 68 70 71 72 73 75 76 77 79 80 81 82 83 84 85 86 87 89 91 92 93 96 97 98 99 100 102 103 104 105 106 107 108 110 111 113 114 115 116 117 118 119 120 121 123 126 127 128 129 130 131 132 134 135 136 138 140 142 143 144 147 148 150 152 153 155 156 157 158 159 160 161 162 163 165 166 168 169 173 175
2 29 35 36 38 42 44 45 47 51 61 89 100 101 102 105 112 121 125 126 128 130 131 133 139 140 144 145 150 154 159 163 166 167 172
1 2 4 49 64 66 91 99 110 115 136 151
1 4 5 12 17 24 30 33 34 38 40 43 46 49 50 53 54 55 61 64 65 71 76 77 79 82 84 87 88 93 96 97 98 99 100 101 103 106 113 114 116 120 128 129 131 136 138 140 142 143 146 148 149 150 151 152 153 155 156 157 159 160 168 169
3 7 8 9 11 13 14 16 18 19 20 21 31 32 41 43 48 55 58 59 74 78 80 81 90 92 94 101 102 105 109 121 122 124 125 130 133 134 135 139 141 146 147 149 152 154 176
17 23 24 25 28 29 30 31 34 36 38 43 45 47 48 53 58 60 61 62 64 67 76 86 112 116 119 128 129 130 131 134 135 140 142 144 145 148 155 159 162 163 165 166 167 168 173
1 2 4 5 7 9 12 18 21 31 33 48 58 66 68 70 78 80 81 90 91 92 94 95 100 102 105 112 117 122 127 130 132 133 134 135 137 139 145 147 148 153 165 168 174
1 2 3 4 5 6 7 8 9 10 12 13 14 15 16 17 18 19 22 26 27 29 32 36 38 39 40 41 42 44 46 48 49 50 51 53 54 55 57 58 59 61 62 63 66 67 70 71 73 74 75 76 77 78 79 80 81 82 83 84 85 86 87 88 91 93 94 96 97 99 100 101 103 104 106 107 108 111 113 114 115 116 117 118 120 121 122 124 125 126 127 128 129 130 131 133 134 135 136 137 138 144 146 147 148 149 150 151 152 153 154 155 156 157 158 160 161 164 165 167 169 170 171 172 173 176 177
22 23 25 28 29 31 35 36 47 52 58 60 63 64 70 72 75 76 77 81 87 94 97 103 113 114 118 119 121 123 124 129 132 134 145 148 152 156 157 165 166 172 173 176
1 4 6 27 40 51 54 82 83 86 91 96 99 107 108 115 144 151 153 169
1 2 3 4 6 7 8 9 10 11 12 13 15 16 17 18 19 20 21 22 23 24 25 26 27 28 29 30 32 33 35 36 37 38 39 40 41 42 43 44 47 48 49 50 51 52 54 56 58 59 61 62 64 65 66 68 69 70 71 72 75 77 78 79 80 81 82 83 86 88 90 91 92 93 94 95 97 98 99 100 101 102 105 107 108 109 110 116 118 120 121 122 123 124 125 126 127 128 129 131 132 133 134 135 136 137 140 143 144 146 147 148 149 150 151 152 153 155 157 160 161 162 168 169 170 171 174 175 176
