659 2076 2345 2713 3883 5244 6939 8781 9132 10891 12536 12882 13363 14182 15026 15455 15897 17142
1462 2711 3585 4305 5845 6349 6733 7103 7269 8165 10024 10939 11193 12134 13146 15411 15606 16100
114 932 1042 1184 1614 1826 2707 2826 2857 2893 2949 3417 3651 3944 4121 4238 4395 5666 6823 7605 7683 7962 8252 8842 9355 9545 9807 10156 10635 10941 11204 11447 11690 11920 11952 12861 12960 13066 13555 13614 13729 13851 14366 14536 14707 15251 16575 16963 17096 17268 17500
310 2044 2111 2268 3158 3576 9518 10571 12945 14463 16898
361 842 1179 1399 1413 2034 2234 2477 2510 3512 4036 4684 4720 4724 4797 5151 5369 5516 5554 5572 5810 5991 6269 6366 6542 6565 7201 7267 8590 8645 9163 9340 10057 10687 10966 11845 11926 12036 12674 12957 13173 13236 13465 13573 13665 13750 13752 13851 14009 14133 14536 14707 14771 15319 15987 16137 16142 16851 17111 17149 17404 17409 17481 17593 17602 17639
243 264 315 432 606 5216 5475 5579 6295 6592 7143 7860 8120 8596 9035 9552 9586 11221 11314 11996 12595 14408 17038 17202 17803
517 613 1106 1444 1668 2596 2721 3012 3301 4022 4717 5094 5109 5657 5713 6116 6235 6662 7637 8491 8925 9650 9671 9943 10318 11949 12031 12951 14180 14977 16097 16171 16401 16884 16969 17129 17164
310 2044 2247 2268 3361 9518 12945 14463 15812 16058 17320
2199 2833 3316 3363 3939 4567 4622 4700 5469 5965 6451 6470 6511 7097 7117 7950 8614 9068 9185 9229 9448 9503 12397 12546 12749 13617 13637 13765 14164 14658 14933 15014 15296 15894 16319 16536 16651 16753 17535
222 394 2666 2988 3763 4520 4763 10369 11297 12403 12655 12918 13019 17766
59 66 2195 3306 3938 7833 11084 12708 12825 14466 15526 17764
157 1210 1792 1961 3029 3207 4529 4881 7903 8214 8806 11040 11153 11469 13888 14155 15042 15355 17076 17219 17707
116 216 842 1179 1202 1399 1408 1413 1571 2034 2234 2510 2944 3812 4036 4684 4720 4724 4814 5151 5369 5410 5516 5572 5591 5991 6212 6269 6366 6791 6888 7201 7450 7990 8381 8590 8645 8669 8801 8805 10057 10149 10263 10294 10480 10539 10621 10665 10694 10721 10966 11190 11821 11845 12036 12659 12674 12715 12886 13097 13173 13465 13573 13665 13695 13750 13752 13830 14133 14524 14536 14747 14771 14786 14840 14924 15319 15720 15987 16107 16142 16486 16851 17341 17361 17404 17593 17602 17639 17650
921 2344 2762 3493 3733 6696 6776 7565 8601 8857 9332 9744 9831 11523 12300 13534 13690 14497 15194 17426 17576 17779
28 474 738 1854 1857 2196 2251 3120 3480 4190 4725 5114 5125 5212 5781 5829 6176 6838 6986 7411 7899 7952 8130 9520 10307 10356 10475 11081 11792 13075 13917 14541 15044 15125 15378 16250 16362 16578
86 243 264 432 606 623 1235 5168 5216 5475 5579 6592 6962 7143 8120 8596 9035 9765 10756 11221 11996 14407 17292
408 433 457 2326 3677 3735 5528 5650 6483 6893 8634 9924 10953 12626 12898 13056 15410 16096 17473
975 1201 4022 5657 7132 9943 10890 12413 12901 12951 16171 17285
222 394 2666 2988 3763 4311 4763 5500 6134 6380 10926 12579 12655 15273
21 500 2582 3072 7485 9443 12111 13603 14108 14576 15408 16052 16830 16964
711 2344 2762 2766 3573 4169 6696 6725 7565 7962 8127 8857 9831 10190 11880 12478 13534 14497 15616 16715 17426 17428 17670 17695
914 1578 3644 4226 6308 7510 8139 12125 12508 12565 13661 17485 17596
1462 2378 2431 2711 3585 4518 5677 6733 7269 8165 8903 11193 13146 15411 16100 17276
685 2022 3155 5372 5427 5613 6176 12780 13712 14242 15691
353 1347 2094 2870 3994 4377 5787 7657 10054 10849 14542 14806 15270 16521 17496
1181 2241 7474 7886 9059 9977 11710 13939 14579 15382
216 361 842 1202 1408 1413 1571 2034 2234 2292 2854 2944 3812 4720 4797 4814 5118 5151 5369 5572 5591 5736 5991 6269 6366 6866 6888 7135 7450 7990 8381 8669 8801 9163 9340 10149 10263 10294 10694 11662 11821 11845 12659 12886 12957 13465 13665 13830 13941 14524 14707 14747 14771 14840 15165 15319 15398 15720 16137 16280 16377 16536 16851 17111 17341 17361 17409 17593 17602 17650
157 389 832 1210 1792 1961 2021 3029 3207 3429 3462 4529 4881 5569 6601 7903 8214 8290 8652 8806 8965 11040 11153 11469 12735 12927 13888 14155 14727 15042 15355 16168 17076 17219 17707 17956
659 2345 2713 5244 6939 8781 9132 9300 9312 10891 11122 11609 12882 13363 14182 15455 16845 17142 17325 17604
659 2076 3505 5244 6939 8781 9132 9300 11122 11609 11855 12882 13363 14182 15026 15488 17142 17325 17604
373 541 2884 3097 5529 6299 6716 7834 8215 8255 8855 8998 10529 13593 13698 13703 14395 15633 16188 16783 17233 17395
117 1675 5925 9570 9906 12082 13286 14379 14891 16528 16539
394 3763 4763 5091 6134 6380 10369 11297 12655 12918 13019 15273
4881 5569 6601 8290 8652 8806 8965 11469 12735 15042 16168 17076 17219 17707
310 2044 2247 2268 3158 3361 11892 11989 15812 16058 16894 17320
616 643 2378 2431 2448 2711 3585 4305 4326 5454 5487 5677 6349 6733 7103 7269 8165 8903 10024 10572 11193 11641 13146 14895 15606 16100
711 2344 2762 2766 3493 3573 3733 6696 6725 6776 7565 8127 8857 9860 10000 10190 11523 11708 12184 13690 15194 15616 15837 16715 17779
711 2144 2344 2766 3493 3733 7565 7730 8127 9744 9831 9860 11523 11637 11708 12184 15194 15616 16381 16715 17428 17576 17670 17695
541 2284 2836 3097 5439 6552 7834 8255 9348 10529 11050 13593 16193
59 66 2195 3938 7708 7833 10119 10258 11084 12708 12825 13475 14466 14858 15526 17764
1036 1317 3204 4334 5690 5983 7981 8920 9955 10220 12088 12835 14667 15571 16288 16932 17952
68 403 780 1013 3358 3607 4267 5602 6721 6881 7156 7468 7514 7757 8102 8224 8745 9010 9759 10866 11105 11162 11677 12161 12467 12739 12876 13077 13769 13865 14746 15320 15587 16013 16785 17030 17166 17564 17672
2303 2924 7031 7520 7913 10139 10413 12223 13855 16165 16344
28 738 1045 1109 1506 1762 1854 1857 2107 2196 2436 2618 2793 2955 3120 3480 4190 4325 4725 5114 5125 5212 5696 5781 5829 6986 7010 7220 7411 7902 7944 8050 8130 8682 9082 9097 9520 9766 10307 10356 11657 11780 11864 12053 12155 12767 12935 13075 13289 13917 14319 15044 15125 15378 16187 16250 16362 17095 17503
1462 2378 2448 2711 2960 4518 5454 5677 6733 7269 8903 9845 10024 10572 11193 11641 14895 15606 16210
659 2076 3883 6939 9300 9312 10891 11609 12779 12882 15026 15455 15488 17142 17604
1462 2711 2960 5677 6349 6733 7103 7269 8165 10572 10939 11193 11641 14895 15411 15606 16210
2028 2770 2898 3720 4152 6414 7893 11720 11724 12061 12567 12722 16437
310 2044 2247 2268 3576 9518 12945 14463 15812 16058 16898 17320
432 606 1235 4070 4544 5475 5579 6592 6962 7143 9035 9552 10007 10756 10980 11221 12595 17038
