369 2496 4740 5336 8719 10305 11421 14776 14778 15767 17135
9 605 836 2656 3860 4204 5121 6627 7138 8052 9990 10331 10414 10559 11787 12374 12435 16749 17520
2449 3797 5357 12774 13442 13751 15573 17380 17497 17771
726 1142 1686 5766 7292 7456 7793 9026 12662 13161 15567 16022
257 426 4424 6818 7329 8953 9584 10922 11214 11450 11921 13989 14894 15648
36 1560 2058 3019 3751 6015 7302 9928 10130 10552 10795 11442 11526 12150 15652 15859 16501 16799
544 764 1094 1134 1145 1709 1739 1768 1798 1822 1947 2441 2748 3270 3450 3479 3761 4067 4547 5072 5226 5241 5385 5738 6219 6595 6599 6917 7975 8470 9474 9522 9544 11405 12526 12710 13138 13437 13809 14035 14223 14608 14690 14816 16557 16996 17681
98 131 184 233 509 696 871 1575 2167 2435 2660 3328 3784 3854 3981 4111 4250 4290 4457 4747 4812 5057 5100 5211 5390 5488 5577 5648 6230 6777 6802 6945 6957 7416 8112 8544 8581 8798 8811 8843 8977 9432 9634 10290 10495 10536 10714 10734 10822 10844 10917 11023 11210 11271 11357 11728 11883 11939 12022 12340 12497 12515 12613 12757 12875 13308 13852 13864 13885 14151 14862 15190 15285 15329 16285 16292 16379 16429 16529 16659 16873 17033
228 1783 3413 3518 6378 6492 11532 12727 14897 15060 17911
2265 2861 3101 3773 3882 4084 8758 8899 9156 9239 9802 15066 17614
1636 1987 4861 6141 6250 9437 11917 13782 16023 16353
1471 3581 3765 4401 6952 8447 9619 10295 10886 11451 13182 13730 17633
1005 2544 4153 5012 6556 9467 12304 12633 16414 17187 17412
69 1477 2332 4609 5305 5452 5702 5780 5815 6543 7087 7550 7791 9007 10173 10280 10309 10906 13282 13720 15612 15690 16184 16186 16349
303 602 942 2751 7746 9301 14122 15184 15401 16075 17238
1134 1709 1798 3270 3450 4067 6917 9522 12710 14035
1026 1031 3067 3596 6421 6450 7277 13069 14471 17680
98 2435 3328 4111 5100 5488 6230 8843 9432 10714 10917 11883 12022 12340 13308 16285
1536 3040 4067 5289 6760 7900 8723 10592 12339 14633 15460 16784
98 4457 5100 5390 6230 10917 11023 11883 12340 12757 13308 16659 17033
689 5600 5986 6657 7205 8017 8277 8896 10249 10268 14016 14302 15439 16340 16659 16853
176 1907 2024 2200 3884 4117 4283 5714 10868 13302 13724 13794 15011 15852
764 1709 2149 5226 8044 8470 12526 13120 13809 15584 15707 15881 16549 16630
1125 1852 3170 4301 7147 7905 9598 13129 14630 15180
1638 2310 3424 4546 5323 6527 11303 12329 12472 14547 15823
829 1890 3228 3264 6605 6757 8493 10904 11674 12681 15275
2125 3498 6802 9093 9246 9264 12076 12682 13984 14059 16935 17310
2100 4760 6130 10971 12194 13523 14176 16462 16893 17504
1479 1562 1732 2204 4026 4348 5108 5202 5209 5218 5220 5908 6068 7733 8312 9184 9909 10965 11298 11675 12585 12678 12712
207 2320 2553 4826 5905 7041 7403 8994 13487 15277 15732
1028 1326 2846 4607 6173 7114 8389 8422 8426 9696 10450 10778 11255 11313 12202 12949 12973 13822 14660
2027 2125 4958 5735 7879 8753 9075 9510 10058 10833 14640
4111 4812 5100 10917 12497 13259 13308 13577 13931 14905
4047 6158 6392 7022 8687 8924 9409 9969 10309 12938 12976 13282 14112 14351 14527 16312 16349 16411 16999
764 1709 1798 2149 3270 4067 6968 8175 15707 15881 16630
388 630 892 934 1064 1207 1643 1951 2633 2821 3189 3464 3822 3930 4320 4378 4593 4626 5018 5279 5762 5994 6194 6289 6436 6536 6600 7024 7159 7190 7234 7280 7283 7348 7557 7754 7845 7898 8006 8361 9201 9727 9873 9928 10017 10124 10443 10461 10670 10788 10911 10916 10954 11006 11067 11239 11521 11548 11618 12044 12608 12661 13030 13031 13228 13464 13480 13688 13785 13808 14742 15096 15223 15435 15557 15766 15978 16042 16087 16159 16366 16501 16573 16628 16772 16784 17763
427 1655 3931 8083 8373 13877 14420 16732 16994 17059
3174 12432 12438 12611 12817 13887 14007 14571 14959 17636
237 419 1005 1252 1780 5354 6389 6632 7998 10064 15070
504 3630 4199 4753 6678 11384 11591 13038 13059 15722
1028 3568 6173 6369 10374 10439 11255 13105 14773 15473
1477 1628 1835 1877 2093 2332 3354 4047 4609 5452 5505 5702 5780 5815 6975 7022 7087 7550 7590 9114 9969 10173 10280 10309 10906 11987 12688 12769 12938 12976 13282 14077 14112 15596 15690 16184 16186 16349
752 3959 4640 5508 6261 7101 7519 10513 10573 11638 11794 12489 13887 13964 14571 14989 15262 15688 15718 16283 17358
168 791 1423 1732 2633 3399 3528 3813 4614 4637 4842 4879 5158 5340 5399 5530 5904 6652 6691 6770 6831 6836 7005 7039 7147 7698 7940 8027 8171 8665 8724 8865 9217 10019 10145 10299 11922 12251 12502 12561 12670 12845 13923 14290 14710 14909 15022 15180 15647 15738 15912 16047 16327 16659 17250 17277 17708 17843 17857
366 1070 1352 1447 2705 4264 6147 10755 10826 10949 14519 15851
2324 2399 2409 2737 3604 3674 5866 6821 7093 7818 8755 11483 12290 13082 14308 15294 16860 16928
4969 6130 10486 11922 12194 13215 13341 14176 16893 17081 17504
473 1204 1738 2576 4079 4219 8926 9566 10852 11046 11599
344 1170 6329 7025 7585 7978 8854 9222 14005 15324
2449 3004 3169 3582 3797 3825 5357 5982 6018 8162 8889 10674 11669 12114 12152 12675 12774 13442 13751 14650 14807 15564 15573 16827
