1 4 6 10 11 12 18 24 27 33 50 51 59 66 68 80 82 83 88 94 99 101 105 107 110 115 117 122 126 131 137 139 141 151 153 160 169 170 171 174 176
7 9 10 11 13 14 18 20 21 27 28 32 41 48 49 50 55 56 59 66 68 69 74 78 90 91 92 95 105 109 110 112 117 122 124 125 132 135 139 141 143 146 147 160 163 170
1 2 12 15 17 20 22 24 26 31 34 38 39 40 43 46 47 51 53 55 57 60 64 65 68 70 71 76 79 83 84 86 89 91 93 95 97 98 100 108 113 114 120 121 126 129 131 136 140 142 144 146 147 149 152 153 157 158 159 160 162 163 165
1 2 4 6 7 11 12 15 17 19 20 21 22 23 24 26 27 28 29 30 31 33 34 35 36 37 38 39 40 42 43 44 46 47 48 49 50 51 52 53 54 55 56 57 60 61 62 63 64 65 66 68 70 71 73 74 76 77 79 80 82 83 84 86 87 88 89 90 91 92 93 95 96 97 98 99 100 101 102 103 105 107 108 109 110 111 112 113 114 115 116 117 120 121 123 126 128 129 131 135 136 137 138 139 140 141 142 143 144 146 147 149 150 151 152 153 155 156 157 158 159 160 162 163 165 166 169 171 172 175
3 7 8 9 11 13 14 16 18 19 21 22 25 28 31 41 45 59 62 69 72 74 75 77 81 87 90 94 104 109 116 118 122 124 125 127 130 132 133 139 141 145 154 167 170 172 176 177
1 2 4 6 7 8 10 12 15 17 20 23 24 26 27 28 29 30 32 33 34 36 38 39 40 41 42 43 44 46 47 49 50 51 52 53 54 55 56 57 59 60 62 63 64 65 66 67 68 69 70 71 73 76 77 79 80 82 83 84 85 86 87 88 89 90 91 93 95 96 97 98 99 100 101 102 103 105 106 107 108 110 111 113 114 115 116 118 119 120 121 123 128 129 131 132 133 135 136 137 138 139 140 141 142 143 144 146 147 149 150 151 152 153 157 158 159 160 161 162 163 164 165 166 168 169 171 173 174 175
3 5 8 9 13 14 16 21 25 28 29 31 35 46 48 63 69 72 73 74 77 81 90 95 111 116 118 124 132 138 142 143 145 148 154 156 158 161 164 166 167 173 175 176
2 3 7 8 9 11 12 13 14 15 16 17 18 19 20 21 22 24 25 26 27 28 29 30 31 32 33 34 37 39 40 41 42 43 44 46 47 48 49 50 51 52 53 54 55 56 58 59 60 62 63 64 65 66 67 68 70 73 74 76 77 78 79 80 81 83 84 86 87 88 89 90 91 92 93 94 95 97 98 100 101 102 103 104 105 109 110 112 113 114 115 116 117 119 120 121 122 123 124 125 126 127 128 129 130 131 132 133 135 138 139 141 142 143 145 146 147 149 152 154 155 156 157 158 160 162 163 164 165 168 169 171 172 173 174 176 177
1 2 6 8 11 12 15 16 17 19 20 22 23 24 25 27 29 30 31 33 34 35 36 37 38 39 40 42 43 44 45 46 47 49 50 51 52 53 54 57 58 59 60 61 62 63 64 65 67 68 71 73 75 76 77 79 80 81 82 83 86 87 88 89 91 93 94 95 97 98 99 100 101 103 104 106 108 110 111 113 114 115 116 117 118 120 121 124 126 127 128 129 130 131 133 134 136 138 140 141 142 145 146 147 148 149 151 152 153 154 155 156 157 158 159 160 161 162 163 165 166 167 168 169 171 172 173 175 177
1 2 4 6 10 12 15 16 17 22 23 24 27 30 34 35 36 38 39 40 42 44 45 46 47 49 50 51 52 53 54 55 57 58 60 62 63 65 66 67 70 71 73 76 77 79 80 81 82 83 84 85 86 87 88 89 91 94 96 97 98 99 100 101 102 103 104 106 107 108 111 113 114 117 119 121 123 126 128 131 133 136 137 140 144 148 149 150 151 152 153 154 155 156 157 158 159 161 162 163 164 165 168 169 172
1 2 4 5 6 10 11 12 14 15 16 17 20 22 23 24 26 27 30 33 34 35 36 37 38 39 40 41 42 43 44 45 46 47 49 50 51 52 53 54 55 56 57 58 60 61 62 63 64 65 66 67 68 70 71 72 73 76 77 79 80 81 82 83 84 85 86 87 88 89 91 94 95 96 97 98 99 100 101 102 103 104 106 107 108 110 111 112 113 114 117 119 121 123 126 127 128 130 131 133 136 137 140 141 142 144 148 149 150 151 152 153 154 155 156 157 158 159 160 161 162 163 164 165 167 168 169 170 172 173 174
1 2 3 4 5 6 8 10 11 12 13 14 15 16 17 18 19 20 21 22 23 26 27 28 29 30 31 32 35 36 39 40 44 45 46 47 49 50 51 54 55 58 59 60 62 66 67 68 69 71 72 73 75 76 77 79 80 81 82 83 84 85 86 88 89 91 93 94 96 97 98 99 100 103 104 106 107 108 110 111 113 114 115 116 117 118 119 120 121 122 124 125 126 127 128 130 132 133 134 135 136 137 138 141 144 146 147 148 149 150 151 153 155 156 157 158 159 160 166 168 169 170 171 172 175 176 177
1 4 12 24 40 49 51 54 71 78 83 91 99 108 120 126 128 135 136 144 150 163
1 2 3 4 6 7 9 10 11 12 13 14 15 16 17 18 19 20 21 24 26 27 30 32 33 34 37 39 40 41 42 43 47 48 49 50 51 52 53 54 55 56 57 59 61 62 63 65 66 68 70 71 73 74 77 78 79 80 81 82 83 84 85 86 87 88 89 90 91 92 93 94 95 96 98 99 101 102 103 104 106 107 108 109 110 111 112 113 114 115 117 120 121 122 124 125 126 127 128 131 132 133 134 135 136 137 139 141 144 146 147 149 150 151 152 153 154 155 156 157 158 160 162 163 164 169 170 171 172 173 174 176 177
3 9 11 13 14 18 19 21 22 25 29 31 34 36 45 48 58 60 72 74 75 77 78 81 90 92 94 102 109 118 119 124 125 135 142 145 154 155 164 165 166 168 170 172 174 177
1 2 7 16 17 23 24 26 27 30 32 33 36 38 39 40 44 48 49 50 51 54 60 62 64 65 66 67 72 76 77 79 83 84 85 86 88 89 103 105 106 110 113 114 119 126 128 130 131 136 138 140 141 142 146 149 151 158 162 165 168 169 177
1 2 7 10 11 16 17 19 20 21 23 24 26 27 30 31 32 33 34 36 37 38 39 40 41 42 43 44 45 48 49 50 51 54 55 56 57 59 60 61 62 63 64 65 66 67 70 71 72 73 74 76 77 79 83 84 85 86 88 89 91 93 95 96 97 101 103 105 106 109 110 113 114 119 121 123 126 127 128 129 130 131 133 136 138 140 141 142 146 147 149 150 151 157 158 160 161 162 164 165 168 169 171 172 173 177
1 2 3 4 5 6 7 8 9 10 11 12 13 14 15 16 17 18 19 20 21 22 23 24 25 26 27 29 30 31 32 33 34 35 36 37 38 39 40 41 42 43 44 45 46 47 48 49 50 51 52 53 54 55 56 57 59 60 61 62 63 64 65 66 67 68 70 71 72 73 74 75 76 77 78 79 80 81 82 83 84 85 86 87 88 89 90 91 92 93 94 95 96 97 98 99 100 101 102 103 104 105 106 107 108 109 110 111 112 113 114 115 117 118 119 120 121 122 123 124 125 126 127 128 129 130 131 132 133 134 135 136 137 138 139 140 141 142 143 144 145 146 147 148 149 150 151 152 153 154 155 156 157 158 159 160 161 162 163 164 165 166 167 168 169 170 171 172 173 174 175 176 177
2 16 22 23 25 30 34 36 44 47 52 53 60 62 64 81 84 86 89 93 108 118 123 143 152 159 161 165 166 173 175
2 16 22 23 24 25 30 33 34 36 38 44 45 47 52 53 60 61 62 64 65 72 81 84 86 89 93 100 104 108 118 119 121 123 131 134 143 152 155 159 161 165 166 167 173 174 175
2 42 63 65 93 100 111 113 114 129 152 161 162 165 176
2 3 5 7 8 9 10 11 13 14 15 16 17 18 19 20 21 22 23 25 26 28 29 31 32 34 35 36 37 38 41 42 43 44 45 46 47 48 49 52 53 57 58 59 60 61 62 63 64 65 66 67 69 70 71 72 73 74 75 76 77 78 81 85 87 89 90 92 93 94 95 96 97 98 100 102 103 104 105 106 109 111 112 113 114 116 117 118 119 120 121 122 123 124 125 127 129 130 132 133 134 135 136 138 139 140 141 142 143 145 147 148 149 150 152 154 155 156 157 158 159 161 162 163 164 165 166 167 168 172 173 174 175 176 177
3 7 8 9 17 18 19 22 25 27 29 31 41 47 52 55 57 60 61 69 70 75 77 78 81 94 102 116 118 121 123 124 127 134 135 138 152 154 156 161 165 172 175 176 177
3 9 11 17 18 19 21 22 25 31 34 36 41 45 46 48 64 69 75 77 92 109 116 118 123 124 125 127 129 138 139 143 145 154 155 156 161 163 166 171 173 175 177
1 4 5 6 7 8 10 11 13 14 15 16 18 19 20 21 22 23 25 26 27 28 30 32 35 37 38 39 40 41 42 45 46 48 49 50 51 52 54 55 56 57 59 62 66 67 68 69 70 71 72 73 74 75 76 77 79 80 81 82 83 85 87 88 89 91 94 95 96 98 99 101 102 103 104 105 106 107 108 109 110 112 113 115 116 117 118 122 123 124 125 126 127 128 133 136 137 138 139 141 142 143 144 145 146 147 148 149 150 151 152 153 154 155 156 158 159 160 161 163 165 166 167 168 169 170 172 173 174 176 177
3 7 8 11 13 14 16 25 28 34 37 41 49 52 56 57 59 64 70 72 76 77 81 91 92 96 97 105 109 112 118 119 125 126 127 142 145 161 165 166 167 170 174
1 2 3 5 7 8 9 10 11 13 15 17 18 19 20 21 23 24 26 27 28 30 32 33 34 35 36 37 39 40 41 42 43 44 45 46 48 50 52 53 54 56 57 58 59 60 61 62 63 64 65 66 68 69 70 72 73 74 75 76 77 78 82 84 85 86 87 88 89 90 91 92 93 94 95 96 97 98 100 102 103 105 107 108 109 110 111 112 113 114 115 116 117 118 120 121 122 123 125 126 127 128 131 132 135 138 139 140 141 142 143 145 146 147 148 154 155 156 157 158 160 161 162 164 166 167 169 170 171 172 174 175 176 177
3 5 10 11 13 14 15 18 19 20 21 25 31 32 39 48 55 59 74 75 78 85 90 101 102 107 109 112 122 125 135 137 139 141 146 151 153 170
3 5 8 9 10 11 13 14 15 16 18 19 20 21 25 31 32 39 48 55 59 74 75 78 85 90 101 102 107 109 112 122 124 125 132 135 137 139 141 145 146 151 153 161 170
1 2 3 4 5 6 7 8 10 12 13 14 15 16 18 20 21 23 26 27 28 32 33 35 37 38 39 40 41 42 44 46 49 50 51 52 54 55 56 57 59 60 62 63 64 65 66 68 70 71 72 73 75 76 77 78 79 80 81 82 83 84 85 86 87 88 89 91 92 94 96 97 98 99 101 103 105 106 107 108 109 110 111 113 115 116 117 118 120 122 123 124 125 126 127 128 132 134 135 136 137 138 139 141 142 143 144 146 147 148 149 150 151 152 153 156 157 158 159 160 161 162 163 166 169 170 171 173 174 175 176
2 3 4 6 10 11 12 14 15 16 17 18 19 20 24 26 27 28 29 30 32 33 34 35 37 38 39 41 42 43 46 47 48 49 50 51 52 53 54 58 59 61 62 63 64 65 67 68 69 71 74 75 77 78 81 82 84 85 86 88 89 90 93 94 95 96 97 99 100 101 102 103 104 105 107 108 109 110 111 112 113 114 116 117 118 119 120 121 122 124 125 126 128 129 130 131 133 134 137 138 139 140 141 142 143 144 145 146 147 148 150 152 154 155 156 157 161 162 163 164 165 167 168 170 171 173 175 176 177
1 4 5 6 7 9 10 11 12 13 14 15 16 17 18 19 20 21 23 24 26 27 28 30 32 33 34 37 39 40 41 42 43 46 48 49 50 51 52 53 54 55 56 57 58 59 61 62 63 64 65 66 67 68 70 71 72 73 74 76 78 79 80 82 83 84 85 86 88 90 91 92 93 95 96 98 99 100 101 102 103 105 106 107 108 109 110 111 112 113 114 115 116 117 119 120 121 122 125 126 127 128 131 132 133 135 136 137 139 140 141 143 144 145 146 147 149 150 151 152 153 157 158 159 160 162 166 168 169 170 171 172 174 177
2 5 8 22 23 25 28 29 31 34 35 36 38 45 46 58 64 67 69 75 76 77 85 100 106 116 118 119 127 129 134 138 142 143 145 148 156 157 158 159 163 164 167 172 173 175 176
1 4 5 6 7 9 10 11 12 13 14 16 18 19 20 21 24 25 26 27 28 30 32 33 34 35 37 38 39 40 41 42 43 45 46 48 49 50 51 52 54 55 56 58 59 62 64 65 66 67 68 69 70 71 72 73 74 76 78 79 80 81 82 83 86 88 89 90 91 92 95 96 98 99 100 101 102 103 105 106 107 108 109 110 112 113 114 115 117 119 122 125 126 128 130 131 133 135 136 137 138 139 141 142 143 144 146 147 149 150 151 153 154 155 156 158 159 160 162 163 164 165 166 167 168 169 170 171 172 173 174
1 4 5 6 10 12 13 20 24 27 30 33 35 37 38 39 40 42 47 49 50 51 52 54 56 57 59 60 61 65 67 70 71 72 76 79 82 83 85 87 88 89 94 96 97 99 103 106 107 108 110 111 112 113 114 115 119 121 123 127 128 136 137 138 141 142 144 146 149 150 151 152 153 156 157 159 161 168 169 170 172 174
1 2 3 4 5 6 8 10 12 13 15 16 17 20 22 23 24 26 27 30 33 34 35 36 37 38 39 40 42 44 45 46 47 49 50 51 52 53 54 56 57 59 60 61 62 63 64 65 67 69 70 71 72 75 76 77 79 82 83 84 85 86 87 88 89 92 93 94 96 97 98 99 100 102 103 104 106 107 108 110 111 112 113 114 115 116 119 120 121 123 126 127 128 132 134 136 137 138 140 141 142 144 146 148 149 150 151 152 153 155 156 157 158 159 161 162 163 165 166 167 168 169 170 172 173 174 175 176 177
1 3 4 5 7 8 9 10 11 12 13 14 15 16 18 19 20 21 23 25 26 27 29 31 32 33 35 37 38 39 40 41 42 43 44 46 47 48 49 50 51 52 53 54 55 56 57 59 62 63 65 66 68 70 71 73 74 76 78 79 80 81 82 83 84 85 86 87 88 90 91 93 95 97 98 99 100 101 103 104 105 106 109 110 111 113 114 115 117 118 121 122 123 125 126 127 129 132 133 134 135 136 139 141 142 145 146 147 148 149 150 151 152 153 154 155 156 157 158 160 161 162 164 169 171 172 173 174 175 176
1 4 6 10 11 12 13 15 17 18 20 23 24 26 27 29 30 32 33 34 36 37 38 39 40 41 42 43 44 46 47 49 50 51 52 53 54 55 56 57 59 62 63 65 66 68 70 71 72 73 76 77 79 80 82 83 84 85 86 87 88 89 91 93 95 96 97 98 99 100 101 103 105 106 107 108 109 110 111 113 114 115 116 117 118 119 120 121 122 123 125 126 127 128 129 130 131 133 136 137 138 139 140 141 142 143 144 146 147 148 150 151 152 153 155 156 157 158 159 160 161 162 163 165 166 169 170 171 172 174 175 177
1 4 5 6 7 9 10 11 13 15 16 17 18 19 20 21 23 24 25 26 28 30 31 32 34 35 37 38 39 40 41 42 43 44 46 47 48 50 51 53 54 58 59 60 62 64 65 66 67 68 69 71 73 74 75 76 77 78 79 80 81 82 83 86 88 89 92 95 96 97 98 99 101 102 103 104 105 106 107 108 109 110 112 113 114 115 116 117 118 119 121 122 123 124 125 126 127 128 129 130 131 133 134 136 137 138 139 141 142 143 144 146 147 148 150 151 152 153 154 155 157 158 159 160 162 164 165 166 169 171 174 176
1 2 4 6 7 8 9 10 12 13 14 15 16 18 19 20 21 22 23 24 26 27 28 29 30 32 33 34 35 37 39 40 42 46 47 48 49 50 51 53 54 55 56 59 60 62 63 65 66 68 71 73 74 75 76 77 78 79 80 82 83 84 85 86 88 89 90 91 92 95 96 97 98 99 101 103 105 106 107 108 109 110 113 114 115 116 117 118 119 120 122 123 126 128 131 132 134 135 136 137 138 139 140 141 142 143 144 146 147 148 150 151 153 156 157 158 159 160 162 163 167 168 169 170 171 175 177
9 18 23 24 25 28 29 30 31 38 43 45 48 58 60 61 69 74 78 80 87 89 105 109 116 123 125 129 130 135 137 140 142 143 144 153 154 159 160 161 164 167 175
2 3 4 5 6 10 11 13 15 16 17 19 21 22 24 26 28 29 30 31 34 35 36 37 38 39 40 42 44 45 46 47 48 49 50 51 53 54 55 57 60 61 62 63 64 65 66 67 69 70 71 72 73 74 76 78 81 82 83 85 86 87 88 89 91 92 93 94 95 96 97 98 99 102 104 106 107 108 109 110 111 112 113 114 115 117 118 119 122 123 124 125 126 128 129 131 133 136 137 139 140 141 142 143 144 145 146 147 148 149 150 151 154 155 156 157 158 159 161 162 163 165 166 167 168 169 171 172 174 177
3 7 9 11 13 14 18 19 21 22 25 28 31 34 35 37 41 46 48 58 59 69 72 74 75 77 78 90 92 94 109 112 116 118 122 124 125 133 141 142 143 154 155 156 158 170 172 174 177
3 9 11 14 16 17 18 19 21 23 24 38 40 41 43 44 45 54 58 59 62 68 72 77 82 84 93 95 103 109 113 115 116 122 124 129 132 139 144 145 152 155 156 159 164 165 170 174 176
3 5 7 8 9 11 13 14 16 18 19 20 21 22 25 31 32 41 48 59 69 72 74 75 77 78 81 90 92 94 109 122 124 125 127 130 134 135 139 145 154 158 164 170 173 176
7 14 21 22 25 28 41 45 69 72 77 95 109 118 124 145 161 173
7 9 13 14 21 22 23 25 28 34 36 38 41 45 57 60 61 63 64 69 70 72 77 92 95 109 112 116 118 124 125 129 132 142 143 145 155 156 161 163 164 167 173 174 175
2 16 17 22 23 24 25 28 29 30 31 35 36 38 44 45 46 47 53 58 63 64 69 77 81 94 100 112 116 123 129 130 140 143 152 154 155 158 159 161 163 165 166 167 168 173 177
6 7 19 26 51 54 62 73 81 87 101 122 130 134 147 160 164 166
1 4 5 6 10 12 15 18 20 26 27 30 32 33 34 35 36 39 40 41 44 46 49 50 51 52 53 54 56 60 61 62 64 65 67 71 75 76 79 82 83 84 86 87 93 96 99 100 101 102 103 106 107 108 113 114 116 117 119 120 122 126 127 128 136 137 140 141 144 145 146 149 150 151 153 155 156 157 158 159 163 169 172 173
