454 730 884 1073 3497 6107 6298 7121 9167 9265 10570 13820 14448 17054 17419
2204 4272 4348 5209 5218 9184 9909 10421 12712 16871
241 2442 3561 4756 4831 6043 7164 7472 13463 17645 17671
235 1612 1643 2023 5033 7159 9194 9837 11441 12423 14609 15112 17475
18 1806 2317 2535 5246 9416 9658 10985 11224 11564 11932 12254 14864
1860 2372 2686 4339 4719 5706 8048 8532 11474 11656 14294
2748 2917 5228 6294 7214 8284 8815 8955 9302 9382 9996 11282 11611 12548 17879
1145 1709 1768 1819 1822 3450 6599 8044 13256 13327
5055 5153 6255 7062 7498 9402 14149 14666 14998 16279
635 724 1951 4532 4723 6657 7455 7983 10352 12303 12833 13126 13143 13470 14086 14481 16219 16606
418 1606 1817 9452 10401 11310 12017 12246 14434 15253 17079
1840 2906 5709 6154 7003 7498 9805 10485 10650 11680 14152
1369 2527 3893 4202 4297 4310 4920 6301 6544 9946 10717 11914 11935 13782 14071 16542
414 3164 3694 3702 3774 3788 6253 6545 7317 8988 15569 15747 15879
453 537 1066 1593 1959 3897 10711 12525 13920 16220
2449 3004 3169 3582 3797 3825 5357 5982 6018 8162 8889 10674 11669 12114 12152 12675 12774 13442 13751 14650 14807 15564 15573 16827
867 2090 5134 6464 7779 11053 11346 11529 11927 13116 14295 14491 14665 17700
121 163 1224 1358 1858 1970 1973 2027 2492 2600 2708 3089 3307 3418 3807 3829 3887 3956 4166 4703 5095 5735 5987 6053 6157 6225 6228 6280 6393 6672 6710 6916 6979 7018 7198 7814 7832 7843 7868 7870 7872 7879 8581 8753 8869 9264 9291 9293 9405 9568 10607 11244 11352 11746 12207 12226 12358 12367 12559 12630 12802 12819 12868 12872 13669 13854 14046 14251 14304 14351 14469 14574 14640 14789 15230 15245 15436 15500 15579 15621 15686 16710 16867 17312 17425 17497
662 1006 2130 3217 4277 11875 12278 13530 14882 15921
617 1258 1986 2482 2813 3046 3360 5300 6201 6610 6648 7146 9758 10219 12921 13553 13684 13781 14054 14158 15407 15985 16339 16716 16771 17696
764 1709 2149 3579 5226 13809 15707 15881 16549 16630 16996
1411 2874 6152 6862 7325 8993 9234 11383 13293 16021
1967 6053 6831 7937 10928 10983 11929 14178 15076 17900
236 354 1102 1252 1253 1382 1394 1438 1476 1490 2004 2012 2179 2286 2335 2349 2469 2685 2776 3562 4059 4270 4514 4560 4578 4680 4902 5035 5036 5163 5187 5588 5872 6083 6169 6172 6340 6491 6632 6726 7133 7531 7703 7712 8089 8530 8712 8731 8886 8984 9597 9733 10064 10853 10931 11485 11536 12001 12092 12142 12810 12950 13206 13278 13304 13377 13714 13960 13979 14647 14745 14970 15649 15669 15752 16208 16561 16770 17158 17534 17855 17911
1365 1789 5692 6690 7332 7656 8835 8896 13338 13610 14792 17311
1394 2695 3703 3845 4385 4407 4578 6196 7133 7537 7703 8712 8886 12247 13278 13960 15752 15861 16150
1664 3208 6346 6907 8694 9052 11492 12887 15963 17039 17515 17972
48 1195 1307 2453 2970 3704 3874 4516 4732 5387 6128 7499 11016 12099 12209 12419 12868 14069 14399 17122 17676
2720 3807 5844 6775 9934 11317 11477 12382 15974 16316
256 2100 4381 4760 4969 5353 6951 10971 11922 12194 14277 17504
1394 2119 2695 4407 4578 7133 8712 8731 10853 12247 13278 13377 15861
2048 3331 4980 5934 7003 7273 7973 10317 12289 13597 13974 14775 15792 16463
1655 2120 2323 3722 4414 4773 8049 8809 9904 10955 11073 14646 16556
1471 5430 6674 9657 9980 11353 11553 11616 11876 15983 16131 16833
1203 2544 3986 4153 5012 5557 6556 12304 16414 17187 17412
4255 5629 9111 11064 11529 11725 12559 14584 15130 17805
1775 3785 4217 4554 4730 5282 5859 6626 7115 7332 7656 7891 9089 9519 10902 11110 12147 12242 12440 13080 13106 13425 13610 14479 14489 14792 15247 16565 16724 17311
69 2212 2535 3169 4926 5879 8100 10727 11732 13183 15285 15803 16740
1782 4225 5843 8037 9289 10992 12219 13878 13970 16115 17812
1829 3259 5967 6220 7090 7398 7691 11330 12691 14137
3424 4546 5323 7095 8980 9500 10448 11303 13037 14898 15823
1031 2001 3067 3137 3596 3609 4787 6450 6467 7277 8096 15511 17310
2409 3422 3674 4399 7818 10245 11219 12152 12774 16827
867 1034 9001 10963 11525 11927 12514 14491 15287 15578 15902
2455 4721 5000 5286 8220 8783 9502 12980 12982 15035 15099 15387
1864 7924 9485 10293 10437 10503 11064 12559 14453 15578 16585
1638 2310 2798 3424 4546 5323 6527 8980 11303 12329 12472 14547 15823
3845 4578 4680 6169 8647 8712 10931 12247 15752 16150 17362
874 1228 1791 2175 2537 2737 3031 3057 3676 4358 4555 5934 8462 8526 9393 9894 10053 10481 12025 12233 13507 13673 13796 14934 15726 15999 16234 17323
2100 4760 6130 10971 12194 13523 14176 16462 16893 17504
