1 2 3 4 6 12 15 16 17 22 23 24 25 26 27 29 30 31 33 34 35 36 37 38 39 40 42 43 44 45 46 47 49 50 51 52 53 54 56 57 58 60 61 62 63 64 65 66 67 68 69 70 71 76 77 79 81 82 83 84 85 86 87 88 89 90 91 93 96 97 98 99 100 101 102 103 104 106 107 108 110 111 112 113 114 116 117 119 120 121 123 126 127 128 129 130 131 132 133 134 136 137 138 140 142 143 144 148 149 150 151 152 153 155 156 157 158 159 160 162 163 165 166 167 168 169 172 174 175 177
17 23 24 29 35 43 46 47 53 58 61 84 104 119 127 129 138 142 144 148 152 157 159 162 164 165 166 167 168 175
4 22 23 24 30 34 37 40 46 56 74 82 83 88 91 107 115 116 118 128 129 137 138 143 151 165 166 168
9 10 13 21 26 28 69 74 90 98 109 116 117 125 139 174
7 9 24 43 68 109 111 120 130 132 147 173 177
11 13 14 18 21 78 109 112 122 125 141 143 171
8 53 73 91 111 113 115 116 119 140 149 158 159 160 163 166 171 173 176
7 8 9 11 13 15 18 19 20 26 32 37 41 42 43 48 55 65 73 74 78 80 92 98 102 105 109 112 115 117 122 126 131 135 139 141 146 147 150 171
5 6 13 20 21 48 78 80 96 99 107 109 117 124 130 133 137 139 141 146 147 151 153
3 16 22 29 36 52 60 78 119 125 154 155 161 172
1 56 73 101 113 142 149 158 159 173
11 22 25 31 35 45 52 60 72 76 81 85 89 92 100 106 124 125 129 134 135 140 145 152 155 156 157 164 167 168 175
24 27 40 43 54 65 73 103 114 118 126 138 142 163 164 168 175
9 19 20 25 30 31 38 48 73 124 154 166 168 174
5 8 16 23 25 34 35 36 38 41 46 52 60 64 67 69 72 75 77 85 97 111 116 118 127 134 138 140 142 143 145 148 155 163 167 168 173 175 177
5 7 17 25 28 29 31 37 45 48 52 56 61 63 64 72 75 81 87 91 93 94 95 105 112 116 117 119 124 129 134 140 145 148 149 152 154 162 165 167 174 176
9 25 43 44 48 52 64 70 74 78 81 87 90 92 95 100 102 112 133 139 152 162 164 168 174
5 8 16 22 25 28 31 38 45 46 58 64 75 76 77 85 97 100 111 118 119 138 140 142 143 145 156 159 161 163 165 166 172 173 175
1 4 5 6 10 14 20 27 30 32 33 35 37 39 40 42 43 44 46 48 49 50 51 54 56 60 65 66 69 71 72 73 74 79 80 82 83 84 85 88 89 91 93 95 96 98 99 101 103 105 107 108 109 110 111 113 115 118 120 122 123 126 127 128 131 132 136 141 146 147 150 151 153 156 157 158 160 166 169 170 171
28 29 31 36 44 46 48 52 53 62 63 64 69 76 84 100 112 116 118 121 123 129 133 138 140 145 154 158 159 165 167
2 8 10 11 13 14 18 31 35 36 53 60 67 75 81 85 92 98 119 122 123 124 143 148 151 155 156 163 164 167
6 10 17 29 35 48 53 58 61 73 74 78 107 110 119 122 124 128 148
11 14 20 23 24 41 55 73 85 97 102 109 112 117 123 139 155 159 161 162 177
1 6 7 9 11 13 18 37 41 43 48 51 55 57 59 66 68 70 73 76 78 80 83 88 91 92 101 110 113 115 124 125 137 139 145 152 163 166 170 171 176
8 9 15 19 41 45 60 70 78 85 89 92 111 113 117 124 125 127 132 166 174 176
5 8 35 63 64 72 76 85 87 100 118 123 124
4 6 12 23 24 33 40 47 51 53 54 60 68 79 80 82 84 86 91 99 108 121 129 140 144 151 152 160 169 175
1 7 9 11 13 18 20 21 22 24 25 26 28 30 32 33 35 37 38 39 40 41 42 43 47 48 49 50 51 52 56 57 59 62 65 67 68 73 74 78 80 84 85 86 87 88 91 92 95 100 102 103 104 105 106 109 112 114 115 117 122 124 125 126 128 130 131 133 135 139 141 142 146 147 155 157 158 160 162 165 168 169 170 171 172 174 176
7 9 19 21 41 74 78 90 102 105 109 110 170 174
2 38 58 84 93 100 119 127 130 140 163 165 168 177
23 28 64 77 79 111 125 135 148 163
3 29 63 70 81 104 111 116 130 132 154
1 7 9 15 19 26 27 28 33 43 66 68 73 78 88 92 98 103 105 132 133 134 135 138 139 149 150 159 160 162 164 169 170 176
1 10 26 27 33 37 42 43 48 54 68 78 80 91 105 108 115 122 128 131 135 139 144 169 171 174
8 18 36 44 68 73 77 121 124 135 140 149 152 165 173 175 176
29 34 36 43 53 58 84 87 121 124 127 130 132 135 149 152
4 6 13 14 15 19 39 45 48 57 59 66 71 77 80 82 88 89 91 96 99 107 108 115 122 124 125 136 137 146 149 151 153
15 17 24 30 40 48 54 76 84 97 111 114 139 142 147 161 163 164 169
8 9 11 15 18 21 24 26 30 34 39 42 44 48 51 66 68 69 73 78 80 88 92 98 109 112 113 117 125 135 139 141 147 149 154 158 159 160 171 176
22 28 34 44 45 69 73 78 81 112 116 138 143 156 158
2 3 6 11 17 26 28 48 49 57 61 63 78 90 104 117 122 134 143 161 172 175 176 177
3 5 16 17 28 29 36 41 45 52 57 58 60 61 63 67 81 93 94 106 114 129 130 133 140 145 148 154 155 159 165 167 168 173 175 177
1 8 38 44 54 57 66 67 80 82 88 91 98 102 131 134 140 150 151 174 176 177
29 31 38 45 47 52 61 64 75 100 116 118 129 134 140 152 165 173 175 177
15 17 26 30 37 42 48 50 53 54 56 68 86 110 121 128 142 143 147 156 158
8 75 78 84 120 127 132 135 137 161 163 175 176
29 33 43 61 98 119 121 131 160 169
5 8 16 21 22 23 25 28 38 41 45 69 70 77 94 116 124 127 148 158 159 161 165 166 167 168 173 176
3 14 16 25 28 29 45 57 69 70 90 95 109 129 173 177
9 13 78 80 88 90 91 121 134 146 170
