1 2 5 7 8 10 13 14 15 16 17 20 22 23 24 25 26 28 29 30 31 32 33 34 35 36 37 38 40 41 42 44 45 46 47 49 50 52 53 54 56 57 58 59 60 61 62 63 64 65 66 67 69 70 71 72 73 75 76 77 79 81 84 85 86 87 89 91 93 94 96 97 98 100 103 104 106 107 108 109 110 111 113 114 115 116 117 118 119 120 121 123 124 127 128 129 131 133 134 136 138 140 141 142 143 144 145 146 147 148 149 150 151 152 154 155 156 157 158 159 161 162 163 165 166 167 168 170 172 173 174 175 176 177
2 17 23 24 31 47 52 53 58 60 61 62 84 86 87 93 97 100 106 114 119 121 134 140 148 157 161 162 165 167 172
2 17 23 24 31 44 47 52 53 58 60 61 62 67 84 86 87 93 97 100 106 114 119 121 134 140 142 144 148 157 161 162 165 167 172
2 5 6 13 14 22 29 38 47 60 64 72 75 88 93 100 113 119 124 134 135 147 152 157 166 167 173 175
7 9 11 13 18 21 41 74 104 125 127 132 139 156 170 174 176 177
7 8 9 11 13 18 20 21 26 33 34 37 41 46 48 52 54 56 63 64 66 74 75 80 88 90 91 92 97 98 101 102 104 105 108 109 110 116 117 118 125 126 127 128 132 139 141 147 156 158 160 169 170 174 176 177
7 8 9 11 13 17 18 20 21 23 24 26 28 30 33 34 37 40 41 42 43 45 46 47 48 52 54 56 58 60 63 64 65 66 67 68 69 72 73 74 75 78 80 86 88 89 90 91 92 95 97 98 100 101 102 104 105 108 109 110 112 113 116 117 118 119 125 126 127 128 129 130 131 132 134 135 137 138 139 141 142 144 147 156 158 160 162 163 165 169 170 171 174 176 177
3 22 25 31 35 45 91 100 101 104 111 112 121 124 125 127 130 133 134 139 143 148 149 156 164 173 177
1 2 4 5 6 7 8 12 14 16 17 18 19 22 25 26 27 29 33 35 36 38 39 40 43 46 47 50 51 52 54 60 61 62 66 67 68 69 71 72 73 75 76 78 79 81 82 84 85 86 87 91 93 94 96 97 99 103 104 106 107 108 110 114 115 120 121 122 123 124 125 126 128 131 133 134 136 137 138 140 144 145 146 149 150 151 152 153 155 156 157 158 159 160 161 163 164 165 169 171 172 173 176 177
2 17 22 25 36 47 58 60 61 63 81 84 87 89 102 111 112 119 121 133 140 142 149 155 159 161 167 168 174 175
8 16 22 25 28 31 35 36 38 52 57 60 64 69 72 76 77 85 89 97 100 111 118 134 140 142 143 145 148 155 156 164 166 167 168 173 175
3 4 5 7 11 12 13 16 17 19 20 21 23 24 26 30 32 33 35 37 41 42 43 44 46 48 49 50 51 52 53 54 55 56 57 59 60 62 63 64 65 67 68 70 73 74 75 77 78 80 83 84 85 86 87 88 89 92 93 94 95 96 97 98 101 102 104 105 106 107 109 110 112 113 117 119 120 121 125 126 128 130 133 135 138 139 141 144 146 147 155 156 158 160 162 165 168 172 174 176 177
3 17 29 53 61 93 118 121 129 134 165 175
3 17 25 29 53 58 61 69 81 93 94 118 121 129 133 134 154 155 165 167 173 175
1 2 4 6 7 9 10 11 12 13 14 15 16 17 18 19 20 21 24 25 26 27 28 30 31 32 33 34 37 39 40 41 42 43 44 46 47 48 49 50 51 52 53 54 56 58 59 62 63 64 65 66 68 71 72 73 74 78 79 80 82 83 84 85 86 87 88 89 90 91 92 93 95 96 97 99 101 102 103 105 106 107 108 109 110 112 113 114 115 117 120 121 122 123 124 125 126 127 128 129 130 131 135 136 137 138 139 141 142 143 144 145 146 147 150 151 152 153 154 156 157 158 159 160 162 163 165 169 170 171 172 173 174 177
1 2 3 4 5 8 10 11 15 16 20 22 23 24 25 26 27 28 29 30 31 33 34 35 36 38 39 41 42 43 44 46 47 49 50 52 53 54 55 56 57 58 60 61 62 63 64 65 67 68 72 73 76 77 79 80 84 85 86 87 88 89 90 92 93 94 95 97 98 99 101 102 103 104 105 106 111 112 114 115 116 117 118 119 120 121 126 132 133 134 135 136 138 139 140 141 142 143 145 147 148 149 154 156 157 158 159 160 161 162 163 164 166 167 168 172 174 175 176 177
4 24 27 28 30 33 34 43 52 53 60 64 68 69 84 86 87 89 90 91 93 97 103 114 116 132 140 144 149 160 164 165 166 175
9 13 15 18 59 73 90 122 124 125 146 170 171
1 3 4 5 6 7 8 10 11 13 14 15 18 19 20 21 23 25 26 30 32 35 39 40 44 49 50 51 52 53 55 56 57 59 62 63 64 65 68 71 72 73 75 76 79 82 83 85 86 88 91 93 96 98 99 103 106 107 108 110 111 113 115 117 118 121 122 124 125 126 127 128 131 133 136 137 141 143 144 146 147 148 149 150 151 153 155 156 158 159 163 166 167 168 169 170 171 176 177
1 2 6 10 24 29 34 37 38 39 42 46 47 52 54 55 57 65 76 78 79 84 89 96 97 99 100 103 106 107 108 112 113 114 120 127 131 137 138 140 142 144 147 150 151 152 153 155 156 157 158 163 165 167 177
1 2 5 6 10 20 21 23 24 29 31 34 35 36 37 38 39 42 46 47 52 53 54 55 57 60 61 63 65 69 72 73 75 76 78 79 84 85 86 89 92 93 94 96 97 99 100 101 103 104 106 107 108 109 112 113 114 116 120 121 124 127 129 131 134 137 138 140 141 142 143 144 147 150 151 152 153 155 156 157 158 159 160 161 163 165 167 172 173 174 177
5 7 10 13 14 20 21 41 59 68 74 77 78 81 90 95 109 116 117 118 122 132 135 139 143 145 148 164 166 170
6 12 18 51 78 82 132 135 137 153
1 4 6 12 40 44 51 69 82 83 88 99 107 108 132 137 144 150 153 160
1 4 6 7 9 10 11 12 13 14 16 17 18 20 24 27 28 30 31 32 33 37 38 39 40 41 43 44 49 50 51 55 56 58 59 62 65 67 68 69 70 71 73 74 79 80 82 83 86 88 89 90 91 95 96 99 100 101 102 103 105 106 107 108 109 110 111 113 114 115 119 122 126 127 128 131 132 134 135 136 137 138 141 143 144 146 147 149 150 151 152 153 154 155 156 160 166 169 170 171 172
3 4 10 11 15 16 17 19 21 23 24 27 28 30 31 34 36 37 39 40 41 42 43 46 47 48 49 50 51 53 55 56 57 60 61 62 63 65 66 70 71 76 78 79 82 84 87 92 93 95 96 97 98 101 102 104 106 107 108 110 113 114 115 116 118 119 120 121 122 129 130 131 133 134 135 136 137 138 139 143 144 148 149 150 151 152 153 156 157 160 162 163 164 165 169 175
3 16 22 23 25 31 36 45 69 81 85 94 118 124 134 140 145 154 161 173 175
17 20 30 32 35 40 47 65 66 70 72 80 89 90 95 98 101 102 112 117 128 131 135 139 147 150 169 171 172 174
3 11 13 17 20 23 26 28 34 42 58 69 76 95 102 109 112 115 116 118 122 125 131 141 142 147 148 155 158 159 163 170
5 14 22 23 25 28 29 31 36 58 64 72 81 90 95 116 118 125 133 135 142 145 147 148 154 164 166 173
11 22 23 25 28 31 34 36 37 41 45 61 64 69 95 102 112 116 117 121 130 141 142 143 154 160 164 167 174
5 22 23 29 31 38 44 45 46 64 69 76 77 97 100 111 119 138 140 145 148 156 158 163 165 166 173
1 7 9 18 27 33 37 40 41 42 43 54 64 65 66 74 92 105 109 110 112 115 125 126 129 141 147 153 154 165 169 170 174
1 2 3 5 6 10 11 12 14 15 16 19 20 22 24 26 27 30 31 33 35 36 38 39 40 41 42 43 44 47 48 49 51 52 55 56 57 60 61 63 64 65 66 67 69 71 74 75 77 79 82 84 85 97 98 99 100 101 102 107 108 113 114 115 117 119 120 121 122 123 124 125 126 127 128 131 132 133 134 136 137 138 139 140 144 145 146 148 149 150 151 153 154 157 159 160 162 163 165 166 168 169 171 172 173 175 176 177
2 16 17 22 23 25 29 35 44 46 58 60 61 63 69 77 97 111 114 116 118 129 138 140 142 155 158 161 163 168
2 3 4 5 10 14 16 18 22 23 25 27 32 33 34 35 36 38 40 41 42 45 47 49 50 51 52 56 57 60 61 62 64 67 70 71 72 77 79 80 81 82 83 84 85 89 90 93 94 96 97 100 103 104 105 106 107 108 109 112 118 119 120 121 122 123 127 128 129 130 133 134 135 136 137 143 144 146 148 150 151 155 157 161 164 167 168 170 175 177
7 9 11 13 14 18 19 20 21 28 41 48 52 57 59 64 70 73 74 78 85 90 92 95 105 109 112 116 118 122 125 132 139 143 145 148 158 160 170 171 173 174
2 11 21 24 28 29 30 34 37 38 39 43 44 54 68 77 90 92 93 95 98 129 144 146 160 161 162
24 29 33 43 55 64 68 74 86 90 95 105 109 131 139 160 162 164 171
24 29 30 33 34 43 48 49 55 64 68 69 74 78 80 86 90 95 101 105 109 131 132 135 137 139 140 144 160 162 164 171
8 17 22 24 25 27 29 30 31 33 37 39 40 54 58 65 88 102 104 121 126 129 148 159 161 165 173 174 175
44 47 51 52 57 63 66 69 70 81 93 98 111 113 127 131 137 138 142 157 173 175 176
2 34 38 47 54 58 70 96 103 118 119 122 123 125 127 129 134 145 150 152 159 173
2 11 14 20 22 28 34 38 47 48 54 58 59 70 80 96 102 103 118 119 122 123 124 125 127 129 134 138 145 150 152 154 159 173
7 8 14 18 32 90 92 122 124 170
2 8 23 25 42 46 53 54 59 65 84 89 92 98 103 114 115 125 126 128 129 146 150 159 161 162 168
7 41 43 65 74 78 90 92 95 102 109 112 132 135 141 162
3 9 11 13 17 21 29 34 35 41 42 47 53 69 75 85 94 95 109 111 118 119 124 142 143 145 148 154 158 164 166 177
1 40 50 54 66 86 87 88 91 113 131 135 163
1 2 4 6 9 10 11 12 15 17 18 19 20 21 24 25 26 27 30 37 39 40 42 43 46 47 48 50 51 52 53 54 55 61 64 65 66 71 73 74 76 78 79 80 82 83 86 87 88 89 90 91 92 93 95 96 97 98 99 102 103 107 108 109 110 111 112 113 114 115 117 119 120 122 123 125 126 127 128 131 132 134 135 136 137 139 141 144 146 147 149 150 151 152 153 155 156 158 162 163 166 168 169 171 174
