1 3 4 5 6 8 10 11 12 14 15 16 17 18 20 22 23 25 26 27 31 33 34 35 36 38 39 40 45 46 48 49 50 51 52 53 54 56 57 58 59 60 61 62 64 65 67 69 70 71 72 74 75 76 77 79 81 82 83 84 85 87 88 89 91 93 94 95 96 97 98 99 101 102 103 104 105 106 107 108 110 111 112 113 114 115 116 118 119 121 122 123 124 125 126 128 131 132 133 134 136 137 138 139 140 141 142 143 144 145 146 147 148 149 150 151 152 153 154 155 156 157 158 159 161 163 165 166 167 168 169 170 171 173 174 175 176
2 3 5 8 16 17 24 31 34 35 36 38 44 45 58 67 69 72 75 76 84 85 87 93 94 103 104 106 129 130 134 145 154 155 156 161 165 166 167 170 173 177
7 9 11 18 20 21 27 30 32 33 37 41 42 43 48 54 55 56 66 68 69 78 80 83 86 88 89 90 91 92 95 101 105 109 110 116 117 126 135 141 144 160 162 163 174
1 4 6 12 24 27 30 32 37 40 51 55 56 59 71 78 79 80 82 83 88 93 99 101 102 105 107 108 110 115 126 128 135 136 137 144 146 151 153 157 169 171
5 9 18 19 32 36 43 74 87 119 124 147 149 168 172
2 3 5 17 22 24 31 38 45 52 58 60 61 62 63 67 70 72 75 81 87 89 93 94 100 102 103 106 112 119 123 124 125 130 131 133 134 140 145 154 155 157 159 161 165 167 168 172 177
1 4 6 10 12 15 20 24 26 27 30 32 33 34 37 40 42 46 48 49 50 51 54 55 64 65 66 68 71 73 79 82 83 86 87 88 89 92 93 95 96 98 99 101 103 105 108 109 110 113 115 120 126 128 131 136 137 138 141 142 144 146 147 150 151 153 158 160 163 168 169 171
1 2 3 4 5 6 7 15 17 24 32 33 34 35 36 39 40 41 43 45 46 47 49 51 53 56 58 59 62 64 65 67 69 70 71 73 76 79 80 81 82 83 84 88 91 93 94 96 98 99 100 101 102 103 105 106 107 108 111 113 114 116 118 119 123 127 128 129 131 133 135 136 137 138 140 142 144 145 148 149 150 151 152 153 154 155 157 158 159 161 163 164 165 166 168 169 170 177
3 16 19 22 29 31 34 36 38 45 47 52 53 57 60 61 62 63 69 75 77 81 84 90 93 94 95 100 111 116 119 120 121 129 132 133 134 137 143 145 148 154 156 161 165 175
1 4 6 12 18 26 27 33 39 50 51 55 56 59 64 68 71 79 80 82 83 84 88 91 92 96 99 107 108 110 115 120 122 135 136 137 144 146 151 153 160 169 170
1 4 6 10 12 39 40 55 59 80 82 96 99 107 108 125 126 128 137 144 151 153 169
7 9 11 17 20 22 23 24 25 29 30 33 34 37 41 42 43 48 54 55 56 58 68 70 78 90 92 93 95 98 101 102 105 109 112 126 129 131 135 139 142 145 148 160 162 165 167 171 172
1 2 3 4 6 7 8 9 10 11 12 13 14 15 16 18 19 20 21 26 27 28 30 32 37 39 40 42 46 48 49 50 51 54 55 56 59 65 66 68 71 73 75 78 79 80 81 82 83 86 88 89 90 91 92 94 95 96 98 99 101 102 103 105 107 108 110 112 113 115 117 122 123 124 125 126 127 128 129 131 134 135 136 137 139 141 143 144 146 147 150 151 152 153 156 157 158 164 169 170 171 173 174 176 177
2 5 8 35 45 60 72 75 85 100 127 140 161 166 168 170
5 7 9 10 11 13 14 18 19 21 26 27 32 37 41 42 59 68 69 72 74 75 85 90 92 95 109 110 112 117 122 124 125 132 135 139 141 142 154 163 170 174 176 177
2 3 5 7 8 9 11 15 16 17 20 21 22 23 24 25 26 27 28 29 30 31 32 33 34 35 36 37 38 40 41 42 43 44 45 46 47 48 50 52 53 54 55 57 58 60 61 62 63 65 66 67 68 69 70 72 73 74 75 76 77 78 79 81 84 85 86 87 88 89 90 92 93 94 95 97 98 101 102 103 104 105 106 109 111 112 113 114 116 117 118 119 120 121 123 124 126 127 128 129 130 131 133 134 138 139 140 141 145 147 148 149 152 154 155 156 157 158 159 160 162 163 164 165 166 167 168 169 171 172 173 174 175 176 177
1 4 6 10 12 15 17 24 27 30 32 33 39 40 42 43 47 49 50 51 53 54 56 57 58 60 62 63 65 66 67 68 71 73 79 80 82 83 84 86 87 88 89 90 93 95 96 97 98 99 101 103 105 106 107 108 110 113 114 115 120 126 128 129 135 136 137 141 144 146 149 150 151 153 157 160 168 169 171
2 9 11 22 24 28 31 33 36 41 42 43 48 52 55 57 58 60 68 69 70 73 74 78 80 81 86 89 90 95 100 101 105 109 112 125 132 133 139 140 143 148 160 162 164 165 172 175
2 4 11 12 17 20 24 30 35 37 40 41 42 43 51 55 58 60 61 65 72 73 99 102 113 124 125 128 130 131 137 142 144 151 164 167
1 5 20 21 24 25 27 31 33 36 39 41 45 48 51 54 66 68 72 82 90 94 96 101 103 110 122 126 130 132 133 135 137 146 149 151 164 165 166 167 168 169 170 171 172 174 177
1 4 12 39 40 46 51 54 79 82 83 86 99 111 131 142 153 163 169
7 9 19 25 29 31 35 36 37 38 41 43 48 55 57 58 70 78 90 92 95 98 101 109 112 117 129 130 134 135 139 148 161 162 164 166 167 171 172 174 175 176
1 6 10 15 18 26 27 32 39 41 59 68 78 80 83 91 93 98 107 109 110 115 120 132 139 169 171
7 17 26 31 33 42 44 45 51 53 54 55 57 65 66 68 69 70 72 76 88 89 98 103 111 113 114 119 121 128 140 149 159 163 164 166 168 170
2 15 17 19 22 24 25 30 32 33 35 37 38 46 47 49 52 53 56 58 60 62 63 64 65 67 72 75 76 77 84 85 86 93 94 97 98 102 103 104 106 111 113 114 116 118 119 120 121 123 125 127 131 132 133 140 142 143 148 149 152 155 156 157 158 159 162 164 165 166 167 169 172 175 176 177
2 8 22 35 36 38 45 52 57 77 87 93 111 140 155 164 168 173 175
2 9 17 22 23 25 29 31 36 38 45 47 53 58 61 63 81 84 93 94 100 104 112 114 116 118 119 121 124 129 130 132 133 134 145 149 152 154 155 161 164 165 166 167 168 173
3 5 16 22 23 28 29 35 36 38 44 45 52 55 57 60 61 62 63 64 67 69 70 72 77 81 84 87 94 97 100 111 127 130 134 140 154 155 161 164 165 167 168 172 173 175
1 2 6 17 20 24 26 27 30 32 33 34 36 40 42 46 47 50 51 54 56 61 65 66 67 71 79 80 82 83 89 95 96 98 99 100 101 105 106 108 110 114 115 116 117 119 120 122 126 128 129 130 131 132 135 136 137 138 140 142 144 146 147 149 150 151 153 155 158 159 160 162 168 169 170 174
7 8 9 11 14 18 20 22 23 25 36 38 41 43 44 45 52 55 58 59 66 67 68 69 70 73 78 80 90 92 94 95 109 115 116 117 124 127 140 142 145 148 159 172 173 176
7 11 13 20 24 27 30 32 33 43 45 52 55 56 58 59 64 65 68 70 74 78 80 81 90 92 95 100 101 105 109 110 111 117 118 132 135 142 148 154 160 162 164 174 175
2 3 7 24 31 33 35 38 42 43 45 58 61 67 68 74 78 81 84 86 87 92 94 97 102 104 121 126 128 129 130 131 132 135 155 161 168 172
3 4 9 12 14 15 18 22 23 25 36 41 45 61 64 69 78 80 81 84 87 93 99 100 107 116 119 122 123 124 125 130 132 133 134 135 137 143 145 155 159 160 166 169 171 173 175 176
7 9 20 30 32 41 42 58 90 94 102 105 112 115 150 169 174
1 7 13 19 21 51 78 88 96 99 115 125 139 146 150 153
11 20 21 24 28 32 34 41 43 48 54 64 74 81 86 90 95 97 101 112 122 125 131 139 143 145 147 156 161 162 166 174
2 17 22 25 26 28 29 34 35 37 42 46 47 53 56 60 69 73 75 77 84 90 92 93 95 97 98 104 116 118 120 123 129 138 140 142 143 145 148 158 162 163 171 175
1 3 4 6 10 12 15 16 23 27 28 35 37 39 44 46 47 49 50 53 54 55 57 59 62 66 69 71 72 73 75 76 77 79 83 87 88 89 94 96 97 98 99 101 103 106 107 110 111 113 114 115 117 118 119 120 121 126 129 133 136 137 138 141 142 143 146 147 148 149 150 151 153 155 156 157 158 161 163 164 166 169 170 172 173 175 176 177
1 6 10 17 24 30 49 56 81 82 95 96 107 108 110 112 126 137 144 153 162 174
2 3 5 8 9 11 14 18 19 21 25 29 31 35 45 48 58 70 74 78 81 85 87 90 92 94 102 104 112 122 124 125 129 130 133 134 139 140 145 147 152 154 165 166 172 176 177
1 4 6 7 10 11 12 13 14 15 16 18 19 20 21 22 23 24 26 27 29 30 32 33 35 37 39 40 41 42 43 44 46 47 48 49 50 51 53 54 55 56 57 58 59 60 62 65 66 68 71 73 74 76 77 78 79 80 82 83 84 85 86 87 88 89 90 91 93 94 95 96 97 98 99 101 102 103 105 107 108 109 110 111 112 114 115 117 120 122 123 125 126 127 128 129 130 131 132 135 136 137 138 139 140 141 142 144 146 147 148 149 150 151 153 155 157 159 160 161 162 163 164 165 168 169 170 171 172
1 4 7 10 20 27 30 32 33 37 39 40 42 46 49 50 52 55 56 59 65 69 70 71 76 80 85 86 89 92 93 95 96 98 100 103 105 106 107 109 110 113 119 120 136 137 138 141 142 143 146 147 150 151 153 156 157 158 160 162 168 171 175
7 9 11 20 21 27 32 33 37 41 42 43 48 54 55 56 68 74 78 80 90 95 101 102 105 109 110 117 122 139 160 171 174
7 11 14 20 21 30 37 41 92 102 109 117 125 139 141 147 174
6 10 11 12 24 27 30 33 34 41 48 50 54 56 66 68 73 88 89 91 95 108 110 112 115 117 120 122 141 158 160 162 170 171 174
2 5 7 14 19 22 23 25 28 29 31 34 39 45 56 65 68 69 72 73 74 76 77 87 92 94 105 118 127 133 134 135 137 138 139 145 148 156 158 161 164 166 167 173 175 177
2 7 9 20 21 22 25 30 35 42 43 47 48 60 63 74 77 83 84 89 90 92 95 97 98 101 104 105 109 118 119 122 123 129 130 131 140 145 155 159 162 165 168 173 175
7 9 19 20 21 24 26 27 34 39 40 43 56 57 59 65 66 68 70 73 74 78 88 90 91 92 95 96 98 101 112 117 120 122 125 126 131 147 149 154 158 160 162 163 172 173
5 8 16 22 23 25 28 29 31 34 35 38 44 45 46 63 64 69 72 75 76 77 85 100 111 116 118 119 127 134 138 140 142 143 145 148 158 159 161 163 165 166 173 175
1 4 5 6 8 12 15 16 29 30 37 39 40 42 43 50 51 52 53 55 60 61 63 64 65 71 79 82 83 84 86 89 93 95 96 98 99 103 106 113 116 119 120 121 126 127 128 131 133 136 141 147 149 150 151 153 157 161 162 168 169 176
