#iterations	mean Measure
1	0.0
501	4.020046014173496E-4
1001	4.526388731949141E-4
1501	4.4101119826710916E-4
2001	4.530985749424372E-4
2501	3.631556309269906E-4
3001	3.0366662208565633E-4
3001	3.0366662208565633E-4
3501	3.1177857337619827E-4
4001	2.747961873034323E-4
4001	2.747961873034323E-4
4001	2.747961873034323E-4
4001	2.747961873034323E-4
4001	2.747961873034323E-4
4001	2.747961873034323E-4
4001	2.747961873034323E-4
4001	2.747961873034323E-4
4001	2.747961873034323E-4
4001	2.747961873034323E-4
4501	2.82705905515178E-4
5001	2.5508807104854584E-4
5501	2.597136594164218E-4
6001	2.3889031702717227E-4
6501	2.443262490923688E-4
7001	2.324302567198227E-4
7501	2.3077581401538763E-4
7501	2.3077581401538763E-4
8001	2.317835538215707E-4
8501	2.1932517440088263E-4
9001	2.2206494257400998E-4
9501	2.18385085528546E-4
10001	2.124055650024915E-4
10501	2.1574197562820974E-4
11001	2.1128726960776547E-4
11501	2.0706059537754895E-4
12001	2.0688979042661655E-4
12501	2.0518984694287617E-4
13001	2.005417778827127E-4
13501	2.00871360521822E-4
14001	1.995478885452602E-4
14501	1.9650691479095747E-4
15001	1.9364979221821546E-4
15501	1.9296939723737939E-4
16001	1.9219504809529162E-4
16501	1.9011889280615528E-4
17001	1.8766818614850483E-4
17501	1.8463597440787925E-4
17501	1.8463597440787925E-4
17501	1.8463597440787925E-4
18001	1.8376430560818963E-4
18501	1.8278326595412426E-4
19001	1.8207190716515865E-4
19501	1.8086916827659267E-4
20001	1.791770478340877E-4
20501	1.7766787730761385E-4
21001	1.7539928251317344E-4
21501	1.734317158077224E-4
22001	1.7185232183259755E-4
22501	1.707420569626107E-4
23001	1.7034352777450527E-4
23501	1.698856224155966E-4
23501	1.698856224155966E-4
24001	1.6872168929328913E-4
24001	1.6872168929328913E-4
24501	1.6773282223431503E-4
25001	1.6673889894190094E-4
25501	1.654761149865322E-4
26001	1.6427701769994944E-4
26501	1.6337766216091207E-4
27001	1.628256352334527E-4
27501	1.626366584176289E-4
28001	1.620782768173376E-4
28001	1.620782768173376E-4
28501	1.6107948417902628E-4
29001	1.60644086411245E-4
29501	1.6050780527834737E-4
30001	1.5970951387701663E-4
30501	1.5866388908333305E-4
31001	1.5802693093618355E-4
31501	1.5749962429940527E-4
32001	1.5705478899612048E-4
32501	1.5673847659758157E-4
33001	1.559191529050563E-4
33501	1.547266571280947E-4
34001	1.5422922643079995E-4
34501	1.5353673500699604E-4
35001	1.5290721542961556E-4
35501	1.518751240155768E-4
35501	1.518751240155768E-4
36001	1.5161800690839439E-4
36501	1.5092053723603504E-4
37001	1.5011798161278483E-4
37501	1.4920382202272207E-4
37501	1.4920382202272207E-4
37501	1.4920382202272207E-4
37501	1.4920382202272207E-4
37501	1.4920382202272207E-4
37501	1.4920382202272207E-4
37501	1.4920382202272207E-4
38001	1.4884780045851514E-4
38501	1.48059045849331E-4
38501	1.48059045849331E-4
39001	1.4765294685951794E-4
39001	1.4765294685951794E-4
39001	1.4765294685951794E-4
39001	1.4765294685951794E-4
39501	1.4748058135151287E-4
40001	1.4690580292960775E-4
40501	1.4626391119024806E-4
41001	1.460789214620136E-4
41501	1.4533760132445718E-4
42001	1.4485423336284338E-4
42501	1.4444763045377853E-4
43001	1.4384494896430152E-4
43001	1.4384494896430152E-4
43501	1.4342255501242714E-4
44001	1.429138411286031E-4
44501	1.424726251904082E-4
45001	1.4173329197573475E-4
45001	1.4173329197573475E-4
45501	1.416319748661309E-4
45501	1.416319748661309E-4
46001	1.410361341667886E-4
46501	1.411037806592768E-4
47001	1.4074401138459836E-4
47501	1.4044852322234403E-4
48001	1.4003167347179338E-4
48501	1.3978976211748948E-4
49001	1.3952115415778252E-4
49501	1.3902642893413083E-4
50001	1.387339077331981E-4
50501	1.386766020524014E-4
51001	1.3833378261162227E-4
51501	1.3772520621993504E-4
51501	1.3772520621993504E-4
52001	1.3764491496674736E-4
52501	1.37156724708219E-4
53001	1.3691672797554036E-4
53501	1.3642553544122025E-4
54001	1.3583965442470918E-4
54001	1.3583965442470918E-4
54001	1.3583965442470918E-4
54001	1.3583965442470918E-4
54001	1.3583965442470918E-4
54001	1.3583965442470918E-4
54001	1.3583965442470918E-4
54001	1.3583965442470918E-4
54001	1.3583965442470918E-4
54001	1.3583965442470918E-4
54501	1.3569537110606745E-4
55001	1.3519921148438251E-4
55501	1.3457610930115178E-4
55501	1.3457610930115178E-4
55501	1.3457610930115178E-4
56001	1.3429235248219116E-4
56501	1.3396797443978204E-4
57001	1.3358404672986397E-4
57501	1.3329438367928079E-4
57501	1.3329438367928079E-4
58001	1.3318604039635624E-4
58501	1.3273119481743492E-4
59001	1.3234437491099903E-4
59501	1.318920003483683E-4
60001	1.3153091880226152E-4
60501	1.3163260554781677E-4
61001	1.3109642559246115E-4
61501	1.3059154547054468E-4
62001	1.303681475251186E-4
62501	1.2993926723840743E-4
63001	1.297657658585502E-4
63501	1.295064418417328E-4
63501	1.295064418417328E-4
64001	1.2910454409517227E-4
64501	1.285860259650387E-4
65001	1.2820005171058674E-4
65501	1.2794684733782204E-4
66001	1.2754772046175616E-4
66501	1.2744788993441337E-4
67001	1.275354451675909E-4
67501	1.2706576528336653E-4
68001	1.2692040881458276E-4
68001	1.2692040881458276E-4
68001	1.2692040881458276E-4
68001	1.2692040881458276E-4
68001	1.2692040881458276E-4
68001	1.2692040881458276E-4
68001	1.2692040881458276E-4
68001	1.2692040881458276E-4
68001	1.2692040881458276E-4
68001	1.2692040881458276E-4
68001	1.2692040881458276E-4
68001	1.2692040881458276E-4
68001	1.2692040881458276E-4
68001	1.2692040881458276E-4
68001	1.2692040881458276E-4
68001	1.2692040881458276E-4
68001	1.2692040881458276E-4
68001	1.2692040881458276E-4
68001	1.2692040881458276E-4
68001	1.2692040881458276E-4
68001	1.2692040881458276E-4
68001	1.2692040881458276E-4
68001	1.2692040881458276E-4
68001	1.2692040881458276E-4
68001	1.2692040881458276E-4
68001	1.2692040881458276E-4
68001	1.2692040881458276E-4
68001	1.2692040881458276E-4
68001	1.2692040881458276E-4
68001	1.2692040881458276E-4
68001	1.2692040881458276E-4
68001	1.2692040881458276E-4
68001	1.2692040881458276E-4
68001	1.2692040881458276E-4
68001	1.2692040881458276E-4
68001	1.2692040881458276E-4
68001	1.2692040881458276E-4
68001	1.2692040881458276E-4
68001	1.2692040881458276E-4
68001	1.2692040881458276E-4
68001	1.2692040881458276E-4
68001	1.2692040881458276E-4
68001	1.2692040881458276E-4
68001	1.2692040881458276E-4
68001	1.2692040881458276E-4
68001	1.2692040881458276E-4
68001	1.2692040881458276E-4
68001	1.2692040881458276E-4
68001	1.2692040881458276E-4
68001	1.2692040881458276E-4
68001	1.2692040881458276E-4
68001	1.2692040881458276E-4
68001	1.2692040881458276E-4
68001	1.2692040881458276E-4
68001	1.2692040881458276E-4
68001	1.2692040881458276E-4
68001	1.2692040881458276E-4
68001	1.2692040881458276E-4
68001	1.2692040881458276E-4
68001	1.2692040881458276E-4
68001	1.2692040881458276E-4
68001	1.2692040881458276E-4
68501	1.265093464645715E-4
69001	1.2633278464967013E-4
69501	1.2593623261344074E-4
70001	1.2555300658017278E-4
70001	1.2555300658017278E-4
70501	1.2511565609063264E-4
70501	1.2511565609063264E-4
70501	1.2511565609063264E-4
70501	1.2511565609063264E-4
70501	1.2511565609063264E-4
70501	1.2511565609063264E-4
70501	1.2511565609063264E-4
70501	1.2511565609063264E-4
70501	1.2511565609063264E-4
70501	1.2511565609063264E-4
70501	1.2511565609063264E-4
70501	1.2511565609063264E-4
70501	1.2511565609063264E-4
70501	1.2511565609063264E-4
70501	1.2511565609063264E-4
70501	1.2511565609063264E-4
70501	1.2511565609063264E-4
70501	1.2511565609063264E-4
70501	1.2511565609063264E-4
71001	1.2485318665838365E-4
71501	1.244754439361383E-4
72001	1.2410343687269628E-4
72001	1.2410343687269628E-4
72501	1.2363565679394104E-4
73001	1.232656495600977E-4
73501	1.2295927943191555E-4
74001	1.2256772353843193E-4
74001	1.2256772353843193E-4
74501	1.222340920050548E-4
75001	1.219193694011636E-4
75501	1.2168987353916875E-4
76001	1.2124316209806113E-4
76501	1.2088837587491337E-4
76501	1.2088837587491337E-4
76501	1.2088837587491337E-4
76501	1.2088837587491337E-4
77001	1.2051365974046765E-4
77501	1.202743734171143E-4
77501	1.202743734171143E-4
77501	1.202743734171143E-4
77501	1.202743734171143E-4
78001	1.2004215636410595E-4
78001	1.2004215636410595E-4
78501	1.1966348876532286E-4
79001	1.1930535623852102E-4
79501	1.190178164303949E-4
80001	1.1864273583213927E-4
80501	1.1830101791110143E-4
81001	1.1783101589628939E-4
81501	1.1743302651510882E-4
82001	1.1706689038713493E-4
82001	1.1706689038713493E-4
82501	1.1669278584389727E-4
82501	1.1669278584389727E-4
83001	1.1633187831594518E-4
83001	1.1633187831594518E-4
83501	1.160295211319479E-4
84001	1.1570150023589158E-4
84501	1.1544787377704515E-4
85001	1.151311560952278E-4
85001	1.151311560952278E-4
85001	1.151311560952278E-4
85001	1.151311560952278E-4
85001	1.151311560952278E-4
85501	1.149553626910251E-4
86001	1.146088612581521E-4
86501	1.1440879630210174E-4
87001	1.1410510257775843E-4
87501	1.1377913990438771E-4
88001	1.1344124688158458E-4
88501	1.1314906201037009E-4
88501	1.1314906201037009E-4
89001	1.1282510199506385E-4
89001	1.1282510199506385E-4
89501	1.1255121711860208E-4
89501	1.1255121711860208E-4
89501	1.1255121711860208E-4
89501	1.1255121711860208E-4
90001	1.1224003314691437E-4
90001	1.1224003314691437E-4
90501	1.1196807249121448E-4
91001	1.1165327347394711E-4
91501	1.1143122470918366E-4
92001	1.1118179641303699E-4
92501	1.1082379833866073E-4
93001	1.1059902570537162E-4
93501	1.1031532410593029E-4
93501	1.1031532410593029E-4
94001	1.1007123500269079E-4
94001	1.1007123500269079E-4
94001	1.1007123500269079E-4
94001	1.1007123500269079E-4
94001	1.1007123500269079E-4
94001	1.1007123500269079E-4
94001	1.1007123500269079E-4
94501	1.0980895927027563E-4
94501	1.0980895927027563E-4
94501	1.0980895927027563E-4
95001	1.0945631636112136E-4
95001	1.0945631636112136E-4
95001	1.0945631636112136E-4
95001	1.0945631636112136E-4
95501	1.092597375866699E-4
95501	1.092597375866699E-4
95501	1.092597375866699E-4
96001	1.0902947487916837E-4
96001	1.0902947487916837E-4
96001	1.0902947487916837E-4
96001	1.0902947487916837E-4
96001	1.0902947487916837E-4
96001	1.0902947487916837E-4
96001	1.0902947487916837E-4
96001	1.0902947487916837E-4
96001	1.0902947487916837E-4
96001	1.0902947487916837E-4
96001	1.0902947487916837E-4
96001	1.0902947487916837E-4
96001	1.0902947487916837E-4
96001	1.0902947487916837E-4
96001	1.0902947487916837E-4
96001	1.0902947487916837E-4
96001	1.0902947487916837E-4
96001	1.0902947487916837E-4
96001	1.0902947487916837E-4
96001	1.0902947487916837E-4
96001	1.0902947487916837E-4
96001	1.0902947487916837E-4
96001	1.0902947487916837E-4
96001	1.0902947487916837E-4
96001	1.0902947487916837E-4
96001	1.0902947487916837E-4
96001	1.0902947487916837E-4
96001	1.0902947487916837E-4
96001	1.0902947487916837E-4
96001	1.0902947487916837E-4
96001	1.0902947487916837E-4
96001	1.0902947487916837E-4
96001	1.0902947487916837E-4
96001	1.0902947487916837E-4
96001	1.0902947487916837E-4
96001	1.0902947487916837E-4
96501	1.0881721022149284E-4
97001	1.08520811183347E-4
97501	1.0833760053988185E-4
98001	1.0817829010978524E-4
98501	1.0800521944564252E-4
98501	1.0800521944564252E-4
99001	1.0774592092333789E-4
99001	1.0774592092333789E-4
99001	1.0774592092333789E-4
99001	1.0774592092333789E-4
99001	1.0774592092333789E-4
99001	1.0774592092333789E-4
99001	1.0774592092333789E-4
99001	1.0774592092333789E-4
99001	1.0774592092333789E-4
99001	1.0774592092333789E-4
99001	1.0774592092333789E-4
99001	1.0774592092333789E-4
99001	1.0774592092333789E-4
99001	1.0774592092333789E-4
99001	1.0774592092333789E-4
99001	1.0774592092333789E-4
99001	1.0774592092333789E-4
99001	1.0774592092333789E-4
99001	1.0774592092333789E-4
99001	1.0774592092333789E-4
99001	1.0774592092333789E-4
99001	1.0774592092333789E-4
99501	1.0755159246823592E-4
