3 5 22 25 29 31 35 36 40 44 47 57 58 60 76 77 85 87 94 99 107 116 123 124 129 130 134 137 140 145 151 153 154 155 156 159 164 165 167 172 175 177
1 6 12 34 40 51 68 80 82 107 108 135 137 151 153 160
2 4 6 7 8 9 10 13 14 15 19 20 22 24 26 28 30 33 34 37 39 40 42 46 50 51 52 53 54 57 60 63 65 70 71 72 74 75 76 77 79 82 85 88 89 90 91 92 96 97 98 99 101 102 106 107 108 110 111 112 113 116 117 120 122 123 124 125 136 138 142 145 147 149 150 151 152 158 162 163 165 167 170 172 173 174 176
1 2 4 6 10 11 12 13 15 17 20 23 24 26 27 28 29 30 33 34 38 39 40 42 46 47 49 50 51 53 54 55 56 57 60 62 63 64 65 66 67 68 70 71 73 76 79 82 83 84 86 88 89 90 91 92 93 95 96 97 98 99 100 101 103 108 110 113 114 115 117 119 120 122 123 126 128 129 131 134 135 136 138 139 140 141 142 143 144 147 150 153 157 158 160 162 165 166 167 168 169 171 174
1 2 3 4 6 12 16 17 22 23 24 25 28 29 30 31 33 34 35 36 38 39 40 42 44 46 47 49 50 51 52 53 54 55 56 57 60 61 62 63 64 65 67 70 71 72 77 79 81 82 83 84 86 89 91 93 96 97 99 100 103 104 106 107 108 114 118 119 120 121 123 126 128 129 130 133 136 138 140 142 143 144 148 150 151 152 153 154 155 156 157 161 162 164 165 166 167 168 169 172 174 175 177
7 9 11 13 14 18 41 59 68 92 105 122 170
1 6 23 51 71 79 99 107 108 126 136 137 144 151 153 173
1 3 4 6 10 12 13 15 16 18 19 20 21 23 24 26 27 29 30 32 37 39 40 41 43 44 46 48 49 50 51 52 55 56 57 59 61 62 66 67 70 71 76 78 79 80 82 83 84 86 87 88 89 90 91 92 93 96 98 99 102 106 107 108 110 112 113 115 116 117 119 122 125 126 131 132 133 134 135 136 137 139 141 143 144 145 146 147 148 149 150 151 153 157 160 162 169 171 174 176
1 9 18 19 33 41 42 43 48 51 59 70 74 88 92 102 105 131 141 166
2 22 23 29 31 35 36 38 47 53 60 61 62 67 85 87 93 94 97 106 108 118 119 121 124 127 129 130 134 148 152 155 163 165 173 175
2 6 8 10 11 12 15 16 18 20 21 23 24 26 28 30 32 33 34 35 37 38 39 40 42 44 46 48 49 50 52 54 56 57 60 65 67 69 71 73 75 76 77 84 88 91 92 93 95 96 97 98 100 103 106 107 108 109 110 111 113 114 115 116 117 118 119 120 123 127 129 132 133 134 135 136 138 140 142 144 146 147 149 150 156 157 159 160 162 163 164 165 166 167 168 174 175 176
5 16 17 23 25 29 34 36 38 44 45 46 52 53 57 60 62 63 64 70 77 93 100 111 119 129 138 140 142 148 155 156 157 158 159 165 167 173 175
7 9 11 18 19 21 31 35 43 48 68 74 78 80 81 90 95 101 102 109 112 121 125 130 132 133 135 147 152 154 160 167 174 175
22 25 31 36 47 81 104 121 124 130 148 154 159 164 165
8 17 29 31 36 53 61 69 75 111 116 127 145 152 165 173
2 24 28 30 31 34 40 43 46 53 61 63 73 86 87 91 111 113 119 127 131 140 142 143 159 160 163 165 166 167 168 171 175
2 4 12 17 23 25 26 27 28 29 30 33 34 35 36 39 40 46 47 49 51 53 58 60 61 62 63 67 71 72 76 79 81 83 84 86 87 91 94 96 97 99 104 106 108 113 114 115 118 119 123 126 128 129 130 136 138 140 142 143 144 149 150 151 153 155 157 159 161 163 165 166 167 168 169 173
4 10 19 33 37 51 54 59 65 80 82 88 89 99 103 114 119 122 126 128 138 168 170
2 3 23 45 47 49 62 63 65 67 81 100 104 114 123 124 133 142 154 155 161 165 177
2 22 28 47 57 111 133 138 154 163 165 167 172 175
9 11 28 31 33 41 42 43 48 64 74 92 95 109 112 116 124 130 132 134 139 143 162 164 166 173
6 8 15 23 29 36 44 51 59 61 63 66 69 73 75 76 82 85 87 98 100 108 111 113 116 119 124 127 140 151 154 158 159 163 165 166 170 173 175 176 177
5 8 24 34 35 38 45 52 64 77 100 118 119 127 138 142 148 158 161 163 166 168 177
1 6 18 26 32 69 73 80 91 115 132 135 153 170 171
14 22 23 25 28 35 47 64 69 77 87 95 97 106 111 118 130 140 156 159 166 167 168 173
17 23 24 31 36 47 111 129 131 159 163
7 19 41 59 80 91 101 105 117 122 124 132 170 171 174
2 12 23 38 40 47 53 63 67 72 81 82 84 87 97 100 103 107 111 119 121 129 130 133 134 140 144 148 149 157 161 167
1 2 3 4 5 6 8 10 12 13 14 15 16 17 22 23 26 27 29 32 33 36 39 40 43 44 46 49 50 51 53 55 56 60 61 62 63 67 71 72 73 75 76 77 79 80 81 82 83 84 86 87 88 91 93 94 96 98 99 100 101 104 106 107 108 110 113 115 118 119 120 121 122 124 126 127 132 134 136 137 140 141 142 144 146 148 150 151 153 156 157 158 165 166 167 169 171 173 174
23 29 38 43 53 58 60 64 67 73 75 77 85 91 92 93 97 98 111 119 120 121 129 139 140 152 156 166 171 175
3 5 35 45 55 57 63 70 77 81 87 94 104 118 123 145 159 161 165 168 172 173
6 8 12 15 39 50 51 55 56 59 66 70 73 75 78 80 84 88 91 102 108 117 122 135 137 143 146 149 157 160 165 169 171 172 176
1 4 6 12 18 27 77 78 79 80 82 99 120 135 136 137 153 176
3 8 14 19 22 25 29 31 32 35 43 48 53 58 59 80 105 109 117 118 121 125 129 133 152 154 165 170 174 176
13 14 19 22 25 58 59 72 74 81 90 92 94 100 103 104 106 111 121 123 133 134 139 142 143 149 154 156 159 164 165 166 170
7 9 41 66 90 111 117 131 139 171
4 13 18 56 60 68 69 71 85 125 132 136 137 171
17 19 23 30 37 40 42 45 48 57 61 62 65 74 86 89 92 95 97 100 102 103 109 112 114 119 121 128 129 133 139 142 144 147 159 166 168 175
7 9 21 41 45 74 78 102 109 127 130 135 139 172 177
2 5 16 23 29 35 38 44 52 58 60 67 69 76 77 100 114 118 138 140 148 156 157 158 159 161 163 165 166 168 172 175
2 3 5 25 28 31 33 43 47 60 61 93 100 109 119 123 129 131 132 133 134 140 143 149 155 165 166 167 168
1 3 4 6 11 12 13 24 26 27 28 29 34 35 37 42 47 50 51 52 53 54 56 62 63 68 71 73 76 77 79 80 82 83 86 88 93 96 103 107 109 113 114 116 120 121 122 123 128 129 133 134 136 137 138 141 142 143 144 147 148 151 152 153 157 158 159 160 165 166 168 169 177
5 7 8 9 10 13 14 18 19 21 41 56 59 64 66 74 75 77 91 92 109 110 112 117 118 122 125 132 135 139 141 143 170 171
3 5 14 16 22 25 35 36 38 45 52 58 60 61 62 67 72 75 81 85 93 94 97 100 103 104 106 119 121 124 129 132 133 140 145 148 149 154 155 161 164 165 167 168 172 173 174
7 19 24 32 33 42 55 59 64 70 78 86 93 98 102 121 125 126 129 131 132 133 134 135 149 152 160 174 177
9 23 29 35 63 116 118 134 148 152 161 166
7 18 33 37 41 48 66 80 87 105 112 117 139 141 146
2 4 6 18 23 26 36 38 45 50 60 69 72 75 82 84 85 91 93 96 107 108 115 119 122 132 134 135 137 143 144 151 155 167 169 170 175 177
2 17 44 57 60 64 70 84 89 95 112 165 166 167 174
2 5 15 19 26 27 30 50 52 60 65 67 73 84 87 88 89 93 102 103 106 113 114 119 120 122 123 124 125 131 132 134 152 157 158 168 170 177
