#iterations	mean Measure
1	-0.46267291219286216
501	-0.28746911095622024
1001	-0.2703874450256581
1501	-0.2718497394107268
2001	-0.26450783770089387
2501	-0.258866470070795
3001	-0.25340560528943734
3501	-0.2538093504104182
4001	-0.2548461193399059
4001	-0.2548461193399059
4001	-0.2548461193399059
4001	-0.2548461193399059
4501	-0.25568572123799943
5001	-0.2556387070759292
5501	-0.25638578551065466
6001	-0.2556903570882997
6501	-0.2572632367731874
7001	-0.2577900950436208
7001	-0.2577900950436208
7501	-0.2588821199291515
8001	-0.26022736218405224
8501	-0.261603285574661
9001	-0.26179235629084446
9501	-0.26292886928277714
10001	-0.26399063732183764
10501	-0.2643565980997878
11001	-0.26528697627359893
11001	-0.26528697627359893
11501	-0.2662142290834381
11501	-0.2662142290834381
11501	-0.2662142290834381
12001	-0.2668973885192732
12001	-0.2668973885192732
12501	-0.26712064396572915
13001	-0.2677193778316475
13501	-0.2684478477341917
13501	-0.2684478477341917
13501	-0.2684478477341917
14001	-0.26825823590097264
14501	-0.2684712014376568
15001	-0.26878915507639034
15501	-0.26921356228307886
16001	-0.26958052575471386
16501	-0.27006448720989285
17001	-0.27015417330943575
17501	-0.2705436634189313
17501	-0.2705436634189313
17501	-0.2705436634189313
18001	-0.27085897701673556
18501	-0.27093422328102845
19001	-0.271175418052821
19501	-0.271008709141636
20001	-0.27148605440144935
20501	-0.2713782764639019
21001	-0.27147675852216063
21501	-0.2715048180360822
22001	-0.271787891977893
22501	-0.272071786833521
22501	-0.272071786833521
22501	-0.272071786833521
22501	-0.272071786833521
23001	-0.27233282841170553
23501	-0.2727777069695001
24001	-0.2729350750797812
24501	-0.27325341244961104
24501	-0.27325341244961104
25001	-0.27343559693161423
25001	-0.27343559693161423
25001	-0.27343559693161423
25001	-0.27343559693161423
25501	-0.2735989884373273
25501	-0.2735989884373273
25501	-0.2735989884373273
25501	-0.2735989884373273
25501	-0.2735989884373273
25501	-0.2735989884373273
25501	-0.2735989884373273
25501	-0.2735989884373273
25501	-0.2735989884373273
25501	-0.2735989884373273
25501	-0.2735989884373273
25501	-0.2735989884373273
25501	-0.2735989884373273
25501	-0.2735989884373273
25501	-0.2735989884373273
25501	-0.2735989884373273
25501	-0.2735989884373273
25501	-0.2735989884373273
25501	-0.2735989884373273
25501	-0.2735989884373273
25501	-0.2735989884373273
25501	-0.2735989884373273
25501	-0.2735989884373273
25501	-0.2735989884373273
25501	-0.2735989884373273
25501	-0.2735989884373273
25501	-0.2735989884373273
25501	-0.2735989884373273
25501	-0.2735989884373273
25501	-0.2735989884373273
26001	-0.2736521061936768
26501	-0.2738098867285519
26501	-0.2738098867285519
27001	-0.27378489632717146
27501	-0.27376208748662534
28001	-0.27393907081523583
28501	-0.2739459978272745
29001	-0.27392457989538355
29501	-0.274140619646963
30001	-0.2742854737316822
30501	-0.2744230006044235
31001	-0.2744695588664348
31001	-0.2744695588664348
31501	-0.27453222497811497
32001	-0.27454953408109645
32501	-0.2746511890943529
33001	-0.2748056462169776
33501	-0.2750786031372143
33501	-0.2750786031372143
33501	-0.2750786031372143
33501	-0.2750786031372143
33501	-0.2750786031372143
33501	-0.2750786031372143
33501	-0.2750786031372143
34001	-0.2752761470048116
34501	-0.2754980596325838
35001	-0.2755222708670107
35501	-0.2755989733975707
36001	-0.2757440019906119
36501	-0.2757514139272822
37001	-0.2758584717256166
37001	-0.2758584717256166
37001	-0.2758584717256166
37501	-0.2757310450497281
37501	-0.2757310450497281
37501	-0.2757310450497281
37501	-0.2757310450497281
37501	-0.2757310450497281
38001	-0.27579029315550624
38501	-0.2758602242949609
39001	-0.27569837046190226
39501	-0.27573044982462214
40001	-0.2758449150584983
40001	-0.2758449150584983
40001	-0.2758449150584983
40501	-0.275920791824697
41001	-0.2759710887301656
41501	-0.27590683196102206
42001	-0.27593492431117617
42501	-0.2759736527154064
43001	-0.27608719638110973
43501	-0.27599485225012477
44001	-0.2759760628086787
44501	-0.27595862415489264
45001	-0.2760895663104498
45001	-0.2760895663104498
45501	-0.2760508508614009
46001	-0.27607292005672085
46501	-0.27607587881965584
46501	-0.27607587881965584
47001	-0.27610793866763667
47501	-0.2759624404952858
48001	-0.2761325903101322
48501	-0.2760117806965571
48501	-0.2760117806965571
48501	-0.2760117806965571
48501	-0.2760117806965571
48501	-0.2760117806965571
48501	-0.2760117806965571
48501	-0.2760117806965571
48501	-0.2760117806965571
48501	-0.2760117806965571
48501	-0.2760117806965571
48501	-0.2760117806965571
48501	-0.2760117806965571
48501	-0.2760117806965571
48501	-0.2760117806965571
48501	-0.2760117806965571
48501	-0.2760117806965571
48501	-0.2760117806965571
48501	-0.2760117806965571
49001	-0.2759859126352518
49501	-0.2759722440870572
50001	-0.27589010208733195
50501	-0.2758963062317091
51001	-0.27587306730610184
51001	-0.27587306730610184
51501	-0.2759879190522741
52001	-0.27591957411314083
52501	-0.27590885563939144
52501	-0.27590885563939144
53001	-0.27591505428713703
53501	-0.27586108051172925
54001	-0.2760056102084178
54501	-0.27610753227923884
55001	-0.27597537822902135
55501	-0.27601474896102973
55501	-0.27601474896102973
55501	-0.27601474896102973
56001	-0.2759545808601563
56501	-0.2758374824236307
57001	-0.2757127335177637
57001	-0.2757127335177637
57501	-0.27586652305169057
58001	-0.2758071813724834
58501	-0.2758305692118234
59001	-0.2756733988139596
59501	-0.2755318605947508
60001	-0.2755271181028745
60501	-0.2755352535584194
61001	-0.2754598759942789
61501	-0.2754990656698477
62001	-0.2755158736854083
62501	-0.2754050327084598
62501	-0.2754050327084598
63001	-0.2753257168668519
63501	-0.2753261907478529
63501	-0.2753261907478529
63501	-0.2753261907478529
64001	-0.2752847402886926
64501	-0.275163358541104
64501	-0.275163358541104
65001	-0.27522486458083595
65501	-0.27512296622588345
66001	-0.2750984268884725
66501	-0.2750471039262011
66501	-0.2750471039262011
66501	-0.2750471039262011
66501	-0.2750471039262011
66501	-0.2750471039262011
66501	-0.2750471039262011
66501	-0.2750471039262011
66501	-0.2750471039262011
66501	-0.2750471039262011
66501	-0.2750471039262011
66501	-0.2750471039262011
66501	-0.2750471039262011
66501	-0.2750471039262011
66501	-0.2750471039262011
66501	-0.2750471039262011
66501	-0.2750471039262011
66501	-0.2750471039262011
66501	-0.2750471039262011
66501	-0.2750471039262011
66501	-0.2750471039262011
66501	-0.2750471039262011
66501	-0.2750471039262011
66501	-0.2750471039262011
66501	-0.2750471039262011
66501	-0.2750471039262011
66501	-0.2750471039262011
66501	-0.2750471039262011
66501	-0.2750471039262011
66501	-0.2750471039262011
66501	-0.2750471039262011
66501	-0.2750471039262011
66501	-0.2750471039262011
66501	-0.2750471039262011
66501	-0.2750471039262011
66501	-0.2750471039262011
66501	-0.2750471039262011
66501	-0.2750471039262011
67001	-0.27498057013078714
67501	-0.2748761020900986
68001	-0.27489098734521256
68501	-0.2748498376642536
69001	-0.27483667790889166
69001	-0.27483667790889166
69001	-0.27483667790889166
69001	-0.27483667790889166
69501	-0.2747959142861867
69501	-0.2747959142861867
69501	-0.2747959142861867
69501	-0.2747959142861867
69501	-0.2747959142861867
69501	-0.2747959142861867
69501	-0.2747959142861867
69501	-0.2747959142861867
69501	-0.2747959142861867
69501	-0.2747959142861867
70001	-0.27470960417044316
70001	-0.27470960417044316
70001	-0.27470960417044316
70001	-0.27470960417044316
70001	-0.27470960417044316
70001	-0.27470960417044316
70001	-0.27470960417044316
70001	-0.27470960417044316
70001	-0.27470960417044316
70001	-0.27470960417044316
70001	-0.27470960417044316
70001	-0.27470960417044316
70001	-0.27470960417044316
70001	-0.27470960417044316
70001	-0.27470960417044316
70001	-0.27470960417044316
70001	-0.27470960417044316
70001	-0.27470960417044316
70001	-0.27470960417044316
70001	-0.27470960417044316
70001	-0.27470960417044316
70001	-0.27470960417044316
70001	-0.27470960417044316
70001	-0.27470960417044316
70001	-0.27470960417044316
70001	-0.27470960417044316
70001	-0.27470960417044316
70001	-0.27470960417044316
70001	-0.27470960417044316
70001	-0.27470960417044316
70001	-0.27470960417044316
70001	-0.27470960417044316
70001	-0.27470960417044316
70001	-0.27470960417044316
70001	-0.27470960417044316
70001	-0.27470960417044316
70001	-0.27470960417044316
70001	-0.27470960417044316
70001	-0.27470960417044316
70001	-0.27470960417044316
70001	-0.27470960417044316
70001	-0.27470960417044316
70001	-0.27470960417044316
70001	-0.27470960417044316
70001	-0.27470960417044316
70001	-0.27470960417044316
70001	-0.27470960417044316
70001	-0.27470960417044316
70001	-0.27470960417044316
70001	-0.27470960417044316
70001	-0.27470960417044316
70001	-0.27470960417044316
70001	-0.27470960417044316
70001	-0.27470960417044316
70001	-0.27470960417044316
70001	-0.27470960417044316
70001	-0.27470960417044316
70001	-0.27470960417044316
70001	-0.27470960417044316
70001	-0.27470960417044316
70001	-0.27470960417044316
70001	-0.27470960417044316
70001	-0.27470960417044316
70001	-0.27470960417044316
70001	-0.27470960417044316
70001	-0.27470960417044316
70001	-0.27470960417044316
70001	-0.27470960417044316
70001	-0.27470960417044316
70001	-0.27470960417044316
70001	-0.27470960417044316
70001	-0.27470960417044316
70001	-0.27470960417044316
70001	-0.27470960417044316
70001	-0.27470960417044316
70001	-0.27470960417044316
70001	-0.27470960417044316
70001	-0.27470960417044316
70001	-0.27470960417044316
70001	-0.27470960417044316
70001	-0.27470960417044316
70001	-0.27470960417044316
70001	-0.27470960417044316
70001	-0.27470960417044316
70001	-0.27470960417044316
70001	-0.27470960417044316
70001	-0.27470960417044316
70001	-0.27470960417044316
70001	-0.27470960417044316
70001	-0.27470960417044316
70001	-0.27470960417044316
70001	-0.27470960417044316
70501	-0.27462477051359324
71001	-0.2746125924806882
71501	-0.2745364448721567
72001	-0.2744153978310694
72501	-0.27436748964553603
72501	-0.27436748964553603
73001	-0.27429552016352865
73501	-0.27419684492858387
74001	-0.27418175812462314
74501	-0.27401118809823266
74501	-0.27401118809823266
75001	-0.2738684457353171
75501	-0.27373259129308075
76001	-0.2736170726099463
76001	-0.2736170726099463
76001	-0.2736170726099463
76501	-0.27348427846032797
77001	-0.2734063054130811
77501	-0.27324130540926195
77501	-0.27324130540926195
78001	-0.27322652435509176
78001	-0.27322652435509176
78501	-0.2732057620727445
78501	-0.2732057620727445
79001	-0.2731220769067885
79501	-0.27298671236389593
80001	-0.2729406812988487
80501	-0.2728529189678337
81001	-0.2727510207875234
81501	-0.27268313129251603
81501	-0.27268313129251603
82001	-0.2725882458101587
82501	-0.27248930105748936
82501	-0.27248930105748936
82501	-0.27248930105748936
82501	-0.27248930105748936
83001	-0.2722907510598344
83501	-0.2722042769664205
84001	-0.27200954430772545
84001	-0.27200954430772545
84001	-0.27200954430772545
84501	-0.2718986658616606
84501	-0.2718986658616606
85001	-0.27173559606776193
85501	-0.2716871246588468
85501	-0.2716871246588468
85501	-0.2716871246588468
86001	-0.27152773569906996
86501	-0.27147070709414767
87001	-0.2713831590623781
87501	-0.27124378587354914
87501	-0.27124378587354914
87501	-0.27124378587354914
87501	-0.27124378587354914
88001	-0.2710892388415349
88501	-0.2710102735173663
89001	-0.2708676240613821
89501	-0.270769726444191
89501	-0.270769726444191
89501	-0.270769726444191
90001	-0.2706832322541191
90501	-0.27059844517614495
91001	-0.27049291412587545
91501	-0.2703076432894854
92001	-0.2702006711254865
92501	-0.2701279877212615
93001	-0.26996237972394443
93001	-0.26996237972394443
93501	-0.2697784917444835
93501	-0.2697784917444835
93501	-0.2697784917444835
94001	-0.26973149069858865
94501	-0.26957249674267
95001	-0.26941398794650523
95001	-0.26941398794650523
95501	-0.2693348627038861
96001	-0.26925220245432774
96501	-0.2691211633851537
97001	-0.2690113045334581
97501	-0.2689124151890172
97501	-0.2689124151890172
98001	-0.26874194085504965
98001	-0.26874194085504965
98001	-0.26874194085504965
98001	-0.26874194085504965
98001	-0.26874194085504965
98501	-0.2686309767549112
99001	-0.2684113841605794
99001	-0.2684113841605794
99501	-0.2683603997182867
99501	-0.2683603997182867
99501	-0.2683603997182867
