4204 5055 5058 5153 5778 6032 6255 6468 10141 13606 14029 14086 14998 16567 17626
1170 2699 2724 3626 4228 5269 5849 5912 7025 7227 7585 8348 8854 9222 10763 11456 12233 14629 14674 15324 16635 17468 17518
2297 3132 3162 3389 6758 8157 9294 13540 16404 16931 17347
3568 6173 6369 8422 9696 10439 11255 13105 14660 14773 15473
79 3749 3953 4248 5293 7285 7705 9549 9975 10943 12934
2128 2513 2827 7092 8354 9165 11957 12121 12745 16231 17495
3593 4321 9774 10074 10994 12507 13886 14865 15719 15813 15952
1070 1151 5413 5491 8006 8718 9378 9701 11390 11437
811 2673 9394 9727 10477 10650 14370 15513 16479 17313
4750 5827 6862 7325 7425 7546 8799 13293 16021 17851
194 1035 4117 5032 5714 6612 6701 9131 10868 11100 13302 13763 14349 15011 15675
595 2650 3373 8015 11109 11335 12946 14073 14239 15323 16877
1365 1374 1789 5692 6690 7332 7656 8835 8896 10411 13338 13610 14792 15709 17311
994 1194 4217 4545 4730 5015 7332 7936 12076 12242 14792 16709
854 2131 3053 4132 4726 6804 9047 10449 10739 12204 13270 14428 15877 16530
2846 3568 6173 6369 8128 9696 10439 10450 10778 11255 12973 14660 14773 15473 16689
2310 7216 7494 7647 10921 11470 11649 14547 14898 14986
1028 1326 3568 4607 6173 7114 10439 11255 12973 13822 15473
2012 2686 3191 3218 9649 10559 13462 14080 14188 15730 16770
159 3256 3745 3995 5261 9785 10150 13331 13858 15356 16498
1638 2310 2798 4546 5323 8980 11303 12472 14547 15823
1028 5353 6369 8128 8389 8426 9696 11313 12949 13822 14773
1864 2090 4255 10437 11927 12226 12803 13116 14295 14491 16286 17154 17805
410 419 5588 6196 7703 8530 10064 10736 12092 14012 17158
2093 2479 2585 2823 2945 4006 4354 5502 6228 6307 6392 6672 7296 7382 7791 9263 9409 9485 9710 10068 10437 10587 11346 13697 14084 14295 14351 15245 15523 15950 16130 16256 17009 17425
6173 8128 9696 10439 10778 11313 12973 13105 14660 14773 16689
1035 1907 3884 4117 12502 13763 14349 15011 17351 17683
2100 4760 6130 10971 12194 13523 14176 16462 16893 17504
177 1171 3136 3418 3739 5413 7264 7651 9172 12369 14567
228 440 793 2087 2143 2951 2978 3159 3474 3598 4412 5508 5588 5838 5953 6034 6313 8490 9305 10157 10678 11405 11702 12049 12137 12233 12337 12544 12656 13085 13182 13183 13859 14020 14243 14686 14886 15265 15352 15718 15800 15857 16452 16669 16873 17345 17358 17434
82 2409 3169 3250 10716 10903 11219 12152 17265 17380
135 2212 3334 6374 9920 11420 11563 13161 16696 17354
1097 4163 8310 9410 9661 11346 11529 12559 12570 14132 15967 16690
179 207 283 1246 2154 2320 2553 3469 4188 4378 6993 7041 7652 8994 11866 12409 12725 12804 12894 13487 14139 15277 15724 15732
440 1935 2053 6312 6313 16222 17044 17295 17345 17372
1304 7528 8061 9131 10268 13762 13764 15439 15969 16773 17339
303 602 942 2751 7746 9301 14122 15184 15401 16075 17238
867 5048 10046 11346 11927 14196 14453 16286 16585 16690
205 2218 2399 3582 3825 5547 5869 5968 7658 9961 16024 17380 17497
2443 2551 4221 5256 5962 6398 9557 9779 13242 14167 14861 17370 17674
6330 6942 7768 9618 11761 11831 12094 14329 17378 17882 17911
1461 1709 5226 6968 9522 12235 15707 15881 16630 16996
1782 4225 5843 8037 9289 10992 12219 13878 13970 16115 17812
880 2151 3473 5380 8702 9078 10225 12410 13613 14066 15192 15202
3582 3825 4651 5357 5979 8162 9232 9903 11311 12114 15450 16827
303 602 942 2751 7746 9301 14122 15184 15401 16075 17238
942 1327 2205 5624 9444 10419 13717 15458 16075 17794
2595 4381 4842 6831 7754 8509 8587 8959 11640 13492 13656 14235 15096 16228
1616 2903 6644 11834 12641 13284 13306 14543 14668 15579
4969 5393 6130 6951 13215 13523 14176 15980 16893 17504
