1381 1671 1720 2816 4261 6641 7259 8923 13040 15009 16111
22 442 1338 1841 2324 2409 2449 2737 3004 3169 3250 3461 3582 3674 3797 3890 4005 4399 4865 5357 5547 5968 6018 7012 7093 7104 7308 7592 7629 7658 7749 7758 7977 8699 8872 9349 9454 9529 9961 10008 10045 10674 10880 11160 11669 12269 12572 12675 12756 13082 13442 13601 13751 13826 14153 14308 14461 14650 14680 14807 14844 15294 15446 15564 15604 15872 16024 16386 16398 16595 16624 16827 16925 16928 17540 17574 17771
236 1252 1253 1438 1476 1490 1574 1970 2012 2179 2349 2469 2685 2695 2928 2956 3672 3845 3908 4270 4385 4514 4560 4578 4604 4680 5036 5163 5740 6023 6083 6169 6491 6632 7531 7670 7712 7716 8089 8530 8610 8618 8647 8705 8712 8731 8886 8984 9375 9733 9844 10064 10179 10645 10736 10792 10853 10931 11485 12092 12247 13206 13278 13304 13714 13732 14745 14908 15103 15128 15174 15669 15752 15861 16150 16561 16770 16806 17158 17332 17362 17534 17911
103 356 416 770 854 1825 2124 2440 2485 2509 2799 2885 3828 3861 5375 5855 6466 6597 6722 7799 7941 8168 8407 8972 10444 10600 10739 11634 12193 12204 12228 12711 13472 13532 14428 15877 16141 16550 17872
32 69 1477 1628 1835 1877 2093 2332 3354 4047 4609 5305 5452 5505 5587 5702 5780 5815 6543 6975 7022 7087 7550 7590 7791 9007 9114 9969 10048 10173 10280 10309 10906 11557 11608 11944 11987 12622 12688 12769 12938 12976 13282 13720 14077 14112 15596 15612 15627 15690 16184 16186 16275 16349
369 2919 4740 5336 5932 5942 6477 8901 10305 11421 12588 12668 13559 14776 14778 15767 17135
178 851 902 1049 4174 5489 7344 9482 12341 13654 14106 14172 15063 15104 15775 16136 16956
463 1691 3080 4285 5600 5715 6357 6824 7111 7223 8449 8484 9516 10310 11823 13663 14103 14374 15685
1482 3791 4196 5484 6289 7767 10912 12646 16036 16159 16216 17920
5228 6294 7205 8067 8284 8815 9302 9382 12729 15109 16309
792 1642 2741 4127 6306 6430 11376 12344 13329 13780 15498 15519 16885 17062 17430
1411 2874 6152 6862 7325 8993 9234 11383 13293 16021
707 3487 4006 4354 5452 5459 5815 7550 8056 10123 11612 13992
882 1298 2546 3972 5652 7585 10820 13325 14731 15366 17896
2927 3392 5033 9837 11441 12423 14609 15112 17475 17737
158 167 417 496 855 1004 1942 2187 2377 2648 4580 5028 5185 5501 8020 8450 8661 8741 9884 11619 12533 12783 12833 13229 14956 16257 17145 17512 17943
536 2823 5111 5502 6177 7180 7296 8751 12631 14084 14525 17195
416 854 2124 2440 2885 3828 6466 6597 7799 7941 8168 8972 10444 10739 11634 12193 12204 12711 14428 15877 16141 16550 17872
1063 3318 3642 3896 4366 7160 7313 8511 8702 10192 10804 12430 12599 14792
3885 5141 5877 7628 7968 9585 9736 10447 13945 17479
1567 1832 2643 5828 7237 8264 9888 10286 10692 11047 12169 12268 12814 12933 13503 14795 15480 16638
159 1123 3256 3745 3995 5261 8754 9478 9785 10150 13331 13858 15356 16498
1860 2372 2686 4339 4719 5706 8048 8532 11474 11656 14294
141 532 2865 3198 5443 7426 7508 7759 10138 12386
1515 5236 5245 5486 7080 8922 10658 10867 13426 13473
4975 6388 7300 7366 7714 8186 8249 10268 12343 14482
1028 1326 4607 6173 7114 8128 8389 9696 10439 10778 11313 12202 12973 13105 13822 14660 14773 16689
1479 1562 1732 2204 3156 4272 4348 4637 5108 5209 5220 5753 5939 7176 7733 8107 8312 10929 10965 11197 12585 12712 13639 15847
341 526 808 874 1364 1808 2149 2406 2511 4067 4196 5415 6372 6416 7077 7723 7806 7880 8299 10393 11725 13581 15206 17541 17628
4381 4760 5353 6130 6951 11922 12194 13341 14176 14277 17504
1028 1326 4607 6173 7114 8605 10439 10778 11313 12973 13822 14773 15791
1740 6942 7375 7768 11761 12094 14223 14329 14906 17378
249 2254 3769 10247 10553 10830 13507 14833 15312 15570
918 2047 2867 3806 5568 5716 6646 6853 7446 7725 9675 10249 12063 13233 15932 16737 17106 17665
811 1386 2673 6037 9091 9394 10477 10650 11098 14370 15513 16479 17313
5018 6135 6194 6687 10997 12230 13167 13464 13844 14612
369 687 1074 1707 2496 2919 4740 5336 5932 5942 6477 8719 8901 9099 10305 11421 11586 11958 12136 12588 12668 13554 13559 14022 14225 14437 14776 14778 15674 15767 17135
120 1092 1673 5430 5622 8319 10459 10666 11776 12303 14443 15105 16880 17635 17869
2092 4784 6859 9460 9702 10628 10724 10759 12012 14264 15381 15734 16364 17036
690 2544 3986 4153 5012 8630 11804 13704 14302 15951 16607 16687 17187
11 1026 1031 1255 1445 2001 2690 3609 5594 6467 8069 8096 9874 11213 13069 14471 15511 17310
1949 2317 2535 5695 8769 9427 11940 13488 13694 14864 16959 17415 17624
1454 5580 6171 7774 10537 11732 12354 13223 13986 16219 16980
2973 3057 7340 7923 7982 9256 10135 13706 13926 17847
866 3437 4784 9702 11003 11461 14264 15734 16364 17036 17155
420 6135 6194 8728 8836 10153 13464 14612 14889 14996
1453 4149 6916 8031 8088 10610 10944 12773 13955 15079 16937 17357 17449 17570 17663
165 411 2521 3110 3187 3769 4956 7846 7854 7996 10501 11274 13273 13848 14015 14626 16855 17895
8374 10808 10809 12250 12948 14642 14676 16076 16209 17476
2527 4297 4852 6049 11140 11141 11582 13439 15740 17006
