69 707 1477 1683 1877 2093 3487 3752 3783 5459 5505 5587 5780 5801 6158 6392 6781 7087 7106 7550 7590 7791 7815 8687 9007 9769 10048 10131 10173 10906 11557 11608 11612 11734 11944 11987 12426 12688 12769 13282 13992 14112 14351 14416 14759 15523 15553 15596 15690 16184 16312 16349 16411 16686 16999 17725
249 2209 2254 3769 4027 10247 10553 10830 11856 13507 14104 15400 15570
1655 2323 2405 3811 6983 7543 8049 8547 8643 9514 10425 10955 11073 13150 13226 13733 14613
1856 3028 5539 7790 12929 13550 13635 15583 16242 17701 17950
249 2254 3769 10247 10553 10830 13507 14833 15312 15570
837 1760 2082 2300 3432 3559 3618 6935 8554 9236 10761 13158 14124 14808 16086 17337
356 416 2069 2131 2485 2509 3828 4726 4934 7094 7123 9047 12471 12711 14428 15228
1619 3612 3642 4495 9273 11099 12429 16840 16895 17912
615 2105 2250 2828 4712 5633 5911 8171 9330 9389 9895 10186 15535 15563 16650
158 1004 1177 2377 3943 3970 4805 7785 8020 8450 8741 8898 11008 12533 13229 13956 15678 15755 15803 16192 16483 16484 17145 17512 17547
2496 4740 5336 6477 10305 12668 13559 14776 14778 15767
1628 1683 4354 6392 7022 7815 8056 8924 9114 9969 11612 12688 14351
1006 3217 3633 3931 4277 5709 6209 13530 14914 15422
3452 3468 4572 5087 5255 7849 10712 13538 14365 17091
3408 3466 4229 7344 8066 8612 10551 10556 10911 11148 12293 14216
1791 1926 3759 6315 6624 9889 13599 13986 14298 15612
397 994 2974 4217 4873 5383 8896 9089 9660 12242 17311
152 1545 1837 2356 2495 2554 2602 2670 2910 3055 3154 3471 3652 4101 4129 4220 4655 5145 5497 5800 6404 6928 7197 7202 8524 9058 9212 9714 10626 10669 10986 11198 11269 11747 12297 12362 12433 12523 13113 13153 13202 14459 14516 14620 15749 16067 16114 16356 16435 17824
697 1555 1921 7160 8034 8723 10192 10804 12456 13884
98 509 696 2435 2660 3981 4111 4250 4812 5057 5211 5488 5648 6777 6957 8581 8811 8843 8977 9634 10822 10844 11023 11210 11357 11939 12340 12497 12515 12613 12757 15190 16285 16659 16873 17033
2956 3845 7531 8618 8647 8886 10853 15752 16150 16770 17158 17911
1255 1445 2690 3067 3137 5159 6421 6450 7277 8069 16269
3793 4094 5286 5461 5769 5784 7440 8220 8816 12980 12982 14627 14697 15016 15035 15257
2090 4358 6158 6342 11396 12348 14351 15287 16275 16291 16349
87 798 2613 5323 5815 8407 8479 8971 12485 15135
392 519 1134 1380 1386 1768 3058 6303 8373 10489 10650 11405 13178 14909 15343 16175 16557 17121
6130 10486 11922 12194 13215 13341 14176 16893 17081 17504
354 1278 1564 2105 2250 2828 4566 4712 5633 6393 6890 6907 7102 7298 7872 7879 7998 8999 9052 9264 9408 10833 11559 12079 12962 13672 14415 14640 14647 15088 15563 15910 15963 17048 17334
108 2310 3039 5323 7216 7494 7647 8482 9500 10559 10921 11470 11649 12329 12472 14547 14898 14986 15896
3825 7012 7629 11483 12572 12774 14248 14592 16024 16111 16928
4969 6130 10486 11922 12194 13215 13341 14176 16893 17081 17504
255 3057 4008 9050 9256 10135 10445 10718 12830 14344
7024 7190 7234 8588 11006 14386 15096 16087 16836 17763
25 46 141 160 285 532 704 1124 1165 1243 1544 1662 1759 1795 1873 1940 2096 3198 3310 3423 3526 3555 4711 4792 4870 5184 5638 5743 5793 6453 6755 7480 7508 7759 7953 8180 8416 8826 9608 10097 10138 10497 10520 10798 10969 11508 12386 12666 13389 13738 13871 14170 14303 14356 14450 14925 15166 16122 16599 17019
168 256 4381 4760 5353 6951 10486 10584 10971 12194 13341 13523 14176 15980 16893 17081 17504
2449 3004 3797 4651 5357 8889 9232 12675 12774 13442 13751 14807 15573 16827 16925 17380 17497 17771
248 303 1327 1603 2205 2539 5624 7746 8326 8673 9301 9444 10419 13241 13947 15184 16075 16948 17238 17480 17794
521 3662 4340 6499 7005 7365 8100 12150 13656 14305 17949
1026 1255 1445 2001 5594 6467 8069 8096 9874 11213
1716 5245 5486 6846 8922 10658 10867 13426 14311 15482
1690 5976 6553 8526 9926 11698 11714 14306 15167 17010
716 1515 4642 5236 5552 6148 6623 6799 6846 8624 8930 13426 13473 14311 14328 15276 15482 15692
2427 3266 3676 8147 8727 10452 11124 11789 14487 16370 17139
2310 3424 6527 7095 7647 11649 12860 13020 14547 15823 17173
1256 1420 2113 2346 3435 3447 5101 5132 6225 6386 8476 10885 12862 15476 15659 15886 16806 17615
1710 8880 9658 11423 11547 14005 14880 16091 17382 17391
899 1545 2495 2910 3154 4075 4129 4655 5145 5886 6404 8659 9540 9714 10415 10986 12229 13113 13795 14288 14433 14516 14620 14749 16975
855 2648 5501 8020 8661 11619 12533 12783 12833 13229 16257 17512 17943
75 3561 4709 5939 6644 7174 11233 12145 12841 13306 15601 16451 17323 17716
9 1836 1852 3885 4158 4728 5092 5917 6243 6343 6492 6695 8376 9338 11220 11310 11478 13195 14626 14846 15269 15540 17895
