1 3 4 5 6 8 10 11 12 13 14 15 16 18 20 21 22 23 26 27 28 29 31 32 33 39 42 44 46 49 50 51 52 54 55 56 57 58 59 60 62 63 64 66 68 69 71 72 73 75 76 77 78 79 80 82 83 84 85 86 87 88 89 91 92 93 95 96 97 98 99 101 103 105 107 108 109 110 111 113 114 115 116 117 118 120 122 123 124 126 127 132 134 135 136 137 138 139 140 141 142 143 144 145 146 147 148 149 150 151 153 154 156 157 158 159 160 161 163 164 166 167 169 170 171 175 176
1 3 5 6 11 13 14 16 20 21 22 23 24 25 26 28 29 30 31 32 34 35 37 38 39 41 42 43 44 45 46 48 52 53 59 60 64 67 69 70 71 72 73 74 76 77 78 79 81 82 85 87 89 91 94 95 96 97 99 100 101 103 106 107 108 109 110 111 112 113 114 115 116 117 118 119 122 123 124 127 129 130 134 136 138 140 141 142 143 144 146 148 149 151 152 153 155 156 157 158 159 160 161 163 165 166 170 172 173 176
2 15 16 17 22 23 35 38 45 47 58 61 62 67 76 102 104 119 121 133 142 148 152 154 155 159 165 168 172
5 7 8 9 10 11 13 14 18 21 22 32 36 41 59 66 68 74 75 78 80 85 90 91 94 107 109 117 118 122 124 127 130 132 135 137 146 154 170 171 173 175 176 177
1 2 3 5 10 16 17 22 23 24 25 29 30 31 33 35 36 38 39 40 44 45 47 48 49 52 53 54 55 57 58 60 61 62 67 70 71 72 74 75 77 79 81 84 85 86 87 89 93 94 95 97 99 100 101 103 104 106 107 112 116 118 119 120 121 122 123 127 128 129 130 131 133 134 142 145 146 148 150 151 152 155 156 157 160 161 162 163 164 167 168 169 172 173 174 175 177
4 9 12 18 40 51 56 68 78 80 118 126 132 135 137 150 153
20 26 37 43 48 50 54 55 70 74 78 80 82 92 101 102 110 111 115 117 130 134 139 141 147 154 160 163 171
3 5 7 8 9 13 14 16 25 31 35 36 41 45 52 55 57 58 66 69 70 72 77 85 94 117 124 130 139 141 145 156 161 164 167 172 173 177
2 3 5 8 11 13 15 17 19 20 23 24 26 28 29 30 31 33 34 35 36 37 38 43 45 46 47 48 50 52 53 57 58 59 60 61 63 64 65 67 68 70 71 73 75 76 85 87 89 90 95 97 98 100 101 103 105 106 109 111 114 116 117 118 119 120 121 123 127 130 132 133 138 140 141 142 143 145 147 148 149 155 156 157 158 159 161 162 163 165 166 167 168 170 172 173 175 177
16 22 25 31 36 45 61 72 81 94 124 125 134 137 139 154 155 167 173 177
6 13 14 17 18 24 41 48 59 112 124 162 176
21 22 34 60 64 77 78 89 109 118 119 132 156 163 164 165 168 173
7 9 11 13 14 18 19 21 48 74 78 90 92 95 109 155 177
1 2 4 6 12 15 24 27 28 30 33 36 39 40 47 49 50 51 53 54 55 60 61 62 63 66 67 70 71 73 76 79 80 82 83 84 86 87 88 89 90 93 96 97 98 99 100 101 103 104 106 107 108 111 113 114 115 117 119 120 121 123 128 131 133 135 136 137 138 140 144 147 148 149 150 151 152 153 155 157 162 163 164 165 169 171
2 30 43 48 62 64 76 116 117 144 162 171 175
1 2 4 6 7 10 12 15 17 19 20 21 24 26 27 30 32 33 37 38 39 40 41 42 43 46 47 48 49 50 51 53 54 55 56 58 59 60 62 63 65 66 67 68 70 71 73 74 78 79 80 82 83 84 86 87 88 89 90 91 92 93 95 96 97 98 99 101 102 103 105 106 107 108 110 111 112 113 114 115 117 119 120 122 123 125 126 128 129 131 135 136 137 138 139 140 141 144 146 147 149 150 151 153 156 157 158 160 162 163 167 169 171 172 174 176
1 4 14 27 51 59 68 99 151 153 170 173
3 16 23 25 31 33 35 38 44 45 58 61 64 67 69 70 72 75 77 81 93 94 106 108 118 121 127 129 130 131 145 149 155 159 163 165 167 172 173 177
1 2 4 5 6 12 15 16 17 19 23 25 26 27 28 34 36 39 40 41 43 44 49 50 51 52 54 55 56 57 60 61 62 63 64 65 66 69 70 71 73 76 77 79 82 83 84 85 86 87 88 89 91 93 94 96 97 98 99 101 103 104 105 108 110 111 113 114 115 116 120 123 126 127 128 129 132 134 135 137 138 140 142 144 146 149 150 151 152 153 156 157 158 160 163 165 167 168 169 170 174 175 176
4 6 11 12 16 21 23 25 26 27 33 38 41 42 43 49 50 54 56 64 66 68 69 70 73 78 89 105 110 111 118 130 132 135 138 141 143 149 152 166 169 170 171 174
1 4 6 10 11 12 15 23 26 30 34 35 38 39 44 46 49 50 54 62 64 71 75 79 80 82 83 91 96 98 99 101 102 107 108 112 115 117 121 123 133 136 137 138 142 143 144 146 147 149 150 151 153 157 159 160 162 163 166 169 170 171 177
8 16 22 25 41 45 74 75 81 90 92 102 109 118 124 132 145 154 176
5 14 21 25 44 69 70 72 80 85 92 102 122 132 134 145 155 170 173 176
3 7 9 14 19 20 22 29 37 41 45 48 52 58 67 70 74 81 87 90 92 94 100 102 104 105 112 119 124 125 130 143 145 149 154 155 164 165 166 168 172 174 177
3 5 8 11 13 22 23 34 35 38 52 55 57 72 76 77 85 95 100 111 116 118 138 142 143 148 155 156 159 161 163 167 168 173 175
22 23 25 29 35 69 72 75 77 85 111 116 121 149 159 168 175 176
7 19 21 28 29 34 37 41 42 43 45 46 48 57 64 69 73 74 78 95 97 98 102 105 109 110 112 116 125 132 139 141 143 158 162 167 176
24 27 29 39 40 47 51 59 80 87 88 101 107 111 117 118 131 132 149 176
1 3 4 5 6 8 9 10 11 12 13 14 15 16 18 19 21 26 27 30 32 33 38 39 40 42 46 48 49 50 51 52 54 55 56 57 59 60 62 65 66 67 68 70 71 72 74 77 78 79 80 81 82 83 84 85 86 88 90 91 96 98 99 100 101 102 103 104 105 106 107 108 110 112 114 115 117 120 122 125 126 128 132 135 136 139 141 143 144 146 147 150 151 153 157 158 160 168 169 170 171 174
7 29 55 70 80 92 102 110 117 120 135 147 177
24 55 61 77 111 112 118 156 162 166
1 2 8 10 12 19 20 24 26 32 39 43 49 50 51 54 59 65 68 71 76 79 80 82 83 86 89 92 96 102 103 110 113 121 122 126 128 131 136 138 141 144 147 150 155 160 167 169 174
1 4 6 7 10 13 14 27 40 41 51 56 59 68 71 82 85 91 96 99 107 108 110 115 118 122 126 137 142 144 151 153 160 170
23 25 29 31 44 46 49 60 64 97 119 138 140 142 143 152 159 163 165 168 173
1 18 32 59 68 78 80 105 107 110 115 132 139 143 169 171
9 11 13 14 16 18 19 21 28 31 48 59 74 78 81 90 92 95 102 104 109 112 122 124 125 130 133 139 141 147 152 154 155 164 166 168 170 176
7 9 19 29 31 41 48 57 58 61 64 67 78 87 103 123 125 129 130 134 139 161 165 166 167 168 172 174
14 34 37 80 90 105 124 126 141 146 160 171
2 12 14 18 23 31 39 43 46 68 78 84 88 93 96 100 110 112 113 114 117 121 129 130 132 139 140 146 149 160 162 169 176
9 18 21 26 75 78 92 115 122 125 132 135 137 139 170 171
18 32 47 55 59 66 84 86 101 103 113 115 122 126 146 169 171
1 4 10 24 27 30 54 56 71 75 82 85 86 90 96 99 107 108 137 142 158 160 161
3 7 11 12 13 14 21 31 41 42 47 53 59 62 66 68 69 72 74 84 92 93 100 104 111 121 122 123 130 149 152 157 167 170
4 9 12 28 32 34 39 41 56 68 79 80 82 83 99 105 126 135 136 153 173
3 14 22 31 36 62 81 84 85 87 94 104 121 124 133 149 154 167
9 24 25 28 30 36 43 48 55 57 60 61 68 69 73 74 101 102 105 111 112 123 125 129 130 133 138 140 143 154 156 162 163 165 166 173 175
17 29 36 38 45 47 53 58 60 62 67 76 116 119 134 140 148 159 162 165 166 167
2 3 5 8 14 15 16 17 21 22 23 24 25 26 29 31 33 35 36 37 38 40 45 46 47 50 52 53 54 56 57 58 60 61 62 63 65 66 67 70 72 73 75 76 77 81 84 85 86 87 88 89 90 93 94 97 98 100 103 104 106 110 111 113 114 119 120 121 123 124 127 128 129 130 131 133 134 138 140 142 143 148 149 152 154 155 156 157 159 161 162 163 164 165 167 168 169 172 173 174 175 176 177
2 15 17 21 29 44 47 52 53 57 63 93 102 114 117 123 129 152 154 165 166 168 172
5 9 11 22 28 34 35 41 43 58 60 69 74 76 89 106 109 116 125 134 140 142 143 154 157 161 164 166 172 175
