2 5 6 7 8 9 10 11 12 13 14 15 16 17 18 20 21 22 23 24 25 26 27 28 29 30 31 32 35 36 38 39 41 43 45 46 47 48 49 50 52 53 55 56 58 59 60 61 62 63 64 66 67 68 69 71 73 74 75 76 78 79 80 81 83 84 86 87 91 93 94 96 97 98 99 100 101 104 105 106 107 108 109 110 112 113 115 116 117 119 120 121 122 123 124 127 129 130 132 133 134 136 137 140 141 142 143 144 145 146 147 148 150 151 152 153 154 155 157 158 160 162 165 166 167 169 170 171 172 173 176 177
5 7 10 11 13 15 16 17 20 21 24 26 28 30 31 32 34 35 36 37 38 41 42 43 46 47 48 49 52 58 59 60 62 63 65 67 71 72 73 74 76 77 78 79 83 84 85 87 88 89 90 92 95 97 98 100 101 103 105 109 110 112 113 114 116 117 119 120 121 125 128 131 133 134 136 138 139 140 141 142 143 145 146 147 150 157 159 162 163 166 168 172 175
1 7 9 11 13 17 19 20 36 38 43 45 47 48 55 61 70 74 80 88 90 93 95 100 105 119 125 126 127 129 141 147 152 169 170 172 177
1 4 6 10 12 26 30 34 37 39 40 42 46 49 50 52 54 57 60 65 71 73 79 80 82 83 86 89 91 96 99 100 107 110 113 116 126 127 131 136 138 142 144 147 151 156 158 159 162 163 167 172
2 3 14 16 29 30 31 35 38 53 63 65 67 81 93 94 97 104 118 119 138 140 142 143 148 154 157 158 162 163 165 166 177
3 5 8 9 11 13 16 19 21 22 25 28 29 31 35 41 58 60 67 81 87 94 116 124 127 130 132 134 139 145 154 164 167 168 173 176
3 28 34 49 69 81 100 127 156 161 167 173 175
2 3 4 5 6 8 12 13 14 17 18 19 20 21 22 24 26 27 30 33 35 36 38 39 40 44 45 46 47 49 50 51 52 53 54 56 57 58 60 62 65 67 71 72 73 75 76 77 79 80 82 83 84 85 86 87 89 91 94 96 97 99 100 102 106 107 108 110 111 113 114 120 123 124 127 128 134 136 140 142 144 145 146 148 149 150 151 152 153 154 156 157 158 159 160 161 162 163 164 166 168 169 170 173 175 176 177
1 2 3 4 5 8 15 16 22 23 24 25 27 28 29 30 33 36 37 38 40 43 44 45 46 49 52 53 56 57 58 60 61 62 63 65 66 67 69 70 71 72 75 81 83 84 85 86 89 91 92 93 94 95 96 97 100 103 104 105 106 108 110 111 112 113 114 116 118 119 120 121 123 127 129 130 131 134 138 140 141 142 144 145 148 149 150 152 154 155 156 157 159 160 161 162 163 165 167 169 172
1 4 6 26 27 40 44 50 51 56 63 66 79 82 83 84 87 91 93 96 99 107 108 119 120 126 136 137 144 151 153 169
5 7 8 10 13 14 16 18 19 21 23 85 90 94 109 111 117 118 120 122 124 125 135 139 145 154 165 171 173 174 177
7 9 11 23 32 37 43 48 56 68 73 74 78 80 90 101 109 110 117 118 124 125 143 152 160 165 166 172
9 20 21 30 40 48 56 58 68 78 86 89 91 92 101 117 125 141 147 171
2 4 5 6 7 8 10 11 12 14 15 16 19 20 21 28 30 32 36 37 39 41 42 43 47 48 50 51 52 53 55 57 58 60 64 65 67 70 71 72 74 77 79 81 83 84 88 89 90 93 96 97 102 103 104 106 107 111 115 117 119 120 128 129 130 131 133 136 137 139 141 143 144 145 146 147 150 151 152 155 156 157 159 160 161 165 167 168 170 172 173 174 177
1 7 10 17 27 30 47 50 54 56 62 67 68 80 81 86 91 101 102 105 106 107 120 121 128 129 134 146 147 149 152 168 170
1 4 6 7 10 12 18 27 33 40 41 43 54 56 68 79 82 83 86 88 91 96 99 101 105 107 108 110 115 126 135 136 137 144 151 153 160 169 170
1 2 4 5 6 10 12 15 23 24 26 29 30 31 36 39 40 44 46 51 52 53 54 56 57 60 62 63 64 65 67 69 71 73 75 76 77 79 80 82 83 84 86 87 89 91 93 94 96 97 99 100 103 106 107 108 110 111 113 114 115 116 119 120 123 126 128 131 133 134 136 138 140 142 144 145 148 150 151 153 156 157 158 159 160 162 163 166 167 169 172 175 176 177
8 13 18 20 28 32 33 35 44 52 59 61 63 64 70 76 87 93 95 112 122 139 140 159 160 173
1 4 6 7 10 11 16 18 19 20 21 24 25 26 29 30 32 33 36 37 39 40 42 43 45 49 50 51 53 54 55 56 57 62 63 65 66 67 68 70 71 73 74 78 79 81 82 83 86 88 89 90 91 92 95 96 98 99 100 101 103 104 106 107 108 109 110 111 112 113 115 117 119 121 122 124 125 126 127 128 131 132 133 136 137 139 141 144 146 147 150 151 152 153 154 159 160 162 169 170 171 174
23 24 25 28 31 35 38 43 46 47 58 60 64 76 90 95 97 98 141 143 145 147 159 160 162 166 168
7 11 14 24 25 26 28 33 34 41 42 43 54 59 60 66 68 69 72 92 105 110 113 114 115 116 118 119 124 125 131 138 140 149 163 166 171 174
2 12 17 24 33 36 38 44 49 52 56 58 61 64 67 75 82 84 85 87 91 93 97 100 108 111 119 121 128 130 137 144 151 153 159 174
1 12 25 29 32 36 82 94 105 137 171 176
4 5 11 12 26 27 34 36 40 41 43 48 49 57 65 69 70 75 77 84 90 100 102 110 112 126 127 131 162 163 168 169 171 172
5 8 11 13 14 21 25 28 31 41 45 64 69 72 75 77 92 109 111 124 127 132 133 142 143 148 154 168 170 177
3 5 7 14 16 18 25 75 94 102 124 132 173 176 177
3 25 38 45 53 69 81 84 100 118 133 145 152 167 176
1 4 6 12 19 37 40 51 58 65 71 79 80 82 83 86 88 90 99 101 102 108 112 128 131 136 144 146 150 153
7 29 58 67 81 94 102 119 123 152 154 165 172 177
18 19 21 25 41 58 75 105 116 125 129 130 141 171 174
2 3 17 18 22 23 24 25 31 33 35 38 41 45 54 67 84 92 94 97 102 104 112 121 124 132 133 134 154 155 167 168 172 177
2 3 6 12 19 23 25 27 32 33 39 41 43 47 50 59 63 66 68 76 80 85 89 92 95 96 97 105 110 125 141 146 169 170 171 177
7 9 11 13 14 16 18 21 22 26 28 32 41 45 48 59 68 78 81 91 93 100 105 109 117 122 124 125 130 135 136 147 155 160 170 173 174
5 8 9 11 14 19 20 22 25 31 37 41 43 48 50 65 66 69 74 75 78 88 90 92 95 98 102 112 117 118 121 126 130 132 139 141 147 166 168 176
1 2 4 5 6 10 12 13 14 16 18 22 25 27 29 31 32 33 35 36 39 40 44 46 47 49 50 51 52 55 58 59 60 62 63 64 67 69 70 71 72 74 75 76 77 79 80 82 83 85 87 89 96 97 99 102 103 104 106 107 109 114 117 120 121 122 124 125 126 127 128 129 132 133 135 136 139 141 145 146 147 149 150 151 152 153 154 156 157 159 160 163 168 170 172 173 176
3 9 15 18 19 25 28 31 35 36 45 46 61 63 69 72 75 80 81 93 101 116 119 129 132 133 142 143 148 161 164 167 175
8 44 46 51 53 63 76 87 91 98 114 119 123
5 16 28 35 46 47 56 60 75 76 77 85 101 106 134 140 148 157 158 159 164 165 166 170
1 2 4 6 12 15 17 20 24 26 27 29 30 33 34 37 39 40 43 46 49 50 51 53 54 56 60 65 68 71 72 77 79 83 86 87 89 91 93 96 97 98 99 100 101 102 108 110 114 115 120 126 128 131 132 136 138 140 142 146 149 150 151 153 158 159 160 162 163 166 168 169
4 5 40 44 45 103 114 140 159 161
1 4 5 6 9 15 19 21 23 35 40 75 80 82 96 99 102 107 125 126 131 133 137 149 151 153 159 164 167 174
8 11 13 14 16 25 41 45 47 59 69 85 118 121 124 127 154 155 170
7 8 9 11 13 15 18 21 29 41 56 65 68 74 75 90 92 95 98 110 115 122 127 132 133 134 139 154 170 171 174 177
1 2 3 7 8 10 11 13 15 16 17 20 24 25 26 28 29 30 31 33 34 35 37 40 42 45 46 47 50 52 53 55 56 57 60 61 62 63 65 66 67 69 70 71 72 73 76 77 79 82 83 85 86 89 91 93 94 95 96 97 100 101 103 104 106 108 109 110 111 112 113 114 116 117 118 119 121 122 123 124 126 127 128 131 133 136 138 140 142 144 145 146 148 149 152 154 155 156 157 158 159 160 161 162 163 165 167 170 172 175 176 177
2 5 17 19 22 23 28 34 36 49 58 63 69 72 81 87 91 92 93 94 97 104 111 112 114 116 119 123 125 129 131 132 139 140 148 155 161 164 165 166 173 174 176 177
2 5 8 16 29 31 34 35 44 47 67 73 76 77 81 85 100 103 113 116 119 124 130 134 145 149 156 158 159 165 166 168 176
3 48 57 62 81 112 131 134 155 166
5 7 14 16 17 22 36 52 57 70 72 75 93 94 100 104 105 130 134 145 155 161 165 170 172 177
7 10 11 13 18 20 21 28 32 41 48 59 74 78 105 109 117 122 125 139 141 143 146 147 171
3 4 34 57 75 79 82 116 140 144 163 173 175 177
