749 1561 3593 5470 10199 11025 14865 15719 15952 16317
71 918 2014 2047 2867 3117 3806 3841 4021 5170 5568 5716 6646 6853 7446 7725 8715 9120 9569 9675 10249 11243 12063 13233 13468 14548 15621 15932 16039 16737 17106 17665
355 387 492 1346 1487 1781 2982 3223 4705 4793 4853 5597 6300 6435 7780 8081 8916 9603 10998 11333 12414 12451 12639 12672 12836 13937 14611 15293 15369 15542 16202 16900
688 2139 2473 2689 8164 10490 14553 14968 15501 16617 16732
2748 2917 5228 6294 7214 8284 8815 8955 9302 9382 9996 11282 11611 12548 17879
1170 2699 2724 3626 4228 5269 5849 5912 7025 7227 7585 8348 8854 9222 10763 11456 12233 14629 14674 15324 16635 17468 17518
255 947 1314 2434 2973 3057 4328 5157 5456 6229 6288 8001 8241 9050 10178 10445 10896 11951 12207 12830 13572 13706 13926 15076 16033 16378
63 774 1420 1656 1757 1891 2113 2346 2352 3435 5132 6075 6225 6386 6551 6558 7825 9326 9606 10723 10885 10914 11240 11700 12032 13007 14769 15476 15659 15886 17336 17569 17615 17625 17713
3673 4199 4592 6400 6650 6678 9695 11384 13038 13059 14872
369 2919 4740 5336 5932 5942 6477 8901 10305 11421 12588 12668 13559 14776 14778 15767 17135
1655 2120 2323 3722 4414 4773 8049 8809 9904 10955 11073 14646 16556
4158 4475 4579 6301 7579 8011 11807 13782 14940 17904
356 416 854 1516 2131 2253 2440 2885 3053 4132 4726 5375 5855 6597 6722 6804 7313 8168 8407 8464 8511 8853 8972 9047 9065 9768 10444 10449 10608 10739 11816 11923 12193 12204 12471 12711 12796 13270 13472 14304 14428 14458 14867 15228 15877 16088 16530 17618 17806 17893
11 1031 2001 3067 3137 3596 3609 4787 5159 6450 6467 7277 8069 8096 9874 11872 15511 16041 17310
228 1783 3413 3518 6378 6492 11532 12727 14897 15060 17911
1691 1969 3438 4285 4723 5600 5715 6357 6824 7223 8238 9269 9516 9740 10310 11308 11823 13243 13663 13688 13770 13997 15517 15685 16606 17752
851 902 2986 4174 5051 5489 7344 7800 8144 9482 13654 14106 15063 15104 15775 15962 17900
359 1833 2934 8374 9659 10808 10809 11473 13810 14676 16076 16209 17476 17586
1812 2529 2748 3114 5228 6294 7205 7837 8815 9302 9382 9996 11481 13271 14892 17879
1812 2529 2917 3114 4412 6294 7205 7214 9382 9996 11481 13271 16309
2128 2513 2827 7092 8354 9165 11957 12121 12745 16231 17495
1154 6393 6533 6890 7327 8074 9264 11423 13672 14415 17250
63 774 1256 1656 1757 2346 2352 3447 6558 9363 10723 10914 11700 12032 12862 13007 14769 15659 15886 15998 17270 17569
1479 1562 1732 2204 2316 4026 4348 5108 5202 5209 5218 5220 5908 6068 7733 8312 9184 9909 10965 11298 11675 12585 12678 12712
241 699 4126 4831 7472 11116 13463 14645 17645 17671
72 725 3798 5485 6089 6214 6390 9230 10214 10961 11078 11185 11254 11522 13857 14561 14915 16340 16700 17667
892 1870 1913 1992 2211 3656 7208 7317 8850 11761 13975 14216
2240 4080 4835 5001 5373 6609 7246 12101 13993 15475 16331 16455
2427 3266 3676 8147 8727 10452 11124 11789 14487 16370 17139
2112 3628 8447 8759 9341 10831 11120 12776 14713 15660
2414 2768 2816 3143 3311 4415 5069 5894 6908 8720 10709 10898 11362 13010 13218 13737 14317
225 992 1861 5436 5801 6561 7711 8111 8486 9477 12733 12922 14174 14469 14477 14538 14624 15156 15241 15289 16270 17087 17483
345 664 1610 1914 2321 5289 5464 6734 6909 9737 9824 10595 11229 11568 11758 12649 16574 16717
7722 8447 8759 9341 10831 11166 12776 15660 16786 17612
1070 1151 1565 5413 5491 8718 9378 9431 9699 10062 11043 14048
60 1699 5377 8193 11305 12327 12724 13539 16788 16950
241 4126 4756 5891 6043 7164 7472 11116 13463 14645 17671
4347 8040 8376 10647 10972 12891 13213 13708 14790 16296
504 3630 4199 4753 6650 6678 10563 11384 11591 11786 13038 13059 15722
593 1361 2697 3385 3833 5142 6010 9664 9770 16746
919 976 1185 1498 2808 5234 5498 6283 8765 9248 11409 11502 13225 16146
392 5093 10221 11462 13691 15162 15377 15936 16175 17374 17762 17842
3746 9609 10348 10667 10699 11561 11814 12865 15568 16449
905 1028 2846 3568 4607 6173 6369 7114 7852 8128 8605 9696 10374 10439 10450 10778 11255 12973 14660 14773 15473 16689
755 3050 3201 3713 4821 6145 9965 11133 11696 13495 14733 15838
1028 3568 6173 6369 7852 8389 8422 8605 9696 10374 10439 11255 13105 13822 14660 14773 15473
3162 3389 4999 7985 8157 13220 13540 15600 16404 16931 17347
484 1192 3488 4594 6496 8292 8934 10051 10062 12707 15011 15039 16601
7 98 131 184 325 366 486 871 934 1077 1575 1867 1976 1979 1995 2288 2435 2586 2589 2736 3073 3539 3784 3981 4111 4290 4457 4555 4812 4991 5100 5104 5390 5450 5577 5648 5830 5921 6230 6867 6957 7280 7359 7416 8112 8143 8360 8387 8396 8434 8536 8544 8581 8798 8811 8843 8977 9453 9771 10408 10495 10545 10548 10576 10734 10804 10917 10994 11023 11031 11357 11382 11883 11939 12340 12497 12524 12757 12874 12875 13259 13308 13314 13517 13572 13577 13735 13879 13931 14151 14329 14862 14905 15120 15127 15136 15464 15603 15914 16234 16285 16304 16529 16573 16659 16900 16943 17033 17137 17433 17463 17587 17796
903 1532 4631 5331 5996 6730 9605 9749 10262 10765 11397 13575 13874 14352 14582 15462
