21 500 2582 3072 7408 7485 9443 12111 13141 13603 14108 14576 15141 15408 16052 16815 16830 16964
659 2076 3505 5244 6939 8781 9132 9300 11122 11609 11855 12882 13363 14182 15026 15488 17142 17325 17604
394 3763 4763 5091 6134 6380 10369 11297 12655 12918 13019 15273
117 1675 5925 9570 9906 12082 13286 14379 14891 16528 16539
68 403 780 1013 3358 3607 4267 5602 6721 6881 7156 7468 7514 7757 8102 8224 8745 9010 9759 10866 11105 11162 11677 12161 12467 12739 12876 13077 13769 13865 14746 15320 15587 16013 16785 17030 17166 17564 17672
1232 2241 7474 7729 9977 11710 12020 12686 12842 15382 15995 17648
2573 3457 4666 6124 6269 8321 12262 16142 16153 17021 17650
2176 2274 3282 3976 5025 6263 9776 9998 11413 12162
305 684 1156 4494 8211 9108 13980 15672 16381 16430
435 700 1254 1953 5861 6042 8222 8852 11900 11953 13815 13969 15662 16333 16609
1215 1975 2043 4731 8197 8891 11176 13347 14028 14061 15233 16887
1127 2530 4076 5029 9351 9582 10006 11779 13677 14197 14398 15839
695 2174 2498 2608 4141 5203 5723 5966 6751 6995 7226 7396 8522 9839 12972 13370 13640 13924 14280 14657 16490 16768 17308
1961 2021 3207 3429 4529 4881 5569 6601 7903 8214 8806 11040 11153 11469 12735 13888 14727 15042 16168 17076 17219
373 5529 6299 7834 8215 8255 10529 13703 14395 15633 16188 17395
2508 2603 4967 5760 5915 7368 8179 10021 10407 11247 14540 16764
1383 1615 3538 4585 5993 6660 6708 6882 8075 8562 9886 10746 12317 13027 13388 14259 14681 15493 15597 15960
373 541 2884 5529 6299 6716 8855 8998 10529 13593 13703 16188 16783 17395
1367 2864 7151 7307 8861 9136 11676 11983 13021 15171 16207 17203 17736
42 3279 4841 6721 7156 7240 7836 11554 12628 13522 15457 15982 17767 17822
3172 4654 8505 8681 8891 9596 11176 11356 11632 14423 15233 17816
2274 2638 2835 3282 3531 3976 4996 6263 8046 8527 8837 11130 11413 12873 14975 16803 17230
932 1042 2857 2893 11204 11690 12960 13555 14366 16963
957 1024 3502 5054 5699 6216 8335 11211 13050 14783 17350
695 2174 3519 4688 4953 5203 5723 6711 6751 6995 7396 7887 8522 8628 9250 9275 9459 10433 11444 12913 12972 13370 13466 13793 14983 16490 17308 17630
626 1080 1912 4040 5149 6900 8496 11060 11348 13016 13265 13345 13634 14331 15384 15822 17568
561 788 1499 4722 6569 6930 7912 9103 9794 10056 11058 11555 12964 15794 16584 16695
2292 2528 4380 5127 7030 7541 9968 11961 12148 15029 16600
4012 4735 5576 5699 6039 8335 9864 12220 14783 16551
224 1375 1597 3205 3850 4104 4613 11087 13077 13139 13865 15750 15908
1915 2206 2274 2638 2835 3531 3976 4294 4996 5287 6263 8046 9776 12162 14756 15348 16803
28 738 1854 2196 3120 3480 4725 5114 5212 6986 10307 15378
914 1578 3644 4226 6308 7510 8139 12508 12565 13661 17485
1614 1826 3651 3944 4238 4395 8252 9807 10941 11447 12861 13614 13729 15251 16575 17500
4567 6470 6511 8614 9503 12397 12749 13765 14164 14658 17535
4881 5569 6601 8290 8652 8806 8965 11469 12735 15042 16168 17076 17219 17707
1470 4940 5860 9800 12118 12256 12824 13168 14887 14923 17720 17899
169 3993 8113 9578 14037 15002 15173 15198 15300 15645 15662 15699 16517
975 1201 4022 5657 7132 9943 10890 12413 12901 12951 16171 17285
2563 2598 3082 7015 11090 11350 11877 15173 16055 16742 17117
574 3587 4558 7642 8790 11490 12287 14529 15940 16183
917 2515 3221 5191 5837 6132 7254 7420 11280 11671 13771 13814 13890 14083 14128 14544 14870 15061 15271 15497
86 432 1235 5216 6962 7143 9765 10756 13386 17292
921 2144 2344 2762 2766 3493 3733 7565 7730 8127 10000 10190 10198 11523 11708 11880 12184 13690 14497 15194 15616 15837 16715 17426 17428 17670 17695 17779
315 606 5216 5475 6295 6592 7860 8120 8596 9035 9552 11996 14408 17038 17803
3012 3301 4044 6116 6685 6953 8491 14180 16401 16884
3449 5254 8213 11826 12717 12885 12966 13303 14454 15106 15514
1353 1884 4192 4830 8025 8577 9116 9499 9995 10616 11155 12018 12170 12999 14462 16400 16415 17417
2801 3120 3525 6461 7010 9097 9515 9766 11081 12935 16187 16511 16578
2801 3120 5342 6461 6838 7010 7411 9097 11081 13075 13289 13917 16511 16578 17503
