=== Parameters ===
QualitiesFiles : datasets/Facebook/qualities_train.csv
PropertiesFiles : datasets/Facebook/properties_train.csv
attrType : BOOLEAN
resFolder : Facebook_jaccardSupportDescription_0.6_100000_WRAcc
minSupp : 10
nbLoops : 100000
maxOutput : 50
maxRedundancy : 0.6
maxLength : 5
measure : WRAcc
UCB : UCBSP
refineExpand : TunedGenerator
duplicatesExpand : AMAF
pathLength : -1
refineRollOut : Large
jumpingLarge : 10
rewardPolicy : MaxPath
memoryPolicy : TopK
topKMemory : 1
updatePolicy : Max

=== Result Information ===
date : 15/10/2025 23:33
runtime(ms) : 9625509
nbPatterns : 50
measures : 0.04 0.03 0.02 0.02 0.02 0.02 0.02 0.02 0.02 0.02 0.02 0.02 0.01 0.01 0.01 0.01 0.01 0.01 0.01 0.01 0.01 0.01 0.01 0.01 0.01 0.01 0.01 0.01 0.01 0.01 0.01 0.01 0.01 0.01 0.01 0.01 0.01 0.01 0.01 0.01 0.01 0.01 0.01 0.01 0.00 0.00 0.00 0.00 0.00 0.00
descriptionLength : 1 1 2 1 2 2 2 1 2 1 2 1 2 1 2 2 1 2 2 2 1 1 2 1 2 2 2 2 2 2 1 2 2 2 2 1 1 1 1 1 1 2 2 2 2 2 1 2 2 2