1 6 10 13 22 28 31 34 35 37 48 73 76 91 93 95 110 111 115 126 153
1 2 4 6 12 15 24 27 30 33 38 39 40 42 44 49 50 51 53 54 55 60 62 63 65 66 70 71 73 79 80 82 83 84 86 88 89 96 97 98 99 103 106 108 113 114 115 119 120 126 128 136 137 144 149 150 151 153 157 159 162 164 169
1 2 4 6 12 15 20 24 26 27 28 29 30 32 33 34 37 38 39 40 42 44 46 49 50 51 53 54 55 56 60 62 63 65 66 68 70 71 73 76 79 80 82 83 84 86 88 89 91 96 97 98 99 103 106 108 110 111 113 114 115 119 120 123 126 128 131 135 136 137 138 142 144 149 150 151 153 156 157 158 159 162 164 165 169 175
1 2 3 4 6 8 10 12 13 14 15 17 20 23 24 26 27 28 29 30 32 33 34 36 37 38 39 40 42 44 45 46 47 49 50 51 52 53 54 55 56 59 60 62 63 64 65 66 68 69 70 71 72 73 75 76 77 79 80 82 83 84 85 86 88 89 91 93 94 96 97 98 99 103 104 106 107 108 110 111 113 114 115 116 117 118 119 120 121 122 123 125 126 127 128 129 130 131 133 134 135 136 137 138 142 143 144 148 149 150 151 152 153 155 156 157 158 159 161 162 163 164 165 166 169 170 172 173 175 176 177
1 4 15 16 19 24 27 30 37 38 39 40 42 46 49 54 58 61 62 65 67 70 71 72 79 83 86 88 91 94 96 99 100 101 102 103 106 107 108 111 114 119 121 128 130 131 133 136 144 150 162 167 172 174
1 2 4 6 10 11 12 13 15 16 17 18 19 20 22 24 26 27 30 32 33 34 36 37 38 39 40 42 43 44 46 47 48 49 50 51 53 54 55 56 57 58 59 60 61 62 63 65 66 67 68 69 70 71 72 73 76 79 80 82 83 84 85 86 87 88 89 91 93 94 96 97 98 99 100 101 102 103 104 106 107 108 110 111 112 113 114 115 117 119 120 121 122 123 124 125 126 128 130 131 132 133 135 136 137 138 139 141 142 144 146 147 149 150 151 153 156 157 158 160 161 162 163 165 167 169 170 171 172 174
1 60 61 64 69 76 82 93 107 114 118 120 140 144 154 157 159 163 165 175
1 3 15 16 22 29 46 47 54 58 60 61 64 69 73 75 76 82 93 94 107 113 114 117 118 120 130 140 144 152 153 154 157 158 159 160 163 165 166 175
3 5 7 8 9 11 13 14 15 16 17 19 20 22 23 24 25 26 28 29 30 31 33 34 35 36 37 38 40 41 42 43 45 46 47 48 52 53 54 55 56 57 58 60 61 62 64 65 67 68 69 70 72 73 74 75 76 77 80 81 84 85 86 87 88 89 90 91 92 93 94 95 97 98 100 102 104 105 108 109 110 111 112 113 114 116 117 118 119 120 121 123 125 126 127 128 129 130 131 132 133 134 137 138 139 140 141 142 143 144 145 147 148 149 152 154 155 156 157 158 159 160 161 162 163 165 166 167 168 169 170 172 173 174 175 176 177
1 4 6 10 12 18 27 32 39 40 51 54 55 56 59 68 71 79 80 82 83 87 91 96 99 101 107 108 115 126 135 136 137 144 150 151 153 160 169 170 171
1 3 4 5 7 9 10 11 12 13 14 15 17 18 19 20 21 26 27 28 32 33 35 37 39 41 42 43 44 45 46 49 50 52 53 54 55 56 57 59 65 67 68 70 71 79 80 82 83 84 85 86 88 90 91 92 94 95 96 97 99 102 103 104 105 106 107 108 110 113 114 120 122 123 126 127 128 131 132 135 136 138 139 143 144 145 146 148 149 150 151 155 159 160 162 166 168 169 171 172 173 176
1 3 4 5 7 9 10 11 12 13 14 15 16 17 18 19 20 21 23 24 26 27 28 29 30 32 33 35 36 37 38 39 41 42 43 44 45 46 48 49 50 52 53 54 55 56 57 58 59 60 65 67 68 70 71 72 74 76 78 79 80 81 82 83 84 85 86 87 88 89 90 91 92 94 95 96 97 99 100 102 103 104 105 106 107 108 109 110 112 113 114 117 120 122 123 126 127 128 129 130 131 132 134 135 136 138 139 140 143 144 145 146 147 148 149 150 151 152 154 155 159 160 162 164 165 166 168 169 171 172 173 174 176 177
3 7 9 10 11 13 14 18 19 21 22 28 32 41 45 48 58 59 68 72 74 75 78 80 90 92 94 104 105 109 112 117 118 122 124 125 127 132 133 135 139 146 154 155 164 170 172 176 177
1 2 3 4 5 6 7 8 10 13 14 15 16 17 19 22 23 25 26 27 29 30 31 32 33 34 35 36 38 39 40 44 45 46 47 49 50 51 52 53 54 55 57 59 60 61 62 63 64 65 67 69 70 71 72 73 75 76 77 79 80 81 82 83 84 85 86 87 89 91 93 94 96 97 99 100 103 104 106 107 111 112 113 114 115 116 118 119 120 121 122 123 124 125 126 127 128 129 130 131 132 133 134 136 138 142 143 144 145 148 149 150 151 152 153 154 155 156 157 158 159 161 163 164 165 166 167 168 170 172 173 175 176 177
1 2 3 4 5 6 8 9 10 12 15 16 17 18 19 20 23 24 26 27 29 30 32 33 36 37 38 39 40 42 43 44 45 46 47 49 50 51 52 53 54 55 56 59 61 62 64 65 66 67 68 71 73 74 76 77 79 80 81 82 83 84 86 87 88 91 93 94 96 97 99 100 101 102 103 104 106 107 108 110 112 113 114 115 116 117 119 120 123 125 126 127 128 129 130 131 134 135 136 137 138 139 140 141 144 145 146 147 148 149 150 151 152 153 155 157 158 159 160 161 162 164 166 168 169 171 172 174 175 177
1 2 3 4 6 10 12 13 15 16 17 19 20 21 23 24 26 27 28 30 32 33 34 37 38 39 40 41 42 43 44 46 47 49 50 51 52 53 54 55 56 57 59 60 61 63 64 65 66 67 68 70 71 73 76 77 79 80 81 82 83 84 85 86 87 88 89 91 93 95 96 97 98 99 100 101 102 103 105 106 107 108 110 111 112 113 114 115 116 117 118 119 120 122 123 126 127 128 129 131 135 136 137 138 139 140 141 142 143 144 146 147 149 150 151 153 156 157 158 159 160 162 163 166 168 169 170 171 172 174 175
1 2 3 4 5 6 7 8 10 11 12 13 14 15 16 19 20 21 22 25 26 27 28 29 32 34 35 37 38 39 40 41 42 44 46 47 49 50 51 54 55 58 59 60 62 63 65 66 67 70 71 72 73 75 76 77 79 82 83 84 85 86 87 88 89 91 92 94 96 97 98 99 102 103 105 106 107 108 110 111 113 114 115 116 117 118 119 120 121 122 123 124 125 126 127 128 130 133 134 135 136 138 140 141 142 144 145 146 147 148 149 150 151 153 156 157 158 159 160 161 163 166 168 169 170 172 173 174 175 176 177
1 2 4 6 12 15 24 26 27 30 32 33 34 37 39 40 42 43 46 47 49 50 51 52 54 56 57 60 62 65 68 71 79 82 83 86 87 88 89 91 95 96 97 98 99 101 107 108 110 111 115 120 126 128 131 133 135 136 137 141 143 144 146 148 150 151 153 160 162 164 169 170 171 175
1 2 3 4 5 6 7 9 10 11 12 13 14 15 16 18 19 20 21 22 23 24 26 27 30 32 33 34 35 37 39 40 41 42 43 46 47 48 49 50 51 52 54 55 56 57 59 60 62 65 66 68 70 71 74 76 77 78 79 80 82 83 86 87 88 89 90 91 92 94 95 96 97 98 99 100 101 102 103 105 106 107 108 109 110 111 115 117 118 119 120 122 123 124 125 126 128 130 131 132 133 135 136 137 139 141 143 144 146 147 148 150 151 153 155 156 160 161 162 164 167 168 169 170 171 173 175 176 177
1 4 6 12 16 20 27 30 33 37 39 41 42 49 50 54 55 56 61 68 70 71 73 79 83 86 87 88 89 96 99 101 102 103 104 107 113 114 115 121 126 128 131 133 136 141 146 149 150 153 160 162 168 169 174
1 3 4 5 6 7 9 10 11 12 13 14 16 18 19 20 21 22 27 28 29 30 31 32 33 34 37 39 40 41 42 43 44 46 47 48 49 50 54 55 56 58 59 60 61 62 64 66 68 69 70 71 73 74 75 77 78 79 80 82 83 86 87 88 89 90 92 94 95 96 98 99 100 101 102 103 104 105 107 109 110 112 113 114 115 117 118 119 120 121 122 123 124 125 126 127 128 130 131 132 133 134 135 136 137 138 139 140 141 142 143 145 146 147 149 150 151 152 153 154 156 157 158 160 162 163 164 166 168 169 171 172 173 174 175 176
3 5 9 11 13 14 19 20 21 28 37 45 48 60 72 74 81 85 89 90 92 94 95 106 109 112 133 139 141 147 154 156 161 170
3 5 8 9 11 13 14 16 19 20 21 28 37 38 45 48 57 58 60 69 72 74 81 85 89 90 92 94 95 104 106 109 111 112 124 133 139 141 147 149 154 155 156 161 170 173
1 4 27 39 50 71 79 88 91 96 99 107 108 126 136 137 150 153 169
1 4 6 10 18 27 39 50 51 71 78 79 80 82 83 88 91 96 99 107 108 122 126 132 135 136 137 150 151 153 169 170
1 2 3 4 5 6 8 9 10 12 13 15 16 18 19 20 21 23 27 29 30 31 32 35 37 38 39 40 44 45 46 47 48 49 50 51 52 53 55 57 58 61 62 63 64 65 67 70 71 74 75 77 78 79 80 81 82 83 84 85 86 87 88 89 90 91 93 94 95 96 97 98 99 100 101 102 103 104 106 107 108 109 111 112 117 120 121 122 123 126 127 128 129 130 132 133 135 136 137 139 141 142 143 144 145 146 147 148 150 151 152 153 154 155 156 157 159 160 161 162 164 165 167 168 169 170 172 175 176
1 2 3 4 6 7 10 11 12 13 15 16 18 19 20 21 22 23 24 26 27 28 29 31 32 33 34 35 36 37 39 40 42 43 44 45 46 47 49 50 51 52 54 55 56 57 58 59 61 62 63 65 66 68 69 70 71 73 74 75 76 77 78 79 81 82 83 84 85 86 87 88 90 92 93 94 95 96 97 98 99 100 101 102 104 105 107 108 109 110 111 112 113 114 115 116 117 118 120 121 122 124 125 127 132 133 136 137 138 139 140 141 142 143 144 145 148 149 150 151 153 154 156 157 158 159 160 161 162 163 164 165 167 170 171 172 173 174 175 176 177
1 2 3 4 6 7 9 10 12 15 16 17 18 19 21 24 27 28 31 33 36 39 40 42 43 44 46 47 49 50 51 52 53 54 55 56 57 58 60 61 62 63 65 66 67 70 71 73 74 75 77 78 79 80 82 83 84 85 86 87 88 89 90 91 93 94 95 96 97 98 99 100 101 102 103 104 106 107 108 110 111 113 114 115 117 120 121 122 123 124 125 126 128 129 131 133 134 135 136 137 138 139 140 143 144 146 147 149 150 151 152 153 154 157 158 159 160 161 162 163 167 168 169 171 172 175 176 177
1 2 3 4 5 6 8 10 12 16 17 22 23 24 25 26 27 29 30 31 33 36 37 38 39 40 41 42 45 46 47 49 50 51 53 54 55 56 57 58 59 60 61 62 63 64 65 66 67 69 71 72 73 75 76 79 80 81 82 83 84 86 89 90 92 93 94 96 99 100 101 103 104 105 106 107 108 110 111 113 114 116 118 119 120 121 122 123 126 127 128 129 130 131 133 134 135 136 137 138 140 142 143 144 145 148 149 150 151 152 153 155 156 157 158 159 160 161 162 163 165 166 168 169 172 173 175 176 177
1 2 4 5 6 7 8 10 11 12 13 14 15 18 19 20 21 23 24 26 27 30 32 33 34 35 37 38 39 40 41 42 45 46 48 49 50 51 52 54 55 56 57 59 60 61 62 64 65 66 67 68 70 71 72 73 74 75 76 77 79 80 82 83 84 85 86 88 89 91 92 93 96 97 98 99 100 101 102 103 105 107 108 109 110 112 113 114 115 117 118 119 120 122 123 124 125 126 127 128 131 132 136 137 138 139 141 142 144 146 147 148 149 150 151 153 155 158 160 161 162 163 166 168 169 170 171 174 176 177
1 10 26 27 30 42 49 54 73 80 84 86 101 108 144 153 160
1 2 4 5 6 8 10 12 15 16 17 20 21 22 23 24 26 27 29 30 31 32 33 34 35 36 38 39 40 42 43 44 46 47 48 49 50 51 52 53 54 55 56 57 60 61 62 63 64 65 66 67 68 69 71 72 73 76 77 78 79 80 82 83 84 86 87 88 89 91 92 93 95 96 97 98 99 100 101 102 103 105 106 107 108 111 112 113 114 115 116 119 120 121 123 126 128 129 130 131 132 134 135 136 137 138 139 140 141 144 146 147 148 149 150 151 153 156 157 159 160 162 163 164 165 168 169 171 175
2 7 15 16 19 22 23 24 25 29 36 38 47 53 54 58 60 65 70 73 76 77 89 90 97 98 100 103 104 106 116 118 121 130 131 133 134 139 148 149 152 155 159 162 165 166 168 173 174
1 4 11 13 26 28 32 34 36 37 42 49 50 51 52 54 56 61 66 71 72 73 79 83 85 86 96 99 101 103 105 106 109 110 113 114 115 117 119 136 141 142 146 150 153 169 171 174
1 2 3 4 7 8 9 11 12 13 15 16 17 19 20 21 24 25 26 27 28 30 32 33 34 35 36 37 38 40 42 43 45 46 47 48 49 50 51 52 54 56 57 58 60 61 65 66 67 68 69 70 71 72 73 75 77 78 79 81 83 85 86 87 88 89 90 91 92 93 94 96 97 98 99 101 103 104 105 106 109 110 111 112 113 114 115 117 118 119 120 123 124 125 126 127 129 130 131 132 133 134 136 138 139 140 141 142 143 145 146 147 150 153 155 156 157 158 161 162 163 165 167 168 169 170 171 172 174 175 176 177
5 8 16 25 28 29 31 34 35 69 85 116 140 145 154 159 161 165 167
5 7 8 16 22 25 28 29 31 34 35 43 47 58 60 67 69 74 75 78 81 85 106 112 116 119 121 129 130 133 134 140 142 143 145 152 154 157 159 161 164 165 166 167 173 175 176
1 2 3 4 5 6 7 8 9 10 11 12 13 14 15 18 19 20 21 26 27 30 32 33 35 37 39 40 41 42 43 46 47 48 49 50 51 52 54 55 56 59 62 63 66 67 68 70 71 72 73 74 75 76 77 78 79 80 82 83 84 85 86 87 88 89 90 91 92 93 94 95 96 97 98 99 101 102 103 104 105 106 107 108 109 110 112 113 115 116 117 118 119 120 121 122 123 124 125 126 128 130 131 132 133 134 135 136 137 139 141 142 143 144 146 147 149 150 151 152 153 158 160 164 168 169 170 171 172 174 176
1 2 3 5 8 12 15 16 17 20 22 23 25 26 29 30 33 35 36 38 39 44 45 46 47 49 50 51 52 53 54 55 57 58 60 61 62 63 64 65 67 72 75 76 77 79 81 82 83 84 85 86 87 88 89 93 94 97 100 104 106 108 111 113 114 116 118 119 120 121 123 124 127 128 129 130 133 134 135 138 140 143 145 148 149 152 153 154 155 156 157 159 161 163 164 165 166 167 168 169 172 173 175 176 177
1 2 3 4 5 6 8 10 12 13 15 16 17 18 20 22 23 25 26 29 30 33 35 36 37 38 39 40 44 45 46 47 49 50 51 52 53 54 55 57 58 60 61 62 63 64 65 67 68 71 72 75 76 77 79 81 82 83 84 85 86 87 88 89 91 93 94 96 97 99 100 101 103 104 106 107 108 110 111 113 114 116 118 119 120 121 123 124 127 128 129 130 133 134 135 136 137 138 140 143 144 145 146 147 148 149 150 151 152 153 154 155 156 157 159 160 161 163 164 165 166 167 168 169 171 172 173 175 176 177
1 2 3 4 6 7 10 12 15 16 17 18 19 23 24 26 27 29 30 31 33 34 35 37 38 39 40 42 43 44 46 47 49 50 51 52 53 54 55 56 57 58 60 61 62 63 65 66 67 68 70 71 73 74 76 78 79 80 82 83 84 86 87 88 89 90 91 92 93 95 96 97 98 99 100 101 102 103 106 107 108 110 111 112 113 114 117 119 120 121 122 123 126 127 128 129 130 131 132 133 135 136 137 138 139 141 144 146 147 148 149 150 151 152 153 155 156 157 158 159 160 162 163 165 167 168 169 171 172 174 175 177
3 5 8 16 17 22 25 29 34 35 36 38 44 45 58 61 67 69 70 72 75 76 77 81 85 93 94 104 106 116 118 127 129 130 134 145 148 149 152 154 155 156 159 161 165 167 168 173 177
3 7 8 9 14 15 16 17 18 19 21 22 26 29 37 38 41 44 55 57 63 65 67 70 74 77 81 84 88 91 94 98 102 109 112 114 115 117 130 131 139 148 154 165 175 177
2 9 10 13 20 24 30 39 41 48 53 55 61 63 65 66 68 70 74 78 88 92 95 102 104 105 109 113 117 120 125 131 139 141 142 146 147 150 174
1 2 4 6 7 8 10 12 15 17 19 20 21 23 24 25 26 27 28 29 30 32 33 34 37 38 39 40 41 42 43 44 46 47 48 49 50 51 52 53 54 55 57 60 61 62 63 64 65 66 67 68 69 71 73 76 77 78 79 80 81 82 83 84 86 87 88 89 91 92 93 95 96 97 98 99 100 101 102 103 104 105 106 107 108 109 110 112 113 114 115 117 119 120 121 122 123 125 126 128 129 131 134 135 136 137 138 139 140 141 142 143 144 146 147 149 150 151 152 153 157 158 159 160 162 163 165 166 168 169 171 174 175
23 25 28 29 31 34 36 43 44 45 47 58 59 60 61 63 64 66 67 68 69 72 73 77 81 87 89 91 100 102 103 105 111 116 118 121 123 127 132 140 142 152 158 160 163 164 166
3 10 11 16 18 21 22 45 49 59 72 74 90 94 104 107 115 122 125 127 130 141 145 170
3 5 7 9 10 11 13 14 16 18 19 21 22 25 41 45 49 58 59 69 72 74 78 80 81 90 94 104 107 109 115 122 124 125 127 130 132 137 141 145 154 164 170 171 173 176 177
2 3 9 22 24 29 30 36 37 45 47 53 57 58 60 61 69 70 75 81 84 89 94 100 102 104 106 112 118 121 127 129 130 131 133 134 144 149 152 154 155 162 165 167 173 174 176 177
1 4 6 9 12 18 27 28 29 46 47 48 49 55 68 78 80 84 87 90 92 93 105 109 116 120 122 129 130 132 134 135 137 139 141 142 146 153 160 172 177
