1479 2204 2316 3156 4272 4348 4637 5209 5218 5220 5753 6068 7721 8774 9184 9546 9909 10421 11167 11867 12585 12712 13869 16871 17179
1565 4525 5413 5491 6054 7122 8006 9378 9431 9699 11390 14048 15915
179 283 1246 1893 2154 2309 2320 3226 3346 3643 3754 4826 5905 6412 6502 6973 6993 7062 7403 7652 8994 10517 11754 12190 12409 12584 12725 12804 12894 13487 15724 17034 17284
83 392 4398 7249 11462 15377 16175 17374 17762 17842
1733 4975 6388 7300 7366 7714 8057 8186 8249 10268 11393 11511 12343 13866 14482 15717
98 131 184 233 509 696 871 1575 2167 2435 2660 3328 3784 3854 3981 4111 4250 4290 4457 4747 4812 5057 5100 5211 5390 5488 5577 5648 6230 6777 6802 6945 6957 7416 8112 8544 8581 8798 8811 8843 8977 9432 9634 10290 10495 10536 10714 10734 10822 10844 10917 11023 11210 11271 11357 11728 11883 11939 12022 12340 12497 12515 12613 12757 12875 13308 13852 13864 13885 14151 14862 15190 15285 15329 16285 16292 16379 16429 16529 16659 16873 17033
1638 2798 3424 4546 5323 7095 8980 9500 10448 11303 12860 13020 13037 14898 14986 15823 15896 16233
4158 4475 4579 6301 7579 8011 11807 13782 14940 17904
716 1515 4642 5236 5245 5486 6745 7080 8624 8922 11862 13473
3746 9609 10348 10667 10699 11561 11814 12865 15568 16449
1092 1673 4184 4400 5430 6674 8083 10666 11776 16833 17869
811 1386 2673 6037 9091 9394 10477 10650 11098 14370 15513 16479 17313
498 6140 6307 6825 7843 11658 11936 14888 15338 16547
1416 2798 3424 4546 8980 9500 10448 12860 15823 16233
8374 10809 11473 12250 12948 14642 14676 16076 16209 17476
2297 3132 3162 3389 6758 8157 9294 13540 16404 16931 17347
2527 2591 3091 4297 4852 6049 11582 12273 15740 17608
1014 1240 1661 3148 3233 8136 10617 14565 14930 15301 15365
3834 3928 5373 5757 5893 8052 11575 13993 14231 14993 16455 16708
159 3256 3745 3995 5261 9785 10150 11236 11969 13331
161 568 1151 2441 3398 4151 7280 8326 8649 8751 9475 13704 14122 14414 17027
92 1938 3039 4471 8789 10566 11595 12247 12845 16505 17775
1776 2410 3822 3975 5086 5415 5813 6165 6994 7754 17133
393 862 1195 1226 1307 2714 2970 3591 3704 4516 5387 6111 6128 7880 7957 8587 8633 9323 9324 12209 13957 14950 16118 16272 16594 16945 17194 17791
1562 4272 5108 5209 5218 5220 5753 9909 11675 11881 12585 16871
1256 1420 2113 2346 3435 3447 5101 5132 6225 6386 8476 10885 12862 15476 15659 15886 17615
903 4597 5996 6247 7227 7424 9222 10262 11889 12750 13874 14352 14359 14582 15324 16004 17468 17556
4975 6388 7300 7366 7714 8186 8249 10268 11511 12343 14482
1278 2027 5735 7872 8753 9075 9510 10058 12962 13854 14640
1716 4642 5245 5486 6846 8922 10658 10867 13426 13473 14311 15482
549 769 1310 1485 3771 4352 4980 7674 7928 9291 9463 15984 17389 17909
544 1145 1461 1819 1822 2149 3479 3579 3683 4547 5226 5385 9474 9522 10095 12093 12235 12710 13327 14035 14608 15881 15918 16996
639 5828 6713 9333 9673 10286 10938 14330 15080 15357
1479 1562 4272 5108 5209 5220 5753 8107 8312 10965 12585 12712 16871
69 96 300 867 1628 3752 5134 5459 6589 8663 8751 9409 9485 10068 11927 11936 12631 12673 13697 14491 15130 15172 15338 16079 16275 16349 17154
369 2919 4740 5932 6477 8901 10305 11421 12588 12668 13554 13559 14776
1411 2874 6152 6862 7325 8993 9234 11383 13293 16021
662 1006 2130 3217 4277 11875 12278 13530 14882 15921
1986 3591 5838 6154 7001 13327 13530 14582 14662 17059 17391 17514
11 1026 1031 3067 3596 4787 5594 6421 6450 7277 13069 13484 14471 17680
649 1542 2858 3727 7169 7601 8783 10713 12980 16203 16461
999 3849 6243 6582 8931 10779 11267 12050 12820 13455 14943 15081 15544 15682 16274 16408 16954 17385
1485 3245 4527 6541 6942 7589 7768 11638 12516 14990
442 3461 3674 5547 7012 7592 7977 12269 12572 17771
1567 1832 2643 5828 7237 9888 10286 10692 12169 12814 15480 16638
388 420 1370 2074 5018 6135 6719 7900 8728 8734 8836 10082 10997 11212 11773 13464 14612
1374 2882 2974 3617 4217 4730 4873 5015 12076 12242
2449 3004 3169 3582 3797 5357 6018 10674 11669 12675 13442 13751 14650 14807 15564 16827 16925 17771
1255 1445 3067 3137 3596 4787 6421 6450 7277 13069 16269 17310
898 3224 3996 4572 6141 6614 7938 14412 15598 15644
