1 2 4 5 7 8 11 13 14 15 16 17 19 22 23 25 26 27 28 29 33 34 35 36 38 39 40 41 42 44 45 46 47 49 50 51 52 53 54 56 57 59 60 61 62 63 65 67 69 70 71 72 73 75 76 77 79 81 82 83 84 85 86 87 88 89 92 93 94 95 96 97 98 100 102 103 104 106 107 108 110 111 112 113 114 115 116 117 118 119 120 121 122 123 126 127 128 129 132 133 134 138 139 140 141 142 143 145 148 149 150 151 152 155 156 157 158 159 161 162 163 164 165 167 168 169 170 172 173 174 175 176 177
7 8 9 11 13 14 18 19 20 21 23 25 28 31 41 48 59 63 64 69 70 74 78 81 90 92 97 102 104 105 109 116 119 122 124 125 130 132 133 139 141 145 149 152 154 161 170 174 176
1 2 3 4 5 6 7 8 9 10 11 12 13 15 16 18 19 20 21 23 25 26 27 28 29 30 31 32 33 34 35 36 37 38 39 40 41 42 43 44 46 47 48 49 50 51 52 53 54 55 56 57 58 59 60 61 62 64 65 66 68 69 70 71 72 73 74 75 76 77 78 79 80 81 82 83 85 86 87 88 89 90 91 92 93 94 95 96 98 99 101 102 103 104 106 107 108 109 110 111 113 115 116 117 118 120 121 122 123 124 125 126 127 128 129 130 131 132 133 134 135 136 137 138 139 140 141 142 143 144 145 146 147 148 149 150 151 152 153 155 156 157 158 159 160 161 162 163 164 166 167 168 169 170 171 172 173 174 175 176 177
1 4 6 11 13 18 19 21 22 80 90 99 107 127 135 137 139 150 160
1 3 4 5 6 9 11 13 14 18 19 21 22 23 36 38 45 61 69 72 78 80 81 90 94 99 100 104 107 109 124 127 130 132 134 135 137 139 145 150 152 154 155 160 161 164 166
1 2 3 4 5 6 8 9 10 11 12 13 14 15 16 18 19 20 21 22 23 24 25 26 27 28 29 30 31 32 33 34 35 36 37 38 39 42 43 44 45 46 47 48 49 50 51 52 53 54 56 57 58 59 60 61 62 63 64 65 67 68 69 71 72 74 75 76 77 78 79 80 81 82 83 84 85 86 87 88 89 90 91 92 93 94 95 96 97 98 99 100 101 102 103 104 105 106 107 108 109 110 111 112 113 114 115 116 117 118 119 120 121 122 123 124 125 126 127 128 129 130 131 132 134 135 136 137 138 139 140 141 142 143 144 145 146 147 148 149 150 151 152 153 155 156 157 158 159 160 161 163 164 166 167 168 169 170 171 173 174 175 176 177
3 4 5 6 10 11 13 14 18 21 28 34 36 41 48 59 62 69 71 73 75 77 80 85 90 94 96 101 104 107 109 115 122 124 133 136 137 143 150 151 154 155 170 174 176 177
1 2 3 4 5 6 7 8 9 10 12 13 14 15 16 20 21 25 26 27 28 29 30 32 33 34 35 36 37 38 39 41 42 44 45 47 49 50 51 52 53 54 57 59 60 61 62 63 65 66 67 69 70 71 72 73 75 76 77 79 80 81 83 84 85 87 89 90 92 94 96 97 98 99 101 102 103 104 105 106 107 112 113 114 115 116 117 118 120 122 123 124 126 127 128 129 130 132 134 136 137 138 140 141 142 145 146 147 148 149 150 151 152 154 155 156 157 158 160 161 162 163 164 166 167 168 169 170 173 174 176 177
1 2 4 5 6 7 8 9 10 11 13 15 16 17 19 22 23 24 25 26 27 29 30 32 33 34 35 36 38 40 41 42 43 44 45 46 47 48 49 50 51 52 55 56 57 58 60 61 62 63 64 65 66 67 69 70 73 74 75 77 79 80 81 82 83 84 86 87 90 91 94 95 96 97 98 99 100 102 106 107 108 109 110 111 112 113 114 115 116 117 118 119 120 121 123 124 127 128 130 131 132 137 138 139 140 141 145 147 148 149 151 152 153 154 155 156 157 159 160 161 162 165 167 168 169 171 172 173 175 176 177
2 4 10 11 12 15 17 20 22 24 25 27 30 32 35 36 39 40 43 44 46 47 49 50 51 53 55 58 62 63 65 67 68 71 73 79 81 83 84 86 87 88 89 92 95 97 98 99 101 103 104 106 109 110 113 114 121 123 125 126 127 128 129 131 133 134 136 140 141 144 146 147 149 152 155 157 162 165 166 169 172
2 4 5 6 7 8 10 11 12 13 15 16 17 20 22 23 24 25 26 27 28 30 31 32 33 35 36 38 39 40 43 44 45 46 47 49 50 51 52 53 54 55 58 60 61 62 63 65 67 68 71 72 73 75 76 79 81 82 83 84 85 86 87 88 89 92 93 95 96 97 98 99 100 101 103 104 106 107 108 109 110 111 113 114 116 118 119 120 121 123 124 125 126 127 128 129 131 133 134 136 137 138 140 141 142 143 144 145 146 147 148 149 151 152 153 154 155 156 157 158 159 161 162 163 164 165 166 167 168 169 170 171 172 173 175 177
1 2 4 8 17 23 24 25 26 29 33 35 36 38 45 46 47 49 53 60 61 63 65 67 71 76 77 82 84 86 87 91 93 98 99 102 103 108 111 112 113 114 121 125 128 129 134 136 138 140 143 144 148 155 156 157 165 166 168 175
1 2 4 5 6 7 8 10 12 14 16 17 18 19 22 23 24 25 26 27 28 29 30 31 32 33 35 36 38 39 40 44 45 46 47 49 51 52 53 55 58 59 60 61 62 63 65 66 67 70 71 72 75 76 77 78 79 80 81 82 83 84 85 86 87 91 93 94 96 97 98 99 100 102 103 104 106 107 108 111 112 113 114 115 118 120 121 122 123 124 125 126 127 128 129 130 133 134 135 136 137 138 140 143 144 145 146 148 149 150 151 152 153 154 155 156 157 158 159 161 165 166 167 168 169 170 171 172 173 175 176
4 5 7 8 12 16 25 35 41 44 45 55 57 58 59 66 69 70 72 78 81 82 88 94 104 111 127 129 130 134 135 136 139 146 150 154 159 168 172 173 175 177
1 2 4 6 8 12 15 16 17 22 23 24 25 26 27 28 29 30 31 33 34 35 36 38 39 40 42 43 44 46 47 49 50 51 52 53 54 56 57 58 60 61 62 63 64 65 66 67 70 71 72 73 75 76 77 79 81 82 83 84 85 86 87 89 93 95 96 97 98 99 100 101 102 103 104 106 107 108 110 111 112 113 114 116 118 119 120 121 123 126 127 128 129 130 131 133 134 136 137 138 140 142 143 144 147 149 150 151 152 153 155 156 157 158 159 161 162 163 164 165 166 167 168 169 172 175 176 177
7 36 45 54 64 69 83 86 91 118 129 135 150 151 176
2 8 17 23 26 31 36 43 45 51 61 63 66 69 72 73 76 87 97 98 111 113 114 115 116 119 121 124 125 127 134 137 138 140 142 145 149 157 158 159 162 163 165 166 173 175 176
2 3 4 5 6 8 10 12 13 14 15 18 19 20 21 22 32 33 36 39 40 41 42 44 49 50 51 52 53 54 55 57 59 61 62 65 67 68 70 71 72 73 76 79 80 82 83 85 87 88 89 90 94 96 99 101 102 103 104 105 107 108 111 113 114 115 117 119 120 123 124 126 127 128 130 131 132 133 134 136 137 138 140 141 146 147 148 149 150 151 152 153 154 156 157 158 160 163 167 168 170 172 173 175 176 177
2 3 4 5 6 8 10 11 12 13 14 15 18 19 20 21 22 23 25 29 32 33 35 36 37 38 39 40 41 42 44 46 49 50 51 52 53 54 55 57 58 59 60 61 62 63 65 67 68 70 71 72 73 74 76 77 79 80 81 82 83 85 87 88 89 90 94 96 97 99 100 101 102 103 104 105 106 107 108 109 111 113 114 115 117 119 120 121 122 123 124 126 127 128 129 130 131 132 133 134 136 137 138 139 140 141 144 145 146 147 148 149 150 151 152 153 154 156 157 158 159 160 161 163 164 167 168 170 172 173 175 176 177
2 3 5 14 16 22 25 35 38 45 46 69 72 75 77 81 85 87 94 104 106 107 116 118 124 130 132 134 137 140 145 149 154 155 156 159 161 165 167 170 172 173 175 176 177
4 10 12 15 18 23 27 32 33 41 44 49 50 51 56 59 66 68 71 77 79 80 81 82 83 84 91 93 99 105 110 115 122 125 126 132 136 137 144 146 150 151 169 170 171
2 5 7 8 9 11 13 14 15 16 17 18 19 20 21 22 23 24 25 26 27 28 29 30 31 33 34 35 36 37 38 41 42 43 44 45 46 47 48 50 52 53 54 56 58 60 61 62 63 64 65 66 67 68 72 73 74 75 76 81 84 85 86 87 89 90 91 92 93 94 95 97 98 100 101 102 103 104 105 106 109 110 111 112 113 114 116 117 118 119 120 121 122 123 124 125 126 127 129 130 131 132 133 134 138 139 140 141 142 143 145 147 148 149 152 154 155 156 157 158 159 160 161 162 163 164 165 166 167 168 169 170 173 174 175 176 177
1 7 12 27 41 55 79 80 82 88 90 92 96 101 126 136 141 146 151 153 160
1 4 6 7 9 10 11 12 13 14 15 16 17 18 19 20 21 23 24 26 27 30 32 33 34 37 39 40 41 42 43 44 46 48 49 50 51 52 53 54 55 56 57 59 61 62 65 66 67 68 70 71 73 74 76 78 79 80 81 82 83 84 86 87 88 90 91 92 93 94 95 96 97 98 99 100 101 102 103 104 105 106 107 108 109 110 112 113 114 115 117 119 120 121 122 125 126 127 128 129 131 132 133 134 135 136 137 138 139 141 144 146 147 149 150 151 152 153 154 156 157 158 160 162 163 165 168 169 170 171 174 176
1 2 3 4 6 7 9 10 11 12 13 14 15 17 18 19 20 21 24 27 28 30 31 32 33 36 38 39 40 41 42 43 44 46 47 48 49 50 51 53 54 55 56 57 58 59 62 63 64 66 67 68 70 71 73 74 76 78 79 80 81 82 83 84 86 87 88 90 91 92 93 95 96 98 99 101 102 103 104 105 107 108 109 110 112 113 114 115 116 117 120 122 124 125 126 127 129 131 133 134 135 136 137 138 139 140 141 142 144 145 146 147 149 150 151 152 153 154 156 157 158 160 162 163 165 166 169 171 172 173 175 176 177
1 3 4 6 7 8 10 11 12 13 14 15 18 19 21 25 26 27 28 30 32 33 36 38 39 40 41 43 44 45 46 49 50 51 53 55 56 57 59 60 62 63 64 65 66 68 69 70 71 72 73 75 76 77 78 79 80 82 83 84 85 86 88 89 90 91 92 94 95 96 97 98 99 100 101 102 104 105 106 107 108 110 111 113 115 116 117 119 120 123 125 126 127 128 129 131 132 133 135 136 137 138 139 142 144 145 146 147 149 150 151 152 153 154 155 156 157 158 159 160 162 166 167 168 169 170 171 172 176 177
2 3 5 6 7 8 9 10 11 12 13 14 15 16 17 19 20 21 22 23 24 25 26 28 29 30 31 32 34 35 37 38 39 40 41 42 43 45 46 48 49 50 52 53 54 55 57 59 60 61 62 63 64 65 66 67 69 70 71 72 73 74 76 77 78 81 85 88 89 90 92 94 95 96 98 99 102 103 104 105 106 109 110 111 112 113 116 117 118 121 122 123 124 125 126 127 128 129 131 133 134 136 138 139 140 141 142 143 145 146 147 148 149 150 152 154 155 156 158 159 161 162 163 164 165 166 167 168 169 172 174 175 176 177
17 24 29 34 47 84 97 111 119 120 140 142 157 162 163 166 172
17 22 23 24 29 34 36 38 47 52 53 57 60 61 62 67 75 77 81 84 87 93 97 111 119 120 121 127 129 130 134 140 142 148 155 157 161 162 163 165 166 167 172 173 175
3 9 12 14 16 19 25 28 29 34 43 48 55 59 64 68 69 73 76 78 80 81 90 95 98 105 109 111 116 118 122 125 134 135 139 142 143 148 154 159 160 163 164 165 166 171 173 174
2 3 5 17 22 23 28 29 40 44 45 46 47 53 55 57 60 63 66 67 69 70 72 77 81 85 87 93 97 104 106 111 121 123 127 129 132 138 148 155 156 161 163 172 176 177
1 6 20 26 27 32 33 40 50 56 59 68 79 80 83 88 90 91 95 96 98 108 110 132 146 151 153 160 169 171
1 2 3 5 6 7 8 9 10 11 13 14 15 16 17 18 19 20 21 23 24 25 26 27 29 30 32 33 34 35 36 37 39 40 41 42 43 44 45 46 47 48 50 51 53 54 56 57 59 60 63 65 66 67 68 69 70 71 72 73 74 75 76 78 79 80 82 83 84 85 86 88 90 91 92 93 94 95 96 97 98 100 101 102 103 104 105 106 107 108 109 110 112 113 114 115 117 118 119 120 121 122 123 124 125 126 128 129 131 132 133 136 139 141 143 145 146 147 149 151 152 153 154 157 159 160 162 163 164 168 169 170 171 174 176 177
1 4 6 7 9 11 12 15 16 17 19 20 21 22 23 24 27 28 29 30 31 32 33 35 36 37 38 39 40 41 42 43 44 46 47 48 49 50 51 53 54 55 57 58 60 61 62 63 64 65 66 67 70 71 73 74 76 77 78 79 80 82 83 84 86 87 88 89 90 91 92 93 95 97 98 99 101 102 103 105 108 109 110 111 112 113 114 116 117 119 120 123 126 127 128 130 131 132 133 134 135 136 137 138 139 140 141 142 143 144 146 147 149 150 151 152 153 157 158 159 160 162 163 165 166 168 169 171 172 175
1 2 3 4 6 9 10 12 14 16 17 18 19 20 21 22 24 25 27 28 30 31 32 33 34 35 37 38 39 40 41 42 43 44 45 46 48 49 50 51 52 53 54 56 57 58 60 62 64 65 67 68 71 72 74 77 78 79 81 83 84 85 86 88 89 90 91 92 93 95 96 97 99 100 101 102 103 104 105 106 107 108 109 110 111 112 114 117 118 120 122 123 126 128 129 130 131 133 135 136 138 139 141 143 144 145 146 147 148 150 151 152 153 155 156 157 161 162 164 165 166 167 168 169 171 173 174 175
1 2 3 4 5 6 7 9 10 11 12 15 17 18 19 20 21 23 24 27 30 32 33 35 36 37 38 39 40 41 42 43 44 47 48 49 50 51 52 53 54 55 56 57 58 60 61 62 63 65 66 67 70 71 72 74 78 79 80 82 83 84 86 87 88 89 90 92 94 95 96 97 98 99 101 102 103 105 106 107 108 109 110 111 112 113 114 115 117 119 120 121 122 123 125 126 128 129 130 131 132 133 135 136 137 139 141 143 144 145 146 147 149 150 151 153 154 155 156 157 160 162 167 168 169 171 172 174
3 14 17 22 23 24 25 29 31 35 36 45 47 53 58 60 61 62 67 70 81 84 94 104 106 111 113 121 129 133 134 152 154 155 157 159 162 165 166 167 172 173 175 176 177
1 9 12 18 20 22 25 28 29 31 34 35 38 41 44 45 48 58 68 74 76 77 99 105 109 118 126 129 134 135 136 138 144 150 157 159 160 161 165 166 168 173 176
1 6 12 18 32 39 51 79 82 99 136 137 151 153
1 2 3 4 5 6 7 8 9 10 11 12 13 14 15 16 17 18 19 20 21 22 23 24 25 26 27 28 29 30 31 32 33 34 35 36 37 38 39 40 41 42 43 44 45 46 47 48 49 50 51 52 53 54 55 56 57 58 61 62 63 64 65 67 68 70 71 72 73 74 75 76 78 79 81 82 84 85 86 87 88 90 91 92 93 94 95 96 97 98 99 100 101 102 103 104 105 106 107 108 109 110 112 113 114 116 117 118 119 120 121 122 124 125 126 127 129 130 131 132 133 134 135 136 137 138 139 140 141 142 143 144 145 147 148 149 150 151 152 153 154 155 156 157 159 160 161 162 163 164 166 167 168 169 171 172 173 174 175 176 177
2 11 18 26 37 64 68 73 78 91 97 107 115 173 175
2 3 7 11 13 17 18 21 22 26 29 30 37 39 41 43 55 56 62 64 66 68 69 73 74 78 80 81 88 91 97 104 105 107 109 110 115 122 124 147 154 164 172 173 175 177
1 2 3 4 6 7 8 9 10 12 13 15 17 18 20 24 25 26 27 29 30 31 32 33 37 39 40 41 42 43 45 46 47 48 49 50 51 53 54 55 56 58 59 63 64 65 66 67 68 71 73 74 76 78 79 80 82 83 84 86 88 89 90 91 92 93 95 96 97 98 99 101 102 103 105 106 107 108 109 110 112 113 114 115 117 119 120 121 122 123 125 126 128 129 131 133 135 136 137 138 139 140 141 142 143 144 146 147 149 150 151 152 153 156 157 158 159 160 161 162 163 164 165 166 169 171 172 174 175 176 177
5 7 9 11 13 19 20 21 22 29 31 32 41 43 45 48 53 58 59 70 74 78 80 81 90 92 94 102 104 105 117 121 124 125 130 131 133 141 143 145 148 152 154 155 161 170 172 174 177
1 4 6 7 10 12 15 20 26 27 30 33 35 37 38 39 40 42 44 49 50 51 54 56 57 59 65 66 68 70 71 73 76 77 79 80 82 83 84 85 86 87 88 89 91 96 97 98 99 101 102 103 105 106 107 108 110 111 113 114 115 117 120 126 128 131 135 136 137 141 144 146 147 149 150 151 153 156 157 159 169 171
1 2 4 6 7 10 12 15 17 20 23 24 26 27 30 31 32 33 35 36 37 38 39 40 41 42 43 44 47 48 49 50 51 52 53 54 55 56 57 59 60 62 63 64 65 66 67 68 69 70 71 73 74 76 77 78 79 80 81 82 83 84 85 86 87 88 89 91 92 93 94 95 96 97 98 99 100 101 102 103 105 106 107 108 110 111 112 113 114 115 117 119 120 121 123 125 126 128 131 132 133 135 136 137 138 139 140 141 144 146 147 149 150 151 152 153 156 157 159 160 161 162 163 165 166 168 169 171 174
17 23 34 36 45 47 52 53 57 62 63 81 93 118 119 129 140 156 165 167 168 175 177
17 23 34 36 45 47 52 53 57 58 62 63 81 93 118 119 129 140 156 165 167 168 175 177
17 23 24 25 29 31 34 35 36 38 44 45 47 52 53 57 58 60 61 62 63 64 67 77 81 93 111 118 119 123 129 133 138 140 144 148 156 159 161 162 163 165 166 167 168 175 177
2 6 8 9 12 14 15 18 19 20 21 26 29 30 39 48 51 53 61 63 66 74 75 78 80 84 88 90 92 93 95 98 102 120 121 124 132 134 135 137 143 153 170 175 176 177
