1 2 3 4 5 6 7 8 9 10 11 12 13 14 15 16 18 19 20 21 22 25 26 27 28 32 34 35 38 39 40 41 43 46 47 49 50 51 53 54 55 56 57 59 61 62 66 68 69 70 71 72 73 74 75 76 77 79 80 81 82 83 84 85 87 88 90 91 92 94 96 98 99 101 103 104 105 106 107 108 109 110 111 112 113 114 115 117 118 120 121 122 123 124 126 129 130 132 133 134 135 136 137 138 139 141 142 143 145 146 147 149 150 151 153 154 155 156 158 160 161 163 164 166 167 168 169 170 171 172 173 176 177
2 17 23 24 25 28 29 31 34 36 38 46 47 52 53 58 61 64 67 76 77 84 87 97 100 114 116 119 121 129 130 132 133 134 137 140 142 144 145 148 152 159 164 165 166 167 168
5 7 9 14 18 19 20 22 28 29 31 37 41 43 46 47 53 59 62 64 68 70 75 76 84 95 100 104 111 121 129 149 152 154 156 160 164 166 167 168 174 175
1 4 6 16 40 51 67 82 85 96 99 108 118 119 121 150 153
2 36 43 47 53 60 62 65 67 86 119 121 129 140 167 175
1 4 12 27 39 40 49 54 82 86 91 96 99 102 107 126 128 131 136 137 144 151 153 160
2 3 8 22 23 28 29 31 34 47 53 57 60 63 64 66 69 73 75 84 85 93 97 98 104 111 116 118 120 121 127 129 132 134 140 142 145 157 158 161 164 165 175 177
3 8 14 16 22 23 25 31 34 36 38 45 53 57 63 64 69 70 81 85 94 97 100 104 106 111 112 113 116 118 124 127 133 134 145 152 154 155 157 158 159 161 165 167 173 175 177
3 5 22 29 36 45 58 81 94 104 130 165 172
1 17 19 24 26 30 33 42 43 49 50 52 53 54 56 62 65 67 77 86 89 91 95 97 103 108 110 117 122 126 128 131 138 142 154 156 162 163 165 169 174 177
7 9 10 12 18 19 21 24 26 32 39 41 42 43 48 50 51 54 56 70 74 78 79 80 83 88 89 90 99 101 102 105 108 115 122 128 131 136 139 147 160 162 169 170 174
1 24 33 37 43 48 54 65 68 80 89 110 115 129 133 135 141 167 171 177
3 5 7 8 9 10 11 13 14 18 20 21 32 41 48 56 58 59 74 78 90 91 94 96 104 105 107 109 110 117 122 124 125 135 139 141 146 147 154 160 170 171 176 177
8 9 19 20 26 30 33 43 51 56 66 68 69 73 75 78 80 82 88 90 91 92 93 98 108 120 122 124 126 131 132 135 137 138 140 142 147 158 160 162 163 170 171 176
5 8 10 13 19 31 37 48 95 122 133 139 141 145 146 156 168
1 4 6 10 12 13 14 15 26 27 33 39 40 44 46 49 50 51 53 54 56 59 60 61 63 65 67 70 71 73 79 82 83 84 86 87 88 89 91 96 97 98 99 103 107 108 110 111 113 114 115 119 120 126 128 131 132 136 137 138 142 144 149 150 151 153 157 158 159 168 169 176
2 3 7 22 24 25 28 29 44 52 64 67 81 87 94 95 97 104 111 133 134 142 145 148 149 164 166 177
1 3 7 14 16 21 69 80 117 125 141 150 160
1 3 4 6 13 15 18 20 27 32 39 57 59 65 67 71 78 79 82 83 87 88 91 95 96 98 99 107 108 117 122 127 128 135 136 137 144 146 150 151 153 157
3 4 8 12 23 34 35 40 49 52 57 60 61 64 69 72 76 81 82 85 93 97 99 108 111 116 118 127 134 136 137 140 144 148 151 155 156 161 162 163 166 167 173 175
1 3 4 6 12 17 33 47 49 50 51 52 53 60 63 68 79 82 85 89 93 101 104 108 120 137 151 152 153 156 157 159 161 169 170 177
1 2 5 8 12 15 16 22 23 27 28 38 39 44 47 49 51 61 62 63 65 79 82 83 84 85 86 87 89 94 97 99 100 103 106 108 111 113 114 119 120 124 127 129 130 136 138 140 144 149 150 151 153 154 156 157 161 166 168 169 172 176 177
5 8 10 11 13 18 19 20 21 32 34 41 46 59 68 80 116 122 124 125 132 135 139 146 170
3 7 9 14 16 17 18 22 25 29 34 35 42 48 58 72 81 87 88 90 92 93 94 97 101 111 116 122 123 124 125 129 130 132 133 135 140 143 145 147 148 149 154 159 164 165 166 171 173 177
1 10 50 62 67 80 89 96 100 104 127 141 166
1 2 5 9 10 15 88 96 107 122 132 164
7 9 14 48 74 95 101 109 117 139 147
7 9 11 13 14 18 19 21 28 29 31 32 43 48 55 59 68 73 74 78 80 81 90 95 101 105 109 112 117 118 122 124 125 129 130 131 133 135 139 141 143 145 147 154 164 171 177
5 35 75 81 87 104 124 130 132 154 155 176 177
5 7 9 13 18 21 25 29 31 32 35 41 42 43 45 47 59 74 75 78 81 87 92 102 104 109 112 118 121 122 124 125 130 132 133 134 135 139 145 152 154 155 161 166 168 174 176 177
7 9 11 18 19 23 33 36 37 41 42 43 48 61 63 69 73 74 78 88 89 90 92 95 98 102 109 112 116 125 131 132 134 135 137 139 141 143 160 162 163 164 171 174 175
1 4 6 15 20 26 33 34 37 40 41 44 46 47 49 50 52 54 55 62 63 65 68 71 73 76 83 85 86 87 88 93 95 96 101 106 107 113 117 120 121 126 128 136 141 142 143 144 146 147 149 150 152 156 157 158 159 160 166 169 176
14 16 17 22 23 25 36 38 45 52 61 67 69 75 81 87 92 93 100 112 116 118 121 124 125 130 132 133 140 143 145 152 154 155 157 163 164 167 168 173 174 175 177
1 6 10 12 18 20 21 32 39 49 56 59 71 74 80 82 83 90 91 96 99 101 102 105 108 110 115 122 126 135 136 150 153 170
5 7 8 9 11 13 14 16 18 19 21 22 35 36 41 45 48 55 58 70 72 74 78 81 91 94 97 100 104 109 117 118 124 125 130 133 134 135 139 147 152 154 164 165 167 170 174
5 9 10 11 13 14 18 20 21 28 32 34 37 38 41 43 45 48 59 64 69 74 78 85 90 92 95 105 109 112 116 117 118 130 139 141 143 146 147 148 160 164 166 170 174
2 7 23 35 37 47 57 60 63 69 73 87 104 111 113 116 127 149 154 156 159 161 166
6 9 18 29 31 32 36 43 51 52 54 56 59 66 68 69 71 72 84 91 107 108 110 113 115 119 121 125 126 131 132 133 136 137 148 153 161 162 163 165 167 168 170 171 172
3 5 7 9 10 11 13 14 21 23 25 28 34 37 38 41 45 48 61 64 74 77 81 94 95 97 104 109 119 121 124 125 127 130 133 134 139 148 152 154 155 167 171 174
5 45 69 95 117 139 145 146 155 162
1 15 37 39 40 41 57 58 82 86 91 99 100 103 110 123 128 133 136 151
2 5 11 14 15 17 19 23 25 29 36 38 39 44 47 48 53 62 70 72 76 77 81 87 93 94 98 100 104 113 118 124 127 129 131 133 134 135 148 152 155 157 166 167 168 173 177
2 5 7 8 25 26 27 30 32 33 36 41 46 54 56 58 64 68 70 72 78 86 90 92 105 108 110 117 118 132 170 174
1 4 12 15 18 19 24 27 30 43 44 49 51 54 68 71 74 79 80 82 83 84 86 89 91 92 98 99 108 115 125 126 131 135 136 137 138 139 144 160 168 169 174
1 4 6 12 51 79 80 82 108 137 151 153 169
3 4 5 6 9 12 13 14 18 22 25 30 32 36 39 41 45 46 49 59 71 80 91 94 96 99 100 107 124 125 130 136 137 144 146 150 153 154 155 173 177
5 8 22 23 25 29 31 35 36 38 44 45 46 52 58 60 77 85 97 100 114 116 118 119 123 138 140 145 148 157 159 161 165 166 167 175
3 9 14 16 22 23 25 28 29 31 35 36 44 45 58 61 63 69 70 74 78 81 87 90 100 105 111 116 119 123 124 127 130 132 133 134 140 145 148 154 156 161 164 166 167 175
2 22 52 60 75 89 148 161 162 164 167 175
2 17 22 23 24 28 29 33 36 38 45 52 56 57 58 60 63 65 66 70 72 75 84 89 91 93 98 111 119 123 129 131 140 148 155 161 162 163 164 167 174 175
