1 2 3 4 5 6 8 12 14 15 16 17 20 23 24 27 29 30 33 34 35 37 38 39 40 42 43 44 45 46 47 49 50 51 52 53 54 55 56 57 60 61 62 63 64 65 66 67 70 71 72 73 76 77 79 81 82 83 84 85 86 87 88 89 90 91 93 94 95 97 98 99 100 101 103 104 106 107 108 110 111 113 114 116 118 119 120 121 123 126 127 128 129 131 132 133 134 136 137 138 140 142 143 144 145 149 150 151 152 153 156 157 158 159 160 161 162 163 164 165 166 168 169 172 173 175 176
7 17 22 24 29 42 44 58 60 66 67 68 81 86 89 101 106 110 119 121 128 129 133 141 146 147 152 154 160 161 162 164 165
11 18 24 28 30 50 56 64 68 69 70 80 82 89 95 98 105 115 117 125 128 132 142 146 147 149 150 158 160 163 174
1 2 4 6 12 26 27 34 36 38 39 47 49 50 51 53 55 61 62 65 68 71 79 82 83 86 87 93 96 99 100 103 106 107 108 110 119 120 121 123 136 144 150 151 153 162 168
14 19 26 28 34 38 46 61 75 90 95 98 112 115 116 118 139 142 147 171 173 174 176
5 17 23 25 31 35 41 44 45 58 72 85 93 94 103 118 119 140 145 155 164 173 175
4 12 24 30 40 42 43 48 51 54 62 71 81 82 85 86 89 92 95 99 101 109 111 136 137 140 144 147 150 153 157 162 172
2 30 31 36 38 40 47 52 56 58 61 62 82 84 86 91 100 111 128 129 133 140 144 148 152 154 155 161 162 165 167 172 175
1 2 6 7 12 15 17 18 20 21 22 24 26 27 30 32 34 37 39 41 43 46 47 49 50 52 53 55 56 57 58 60 61 62 63 66 67 68 70 72 73 76 81 82 83 84 85 86 87 88 90 91 93 95 96 97 98 99 100 101 105 106 107 108 110 111 112 113 115 117 119 120 121 123 127 129 131 132 133 134 135 136 137 140 141 142 144 146 147 150 151 152 153 154 155 157 158 162 165 167 169 171 173 174 175
1 4 6 10 12 13 14 18 32 39 40 55 56 59 68 69 71 79 80 82 88 91 96 99 101 107 109 115 122 126 135 136 137 139 150 151 153 170 171
1 4 6 7 10 12 15 16 18 19 20 24 26 27 30 32 33 34 36 37 39 40 41 42 44 47 49 50 51 52 53 54 55 56 59 60 61 62 63 65 66 68 71 73 78 79 80 82 83 84 86 87 88 89 91 93 95 96 97 98 99 101 102 103 106 107 108 110 113 114 115 120 121 122 123 126 128 129 131 132 135 136 137 138 139 140 141 144 145 146 149 150 151 152 153 155 157 158 160 162 163 168 169 170 171 173
3 5 8 25 28 29 36 52 58 69 75 100 130 145 149 161 164 165 166 173 175 176 177
6 9 10 59 68 78 92 105 115 124 137 170 176
2 5 7 8 15 16 19 21 23 38 44 47 52 53 57 58 70 75 80 85 93 114 116 117 129 152 161 163 165 166 167 172 175 176
5 30 39 49 84 100 116 121 132 167
7 8 24 26 43 45 52 58 62 64 68 82 88 103 110 114 116 117 118 120 121 122 133 149 156 165 167 170 172 173
7 38 47 63 75 84 87 93 129 148 161 172
7 9 10 11 13 20 21 22 28 34 37 41 42 45 48 52 64 70 72 74 80 94 95 100 101 102 105 109 112 116 117 122 130 133 138 139 141 145 147 152 163 166 174
1 4 5 6 10 11 12 13 14 17 18 19 20 22 23 25 26 28 32 34 36 37 39 40 44 47 49 50 51 52 53 54 59 61 62 65 67 68 71 73 75 76 78 79 80 82 83 86 88 96 97 99 100 103 105 106 107 108 110 111 113 114 115 118 119 120 121 123 125 126 127 128 132 133 135 136 137 138 141 144 146 147 148 149 150 151 152 153 157 158 160 165 167 168 169 170 171 176
8 9 11 13 14 18 21 25 31 48 74 81 90 109 125 127 132 134 145 154 177
1 2 3 4 5 6 7 8 9 10 11 12 13 15 16 18 19 21 26 27 30 31 32 35 36 39 40 42 46 47 49 50 53 56 59 61 62 65 66 71 74 75 76 77 79 80 81 82 83 84 85 86 87 88 91 93 94 96 97 98 99 102 103 104 106 107 108 109 110 113 114 115 119 122 124 126 128 131 133 136 139 141 144 146 147 149 150 151 152 153 154 155 156 157 168 169 170 171 174 177
24 28 29 34 42 43 52 69 73 78 88 90 92 95 98 101 103 112 113 116 118 127 154 159 162 163 166 171 176
2 3 7 10 11 16 17 19 20 22 24 26 27 28 30 31 33 34 35 37 41 42 43 47 48 49 50 53 54 55 56 57 58 60 61 62 65 66 68 70 72 74 79 80 81 83 84 85 86 89 90 91 92 93 95 96 97 98 101 103 105 109 110 112 114 117 119 121 122 123 128 129 131 133 134 136 138 139 141 143 144 145 146 147 152 155 156 157 160 161 162 164 167 169 170 172 174 175
6 9 13 14 19 21 59 78 90 125 137
3 52 57 94 111 119 132 156 161 165
5 11 13 25 28 29 31 32 59 77 78 102 109 116 134 148 152 166
6 12 24 39 40 43 46 49 50 58 68 72 82 86 96 99 107 108 110 124 126 137 147 153
1 4 6 7 8 9 14 15 18 20 21 31 37 39 40 44 46 48 49 50 51 52 55 57 58 60 62 63 65 70 71 74 76 78 79 80 81 82 83 88 89 94 95 96 97 99 101 102 106 107 108 111 113 114 115 123 126 128 129 130 132 133 135 136 137 139 140 141 144 146 147 150 151 153 154 157 164 169 172 175
3 5 14 16 17 21 22 25 29 31 35 36 38 44 47 53 58 65 74 81 94 104 106 121 130 134 154 155 159 165 167 173 177
13 21 34 37 59 78 80 88 90 102 110 111 128 160 173
3 17 23 29 36 43 52 53 57 61 63 81 84 100 112 113 114 119 121 123 127 129 133 148 154 155 168 172
3 5 7 9 11 13 19 21 22 31 32 41 43 48 55 69 72 74 78 90 94 102 104 109 112 116 127 133 139 141 145 146 164
1 2 4 6 10 12 15 17 20 26 27 32 33 37 39 40 43 49 50 51 54 56 59 66 67 71 79 80 82 83 84 86 88 89 91 93 96 98 99 102 103 106 107 108 110 113 114 115 120 124 125 126 128 130 131 135 136 137 141 146 147 150 151 153 160 169 170 171 176
1 7 10 13 18 19 27 32 33 41 42 56 69 71 73 74 78 80 92 101 102 115 122 126 135 139 158 169 170 171 174
3 14 16 22 23 25 57 61 69 72 81 94 127 132 148 161 168 173 175 177
3 8 9 11 13 14 16 18 19 22 23 28 31 34 36 41 45 59 68 69 75 77 78 81 85 90 92 94 105 109 116 118 120 124 127 129 132 143 145 148 155 163 170 172 173 176 177
2 17 23 24 29 31 34 47 53 60 61 87 121 134 177
1 3 4 5 6 9 10 11 12 14 15 16 18 19 20 22 24 25 26 27 28 30 32 33 37 38 39 42 43 44 46 48 49 50 52 54 55 58 60 61 64 65 67 71 73 74 76 77 78 79 80 81 82 83 88 89 94 96 98 99 101 102 103 105 106 107 114 115 121 124 125 126 127 128 130 131 132 133 134 135 136 143 146 147 149 150 151 153 155 158 160 164 168 169 171 172 173 176 177
2 16 22 23 25 28 29 31 35 38 45 46 52 58 64 77 97 100 118 119 129 134 138 142 143 148 157 161 167 175
7 9 10 11 13 14 16 18 19 20 21 22 25 28 32 41 48 59 68 72 74 78 81 94 104 105 109 122 124 125 139 146 154 170 171 172 173
1 4 6 10 12 13 15 18 20 21 23 24 26 27 28 31 32 34 37 39 42 43 44 46 49 50 51 53 54 56 58 59 60 63 69 71 73 75 76 77 78 79 82 83 84 85 86 89 90 91 92 95 96 97 99 101 102 107 108 109 110 111 113 114 115 117 122 126 128 129 132 133 135 136 137 138 140 141 142 143 144 145 146 147 150 151 153 156 157 160 161 162 163 166 169 170 171
2 3 6 17 23 25 29 31 34 36 45 47 50 51 53 60 61 63 72 75 79 83 85 93 94 97 118 120 121 123 129 132 134 137 145 148 161 175 177
7 9 16 18 19 21 23 41 48 58 74 78 81 90 100 102 112 123 125 129 130 152 164 177
9 25 28 30 41 42 43 45 48 68 78 101 112 131 135 139 160 165
5 11 13 14 16 26 30 34 35 36 58 64 69 72 85 100 106 118 123 130 140 154 158 159 167 170 173 177
3 5 8 13 22 25 31 34 35 52 58 61 64 69 72 75 77 85 93 94 97 111 116 118 120 124 127 134 140 143 145 148 152 157 161 164 166 167 172 175 176 177
10 14 18 22 116 127 130 154 170 173
1 6 15 19 26 27 33 39 46 49 51 53 57 58 62 63 65 67 70 71 76 80 84 86 93 97 98 102 103 106 107 111 113 114 115 116 120 138 143 148 149 151 152 153 155 156 157 158 159 162 163 165 169 172
7 8 9 34 41 68 85 92 105 118 122 125 145 156 170 174
7 10 11 28 33 35 38 41 42 43 54 56 59 66 69 70 73 74 77 80 90 91 92 101 105 106 110 117 120 122 125 156 158 171 176
