Description	Target	Measure	E11	E10	E01
["""ENSG00000163050""" = 0.0]	[Target]	0.0	0.0	136.0	0.0
["""ENSG00000105696""" = 0.0], ["""ENSG00000254996""" = 1.0]	[Target]	0.0	0.0	34.0	0.0
["""ENSG00000204928""" = 1.0], ["""ENSG00000102053""" = 1.0]	[Target]	0.0	0.0	30.0	0.0
["""ENSG00000198860""" = 0.0], ["""ENSG00000174206""" = 1.0], ["""ENSG00000165023""" = 1.0]	[Target]	0.0	0.0	12.0	0.0
["""ENSG00000174206""" = 1.0], ["""ENSG00000165023""" = 1.0]	[Target]	0.0	0.0	15.0	0.0
["""ENSG00000229571""" = 0.0], ["""ENSG00000102897""" = 0.0]	[Target]	0.0	0.0	133.0	0.0
["""ENSG00000105650""" = 0.0], ["""ENSG00000185019""" = 1.0], ["""ENSG00000137449""" = 0.0]	[Target]	0.0	0.0	25.0	0.0
["""ENSG00000185019""" = 1.0], ["""ENSG00000137449""" = 0.0]	[Target]	0.0	0.0	31.0	0.0
["""ENSG00000141665""" = 0.0], ["""ENSG00000101972""" = 0.0]	[Target]	0.0	0.0	98.0	0.0
["""ENSG00000070495""" = 1.0], ["""ENSG00000048342""" = 0.0]	[Target]	0.0	0.0	28.0	0.0
["""ENSG00000142347""" = 0.0], ["""ENSG00000177311""" = 1.0]	[Target]	0.0	0.0	37.0	0.0
["""ENSG00000163735""" = 1.0], ["""ENSG00000171444""" = 1.0]	[Target]	0.0	0.0	24.0	0.0
["""ENSG00000104164""" = 0.0], ["""ENSG00000258472""" = 0.0]	[Target]	0.0	0.0	100.0	0.0
["""ENSG00000172073""" = 0.0], ["""ENSG00000232838""" = 1.0]	[Target]	0.0	0.0	44.0	0.0
["""ENSG00000104957""" = 0.0], ["""ENSG00000130713""" = 0.0]	[Target]	0.0	0.0	109.0	0.0
["""ENSG00000186187""" = 0.0], ["""ENSG00000007001""" = 0.0]	[Target]	0.0	0.0	99.0	0.0
["""ENSG00000019485""" = 0.0], ["""ENSG00000171631""" = 0.0], ["""ENSG00000060566""" = 0.0], ["""ENSG00000184486""" = 0.0]	[Target]	0.0	0.0	53.0	0.0
["""ENSG00000171631""" = 0.0], ["""ENSG00000184486""" = 0.0]	[Target]	0.0	0.0	101.0	0.0
["""ENSG00000164930""" = 0.0], ["""ENSG00000077274""" = 0.0]	[Target]	0.0	0.0	100.0	0.0
["""ENSG00000149735""" = 0.0], ["""ENSG00000144182""" = 0.0]	[Target]	0.0	0.0	100.0	0.0
["""ENSG00000153048""" = 0.0], ["""ENSG00000215262""" = 0.0]	[Target]	0.0	0.0	96.0	0.0
["""ENSG00000278615""" = 0.0], ["""ENSG00000178404""" = 1.0]	[Target]	0.0	0.0	38.0	0.0
["""ENSG00000100422""" = 1.0], ["""ENSG00000006715""" = 0.0]	[Target]	0.0	0.0	33.0	0.0
["""ENSG00000162408""" = 0.0], ["""ENSG00000145868""" = 0.0]	[Target]	0.0	0.0	105.0	0.0
["""ENSG00000176299""" = 0.0], ["""ENSG00000284512""" = 1.0]	[Target]	0.0	0.0	42.0	0.0
["""ENSG00000092850""" = 1.0], ["""ENSG00000108602""" = 1.0]	[Target]	0.0	0.0	25.0	0.0
["""ENSG00000151327""" = 0.0], ["""ENSG00000087263""" = 0.0], ["""ENSG00000178038""" = 0.0], ["""ENSG00000188313""" = 0.0], ["""ENSG00000147416""" = 0.0]	[Target]	0.0	0.0	55.0	0.0
["""ENSG00000087263""" = 0.0], ["""ENSG00000178038""" = 0.0]	[Target]	0.0	0.0	93.0	0.0
["""ENSG00000177202""" = 0.0], ["""ENSG00000175166""" = 0.0]	[Target]	0.0	0.0	99.0	0.0
["""ENSG00000123843""" = 0.0], ["""ENSG00000118777""" = 0.0]	[Target]	0.0	0.0	107.0	0.0
["""ENSG00000107758""" = 1.0], ["""ENSG00000198231""" = 1.0]	[Target]	0.0	0.0	13.0	0.0
["""ENSG00000150773""" = 1.0], ["""ENSG00000163098""" = 0.0]	[Target]	0.0	0.0	41.0	0.0
["""ENSG00000133121""" = 1.0], ["""ENSG00000099783""" = 1.0]	[Target]	0.0	0.0	13.0	0.0
["""ENSG00000144908""" = 0.0], ["""ENSG00000165282""" = 1.0]	[Target]	0.0	0.0	44.0	0.0
["""ENSG00000206535""" = 0.0], ["""ENSG00000058056""" = 0.0]	[Target]	0.0	0.0	103.0	0.0
["""ENSG00000156026""" = 0.0], ["""ENSG00000179088""" = 0.0]	[Target]	0.0	0.0	98.0	0.0
["""ENSG00000171435""" = 1.0], ["""ENSG00000132823""" = 0.0]	[Target]	0.0	0.0	30.0	0.0
["""ENSG00000116703""" = 0.0], ["""ENSG00000170608""" = 1.0]	[Target]	0.0	0.0	31.0	0.0
["""ENSG00000198924""" = 1.0], ["""ENSG00000147262""" = 0.0]	[Target]	0.0	0.0	42.0	0.0
["""ENSG00000035664""" = 1.0], ["""ENSG00000171940""" = 0.0], ["""ENSG00000174339""" = 0.0], ["""ENSG00000008311""" = 1.0], ["""ENSG00000158571""" = 1.0]	[Target]	0.0	0.0	11.0	0.0
["""ENSG00000035664""" = 1.0], ["""ENSG00000008311""" = 1.0]	[Target]	0.0	0.0	17.0	0.0
["""ENSG00000134146""" = 1.0], ["""ENSG00000130489""" = 0.0]	[Target]	0.0	0.0	39.0	0.0
["""ENSG00000196550""" = 0.0], ["""ENSG00000138375""" = 0.0]	[Target]	0.0	0.0	107.0	0.0
["""ENSG00000162636""" = 0.0], ["""ENSG00000204572""" = 0.0], ["""ENSG00000151693""" = 0.0], ["""ENSG00000183671""" = 0.0], ["""ENSG00000269502""" = 0.0]	[Target]	0.0	0.0	44.0	0.0
["""ENSG00000162636""" = 0.0], ["""ENSG00000204572""" = 0.0]	[Target]	0.0	0.0	108.0	0.0
["""ENSG00000131591""" = 0.0], ["""ENSG00000108433""" = 1.0], ["""ENSG00000214212""" = 0.0], ["""ENSG00000204599""" = 0.0], ["""ENSG00000104331""" = 1.0]	[Target]	0.0	0.0	10.0	0.0
["""ENSG00000108433""" = 1.0], ["""ENSG00000204599""" = 0.0]	[Target]	0.0	0.0	29.0	0.0
["""ENSG00000172339""" = 0.0], ["""ENSG00000250366""" = 0.0]	[Target]	0.0	0.0	98.0	0.0
["""ENSG00000130164""" = 0.0], ["""ENSG00000204314""" = 0.0]	[Target]	0.0	0.0	99.0	0.0
["""ENSG00000157856""" = 0.0], ["""ENSG00000124191""" = 0.0]	[Target]	0.0	0.0	102.0	0.0
