1 4 5 6 7 8 9 10 11 12 13 14 15 16 18 19 20 21 24 25 26 28 32 33 34 35 37 38 39 40 41 42 43 44 45 46 48 49 50 51 54 55 56 58 59 60 62 63 64 65 66 67 69 71 72 73 74 75 76 77 78 79 80 81 82 83 86 88 89 90 91 92 94 95 96 98 99 100 101 102 103 104 105 106 107 108 109 110 112 113 114 115 116 117 118 119 120 122 123 125 126 128 130 131 132 133 136 137 138 139 141 142 143 144 146 147 149 150 151 153 154 156 158 160 162 163 165 168 169 170 171 174
1 4 6 7 10 12 15 20 23 26 27 29 32 39 44 46 47 49 50 51 52 53 54 61 62 63 68 71 73 75 76 79 82 83 92 93 96 98 99 100 101 106 108 110 113 114 115 126 127 128 135 136 141 144 146 147 148 149 150 151 152 153 158 159 164 168 169 171
1 2 4 6 7 10 12 15 20 23 26 27 28 29 31 32 39 44 46 47 49 50 51 52 53 54 60 61 62 63 64 67 68 71 73 75 76 79 82 83 84 87 89 92 93 96 97 98 99 100 101 103 106 108 110 111 113 114 115 116 118 119 120 121 123 126 127 128 134 135 136 138 140 141 142 143 144 146 147 148 149 150 151 152 153 156 157 158 159 163 164 165 166 168 169 171 175
2 3 5 17 18 19 22 23 26 27 45 57 58 60 61 68 72 73 78 81 91 100 113 119 127 129 132 134 152 155 161 165 175
11 17 24 33 43 47 48 51 54 56 68 69 80 86 87 89 92 105 112 118 121 125 127 131 133 137 141 156 160 162 163 169 171 175
3 13 14 18 21 69 72 124 170 173 177
3 5 13 14 16 18 21 22 25 28 35 41 45 52 57 69 72 75 77 81 85 94 124 127 148 156 159 161 167 168 170 172 173 177
2 9 12 15 17 26 27 29 31 33 36 44 53 55 61 63 70 84 90 93 98 111 113 114 119 120 132 134 137 149 152 154 158 172
2 22 29 31 51 81 87 104 119 130 133 154
5 8 9 11 13 18 25 41 59 72 75 94 122 124 130 145 154 155 161 170 173 176
8 17 23 24 28 29 30 31 38 47 48 53 58 61 62 64 67 76 95 119 129 130 148 152 155 162 165 166 167 168
2 12 23 40 45 47 52 53 63 67 72 81 82 84 94 97 100 103 104 107 111 119 121 129 132 133 134 137 140 144 148 149 155 157 161 167 175
17 21 22 25 31 36 37 45 61 62 63 88 91 96 102 103 104 113 119 123 124 125 127 130 132 145 146 154 155 157 159 170 172 174
1 4 6 10 11 12 13 15 17 20 24 26 27 30 32 33 34 37 39 40 41 42 46 47 50 51 53 54 56 59 60 61 62 63 64 65 66 67 68 71 72 73 74 76 79 82 83 85 86 88 89 91 92 93 96 97 98 99 101 102 103 107 108 109 110 112 113 114 115 117 119 120 121 122 123 125 126 128 131 135 136 137 138 140 141 142 143 144 146 147 149 150 151 153 156 157 158 159 160 163 166 168 169 170 171 174 177
3 9 11 13 23 26 31 42 45 48 61 62 66 74 81 85 95 104 110 112 117 122 124 139 141 145 146 149 159 161 163 165 174
1 2 4 6 10 12 15 17 23 24 26 27 30 33 34 37 38 39 40 42 44 46 47 49 50 51 52 53 54 55 56 57 59 62 63 64 65 66 67 68 71 73 76 79 82 83 84 86 87 88 89 91 93 96 97 98 99 100 103 106 107 108 110 113 114 115 116 117 119 120 121 126 127 128 129 131 133 136 137 138 142 143 144 146 147 149 150 151 152 153 157 158 159 160 162 163 165 168 169 170 174 175
9 11 20 21 22 28 29 31 34 45 47 48 58 74 78 90 92 93 95 102 104 109 112 121 125 139 141 143 145 152 154 174 175 176 177
2 17 22 35 36 44 47 53 57 60 62 67 72 94 97 106 111 134 138 140 142 143 148 154 156 157 159 165 167 172 175
23 72 89 97 112 129 142 159 164 168
2 3 4 5 9 16 19 25 28 29 31 35 38 45 55 58 60 67 70 72 75 85 87 93 97 102 103 107 112 114 119 121 124 130 133 134 140 145 148 150 159 161 166 167 172 174 175 176
7 10 17 18 20 23 32 35 43 48 56 68 69 74 78 91 95 102 105 110 122 125 126 132 141 143 146 160 166 170
8 14 25 29 36 44 48 69 72 75 78 102 104 124 130 132 134 156 161 171 172 173
1 2 4 6 7 12 15 17 19 21 22 23 24 33 36 37 39 40 41 42 44 46 47 49 50 51 52 54 55 57 58 60 61 62 63 65 66 67 68 70 71 75 76 77 79 82 83 84 85 86 87 88 89 90 93 95 96 98 99 101 103 104 106 107 108 111 113 114 115 120 121 123 128 129 130 133 134 136 140 144 147 149 150 151 153 155 157 164 167 169 172 174 176 177
3 22 28 31 49 51 52 57 60 66 73 75 82 87 98 121 124 127 137 145 154 158 161 172
1 4 23 40 49 52 71 82 85 91 96 107 108 121 123 128 136 144 150 168
1 4 6 12 23 31 40 49 51 52 63 71 75 82 85 91 93 96 99 107 108 121 123 128 136 137 144 150 151 153 168
2 10 15 20 23 26 27 28 29 31 32 33 34 39 42 43 46 47 48 50 53 54 56 60 62 65 66 68 71 73 74 76 79 84 85 87 88 89 92 93 95 98 100 101 103 105 109 110 111 112 113 114 115 117 121 123 129 131 136 138 141 142 143 146 147 149 151 157 158 159 160 162 163 166 169 171
2 7 9 10 11 13 15 16 18 19 20 21 23 26 27 28 29 31 32 33 34 36 39 41 42 43 46 47 48 50 53 54 55 56 59 60 62 65 66 68 69 71 73 74 75 76 78 79 80 84 85 87 88 89 90 92 93 95 98 100 101 103 105 109 110 111 112 113 114 115 117 121 122 123 124 129 131 132 133 135 136 138 139 141 142 143 146 147 149 151 157 158 159 160 161 162 163 165 166 169 171
2 7 8 9 11 13 14 15 16 17 18 19 20 21 24 25 26 27 28 29 30 33 34 37 38 41 42 43 46 48 49 50 52 53 54 55 56 57 62 63 64 65 66 67 68 69 70 73 74 76 77 84 86 89 90 92 93 95 97 98 101 102 103 104 105 106 109 110 111 112 114 115 117 118 119 120 122 123 126 128 129 131 132 133 134 138 139 140 141 142 143 145 147 148 149 154 156 157 158 159 160 161 162 164 166 167 168 169 170 171 172 173 174 175 176
1 3 9 17 23 36 40 51 52 55 57 58 60 63 70 80 81 84 91 104 115 116 123 137 145 153 154 164 165 167 168 171 172
1 4 6 15 16 27 29 38 39 43 44 46 47 49 50 51 52 53 55 56 57 59 60 61 62 63 64 65 67 68 71 73 79 82 83 84 86 87 89 91 93 96 97 99 100 101 103 104 106 107 108 110 111 113 114 119 120 121 126 133 136 138 140 150 151 152 153 156 157 162 164 165 167 168 172 173 175 176
1 4 6 8 14 15 16 17 23 26 27 29 34 38 39 43 44 46 47 48 49 50 51 52 53 55 56 57 59 60 61 62 63 64 65 67 68 69 71 73 76 79 82 83 84 85 86 87 89 91 93 96 97 99 100 101 102 103 104 106 107 108 110 111 113 114 115 119 120 121 122 125 126 129 131 133 136 138 140 149 150 151 152 153 156 157 158 159 162 164 165 166 167 168 172 173 175 176
14 25 31 36 38 45 53 61 87 93 100 121 133 152 155 156 167 170 172
14 16 25 28 31 34 36 38 45 53 60 61 87 93 100 104 118 121 133 149 152 155 156 161 167 170 172
10 11 26 30 33 37 42 50 53 54 56 65 89 103 110 121 127 128 131 141 142 146 160
10 11 24 26 30 33 37 42 43 48 50 53 54 56 65 89 103 110 121 127 128 131 141 142 143 146 147 152 160 162
14 28 37 52 60 61 74 89 90 95 109 112 132 139 147 164 174
1 3 4 6 10 11 12 13 15 19 20 21 22 24 27 28 30 32 34 35 37 39 40 41 43 46 48 49 50 56 59 60 61 62 64 71 73 77 78 79 80 82 83 84 85 86 87 90 91 92 95 96 99 101 102 104 105 106 107 108 109 110 112 115 116 117 120 122 123 126 129 131 132 133 134 135 136 137 138 139 141 142 143 144 146 147 150 151 153 155 156 157 158 160 161 162 169 172 174
1 2 3 4 5 11 16 17 21 22 23 25 26 28 30 33 35 36 37 38 40 44 46 47 49 50 52 53 54 57 60 61 62 63 64 67 72 75 76 77 79 81 82 84 86 87 91 93 94 96 97 99 100 103 104 106 110 111 113 114 118 119 120 121 123 124 127 128 129 130 138 140 144 145 147 148 149 150 154 155 156 157 158 160 163 165 166 167 168 172 173 175 176 177
1 2 3 4 5 6 8 10 11 13 14 15 16 17 20 22 26 30 34 35 36 38 39 40 44 46 47 49 50 51 52 53 54 57 59 62 63 64 65 67 71 72 73 75 76 79 81 82 83 85 86 87 94 96 97 99 100 103 104 106 107 108 111 113 115 118 119 120 121 123 126 127 128 129 130 131 133 134 136 138 140 142 144 145 146 148 149 150 151 152 153 154 155 156 157 158 159 160 161 163 164 165 166 172 173 176
7 9 11 13 18 20 24 27 30 32 37 41 42 48 55 59 65 68 70 74 78 80 90 92 95 101 102 105 109 112 117 120 122 125 128 132 135 139 141 150 160 162 174
2 15 19 23 25 36 43 58 61 70 81 94 100 114 119 124 129 130 140 148 154 164 165 166 175 176 177
1 24 35 40 45 62 63 66 67 70 72 81 84 89 91 93 94 100 104 112 121 126 127 128 131 132 141 145 147 148 149 157 168 169 172
2 17 22 24 30 31 35 36 38 45 52 53 57 58 60 61 63 67 72 81 86 93 94 97 100 106 111 119 129 130 134 144 148 155 156 161 162 165 166 167 175 177
8 23 29 38 63 64 111 116 143 175 177
1 2 4 6 7 10 12 15 16 17 19 20 24 26 27 29 30 32 33 37 39 40 42 43 46 47 49 50 51 53 54 55 56 59 65 68 70 71 73 76 77 79 80 82 83 86 87 88 90 91 92 93 95 96 97 98 99 101 103 105 107 108 109 110 113 114 115 117 119 120 122 125 126 128 129 131 135 136 137 138 139 140 141 142 144 146 147 150 151 152 153 155 157 158 159 160 162 163 168 169 170 171 175
9 14 18 19 24 27 31 32 41 43 58 64 68 86 87 90 91 95 102 110 122 124 130 132 133 137 146 154 160 162 164 166
1 4 6 12 32 40 43 54 59 66 80 82 83 86 96 99 108 110 126 137 144 153 160 169 171
1 4 6 12 18 32 40 43 54 59 66 78 80 82 83 86 91 96 99 108 110 126 135 137 144 153 160 169 171
4 9 10 11 12 13 18 19 20 21 28 39 41 48 49 52 59 64 70 71 74 90 92 101 102 107 109 112 124 127 136 137 139 150
