#iterations	mean Measure
1	3.904974223654582E-4
501	3.844517950512979E-4
1001	4.128241123183242E-4
1501	4.4007115601566853E-4
2001	4.551453435345799E-4
2501	3.6577377638440686E-4
3001	3.056385071046471E-4
3501	3.113229994948266E-4
4001	2.736261205421459E-4
4001	2.736261205421459E-4
4001	2.736261205421459E-4
4501	2.8242654984884664E-4
5001	2.552898258348734E-4
5501	2.613299604610225E-4
6001	2.403898253999339E-4
6501	2.440970843238293E-4
6501	2.440970843238293E-4
7001	2.3115883815345655E-4
7501	2.2957782306093474E-4
8001	2.306905836723881E-4
8001	2.306905836723881E-4
8501	2.1923803965145537E-4
8501	2.1923803965145537E-4
8501	2.1923803965145537E-4
9001	2.2070537548872363E-4
9501	2.1837713959668888E-4
10001	2.1251800321741014E-4
10501	2.1461768994678832E-4
11001	2.0972143370171078E-4
11501	2.06198364571094E-4
12001	2.0661485912631803E-4
12501	2.0314055925769236E-4
13001	1.983466765082851E-4
13001	1.983466765082851E-4
13501	1.9823711459201004E-4
13501	1.9823711459201004E-4
13501	1.9823711459201004E-4
14001	1.979619605951771E-4
14501	1.9484404238301242E-4
15001	1.9141311407701E-4
15501	1.9130786284334936E-4
15501	1.9130786284334936E-4
16001	1.9070358234765647E-4
16501	1.8923356797747437E-4
17001	1.8601629117847736E-4
17501	1.8349489231209542E-4
18001	1.8231803204511954E-4
18501	1.8254149091283774E-4
19001	1.8149007677500915E-4
19501	1.799255586104369E-4
20001	1.7842349838876793E-4
20501	1.7656602472839516E-4
21001	1.7451065295329992E-4
21501	1.7257778784086734E-4
22001	1.7110822801211055E-4
22001	1.7110822801211055E-4
22001	1.7110822801211055E-4
22001	1.7110822801211055E-4
22501	1.7037504422079086E-4
23001	1.694044487692436E-4
23501	1.6832999308568182E-4
24001	1.6728424781236356E-4
24001	1.6728424781236356E-4
24501	1.6595751005469647E-4
25001	1.6501916825211995E-4
25001	1.6501916825211995E-4
25001	1.6501916825211995E-4
25501	1.6409820974923081E-4
26001	1.6337262075106986E-4
26501	1.6314127238941783E-4
27001	1.6242054646393414E-4
27001	1.6242054646393414E-4
27001	1.6242054646393414E-4
27001	1.6242054646393414E-4
27001	1.6242054646393414E-4
27501	1.6163431011117618E-4
28001	1.6145924299426894E-4
28501	1.6075322231047634E-4
29001	1.6012448979351782E-4
29501	1.5949688869380097E-4
30001	1.585874798363663E-4
30501	1.5806042136221193E-4
31001	1.5706410899707303E-4
31501	1.5664776034920996E-4
31501	1.5664776034920996E-4
31501	1.5664776034920996E-4
31501	1.5664776034920996E-4
32001	1.574548928911237E-4
32501	1.5697198155586588E-4
33001	1.5655115129877077E-4
33501	1.5553938163423133E-4
34001	1.5467927746507431E-4
34501	1.549887069996488E-4
35001	1.5445748378610969E-4
35501	1.5357437327442923E-4
35501	1.5357437327442923E-4
36001	1.526441881856787E-4
36001	1.526441881856787E-4
36501	1.5221884660179529E-4
37001	1.5159327096075754E-4
37501	1.505689509502078E-4
38001	1.4995221423963432E-4
38501	1.4951821582439976E-4
39001	1.4874076621122946E-4
39501	1.481941321640105E-4
40001	1.4787596864784214E-4
40501	1.4761008010820458E-4
40501	1.4761008010820458E-4
41001	1.4717737141802596E-4
41501	1.4656028057609483E-4
42001	1.4615004330907267E-4
42501	1.4605721311579785E-4
43001	1.453707765971209E-4
43001	1.453707765971209E-4
43501	1.4520956531435017E-4
44001	1.4443618978655687E-4
44501	1.44290471331021E-4
45001	1.4367331748257837E-4
45501	1.434226493824846E-4
46001	1.426647918720696E-4
46501	1.423040261150689E-4
47001	1.4162519213995525E-4
47501	1.4139428603805734E-4
48001	1.4070739704215662E-4
48501	1.4029616819178983E-4
49001	1.3976539717743068E-4
49001	1.3976539717743068E-4
49501	1.3956048038120728E-4
50001	1.3912668604952754E-4
50501	1.3873776086574776E-4
51001	1.3842724502523352E-4
51501	1.3782756367197534E-4
52001	1.374935825994344E-4
52501	1.3685286274825668E-4
53001	1.3650925381235697E-4
53501	1.3615836993129146E-4
54001	1.356611827220445E-4
54501	1.3525303571538597E-4
55001	1.3498524938376763E-4
55501	1.3441809830629155E-4
56001	1.3406499333755762E-4
56501	1.336453106256847E-4
57001	1.3380441406843127E-4
57501	1.338288576620939E-4
58001	1.334832223633118E-4
58501	1.3302448621393238E-4
59001	1.3267077386626817E-4
59501	1.321899253797849E-4
59501	1.321899253797849E-4
60001	1.3190216341142438E-4
60001	1.3190216341142438E-4
60001	1.3190216341142438E-4
60001	1.3190216341142438E-4
60001	1.3190216341142438E-4
60001	1.3190216341142438E-4
60001	1.3190216341142438E-4
60001	1.3190216341142438E-4
60001	1.3190216341142438E-4
60001	1.3190216341142438E-4
60001	1.3190216341142438E-4
60501	1.3155252112146166E-4
61001	1.311906926315267E-4
61501	1.3063071450620742E-4
62001	1.3019670012127236E-4
62501	1.297186768547872E-4
63001	1.2926870573365222E-4
63001	1.2926870573365222E-4
63001	1.2926870573365222E-4
63001	1.2926870573365222E-4
63001	1.2926870573365222E-4
63001	1.2926870573365222E-4
63001	1.2926870573365222E-4
63501	1.2889864857824215E-4
63501	1.2889864857824215E-4
63501	1.2889864857824215E-4
64001	1.2861192117691434E-4
64501	1.2830738765185E-4
65001	1.279004588462893E-4
65501	1.275045001378194E-4
66001	1.2708443562450884E-4
66001	1.2708443562450884E-4
66001	1.2708443562450884E-4
66501	1.266519652799591E-4
67001	1.2624924266807576E-4
67501	1.2579910157074642E-4
68001	1.2545386834580363E-4
68501	1.251612918851933E-4
69001	1.2500007818609486E-4
69501	1.245947955407422E-4
69501	1.245947955407422E-4
69501	1.245947955407422E-4
69501	1.245947955407422E-4
69501	1.245947955407422E-4
69501	1.245947955407422E-4
70001	1.2434684063776676E-4
70501	1.2429915210554194E-4
71001	1.2390021187847115E-4
71501	1.2356012878527738E-4
72001	1.231742994497786E-4
72501	1.2281790673217993E-4
73001	1.2237705071974336E-4
73501	1.2205438483547265E-4
74001	1.2169013619267252E-4
74501	1.2118979623252812E-4
75001	1.2081527538887959E-4
75501	1.2034481567193941E-4
76001	1.198619749569582E-4
76501	1.1950055867192394E-4
76501	1.1950055867192394E-4
77001	1.1926636020772493E-4
77501	1.1892733542021697E-4
78001	1.1881875182869674E-4
78501	1.1859891323130788E-4
78501	1.1859891323130788E-4
79001	1.181809469457383E-4
79501	1.1786153872881766E-4
80001	1.1748457971293106E-4
80501	1.1708124728180121E-4
81001	1.1673847148465966E-4
81501	1.1649811305877314E-4
82001	1.162375289538076E-4
82501	1.1598922128045117E-4
82501	1.1598922128045117E-4
82501	1.1598922128045117E-4
82501	1.1598922128045117E-4
83001	1.156560811978711E-4
83501	1.1539329317441984E-4
84001	1.1511131154192243E-4
84501	1.1474333833486747E-4
85001	1.1457574701163959E-4
85501	1.1430707862012387E-4
86001	1.1401314717090163E-4
86001	1.1401314717090163E-4
86501	1.1379393110840946E-4
87001	1.1352334953043302E-4
87001	1.1352334953043302E-4
87001	1.1352334953043302E-4
87001	1.1352334953043302E-4
87001	1.1352334953043302E-4
87501	1.1312859789897067E-4
88001	1.1288181383309035E-4
88501	1.1261651738464311E-4
89001	1.1231608985948881E-4
89501	1.1199815702451754E-4
89501	1.1199815702451754E-4
89501	1.1199815702451754E-4
90001	1.1171236810277873E-4
90001	1.1171236810277873E-4
90001	1.1171236810277873E-4
90001	1.1171236810277873E-4
90001	1.1171236810277873E-4
90501	1.1138388733768231E-4
91001	1.111645890560148E-4
91501	1.1096093695839433E-4
92001	1.1062233230851775E-4
92001	1.1062233230851775E-4
92501	1.1035049990746625E-4
92501	1.1035049990746625E-4
92501	1.1035049990746625E-4
92501	1.1035049990746625E-4
92501	1.1035049990746625E-4
93001	1.1005872617617327E-4
93501	1.0976688343616079E-4
94001	1.0953125091114634E-4
94501	1.0926244227452405E-4
95001	1.0904930754212303E-4
95501	1.0876050047730857E-4
96001	1.0853680157837611E-4
96001	1.0853680157837611E-4
96501	1.0845185237423435E-4
97001	1.0824300607124709E-4
97001	1.0824300607124709E-4
97001	1.0824300607124709E-4
97001	1.0824300607124709E-4
97001	1.0824300607124709E-4
97001	1.0824300607124709E-4
97001	1.0824300607124709E-4
97001	1.0824300607124709E-4
97001	1.0824300607124709E-4
97001	1.0824300607124709E-4
97501	1.0795064457647376E-4
98001	1.0774221509189557E-4
98001	1.0774221509189557E-4
98001	1.0774221509189557E-4
98001	1.0774221509189557E-4
98001	1.0774221509189557E-4
98001	1.0774221509189557E-4
98001	1.0774221509189557E-4
98001	1.0774221509189557E-4
98001	1.0774221509189557E-4
98001	1.0774221509189557E-4
98001	1.0774221509189557E-4
98001	1.0774221509189557E-4
98001	1.0774221509189557E-4
98001	1.0774221509189557E-4
98001	1.0774221509189557E-4
98001	1.0774221509189557E-4
98001	1.0774221509189557E-4
98001	1.0774221509189557E-4
98001	1.0774221509189557E-4
98001	1.0774221509189557E-4
98001	1.0774221509189557E-4
98001	1.0774221509189557E-4
98001	1.0774221509189557E-4
98501	1.0747032405563553E-4
98501	1.0747032405563553E-4
98501	1.0747032405563553E-4
99001	1.0727898342964125E-4
99501	1.0703597877352141E-4
99501	1.0703597877352141E-4
99501	1.0703597877352141E-4
99501	1.0703597877352141E-4
