1 2 3 4 5 6 8 10 11 13 14 15 16 17 18 20 24 25 26 27 28 29 30 32 33 35 37 38 39 40 41 43 44 46 47 49 50 51 52 53 54 56 58 59 60 63 64 67 68 70 71 72 73 75 77 79 80 82 83 84 85 86 87 88 89 90 91 93 94 95 96 97 98 99 100 101 102 103 106 107 108 110 111 113 114 115 118 119 120 121 122 124 126 127 128 133 134 136 137 138 139 140 141 142 144 145 146 147 148 149 150 151 152 153 155 156 157 158 160 162 163 166 168 169 170 173 175 176 177
1 6 10 12 20 26 27 30 32 37 39 46 48 49 50 51 54 56 65 68 71 78 79 80 82 83 86 88 89 91 92 95 99 103 107 110 115 117 125 128 135 136 138 144 146 147 150 162 163 169
1 2 6 10 12 17 20 24 26 27 30 31 32 33 35 36 37 38 39 40 46 47 48 49 50 51 52 53 54 55 56 57 62 65 66 67 68 71 73 76 78 79 80 82 83 84 86 88 89 91 92 93 95 96 98 99 100 101 103 104 105 106 107 108 110 112 113 114 115 117 119 120 122 125 128 131 133 134 135 136 137 138 141 142 144 145 146 147 150 151 152 153 155 156 157 158 160 162 163 165 166 169 171 172 174 175
2 16 22 23 36 70 72 76 77 81 85 87 97 100 103 104 106 111 114 119 129 132 133 140 148 149 156 161 164 165 167 175 176
8 11 16 19 20 30 37 42 45 48 54 70 72 98 101 102 105 116 117 126 129 133 141 164 176
8 9 11 16 19 20 30 31 37 38 42 43 45 48 54 70 72 74 81 98 101 102 105 116 117 126 129 133 139 141 145 154 155 161 164 176 177
1 2 3 5 11 15 17 20 21 24 26 30 33 34 35 37 40 41 42 43 44 46 47 48 49 52 53 54 55 57 60 61 62 65 67 68 70 72 73 74 75 76 84 85 86 87 89 92 93 94 97 98 100 101 102 103 105 106 109 110 111 113 114 117 119 120 123 127 128 129 131 138 140 141 144 147 148 149 156 157 158 160 162 163 168 169 171 174 176 177
5 7 20 21 24 33 42 43 53 54 63 66 74 78 80 90 92 95 98 101 105 109 122 135 139 141 143 147 148 166 168
7 10 11 18 33 55 59 66 70 78 80 105 117 122 127 171 176
7 9 11 13 14 21 24 26 27 30 41 42 48 64 74 89 90 95 102 105 109 112 122 126 128 139 147 162 171 174
3 5 8 9 14 17 19 36 47 48 60 61 69 72 74 75 81 90 93 94 102 104 106 112 125 133 149 152 154 155 164 173 174 177
1 2 3 4 6 10 12 15 16 20 21 26 27 28 29 31 34 35 39 40 44 46 47 49 50 51 53 57 58 60 62 63 65 66 67 71 73 76 77 79 80 81 82 83 84 89 90 91 93 95 96 97 98 99 103 106 107 108 110 111 113 114 115 116 117 118 120 123 126 133 136 138 140 141 142 143 144 146 147 149 150 151 153 157 158 159 160 162 165 167 169 175
5 38 59 67 103 116 130 143 164 174
5 9 23 28 34 38 45 59 64 67 76 96 100 103 107 116 125 130 134 138 143 148 159 164 166 174
1 6 9 10 15 17 26 27 30 32 40 43 47 48 56 58 66 68 78 80 86 88 90 91 92 96 98 105 110 126 128 129 131 134 135 139 144 148 160 162 171
1 4 6 10 12 18 19 21 32 39 49 51 59 69 71 77 78 80 82 83 88 99 107 122 125 135 136 137 139 146 150 151 153 171
1 4 5 6 7 8 10 12 13 14 15 16 17 20 21 23 24 26 27 28 30 32 33 34 37 39 40 41 42 46 47 49 50 51 52 53 54 55 56 57 59 62 63 64 65 66 68 71 72 73 76 77 79 82 83 84 85 86 88 89 91 93 94 96 97 98 99 101 103 104 106 107 108 109 110 111 113 114 115 117 119 120 122 123 124 126 127 128 131 136 138 141 142 143 144 146 147 149 150 151 153 155 157 158 159 160 162 166 169 170 171 174 177
5 8 13 15 16 17 20 23 24 26 27 28 29 30 31 32 33 34 35 38 39 44 46 49 50 52 53 54 55 56 60 62 63 64 65 66 67 68 72 73 76 83 84 86 87 88 89 90 92 93 94 95 97 98 100 101 103 105 111 113 114 116 118 119 120 123 127 132 134 138 140 141 142 143 145 146 148 149 152 156 157 158 159 162 163 165 166 168 172 175 176 177
23 28 34 36 58 61 64 116 129 159 161 162 163 167 172 175
2 5 9 22 23 29 31 38 45 130 134 140 165 173
17 24 30 38 49 52 53 57 60 65 67 77 89 93 97 100 106 112 119 131 159 161 165 166 168 175
17 24 25 30 35 38 45 49 52 53 57 60 65 67 69 70 77 81 89 93 97 100 104 106 112 118 119 127 129 130 131 155 159 161 165 166 168 173 174 175 177
3 5 22 29 36 38 47 49 53 57 60 62 76 82 84 85 111 127 129 140 155 156 161 164 167 172
2 5 14 41 46 75 85 92 109 140 157 161 172
2 5 9 14 41 46 58 75 85 92 109 111 116 140 157 161 163 172 173 177
5 8 14 15 16 22 28 34 52 64 69 72 75 77 84 85 93 94 116 118 120 124 129 130 132 134 140 142 145 158 161 163 164 166 167 170 175 176
1 4 6 8 9 14 15 18 19 22 26 30 31 32 36 39 50 55 59 84 91 96 98 99 107 120 124 131 132 139 144 153 171 172
7 41 78 87 133 135 152 154 161 171
1 4 5 6 7 10 13 14 16 18 19 20 21 22 24 27 28 30 32 33 34 35 37 40 41 42 48 49 50 52 54 55 62 64 65 67 68 70 71 72 77 78 79 80 83 85 86 88 89 90 91 92 95 96 97 99 101 102 103 104 105 106 107 109 110 112 116 117 120 122 123 126 128 135 136 138 139 141 144 146 147 148 150 151 152 153 156 157 161 162 174
1 6 7 10 12 16 17 19 20 22 28 30 31 32 34 37 38 39 42 45 46 48 50 52 57 60 63 64 65 70 76 79 80 84 92 95 96 97 100 102 103 104 106 108 112 114 116 120 122 123 127 128 129 130 136 137 138 140 142 143 147 151 152 153 155 156 158 159 162 163 173 174 175
1 4 6 7 10 12 16 17 19 20 22 28 30 31 32 34 37 38 39 40 42 45 46 48 50 51 52 53 55 56 57 58 60 63 64 65 67 70 71 74 76 79 80 82 84 86 89 90 92 95 96 97 99 100 102 103 104 106 108 112 113 114 116 117 120 122 123 126 127 128 129 130 136 137 138 139 140 141 142 143 144 146 147 150 151 152 153 155 156 158 159 162 163 172 173 174 175
3 5 16 17 27 28 29 31 34 41 42 58 72 75 109 130 134 143 166 167 168 177
3 4 6 12 18 26 27 39 43 51 64 68 79 82 83 91 96 99 101 107 108 110 115 116 124 135 136 137 144 150 151 153 169
14 60 67 75 84 87 104 146 170 175 176 177
11 13 21 41 43 48 49 50 55 75 80 92 98 101 102 109 110 112 115 116 122 124 125 139 145 146 147 171 172
2 3 8 22 28 31 35 36 52 58 60 67 94 106 118 123 140 154 155 156 161 164 165 175
2 15 17 26 32 35 47 49 60 63 77 80 84 87 88 89 91 98 102 110 111 113 118 128 140 156 159 161 163 168 173 175
1 2 3 5 6 8 12 15 16 17 23 24 25 27 29 31 32 33 34 35 38 39 40 42 44 45 46 47 49 51 52 53 54 55 56 57 60 61 62 63 64 65 66 67 68 70 71 75 76 77 79 83 84 86 87 89 91 93 96 97 98 99 100 103 104 106 107 108 110 111 113 114 119 120 121 123 124 126 127 128 129 130 131 134 138 140 142 143 144 148 149 150 152 153 155 156 157 158 162 165 166 168 169 172 173 175
9 11 14 37 41 48 69 72 80 81 87 112 133 145 155
1 2 3 5 6 7 8 13 14 15 16 17 18 21 22 23 24 25 26 27 28 29 30 31 32 33 34 35 36 38 39 40 42 43 44 45 46 47 48 49 50 51 52 54 55 56 57 58 59 60 61 62 63 64 65 67 69 70 71 72 73 76 77 78 79 81 82 83 84 85 86 93 94 96 97 98 100 101 102 103 104 105 106 107 108 111 114 116 118 119 120 121 122 123 124 125 126 127 128 129 131 132 134 135 136 137 138 140 142 143 145 147 148 149 151 153 154 156 157 158 159 160 161 162 163 164 165 166 167 168 169 173 174 175 176 177
1 2 3 4 5 6 8 10 12 15 17 23 26 27 29 31 32 35 36 38 39 40 44 46 47 49 50 51 52 53 54 55 59 60 61 62 63 66 67 68 70 71 72 73 75 76 77 79 80 82 83 84 85 86 87 88 90 91 94 96 97 98 99 100 101 103 107 108 110 111 113 114 115 119 120 123 124 126 127 131 132 134 136 137 138 140 144 145 146 148 149 151 152 153 156 157 158 159 163 164 167 168 169 171 172 175 176
1 11 15 20 25 26 27 33 39 40 50 52 54 56 59 63 65 67 68 76 77 79 80 83 85 86 88 89 90 95 96 99 101 103 107 110 113 114 121 126 128 132 141 144 146 148 149 151 152 153 160 162 168 169
1 4 10 11 12 13 14 15 16 17 19 20 21 25 26 27 33 39 40 44 46 49 50 52 54 55 56 57 59 60 61 63 65 67 68 70 71 72 73 74 76 77 79 80 83 85 86 88 89 90 91 92 94 95 96 99 100 101 103 104 106 107 110 113 114 115 117 121 122 126 128 130 132 133 135 136 141 144 146 148 149 150 151 152 153 155 160 162 164 168 169 170 171 173
22 25 45 63 69 75 81 100 104 121 129 145 155 165 166 172 173
9 11 24 28 29 30 43 47 48 74 78 80 86 95 105 109 112 125 130 131 135 139 152 154 165 172
2 17 28 29 31 47 57 130 140 145 164 165 167 172 175
5 16 45 61 63 72 94 100 119 133 145 167
9 41 65 84 85 94 102 112 113 133 154
3 5 26 34 35 60 62 72 76 85 94 104 111 118 122 130 148 155 156 158 159 161 167 172 174 176 177
9 19 21 40 41 43 48 53 60 70 73 78 84 87 90 94 97 102 103 104 111 112 113 132 149 154 162 165 166 168 174
