1 3 4 6 7 9 10 11 12 15 17 18 19 20 21 23 24 26 27 29 30 32 33 34 37 39 40 41 42 43 46 47 48 49 50 51 52 53 54 55 56 57 60 61 62 63 65 66 67 68 70 71 73 74 78 79 80 82 83 84 86 87 88 89 90 91 92 93 94 95 96 97 98 99 101 102 103 104 105 106 107 108 109 110 111 112 113 114 115 117 119 120 121 122 123 124 125 126 128 131 132 133 135 136 137 138 139 141 142 143 144 146 147 148 150 151 152 153 154 156 157 159 160 162 163 164 166 169 170 171 174 175 176
2 15 17 19 20 36 39 51 87 90 98 100 120 147 177
4 7 9 12 18 24 27 30 31 32 40 41 42 47 48 55 68 74 78 80 83 86 88 90 91 92 99 101 105 109 122 125 126 134 135 137 139 144 147 153 160 171
1 2 4 6 10 12 17 20 27 30 36 37 38 39 40 44 46 50 61 63 65 71 72 79 80 82 88 93 96 97 99 100 103 106 107 110 113 114 119 120 123 128 130 132 133 136 138 144 149 150 152 158 168 169
4 12 16 23 44 54 58 63 64 67 76 77 83 85 96 99 114 115 136 137 140 144 153 164 173
2 3 23 25 28 29 31 36 43 47 53 58 61 69 73 74 78 81 87 94 97 104 111 116 121 127 129 132 133 134 140 142 145 148 152 154 159 160 161 162 163 164 165 166 167 172 173 175 176
5 11 16 20 22 23 25 28 38 48 52 58 61 64 76 77 89 90 92 93 95 98 109 111 116 118 123 129 133 138 140 142 145 148 152 154 157 159 162 163 164 167 168 175
6 8 14 16 22 23 25 28 29 31 35 47 60 62 64 69 72 75 77 81 85 91 92 105 118 122 124 125 132 138 140 143 145 152 154 156 159 164 165 166 167 170 174
1 51 54 56 63 67 82 99 141 144 167 168
3 5 7 13 21 22 32 55 90 94 109 127 133 146 164 170
3 5 7 8 9 11 13 14 18 19 21 22 26 31 32 41 43 48 55 59 66 69 72 74 78 90 94 102 104 109 112 115 116 122 124 125 127 132 133 139 141 145 146 149 154 164 170 176
2 16 36 38 58 81 94 134 145 167 172
2 5 16 36 38 45 58 63 64 77 81 94 98 100 116 124 127 129 132 134 137 140 143 145 156 159 161 165 166 167 172 173 175
2 3 6 8 15 17 23 25 29 31 34 36 45 47 50 51 53 60 61 63 72 75 79 83 84 85 93 94 97 111 118 120 121 123 129 132 134 137 140 145 148 161 175 177
2 3 5 15 17 19 24 38 42 45 53 57 58 67 78 81 89 91 93 94 95 97 98 104 106 111 112 119 125 130 131 134 139 142 143 148 154 155 157 162 164 165 166 167 171 174 176
2 3 5 8 9 16 19 22 25 28 29 31 35 45 48 52 57 58 60 63 67 72 77 81 87 94 97 118 123 124 130 132 134 143 145 148 154 156 161 165 166 167 168 172
1 7 9 13 19 21 22 28 36 48 52 55 58 64 69 80 85 100 101 105 106 111 112 114 116 118 138 140 153 164 167 173 175 176
4 22 25 28 29 31 34 38 45 47 52 55 60 61 67 70 89 100 112 116 119 129 130 134 138 140 144 152 157 159 164 167 173 175
4 6 10 12 24 27 30 33 39 40 51 54 56 59 68 71 79 80 82 83 86 90 91 96 98 99 101 107 108 131 132 136 137 144 150 151 153 162 169 170 171
1 2 4 6 10 15 27 39 40 43 46 47 49 51 56 57 60 70 71 76 79 80 82 84 88 96 99 102 103 105 106 107 108 113 120 128 131 136 137 140 144 149 150 151 153 157 158 160 168 169 175
1 4 7 12 40 49 55 80 82 84 101 135 137 144 153
1 8 13 14 26 31 33 43 50 51 59 66 69 73 75 76 82 84 91 101 108 111 113 115 116 117 122 123 124 125 135 137 140 149 151 156 158 159 163 166 169 170 171 173 176
1 2 4 5 6 8 15 16 17 20 23 25 26 27 35 39 44 46 47 49 51 55 57 58 60 63 64 65 67 68 71 72 75 76 79 82 83 84 85 86 87 88 91 93 96 97 98 99 107 108 111 113 114 116 117 118 120 123 127 134 136 137 138 140 142 146 148 149 150 151 152 153 156 157 158 159 160 165 167 169 172 173 175 176
1 12 14 27 32 51 90 101 135 137 153 171
1 6 9 10 11 12 13 14 18 21 27 32 39 41 51 52 59 72 75 78 80 82 90 92 96 101 107 115 122 125 132 135 137 139 146 151 153 170 171 173
1 8 15 17 26 28 33 39 42 44 53 63 66 69 73 76 88 91 98 108 110 111 113 114 115 116 117 124 125 127 128 131 134 139 140 142 149 152 154 156 158 159 160 165 166 171 173 176
2 14 22 23 24 31 36 45 47 48 53 54 58 67 69 73 75 76 80 81 87 88 93 94 97 112 113 115 119 121 122 130 132 133 134 138 140 143 145 152 154 157 158 159 165
2 9 11 17 24 25 29 30 33 36 37 40 41 42 43 48 53 54 61 65 67 68 74 78 86 89 92 95 101 102 103 112 114 119 121 128 130 131 134 135 137 139 140 144 160 162 166 168 171
3 6 7 10 23 24 28 31 35 37 40 43 48 52 55 56 57 64 67 70 82 94 96 101 102 105 112 122 134 137 139 140 141 142 143 145 147 154 162 165 172 174
1 27 30 43 44 47 48 55 66 68 78 86 88 91 92 98 105 120 128 132 135 160 162 171
1 4 8 16 25 39 40 49 51 55 56 71 80 82 86 88 89 91 96 99 102 103 107 108 110 112 124 126 128 130 131 134 135 136 137 144 150 153 154 159 160 170 173 175 176
1 6 8 10 12 13 14 19 20 27 32 40 51 56 59 66 68 71 78 80 82 90 91 92 96 101 105 106 115 125 126 128 131 135 137 141 144 147 160 168 169 170 171 173
3 5 7 11 13 14 19 22 28 29 30 48 49 58 72 74 76 94 95 104 105 109 116 117 118 122 123 124 125 127 130 131 139 143 145 147 148 154 156 164 165 166 171 173 176 177
3 5 7 8 9 11 13 14 16 21 22 23 25 31 41 45 59 61 67 69 70 72 74 81 85 94 104 106 118 119 124 129 132 133 134 139 148 152 154 155 161 165 166 170 173 175 176 177
3 5 7 11 13 14 16 21 22 25 28 35 37 45 48 72 90 92 95 98 102 109 112 124 127 134 139 141 173 174
3 9 13 16 19 22 29 32 36 37 41 45 61 62 74 75 78 81 82 85 88 94 104 105 106 107 109 119 121 124 127 129 130 132 133 134 135 139 141 154 155 167 170 172 174
2 8 22 23 31 35 36 38 45 58 60 61 63 65 67 72 77 89 93 97 106 111 114 118 119 140 145 148 161 165 168 175
2 5 9 16 17 20 22 23 24 29 31 34 35 37 42 47 48 52 54 58 61 67 74 81 87 93 103 109 112 114 118 121 122 124 130 134 140 141 143 148 161 163 164 165 173 174 175
7 9 11 12 13 20 21 26 28 30 32 33 34 37 41 42 43 48 59 66 68 70 74 78 88 90 92 95 101 102 105 109 112 117 128 131 139 141 143 149 155 158 162 171 174 175
1 3 4 6 9 10 12 14 16 18 19 22 23 25 39 44 49 51 52 55 57 59 70 77 80 81 82 88 94 99 104 107 115 122 127 135 136 137 145 151 153 154 161 170 173
2 3 9 19 25 41 58 81 129 145 154 155 167 173
2 3 5 9 14 16 17 19 21 22 25 31 35 36 41 44 45 58 60 61 64 67 69 70 78 81 89 92 94 100 102 104 111 125 129 130 140 145 149 154 155 164 165 167 168 173 177
2 61 63 70 72 132 133 161 167 174 175
2 8 17 23 24 29 35 44 45 53 56 57 60 61 63 65 67 70 72 75 81 84 89 91 93 94 97 108 111 119 120 123 132 133 134 140 144 145 149 155 156 161 162 167 174 175
4 8 9 14 17 25 33 43 50 53 57 64 67 69 72 75 90 91 99 100 102 104 111 112 114 120 121 129 130 135 140 141 149 152 157 158 159 162 163 165 166 168 172 176
2 19 23 24 29 33 34 36 40 43 53 55 56 57 58 61 65 67 68 74 78 86 88 90 95 97 100 111 113 114 119 121 127 129 131 137 142 144 157 159 161 162 167 168 171 172
11 14 17 18 23 24 25 28 29 30 31 32 33 43 48 55 56 58 64 68 77 78 80 81 86 91 93 101 102 105 112 115 117 125 128 131 135 137 139 144 163 171 173 174
1 12 28 56 82 83 91 99 101 126 137 153
2 4 8 10 11 16 17 20 25 28 31 34 35 42 44 46 48 49 59 63 64 67 71 72 74 76 77 84 85 88 89 96 101 103 109 111 114 118 125 129 132 134 136 138 141 142 143 145 148 150 161 162 164 172
7 25 43 48 58 74 125 130 134 139 174
