1 2 4 5 6 7 8 10 12 13 14 15 16 17 18 19 20 21 23 25 26 27 32 33 34 35 36 37 38 39 40 41 42 44 45 46 47 49 50 51 52 53 54 56 59 61 62 63 64 65 66 67 68 70 71 72 73 75 76 77 79 82 83 84 85 86 87 88 89 91 92 93 94 96 97 98 99 100 102 103 106 107 108 110 111 113 114 115 116 118 119 120 121 122 123 124 126 127 128 129 132 134 136 137 138 140 141 142 144 145 148 149 150 151 153 155 156 157 158 159 160 161 163 164 166 168 169 170 171 172 173 174 175 176 177
2 3 8 9 14 16 29 46 61 64 77 85 90 95 109 117 142 143 161 163 172 176
1 4 5 16 22 29 34 35 44 51 59 69 72 73 75 77 100 103 104 111 114 116 118 120 123 132 138 142 145 154 156 158 159 164 165 167 168 173 175
1 2 4 6 7 10 12 15 17 20 26 27 32 34 38 39 40 42 44 45 46 47 49 50 51 53 54 59 62 63 65 66 67 68 71 72 73 76 79 82 83 85 86 88 91 94 96 97 99 100 101 103 104 106 107 108 110 113 114 115 119 122 123 126 131 134 136 138 143 144 146 147 148 149 150 151 153 155 156 158 160 165 169 170 171 177
1 2 4 6 7 12 15 17 19 20 23 24 25 26 27 29 30 31 33 35 36 37 38 39 40 42 43 44 46 47 48 49 50 51 52 53 54 55 56 57 58 60 61 62 63 64 65 67 68 70 71 76 79 80 82 83 84 86 87 88 89 90 91 92 93 95 96 97 98 99 100 101 102 103 105 106 108 110 111 112 113 114 117 119 120 121 123 126 128 129 130 131 133 134 135 136 138 140 141 142 143 144 146 147 148 149 150 151 152 153 155 157 158 159 160 162 163 164 165 166 168 169 172 174 175 177
2 5 9 16 17 22 23 25 29 41 47 49 57 60 63 66 70 72 73 75 76 84 93 97 98 104 111 112 119 123 124 129 138 140 145 148 155 157 158 159 160 161 164 166 175
1 2 4 6 7 8 9 10 11 12 13 14 15 17 18 19 20 21 24 26 27 28 29 30 32 33 34 37 39 40 41 42 43 44 46 47 48 49 50 51 52 53 54 55 56 57 59 63 65 66 68 69 70 71 73 74 76 78 79 80 81 82 83 84 86 87 88 89 90 91 92 93 95 96 98 99 101 102 103 105 107 108 109 110 111 112 113 114 115 116 117 120 122 125 126 127 128 129 130 131 132 134 135 136 137 138 139 141 142 143 144 145 146 147 149 150 151 152 153 156 157 158 160 162 164 166 168 169 170 171 173 174 175 176
1 3 4 5 6 7 8 9 10 11 12 13 14 15 16 18 19 20 21 22 26 27 31 32 35 37 39 41 44 45 46 48 49 50 51 52 54 55 56 59 60 63 66 68 69 70 71 72 73 74 75 76 78 79 80 81 82 83 84 85 87 88 89 90 91 92 93 94 95 96 98 99 100 101 102 103 104 105 106 107 108 109 110 111 112 113 114 115 116 117 118 120 121 122 123 124 125 126 127 132 133 134 135 136 137 138 139 141 143 145 146 147 148 149 150 151 152 153 154 155 156 158 160 161 168 169 170 171 173 174 176 177
3 5 7 8 9 11 13 14 16 20 21 25 32 34 35 41 45 56 64 68 69 72 74 77 81 85 90 92 94 105 109 118 122 124 134 135 143 145 148 154 155 161 164 166 170 173 177
2 17 19 30 40 47 54 61 78 83 86 87 88 91 92 93 115 125 128 131 147 169 174
1 2 3 4 5 6 10 11 12 13 15 16 18 19 22 26 30 32 35 37 38 39 41 42 44 46 48 49 50 51 52 54 55 58 60 63 66 67 70 71 72 73 77 78 79 80 82 83 85 86 87 90 94 96 97 99 100 101 103 106 107 108 109 110 112 113 114 115 119 120 122 123 125 128 130 133 136 137 138 144 146 147 149 150 151 152 153 155 156 157 164 168 169 170 172 177
2 17 22 23 29 36 45 63 64 69 77 116 118 129 148 155 156 161 163 164 167 175
5 9 11 18 20 21 24 25 30 31 32 43 45 46 53 60 63 72 73 74 75 76 87 89 92 105 109 112 113 125 127 130 132 133 134 138 139 140 141 145 148 150 154 156 158 161 162 163 165 166 176
1 3 4 5 8 10 11 15 17 19 20 21 22 23 24 25 28 29 30 31 35 36 37 38 40 42 43 44 45 46 47 48 49 52 53 54 55 57 60 61 62 63 65 67 69 70 71 72 74 75 76 77 78 80 81 82 83 85 86 87 88 89 90 91 92 93 94 95 96 97 98 99 100 101 102 103 104 105 106 107 109 111 112 113 114 115 117 118 119 121 123 124 125 128 129 130 131 133 134 135 136 138 140 141 142 143 144 147 148 149 150 152 154 155 156 157 158 159 160 161 162 163 165 166 167 168 171 172 173 175 176 177
1 11 14 18 19 20 26 27 30 33 51 53 54 56 59 64 66 68 69 70 73 82 86 91 92 95 96 98 108 115 116 117 122 124 125 131 138 141 147 158 163 171 174
1 12 13 20 24 26 27 30 32 33 43 47 56 68 71 78 79 80 84 88 90 92 96 101 105 110 128 132 135 141 146 150 160 176
1 2 4 5 6 10 11 12 13 17 20 27 30 34 39 40 42 44 46 49 50 53 54 55 56 57 59 60 65 68 71 72 77 79 80 82 83 85 86 88 89 90 91 92 95 96 99 100 101 103 107 110 115 117 120 122 126 128 131 136 141 144 146 147 150 151 153 160 169 171
1 2 3 4 5 6 8 10 12 13 14 15 16 17 18 22 23 25 27 29 30 31 32 35 36 39 40 44 45 47 49 50 51 52 55 57 58 59 60 61 62 63 64 65 67 69 70 71 72 75 76 79 80 81 82 83 84 85 86 87 88 89 91 93 94 96 97 99 100 102 103 104 106 107 108 110 111 114 115 117 118 119 120 121 122 123 124 125 126 127 128 129 130 132 133 134 135 136 137 138 139 140 141 142 143 144 145 146 148 149 150 151 153 154 155 156 157 158 159 161 164 166 167 168 169 170 172 174 175 177
1 3 4 5 6 7 8 9 10 11 12 13 14 15 18 19 20 21 24 25 26 27 28 30 32 33 34 35 36 37 39 40 41 42 43 44 46 48 49 50 51 52 54 55 56 57 58 59 61 63 65 66 67 68 69 70 71 72 73 74 76 77 78 79 80 82 83 85 86 87 88 89 91 92 94 96 99 101 102 105 106 107 108 109 110 111 112 113 114 115 117 118 120 122 124 125 126 127 128 130 131 133 135 136 137 139 141 143 144 145 146 147 149 150 151 153 154 155 156 158 159 160 161 168 169 170 171 172 173 174 175 176
3 11 31 36 41 61 64 87 100 104 133 143 155 165
8 9 13 14 17 24 25 26 27 29 31 43 45 60 66 69 72 73 74 76 78 80 89 92 93 97 98 102 109 111 112 113 114 115 116 121 124 125 126 135 139 140 141 149 158 159 163 166 171 176
1 3 4 5 6 7 8 10 11 12 13 14 15 16 18 20 21 22 25 26 27 28 29 31 32 35 38 39 41 42 44 46 47 48 49 50 51 52 54 56 59 60 62 63 64 65 66 67 71 72 73 75 76 77 78 79 81 82 83 84 85 87 88 89 91 92 93 94 95 96 97 98 99 100 101 102 103 104 105 106 107 108 109 110 114 115 117 118 119 120 122 124 125 126 127 130 132 133 134 135 136 138 139 141 142 143 145 146 147 148 149 150 151 152 153 154 157 158 159 160 164 165 166 168 169 170 172 173 174 176 177
3 5 7 8 9 13 19 21 29 31 41 45 55 60 63 66 69 70 72 74 75 78 84 85 92 94 95 104 111 112 118 119 124 127 132 134 135 139 140 154 161 165 166 170 172 174 176 177
3 17 22 23 24 29 31 36 38 47 53 61 62 63 67 69 81 84 86 94 100 103 104 106 111 113 114 119 121 123 133 134 149 152 154 155 157 159 161 162 163 165 167 172 173
3 8 9 11 15 19 21 25 28 29 31 37 48 58 63 74 75 78 81 84 88 90 92 95 98 102 109 112 118 132 133 134 135 139 143 145 152 154 173 174 175 176
1 4 6 7 8 9 10 11 12 15 17 19 20 21 22 23 24 25 26 27 29 30 32 33 35 36 37 38 39 40 42 43 45 46 47 48 50 51 52 53 54 55 56 57 63 64 65 66 68 70 71 73 74 76 78 79 80 82 83 84 86 87 88 89 90 91 92 93 94 95 96 98 99 101 102 103 105 106 107 108 109 110 111 112 113 114 115 116 117 120 122 123 125 126 128 129 130 131 133 134 135 136 137 138 139 140 141 142 143 144 145 146 147 148 150 151 153 157 158 159 160 162 163 164 165 166 168 169 171
1 2 24 27 30 32 33 42 49 50 52 54 55 56 57 62 63 64 65 68 70 72 80 82 83 84 86 88 89 91 92 93 97 99 103 106 110 119 120 123 126 127 128 131 135 142 146 151 157 160 161 162 167 169 177
1 3 4 5 8 10 11 13 15 19 20 21 22 27 32 33 35 37 46 47 48 50 52 54 55 59 60 64 70 72 76 82 85 87 88 89 90 98 103 105 114 117 120 121 122 124 125 126 132 133 134 135 136 138 139 141 146 149 150 152 156 157 163 168 171 173 177
3 4 5 6 10 12 13 15 16 17 18 20 21 22 23 24 25 26 27 28 29 30 31 32 33 34 35 36 37 38 40 44 45 46 47 49 50 51 52 54 55 56 58 60 61 62 63 64 66 68 69 71 72 73 74 75 79 80 81 82 83 85 86 87 89 90 92 93 95 96 97 99 100 101 103 104 106 107 108 110 114 116 118 119 121 122 123 124 125 126 127 128 130 133 134 135 136 137 138 140 141 142 143 144 145 146 147 148 150 151 153 157 158 159 160 162 163 164 165 166 167 168 169 170 171 172 173 175 177
1 10 11 13 17 20 24 27 32 33 41 42 43 48 52 54 59 68 69 74 77 78 80 88 90 91 92 101 103 105 110 112 115 121 122 125 130 134 135 139 141 147 160 169 170 171 174
2 3 5 6 8 9 14 23 25 29 31 49 51 52 60 69 70 72 75 76 77 85 98 108 111 118 120 124 127 132 134 137 138 143 145 148 158 161 166 167 171 173 175 176 177
1 7 9 10 11 12 13 14 18 20 21 26 27 30 33 41 43 54 56 59 66 68 70 71 73 74 86 90 91 92 105 108 109 110 112 115 117 122 125 131 135 141 144 158 170 171 174
1 3 4 5 6 8 9 10 11 12 13 14 15 16 18 19 20 21 22 25 26 27 30 32 35 36 37 38 39 40 45 46 48 49 50 51 52 55 58 59 62 63 65 66 67 70 71 72 73 74 76 78 79 80 81 82 83 85 87 88 89 90 91 94 96 98 99 100 101 102 103 104 106 107 108 110 111 112 113 114 115 116 117 118 121 122 124 125 126 128 130 131 133 135 136 137 139 141 144 145 146 147 148 149 150 151 152 153 154 155 156 157 159 163 164 165 166 167 168 169 170 171 172 173 174 176 177
1 2 4 5 6 7 9 10 11 12 13 14 15 16 17 18 19 20 21 22 24 26 27 30 31 32 33 35 36 37 39 40 41 42 43 44 46 48 49 50 51 54 55 56 57 58 59 60 61 62 64 65 66 67 68 70 71 72 73 74 76 77 78 79 80 82 83 86 88 89 90 91 92 94 95 96 98 99 101 102 103 105 106 107 108 109 110 112 113 114 115 117 121 122 124 125 126 127 128 130 131 132 133 134 135 136 137 138 139 140 141 143 144 146 147 148 149 150 151 153 154 157 160 162 163 164 168 169 171 172 174 176
11 15 20 21 23 24 28 30 31 34 37 42 48 53 57 58 63 64 65 74 89 90 92 95 98 100 105 109 112 119 127 130 139 141 142 143 147 148 154 162 166 167 168 174 175
1 8 13 14 21 26 31 50 51 56 59 66 69 73 76 82 83 91 94 101 105 108 115 117 122 123 124 125 133 135 137 142 149 151 154 158 159 163 169 170 171 173 176
2 3 5 7 8 9 11 13 15 16 17 19 20 21 22 23 24 25 26 28 29 30 31 33 34 35 36 37 38 41 42 43 44 45 46 47 48 49 50 52 53 54 56 57 58 59 60 61 62 63 64 65 67 68 69 70 72 73 74 75 76 77 78 81 84 85 86 88 89 90 92 93 94 95 97 98 100 102 103 104 105 106 109 110 111 112 113 114 116 117 118 119 120 121 122 123 124 125 127 128 129 130 131 132 133 134 138 139 140 141 142 143 145 147 148 149 152 154 155 156 158 159 161 162 163 164 165 166 167 168 169 172 173 174 175 176 177
1 4 6 10 14 18 40 54 55 64 77 79 80 82 83 88 90 91 96 99 101 107 108 115 116 120 122 125 126 135 137 138 142 144 150 151 153 160 170
4 7 9 18 31 40 41 55 66 70 73 98 115 117 147 154 160 162 167 172
3 9 14 16 18 19 21 24 31 35 44 48 58 70 80 81 90 93 94 102 104 109 112 128 130 133 149 160 166 173 174 175 176
5 16 28 31 48 58 64 78 112 116 125 127 130 143 164 166 167
3 8 13 14 16 22 25 45 69 75 81 104 129 132 145 154 173
2 3 4 5 17 23 28 30 34 36 40 45 51 61 63 64 69 72 77 82 85 93 116 119 123 124 130 138 142 144 151 161 162 164 175 177
1 4 6 12 17 18 23 27 32 33 39 40 51 56 64 68 71 79 80 82 83 84 86 99 100 101 104 108 126 128 136 137 144 150 151 153 154 158 163 169 171
1 2 3 4 5 6 7 11 12 14 16 17 18 19 20 22 23 24 25 27 28 29 30 31 32 34 35 38 39 41 42 43 44 45 47 48 49 50 51 52 54 55 56 57 58 59 60 61 62 64 65 66 67 68 69 70 71 72 74 75 77 78 79 80 81 82 83 84 85 86 88 89 90 92 93 95 96 97 99 100 101 102 103 104 105 106 107 108 109 110 116 117 118 119 120 122 123 125 126 128 129 135 136 137 138 140 141 142 143 144 145 146 147 148 150 151 153 156 157 161 162 163 164 166 167 168 169 171 174 175 177
1 2 4 6 7 10 13 15 16 17 18 23 26 27 32 33 37 38 39 42 46 49 50 51 52 55 56 61 62 63 64 65 66 67 68 71 72 75 79 80 82 83 84 86 88 89 91 93 96 97 98 100 101 102 103 105 106 110 113 114 115 119 120 122 128 131 136 139 141 142 143 144 146 148 149 150 157 158 160 161 162 163 166 168 169 170 171
1 4 13 20 39 40 49 60 62 65 71 72 75 79 83 84 87 90 99 106 107 109 110 114 120 123 126 136 141 151 157 164 169 173 177
3 5 7 13 14 16 18 22 23 25 29 31 33 35 41 58 59 68 72 78 81 91 92 94 101 105 106 116 117 118 122 124 125 129 130 134 135 145 148 154 161 164 165 170 173 174 177
1 4 5 6 7 8 9 10 11 12 13 15 17 19 20 21 23 24 26 27 28 29 30 32 33 34 35 37 39 40 41 42 43 44 46 48 49 50 51 53 54 55 59 62 63 64 65 66 67 68 69 71 73 74 76 77 78 79 80 82 83 84 86 87 88 89 90 92 95 96 98 99 101 102 103 105 107 108 109 110 111 112 113 114 115 116 117 118 122 123 125 126 128 129 130 131 132 134 135 136 137 138 139 141 142 143 144 146 147 148 149 150 151 152 153 156 157 158 159 160 161 162 163 164 165 166 168 169 171 174 175
1 3 4 6 8 10 11 12 13 14 15 17 20 21 23 26 27 28 29 30 33 34 35 39 40 42 43 44 46 47 49 50 51 52 53 54 55 59 60 61 62 63 64 65 66 67 68 69 70 71 72 73 75 76 77 79 81 82 83 84 85 86 87 88 91 93 94 95 96 97 98 99 100 101 103 104 106 107 108 111 113 114 115 116 117 118 119 120 121 122 123 126 127 128 132 133 136 137 138 139 140 142 143 144 146 147 149 150 151 152 153 154 155 156 157 158 159 160 162 163 166 167 168 169 170 171 174 175 176
