760 1063 6585 7528 9293 10820 13732 14143 14664 15200 15861 17871
1580 2467 3236 3289 3524 3777 4123 4885 7044 10429 11126 12345 13063 13961 14475 14703 16048 16059 16144 16252 16525 17180 17472 17633
239 560 1034 1491 1698 2479 3441 5134 6188 6513 7779 8663 10549 11529 13432 14453 15905 17700
248 303 1327 2205 2539 5624 7746 8326 8673 9301 9444 13241 13947 15184 16075 16948 17238 17480 17794
7 184 1575 1737 1979 1990 1995 2625 2636 2660 2736 3328 3539 3784 3854 4111 4747 5084 5095 5100 5211 5390 5450 5488 5577 5873 6125 6230 6615 6785 6793 6802 6843 6867 6945 8112 8121 8198 8207 8387 8396 8489 8544 8581 9225 9259 9453 9771 10018 10495 10548 10576 10714 10917 11210 11939 12096 12404 12515 12524 12757 12821 12846 12857 12874 13064 13314 13600 13735 13885 13977 14151 14329 14875 14905 15127 15136 15190 15464 15466 15898 15914 16292 16379 16529 16626 16659 17222 17378 17587 17597
1005 2049 2544 3474 4153 4495 5012 6556 9467 12304 12633 16042 16414 16687 16748 16994 17187 17412
355 387 1346 1781 2302 2688 2982 3223 3295 3659 3736 3905 4418 4705 4793 4905 5523 5597 6198 6426 6814 6954 7056 7581 7780 8081 8364 8942 9457 10998 11127 11333 12277 12370 12451 12639 12672 14611 15118 15369 15508 16202 17433 17456
453 679 1593 2747 3003 3897 5508 6079 7774 8061 8393 9539 10061 10540 10648 10711 13920 14872 16643 16953 17717
241 2442 3561 4756 4831 6043 7164 7472 13463 17645 17671
1453 4149 6916 8031 8088 10610 10944 12773 13955 15079 16937 17357 17449 17570 17663
2527 4118 4297 4852 6049 11140 11141 11582 12884 13439 14109 14341 15740 17006 17208
159 1123 3256 3745 3995 5261 8754 9785 10150 13331
2356 2910 3154 4075 4655 6404 8659 9509 11747 12229 14288
1173 3259 5967 6220 7090 7691 11330 12691 13183 14137
1691 4285 5600 5715 6357 6824 7223 9516 10310 11823 13663 15685
194 3687 3884 4117 4455 9131 12502 13302 15011 17814
1395 2882 2974 4716 7332 7347 7814 8835 14792 15337
204 672 689 913 972 2075 2114 4134 4789 5319 6159 6801 6892 7651 10146 10887 11026 12373 13137 14096 14159 14518 15468 17319
782 4921 6135 6687 6719 8836 10153 11773 13167 13464 14612 14889 14996
4969 5393 6130 6951 13215 13523 14176 14277 15980 16893 17504
346 1225 5841 6683 7808 8431 9931 11342 13155 13609 13709
749 1561 4351 5169 5470 5783 10074 12469 12507 13886 15719 16317
159 3256 3995 7668 8754 10076 10150 11236 15356 16498
1580 3236 3289 3524 4885 7044 11126 13961 16048 16144 16525 17180 17472 17633
5968 7012 7658 7758 9349 9529 14308 14680 15872 16398
2386 4889 5155 5731 10070 10188 10864 15776 16733 17109
771 2048 3331 4980 7003 7455 11504 13597 15792 17966
1562 2204 4272 4348 5202 5209 5218 5908 7176 7733 8107 8312 9184 9909 10421 10965 11298 12712 13639 14254 15847 16871
69 597 1619 6392 7791 10309 12426 13282 14351 14759 15581 15612 16349 16411
236 1252 1253 1438 1476 1490 1574 1970 2012 2179 2349 2469 2685 2695 2928 2956 3672 3845 3908 4270 4385 4514 4560 4578 4604 4680 5036 5163 5740 6023 6083 6169 6491 6632 7531 7670 7712 7716 8089 8530 8610 8618 8647 8705 8712 8731 8886 8984 9375 9733 9844 10064 10179 10645 10736 10792 10853 10931 11485 12092 12247 13206 13278 13304 13714 13732 14745 14908 15103 15128 15174 15669 15752 15861 16150 16561 16770 16806 17158 17332 17362 17534 17911
3303 3956 9092 9342 10009 10432 14056 15687 16837 17760 17848
571 1685 2064 2678 4282 4314 5092 10960 11281 17662
440 1935 2392 5056 5768 6080 6313 11020 11149 15365 17741
4018 6668 7635 8104 9111 9473 10435 11064 12514 12559 14120 14295 14665 14729
476 520 562 1389 1410 2025 2806 4221 5256 6512 6566 7035 9087 10168 11743 13489 13755 13954 14167 14270 14757 14861 15516 15522 16461 16765 17148 17397 17550
307 1189 4002 4096 5186 8149 8865 14581 15099 15266
690 1203 2049 2544 3474 3986 5012 6556 8600 11252 11804 12429 12633 15796 15951 16414 16607 16687 16895 16994 17467
6177 6990 7179 9245 11658 11795 14387 15129 15338 16668
1562 2204 4272 4348 5209 7176 7733 8107 8312 10965 12712 13639 15847 16871
7024 7234 7348 8588 10461 13785 15096 16087 16836 17763
1664 3208 3781 6346 6907 8694 9052 9393 11492 12887 15963 17039 17515 17972
1059 1310 3341 3771 5264 7283 9201 11365 16228 17909
1850 2630 3959 8780 8876 9986 10005 11535 12164 14322 14503
1377 4607 5393 8486 8639 10328 10701 13842 14660 14769
716 1515 5236 5245 5486 6745 7080 8624 8922 11862 13473
255 1314 3057 5157 9050 10178 10445 12207 12830 15076 16033
2246 2330 3057 3466 4501 5095 5963 6871 8434 11031 11667 12761 13238 14079 15329 16234
762 1180 3369 4171 4313 7687 8286 9441 11342 13799 16475 17449
1160 1655 3722 4414 4773 6983 8049 8547 8809 9904 11541 13538 13733 14613 14646
1695 6356 6699 9350 10368 11684 14008 14194 16814 16883 17498
