2449 3004 3169 3582 3797 3825 4651 5357 5979 5982 6018 8162 8889 9232 10674 11311 11669 12114 12152 12675 12774 13442 13751 14650 14807 15564 15573 16827 16925 17380 17497 17771
122 820 4322 5080 6627 7602 8408 12840 14336 17335
7 98 131 184 233 462 486 509 934 1575 1867 1935 1995 2167 2288 2567 2589 2625 2660 3328 3452 3666 3784 3854 3981 4250 4457 4555 4747 4929 4938 5100 5104 5211 5450 5577 5958 6230 6777 6957 7297 8112 8121 8143 8434 8581 8798 8811 8843 8977 9225 9771 10018 10061 10290 10495 10536 10679 10714 11357 11382 11728 12515 12524 12613 12874 12875 13308 13314 13517 13577 13600 13852 13931 13950 14329 14441 15136 15190 15464 15898 16234 16283 16285 16292 16379 16529 16626 16873 16900 17033 17378 17587 17597 17796
2014 2756 3116 4880 6309 6417 6853 9261 10164 12063 14912 15621 16253 16347 16737 17106 17150 17665
188 1639 2333 2749 4041 4623 4759 5474 6849 9123 10755 11232 12095 13090 13269 13899 16081
1005 2049 2544 3474 4153 4495 5012 6556 9467 12304 12633 16042 16414 16687 16748 16994 17187 17412
463 1969 3080 3438 4285 4471 4723 5600 5715 6357 7111 7223 8238 8484 9064 9269 9516 10310 11308 11823 13243 13688 13770 13997 14103 15517 15685 16465 17300 17752
1974 3402 4090 4669 5187 5306 6682 7125 8343 8860 9654 9731 10417 10493 10993 12616 13248 13646 13813 15649 16545 16756
811 1386 2673 6037 9091 9394 10477 10650 11098 14370 15513 16479 17313
898 3224 3758 3996 4572 6141 6614 7938 10179 14412 15224 15598 15644
4118 4297 4852 6049 11140 11582 13439 14109 14341 15740 17208
2119 2435 5108 8069 8647 10222 11226 11253 12761 15131
3174 8929 12432 12438 12611 12817 13870 13887 13896 14007 14571 14959 17098 17636
890 1814 2426 3991 4655 5793 7863 10669 11445 14739
2331 2719 4463 8667 10707 12664 13444 14161 14736 15210 15873 16615
48 303 530 853 1907 3085 3884 4796 5045 5096 5640 6159 6979 7126 7364 9427 9940 10778 10911 10967 11213 11565 12283 12680 12942 13405 15579 15653 16340 16637 17415
1479 2204 4348 5209 5218 5220 6068 9184 9909 12585 12712
410 1556 2004 2119 2695 6169 8712 9597 10378 10853 12247 13377 15089 15174 16998
3109 4600 5411 6101 6967 6987 7326 8092 8621 9377 9574 9754 10311 10463 10996 11448 11694 11912 12067 14830 14981 15121 15931 16500 16843 16868 17354
1180 2287 3222 3369 4171 8286 8431 9288 9931 10428 12138 13155 13777 15362 16261
40 130 181 414 440 513 551 755 830 939 1005 1059 1081 1203 1692 1902 1921 2049 2074 2320 2330 2384 2567 2628 2834 2842 2976 3057 3159 3239 3328 3392 3445 3552 3754 3771 3887 3896 4106 4207 4262 4332 4471 4775 4790 4851 4981 5022 5358 5515 5557 5652 5757 5770 6143 6194 6334 6357 6463 6519 6536 6546 6732 6843 7041 7401 7452 7803 7849 7973 8226 8420 8519 8609 8612 8718 8927 8954 9060 9122 9126 9453 9771 9873 9907 9916 9948 9985 10317 10491 10551 10707 10912 10934 11022 11080 11266 11618 11692 11771 11823 11863 12387 12406 12504 13143 13211 13243 13452 13591 13905 13999 14110 14302 14362 14374 14539 14612 14716 14838 15022 15199 15374 15440 15748 15766 15796 15800 15868 15891 16445 16463 16607 16615 16628 16822 16892 17284 17359 17389 17475 17861 17968
247 3303 3956 9092 9335 9342 10009 10432 11206 14056 14926 15687 16837 17760 17848
549 5264 7973 8608 9201 11365 12289 13974 16228 17909
213 1389 1797 1987 2475 2791 2858 3687 4289 4519 7629 8555 10184 11868 14181 15974 16279
6130 10486 11922 12194 13215 13341 14176 16893 17081 17504
2449 3004 3169 3582 3797 5357 6018 10674 11669 12675 13442 13751 14650 14807 15564 16827 16925 17771
4975 6388 7300 7366 8186 8249 10268 11511 12343 14482
1026 1445 3596 6467 7277 8096 8971 13069 14471 16269
1511 2858 5286 6439 7601 8220 10946 10999 11980 12039 12982 13274 13297 14841 15154
2093 3487 5431 8687 10309 12426 12622 12976 14824 16275 16411 17725
808 4723 5018 7717 8785 9990 10445 11080 12340 13480 13806 14092 14838
316 3170 4975 5825 5967 9257 10461 10787 11016 11217 16813 17429
1864 3698 3898 6188 9410 9988 10102 12673 13697 14729 14744 15093 15727
662 1006 2130 3217 4277 11875 12278 13530 14882 15921
2027 2125 3089 3307 5735 7879 8753 9510 10058 12281 14640
791 4485 5402 6836 8723 11812 13148 14557 16847 17511 17555
547 1157 2456 3319 6730 7464 7978 9749 11976 12750 12922 14469
178 851 1276 2470 4174 5051 5489 6936 7800 12341 13654 14172 15775 15962 16136 17963
1173 3259 5967 6220 7090 7691 11330 12691 13183 14137
173 1378 5647 7723 8865 10411 11344 12991 16086 16881
764 1145 1709 2579 3270 3971 4498 5385 5738 7975 8044 8470 10095 12526 15584 16399
1479 1562 1732 4272 4348 4637 5220 7733 8312 11197 15847
504 3630 4199 4753 6678 11384 11591 13038 13059 15722
248 303 1327 1603 2205 2539 5624 7746 8326 8673 9301 9444 10419 13241 13947 15184 16075 16948 17238 17480 17794
2310 2798 3424 8980 11649 12860 13020 14547 14898 14986 15823 17173
1125 1852 3170 4301 7147 7905 9598 13129 14630 15180
355 387 1346 1781 2302 2688 2982 3223 3295 3736 4418 4705 4793 4905 5523 5597 6198 6426 6814 7056 7581 7780 8081 8364 8942 9457 10998 11127 11333 12277 12370 12451 12639 12672 14611 15369 16202 17456
242 1206 1625 1878 1954 3332 4284 4644 5296 7715 9368 10731 11995 13204 14960 17247
3568 6173 10439 10778 11255 11313 12949 12973 14773 15473
2798 3424 4546 8980 9500 11303 12860 13020 14898 14986 15823 15896 16233
