Description	Target	Measure	E11	E10	E01
["""ENSG00000118363""" = 0.0]	[Target]	0.0	0.0	132.0	0.0
["""ENSG00000108654""" = 0.0], ["""ENSG00000115461""" = 0.0]	[Target]	0.0	0.0	96.0	0.0
["""ENSG00000148677""" = 0.0], ["""ENSG00000166851""" = 0.0]	[Target]	0.0	0.0	108.0	0.0
["""ENSG00000061794""" = 1.0], ["""ENSG00000185942""" = 1.0]	[Target]	0.0	0.0	13.0	0.0
["""ENSG00000140941""" = 1.0], ["""ENSG00000188710""" = 0.0]	[Target]	0.0	0.0	33.0	0.0
["""ENSG00000092200""" = 0.0], ["""ENSG00000126787""" = 0.0], ["""ENSG00000161267""" = 0.0]	[Target]	0.0	0.0	79.0	0.0
["""ENSG00000070366""" = 1.0], ["""ENSG00000178921""" = 1.0]	[Target]	0.0	0.0	24.0	0.0
["""ENSG00000035403""" = 0.0], ["""ENSG00000006534""" = 1.0], ["""ENSG00000205863""" = 0.0], ["""ENSG00000140937""" = 1.0], ["""ENSG00000115598""" = 0.0]	[Target]	0.0	0.0	11.0	0.0
["""ENSG00000146166""" = 1.0], ["""ENSG00000122133""" = 0.0]	[Target]	0.0	0.0	34.0	0.0
["""ENSG00000121454""" = 1.0], ["""ENSG00000256269""" = 1.0], ["""ENSG00000163743""" = 0.0]	[Target]	0.0	0.0	10.0	0.0
["""ENSG00000171914""" = 1.0], ["""ENSG00000165233""" = 0.0]	[Target]	0.0	0.0	39.0	0.0
["""ENSG00000222046""" = 0.0], ["""ENSG00000198211""" = 0.0], ["""ENSG00000104979""" = 0.0], ["""ENSG00000197021""" = 1.0]	[Target]	0.0	0.0	13.0	0.0
["""ENSG00000255641""" = 1.0], ["""ENSG00000120729""" = 1.0]	[Target]	0.0	0.0	12.0	0.0
["""ENSG00000153029""" = 0.0], ["""ENSG00000270033""" = 1.0]	[Target]	0.0	0.0	27.0	0.0
["""ENSG00000115548""" = 0.0], ["""ENSG00000136830""" = 0.0]	[Target]	0.0	0.0	97.0	0.0
["""ENSG00000032389""" = 1.0], ["""ENSG00000171448""" = 1.0]	[Target]	0.0	0.0	11.0	0.0
["""ENSG00000127328""" = 0.0], ["""ENSG00000168447""" = 0.0]	[Target]	0.0	0.0	94.0	0.0
["""ENSG00000103197""" = 1.0], ["""ENSG00000164061""" = 1.0]	[Target]	0.0	0.0	25.0	0.0
["""ENSG00000260092""" = 0.0], ["""ENSG00000196312""" = 0.0]	[Target]	0.0	0.0	105.0	0.0
["""ENSG00000184254""" = 0.0], ["""ENSG00000105063""" = 1.0]	[Target]	0.0	0.0	44.0	0.0
["""ENSG00000166501""" = 1.0], ["""ENSG00000102226""" = 1.0]	[Target]	0.0	0.0	10.0	0.0
["""ENSG00000104883""" = 1.0], ["""ENSG00000182492""" = 1.0]	[Target]	0.0	0.0	17.0	0.0
["""ENSG00000181773""" = 0.0], ["""ENSG00000016490""" = 0.0], ["""ENSG00000128609""" = 0.0]	[Target]	0.0	0.0	82.0	0.0
["""ENSG00000270099""" = 0.0], ["""ENSG00000144036""" = 1.0], ["""ENSG00000100380""" = 0.0], ["""ENSG00000104388""" = 0.0], ["""ENSG00000136997""" = 0.0]	[Target]	0.0	0.0	13.0	0.0
["""ENSG00000100219""" = 1.0], ["""ENSG00000136936""" = 0.0]	[Target]	0.0	0.0	32.0	0.0
["""ENSG00000123200""" = 0.0], ["""ENSG00000185775""" = 0.0]	[Target]	0.0	0.0	101.0	0.0
["""ENSG00000100784""" = 1.0], ["""ENSG00000088881""" = 0.0]	[Target]	0.0	0.0	28.0	0.0
["""ENSG00000183684""" = 0.0], ["""ENSG00000187912""" = 0.0], ["""ENSG00000171954""" = 0.0], ["""ENSG00000163794""" = 0.0], ["""ENSG00000114120""" = 0.0]	[Target]	0.0	0.0	45.0	0.0
["""ENSG00000143570""" = 1.0], ["""ENSG00000177186""" = 0.0], ["""ENSG00000167642""" = 0.0], ["""ENSG00000100079""" = 0.0]	[Target]	0.0	0.0	20.0	0.0
["""ENSG00000115274""" = 1.0], ["""ENSG00000101447""" = 1.0]	[Target]	0.0	0.0	13.0	0.0
["""ENSG00000198483""" = 0.0], ["""ENSG00000178279""" = 0.0]	[Target]	0.0	0.0	125.0	0.0
["""ENSG00000119919""" = 1.0], ["""ENSG00000164038""" = 1.0]	[Target]	0.0	0.0	16.0	0.0
["""ENSG00000284299""" = 1.0], ["""ENSG00000107537""" = 0.0], ["""ENSG00000134765""" = 0.0], ["""ENSG00000104863""" = 0.0], ["""ENSG00000171195""" = 0.0]	[Target]	0.0	0.0	20.0	0.0
["""ENSG00000183291""" = 0.0], ["""ENSG00000006071""" = 1.0], ["""ENSG00000180190""" = 0.0]	[Target]	0.0	0.0	22.0	0.0
["""ENSG00000171132""" = 0.0], ["""ENSG00000186479""" = 0.0]	[Target]	0.0	0.0	100.0	0.0
["""ENSG00000122884""" = 1.0], ["""ENSG00000105122""" = 1.0]	[Target]	0.0	0.0	10.0	0.0
["""ENSG00000137880""" = 0.0], ["""ENSG00000125845""" = 1.0]	[Target]	0.0	0.0	39.0	0.0
["""ENSG00000187522""" = 1.0], ["""ENSG00000166682""" = 0.0], ["""ENSG00000125831""" = 0.0], ["""ENSG00000270800""" = 0.0]	[Target]	0.0	0.0	24.0	0.0
["""ENSG00000111199""" = 0.0], ["""ENSG00000008283""" = 1.0], ["""ENSG00000205922""" = 0.0], ["""ENSG00000173852""" = 0.0]	[Target]	0.0	0.0	20.0	0.0
["""ENSG00000101782""" = 1.0], ["""ENSG00000153113""" = 0.0]	[Target]	0.0	0.0	27.0	0.0
["""ENSG00000100583""" = 1.0], ["""ENSG00000083812""" = 0.0]	[Target]	0.0	0.0	29.0	0.0
["""ENSG00000259371""" = 1.0], ["""ENSG00000140986""" = 1.0]	[Target]	0.0	0.0	13.0	0.0
["""ENSG00000109193""" = 1.0], ["""ENSG00000168484""" = 1.0]	[Target]	0.0	0.0	12.0	0.0
["""ENSG00000131165""" = 1.0], ["""ENSG00000147650""" = 0.0]	[Target]	0.0	0.0	31.0	0.0
["""ENSG00000117114""" = 0.0], ["""ENSG00000260456""" = 1.0]	[Target]	0.0	0.0	37.0	0.0
["""ENSG00000152093""" = 1.0], ["""ENSG00000099940""" = 1.0]	[Target]	0.0	0.0	13.0	0.0
["""ENSG00000116791""" = 0.0], ["""ENSG00000259164""" = 0.0], ["""ENSG00000144589""" = 0.0], ["""ENSG00000177182""" = 1.0]	[Target]	0.0	0.0	29.0	0.0
["""ENSG00000140563""" = 1.0], ["""ENSG00000161914""" = 1.0]	[Target]	0.0	0.0	16.0	0.0
["""ENSG00000154240""" = 1.0], ["""ENSG00000005206""" = 0.0], ["""ENSG00000116005""" = 1.0], ["""ENSG00000101197""" = 0.0]	[Target]	0.0	0.0	20.0	0.0
["""ENSG00000152503""" = 1.0], ["""ENSG00000106049""" = 0.0]	[Target]	0.0	0.0	39.0	0.0
