1 2 4 6 7 9 10 11 12 13 14 15 16 18 19 20 21 22 24 26 27 29 30 31 32 33 36 37 38 39 40 41 42 43 44 46 47 48 49 50 51 52 53 54 55 56 58 59 60 62 64 65 66 67 68 70 71 73 74 76 77 78 79 80 81 82 83 84 85 86 88 89 90 91 92 93 95 96 97 98 99 100 101 102 103 105 107 108 109 110 111 112 113 114 115 117 122 123 125 126 128 129 131 132 135 136 137 138 139 141 142 143 144 146 147 149 150 151 152 153 157 160 161 162 163 164 165 168 169 171 172 174
1 3 4 5 6 10 11 15 17 19 21 24 26 27 28 29 30 34 36 37 40 42 44 46 48 49 52 53 54 55 57 58 61 64 65 66 67 71 72 74 75 77 86 87 88 90 92 95 96 98 100 103 104 106 107 108 109 110 111 112 113 116 119 120 121 125 126 127 128 131 133 136 138 139 140 141 142 143 146 147 148 149 150 152 154 155 156 158 163 164 165 166 167 171 175 176
1 2 3 4 6 7 10 11 12 13 15 18 19 20 21 24 26 27 30 33 36 37 39 40 41 42 43 50 51 52 53 55 57 60 61 62 65 66 67 68 70 71 72 73 74 78 79 80 81 82 84 86 87 88 89 90 92 93 94 95 96 98 99 101 102 103 105 106 108 109 110 113 114 117 119 120 121 122 124 126 127 130 131 132 133 134 136 139 141 144 146 147 149 150 151 152 153 155 160 162 164 168 169 170 171 172 174 176
5 8 25 34 72 75 94 104 133 148 154 175 177
5 17 18 26 27 34 36 43 49 59 72 74 75 85 96 99 107 108 110 111 115 125 126 129 132 137 144 148 151 167 169 174 175
1 2 3 4 6 10 12 15 17 24 26 27 30 32 33 37 39 40 41 42 44 47 49 50 51 54 59 60 66 67 71 73 79 80 82 83 84 86 88 89 90 91 92 93 96 98 99 103 105 106 107 108 109 110 113 114 115 120 123 126 128 131 132 133 134 135 137 139 141 143 144 150 151 153 157 160 169 171 177
9 11 21 22 36 41 43 48 58 74 78 90 92 95 98 109 112 130 134 139 145 164 167 171
23 36 57 60 75 93 121 124 129 140 161
3 5 23 26 29 31 34 38 49 58 64 67 69 73 78 82 93 94 102 117 122 124 134 143 147 148 154 157 158 159 165 171 176 177
22 25 28 31 121 130 133 152 164 165
1 4 6 10 12 18 39 40 51 55 71 78 79 80 82 83 88 90 95 96 99 101 107 108 115 125 126 135 136 137 144 146 150 151 153 160 164 169 171
3 15 16 72 81 104 106 145 149 172 174 176 177
5 11 21 28 29 50 76 109 117 124 125 130
4 14 15 16 23 25 29 42 44 58 63 64 70 87 97 111 116 123 126 127 130 140 159 161 167 168 173
1 4 6 10 12 15 17 23 26 27 30 32 34 36 38 39 40 42 44 46 49 50 51 52 53 54 55 56 59 62 63 65 66 67 71 73 76 79 80 81 82 83 85 86 88 89 91 93 96 98 99 101 103 104 106 107 108 110 113 114 115 117 118 120 121 123 126 128 131 134 135 136 137 138 139 141 144 146 147 148 149 150 151 152 153 155 156 157 164 165 168 169 171 172 174 176 177
5 25 29 31 35 45 58 130 143 145 166
1 3 4 6 7 9 10 12 15 16 19 20 21 24 26 30 37 38 39 42 44 46 47 48 49 51 53 54 58 63 65 66 67 71 73 74 76 78 79 80 82 83 84 88 90 91 92 93 94 95 96 97 98 99 102 103 107 108 110 113 114 115 116 119 120 122 123 125 128 129 131 132 134 136 139 140 141 143 147 149 150 151 152 153 156 157 158 159 160 162 174 175 176 177
7 9 19 22 25 31 41 43 48 58 74 78 90 95 109 112 130 132 133 135 139 147 164 167 174
1 2 4 6 8 10 12 15 16 17 20 24 26 27 29 30 33 34 35 38 39 40 42 44 45 46 47 49 50 51 52 53 57 58 59 60 62 63 65 67 68 71 72 73 75 76 77 79 82 83 84 85 86 87 89 90 93 96 97 99 103 106 107 108 110 111 113 114 115 119 120 121 123 126 127 128 129 131 132 133 134 136 137 138 140 144 145 146 149 150 151 152 153 155 156 157 158 159 160 162 163 165 168 169 173
17 22 25 28 29 31 36 38 44 47 52 58 60 61 69 75 87 100 113 118 127 129 130 133 134 138 140 143 145 148 149 154 156 159 163 164 165 166 167 168 172 173 175 177
43 63 75 88 109 112 116 122 160 166
2 3 17 29 31 36 47 53 57 61 62 119 121 129 152 161 165
1 2 3 4 6 8 11 12 15 16 19 22 23 26 27 29 31 36 37 39 40 42 44 46 47 54 57 60 63 65 67 71 76 77 79 80 81 82 83 86 88 89 91 93 95 96 97 99 102 103 107 112 113 114 115 117 118 119 120 122 123 129 134 136 137 138 140 141 142 144 146 149 150 151 153 158 159 163 168 169 171 175
1 6 32 78 80 82 99 115 136 146 151 153 171
5 8 15 16 35 36 38 52 60 63 70 72 84 87 93 106 121 127 129 133 145 149 152 156 159 164 165 166 167 168 173 176
1 2 6 8 14 15 17 22 24 25 26 27 29 30 36 37 39 42 43 44 45 46 47 49 50 51 52 53 54 57 60 61 62 65 66 67 71 72 73 76 77 79 82 83 84 85 86 87 89 91 93 95 96 97 98 99 101 103 106 107 108 110 111 112 115 117 119 120 121 123 126 127 128 131 133 136 138 141 142 144 146 147 148 150 151 152 153 155 156 157 158 162 163 165 167 168 169 170 171 172 174
11 13 20 21 22 32 36 37 42 45 54 68 70 72 77 90 94 95 105 109 122 124 133 141 147 154 160 170
1 4 6 12 27 39 42 49 50 51 52 54 55 56 57 61 62 70 71 79 80 82 83 84 85 86 89 95 97 99 106 107 108 119 120 126 128 136 137 144 150 151 153 168 169
3 22 36 45 47 53 61 63 75 81 84 87 89 118 121 127 129 152 157 163
23 25 29 31 34 45 77 142 143 148 159 163 166
1 2 3 4 5 6 8 10 11 13 14 15 16 17 18 21 22 25 26 27 28 29 31 32 34 35 36 38 39 41 45 46 47 49 50 51 53 57 58 59 60 61 62 63 64 65 66 67 69 70 71 72 73 75 76 77 78 79 80 81 82 83 84 85 87 91 93 94 96 97 98 99 100 102 103 104 106 107 110 111 113 114 115 116 117 118 119 120 122 123 124 127 129 130 132 133 134 136 138 140 142 145 147 148 149 150 151 152 154 157 158 159 161 163 164 165 166 168 170 172 173 174 175 176 177
9 23 34 48 59 64 78 80 87 92 105 109 110 116 125 143
3 8 14 16 36 44 47 53 61 75 76 104 111 118 127 130 134 145 148 167
1 15 24 25 31 35 53 57 61 65 72 81 87 98 100 118 119 121 130 131 165 168
2 3 8 17 23 24 25 30 32 33 34 35 37 38 39 40 42 44 45 46 47 48 49 50 52 53 56 57 58 60 61 62 63 64 65 67 71 72 73 76 79 83 84 85 86 87 89 91 93 94 96 97 98 101 102 103 104 106 107 108 112 113 114 116 118 119 120 121 123 126 127 128 129 130 131 133 134 138 140 142 144 145 147 148 152 155 156 157 158 159 161 162 165 166 167 169 172 174 175 176
8 53 75 121 127 152 154 159 165 166
1 4 6 7 18 26 27 32 33 34 40 43 51 56 59 68 69 71 73 79 80 82 88 96 99 101 105 107 108 115 126 132 135 136 137 151 153 160 170
3 16 22 29 45 52 58 76 77 81 85 94 118 124 138 148 156 161 164 170 172 173 175 177
3 5 55 57 58 70 72 81 87 94 106 123 140 155 157 159 161 162 165 167
9 13 14 28 34 69 72 74 77 90 104 105 116 118 125 130 132 143 145 148 152 158 164 166 167 173 176
2 3 8 17 22 36 45 47 53 62 67 70 77 81 94 100 101 104 106 113 121 129 130 134 152 155 165 167 176
7 22 28 29 36 45 49 67 70 94 95 154 165
9 33 40 41 42 57 66 70 120 128 149 174
2 17 22 24 25 31 33 36 37 38 43 45 57 58 63 84 89 111 112 129 131 142 144 155 159 161 162 163 166 167 174
17 23 24 25 28 29 30 34 36 38 40 45 46 49 51 61 64 65 67 72 86 116 118 119 129 137 138 142 143 144 148 157 161 162 166 167 168
14 22 29 45 70 100 119 132 133 145 154 165 177
1 4 6 10 12 40 51 59 71 79 82 91 96 99 106 107 108 110 115 135 136 137 144 150 151 153 160 169 173
9 28 34 37 41 43 45 64 74 78 90 100 109 112 133 160
1 4 6 10 12 14 18 51 59 79 80 96 99 107 126 135 136 150 153 170
5 7 9 13 16 17 18 19 27 28 29 35 41 44 48 58 60 62 66 72 74 78 85 98 102 104 109 114 117 124 129 131 139 145 155 161 167 174 175
