659 2076 3883 6939 9300 9312 10891 11609 12779 12882 15026 15455 15488 17142 17604
216 361 842 1202 1408 1413 1571 2034 2234 2292 2854 2944 3812 4720 4797 4814 5118 5151 5369 5572 5591 5736 5991 6269 6366 6866 6888 7135 7450 7990 8381 8669 8801 9163 9340 10149 10263 10294 10694 11662 11821 11845 12659 12886 12957 13465 13665 13830 13941 14524 14707 14747 14771 14840 15165 15319 15398 15720 16137 16280 16377 16536 16851 17111 17341 17361 17409 17593 17602 17650
1181 1232 2241 7474 7729 7886 9059 10984 11710 12020 12686 12842 15313 15382 17648
59 66 2195 3938 7708 7833 10119 10258 11084 12708 12825 13475 14466 14858 15526 17764
302 2952 7523 8708 8989 9499 9995 16037 16400 16640
2573 3457 4666 6124 6269 8321 12262 16142 16153 17021 17650
613 2596 2721 3734 7637 7844 8725 10174 13151 13283
93 1353 3870 4192 4820 4986 5537 6847 7809 10047 10604 10843 11810 15288 17417
991 1127 2530 7290 9351 11779 13677 13839 14398 15335
7156 7240 9672 11105 11554 12628 13522 13585 15457 15863 15982 16622
277 1956 2744 3074 5366 8131 8235 8733 9098 11128 12393 15071 15828 16966
1915 2206 2274 2638 2835 3282 3976 4698 5287 6263 7517 9776 11413 11819 12162 12873 15348 16489 16803 17230
3449 5254 8213 11826 12717 12885 12966 13303 14454 15106 15514
626 1080 1359 1912 2083 3011 3640 3907 3924 4040 5149 5719 6900 7257 8496 9140 9495 10749 11060 11107 11348 12878 13016 13265 13345 13634 14279 14331 14852 15384 15822 17568 17785
2875 3799 4216 5006 6855 11963 12434 12460 12667 14753 16460 16993 17020 17657 17862
28 474 3120 5114 6176 6986 7952 10307 10475 11081 16578
361 842 978 2034 3286 4684 7030 8590 8801 10057 11961 13665 16142 16623 16809 16851 17149 17152
1106 1263 2138 2596 2721 3012 4717 6116 8491 10890 16171 17129 17285 17607
117 1675 5925 9570 9906 12082 13286 14379 14891 16528 16539
2833 3939 4567 4622 6470 6511 7097 9185 12397 12546 12749 13765 14658 16319 17535
1462 3585 4305 6349 6733 7269 8165 10024 10939 11193 15606
914 1578 3644 4226 6308 7510 8139 12508 12565 13661 17485
975 1201 4022 5657 7132 9943 10890 12413 12901 12951 16171 17285
3204 5983 7981 8920 9955 12835 14667 15571 16288 16932
403 5602 7156 7514 8102 8224 9759 10866 11105 11677 12161 12739 12876 13077 14746 15587 16785 17564
738 1854 2196 3120 3480 4190 4725 5125 5212 5781 5829 6838 6986 7411 10307 10356 10475 13917 15378 16578
2344 2762 2766 7565 8127 10190 11880 14497 15616 16715 17426 17428 17670 17695
2378 2431 2448 2711 3585 4305 4326 5454 5487 5677 6349 6733 7103 7269 8165 8903 10024 10572 11193 11641 13146 14895 15606 16100
2344 2766 3493 3733 7565 8127 11523 11708 12184 15194 15616 16715
373 3097 6299 6716 7834 8255 8998 13593 14395 15633 16783 17233 17395
4881 5569 6601 8290 8652 8806 8965 11469 12735 15042 16168 17076 17219 17707
2176 2274 3282 3976 5025 6263 9776 9998 11413 12162
243 264 315 432 606 5216 5475 5579 6295 6592 7143 7860 8120 8596 9035 9552 9586 11221 11314 11996 12595 14408 17038 17202 17803
432 606 1235 5475 5579 6592 6962 7143 9035 10756 11221
2344 2762 3493 3733 6696 6776 7565 8857 11523 13690 15194 17779
1493 4584 5875 5951 6711 6798 8428 10433 13008 13466 14280 14936 15836 16382
677 703 1466 1972 4510 4882 6249 6591 8752 10854 10973 11601 13428 14495 14976
685 2022 3155 5372 5427 5613 6176 12780 13712 14242 15691
192 502 2563 4912 5283 8097 8701 11782 13367 14900 16055 16333 17117
659 2076 2345 2713 3883 5244 6939 8781 9132 10891 12536 12882 13363 14182 15026 15455 15897 17142
222 394 2666 2988 3763 4520 4763 10369 11297 12403 12655 12918 13019 17766
1181 2241 7474 7886 9059 9977 11710 13939 14579 15382
517 613 743 1106 1201 1263 2138 2596 2721 3012 3737 4022 4044 4660 4717 5109 5713 5959 6116 6235 8491 8925 9905 9943 10154 10318 10890 11009 11519 12413 12951 13151 14180 14977 16171 16367 16553 16835 17129 17285 17607
157 389 832 1210 1792 1961 2021 3029 3207 3429 3462 4529 4881 5569 6601 7903 8214 8290 8652 8806 8965 11040 11153 11469 12735 12927 13888 14155 14727 15042 15355 16168 17076 17219 17707 17956
293 3821 5862 6006 6103 9095 9841 11249 12133 14063 15033 15684 17529
310 2044 2247 2268 3361 9518 12945 14463 15812 16058 17320
93 302 2863 3594 3870 4192 4830 4986 7809 8025 8577 9285 9499 9601 9995 10047 10604 10616 11242 11426 11810 11818 13002 14462 15097 15101 15244 16400 16415 17132 17417 17622
2940 3297 5327 5457 6052 12189 15261 16439 16754 17781
28 738 1045 1109 1506 1762 1854 1857 2107 2196 2436 2618 2793 2955 3120 3480 4190 4325 4725 5114 5125 5212 5696 5781 5829 6986 7010 7220 7411 7902 7944 8050 8130 8682 9082 9097 9520 9766 10307 10356 11657 11780 11864 12053 12155 12767 12935 13075 13289 13917 14319 15044 15125 15378 16187 16250 16362 17095 17503
561 788 1265 1499 1794 1955 2437 2727 2825 4223 4722 5219 6008 6569 6930 7419 7827 7912 9077 9103 9471 9794 10023 10056 11058 11555 11678 12186 12505 12818 12964 13166 14163 14418 15007 15155 15345 15364 15794 16584 16695 16922 17100 17229 17469
