69 707 1477 1683 1877 2093 3487 3752 3783 5459 5505 5587 5780 5801 6158 6392 6781 7087 7106 7550 7590 7791 7815 8687 9007 9769 10048 10131 10173 10906 11557 11608 11612 11734 11944 11987 12426 12688 12769 13282 13992 14112 14351 14416 14759 15523 15553 15596 15690 16184 16312 16349 16411 16686 16999 17725
3386 4118 4297 4852 6049 6927 7262 8184 8784 11140 11582 12273 13185 13439 14109 14341 14812 15740 17208
979 6094 6494 7140 9648 9663 12461 14027 14628 15595 17367 17424
2449 3004 3169 3582 3797 3825 4651 5357 5979 5982 6018 8162 8889 9232 10674 11311 11669 12114 12152 12675 12774 13442 13751 14650 14807 15564 15573 16827 16925 17380 17497 17771
716 1515 4642 5236 5245 5486 6745 7080 8624 8922 11862 13473
1602 2649 4527 6654 7322 7379 10632 10691 14570 14787 15730
977 4269 5641 5999 7813 8800 10300 11378 11695 14625
122 820 4322 5080 6627 7602 8408 12840 14336 17335
9 1836 1852 3885 4158 4728 5092 5917 6243 6343 6492 6695 8376 9338 11220 11310 11478 13195 14626 14846 15269 15540 17895
4297 4852 6049 6927 8184 8784 11582 12273 14341 15740 17208
943 988 1197 2148 3547 5147 5953 7473 7539 9029 9278 11767 17358
662 1006 2130 3217 4277 11875 12278 13530 14882 15921
2181 2970 4211 4533 5647 5769 6067 7169 7601 7864 8959 10999 11640 13242 13297 15304 15436 17031 17738
789 4074 4748 6084 6105 7285 9271 9801 9916 10382 10788 11493 12041 12292 13147 17814
811 1386 2673 6037 9091 9394 10477 10650 11098 14370 15513 16479 17313
303 1989 5624 8529 9684 10729 11721 12283 12428 15401 16948 17238 17480
851 902 4174 5489 7344 9482 13654 14106 15063 15104 15775
69 2090 6158 7791 9001 12872 14351 15287 15677 16275 16349
3224 3996 4861 6141 7938 8502 10157 12069 15598 15644
366 871 934 7280 8581 11023 11357 12497 12875 15464 16304
1479 2204 3156 4272 4348 4637 5209 5218 5220 5753 6068 7721 8774 9184 9909 10421 12585 12712 16871
3375 3728 6032 6279 10141 14029 14086 17053 17490 17626
792 1642 2741 6306 12344 12877 12909 13329 15519 16885 17062
48 1307 2453 2970 5009 12099 12209 12419 12868 13291 14069 17122
2567 3452 4815 7849 8339 11024 11807 13030 13429 16518 17839
511 2040 4301 5446 6533 10027 10893 10912 12776 14630 14652 15114 15377 15625 16036 17066 17510
1082 1573 3104 3390 3572 3622 3835 4973 5346 9690 10607 10933 15500 15974 16180
4969 5393 6130 6951 13215 13523 14176 14277 15980 16893 17504
173 1389 2814 3468 3727 6179 6398 6437 7723 7798 9337 14697 15522 16121 17427
2916 3986 5350 6763 6871 8206 10707 11839 12664 16495
87 443 783 1338 1352 1906 3067 3669 4478 4533 5340 6547 6610 7430 7576 8122 8144 8385 10566 10645 10840 11169 11521 11540 11559 12100 12429 13726 13732 14316 15104 15630 17258 17631 17828
2356 2910 3154 4101 4655 6404 6928 7197 11747 12362 12523 14459 15749 16114
1545 2338 2371 2910 4806 7225 8180 11427 12741 14715 16975
1411 2874 6152 6862 7325 8993 9234 11383 13293 16021
159 3745 9785 10076 10150 11236 11969 13331 13858 16498
2756 3116 4880 6309 6417 6853 9261 15621 16253 16347 16737 17150 17665
212 1173 1829 3125 5967 6220 7090 7398 8296 11330 14937
3928 4098 4835 5893 6609 7246 10379 11279 13993 14993 16455
725 2674 4994 5298 6089 7568 8070 9230 9892 10214 11185 11254 11522 13101 14594 14863 16340 16700
769 3771 4352 5264 7003 11287 13597 15243 15824 16463 17966
1619 3612 3642 4495 9273 11099 12429 16840 16895 17912
928 1567 6395 6713 7303 8260 8934 9333 14053 14315 15774 16380
1028 1419 3258 3725 6369 7045 7118 8128 8426 9512 11313 11911 12949 17487
899 1545 2495 2910 3154 4075 4129 4655 5145 5886 6404 8659 9540 9714 10415 10986 12229 13113 13795 14288 14433 14516 14620 14749 16975
1628 4354 5815 6392 7022 7550 8056 13992 14351 15523 16999
274 1649 2048 3771 5264 7273 7674 7898 8608 9122 10317 10443 11287 11365 13597 14218 15557 16228 16463 17047
1191 2688 6300 7597 8364 9457 9603 10998 11322 13937
3474 5557 6476 9467 11252 11804 12633 16414 17412 17467
851 1276 3949 9482 11798 12341 12813 13654 14106 14172 15063 15508 15962 16956 17900
1125 1852 3170 4301 7147 7905 9598 13129 14630 15180
