1 2 4 6 7 12 15 17 19 20 23 24 26 27 28 29 30 32 33 35 36 37 38 39 40 42 43 44 46 47 48 49 50 51 53 54 55 56 57 58 60 61 62 63 64 65 66 67 68 70 71 73 74 76 78 79 80 82 83 84 86 87 88 89 90 91 92 93 95 96 97 98 99 100 101 102 103 104 106 108 109 110 111 112 113 114 115 117 119 120 121 123 126 127 128 129 130 131 132 133 134 135 136 138 139 140 141 142 143 144 146 147 149 150 151 152 153 154 157 158 159 160 162 163 165 166 168 169 171 172 174 177
2 16 17 24 29 30 34 46 49 53 58 61 63 64 67 81 86 95 97 100 112 116 119 129 133 140 143 144 148 152 155 161 162 164 165 167 175
3 8 10 11 13 18 21 22 25 29 31 41 48 52 74 85 92 95 96 112 115 118 122 124 125 130 139 155 170 177
3 7 8 9 10 11 13 14 18 19 21 22 25 26 29 31 41 48 52 58 74 78 85 90 92 94 95 96 109 112 115 118 122 124 125 129 130 139 154 155 164 170 173 177
4 12 20 24 27 28 29 30 31 32 39 48 49 51 55 71 74 78 82 83 91 99 101 110 125 128 131 135 136 137 139 144 146 150 169 171
16 25 28 29 31 36 38 52 53 55 57 58 61 62 70 81 87 90 95 100 104 121 130 133 140 144 145 161 162 166 167 172 173
3 5 7 8 9 13 14 18 21 25 31 58 59 69 72 85 94 104 124 130 145 148 154 155 170 177
3 5 7 8 9 13 14 18 21 25 28 31 34 36 58 59 61 67 69 72 76 85 90 92 94 95 104 116 118 119 124 130 134 139 143 145 148 154 155 158 161 165 166 167 168 170 177
1 4 6 7 9 10 11 12 13 14 15 18 19 20 21 24 26 27 30 32 33 36 37 39 40 41 42 43 48 49 50 51 54 56 58 59 65 66 68 71 73 74 78 79 80 82 83 84 86 87 88 90 91 92 93 96 98 99 101 102 103 106 107 108 109 110 112 113 115 117 118 120 122 124 125 126 128 129 130 131 132 133 135 136 137 139 141 142 143 144 146 147 149 150 151 153 157 160 162 166 169 170 171 173 174 177
2 19 29 47 52 53 57 58 60 63 67 81 87 97 106 113 114 129 130 140 148 149 152 159 161 163 166 172 176
7 9 11 12 20 27 41 42 74 92 105 112 115 117 122 141 147 150
7 8 16 25 34 36 45 52 53 55 57 66 73 81 85 87 88 92 94 97 98 111 112 116 117 142 143 147 149 158 163 167 172 173 176
3 36 38 45 57 58 64 100 104 111 140 156 164 175
1 4 5 6 8 10 13 14 15 18 20 21 24 26 28 30 32 34 37 38 39 41 42 44 46 48 49 52 57 59 60 64 65 66 67 69 70 71 72 73 75 76 77 79 82 83 85 87 89 91 96 97 99 100 101 103 106 107 108 110 111 113 114 115 117 118 119 122 123 124 125 128 136 138 140 141 142 143 144 146 147 148 149 150 151 153 156 157 158 159 160 161 163 168 170 172 173
10 12 20 26 27 42 46 68 73 79 89 91 110 115 141 146 160 169 171
10 11 12 20 26 27 30 37 42 46 48 68 73 74 79 88 89 91 92 95 98 105 109 110 112 115 117 125 139 141 146 147 160 169 171
2 17 24 26 30 33 34 36 38 40 42 43 51 52 56 58 60 61 63 64 65 67 82 84 85 86 91 93 100 108 112 123 127 128 130 131 140 144 152 159 162 165 167 168
9 10 17 21 26 30 40 51 54 73 78 79 80 83 92 96 99 105 108 109 110 115 125 128 130 136 137 140 142 146 153 163 174
1 3 6 7 8 10 11 12 13 14 15 19 26 28 30 32 33 37 39 40 41 42 43 44 46 49 50 51 52 53 54 55 57 59 61 62 65 66 68 70 71 72 73 77 79 80 82 83 84 85 86 87 88 90 91 92 93 94 95 96 98 99 100 101 102 103 104 105 107 108 109 110 111 112 113 114 115 117 118 119 120 121 122 123 124 125 127 128 131 132 133 135 136 137 138 139 141 143 144 146 147 148 149 150 151 153 154 156 158 160 162 163 169 170 172 174 177
3 5 8 14 16 22 25 35 45 58 75 81 87 94 104 111 118 121 124 130 132 133 145 148 154 155 168 173 176
2 7 8 9 28 31 35 46 54 72 73 77 81 87 88 90 104 105 123 129 152 154 156 160 163 175 177
1 4 6 7 9 10 11 12 13 17 18 19 20 21 24 26 27 30 32 33 37 39 40 41 42 43 48 50 51 52 54 55 56 57 58 59 61 62 65 66 68 71 73 74 78 79 80 81 82 83 85 86 88 90 91 92 94 96 97 98 99 102 103 104 107 108 109 110 111 112 113 115 117 120 121 122 125 126 127 128 129 132 133 135 136 137 139 140 141 144 146 147 149 150 151 153 154 157 160 162 164 165 169 170 172 174
1 43 44 54 69 92 117 123 145 159 166
2 17 22 23 34 35 38 47 50 60 64 65 67 72 75 77 84 85 93 94 97 98 104 111 116 118 119 120 129 138 148 156 158 161 163 175 176 177
1 4 15 39 51 79 80 82 83 99 115 135 137 144 150 151 153
1 3 4 6 10 12 14 15 29 39 47 51 59 71 75 79 80 82 83 88 96 99 104 106 107 108 115 134 135 136 137 144 146 150 151 153 160 176
3 5 9 10 13 14 19 21 22 59 74 77 78 94 102 112 130 139 172
3 5 9 10 11 13 14 16 18 19 21 22 48 59 74 77 78 90 92 94 102 105 109 112 117 122 130 139 141 172
9 15 18 21 25 29 31 36 47 61 77 78 104 121 122 125 127 130 134 139 152 154 159 176
1 2 4 12 18 24 26 27 33 36 38 40 43 44 45 47 51 56 68 82 83 84 86 91 93 99 108 110 111 119 120 127 129 135 137 144 152 153 165 169
1 40 43 61 80 110 117 131 133 141 174
5 16 19 22 25 34 35 64 72 75 85 94 97 104 115 116 118 123 129 132 142 145 152 154 158 159 161 165 166 167 173 174
3 5 6 8 10 13 25 35 39 51 52 59 60 72 75 77 85 94 107 115 124 132 145 151 161 167 170 172 173 175 176
16 20 22 29 45 69 74 77 78 118 130 163
5 11 15 17 21 25 26 31 36 43 44 51 63 69 76 87 98 105 111 113 114 116 121 124 127 129 131 137 149 152 154 169 177
7 19 23 25 32 43 55 66 68 92 102 112 117 124 129 130 131 135 143 146 147 161 164 174
3 5 9 11 16 19 21 22 25 28 29 31 36 38 41 45 48 55 74 78 81 90 92 102 109 112 124 125 129 137 139 145 147 154 160 164 168 175
12 18 26 32 33 39 40 50 51 54 56 59 80 84 88 89 91 96 105 110 120 125 131 144 146 169 170
1 24 26 27 46 54 56 68 73 85 86 87 112 113 114 123 142 149 176
1 4 5 6 10 12 15 16 17 19 24 26 27 30 34 35 37 39 40 43 46 47 49 50 52 53 54 55 56 57 60 62 63 65 66 67 68 71 73 76 77 79 82 83 84 85 86 87 88 89 91 93 94 96 97 99 101 103 104 106 107 108 111 112 113 114 115 116 117 119 120 123 126 129 131 133 136 138 139 140 141 142 144 146 147 149 150 151 153 156 157 158 160 161 162 163 165 167 168 175 176
7 10 11 13 18 19 20 21 28 32 55 56 59 68 73 74 78 80 90 101 105 109 116 126 135 141 143 146 160 170 171
2 3 5 16 22 25 28 29 31 36 38 44 49 53 58 60 69 72 81 87 89 90 93 100 104 111 116 129 130 133 134 145 154 155 159 164 165 168 172 173
1 2 4 8 10 15 17 23 24 27 29 31 34 40 42 43 44 46 47 50 53 54 56 61 62 65 67 68 69 71 72 73 76 77 79 80 82 84 86 87 88 93 96 98 100 101 105 107 111 113 114 115 118 120 121 123 127 128 129 131 138 140 143 147 148 149 151 156 157 158 159 160 162 163 166 169 175 177
1 2 3 4 8 10 13 15 17 23 24 25 26 27 29 31 33 34 35 38 40 42 43 44 46 47 49 50 53 54 56 59 61 62 65 66 67 68 69 71 72 73 75 76 77 79 80 82 84 85 86 87 88 89 93 96 97 98 100 101 103 105 106 107 110 111 113 114 115 117 118 119 120 121 123 127 128 129 131 138 140 143 147 148 149 151 152 156 157 158 159 160 162 163 166 169 170 174 175 177
2 3 4 5 6 12 15 16 17 22 23 24 25 28 29 31 34 35 36 38 39 40 45 46 49 50 51 52 53 54 57 58 60 61 62 63 64 65 67 69 70 71 72 73 75 76 79 81 82 83 84 87 89 93 94 96 97 99 100 101 103 104 106 107 108 111 113 114 118 119 121 123 124 129 130 131 134 136 137 138 140 142 144 145 146 148 149 150 151 152 153 155 156 157 158 159 161 163 164 165 166 167 168 169 173 175 177
5 8 14 16 25 45 46 49 60 69 72 75 76 77 85 87 97 124 145 154 155 161 168 170 173 177
2 5 6 10 12 13 14 15 16 17 20 22 23 24 26 27 30 32 36 39 46 47 49 50 52 53 56 58 59 60 61 62 66 67 68 71 76 79 80 83 84 86 87 91 93 94 96 97 98 99 100 101 105 106 107 108 110 113 115 116 117 119 120 121 122 123 134 136 137 140 141 142 143 144 146 147 148 149 150 151 152 153 154 157 158 160 162 167 169 170 171 172 176 177
11 19 20 24 34 37 46 48 64 73 74 89 92 95 109 111 112 113 116 117 118 125 139 142 143 147 150 159 160 162
24 65 70 74 104 135 139 152 162 174
24 27 42 43 47 52 53 65 70 73 74 88 93 95 98 102 104 111 112 121 134 135 139 147 152 162 163 174 176
