1 2 4 6 10 12 16 17 20 23 24 26 27 28 30 33 34 35 36 37 38 39 40 42 43 44 45 46 47 49 51 52 53 54 55 56 57 58 59 60 61 62 63 64 65 67 68 69 70 71 76 77 79 80 82 83 84 85 86 87 88 89 90 91 93 94 95 96 97 99 100 101 102 103 104 105 106 107 108 110 111 112 113 114 115 119 120 121 123 126 127 128 130 131 133 134 136 137 138 140 142 143 144 145 148 149 150 151 152 153 155 156 157 158 159 160 161 162 163 165 167 168 169 172 173 174 175
1 2 3 4 5 6 8 10 12 13 14 15 17 18 20 21 22 23 24 26 27 28 29 30 31 32 35 36 39 40 42 44 45 47 49 50 51 52 53 54 55 56 57 59 60 61 62 65 66 67 68 71 72 75 76 79 80 81 82 83 84 85 86 87 93 94 96 97 99 100 101 103 104 105 106 107 108 110 111 112 113 114 115 117 118 119 120 121 122 123 124 125 126 127 128 131 133 134 135 136 137 138 139 140 142 143 144 145 146 147 148 149 150 151 152 153 154 156 157 158 160 162 163 164 165 166 168 169 170 171 172 174 175 176 177
4 6 9 11 12 13 14 15 18 21 26 27 32 39 50 51 54 56 59 66 68 71 80 82 83 84 88 91 92 96 98 102 105 110 117 122 125 126 135 136 146 151 158 160 169 170 171
3 7 9 14 19 35 40 41 44 45 47 49 53 55 57 61 63 66 70 72 81 84 85 91 93 98 104 111 117 118 121 139 140 145 149 155 156 159 161 162 166 172 174 175 176
1 4 5 6 8 12 17 25 38 40 45 49 50 56 61 69 72 75 81 82 91 93 96 99 107 108 115 121 125 132 133 135 137 143 144 151 152 153 154 164 169 170 174
7 9 10 14 16 30 33 35 44 49 52 54 63 73 74 103 109 110 111 115 122 130 134 137 138 148 150 156 168 175
1 2 4 5 8 10 12 15 16 17 19 22 23 24 25 27 28 29 30 31 33 34 36 37 38 40 43 44 46 47 49 50 51 52 53 54 55 56 57 58 60 61 62 63 64 65 66 67 70 71 72 73 76 77 79 81 82 83 84 85 86 87 88 89 90 91 93 95 96 97 98 99 100 103 106 107 108 110 111 113 114 116 118 119 120 121 123 124 127 128 129 131 134 136 137 138 140 141 142 143 144 145 146 147 148 149 150 151 152 153 156 157 158 159 160 161 162 163 164 165 166 167 168 169 171 172 173 175 177
2 22 29 38 45 46 67 119 121 130 140 155 161 165 166 168
2 3 4 5 6 10 11 12 13 15 16 17 19 20 21 22 23 24 26 27 29 30 31 32 33 34 35 38 39 40 41 42 43 44 45 46 47 48 49 50 51 52 53 54 55 56 57 60 61 63 64 65 66 67 68 70 72 73 76 79 83 84 85 86 87 89 90 92 93 96 97 98 99 100 101 102 103 104 106 107 108 109 110 111 113 114 115 118 119 120 121 123 126 129 130 132 133 138 139 140 141 142 143 144 145 146 147 148 150 152 153 155 156 157 159 160 161 164 165 166 167 168 169 170 171 174 175 177
3 5 8 9 11 13 14 18 21 22 25 31 35 37 41 43 45 48 58 74 75 78 81 87 90 92 94 95 109 116 122 124 127 134 142 145 147 152 154 159 170 171 172 173 176 177
2 3 4 5 6 8 9 10 11 12 13 15 16 17 20 21 22 23 24 25 26 28 29 30 32 34 36 38 39 42 43 44 45 46 47 48 49 50 51 52 53 54 55 56 57 58 63 64 65 67 68 69 70 71 72 73 74 76 77 78 79 82 83 85 86 88 89 90 92 95 97 98 99 102 103 105 106 107 108 109 110 112 113 114 115 116 117 119 120 122 123 128 129 130 134 135 136 137 138 140 141 142 143 144 145 147 148 149 150 151 152 153 158 159 160 161 162 163 164 165 166 167 168 169 171 172 173 174 175 176 177
9 14 18 22 23 25 28 43 44 48 49 58 66 68 69 73 78 81 101 113 116 117 118 124 138 140 143 145 149 152 154 158 165 166 172 173
9 14 18 22 23 25 28 31 43 44 48 49 58 64 66 68 69 73 78 81 101 113 116 117 118 124 125 135 137 138 140 143 145 149 152 154 158 165 166 171 172 173
1 2 3 4 5 6 8 10 12 13 14 15 16 17 18 20 21 22 23 25 26 28 29 31 32 34 35 36 38 39 44 45 46 47 49 50 51 52 53 56 57 58 60 61 62 63 64 66 67 69 71 72 75 76 77 78 79 81 82 83 84 85 87 91 93 94 96 97 98 99 100 101 103 105 106 107 108 109 111 113 114 115 116 117 118 119 121 123 124 125 126 127 129 130 132 133 134 136 137 138 140 142 144 145 146 147 148 149 150 151 153 154 155 156 157 158 159 161 163 164 165 166 167 168 170 172 173 175 176 177
1 4 6 10 12 18 27 32 33 39 44 51 55 56 68 71 78 79 80 82 83 84 88 91 96 99 101 105 107 108 126 135 136 137 144 146 150 151 153 160
5 7 9 10 11 13 14 18 19 20 21 28 32 41 43 45 48 55 59 68 69 72 74 78 80 81 90 92 102 105 109 110 112 115 122 124 125 132 135 139 141 146 150 154 160 164 170 174
7 22 23 24 30 32 33 34 37 40 42 44 47 52 59 60 66 68 77 80 81 84 88 89 92 102 103 109 112 114 116 121 126 128 135 139 140 141 156 159 160 162 164 168 171 175
5 13 14 20 25 37 38 59 65 67 71 72 74 76 81 105 115 117 118 125 151 156 163 165
7 10 27 32 37 41 45 53 55 61 70 73 78 80 88 104 115 122 129 139 169 174
7 9 10 21 27 32 33 37 41 42 43 45 53 54 55 59 61 68 69 70 73 74 78 80 88 90 92 95 101 102 104 105 115 122 126 128 129 131 138 139 160 162 169 171 174
1 2 3 4 5 6 7 8 9 10 11 12 13 16 17 18 19 20 21 23 25 26 27 28 29 30 32 34 36 38 39 40 42 44 45 47 48 49 50 51 52 54 55 56 57 58 59 60 61 62 64 65 66 67 68 70 71 72 74 75 78 79 80 81 82 83 85 86 87 89 90 91 92 94 95 96 97 99 100 102 104 105 106 107 108 109 110 112 115 116 118 119 122 123 124 127 128 129 130 131 132 133 134 135 136 137 140 141 143 144 145 146 150 151 152 153 155 157 161 162 164 168 169 170 171 173 174 175 176
1 2 4 6 7 10 11 12 16 17 19 20 22 23 24 26 27 28 30 31 32 33 34 36 37 38 39 40 42 43 44 45 46 47 48 50 51 52 53 54 55 56 57 58 60 63 64 65 66 67 68 70 71 73 74 76 78 79 80 81 82 83 84 86 88 89 90 91 92 95 96 97 98 99 100 101 102 103 104 105 106 108 110 112 113 114 115 116 117 119 120 121 122 123 125 126 127 128 129 130 131 135 136 137 138 139 140 141 142 143 144 146 147 149 150 151 152 153 155 156 158 159 160 162 163 169 171 172 173 174 175
2 14 16 67 85 94 106 118 148 159 167 172 173
2 5 6 8 14 16 25 29 35 49 55 58 59 60 63 67 70 75 84 85 87 89 91 94 99 106 111 112 118 129 134 145 148 151 153 157 159 161 165 167 168 172 173
1 2 3 4 5 6 10 11 12 13 15 17 18 20 24 26 27 28 30 32 33 35 36 37 39 40 41 42 43 46 47 48 49 50 51 53 54 55 56 57 60 62 63 64 65 66 67 68 69 71 72 74 76 77 79 80 82 83 84 85 86 88 89 90 91 93 95 96 97 99 101 102 103 105 106 107 108 109 110 111 112 113 114 115 117 118 119 120 121 123 125 126 128 129 130 131 132 134 135 136 137 138 139 141 142 143 144 146 147 148 149 150 151 153 155 156 157 158 159 160 161 162 163 164 165 166 168 169 170 173 174
3 7 19 20 21 22 25 29 31 33 41 43 44 48 53 58 70 74 77 78 81 90 92 95 100 101 102 105 109 111 112 124 125 129 133 141 148 152 154 162 163 164 165 167 174 175
1 2 3 4 5 8 9 10 12 15 16 17 20 22 23 24 25 29 30 31 34 35 36 37 38 39 41 42 44 45 46 47 49 51 52 53 54 55 56 57 58 60 61 62 63 64 65 66 67 68 70 71 72 75 76 77 78 79 81 82 83 84 85 86 87 88 89 90 93 94 95 97 98 99 100 101 103 104 105 106 107 108 110 111 112 114 115 116 117 118 119 120 121 123 127 128 129 130 131 132 133 138 140 142 143 144 145 148 150 151 153 154 155 156 157 159 160 161 162 163 164 165 166 167 168 169 172 173 175 176 177
1 2 3 4 5 6 8 10 11 12 13 15 17 20 21 22 24 25 26 27 30 32 33 34 35 36 37 39 40 41 42 46 47 49 50 51 52 53 54 56 57 59 60 61 62 63 65 66 67 69 70 71 72 73 76 79 81 82 83 84 85 86 87 88 89 91 93 94 96 97 98 99 100 102 103 104 106 107 108 110 111 112 113 114 115 118 119 120 121 122 123 124 126 127 128 129 131 132 134 136 137 138 140 141 142 144 145 146 148 149 150 151 152 153 155 156 157 158 159 161 162 163 165 166 168 169 170 173 174 176 177
2 3 5 7 8 9 10 11 13 14 15 16 17 19 20 21 22 23 24 25 28 29 30 31 34 35 36 37 38 39 41 42 43 44 45 46 47 48 52 53 55 57 58 59 60 61 62 63 64 65 66 67 69 70 71 72 73 74 75 76 77 81 85 87 89 90 92 93 94 95 96 97 98 99 100 101 102 103 104 105 106 107 109 112 113 114 116 118 119 120 121 123 124 125 127 128 129 130 131 133 134 136 138 139 140 141 142 143 147 148 149 150 152 154 155 156 157 158 159 161 162 163 164 165 166 167 170 172 173 174 175 176 177
2 4 6 7 8 9 10 11 12 13 14 15 19 20 21 22 28 30 32 33 35 36 37 38 39 40 41 42 43 45 46 47 48 49 50 51 52 53 55 56 60 61 62 63 64 65 67 70 71 72 74 76 77 78 79 80 81 83 84 88 89 90 93 95 96 97 99 100 101 102 103 104 105 106 109 110 113 114 115 116 117 119 120 121 122 123 126 127 129 131 134 136 137 139 141 143 144 145 146 147 148 150 151 152 153 154 156 157 159 160 161 162 163 164 165 167 168 169 170 171 172 173 174 175 177
3 24 32 33 41 52 56 81 91 94 102 106 110 112 117 126 139 155 168 174
3 5 8 9 17 21 24 28 30 32 33 37 38 41 48 52 56 58 59 72 74 75 81 91 94 102 105 106 109 110 112 117 125 126 130 131 132 139 148 155 156 168 170 174 176 177
1 3 4 5 11 13 15 16 17 19 22 25 28 29 30 31 34 35 36 37 38 46 49 52 55 58 59 60 61 62 63 64 65 66 67 76 77 81 85 87 89 90 94 95 96 98 100 103 104 106 112 114 115 116 117 119 121 122 124 125 127 133 134 137 138 139 142 143 145 146 147 149 152 154 155 156 157 158 159 160 163 164 165 167 172 173 174
1 3 4 5 6 7 10 11 12 13 14 15 16 17 19 20 22 24 25 28 29 30 31 34 35 36 37 38 39 40 44 45 46 48 49 52 55 57 58 59 60 61 62 63 64 65 66 67 69 70 71 72 73 74 76 77 79 80 81 82 83 85 86 87 88 89 90 91 94 95 96 98 99 100 103 104 106 107 108 111 112 113 114 115 116 117 119 121 122 124 125 126 127 133 134 136 137 138 139 141 142 143 144 145 146 147 149 150 151 152 153 154 155 156 157 158 159 160 161 162 163 164 165 166 167 168 172 173 174
1 2 4 6 10 12 13 26 27 33 35 39 40 42 45 46 49 50 51 54 59 65 66 67 71 73 76 79 82 83 84 86 88 89 91 95 96 98 99 103 104 107 108 110 113 115 116 119 122 126 128 136 137 141 142 144 146 147 150 151 153 157 158 162 169 170 171
1 2 4 5 6 7 8 9 10 11 12 13 14 15 18 19 20 21 22 24 25 26 27 29 30 31 32 33 35 37 39 40 41 42 43 45 46 48 49 50 51 54 56 59 65 66 67 68 71 73 74 75 76 78 79 80 82 83 84 85 86 87 88 89 90 91 92 94 95 96 97 98 99 101 102 103 104 105 107 108 109 110 112 113 114 115 116 117 119 121 122 123 124 125 126 128 130 131 132 133 134 135 136 137 139 141 142 144 145 146 147 149 150 151 152 153 154 157 158 160 161 162 164 168 169 170 171 172 174 176 177
18 22 23 24 28 33 34 37 42 43 46 47 49 52 53 54 56 60 63 68 69 75 77 84 86 92 93 95 98 105 109 111 116 120 128 132 135 138 139 142 143 158 161 174 175
1 5 8 9 13 14 18 23 25 28 29 31 34 36 38 44 45 46 64 69 70 73 77 78 81 82 85 100 116 118 124 134 135 137 143 145 148 151 154 161 163 165 166 173
1 4 5 6 7 10 11 12 13 14 15 18 19 20 21 22 24 26 27 30 32 33 37 38 39 40 41 42 44 46 47 48 49 50 51 52 54 55 56 59 60 62 64 65 66 67 68 69 71 72 73 75 76 78 79 80 82 83 84 85 86 87 88 89 91 92 93 94 96 98 99 101 102 103 105 106 107 108 109 110 113 114 115 116 117 118 120 121 122 123 124 125 126 127 128 131 132 135 136 137 138 139 141 142 143 144 145 146 147 148 149 150 151 153 156 157 158 160 162 168 169 170 171 173 174 176 177
7 11 13 14 18 20 21 30 31 55 57 66 73 76 80 81 92 101 102 112 116 117 122 124 125 130 135 148 154 160 165 171 172
7 9 11 13 14 18 19 20 21 22 30 31 43 45 48 55 57 66 73 74 76 78 80 81 90 92 95 101 102 105 109 112 116 117 122 124 125 129 130 135 139 147 148 154 160 165 171 172
2 5 7 8 9 10 11 13 14 15 16 17 18 19 20 21 22 23 24 26 27 29 30 31 32 33 34 35 36 39 41 42 43 44 46 47 48 50 52 53 54 57 58 59 60 61 62 63 65 66 67 68 70 71 72 73 74 75 76 77 78 79 80 83 84 85 86 87 88 89 90 91 92 93 94 95 97 98 100 101 102 103 104 105 106 109 110 112 113 114 117 119 120 121 122 123 124 125 126 128 129 130 132 133 134 135 136 138 139 140 141 143 145 146 147 149 152 154 156 157 158 160 161 162 164 165 166 167 168 169 171 172 173 174 176 177
1 4 6 12 39 51 71 79 82 99 107 108 115 126 133 136 137 144 150 151 153
1 4 6 10 12 39 51 71 79 82 99 107 108 115 126 133 136 137 144 150 151 153 160
1 2 3 4 6 7 9 10 11 12 13 14 15 16 17 20 21 22 23 25 26 27 30 32 33 37 39 40 41 42 43 44 45 46 47 49 50 51 52 53 54 55 57 58 59 60 62 63 64 66 67 71 74 75 76 77 78 79 80 81 82 83 84 85 86 87 88 89 90 91 93 95 96 97 99 100 101 102 103 104 105 107 108 110 112 113 115 116 118 119 120 121 122 125 126 128 129 130 131 132 133 134 136 137 138 142 144 145 146 147 149 150 151 152 153 154 155 157 158 160 162 164 165 166 168 169 170 171 172 173 175
1 3 4 6 7 8 9 10 11 12 13 14 15 18 19 20 21 24 26 27 28 30 32 33 34 37 39 40 41 42 43 46 47 48 49 50 51 53 54 55 56 59 61 62 64 65 66 67 68 70 71 72 73 74 75 76 78 79 80 82 83 84 85 86 87 88 89 90 91 92 93 95 96 97 98 99 101 102 103 105 106 107 108 109 110 112 115 116 117 118 119 120 121 122 124 125 126 128 131 132 134 135 136 137 138 139 141 142 143 144 146 147 149 150 151 153 154 156 157 158 160 163 169 170 171 173 174 176 177
5 16 22 29 31 36 58 61 72 80 94 100 130 131 134 145 148 154 164 168
5 9 14 16 18 19 20 21 22 29 31 36 41 43 48 58 61 64 70 72 75 78 80 87 90 94 100 118 124 125 127 130 131 132 134 145 148 154 155 164 168 173 175 177
5 16 17 19 36 63 72 81 84 100 111 129 154 166 173 175
5 7 14 16 17 19 20 26 34 36 38 58 59 60 62 63 65 69 71 72 73 74 81 84 88 89 90 92 95 98 100 111 116 118 120 129 132 154 158 159 162 164 166 167 173 174 175
