1 2 3 4 5 6 8 10 12 13 15 16 17 19 21 23 24 26 27 30 33 34 35 36 37 38 39 40 42 43 44 45 46 47 49 50 51 52 53 54 57 59 60 61 62 63 64 65 66 67 69 70 71 72 73 75 76 77 79 82 83 84 85 86 87 88 89 90 91 93 94 96 97 98 99 100 102 103 104 106 107 108 110 111 112 113 114 115 119 120 121 123 126 127 128 129 131 132 133 136 138 140 141 142 143 144 148 149 150 151 152 155 156 157 158 159 161 162 163 166 167 168 169 170 171 172 173 174 176 177
1 4 6 10 18 30 37 39 40 42 48 54 74 79 80 82 86 90 91 96 99 105 107 115 117 122 125 128 139 144 150 151 153 169 171
1 7 15 20 24 26 27 30 33 37 40 41 42 43 46 48 49 50 53 54 55 65 66 68 73 74 78 82 84 86 88 89 90 92 95 102 103 104 105 109 110 111 112 113 114 117 121 123 126 128 131 133 139 141 146 147 149 152 157 160 162 163 169 171 174
3 5 14 25 45 69 72 81 94 130 148 154 176 177
3 4 6 12 14 22 23 24 30 37 38 42 45 48 49 51 56 58 64 65 72 87 89 91 96 101 108 112 116 123 125 128 130 136 137 140 142 143 144 145 148 164 165 166 172 173 174 177
2 3 5 9 19 22 24 30 37 38 43 45 48 50 52 53 57 58 65 67 70 72 83 85 87 89 93 94 100 109 110 111 112 117 120 124 125 128 130 132 134 135 147 154 156 162 172 174
3 8 25 35 45 69 72 75 94 127 145 177
2 3 4 5 8 11 12 14 15 16 17 20 22 23 24 25 28 29 30 31 33 34 35 36 37 38 40 41 42 44 45 46 47 48 49 51 52 53 54 55 57 58 60 61 62 63 65 67 69 70 71 72 73 74 75 76 77 81 85 86 87 88 89 90 92 93 94 95 97 99 100 101 102 103 104 105 106 109 111 112 113 114 116 117 118 119 120 121 122 123 124 127 128 129 130 131 133 134 136 138 140 141 142 143 145 146 147 148 149 150 152 154 155 156 157 158 159 160 161 162 163 164 165 166 167 168 172 173 174 175 176 177
8 9 11 16 23 25 28 31 34 35 37 38 41 43 45 46 48 52 57 58 64 77 78 95 98 101 109 111 116 118 127 130 134 140 142 143 145 148 156 166 167 168 173 175
1 3 4 6 7 9 10 11 12 13 14 15 18 19 20 21 25 26 27 30 32 33 37 38 39 40 41 42 43 44 45 46 47 48 49 50 51 52 53 54 55 56 59 62 64 65 66 67 68 69 70 71 72 73 74 76 78 79 80 81 82 83 84 86 87 88 89 90 91 92 93 94 95 96 98 99 100 101 102 103 104 105 107 108 109 110 111 112 113 115 117 118 120 121 122 123 124 125 126 127 128 131 132 133 135 136 137 138 139 141 143 144 145 146 147 149 150 151 152 153 154 155 158 160 163 169 170 171 172 173 174 176 177
2 3 9 11 16 17 19 23 24 28 31 33 37 43 45 48 52 58 60 67 74 77 78 81 90 92 95 102 105 109 112 118 119 130 131 134 140 145 149 152 154 160 162 165 166 174 175 177
5 9 14 16 20 24 25 28 30 32 34 36 37 40 42 48 58 59 60 62 63 64 67 70 72 81 87 89 90 93 97 102 104 109 111 112 119 124 127 131 132 133 135 139 142 143 145 168 173 174
7 9 12 19 21 22 23 31 34 36 42 45 48 55 57 61 62 65 66 69 74 76 78 81 92 104 105 109 112 116 117 123 125 129 130 131 132 135 143 154 159 161 164 165 167 171 172 174
5 28 31 46 60 63 72 77 85 158 163 168 172
1 6 9 12 15 17 19 24 30 39 40 41 42 43 47 48 49 50 51 53 55 60 62 63 66 67 71 73 82 83 84 86 93 94 97 99 103 104 106 109 110 113 114 115 120 121 122 123 126 128 129 131 136 139 141 144 146 149 150 152 153 155 157 160 162 164 169 171 176 177
7 9 10 11 13 18 20 24 25 28 30 32 35 38 41 42 43 48 50 55 56 58 68 72 74 76 90 95 98 109 111 116 118 122 126 128 129 132 134 139 141 143 156 162 166 169 175
9 11 12 13 18 21 27 28 29 32 34 41 43 48 50 59 64 66 74 78 79 80 83 91 95 100 105 109 110 115 117 122 124 125 126 129 130 131 132 135 139 155 158 169 170 171 174 176
2 17 23 25 28 31 35 36 38 45 46 58 60 61 64 67 72 76 89 95 100 111 119 130 138 140 142 145 156 161 162 163 165 166 168 172 175
2 24 31 38 52 60 65 95 161 162 174
1 2 6 10 12 16 19 24 27 30 39 42 43 44 46 47 50 51 52 53 54 56 62 63 65 71 79 83 84 86 88 89 93 95 96 99 100 101 103 106 107 108 110 112 113 114 116 119 120 128 131 136 141 144 145 146 147 150 151 152 153 155 157 160 165 169 174
1 4 6 10 51 71 79 82 83 91 96 99 101 107 108 110 115 137 144 151 153 169
1 3 6 7 10 11 12 15 16 17 18 19 20 21 22 23 24 26 30 32 33 34 38 39 41 42 45 47 48 49 51 52 53 56 57 58 60 61 64 65 67 68 70 71 72 79 80 81 82 83 86 87 89 91 92 97 99 101 104 106 107 108 109 110 118 119 120 121 125 126 127 129 130 131 132 135 136 139 141 142 144 146 148 151 153 155 156 157 160 161 162 164 167 168 175
3 4 8 9 13 14 18 22 23 25 27 28 29 41 45 58 59 70 72 75 78 80 85 94 96 107 109 114 115 118 124 125 126 129 130 135 136 145 154 155 161 164 165 170 172 177
2 8 17 23 25 28 29 31 35 36 44 45 53 60 63 69 72 76 100 114 115 116 118 119 124 125 129 134 138 140 142 148 149 158 159 161 163 165 166 168 173 175 177
1 8 27 30 33 38 52 55 59 68 73 80 101 103 117 149 153
2 18 23 30 32 40 51 54 59 68 81 94 124 125 126 130 152 154 177
3 9 18 20 32 37 41 43 55 74 78 80 90 95 105 126 132 139 160 174
9 18 34 68 78 80 116 132 134 135 145 160 173
2 7 9 13 14 19 20 21 24 28 33 50 69 70 73 74 90 98 101 117 118 120 131 138 142 154 165 175
3 7 8 12 26 29 36 40 41 44 46 53 60 64 66 68 69 72 73 76 97 98 101 109 111 112 113 114 124 127 131 138 147 149 152 154 157 158 159 161 165 166 172 175 176
1 3 4 5 6 7 8 10 11 13 14 15 16 18 19 20 21 22 25 26 27 28 29 31 32 34 35 36 37 38 39 41 42 44 46 47 48 49 50 52 54 55 58 59 60 61 62 64 70 71 72 73 75 76 78 79 80 81 83 85 86 87 89 91 94 96 97 99 100 101 102 103 104 105 106 107 109 110 111 112 113 114 115 116 117 118 119 121 122 123 124 125 126 127 128 130 133 134 135 136 137 138 139 140 141 142 144 146 147 148 149 150 151 152 153 154 155 156 157 158 159 160 161 164 165 166 168 169 170 172 173 175 176
1 2 3 5 6 8 10 12 14 15 16 17 18 22 23 25 26 27 28 29 31 34 35 36 38 39 45 46 47 49 50 52 53 57 58 59 60 61 62 63 64 67 70 72 73 75 76 77 81 82 83 84 85 87 88 91 93 94 96 97 99 100 104 106 107 108 110 111 113 115 116 118 119 120 121 123 124 127 129 130 132 133 134 136 137 140 142 143 144 145 148 150 151 152 153 154 155 156 157 158 161 165 166 167 169 172 173 175 176 177
9 11 12 13 18 20 21 24 26 28 30 34 37 43 46 48 54 56 64 68 74 77 86 89 90 92 95 98 101 105 109 110 112 115 116 125 131 139 141 142 143 145 146 147 158 160 162 171
1 2 6 8 15 16 17 19 24 25 26 27 33 35 36 38 39 40 41 43 45 50 51 52 53 55 57 60 62 65 66 67 71 72 73 79 82 84 85 86 88 89 93 94 95 98 99 100 102 106 107 108 110 112 113 115 117 119 121 126 127 131 132 136 139 141 144 146 147 149 151 153 155 157 160 162 169 170 171 174
1 4 12 39 47 49 51 53 60 61 62 63 71 72 77 79 82 83 84 85 87 88 99 101 102 103 106 107 108 113 120 123 127 132 133 135 136 137 144 149 151 153 156 157 161 168 169 173
7 9 11 41 48 73 74 78 90 92 95 109 112 125 139 147 171
1 2 4 5 6 8 10 11 12 13 15 16 20 21 27 28 32 33 34 35 37 38 41 43 45 46 49 50 51 52 54 55 58 59 60 64 69 70 71 72 73 75 76 77 79 82 83 87 89 94 96 99 101 103 105 106 107 109 112 116 120 123 129 130 132 134 136 137 138 140 141 142 146 149 150 151 156 157 158 159 160 163 164 165 167 168 170 171 172
4 6 12 23 24 33 34 46 51 75 79 86 91 93 108 116 118 121 134 136 137 138 142 143 153 166 169 173
1 11 26 28 43 48 51 66 68 75 76 98 105 115 117 125 131 135 137 159 160 163 166 171
1 4 5 6 10 12 16 27 39 44 49 50 51 55 59 71 78 79 82 83 87 99 103 106 107 114 115 120 122 123 136 137 146 150 151 153 157 164 168
3 17 22 23 35 36 41 45 47 53 57 62 67 81 84 87 104 111 119 121 123 129 140 148 149 152 154 155 157 159 161 165 166 167 172 175 176
1 4 6 10 12 26 27 33 34 39 40 44 47 49 50 51 54 56 65 66 68 70 71 73 75 76 79 80 82 83 86 87 88 91 92 96 97 98 99 101 102 103 106 107 108 110 115 117 120 123 126 128 133 135 136 137 141 144 146 147 149 150 151 153 158 159 160 163 168 169 171 172
1 6 9 12 18 26 27 32 33 39 44 50 51 56 59 66 68 71 79 80 82 83 84 88 91 96 99 101 107 108 110 115 122 135 136 137 144 151 153 160 170
2 4 6 12 15 26 28 29 34 36 44 47 48 51 53 63 67 69 73 79 86 89 93 96 100 102 107 111 113 116 120 137 143 149 152 153 156 160 164 166 172 176
1 3 4 5 6 8 10 15 22 23 24 26 33 35 39 40 42 44 46 47 49 53 54 56 60 61 62 63 65 71 77 79 81 83 85 86 87 93 94 96 97 99 100 103 104 106 107 108 110 114 115 119 120 121 123 126 128 133 136 144 148 151 152 153 154 155 156 157 159 161 165 166 167 168 169 170 175 177
3 7 8 9 16 21 25 31 41 43 45 48 57 59 61 66 67 69 70 72 74 75 78 80 81 85 90 92 102 104 105 112 115 121 124 125 132 133 134 139 149 154 155 171 174 176 177
5 8 16 17 22 23 25 28 31 34 38 44 45 46 49 51 52 57 60 61 63 64 69 75 77 85 97 100 111 114 116 118 119 127 138 158 159 161 163 164 167 173 175
2 4 6 12 18 23 27 40 43 47 51 53 64 68 77 78 80 82 83 84 86 88 91 93 99 108 110 115 118 120 121 126 129 132 135 137 138 139 144 153 160 169 171 175
9 11 13 19 20 21 22 28 41 42 47 48 52 59 60 66 67 68 69 74 80 82 85 88 89 90 91 92 95 103 105 109 112 117 120 122 125 132 145 147 149 158 162 163 170 171 174 176
5 15 17 28 29 34 35 45 47 49 59 61 62 64 66 67 69 72 75 85 94 107 108 110 116 119 124 127 132 134 142 143 145 152 154 155 159 163 170 172 174 176 177
