293 3821 5862 6006 6103 9095 9841 11249 12133 14063 15033 15684 17529
373 541 2884 3097 5529 6299 6716 7834 8215 8255 8855 8998 10529 13593 13698 13703 14395 15633 16188 16783 17233 17395
59 66 2195 3306 3938 7833 11084 12708 12825 14466 15526 17764
21 500 7408 13141 14108 14576 15141 16052 16815 16964
914 1578 3644 4226 6308 7510 8139 12508 12565 13661 17485
21 500 2582 3072 7408 7485 9443 12111 13141 13603 14108 14576 15141 15408 16052 16815 16830 16964
2573 3457 4666 6124 6269 8321 12262 16142 16153 17021 17650
373 5529 6299 7834 8215 8255 10529 13703 14395 15633 16188 17395
2274 2638 2835 3282 3976 6263 11413 12873 16803 17230
2274 3282 3976 4996 6263 8046 8527 9776 11413 12162 14756
698 1736 1862 3269 4209 5177 6634 7690 10037 10272 10354 12924 14440 15047 15555 16706
1131 1217 1375 4107 6103 7240 7731 8409 9759 10453 13583 14346 15033
490 719 2418 3799 4175 4216 4218 5006 5259 6457 6855 8217 9808 10125 10127 10256 11703 11963 12460 16460 16703 17862
2021 3207 3429 3462 4529 4881 7903 8214 8290 8652 12927 13888 14155 15042 16168 17076 17707
832 1792 2021 3029 3429 3462 4881 7903 8214 8652 8965 11153 12735 13888 15042
1915 2176 2206 2274 2638 2835 3171 3976 5025 5287 6263 9776 9998 12162 13541 15160 15348 16803
876 5006 6855 10096 10627 12072 12460 12517 14753 15562 16098 16460 16993 17657
921 2144 2344 2762 2766 3493 3733 7565 7730 8127 10000 10190 10198 11523 11708 11880 12184 13690 14497 15194 15616 15837 16715 17426 17428 17670 17695 17779
3012 4044 6116 8491 8925 9905 12413 14180 16367 16835
561 788 1265 1499 1794 1955 2437 2727 2825 4223 4722 5219 6008 6569 6930 7419 7827 7912 9077 9103 9471 9794 10023 10056 11058 11555 11678 12186 12505 12818 12964 13166 14163 14418 15007 15155 15345 15364 15794 16584 16695 16922 17100 17229 17469
1736 1862 3269 4209 4362 4497 5639 5771 7690 10037 10354 11785 14440 15047
415 2811 3449 3620 5254 6728 8213 8346 10205 11617 11826 11905 12717 12885 12966 13201 13598 13638 15106 16116 16493 17210
1897 1904 3173 3449 5254 5322 7444 9613 12279 12717 12885 15106 15514
93 1353 1884 3594 3870 4200 4512 4820 4830 4986 6847 6922 7272 7336 7809 8025 8055 8577 8914 9116 9499 9601 9995 10047 10615 11242 11426 11810 12294 12602 12969 12999 14462 15097 15244 15288 16400 16415 17417 17622
361 842 970 978 2034 2528 3064 3286 4684 4720 4797 5369 5736 6866 7030 7267 8590 8638 8801 10057 10170 10263 10480 10687 10694 11961 12148 12455 13236 13665 16142 16623 16809 16851 17149 17152
738 2618 3120 3480 9082 9097 9561 10475 12053 12935 14319 15378 16187
28 1857 2436 2872 3120 5125 5129 6461 7411 8050 9097 9520 10475 10974 11081 11780 12053 13075 13289 13917
157 389 832 1210 1792 1961 2021 3029 3207 3429 3462 4529 4881 5569 6601 7903 8214 8290 8652 8806 8965 11040 11153 11469 12735 12927 13888 14155 14727 15042 15355 16168 17076 17219 17707 17956
538 1047 2292 2528 2578 4380 4955 5064 5127 7030 7541 9968 11961 12148 15029 16600
2344 2762 2766 7565 8127 10190 11880 14497 15616 16715 17426 17428 17670 17695
117 997 1675 9570 9906 12082 13286 14379 14891 16539
975 1201 4022 5657 7132 9943 10890 12413 12901 12951 16171 17285
157 1210 1792 1961 3029 3207 4529 4881 7903 8214 8806 11040 11153 11469 13888 14155 15042 15355 17076 17219 17707
2344 2762 3493 3733 6696 6776 7565 8857 11523 13690 15194 17779
114 932 1042 1614 1826 2826 2857 2893 4238 4395 6823 8252 8842 9355 9545 10156 10941 11204 11690 12861 12960 13555 13614 13729 14366 16963 17096 17268 17500
28 738 1857 2251 3120 3480 5125 5781 7411 7899 9520 10356 10475 11081 13075 13917 14541 15044 15125 15378 16250
432 4544 5475 6962 9035 9552 10007 10756 11221 12595
2378 2448 2711 5454 5677 6733 7269 8903 10024 10572 11193 11641 14895 15606
28 738 1109 1506 1857 2436 2618 3120 3480 5125 5781 7411 7902 8050 9082 9097 9520 9766 10356 11780 12053 12935 13075 13289 13917 14319 15044 15125 15378 16187 16250
117 1675 5925 9570 9906 12082 13286 14379 14891 16528 16539
3204 5983 7981 8920 9955 12835 14667 15571 16288 16932
1462 2711 6349 6733 7103 7269 8165 10939 11193 15411 15606
2199 2833 3316 3939 4567 4622 6451 6470 8614 9185 9503 12397 12546 12749 13617 13637 13765 14164 14658 14933 15014 15296 15894 16319 16651 16753 17535
659 5244 6939 8781 9132 9300 11122 11609 12882 13363 14182 17142 17325 17604
2345 3883 5244 6939 8781 9132 9312 10891 11122 11609 12779 12882 15026 15897 17325 17604
2864 3917 5392 7151 7307 8861 9136 9830 11983 15171 15819
738 1854 2196 3120 3480 4190 4725 5125 5212 5781 5829 6838 6986 7411 10307 10356 10475 13917 15378 16578
333 856 1062 1199 1634 3391 3570 3707 4393 5135 5651 5782 6025 6897 7151 8465 8695 9328 9848 11306 12484 12643 13403 14042 14768 15745 15818 16482
2303 2924 7031 7520 7913 10139 10413 12223 13855 16165 16344
68 403 780 1013 3358 3607 4267 5602 6721 6881 7156 7468 7514 7757 8102 8224 8745 9010 9759 10866 11105 11162 11677 12161 12467 12739 12876 13077 13769 13865 14746 15320 15587 16013 16785 17030 17166 17564 17672
