1 3 7 9 11 14 27 29 30 32 40 41 45 52 55 57 61 62 63 66 70 74 91 94 95 98 100 101 104 111 112 117 119 120 122 123 127 131 133 139 145 154 162 170 172
3 7 8 16 22 23 28 31 33 38 43 45 52 53 57 65 70 72 75 77 81 87 94 100 104 105 111 112 130 134 140 145 148 152 154 155 157 161 162 164 167 173 174 175 176
1 4 5 6 10 12 13 14 15 17 18 20 24 27 28 30 33 34 39 43 46 49 50 51 52 53 54 56 59 61 64 65 67 71 75 79 80 82 83 84 86 92 96 99 100 102 103 105 106 107 108 110 113 119 120 121 125 126 128 130 131 136 138 141 144 150 151 152 153 156 162 167 169 170 177
3 9 14 18 22 41 45 69 72 75 94 109 116 124 125 139 145 148 154 173
1 2 3 4 5 6 8 12 15 16 17 22 23 24 25 26 27 28 31 33 34 35 36 37 38 39 40 44 45 46 47 49 50 51 52 53 54 56 57 58 59 60 61 62 63 64 65 67 69 70 71 72 75 76 77 79 82 83 84 85 86 87 88 89 91 93 94 96 97 99 100 103 104 106 107 108 110 111 113 114 115 116 118 119 120 121 123 126 127 128 129 133 134 136 137 138 140 142 143 144 145 148 149 150 151 152 153 155 156 157 158 159 161 162 163 165 166 167 168 169 170 172 173 175 176 177
1 2 4 5 6 7 8 10 12 13 14 15 16 20 23 24 26 27 28 29 30 32 33 35 37 38 39 40 42 43 44 47 49 50 51 52 53 54 55 56 57 58 59 60 61 62 63 65 66 67 68 70 71 72 73 74 76 78 79 80 81 82 83 84 85 86 87 88 89 90 91 93 94 95 96 97 98 99 100 101 102 103 104 105 106 107 108 110 111 112 113 114 115 117 119 120 121 122 126 128 130 131 132 133 134 135 136 137 140 141 142 144 146 147 148 149 150 151 152 153 157 158 159 160 162 164 165 167 168 169 170 172 174 176
12 17 23 24 26 30 31 33 34 40 44 51 53 66 68 69 72 73 74 76 82 84 86 88 91 108 111 113 114 118 121 131 138 140 142 144 149 152 154 158 159 163 165 166 169 171 175 176
1 2 4 5 10 12 16 23 25 27 34 35 38 40 46 47 49 50 52 53 57 59 60 62 64 67 72 77 85 86 103 106 108 110 118 120 129 138 148 150 155 156 157 162 167 168 177
7 9 11 18 19 21 24 30 31 37 41 43 45 48 57 66 74 78 80 81 88 90 95 101 102 104 105 109 112 113 117 125 126 130 131 135 139 145 146 147 154 160 161 162 164 165 167 171 174
2 5 14 15 16 19 22 25 29 31 35 36 58 65 72 74 75 77 78 80 81 90 93 94 98 100 102 104 111 116 129 131 134 140 143 145 149 154 159 162 165 166 168 170
3 5 7 8 9 10 11 13 14 15 16 17 18 19 20 21 22 24 25 26 28 30 31 32 34 35 36 37 38 41 42 43 44 45 46 48 49 52 53 55 57 58 59 60 61 62 64 65 66 67 69 70 71 72 73 74 76 77 78 80 81 87 88 89 90 91 92 94 95 96 97 98 100 101 102 103 104 105 106 109 111 112 113 114 116 117 118 119 121 123 124 125 127 128 129 130 131 132 133 134 135 138 139 140 141 142 143 145 146 147 148 149 150 152 154 155 156 157 158 159 160 161 162 163 164 165 166 167 168 171 172 173 174 175 176
3 5 8 9 13 14 16 18 19 21 22 23 25 29 36 45 58 63 69 72 74 77 78 85 92 94 102 109 112 115 118 122 124 125 129 130 132 134 135 140 154 155 159 161 166 168 173 176 177
3 6 7 9 10 11 13 14 15 18 19 21 27 29 32 34 35 41 45 48 59 68 69 74 78 80 90 92 99 102 104 105 112 115 122 124 125 132 135 137 139 146 150 154 158 170 171 174
1 3 6 9 14 18 21 23 30 32 37 38 41 45 48 58 67 72 78 80 81 92 95 96 101 102 105 109 112 125 126 130 131 132 136 137 139 145 155 164 171 174
1 3 4 6 10 11 12 13 18 20 24 26 27 30 32 33 37 39 40 41 42 43 46 48 49 50 51 54 55 56 59 65 66 68 71 73 74 76 77 78 79 82 83 84 86 87 88 89 90 91 92 95 96 97 98 99 101 103 104 105 107 108 109 110 111 112 113 115 118 120 121 122 124 125 126 127 128 131 132 133 135 136 137 139 141 144 146 147 148 149 150 151 153 156 158 160 162 163 169 170 171
2 5 16 22 23 25 28 31 34 35 36 38 44 45 46 58 64 69 76 85 94 97 100 116 118 124 138 140 143 145 148 156 158 159 161 163 165 166 167 172 173 175
17 23 24 30 31 35 36 38 40 45 49 52 53 58 60 61 62 63 65 67 72 81 86 93 100 104 106 111 114 118 119 123 128 129 130 133 138 140 144 145 155 157 162 165 167 177
4 5 6 12 22 27 28 35 39 47 51 55 58 64 68 76 77 79 83 84 96 97 99 101 106 107 108 116 118 135 137 138 142 143 144 151 153 154 160 163 169
3 5 7 9 10 11 13 14 18 19 20 21 22 29 31 32 36 39 41 48 58 59 74 78 80 81 90 94 101 102 104 105 109 122 124 125 127 129 130 135 139 147 152 154 170 171 173 177
1 2 3 4 6 10 14 16 17 18 22 24 25 27 29 32 33 35 38 39 40 42 46 47 52 53 56 58 62 64 65 67 68 69 71 72 76 77 80 83 85 86 91 96 97 99 100 101 103 104 106 107 108 110 111 112 113 114 115 117 118 119 121 122 123 125 126 127 128 129 130 133 134 136 137 138 140 144 145 148 150 151 152 155 156 157 159 161 163 164 165 166 168 171 172 173
2 9 14 19 22 24 27 28 29 30 31 35 36 38 42 47 48 53 54 58 68 78 86 90 91 92 93 100 101 105 108 112 117 124 129 134 135 139 140 143 148 152 160 162 166 167 173 174
2 20 23 24 25 27 30 31 33 35 36 42 43 46 47 49 50 52 53 56 58 61 62 64 68 73 76 85 86 92 93 95 100 101 103 110 113 116 120 123 128 129 134 138 140 145 147 156 158 159 162 163 164 166 167 168 172
7 9 14 24 25 28 29 30 31 40 43 45 48 53 58 63 66 69 73 74 78 80 81 95 104 105 109 113 117 118 121 122 123 124 125 129 131 147 149 152 154 155 157 159 163 165 166 174 176
7 11 13 14 18 22 35 41 45 60 69 80 87 92 95 101 105 112 116 117 122 130 131 143 146 154 155 160 164 167
2 3 4 5 6 9 12 17 18 27 31 39 50 51 56 58 61 67 68 71 79 82 83 90 99 107 108 110 115 119 130 136 137 144 150 151 153 155 169 177
2 29 36 46 69 100 118 119 134 140 143 145 166 167 175
2 4 11 13 16 20 27 29 30 32 35 37 40 43 47 50 51 52 59 60 62 65 67 71 77 80 83 84 86 89 97 100 101 103 107 119 120 123 130 136 137 144 146 147 148 150 151 157 164 167 169 170 172
1 4 15 33 39 49 50 80 82 83 84 87 88 91 99 104 107 110 116 122 126 128 137 153
3 9 11 22 24 28 29 30 31 43 48 55 57 58 60 69 74 78 80 81 90 95 101 104 105 109 112 117 125 130 131 133 135 139 143 146 147 152 154 162 165 167
3 4 6 11 37 38 39 49 55 57 70 71 82 89 96 99 107 136 141 144 172
1 4 5 6 12 18 27 35 51 68 72 76 79 80 82 83 99 107 108 118 128 136 137 144 150 153 164
5 9 10 11 13 14 18 20 21 28 32 34 37 38 41 43 45 48 59 64 69 74 78 85 90 92 95 105 109 112 116 117 118 130 139 141 143 146 147 148 160 164 166 170 174
1 4 23 33 34 40 51 68 82 86 89 99 103 105 114 122 128 130 134 138 144 153 159 163 169
1 16 29 39 47 49 61 64 79 84 106 120 129 142 152 157 163 175
1 4 5 16 17 22 28 29 35 44 45 52 53 57 60 63 64 67 69 70 86 89 97 111 114 116 123 140 149 155 156 159 161 165 168
8 23 28 29 31 44 63 116 138 140 142 145 154 163 165 166 173
2 3 8 9 11 13 14 16 21 23 25 31 36 37 41 43 45 48 61 62 74 75 76 78 81 94 102 104 106 109 112 122 124 125 130 132 133 145 152 154 161 164 168 170 172 174
2 5 8 17 22 25 28 29 31 34 35 36 38 45 46 47 53 58 60 75 76 89 106 116 118 129 130 134 138 140 142 143 152 157 159 161 164 165 166 167 173 175
7 9 18 21 41 48 74 78 80 90 92 105 112 117 124 139 174
1 12 20 27 30 32 33 47 50 51 56 66 68 73 78 79 82 83 84 86 90 91 103 105 108 109 110 120 126 131 132 135 137 144 157 162 171
1 4 6 7 10 11 13 15 19 20 21 27 30 32 33 37 38 39 40 42 44 48 49 50 54 55 56 57 59 61 62 63 65 66 67 70 71 73 74 80 83 84 87 89 90 91 92 96 97 98 99 102 103 104 107 108 109 111 113 114 115 117 119 120 121 123 125 127 128 129 131 133 135 137 141 144 146 147 150 151 155 160 169 171 174
9 10 16 17 18 24 25 30 32 33 36 37 41 42 43 54 56 64 78 80 92 102 105 109 112 118 120 128 129 130 131 132 135 139 143 148 152 154 156 160 165 166 169 174 175
2 28 35 38 44 52 60 62 63 64 76 93 97 100 106 111 119 123 140 156 166 168
7 9 13 20 43 64 74 90 109 118 141 142 143 156
2 3 8 16 17 23 25 31 35 44 45 51 52 55 57 60 61 62 63 67 70 72 76 85 87 94 104 111 112 113 119 120 124 133 134 137 140 143 145 149 151 154 156 159 161 166 167 175
3 73 76 85 102 113 121 135 173 176 177
2 3 14 22 25 29 35 36 45 47 52 62 63 69 70 72 75 81 84 85 93 94 100 104 111 118 121 124 132 133 145 148 154 155 157 159 166 167 172 173 175 176 177
1 2 4 6 12 15 17 23 24 26 27 29 30 37 38 39 40 42 44 47 49 50 51 52 53 54 56 57 61 62 63 65 66 67 68 71 79 81 82 83 84 86 87 88 89 91 93 96 97 99 100 103 104 107 108 110 111 113 114 115 117 119 120 121 123 125 126 128 129 130 131 136 137 144 146 148 149 150 151 153 155 161 162 163 168 169 177
3 4 10 17 22 44 67 68 71 74 107 120 122 126 134 135 142 151 157 170
3 5 8 9 12 18 21 23 25 29 31 35 36 38 39 41 44 45 57 70 71 72 74 75 77 85 87 94 97 102 111 124 125 127 130 132 134 135 137 145 149 154 155 161 168 172 175 176
