#iterations	mean Measure
1	6.775339477509348E-4
501	4.180026222959806E-4
1001	4.024145293501319E-4
1501	4.4585721183763925E-4
2001	4.533650272654562E-4
2501	3.6518960686251573E-4
3001	3.049080203436042E-4
3501	3.113613587309922E-4
4001	2.7320695881142773E-4
4501	2.810678463355329E-4
4501	2.810678463355329E-4
4501	2.810678463355329E-4
5001	2.5370528393223754E-4
5001	2.5370528393223754E-4
5501	2.57860222655849E-4
6001	2.367223549891593E-4
6001	2.367223549891593E-4
6501	2.4013322668531994E-4
7001	2.2920275419995357E-4
7501	2.263979513448332E-4
8001	2.2705199054687183E-4
8501	2.1591884628785826E-4
8501	2.1591884628785826E-4
9001	2.1932062686740928E-4
9001	2.1932062686740928E-4
9001	2.1932062686740928E-4
9501	2.1731453830269092E-4
10001	2.1137564878805423E-4
10001	2.1137564878805423E-4
10501	2.1486503563190087E-4
11001	2.0976854192142718E-4
11501	2.0603090012245726E-4
11501	2.0603090012245726E-4
12001	2.0676388204010878E-4
12501	2.041115282099851E-4
13001	2.006130957025405E-4
13501	2.006541046660492E-4
14001	1.9935305774811915E-4
14501	1.9515568171245748E-4
15001	1.9193343625005326E-4
15501	1.9179494498420535E-4
16001	1.901685663561346E-4
16001	1.901685663561346E-4
16501	1.891875926971355E-4
17001	1.861709901764873E-4
17501	1.834747434027076E-4
18001	1.8315006463755587E-4
18501	1.8250201454029954E-4
19001	1.814473484100289E-4
19501	1.8016481700813038E-4
20001	1.784510162969621E-4
20501	1.7720118854539787E-4
21001	1.7511077026703665E-4
21501	1.7396668831447476E-4
22001	1.7252117630781166E-4
22501	1.7154331126154033E-4
22501	1.7154331126154033E-4
23001	1.7069511979406435E-4
23001	1.7069511979406435E-4
23501	1.7031379767674327E-4
23501	1.7031379767674327E-4
24001	1.690184524102477E-4
24501	1.6764679090430166E-4
24501	1.6764679090430166E-4
25001	1.6659813443056876E-4
25501	1.6561603892546368E-4
26001	1.6478501501599846E-4
26001	1.6478501501599846E-4
26501	1.6397244307079836E-4
26501	1.6397244307079836E-4
26501	1.6397244307079836E-4
27001	1.6345539182207873E-4
27501	1.6279815682687266E-4
28001	1.6253099931580383E-4
28501	1.6176586107307495E-4
28501	1.6176586107307495E-4
29001	1.608030196955083E-4
29501	1.6035305400439445E-4
30001	1.5936048077284118E-4
30501	1.583993014467838E-4
31001	1.5756124121576318E-4
31501	1.568372244708831E-4
32001	1.5704163619127538E-4
32501	1.562116852943196E-4
33001	1.55385023250524E-4
33001	1.55385023250524E-4
33001	1.55385023250524E-4
33001	1.55385023250524E-4
33001	1.55385023250524E-4
33001	1.55385023250524E-4
33001	1.55385023250524E-4
33001	1.55385023250524E-4
33001	1.55385023250524E-4
33001	1.55385023250524E-4
33501	1.5442421117558037E-4
33501	1.5442421117558037E-4
34001	1.5385935567505186E-4
34501	1.532866833907984E-4
35001	1.5265142442310185E-4
35501	1.5155597688652655E-4
36001	1.506911978751877E-4
36501	1.5010743775431347E-4
37001	1.492172661362423E-4
37501	1.4904557827169945E-4
38001	1.48464579513505E-4
38501	1.479656579555328E-4
39001	1.4752779901279278E-4
39501	1.4694848590539607E-4
40001	1.4625696764276473E-4
40001	1.4625696764276473E-4
40501	1.4588432010523948E-4
41001	1.4522996684586888E-4
41501	1.446097229187698E-4
42001	1.4442105324699028E-4
42501	1.4368605391993665E-4
43001	1.4361429814233108E-4
43501	1.4295824059095048E-4
44001	1.4291185753369232E-4
44501	1.4224449455683957E-4
45001	1.4178577442102393E-4
45501	1.4142506591134315E-4
46001	1.4086914297415244E-4
46501	1.404672839997422E-4
47001	1.397818224965019E-4
47001	1.397818224965019E-4
47501	1.3998719880887903E-4
48001	1.3975415934739063E-4
48501	1.3936292863820764E-4
49001	1.3870761900660678E-4
49501	1.382644987619131E-4
50001	1.377476191294932E-4
50501	1.3723581730524481E-4
50501	1.3723581730524481E-4
51001	1.367642756588247E-4
51501	1.3623823502169514E-4
52001	1.3593246892064354E-4
52501	1.3568764782363496E-4
53001	1.35366905711317E-4
53501	1.3505746268534967E-4
54001	1.3459696079632638E-4
54501	1.343493538190295E-4
55001	1.3416855390678762E-4
55501	1.3380862433520042E-4
56001	1.3342366526168211E-4
56501	1.3322386625113617E-4
57001	1.3291342589606965E-4
57501	1.3241782488494335E-4
58001	1.3212329920370114E-4
58501	1.3184376625953762E-4
58501	1.3184376625953762E-4
59001	1.3131146944843716E-4
59501	1.309235314718069E-4
60001	1.3052638171933667E-4
60501	1.3012135985836383E-4
60501	1.3012135985836383E-4
61001	1.2982362352980626E-4
61501	1.2956241324343942E-4
62001	1.2906826580522658E-4
62501	1.28578116210929E-4
63001	1.2815641491515427E-4
63501	1.2803571803846148E-4
63501	1.2803571803846148E-4
63501	1.2803571803846148E-4
63501	1.2803571803846148E-4
63501	1.2803571803846148E-4
64001	1.2763477785297385E-4
64501	1.2749784711889902E-4
65001	1.271464817007517E-4
65501	1.268788237678232E-4
66001	1.2643559469954668E-4
66501	1.2605887293155418E-4
67001	1.257851868545119E-4
67501	1.255201284184E-4
68001	1.2519377849367117E-4
68501	1.2478293459148177E-4
69001	1.2467270636173003E-4
69501	1.2436244511654956E-4
70001	1.2420094628297655E-4
70001	1.2420094628297655E-4
70001	1.2420094628297655E-4
70501	1.2382411291336998E-4
71001	1.2379229868173916E-4
71501	1.2343962738614736E-4
72001	1.231705124564229E-4
72501	1.2282179831255184E-4
73001	1.2238889213956575E-4
73501	1.220434913176317E-4
74001	1.2175690752527546E-4
74501	1.2140080992136394E-4
75001	1.2107980404023603E-4
75501	1.2065652195417502E-4
76001	1.2026715423141257E-4
76501	1.1986639837436814E-4
76501	1.1986639837436814E-4
77001	1.1950990907127951E-4
77501	1.1906948427731693E-4
77501	1.1906948427731693E-4
78001	1.1867056485737396E-4
78501	1.1832324615761426E-4
79001	1.1811333953361451E-4
79501	1.1773041930201649E-4
80001	1.1727382656462003E-4
80501	1.1705697863167236E-4
81001	1.1671205432947231E-4
81501	1.1642125418978778E-4
82001	1.1600943019864047E-4
82501	1.1565514686996654E-4
83001	1.1536828463836535E-4
83501	1.1499360334133177E-4
83501	1.1499360334133177E-4
84001	1.1469694294224683E-4
84001	1.1469694294224683E-4
84001	1.1469694294224683E-4
84001	1.1469694294224683E-4
84001	1.1469694294224683E-4
84001	1.1469694294224683E-4
84001	1.1469694294224683E-4
84001	1.1469694294224683E-4
84001	1.1469694294224683E-4
84001	1.1469694294224683E-4
84001	1.1469694294224683E-4
84501	1.1441936745142639E-4
85001	1.1413663543923027E-4
85001	1.1413663543923027E-4
85501	1.1377995832741562E-4
86001	1.1370785324969842E-4
86501	1.1340742742092199E-4
87001	1.1306213000352561E-4
87501	1.128028006303745E-4
88001	1.1252145969578872E-4
88501	1.1220095358259267E-4
88501	1.1220095358259267E-4
89001	1.1207986839302032E-4
89501	1.1183330233333004E-4
90001	1.1158498050319634E-4
90001	1.1158498050319634E-4
90501	1.1129450342293585E-4
90501	1.1129450342293585E-4
91001	1.1100491610654106E-4
91501	1.1074975400043947E-4
91501	1.1074975400043947E-4
92001	1.1056882784777659E-4
92501	1.1029511001969835E-4
93001	1.1011153274036517E-4
93501	1.0981686225905008E-4
94001	1.0957409632755129E-4
94501	1.0938218114751752E-4
94501	1.0938218114751752E-4
95001	1.0920722185374115E-4
95001	1.0920722185374115E-4
95001	1.0920722185374115E-4
95001	1.0920722185374115E-4
95001	1.0920722185374115E-4
95001	1.0920722185374115E-4
95001	1.0920722185374115E-4
95001	1.0920722185374115E-4
95001	1.0920722185374115E-4
95501	1.0901531848921165E-4
96001	1.0887496265150632E-4
96001	1.0887496265150632E-4
96001	1.0887496265150632E-4
96001	1.0887496265150632E-4
96501	1.0862433054268748E-4
97001	1.0838788017827307E-4
97001	1.0838788017827307E-4
97001	1.0838788017827307E-4
97501	1.0809276495021463E-4
98001	1.0781860546286892E-4
98501	1.0756244466964077E-4
99001	1.0738119542841281E-4
99501	1.0720455051796184E-4
