1 2 3 4 6 7 9 10 11 12 13 14 15 16 17 18 19 20 21 22 23 24 26 27 30 32 33 36 37 39 40 41 42 43 47 48 49 50 51 52 53 54 55 56 57 58 59 60 61 62 65 66 67 68 70 71 73 74 75 78 79 80 81 82 83 84 85 86 87 88 89 90 91 92 93 94 95 96 97 98 99 101 102 103 104 105 106 107 108 109 110 111 112 113 114 115 117 120 121 122 123 124 125 126 127 128 129 130 131 132 133 135 136 137 139 141 144 146 147 149 150 151 152 153 154 155 157 160 162 164 168 169 170 171 174 176 177
3 5 8 9 11 13 14 16 18 19 21 22 23 25 29 31 35 45 58 59 62 69 75 76 81 85 94 104 106 118 121 124 125 127 130 133 134 139 145 152 154 155 159 161 165 167 173 176
7 9 10 11 13 14 18 20 21 26 37 42 48 50 54 56 59 68 69 73 74 78 89 90 92 95 101 102 105 109 110 112 115 117 118 122 125 127 139 141 143 146 147 170 171 174 176
7 9 10 11 13 18 20 21 26 27 28 32 33 37 41 42 43 48 50 54 55 56 59 66 68 69 73 74 78 80 90 91 92 95 101 102 105 109 110 117 122 125 132 139 160 169 170 171 174
3 5 17 22 29 31 35 36 38 44 45 47 53 57 58 61 62 67 77 81 84 93 94 100 104 106 111 116 121 124 129 130 133 134 143 148 152 154 155 157 161 165 175 176 177
1 2 5 7 8 9 10 11 14 15 16 17 20 21 22 23 24 25 28 29 30 31 32 33 35 36 37 38 41 42 43 44 45 46 47 48 49 52 53 58 59 60 61 62 63 64 65 66 67 69 70 72 73 75 76 77 78 80 81 84 85 87 89 90 91 92 93 94 95 97 100 101 102 103 104 105 106 109 111 112 113 114 115 116 117 118 119 120 121 123 124 126 127 129 130 131 132 133 134 135 137 138 139 140 141 142 143 145 147 148 149 151 152 153 154 155 156 158 159 161 162 163 164 165 166 167 168 169 172 173 174 175 176 177
4 5 10 13 18 32 39 55 59 71 99 101 107 136 137 146 150
4 5 9 10 11 13 18 20 21 28 29 32 39 45 48 55 59 69 71 74 77 78 80 90 92 95 99 101 104 107 109 117 122 124 125 127 130 132 136 137 139 146 150 154 161 176
5 8 9 13 14 16 18 21 28 58 69 75 85 109 116 118 124 145 154 167 170 176
5 8 9 10 13 14 15 16 18 21 26 28 34 58 59 64 66 68 69 73 75 77 85 90 95 107 109 115 116 118 124 135 137 139 142 143 145 154 158 163 166 167 170 171 176
5 8 9 13 14 16 18 25 29 31 34 44 45 59 64 69 72 75 76 85 94 115 116 118 124 125 132 134 135 138 139 140 148 149 154 158 163 166 168 170 171 173 176 177
2 8 9 17 19 20 21 26 29 43 44 47 51 53 56 59 60 61 63 66 68 73 75 78 84 87 90 92 93 98 117 119 120 129 130 131 132 135 137 147 152 162 169 175 176 177
1 2 3 4 5 6 7 8 9 10 11 12 13 14 15 16 17 18 19 20 21 22 23 24 25 26 27 28 29 30 31 32 34 35 36 37 38 39 40 41 42 43 44 45 46 47 48 49 50 51 52 53 54 55 56 57 58 59 60 61 62 63 64 65 66 67 68 69 70 71 72 73 75 76 77 78 79 80 81 82 83 84 85 86 87 88 89 90 91 92 93 94 95 96 97 98 99 100 101 102 103 104 105 106 107 108 109 110 111 112 113 114 115 116 117 118 119 120 121 122 123 124 125 126 127 128 129 130 131 132 133 134 135 136 137 138 139 140 141 142 143 144 145 146 147 148 149 150 151 152 153 154 155 156 157 158 159 160 161 162 163 164 165 166 167 168 169 170 171 172 173 174 175 176 177
1 2 3 4 5 6 7 8 9 10 11 12 13 14 15 16 17 18 19 20 21 22 23 25 26 27 29 31 32 35 36 37 39 41 42 43 44 45 46 47 49 50 51 54 56 58 59 61 62 63 64 65 66 67 68 69 70 71 72 73 74 75 76 77 78 79 80 82 83 85 88 89 90 91 92 94 95 96 97 98 99 102 103 104 106 107 108 109 110 111 113 114 115 116 117 118 120 122 124 125 126 128 131 134 135 136 138 139 141 142 143 145 146 147 148 149 150 151 152 154 156 157 158 160 164 166 168 169 170 171 172 174 176 177
7 9 11 14 18 19 21 25 28 29 31 32 43 48 55 59 66 68 73 74 78 80 81 90 98 101 102 105 109 117 122 124 125 130 135 137 139 141 143 145 147 154 160 164 171 173 174 176
1 4 16 17 24 28 29 30 33 34 37 46 47 49 53 54 62 71 76 79 82 96 100 101 103 107 114 119 123 127 128 129 131 133 136 140 142 143 144 155 157 163 164 165 168
1 2 3 4 6 10 12 13 15 16 17 18 20 23 24 25 26 27 28 29 30 32 33 34 35 36 37 39 40 41 42 43 44 45 46 47 49 50 51 53 54 56 59 62 64 65 66 68 69 71 72 73 76 77 79 82 83 84 85 86 87 88 91 93 95 96 97 98 99 100 101 102 103 105 106 107 108 109 110 111 114 115 116 117 118 119 120 121 122 123 125 126 127 128 129 131 132 133 134 136 138 139 140 141 142 143 144 146 147 148 149 150 151 153 154 155 156 157 158 160 163 164 165 166 168 169 170 171 175 177
3 9 14 17 23 28 29 34 35 38 45 67 69 72 76 81 85 93 94 100 104 111 116 118 119 120 127 131 132 134 140 143 148 154 155 161 164 165 166 170 173 175
1 5 7 8 9 10 11 13 14 15 17 19 20 21 24 25 26 27 28 29 30 32 33 35 36 37 38 39 40 41 42 43 44 46 48 50 52 53 54 55 56 57 58 59 60 62 63 64 65 66 67 68 69 70 71 72 73 74 75 76 77 78 79 80 83 86 88 89 90 91 92 95 96 98 99 100 101 102 103 105 108 109 110 111 112 113 114 115 117 118 119 120 122 123 125 126 127 128 129 131 132 134 136 138 139 140 141 142 143 144 145 146 147 148 150 151 152 154 156 157 158 159 160 162 163 164 166 169 170 171 172 174 175 176 177
2 15 17 25 29 30 43 48 53 61 64 81 98 101 120 126 131 133 134 135 141 143 149 153 156 159 164 171
2 9 10 15 17 25 28 29 30 33 34 43 48 53 61 64 69 73 81 98 101 110 116 117 118 120 125 126 131 133 134 135 141 143 149 153 156 159 164 166 171 175
5 9 11 13 18 21 32 48 50 51 54 63 68 72 77 78 88 101 103 118 137 147 160 171 174 176
5 9 11 13 16 18 21 26 32 41 48 50 51 54 56 63 68 72 77 78 88 92 101 103 109 117 118 122 137 139 141 147 160 170 171 174 176
5 9 11 13 16 18 21 23 25 26 28 32 41 45 48 50 51 54 56 63 68 72 74 77 78 88 90 92 95 101 103 109 112 116 117 118 122 133 137 139 141 147 160 166 168 170 171 174 176
5 7 8 9 10 18 19 21 22 32 37 39 41 43 45 48 58 59 60 65 74 78 81 88 94 101 102 109 112 117 123 124 125 127 130 131 133 135 136 139 146 148 152 155 161 172 174
8 14 16 18 22 23 31 35 42 43 45 63 68 69 78 81 92 101 103 105 106 113 125 129 130 149 157 159 161 164 171 173 174 176 177
8 14 16 18 22 23 31 35 42 43 45 48 63 68 69 73 74 78 81 92 101 103 105 106 109 111 113 116 120 125 129 130 138 140 143 149 154 157 159 161 163 164 165 171 173 174 176 177
3 16 28 34 45 52 58 69 77 81 129 137 145 155 156 159 161 168 173 175
3 9 16 17 23 25 28 29 34 43 45 52 53 58 64 68 69 70 74 77 78 81 105 109 112 116 129 132 135 137 139 145 152 155 156 159 161 162 164 165 166 167 168 173 175
1 6 10 15 19 23 26 27 28 33 39 42 46 47 49 50 54 56 60 62 64 67 73 76 77 79 81 82 83 84 87 88 89 91 93 96 97 98 103 106 107 110 111 113 114 115 116 118 119 120 121 123 125 126 138 140 141 146 147 149 151 155 157 158 163 165 169 171 174 176
1 2 3 5 6 7 8 9 10 11 13 14 15 16 18 19 20 21 22 23 25 26 27 28 29 31 32 33 35 36 39 41 42 43 44 46 47 48 49 50 54 55 56 57 58 59 60 61 62 64 66 67 68 69 70 72 73 74 75 76 77 78 79 80 81 82 83 84 85 87 88 89 91 92 93 94 96 97 98 101 102 103 104 105 106 107 109 110 111 112 113 114 115 116 117 118 119 120 121 122 123 124 125 126 127 132 133 134 135 138 139 140 141 143 145 146 147 148 149 151 154 155 157 158 160 163 165 166 169 170 171 172 174 176 177
2 3 5 8 14 16 17 22 23 25 29 31 34 45 52 56 57 60 61 69 72 75 76 81 85 92 98 104 111 116 118 124 134 137 140 145 148 149 152 154 156 161 166 167 170 173 174 175 176
1 3 17 19 20 22 23 24 26 28 29 30 31 33 35 37 38 40 42 44 46 47 48 49 50 52 53 54 56 57 58 60 61 62 63 64 65 67 71 72 76 77 78 86 87 88 89 92 93 95 97 98 100 102 103 104 105 106 109 110 111 112 113 114 116 119 120 121 123 128 129 131 133 134 138 140 142 146 147 148 149 152 154 156 157 159 160 161 162 163 164 165 166 168 169 172 175 177
1 2 3 4 6 12 15 17 19 20 22 23 24 26 27 28 29 30 31 32 33 35 37 38 39 40 42 43 44 46 47 48 49 50 51 52 53 54 55 56 57 58 60 61 62 63 64 65 67 68 71 72 76 77 78 79 80 82 83 84 86 87 88 89 91 92 93 95 96 97 98 99 100 101 102 103 104 105 106 107 108 109 110 111 112 113 114 115 116 119 120 121 123 126 128 129 131 133 134 135 136 137 138 140 142 144 146 147 148 149 150 151 152 153 154 156 157 159 160 161 162 163 164 165 166 168 169 171 172 175 177
3 5 8 11 13 14 16 22 23 25 28 34 35 47 58 60 69 72 75 76 85 87 89 94 97 106 107 116 118 124 127 130 138 140 142 145 155 156 157 159 161 164 170 173 175 176 177
1 6 7 9 10 11 13 18 20 21 23 27 32 36 39 41 43 48 59 68 73 78 90 92 95 100 109 110 111 115 116 126 132 135 137 139 147 153 158 163 166 170 171 174
8 18 23 25 28 29 31 34 36 43 44 45 46 63 69 73 76 78 83 91 94 105 111 113 115 116 118 124 125 134 135 137 138 140 143 145 149 153 154 158 159 163 165 166 171 173 176
1 6 8 10 11 13 14 15 18 20 21 22 26 27 32 38 39 40 41 45 49 50 51 54 56 67 68 73 76 77 80 82 89 98 102 105 106 108 109 110 114 115 117 122 124 125 126 127 128 130 141 146 147 151 155 157 158 165 169 174 176 177
1 2 6 8 10 11 13 14 15 18 19 20 21 22 24 25 26 27 29 30 31 32 33 38 39 40 41 42 43 45 47 48 49 50 51 53 54 56 58 62 65 67 68 69 73 75 76 77 80 82 89 90 92 95 98 100 102 105 106 108 109 110 112 114 115 116 117 119 121 122 124 125 126 127 128 129 130 131 138 140 141 146 147 148 151 152 155 157 158 159 164 165 168 169 171 173 174 176 177
1 2 4 6 8 9 10 11 12 13 14 15 18 19 20 21 22 23 24 25 26 27 28 29 30 31 32 33 34 37 38 39 40 41 42 43 44 45 46 47 48 49 50 51 53 54 56 58 59 60 61 62 64 65 67 68 69 71 73 75 76 77 78 79 80 82 83 84 86 89 90 92 93 95 96 98 99 100 102 105 106 107 108 109 110 112 114 115 116 117 118 119 121 122 124 125 126 127 128 129 130 131 135 136 137 138 140 141 143 144 146 147 148 150 151 152 153 155 157 158 159 160 163 164 165 168 169 171 173 174 175 176 177
3 5 9 10 11 14 16 18 22 25 26 28 31 34 45 56 59 69 72 75 77 81 91 92 93 96 100 104 107 115 121 122 131 137 142 143 145 155 156 158 161 166 170
1 3 6 10 12 15 16 17 18 25 27 28 29 31 39 40 44 46 47 49 50 51 55 57 59 62 63 66 67 68 71 73 75 76 79 80 82 83 84 86 87 93 98 101 103 111 113 114 115 116 119 120 121 123 124 125 126 127 130 133 134 136 137 142 143 145 146 148 149 150 151 153 157 158 159 160 161 164 165 166 169 171 173 175 176
2 5 8 17 24 29 35 45 46 53 57 58 63 67 87 93 104 106 116 119 123 129 140 143 145 152 155 157 159 161 165 166 172 177
2 5 8 9 10 11 13 14 15 16 17 20 21 23 24 25 26 27 28 29 30 31 33 34 35 37 38 40 41 42 43 44 45 46 47 50 52 53 54 56 57 58 59 60 62 63 64 65 66 67 68 72 73 75 76 77 79 81 84 85 86 87 89 90 91 93 94 95 96 97 98 100 101 102 103 104 106 108 109 110 111 112 113 114 115 116 117 118 119 120 121 123 127 128 129 130 132 133 134 138 139 140 141 142 143 144 145 146 147 148 149 152 154 155 156 157 158 159 161 162 163 164 165 166 168 169 170 172 173 174 176 177
2 4 5 8 12 15 16 17 20 22 23 24 25 27 28 30 31 33 34 35 36 37 38 39 40 42 43 44 45 46 47 49 50 51 52 53 54 56 57 58 60 61 62 63 64 65 66 67 68 69 70 71 72 73 75 76 77 79 81 83 84 85 86 87 88 89 90 91 92 93 94 95 96 97 98 99 100 101 103 104 105 106 107 108 110 111 112 113 114 115 116 118 119 120 121 123 124 126 127 128 129 130 131 133 134 138 140 142 143 144 145 148 149 150 152 155 156 157 158 159 161 162 163 164 165 166 167 168 169 172 173 174 175 176 177
1 3 4 5 6 7 8 10 11 13 16 17 19 20 21 22 24 25 26 27 28 29 30 32 33 35 36 37 40 41 42 44 47 48 49 50 51 52 54 55 56 57 58 59 60 61 62 63 64 65 66 67 69 70 71 72 73 75 76 77 79 80 81 82 83 85 86 87 89 91 94 95 97 98 99 101 103 104 105 106 107 108 109 111 115 116 119 120 122 123 124 125 126 127 128 131 133 134 135 136 137 138 142 143 144 145 147 148 150 151 152 153 154 155 156 157 158 159 161 163 164 165 168 170 171 172 173 174 177
1 4 6 10 12 27 32 39 49 50 51 63 71 78 79 82 83 96 99 101 103 106 107 135 136 146 150 151 153 171
1 2 3 4 6 7 8 10 12 14 15 17 18 19 24 26 27 29 30 32 33 35 36 39 40 41 42 43 44 46 47 49 50 51 53 54 55 56 57 58 59 60 62 63 65 66 67 70 71 72 74 75 76 77 78 79 80 81 82 83 84 86 88 91 94 96 97 99 101 102 103 104 105 106 107 108 110 111 113 114 117 118 119 120 122 123 124 125 126 128 129 130 131 134 135 136 137 138 140 142 144 146 150 151 152 153 154 155 156 157 159 160 161 162 163 164 167 168 169 170 171 172 173 174 175 176 177
1 2 4 6 8 9 10 12 13 14 15 16 17 18 19 20 21 22 24 25 27 29 30 31 35 36 37 38 39 40 43 44 45 46 47 48 49 50 51 52 53 55 57 58 60 61 62 63 65 66 67 68 71 75 76 78 79 81 82 83 84 85 86 87 88 89 90 93 94 95 96 97 99 100 101 103 104 106 107 108 109 110 111 113 114 115 116 119 120 122 123 124 126 127 128 130 131 132 133 134 135 136 137 138 139 140 143 144 145 146 147 148 149 150 151 153 154 156 157 158 159 163 164 165 169 170 172 173 175 176 177
1 4 5 6 7 9 10 16 19 20 37 41 42 44 49 51 52 55 57 59 62 65 66 70 71 72 77 78 79 80 82 84 88 89 90 91 92 94 96 98 102 103 106 110 117 118 120 122 126 127 128 131 132 133 134 136 139 146 147 150 151 153 155 156 164 168 169 172 173 174 177
