1 2 4 5 6 7 10 11 12 13 16 17 19 20 21 22 23 24 25 26 27 28 30 32 33 34 35 36 37 38 39 40 41 42 43 45 46 47 49 50 51 52 53 54 55 56 57 59 60 61 62 63 64 65 66 67 68 69 70 71 73 74 76 79 82 83 84 85 86 87 88 89 91 93 95 96 97 99 100 101 103 104 106 107 108 109 110 111 113 114 115 116 119 120 121 123 126 128 129 131 133 136 137 138 140 141 142 143 144 146 148 150 151 153 155 156 157 158 159 160 161 162 163 165 167 168 169 170 172 177
9 14 22 31 36 57 63 92 94 100 104 118 124 145 154 167
9 10 13 14 16 18 19 20 21 22 28 31 32 36 48 51 57 59 61 63 66 74 78 81 90 92 94 100 104 105 116 118 122 124 125 134 135 137 139 143 145 146 152 154 156 167 173
1 3 4 5 6 7 8 9 10 11 12 13 14 15 16 18 19 20 25 26 27 29 30 31 32 35 36 37 39 40 44 46 47 49 51 52 53 54 55 57 58 59 61 62 63 65 66 67 69 70 71 72 73 75 76 77 78 79 81 82 83 85 86 88 91 92 93 96 98 99 101 102 104 106 107 108 110 111 112 113 114 115 117 118 119 120 121 123 125 126 127 128 129 131 132 134 135 136 137 138 139 140 144 145 146 147 148 149 150 151 152 153 154 155 156 157 159 162 165 166 167 168 169 170 172 173 174 175 176 177
2 17 29 38 60 93 104 119 129 134 140
2 16 17 22 23 29 31 38 45 47 53 60 62 64 75 81 84 90 93 95 97 98 100 103 104 116 119 121 123 129 132 134 138 140 142 148 152 157 162 163 164 165 166 167 177
1 2 3 4 5 6 7 9 10 11 12 14 16 18 19 20 21 22 24 25 27 28 30 32 33 34 35 38 39 41 42 43 45 46 47 48 49 50 51 52 54 55 56 57 58 59 60 62 64 65 67 68 70 71 72 74 77 78 79 80 81 82 83 84 85 86 87 89 90 92 93 94 95 96 97 99 100 101 102 103 104 105 106 107 109 110 117 118 120 121 122 123 126 128 129 130 131 132 133 134 135 136 137 138 139 141 143 144 145 146 147 148 150 151 153 155 156 157 161 162 164 167 168 169 170 174 175 177
1 3 4 6 7 8 9 10 11 12 13 14 15 16 17 18 20 21 23 24 26 27 28 30 32 33 34 35 37 39 40 42 44 46 47 49 50 51 54 55 56 57 59 62 63 64 65 66 68 71 72 73 75 76 77 78 79 80 82 83 84 85 86 88 90 91 92 93 95 96 97 98 99 100 101 103 105 106 107 108 109 110 111 112 113 114 115 116 117 118 119 120 122 123 124 128 131 134 135 136 137 138 139 141 142 143 144 146 147 150 151 153 156 157 158 159 160 161 162 165 166 169 170 171 173 175 176
10 40 57 66 92 118 137 151 153 156 157 164 171 173
1 6 20 24 25 30 33 39 40 42 48 49 50 54 55 56 65 66 68 71 73 76 79 83 86 88 89 90 94 95 96 97 101 103 106 110 113 114 120 129 131 135 140 142 144 148 149 157 158 159 160 162 163 168 169 174 177
1 2 4 6 7 10 12 15 17 20 23 24 25 26 27 29 30 32 33 35 36 37 38 39 40 41 42 43 46 47 48 49 50 51 52 53 54 55 56 57 61 62 63 64 65 66 67 68 71 73 74 76 79 80 82 83 84 85 86 87 88 89 90 91 92 93 94 95 96 97 98 99 101 102 103 106 108 109 110 111 112 113 114 115 117 119 120 121 123 126 127 128 129 131 133 134 135 136 137 138 139 140 141 142 143 144 146 147 148 149 150 151 152 153 155 157 158 159 160 161 162 163 165 166 167 168 169 171 172 174 177
1 4 6 12 39 40 44 71 79 80 82 83 91 99 107 126 135 136 144 153
1 2 4 5 6 7 8 9 10 11 12 13 14 15 17 18 19 20 21 23 24 26 27 29 30 32 33 35 37 38 39 40 41 42 43 44 46 48 49 50 53 54 55 56 58 59 60 61 62 65 66 67 71 72 73 74 75 76 77 78 79 80 82 83 84 86 87 88 89 90 91 92 93 95 96 97 98 99 101 102 103 105 106 107 109 110 112 113 114 115 117 120 122 123 125 126 127 128 129 130 131 132 134 135 136 138 139 140 141 142 144 146 147 149 150 152 153 156 157 159 160 162 163 164 165 166 168 169 171 174 175 176 177
4 10 12 20 27 30 32 34 35 39 42 46 49 50 52 54 59 64 65 67 71 75 76 79 85 88 89 93 95 97 98 100 102 104 106 107 110 118 119 120 121 123 126 128 133 136 138 142 143 144 147 150 152 156 157 162 168
4 5 6 9 10 11 12 13 16 19 20 21 22 23 24 26 27 28 30 32 34 35 36 38 39 42 43 46 49 50 51 52 54 56 57 58 59 60 61 62 64 65 67 68 69 71 72 73 74 75 76 78 79 81 82 83 85 86 88 89 90 92 93 94 95 97 98 99 100 101 102 104 106 107 108 109 110 111 113 114 116 118 119 120 121 123 124 125 126 127 128 129 130 131 132 133 134 135 136 137 138 140 142 143 144 145 147 150 151 152 153 156 157 158 159 160 161 162 163 164 166 167 168 169 172 173 174 175
1 2 4 6 7 10 11 12 13 14 15 17 18 20 23 24 26 27 29 30 31 32 33 34 37 38 39 40 41 42 43 44 46 48 49 50 51 52 53 54 55 56 57 59 61 64 65 66 67 68 70 71 73 74 76 77 78 79 80 82 83 84 86 87 88 89 90 91 92 93 95 96 97 98 99 100 101 102 103 105 106 107 108 109 110 111 112 113 114 115 116 117 119 120 121 122 125 126 127 128 129 131 133 135 136 137 138 139 140 141 142 144 146 147 148 149 150 151 153 157 158 159 160 162 163 167 168 169 170 171 174 175
3 5 8 14 16 18 21 22 25 29 35 36 38 45 58 69 70 72 75 81 85 87 94 104 106 111 118 123 124 125 129 130 132 133 134 149 154 155 156 159 161 164 165 167 173 175 176 177
1 2 4 5 6 10 11 12 15 17 19 20 23 24 26 27 28 29 30 32 33 34 35 37 38 39 40 42 43 44 46 47 48 49 50 51 52 53 54 55 56 57 59 61 64 65 66 67 68 69 70 71 72 73 76 78 79 80 82 83 84 86 87 88 90 91 93 95 96 97 98 99 100 101 103 106 107 108 109 110 111 113 114 115 116 117 119 120 122 123 125 126 127 128 130 131 133 135 136 137 138 139 140 141 142 143 144 146 147 149 150 151 152 153 156 157 158 159 160 162 163 166 167 168 169 171 173 175
3 7 9 10 11 13 14 18 19 20 21 28 32 42 45 48 59 66 68 73 74 78 81 90 92 95 98 105 109 112 117 118 122 124 125 135 139 141 147 164 170 171 173 174 176
1 4 6 12 39 51 54 71 83 96 99 107 136 137 146 150 153 171
1 4 6 12 13 20 21 23 39 49 51 52 54 71 77 83 92 94 96 99 102 107 134 136 137 141 145 146 150 152 153 171
1 2 3 4 5 6 7 8 10 12 13 15 17 20 21 22 23 24 26 27 32 33 35 39 40 42 44 46 47 49 50 51 52 53 54 55 56 57 59 60 61 62 63 64 65 66 67 70 71 72 73 75 76 77 79 81 82 83 84 85 86 87 88 89 91 92 94 96 97 98 99 100 102 103 104 107 108 110 111 113 114 115 118 119 120 121 122 123 124 125 126 127 128 131 132 133 134 136 137 138 140 141 142 143 144 145 146 147 148 150 151 152 153 156 157 158 159 160 161 162 163 164 165 166 168 169 170 171 172 175 176
1 2 4 6 10 12 16 17 20 23 24 26 27 28 30 33 34 35 36 37 38 39 40 42 43 44 45 46 47 49 51 52 53 54 55 56 57 58 59 60 61 62 63 64 65 67 68 69 70 71 76 77 79 80 82 83 84 85 86 87 88 89 90 91 93 94 95 96 97 99 100 101 102 103 104 105 106 107 108 110 111 112 113 114 115 119 120 121 123 126 127 128 130 131 133 134 136 137 138 140 142 143 144 145 148 149 150 151 152 153 155 156 157 158 159 160 161 162 163 165 167 168 169 172 173 174 175
1 13 14 18 19 20 21 27 42 49 50 51 59 62 63 65 70 71 73 76 80 82 91 95 96 98 99 102 104 113 115 117 125 128 130 136 141 142 143 144 146 147 149 150 152 154 157 158 169 170
1 2 3 4 5 6 7 8 9 10 11 12 13 14 15 16 17 18 19 20 21 22 23 24 25 26 27 28 29 30 31 32 33 34 35 36 37 38 39 40 41 42 43 44 45 46 47 48 49 50 51 52 53 54 55 56 57 58 59 60 61 62 63 64 65 66 67 68 69 70 71 72 73 75 76 77 78 79 80 81 82 83 84 85 86 87 88 89 90 91 92 93 94 95 96 97 98 99 101 102 103 104 106 107 108 109 110 111 112 113 114 115 116 117 118 119 120 121 122 123 124 125 126 127 128 129 130 131 132 133 134 135 136 137 138 139 140 141 142 143 144 145 146 147 148 149 150 152 153 154 155 156 157 158 159 160 161 162 163 164 165 166 167 168 169 170 171 172 173 174 175 176 177
1 2 4 6 7 12 15 17 23 24 26 27 30 33 34 35 39 40 42 44 46 47 49 50 51 54 56 57 60 61 62 63 64 66 70 71 76 77 79 82 83 84 86 87 89 91 93 96 97 99 103 107 108 110 111 113 114 116 120 123 126 128 129 131 136 137 138 140 142 143 144 149 150 151 152 153 155 156 157 158 159 160 162 163 169 175
1 2 4 6 7 11 12 15 17 19 20 21 22 23 24 26 27 28 29 30 31 33 34 35 36 37 38 39 40 42 43 44 46 47 48 49 50 51 52 53 54 55 56 57 60 61 62 63 64 65 66 68 70 71 73 74 76 77 79 80 82 83 84 86 87 88 89 90 91 92 93 95 96 97 98 99 100 101 102 103 105 107 108 109 110 111 112 113 114 115 116 117 120 121 123 126 128 129 131 135 136 137 138 139 140 141 142 143 144 146 147 149 150 151 152 153 155 156 157 158 159 160 162 163 165 166 169 171 172 175
1 2 3 4 5 6 8 10 11 12 13 14 15 16 17 18 19 20 21 22 23 26 27 28 29 30 31 32 35 36 39 40 44 45 46 47 49 50 51 54 55 58 59 60 62 66 67 68 69 71 72 73 75 76 77 79 80 81 82 83 84 85 86 88 89 91 93 94 96 97 98 99 100 103 104 106 107 108 110 111 113 114 115 116 117 118 119 120 121 122 124 125 126 127 128 130 132 133 134 135 136 137 138 141 144 146 147 148 149 150 151 153 155 156 157 158 159 160 166 168 169 170 171 172 175 176 177
2 7 8 9 10 11 13 14 17 18 19 20 21 23 24 25 26 27 28 30 32 33 34 35 36 37 38 39 40 41 42 43 44 45 46 48 49 50 52 53 54 55 56 57 59 60 61 62 64 65 66 67 68 70 71 72 73 74 76 78 79 83 85 86 87 88 89 90 91 92 93 94 95 96 97 98 100 101 102 103 104 106 108 109 110 111 112 113 114 115 117 118 119 120 122 123 125 126 128 129 131 132 133 134 136 139 140 141 142 143 144 146 147 148 150 155 156 157 158 159 160 162 164 166 167 168 169 170 171 172 173 174 175
1 4 12 27 33 39 40 42 50 51 54 56 65 68 71 79 82 83 86 89 90 99 102 103 108 112 114 126 128 131 136 137 138 144 150 151 153 159 163 164 168 169 170 171
1 4 6 12 39 40 51 52 71 79 82 83 93 96 99 107 108 120 129 137 138 140 144 151 153 161 168 177
1 4 6 12 39 40 51 52 71 77 79 82 83 91 93 96 99 107 108 120 129 137 138 140 144 151 153 160 161 163 168 171 177
1 4 5 6 8 11 12 15 16 17 18 19 21 23 26 27 30 33 34 35 36 37 38 39 40 41 42 43 44 45 46 47 49 50 51 52 53 54 55 56 57 58 60 61 62 63 64 65 66 67 70 71 72 75 77 79 81 82 83 84 86 87 88 89 90 91 92 93 95 96 97 98 99 100 103 105 106 107 108 110 111 112 113 114 117 119 120 121 124 125 126 127 128 129 131 132 136 137 138 139 140 141 142 143 144 145 146 147 148 149 150 151 153 155 156 157 158 159 160 161 162 163 164 165 167 168 169 171 172 174 175 177
7 9 14 16 17 21 22 23 24 26 31 43 44 45 47 53 61 62 65 70 72 74 81 84 87 90 91 92 93 94 95 98 102 104 121 131 132 133 134 145 149 152 154 162 165 167 170 177
1 2 3 4 5 7 8 9 10 12 13 14 15 16 17 18 21 22 23 25 26 27 28 29 30 31 32 33 35 36 38 39 40 41 42 43 44 45 47 49 50 51 52 53 54 55 56 57 58 59 60 61 62 63 65 66 67 68 69 70 71 72 75 76 77 79 80 81 82 83 84 85 86 87 88 91 93 94 97 98 100 101 102 103 104 105 106 107 108 110 114 115 119 120 121 122 123 124 126 127 128 129 130 131 132 133 134 137 138 140 141 145 148 149 151 152 153 154 155 156 157 158 161 163 164 165 166 167 168 169 170 172 173 174 175 176 177
2 5 8 16 23 25 28 29 31 34 35 38 45 46 57 64 69 72 76 77 85 97 100 114 116 118 119 138 140 142 145 148 158 159 161 163 165 166 167 175
1 4 6 12 23 31 34 40 45 49 51 52 63 64 71 72 75 76 82 85 91 93 96 97 99 107 108 111 118 121 123 128 136 137 144 150 151 153 161 168
1 2 3 4 5 6 7 9 10 11 13 16 17 19 20 21 25 28 30 32 36 37 38 40 41 42 44 47 49 50 51 52 55 58 60 61 62 67 70 71 72 74 79 80 81 82 83 84 85 87 89 90 91 92 93 95 96 97 98 99 100 101 104 105 106 107 108 109 110 121 126 127 129 130 133 136 137 140 143 144 146 148 150 151 153 155 160 161 162 167 170 171 175 177
1 2 3 4 5 6 7 9 10 11 12 13 16 17 19 20 21 23 24 25 26 27 28 30 32 33 34 36 37 38 40 41 42 44 45 47 48 49 50 51 52 54 55 56 58 59 60 61 62 64 65 66 67 68 70 71 72 74 77 78 79 80 81 82 83 84 85 86 87 88 89 90 91 92 93 95 96 97 98 99 100 101 102 103 104 105 106 107 108 109 110 112 115 121 122 125 126 127 128 129 130 131 133 134 135 136 137 138 140 141 142 143 144 146 147 148 150 151 153 155 160 161 162 163 164 167 168 169 170 171 174 175 177
1 2 3 4 6 7 10 12 13 14 15 16 17 19 21 23 24 26 27 28 31 33 37 39 40 41 45 47 50 51 53 56 59 62 63 66 67 68 70 71 72 73 77 79 80 82 83 84 85 86 87 88 90 91 93 94 95 96 99 103 104 107 108 110 113 114 115 117 118 120 121 122 123 124 132 133 136 137 147 150 151 152 153 155 156 158 162 163 168 169 170 173 174 176 177
1 2 3 4 5 6 7 8 10 12 13 14 15 16 17 19 21 22 23 24 26 27 28 29 31 33 34 36 37 38 39 40 41 45 46 47 49 50 51 52 53 56 59 60 61 62 63 64 66 67 68 69 70 71 72 73 75 76 77 79 80 81 82 83 84 85 86 87 88 89 90 91 93 94 95 96 97 99 100 103 104 106 107 108 110 113 114 115 116 117 118 119 120 121 122 123 124 127 130 132 133 134 136 137 138 140 142 143 144 147 150 151 152 153 155 156 157 158 159 161 162 163 164 165 166 167 168 169 170 172 173 174 176 177
1 4 10 12 27 32 39 50 55 59 66 71 79 82 83 84 96 99 107 126 129 136 150 151 153 170
1 2 3 4 5 6 7 8 9 10 11 12 13 14 15 17 18 19 20 21 25 26 27 28 29 30 32 33 34 36 37 39 40 41 42 43 44 45 46 47 48 49 50 51 53 54 55 56 59 62 65 66 67 68 69 70 71 72 73 74 78 79 80 82 83 84 85 86 88 90 91 92 93 94 95 96 98 99 101 102 103 104 105 107 108 109 110 112 113 115 117 120 122 123 124 125 126 127 128 129 130 131 132 134 135 136 137 138 139 141 143 144 145 146 147 149 150 151 152 153 154 155 158 159 160 162 165 168 169 170 171 173 174 176 177
6 12 27 32 34 47 51 79 82 84 93 108 120 151 168 176
6 8 9 12 14 26 27 32 34 47 50 51 58 75 79 81 82 84 93 104 108 115 117 120 125 130 132 151 165 168 176 177
6 8 9 12 14 18 26 27 28 32 34 39 47 50 51 56 58 68 75 79 81 82 84 88 93 104 108 115 117 120 125 130 132 135 137 151 165 168 169 170 176 177
5 8 15 20 26 28 31 34 35 37 38 50 54 60 64 65 68 69 72 73 76 87 89 90 92 95 96 103 109 110 115 119 122 130 141 143 146 148 149 158 164 170 174 176
1 4 6 15 24 26 27 30 33 37 38 39 40 42 47 49 50 54 61 62 63 66 67 73 79 84 86 87 90 92 99 103 104 108 113 114 119 120 121 123 128 129 133 137 144 151 153 155 158 162 163 169 171 172 174 176 177
1 2 4 6 10 11 15 17 22 24 26 27 28 30 32 33 34 36 37 38 39 40 42 43 46 47 48 49 50 52 54 56 58 60 61 62 63 66 67 68 73 75 79 81 84 86 87 90 91 92 95 97 99 103 104 105 106 108 109 113 114 118 119 120 121 122 123 124 126 127 128 129 133 137 138 140 142 143 144 151 153 154 155 157 158 159 160 161 162 163 164 169 171 172 174 175 176 177
1 2 4 6 7 9 10 11 13 14 15 17 18 19 20 21 22 24 26 27 28 30 32 33 34 36 37 38 39 40 41 42 43 46 47 48 49 50 51 52 54 55 56 58 60 61 62 63 65 66 67 68 70 71 73 74 75 79 80 81 83 84 86 87 89 90 91 92 95 96 97 98 99 101 102 103 104 105 106 107 108 109 110 111 112 113 114 115 117 118 119 120 121 122 123 124 125 126 127 128 129 131 132 133 137 138 139 140 141 142 143 144 146 147 149 151 153 154 155 157 158 159 160 161 162 163 164 166 169 170 171 172 174 175 176 177
