=== Parameters ===
QualitiesFiles : datasets/Facebook/qualities_train.csv
PropertiesFiles : datasets/Facebook/properties_train.csv
attrType : BOOLEAN
resFolder : Facebook_jaccardSupportDescription_0.6_100000_Acc
minSupp : 10
nbLoops : 100000
maxOutput : 50
maxRedundancy : 0.6
maxLength : 5
measure : Acc
UCB : UCBSP
refineExpand : TunedGenerator
duplicatesExpand : AMAF
pathLength : -1
refineRollOut : Large
jumpingLarge : 10
rewardPolicy : MaxPath
memoryPolicy : TopK
topKMemory : 1
updatePolicy : Max

=== Result Information ===
date : 16/10/2025 08:09
runtime(ms) : 8558789
nbPatterns : 50
measures : 1.00 1.00 1.00 1.00 1.00 1.00 1.00 1.00 1.00 1.00 1.00 1.00 1.00 1.00 1.00 1.00 1.00 1.00 1.00 1.00 1.00 1.00 1.00 1.00 1.00 1.00 1.00 1.00 1.00 1.00 1.00 1.00 1.00 1.00 1.00 1.00 1.00 1.00 1.00 1.00 1.00 1.00 1.00 1.00 1.00 1.00 1.00 1.00 1.00 1.00
descriptionLength : 1 1 1 1 1 1 2 2 3 3 2 2 3 3 3 2 2 2 3 3 2 5 4 3 4 4 3 3 3 3 2 3 3 2 2 3 3 2 3 3 3 2 3 3 2 3 2 3 3 3