#iterations	mean Measure
1	0.0
501	0.25123095179889404
1001	0.23930464614371774
1501	0.24932105366829754
2001	0.344589432015248
2501	0.2959430006266262
2501	0.2959430006266262
3001	0.24664381678077832
3501	0.28586293575667454
4001	0.25574238346735884
4001	0.25574238346735884
4001	0.25574238346735884
4501	0.2799758641043166
5001	0.25814289027893933
5001	0.25814289027893933
5501	0.27393665210585577
6001	0.2552294643746869
6501	0.2676567835158761
6501	0.2676567835158761
7001	0.25609437484711844
7501	0.2621641279437294
8001	0.2659781401243205
8501	0.25571767283709185
9001	0.26279605686450724
9501	0.26149266144570654
10001	0.2585690375948311
10501	0.26287635391539577
11001	0.2580882202980157
11501	0.25880568055684283
12001	0.26204683556907954
12501	0.2596391644563486
13001	0.25765854305321445
13501	0.26047705965989465
14001	0.2613000256383093
14501	0.2617180749683885
15001	0.26295672387124924
15001	0.26295672387124924
15001	0.26295672387124924
15001	0.26295672387124924
15001	0.26295672387124924
15501	0.26182509508063306
16001	0.25875425170960026
16501	0.2589847983009097
17001	0.2600166400968931
17501	0.26042241123666215
18001	0.2601955783348534
18501	0.2594315303366835
18501	0.2594315303366835
18501	0.2594315303366835
18501	0.2594315303366835
18501	0.2594315303366835
19001	0.25931956619195684
19501	0.25954314920311117
20001	0.2589525803934995
20501	0.25833347571072707
21001	0.2576933887343324
21501	0.25706116704997534
22001	0.2554521674500599
22501	0.2564958417434497
22501	0.2564958417434497
23001	0.2565566502025164
23501	0.25592693503023495
24001	0.2555280030464894
24501	0.2550332196109662
25001	0.2544691500488433
25501	0.25397916824878963
26001	0.25336359897815386
26501	0.252932878342762
27001	0.25334179185576666
27501	0.25328125144294317
28001	0.2526720178175053
28501	0.2519145297018604
29001	0.251307301722383
29501	0.2508191570400239
30001	0.2511972279315835
30501	0.25052908552448516
31001	0.24990223153816338
31501	0.2504109451846033
31501	0.2504109451846033
31501	0.2504109451846033
31501	0.2504109451846033
31501	0.2504109451846033
32001	0.24975579356182165
32501	0.24917933611286938
33001	0.24922920360483944
33501	0.24872317784290973
33501	0.24872317784290973
33501	0.24872317784290973
33501	0.24872317784290973
34001	0.24798092050284257
34501	0.2481930513786825
35001	0.24723492339575456
35501	0.24626289543390595
36001	0.24613515748301493
36501	0.24547372510712354
37001	0.2457588907712936
37501	0.2448555890565367
38001	0.24462737191019837
38501	0.24361990882911017
39001	0.24336090564851018
39501	0.24264547808087591
39501	0.24264547808087591
40001	0.24281625581227106
40001	0.24281625581227106
40001	0.24281625581227106
40001	0.24281625581227106
40001	0.24281625581227106
40001	0.24281625581227106
40001	0.24281625581227106
40001	0.24281625581227106
40001	0.24281625581227106
40001	0.24281625581227106
40001	0.24281625581227106
40001	0.24281625581227106
40001	0.24281625581227106
40001	0.24281625581227106
40001	0.24281625581227106
40001	0.24281625581227106
40001	0.24281625581227106
40501	0.24193436224982084
41001	0.24185454185091093
41501	0.24100266611347285
42001	0.24092558382565482
42501	0.24094507414596048
43001	0.24015573994356115
43001	0.24015573994356115
43001	0.24015573994356115
43501	0.2398396591417072
44001	0.2392978604201686
44501	0.23922388999700414
45001	0.23921055113203132
45501	0.23832333082277615
46001	0.2382119653582628
46501	0.23817171518383456
47001	0.23736433448281852
47501	0.23722568925673995
48001	0.23725179191031792
48501	0.23656264572200644
49001	0.23605416591586117
49501	0.2360942679894315
50001	0.23597605690625678
50501	0.2352317367163583
51001	0.23509872229178674
51001	0.23509872229178674
51001	0.23509872229178674
51001	0.23509872229178674
51001	0.23509872229178674
51501	0.23499272879782293
52001	0.23479762660989018
52501	0.23411021956386383
53001	0.2339575386248111
53501	0.23371714854604964
54001	0.23346400582240354
54501	0.2332138630531616
55001	0.23284634945736368
55001	0.23284634945736368
55501	0.2325972404255385
56001	0.232275678224977
56501	0.2315447428834875
56501	0.2315447428834875
56501	0.2315447428834875
56501	0.2315447428834875
56501	0.2315447428834875
57001	0.23180350025894605
57501	0.23114516517804629
58001	0.23123379224018203
58501	0.23059398221372876
59001	0.23061348066851609
59501	0.23039247539174745
60001	0.2298938082717215
60501	0.22954170463208967
61001	0.22903481477829096
61501	0.22877389212870086
62001	0.228291776379777
62501	0.2279933531637963
63001	0.22766918508543715
63501	0.22748729102350118
64001	0.22712535088381733
64001	0.22712535088381733
64501	0.22687837322394172
65001	0.22647029121463444
65501	0.22641673595882392
66001	0.22604044445986304
66501	0.22572269388597713
67001	0.22523385856859485
67501	0.22500832783736952
67501	0.22500832783736952
68001	0.22451028212666746
68501	0.22413086776176255
69001	0.22377339817833053
69501	0.2235388608573462
70001	0.2231450997502309
70501	0.2226845609249403
70501	0.2226845609249403
71001	0.22250332307155238
71501	0.22199037321266166
72001	0.22155730475281518
72001	0.22155730475281518
72001	0.22155730475281518
72501	0.22132612388970252
73001	0.22088073802844335
73501	0.22070353281509394
74001	0.22012822597315543
74501	0.21957953493918958
75001	0.21927912459052387
75501	0.218998313760918
76001	0.21849950372879498
76501	0.2181998497363386
77001	0.21770319423580758
77001	0.21770319423580758
77001	0.21770319423580758
77501	0.21738327415285902
78001	0.21692555056966498
78001	0.21692555056966498
78501	0.2166917459228147
78501	0.2166917459228147
78501	0.2166917459228147
78501	0.2166917459228147
78501	0.2166917459228147
78501	0.2166917459228147
78501	0.2166917459228147
78501	0.2166917459228147
78501	0.2166917459228147
78501	0.2166917459228147
78501	0.2166917459228147
79001	0.21627701509785427
79501	0.2158960192273174
79501	0.2158960192273174
80001	0.21561069927109994
80501	0.21523305929351794
81001	0.21501702154097838
81001	0.21501702154097838
81001	0.21501702154097838
81001	0.21501702154097838
81001	0.21501702154097838
81001	0.21501702154097838
81001	0.21501702154097838
81001	0.21501702154097838
81001	0.21501702154097838
81001	0.21501702154097838
81001	0.21501702154097838
81001	0.21501702154097838
81001	0.21501702154097838
81001	0.21501702154097838
81001	0.21501702154097838
81001	0.21501702154097838
81001	0.21501702154097838
81001	0.21501702154097838
81001	0.21501702154097838
81001	0.21501702154097838
81001	0.21501702154097838
81001	0.21501702154097838
81001	0.21501702154097838
81001	0.21501702154097838
81001	0.21501702154097838
81001	0.21501702154097838
81001	0.21501702154097838
81001	0.21501702154097838
81501	0.2146730844128248
82001	0.21435983033019398
82501	0.21397010880807096
83001	0.2135509920486796
83501	0.21336471094591808
84001	0.21306204700086787
84001	0.21306204700086787
84001	0.21306204700086787
84001	0.21306204700086787
84001	0.21306204700086787
84501	0.21280541554977664
84501	0.21280541554977664
85001	0.21245959889687677
85501	0.21234480991714488
85501	0.21234480991714488
85501	0.21234480991714488
86001	0.21203870739330366
86501	0.2116601805275107
87001	0.2113773114101695
87501	0.21118902927238722
87501	0.21118902927238722
87501	0.21118902927238722
87501	0.21118902927238722
88001	0.2108025512554932
88001	0.2108025512554932
88001	0.2108025512554932
88501	0.21051952000643098
89001	0.2102218579308173
89501	0.20985777905750744
89501	0.20985777905750744
89501	0.20985777905750744
89501	0.20985777905750744
89501	0.20985777905750744
90001	0.20963367751167902
90001	0.20963367751167902
90001	0.20963367751167902
90001	0.20963367751167902
90501	0.20951498156268072
91001	0.20927497963411631
91001	0.20927497963411631
91001	0.20927497963411631
91001	0.20927497963411631
91001	0.20927497963411631
91001	0.20927497963411631
91001	0.20927497963411631
91001	0.20927497963411631
91001	0.20927497963411631
91001	0.20927497963411631
91001	0.20927497963411631
91501	0.20898196018850582
91501	0.20898196018850582
91501	0.20898196018850582
91501	0.20898196018850582
91501	0.20898196018850582
91501	0.20898196018850582
92001	0.20868232086561037
92501	0.20860525960712004
93001	0.2082606907041783
93501	0.20795949074020872
93501	0.20795949074020872
93501	0.20795949074020872
93501	0.20795949074020872
93501	0.20795949074020872
94001	0.20775397474351967
94001	0.20775397474351967
94501	0.20754383256594722
95001	0.20746913119425714
95001	0.20746913119425714
95501	0.20731465099637506
95501	0.20731465099637506
95501	0.20731465099637506
95501	0.20731465099637506
95501	0.20731465099637506
95501	0.20731465099637506
95501	0.20731465099637506
95501	0.20731465099637506
95501	0.20731465099637506
96001	0.20704185708099573
96501	0.20694089635065427
97001	0.20667334768001153
97501	0.20637884899931735
98001	0.20613111119329292
98001	0.20613111119329292
98001	0.20613111119329292
98001	0.20613111119329292
98501	0.20613574448595384
99001	0.20589611922475087
99501	0.20576204982196988
