2028 2770 2898 6114 7893 11720 12061 12722 14566 15322 16437
659 2076 3883 6939 9300 9312 10891 11609 12779 12882 15026 15455 15488 17142 17604
1462 2711 3585 4305 5845 6349 6733 7103 7269 8165 10024 10939 11193 12134 13146 15411 15606 16100
685 2022 3155 5372 5427 5613 6176 12780 13712 14242 15691
21 500 2582 3072 7408 7485 9443 12111 13141 13603 14108 14576 15141 15408 16052 16815 16830 16964
1181 1232 7474 9059 9977 10984 11710 11844 12020 12686 13939 15313
77 1824 2319 2522 5059 6841 7368 11372 14540 15413 16764
353 2094 3994 5787 7657 8710 9345 10404 13746 14032 14542 15602 15880 16521
2573 3457 4666 6124 6269 8321 12262 16142 16153 17021 17650
914 1578 3644 4226 6308 7510 8139 12508 12565 13661 17485
1131 1217 1375 4107 6103 7240 7731 8409 9759 10453 13583 14346 15033
277 1956 2744 3074 5366 8131 8235 8733 9098 11128 12393 15071 15828 16966
1736 1862 3269 4209 4362 4497 5639 5771 7690 10037 10354 11785 14440 15047
4012 4735 5576 5699 6039 8335 9864 12220 14783 16551
42 3279 7836 9672 11554 12628 13522 14097 15863 15982 17822 17916
2912 3757 4036 5003 6208 8309 9578 11943 12390 14679 15699 16368
1367 2864 2909 3379 3917 4393 5392 6348 7151 7307 7328 8861 9136 9830 11676 11983 13021 15057 15171 15819 16040 16207 17203 17736 17894
169 435 700 1254 1953 2098 2912 3993 5861 6042 6572 7500 8113 8222 8852 9121 9735 9898 10121 10609 11208 11900 11953 13815 13969 14037 14117 15662 15699 16095 16333 16517 16609 17255 17422
415 2141 3620 7935 8346 9670 13201 13303 13598 16094 17196
1915 2206 2274 2638 2835 3282 3976 4698 5287 6263 7517 9776 11413 11819 12162 12873 15348 16489 16803 17230
488 780 1960 2270 4524 7823 8534 9199 15146 15163
17 126 1257 1493 2888 3840 4139 6474 14514 16263
93 1353 3870 4820 4986 6847 7809 10047 11810 15288 17417
574 2227 3587 4558 5755 6700 6739 7037 7439 7642 8932 11857 14187 14393 14529 15013 16183 17193
2021 3207 3429 4529 4881 7903 8214 13888 15042 16168 17076
1571 3858 5369 6542 6866 7030 7267 8638 9164 9340 10149 11135 11961 15165 16142 17149 17361 17650
315 606 5216 5475 6295 6592 7860 8120 8596 9035 9552 11996 14408 17038 17803
86 432 1235 5216 6962 7143 9765 10756 13386 17292
1470 2089 2993 4940 5860 9800 10747 12118 12256 12824 13168 14887 14923 17710 17720 17899
293 721 1384 4208 4810 8224 10661 11249 12133 13422 16979
2344 2762 2766 3493 3733 7565 8127 10000 10190 11523 11708 12184 13690 15194 15616 15837 16715 17779
3012 4044 6116 8491 8925 9905 12413 14180 16367 16835
1131 1217 1375 4107 6103 7240 9199 9759 10785 12628 13583 14346 14389
930 3062 4365 5160 5913 8105 8189 8242 8593 10457 11034 12480 12618 12943 13372 14751 14890 15036 16473 16761
302 1353 1884 3979 4192 4200 4830 5537 6310 7272 7336 8025 8577 8914 9116 9499 9601 9995 10047 10615 10616 11155 11242 11818 12018 12170 12294 12602 12969 12999 13002 14462 15288 16400 16415 16640 17417
1353 1884 4512 4830 6847 6922 8025 8577 9116 9499 9995 11810 12999 14462 16400 16415 17417
788 1265 1794 4223 6930 9794 11058 11555 12186 12505 15007 15155 15364 17100 17229
250 978 3646 5794 6688 7541 7948 10170 12148 12455 16600 16623 16992
157 1210 1961 3207 5569 6601 7903 8290 8652 8806 8965 11040 11469 12735 12927 14155 14727 15042 15355 17076 17219
28 3120 5114 6986 7010 8050 9097 10307 11864 12053 17095
975 1201 4022 5657 7132 9943 10890 12413 12901 12951 16171 17285
157 389 832 1210 1792 1961 2021 3029 3207 3429 3462 4529 4881 5569 6601 7903 8214 8290 8652 8806 8965 11040 11153 11469 12735 12927 13888 14155 14727 15042 15355 16168 17076 17219 17707 17956
4881 5569 6601 8290 8652 8806 8965 11469 12735 15042 16168 17076 17219 17707
117 1675 5925 9570 9906 12082 13286 14379 14891 16528 16539
2801 3120 5342 6461 6838 7010 7411 9097 11081 13075 13289 13917 16511 16578 17503
517 613 1106 2596 2721 3012 4022 4717 5109 5713 6235 8491 8925 9943 10318 12951 14180 14977 16171 17129
2034 2234 5799 5810 7030 8590 11961 13665 16142 17149
432 4544 5475 6962 9035 9552 10007 10756 11221 12595
28 474 738 1854 2196 3120 3480 4725 5114 5212 6986 7952 10307 10475 11081 14541 15378 16578
1614 1826 6823 8842 9355 9545 10941 12861 13614 13729 17268 17500
