1 2 3 4 6 7 8 10 11 12 13 14 15 16 17 18 19 20 21 23 24 26 27 30 32 33 34 35 37 38 39 40 41 42 43 45 46 48 50 51 52 54 55 56 57 59 62 63 64 65 66 67 69 71 73 76 77 78 79 80 81 82 83 84 85 86 87 88 89 91 92 93 94 95 96 97 98 99 100 101 102 103 105 106 107 108 109 110 111 112 113 114 115 116 117 119 120 122 123 125 126 127 131 132 133 136 137 138 139 141 142 143 146 147 148 149 150 151 152 153 155 156 157 158 159 160 161 162 163 169 170 171 173 174 175 176
3 34 69 75 116 155 158 163 173 176
3 7 11 24 28 32 33 34 37 41 54 55 56 59 68 69 70 73 74 75 91 92 101 105 106 116 122 125 126 130 131 138 142 143 155 158 160 162 163 170 173 176
1 3 4 5 6 8 9 10 11 12 13 14 15 16 18 19 20 21 22 25 26 27 28 31 32 35 36 38 39 41 42 44 45 47 48 49 50 51 52 54 56 59 61 63 64 65 66 67 70 71 72 74 75 76 77 78 79 80 81 82 83 84 85 87 88 91 93 94 96 98 99 100 101 102 103 104 105 106 107 108 109 110 111 112 113 114 115 117 118 120 121 122 123 124 125 126 127 128 129 130 132 134 135 136 137 138 139 141 142 144 145 146 147 148 149 150 151 152 153 154 155 156 158 164 165 166 168 169 170 171 172 173 176 177
1 2 4 5 6 10 12 14 15 17 18 19 20 22 24 26 27 28 29 30 32 33 34 35 36 37 39 40 42 43 44 46 47 48 49 50 51 52 53 54 55 56 60 61 62 64 65 67 68 70 71 73 74 75 76 77 78 79 80 82 83 84 85 86 87 88 89 91 93 94 95 97 98 99 100 101 102 103 104 105 106 107 108 109 110 112 113 114 116 117 118 119 120 121 123 125 126 128 129 131 133 135 136 137 138 139 140 141 142 144 146 147 148 150 151 153 155 156 157 158 159 160 161 162 163 164 166 168 169 171 172 175
1 4 6 10 11 12 13 15 16 17 18 20 23 26 27 31 32 39 40 44 46 47 49 50 51 54 59 60 62 63 71 76 79 82 83 84 88 96 97 99 100 101 103 106 107 108 113 114 115 116 119 126 127 136 137 138 142 144 146 149 150 151 153 156 157 158 159 160 163 166 169 170
1 2 3 4 5 6 8 10 11 12 13 14 15 16 17 18 20 22 23 25 26 27 29 31 32 35 36 38 39 40 44 45 46 47 48 49 50 51 52 53 54 55 57 58 59 60 61 62 63 67 71 72 75 76 77 79 80 81 82 83 84 85 87 88 91 93 94 96 97 99 100 101 103 104 106 107 108 111 113 114 115 116 118 119 120 121 123 124 126 127 129 130 132 133 134 135 136 137 138 140 142 144 145 146 148 149 150 151 152 153 154 155 156 157 158 159 160 161 163 164 165 166 167 168 169 170 172 173 175 176 177
9 19 22 24 33 38 42 43 45 52 55 57 61 66 67 70 81 87 90 94 95 100 102 104 111 112 124 130 131 133 134 140 145 149 152 159 161 162 163 165 167 174 176
1 27 33 39 41 50 51 56 59 66 68 79 84 88 107 108 110 136 153 169 174
1 6 9 12 18 19 27 33 34 39 41 50 51 56 59 66 68 74 78 79 83 84 86 88 92 93 107 108 110 115 122 126 132 135 136 137 151 153 169 170 174
1 6 9 12 18 19 27 33 34 39 41 45 50 51 56 59 66 68 70 74 78 79 83 84 86 88 92 93 107 108 110 115 122 126 132 135 136 137 144 151 153 162 169 170 174
2 35 45 85 87 94 97 102 133 155 157 159 174
2 3 5 14 16 17 35 36 45 57 58 60 67 70 77 81 85 87 89 94 97 100 102 104 111 114 116 124 127 129 132 133 140 143 145 154 155 156 157 159 161 164 172 173 174 175 177
2 3 4 6 7 8 9 11 12 14 15 16 17 20 21 22 23 24 29 31 32 33 35 36 37 38 39 40 41 44 47 48 49 50 51 52 53 54 55 56 57 58 59 60 61 62 63 65 67 70 71 72 73 77 78 79 80 81 82 83 84 85 86 87 88 89 92 93 94 96 97 98 99 100 101 102 103 104 105 106 109 110 111 112 113 114 116 118 119 120 121 122 123 124 127 128 129 130 132 133 134 136 137 138 140 141 145 146 147 148 149 150 151 152 153 154 155 156 157 158 159 160 162 164 165 168 169 173 174 175 176 177
1 4 5 6 7 10 11 12 13 15 17 18 19 21 24 25 26 27 28 30 32 33 34 35 36 37 38 39 40 42 44 46 47 49 50 51 52 54 55 56 57 60 61 62 63 64 65 66 68 70 71 73 75 76 77 79 80 82 83 84 86 87 88 89 90 91 92 93 95 96 97 98 99 100 101 103 105 106 107 108 109 110 111 114 115 116 117 118 119 120 123 126 127 128 131 132 135 136 137 138 139 140 141 142 143 144 145 146 148 149 150 151 153 156 157 158 159 160 161 162 163 164 166 167 169 170 171 172 173 175
7 9 11 13 19 20 21 24 27 30 33 37 41 42 43 50 54 56 58 65 68 74 78 88 89 90 92 95 98 101 102 105 109 110 112 115 117 122 128 131 139 143 160 169 174
7 9 12 13 23 24 27 30 33 59 60 68 69 70 71 75 77 78 83 92 96 99 102 104 105 108 110 111 114 116 120 124 125 132 152 154 158 161 165 166 167 170 171 174
1 4 6 12 39 40 71 73 76 79 80 82 83 96 99 107 113 137 146 151 153
1 4 6 8 12 39 40 51 71 73 76 79 80 82 83 91 96 99 107 108 111 113 115 124 133 136 137 144 146 149 150 151 153 154 158 160 165 170 176
5 9 11 13 14 16 19 20 21 22 25 26 28 41 43 45 48 54 58 63 68 72 74 81 90 92 94 95 97 105 109 118 125 129 130 132 139 141 145 147 154 156 160 170 173 176
4 5 6 7 9 10 12 16 17 20 22 23 25 27 28 30 32 33 34 35 41 42 46 49 50 51 54 56 59 60 62 64 65 66 68 70 71 77 79 80 83 85 86 87 89 91 92 95 96 99 102 103 105 106 107 108 110 116 117 118 119 121 122 123 126 128 130 132 135 136 138 139 142 143 144 146 148 150 151 153 156 157 164 167 168 169 170 174 177
4 5 6 7 9 10 11 12 13 14 15 16 17 18 19 20 21 22 23 25 26 27 28 29 30 31 32 33 34 35 37 39 41 42 43 44 46 48 49 50 51 54 56 59 60 62 64 65 66 68 70 71 73 74 76 77 78 79 80 83 85 86 87 88 89 90 91 92 95 96 97 98 99 101 102 103 105 106 107 108 109 110 113 114 115 116 117 118 119 121 122 123 125 126 128 130 132 135 136 138 139 141 142 143 144 146 147 148 149 150 151 152 153 156 157 158 159 160 163 164 166 167 168 169 170 171 172 174 176 177
5 7 9 10 11 13 14 18 20 21 26 28 32 39 41 48 51 56 59 66 68 71 73 74 78 80 90 96 101 105 109 115 116 117 118 122 124 127 130 135 137 142 146 154 158 170 171 173
4 6 19 23 33 34 40 41 42 43 47 50 51 54 64 65 68 70 73 74 88 89 90 92 97 98 102 103 110 114 118 120 125 126 128 131 138 139 142 159 162 163 164 168 170 171 176
1 4 6 12 24 27 29 38 40 49 51 58 67 71 77 79 80 81 82 83 89 91 96 99 107 108 119 125 128 135 136 137 144 150 151 153 165 168 172
1 3 4 5 6 7 10 11 12 13 15 17 18 20 21 23 24 26 27 28 30 31 32 33 34 37 39 40 41 42 43 44 45 46 48 49 50 51 52 54 55 56 57 58 60 64 65 66 67 68 71 72 73 74 75 77 78 79 80 82 83 84 85 86 87 88 89 90 91 92 93 95 96 97 98 99 100 101 102 103 105 106 107 108 109 110 112 114 115 116 117 119 120 122 123 124 125 126 127 128 130 131 135 136 137 138 139 140 141 142 143 144 146 147 150 151 153 155 156 158 160 161 162 163 164 168 169 170 171 172 174
1 5 6 8 23 26 27 33 36 49 50 52 54 57 58 60 63 64 65 72 75 76 85 86 87 91 93 97 103 110 111 112 114 116 118 119 120 123 127 129 131 134 137 142 143 145 148 149 151 152 157 158 160 161 162 163 164 168 172 175 176 177
1 4 5 6 7 8 9 10 11 12 13 14 15 18 19 20 21 23 25 26 27 32 33 36 37 39 41 42 43 46 48 49 50 51 52 54 55 56 57 58 59 60 63 64 65 66 68 69 71 72 73 74 75 76 78 79 80 82 83 85 86 87 88 89 90 91 92 93 95 96 97 98 99 102 103 105 107 108 109 110 111 112 114 115 116 117 118 119 120 122 123 124 125 126 127 129 131 132 134 135 136 137 138 139 140 141 142 143 145 146 147 148 149 150 151 152 153 157 158 160 161 162 163 164 166 168 169 170 171 172 174 175 176 177
2 3 5 16 22 25 28 29 31 36 38 45 53 57 58 60 69 70 72 76 77 89 94 97 100 104 119 123 124 129 130 140 143 145 148 154 155 156 161 164 165 167 172 175 177
1 3 7 15 21 27 29 33 34 46 50 51 53 55 57 67 70 73 79 80 82 83 84 86 99 100 103 105 110 126 127 128 136 141 144 147 149 158 160 169 173
1 2 3 5 7 8 12 15 16 17 20 21 22 23 24 25 26 27 28 29 30 31 33 34 35 36 38 40 44 46 47 49 50 51 52 53 55 56 57 58 59 60 61 62 63 64 65 66 67 68 69 70 72 73 75 76 77 79 80 81 82 83 84 85 86 87 89 90 91 92 93 94 95 97 98 99 100 103 104 105 106 108 110 111 113 114 116 117 118 119 120 121 123 124 126 127 128 129 130 132 133 134 136 138 140 141 142 143 144 145 147 148 149 152 154 155 156 157 158 159 160 161 162 163 164 165 166 167 168 169 170 172 173 174 175 176 177
2 3 4 5 7 8 11 12 15 16 17 19 20 22 23 24 25 28 29 30 31 35 36 37 38 40 42 44 45 46 47 48 49 52 53 55 57 58 60 61 62 63 64 65 67 69 70 71 72 73 74 75 76 77 79 81 84 85 86 87 89 90 93 94 95 96 97 99 100 103 104 106 107 109 111 112 113 114 116 118 119 120 121 123 124 126 127 128 129 130 133 134 136 138 140 141 142 143 144 145 146 147 148 149 150 151 152 153 154 155 156 157 158 159 160 161 162 163 164 165 166 167 168 172 173 174 175 176 177
1 4 6 12 16 28 39 51 71 82 83 96 99 107 108 127 136 137 144 150 151 153 160
1 2 4 6 7 8 10 11 12 13 14 15 16 17 20 23 24 26 27 28 30 32 33 34 35 37 38 39 40 42 43 44 46 48 49 50 51 52 54 55 56 57 58 59 60 63 64 65 66 67 68 70 71 73 74 76 77 78 79 80 81 82 83 86 87 88 89 90 91 92 93 94 95 96 97 98 99 100 101 103 105 107 108 109 110 111 113 114 115 117 118 120 123 126 127 128 129 130 131 135 136 137 138 139 140 141 142 143 144 146 147 148 150 151 153 156 157 158 159 160 161 162 163 164 165 166 167 168 169 171 172 175
1 3 4 5 7 10 11 13 15 17 18 19 20 21 23 24 26 27 28 30 32 33 34 37 38 39 40 41 43 44 45 46 47 49 50 51 52 53 54 55 57 59 63 64 65 66 67 68 69 70 71 72 74 75 76 77 78 79 80 82 83 84 85 86 87 88 89 90 91 92 95 97 98 99 103 105 107 108 109 110 111 112 113 114 115 117 118 119 122 123 125 126 127 128 130 131 132 133 134 136 137 138 139 140 141 142 144 145 146 147 148 149 150 151 156 157 158 159 160 161 162 163 165 166 169 170 171 174 175 176 177
3 9 14 18 19 21 22 25 28 29 31 37 38 45 48 58 61 62 74 75 78 81 90 92 94 95 102 104 105 106 109 112 118 121 124 125 129 130 133 139 143 154 155 165 166 168 174 177
1 3 4 5 6 7 8 9 10 11 13 14 15 16 18 19 20 21 22 23 24 25 26 28 30 31 32 33 34 35 37 38 39 40 41 42 43 45 46 48 49 50 52 54 55 56 57 58 59 60 62 63 64 65 66 67 70 71 72 74 76 77 78 79 81 85 88 89 90 92 94 95 96 97 98 99 100 101 102 103 104 105 106 107 109 110 112 117 122 124 125 126 128 130 131 132 133 134 135 136 139 141 143 145 146 147 149 150 151 152 153 154 155 156 158 159 160 161 162 163 164 165 166 167 168 170 171 172 174
1 8 10 16 21 22 28 30 31 35 36 37 38 39 42 44 46 47 50 52 63 64 71 72 76 84 88 93 95 96 97 98 103 106 107 113 114 118 121 122 129 130 136 138 139 141 142 145 147 150 151 152 158 159 162 163 175 176
1 2 4 6 8 10 12 15 16 18 19 21 22 23 24 25 28 29 30 31 34 35 36 37 38 39 40 42 43 44 46 47 48 49 50 51 52 53 54 55 58 60 61 62 63 64 65 66 67 71 72 73 75 76 77 78 79 80 82 83 84 86 87 88 89 90 91 93 95 96 97 98 99 100 103 104 106 107 108 111 113 114 115 116 118 119 120 121 122 123 124 125 126 128 129 130 131 132 133 134 136 137 138 139 141 142 144 145 146 147 149 150 151 152 153 156 157 158 159 160 161 162 163 164 165 167 168 169 171 172 173 175 176
9 11 17 24 30 31 37 41 42 43 48 55 58 72 74 80 81 85 87 90 92 94 95 103 104 112 117 125 126 132 133 134 135 139 145 154 155 156 160 164 165 167 170 172 174
1 2 3 4 5 6 8 11 12 13 14 15 16 17 22 23 24 25 26 27 28 29 31 34 35 36 37 38 42 44 45 46 47 50 51 52 53 54 56 60 61 62 63 64 67 68 69 71 72 73 75 76 77 79 80 82 83 85 86 87 88 89 93 94 95 96 98 100 102 103 104 106 107 109 111 112 113 114 116 118 119 120 121 122 123 124 127 128 129 130 132 133 134 136 137 138 139 140 141 142 143 144 145 147 148 149 151 152 153 154 155 156 157 158 159 160 161 163 164 165 166 167 168 169 173 174 175 176 177
5 7 9 11 12 13 14 18 20 21 22 28 32 34 37 39 41 43 48 64 66 71 74 78 88 90 95 96 101 102 105 109 112 117 118 125 126 130 139 141 146 147 150 160 164 166 173 174
1 2 4 6 7 12 15 16 17 20 22 23 24 26 27 28 30 32 33 34 35 36 37 38 39 40 42 43 44 46 47 49 50 51 52 53 54 55 56 57 58 60 61 62 63 64 65 66 67 69 70 71 72 73 75 76 77 79 80 82 83 84 85 86 87 88 89 91 92 93 95 96 97 98 99 100 101 102 103 105 106 107 108 110 111 112 113 114 115 116 118 119 120 121 123 126 128 129 131 132 133 134 135 136 137 138 139 140 141 142 143 144 146 147 149 150 151 153 155 157 158 159 160 161 162 163 164 166 167 168 169 171 172
7 9 11 18 19 20 21 24 33 37 41 42 43 48 51 55 56 58 66 68 74 78 80 88 90 92 95 98 102 105 109 117 124 126 132 137 139 141 146 154 155 160 164 167 169 171 174
1 18 20 24 30 32 33 56 66 70 71 79 84 90 96 110 128 132 146 150
1 2 3 4 5 6 7 9 10 11 12 16 17 18 19 20 21 22 23 24 25 27 30 32 33 34 35 36 38 40 41 42 45 46 47 48 49 50 51 52 54 55 56 57 58 60 61 62 63 64 65 66 67 70 71 72 74 75 77 79 80 81 82 83 84 85 86 87 89 90 92 93 94 95 96 97 98 99 100 101 102 103 104 105 106 107 108 110 112 117 118 119 120 121 122 123 126 127 128 129 130 132 133 134 135 136 137 138 139 141 143 144 145 146 147 148 150 151 153 155 157 161 162 164 167 168 169 170 174 175 177
1 3 7 11 19 41 48 52 62 69 70 77 80 84 92 101 102 116 127 139 145 147 161 174 176
1 3 7 9 10 11 14 18 19 22 25 31 41 48 52 57 59 61 62 69 70 74 77 78 80 84 87 90 92 101 102 110 112 116 122 124 125 127 133 139 141 145 147 154 161 170 172 174 176
1 6 12 38 44 55 57 61 67 70 71 72 79 81 82 83 99 134 136 144 145 151 153 154 156 165 172
1 3 4 6 10 12 38 40 44 51 55 57 61 67 70 71 72 79 81 82 83 94 96 99 107 108 134 136 137 144 145 150 151 153 154 156 165 172
