1 2 4 6 10 12 15 16 17 20 23 24 26 27 28 30 32 33 34 37 38 39 40 42 43 44 46 47 49 50 51 52 53 54 55 56 57 59 60 61 62 63 64 65 66 67 68 69 70 71 73 77 79 80 81 82 83 84 86 87 88 89 91 93 94 96 97 98 99 100 101 102 103 104 105 106 107 108 110 111 113 114 115 117 118 119 120 121 123 126 127 128 129 131 132 133 134 135 136 137 138 140 141 142 143 144 145 146 149 150 151 152 153 155 157 158 159 160 162 163 165 166 168 169 170 172 173 174 175
1 2 6 10 12 14 20 24 26 27 30 37 39 40 42 43 44 46 49 50 51 54 55 56 64 66 67 71 72 73 76 79 82 83 84 86 88 89 91 96 98 99 101 103 107 108 110 113 114 115 117 122 128 136 141 142 144 146 147 150 151 153 157 158 163 169 170 176
1 2 4 6 8 10 11 12 13 14 17 18 19 20 21 23 24 26 27 30 32 33 37 39 40 41 42 43 44 46 48 49 50 51 54 55 56 63 64 66 67 71 72 73 74 76 77 78 79 80 82 83 84 86 88 89 90 91 92 93 96 98 99 101 103 105 107 108 109 110 113 114 115 116 117 120 122 125 126 128 131 132 134 135 136 137 138 139 141 142 144 146 147 150 151 153 156 157 158 160 163 167 169 170 171 176
1 2 4 5 6 8 10 11 12 13 14 17 18 19 20 21 22 23 24 26 27 28 29 30 32 33 34 36 37 39 40 41 42 43 44 45 46 48 49 50 51 54 55 56 60 62 63 64 66 67 68 71 72 73 74 75 76 77 78 79 80 82 83 84 86 87 88 89 90 91 92 93 94 96 98 99 100 101 103 105 106 107 108 109 110 113 114 115 116 117 118 119 120 121 122 124 125 126 127 128 131 132 134 135 136 137 138 139 140 141 142 143 144 146 147 148 150 151 153 156 157 158 160 163 164 166 167 168 169 170 171 176
1 2 5 6 15 17 23 24 27 30 32 33 36 37 39 40 42 46 49 53 54 57 59 60 61 62 63 65 67 71 75 76 77 79 83 84 86 87 89 91 93 94 97 99 100 101 103 106 107 113 114 115 119 120 123 126 130 135 138 140 141 144 146 148 149 151 152 153 155 157 164 168 169 174 176 177
1 2 3 4 5 6 8 12 15 16 17 19 22 23 24 26 27 30 32 33 36 37 39 40 42 43 44 46 47 49 52 53 54 57 59 60 61 62 63 65 67 71 75 76 77 79 80 82 83 84 86 87 88 89 90 91 93 94 95 96 97 99 100 101 102 103 104 106 107 112 113 114 115 119 120 123 126 129 130 132 133 134 135 136 137 138 140 141 144 145 146 148 149 150 151 152 153 155 157 158 159 161 164 166 167 168 169 170 171 173 174 175 176 177
1 2 3 4 5 6 7 8 12 15 16 17 19 22 23 24 26 27 30 32 33 36 37 39 40 41 42 43 44 46 47 49 50 51 52 53 54 56 57 59 60 61 62 63 65 66 67 68 70 71 75 76 77 79 80 82 83 84 86 87 88 89 90 91 93 94 95 96 97 98 99 100 101 102 103 104 106 107 108 110 111 112 113 114 115 119 120 121 123 126 128 129 130 131 132 133 134 135 136 137 138 139 140 141 144 145 146 148 149 150 151 152 153 155 156 157 158 159 161 162 164 166 167 168 169 170 171 172 173 174 175 176 177
2 5 8 16 17 25 36 38 45 70 85 93 94 106 111 116 130 132 133 142 148 149 155 161 164 175 177
2 3 5 8 13 14 16 17 22 25 31 36 38 41 45 58 61 69 70 72 85 93 94 97 104 106 111 116 124 130 132 133 134 142 145 148 149 154 155 161 164 167 170 174 175 177
1 2 3 4 6 8 11 12 13 14 15 19 20 21 26 33 36 39 40 44 49 50 51 52 53 56 60 62 65 71 79 80 82 83 88 89 90 91 94 95 98 99 101 103 104 106 107 108 110 112 115 120 122 123 124 126 128 130 131 132 133 136 137 142 143 144 145 151 152 153 154 162 164 168 169 170 176
1 2 3 4 6 8 11 12 13 14 15 19 20 21 22 26 28 31 33 35 36 39 40 44 45 49 50 51 52 53 56 57 58 60 61 62 65 67 71 72 79 80 81 82 83 88 89 90 91 94 95 98 99 101 103 104 106 107 108 110 112 114 115 119 120 122 123 124 126 127 128 130 131 132 133 136 137 140 142 143 144 145 148 151 152 153 154 155 156 157 162 164 168 169 170 176
1 2 3 4 6 8 11 12 13 14 15 19 20 21 26 33 36 39 40 44 49 50 51 52 53 56 60 62 65 71 79 80 82 83 88 89 90 91 94 95 98 99 101 103 104 106 107 108 110 112 115 120 122 123 124 126 128 130 131 132 133 136 137 142 143 144 145 151 152 153 154 162 164 168 169 170 176
2 3 8 17 23 27 29 31 33 35 36 41 47 50 53 56 59 60 63 72 75 77 84 85 93 97 102 104 120 121 122 123 129 132 134 138 140 145 148 152 161 170 171 175 176 177
7 9 11 14 18 19 20 21 24 28 41 43 48 55 58 65 68 70 74 78 80 81 87 90 92 95 101 102 105 109 112 117 125 130 131 135 139 147 162 164 165 167 171 174
4 6 7 12 18 20 22 23 24 30 31 32 40 51 55 56 59 73 74 76 79 82 83 86 88 90 92 99 101 107 109 110 117 118 130 136 137 143 146 150 151 153 154 160 175
1 4 6 10 12 13 16 17 20 26 30 32 37 39 41 42 46 47 50 53 55 57 58 61 62 65 67 71 74 76 77 79 80 86 88 89 96 97 99 100 101 104 106 107 109 110 111 113 115 117 121 122 128 131 133 136 138 141 144 146 147 149 150 151 152 153 160 162 165 168 172
1 2 4 6 7 10 12 13 15 16 17 20 23 24 26 27 28 30 32 33 34 36 37 38 39 40 41 42 43 46 47 49 50 51 53 54 55 56 57 58 59 60 61 62 63 64 65 66 67 68 69 71 73 74 76 77 79 80 82 83 84 85 86 88 89 91 93 96 97 98 99 100 101 102 103 104 105 106 107 108 109 110 111 112 113 114 115 117 119 120 121 122 123 126 127 128 131 132 133 134 135 136 137 138 141 142 143 144 146 147 149 150 151 152 153 157 158 159 160 162 163 165 168 169 170 172 175 176 177
1 4 5 6 7 9 10 11 12 13 14 15 16 17 18 19 20 21 24 25 26 27 28 30 32 33 34 35 37 38 39 40 41 42 43 44 46 48 49 50 51 52 54 55 56 57 58 59 60 63 64 65 66 67 68 70 71 73 74 76 79 80 82 83 86 89 90 91 92 93 95 96 97 98 99 100 102 103 105 107 108 109 110 111 112 113 114 115 116 117 119 120 122 123 124 125 126 127 128 129 131 132 135 136 138 139 140 141 142 143 144 146 147 148 150 151 153 155 156 158 160 161 162 163 164 166 169 170 171 174 175
1 3 4 5 6 7 8 9 10 11 12 13 14 15 16 18 19 20 21 22 26 27 29 31 32 33 35 37 38 39 40 41 42 43 44 45 46 48 50 51 52 54 55 56 58 59 60 62 64 65 66 67 68 69 70 71 72 73 74 76 77 78 79 80 81 82 83 85 87 88 89 90 91 92 94 95 96 98 99 101 102 103 104 105 106 107 108 109 110 112 113 115 117 121 122 123 124 125 126 127 128 130 131 132 133 135 136 137 138 139 141 142 145 146 147 149 150 151 153 154 155 158 160 163 164 165 168 169 170 171 172 174 176 177
1 4 19 40 51 57 65 72 82 85 88 103 114 118 126 128 159 163 168
1 2 3 4 5 6 8 12 14 15 16 17 18 19 22 23 25 27 29 31 32 35 36 38 39 40 41 44 45 46 47 49 50 51 52 53 55 57 58 59 60 61 62 63 64 65 67 69 70 71 72 73 75 76 77 78 79 81 82 83 84 85 86 87 88 91 93 94 96 97 98 99 100 101 103 104 107 108 111 113 114 115 116 117 118 119 120 123 124 126 128 129 132 133 134 135 136 137 138 140 142 144 145 146 148 149 150 151 152 153 154 155 156 157 158 159 161 163 164 165 166 167 168 169 171 172 173 175 177
8 14 15 16 22 28 29 31 36 44 48 63 66 69 73 75 76 78 94 98 106 111 113 114 115 116 119 121 124 125 130 140 149 152 154 156 158 159 160 163 165 166 171 172 173 176
2 10 12 15 24 27 30 33 39 40 43 47 50 51 53 54 56 60 64 65 66 68 73 80 84 86 89 92 96 98 106 108 113 114 115 123 126 127 128 131 143 144 149 151 156 157 158 159 163 169 171
2 3 7 8 9 10 11 12 13 15 17 18 19 20 21 24 25 26 27 28 29 30 33 34 35 37 38 39 40 41 42 43 46 47 50 51 52 53 54 56 57 58 59 60 61 62 64 65 66 67 68 69 70 73 74 75 76 77 80 81 84 85 86 88 89 91 92 93 94 95 96 97 98 101 102 104 105 106 108 110 111 112 113 114 115 116 117 118 119 120 122 123 125 126 127 128 129 130 131 132 133 134 138 139 140 141 142 143 144 147 149 151 152 155 156 157 158 159 160 161 162 163 164 165 166 167 168 169 170 171 172 173 174 175 176 177
7 9 11 13 18 21 22 26 41 43 45 48 54 55 57 66 68 70 73 74 78 81 83 84 90 91 92 94 95 102 109 110 111 113 115 124 125 126 127 135 145 149 154 158 165 170 171 172 176
5 8 11 13 18 20 21 27 29 33 35 47 53 54 59 63 68 69 70 72 74 81 86 87 93 101 102 105 109 110 113 119 121 124 125 126 129 133 134 145 148 155 160 162 164 166 176
1 6 7 9 11 13 18 19 20 21 24 26 30 32 33 37 39 40 41 42 43 50 54 55 56 59 65 68 71 73 74 78 79 80 83 86 87 89 90 91 92 93 95 96 97 98 101 102 103 105 108 109 110 112 113 115 117 122 125 126 127 128 131 135 137 139 141 144 147 149 150 153 156 158 160 162 163 169 170 171 174
1 2 3 5 6 7 8 9 11 12 13 14 15 17 18 19 20 21 24 26 27 28 29 30 32 33 36 37 39 40 41 42 43 45 47 49 50 52 54 55 56 59 60 61 62 65 67 68 69 70 71 72 73 74 75 76 77 78 79 80 81 83 84 85 86 87 89 90 91 92 93 94 95 96 97 98 100 101 102 103 104 105 106 108 109 110 112 113 114 115 116 117 118 119 122 123 124 125 126 127 128 130 131 132 133 135 137 138 139 141 142 144 145 147 148 149 150 153 155 156 157 158 160 162 163 164 165 167 168 169 170 171 172 173 174 176 177
2 3 5 7 8 9 11 12 13 14 15 16 17 18 19 20 21 22 23 25 26 27 29 31 32 33 35 36 38 39 40 41 42 43 44 45 46 47 48 49 50 51 52 53 54 55 56 57 58 59 60 61 62 63 64 65 66 67 68 70 72 74 75 76 77 78 79 81 84 85 87 88 89 92 93 94 97 101 102 103 104 105 106 108 109 110 111 113 114 116 117 118 119 120 121 122 123 124 126 127 128 129 130 131 133 134 137 139 140 141 143 145 146 147 148 149 152 153 154 155 156 157 159 161 164 165 166 167 168 169 170 172 173 174 175 176 177
1 4 6 12 27 32 39 59 82 85 96 99 107 108 115 126 135 136 137 144 150 151 153 160 166 170
1 2 4 6 8 10 11 12 13 14 16 17 18 19 20 23 24 26 27 28 29 30 32 33 34 35 37 39 40 41 42 43 44 46 49 50 51 52 53 54 55 56 57 59 60 61 63 64 65 66 67 68 71 72 73 76 79 80 82 83 84 85 86 87 88 89 91 93 96 97 99 100 101 103 105 106 107 108 110 111 112 113 114 115 117 118 119 120 121 122 123 124 125 126 127 128 131 132 135 136 137 138 140 141 142 143 144 145 146 147 148 149 150 151 153 154 156 157 158 159 160 163 166 168 169 170 171 172 173 175 176 177
1 2 3 4 5 6 8 12 15 16 17 23 24 25 26 28 29 30 33 34 35 37 38 39 40 41 42 43 44 45 46 47 49 51 52 53 54 55 57 58 60 61 62 63 64 65 66 67 69 70 72 73 75 76 77 81 82 83 84 85 86 87 88 89 91 93 94 96 97 98 99 100 103 104 106 107 108 109 110 111 112 113 114 115 116 118 119 120 121 123 124 126 127 128 129 131 133 134 136 138 140 142 143 144 145 147 148 149 150 152 153 155 156 157 158 159 160 161 162 163 164 165 166 167 168 169 173 175 176 177
1 2 3 4 5 8 10 11 12 13 14 15 16 17 18 19 20 21 22 23 25 26 28 29 30 31 32 34 35 37 38 41 42 43 44 45 46 47 48 49 50 51 52 53 55 56 58 59 60 62 63 64 65 67 68 69 72 73 74 75 76 77 78 81 82 84 85 86 88 89 91 92 93 94 95 96 97 98 100 101 102 103 106 107 108 109 110 111 112 113 114 115 116 119 120 121 123 125 127 129 130 132 134 135 136 137 138 139 140 142 143 144 145 146 147 148 149 150 152 154 156 157 158 159 160 161 162 163 164 165 166 173 175 176 177
7 9 11 20 21 24 27 28 30 33 37 41 42 43 48 54 55 56 66 68 70 73 74 78 80 86 89 90 92 95 101 102 105 109 110 112 117 122 135 141 160 162 166 171 174
3 7 8 9 11 13 14 18 31 34 38 41 45 59 68 69 72 75 77 81 85 94 104 109 111 118 122 124 127 132 134 145 148 152 154 156 158 161 165 166 167 170 175 176 177
1 10 39 40 71 79 80 82 96 99 101 107 108 136 151 171
1 4 6 10 12 39 40 51 55 71 79 80 82 83 88 90 91 96 99 101 105 107 108 135 136 137 144 150 151 153 171
1 4 6 9 10 12 32 39 40 48 51 55 59 71 78 79 80 82 83 88 90 91 96 99 101 105 107 108 115 125 126 135 136 137 144 146 150 151 153 160 171
2 7 9 14 15 18 20 21 27 31 34 41 47 58 64 67 68 70 74 75 77 78 84 88 90 92 98 102 103 112 113 114 117 118 121 124 130 131 132 133 135 162 165 166 167 170 171 174 176 177
2 3 5 7 8 9 10 11 13 14 15 16 17 19 20 21 22 23 24 25 26 27 28 29 30 31 33 34 35 36 37 38 41 42 43 45 46 47 48 49 50 52 53 56 57 58 59 60 61 62 63 64 65 66 67 68 69 70 72 73 74 75 76 77 78 81 84 85 87 90 92 93 94 95 96 97 98 100 101 102 103 104 106 109 110 111 112 113 114 116 117 118 119 120 121 122 123 124 127 128 129 130 131 132 133 134 138 139 140 141 142 145 147 148 149 152 154 155 156 157 159 161 162 163 164 165 166 167 168 170 172 173 174 175 176 177
2 3 15 17 22 23 29 31 34 36 38 44 47 53 57 60 61 62 63 67 75 84 85 87 93 94 97 100 103 104 120 121 127 129 132 133 134 140 142 148 154 157 164 175 176 177
4 6 24 26 40 50 51 54 56 71 83 91 96 107 108 110 120 126 128 137 144 150 151 153 160 169
4 6 23 24 26 30 33 40 45 50 51 52 54 56 59 68 71 77 83 85 89 91 96 107 108 110 120 122 126 128 137 144 150 151 153 160 164 165 167 169 170
1 2 4 5 6 7 10 11 12 13 15 16 17 18 19 20 21 24 26 27 29 30 32 33 35 36 37 38 39 40 41 43 44 45 46 47 48 49 50 51 53 54 55 56 57 58 59 60 62 63 65 66 67 68 71 72 73 74 77 78 79 80 82 83 84 86 87 88 89 90 92 96 97 98 99 100 101 102 103 105 106 107 108 109 110 111 114 115 117 118 119 120 121 122 124 125 126 127 128 131 132 133 135 136 137 138 141 142 143 144 145 146 147 150 151 153 154 157 158 159 160 161 162 166 168 169 170 171 172 174 175 176 177
1 4 6 7 9 10 11 12 13 15 16 17 18 19 20 23 24 26 27 30 32 33 37 38 39 40 41 42 43 44 46 47 48 49 50 51 52 53 54 55 56 57 59 62 63 64 65 66 68 70 71 73 74 76 78 79 80 82 83 84 86 87 88 89 90 91 92 93 96 98 99 100 101 102 103 105 106 107 108 109 110 111 113 114 115 117 118 119 121 122 123 125 126 127 128 129 130 131 132 133 135 136 137 139 141 142 143 144 146 147 148 149 150 151 152 153 156 158 159 160 162 165 166 168 169 170 171 174 176
1 2 4 5 6 8 10 12 13 14 15 16 18 19 20 21 23 26 27 32 33 36 37 38 39 40 41 42 44 46 49 50 51 54 55 56 59 60 61 62 63 64 65 66 67 68 70 71 72 73 74 75 76 77 79 80 82 83 85 86 87 88 89 90 91 92 94 95 96 97 98 99 103 105 106 107 108 110 111 113 114 115 116 117 118 120 122 123 124 125 126 127 128 132 134 135 136 137 138 140 141 142 143 144 145 146 148 149 150 151 153 156 157 158 159 160 161 163 166 167 168 169 170 171 172 173 175 176 177
1 4 6 10 12 22 39 47 49 52 55 71 79 82 83 91 96 99 104 107 126 136 144 146 150 151 156 169
1 2 4 6 7 10 11 12 13 15 17 18 20 21 22 24 26 27 29 30 31 32 33 37 39 40 41 42 43 44 46 47 48 49 50 51 52 53 54 55 56 57 62 63 65 66 67 68 71 73 74 78 79 80 81 82 83 84 86 87 88 89 91 92 93 95 96 98 99 101 102 103 104 105 106 107 108 109 110 112 113 114 115 117 119 120 121 122 123 125 126 127 128 129 131 133 134 135 136 137 138 139 140 141 142 144 146 147 149 150 151 152 153 154 156 157 158 159 160 162 163 165 166 169 170 171 172 174 176
1 2 3 4 5 6 10 12 16 17 20 22 23 25 28 29 31 34 35 36 37 38 39 40 41 42 46 47 49 51 52 53 58 60 61 62 63 64 65 67 70 71 72 76 77 79 81 84 85 86 87 93 94 96 97 99 100 101 102 103 104 106 107 108 113 114 116 119 120 121 123 126 127 128 129 130 131 133 134 136 139 140 142 143 144 145 148 149 150 151 152 153 154 155 156 157 159 161 162 163 164 165 166 167 168 172 173 174 175 177
1 2 3 4 5 6 10 12 13 16 17 20 22 23 25 28 29 31 34 35 36 37 38 39 40 41 42 43 44 45 46 47 48 49 51 52 53 55 57 58 60 61 62 63 64 65 66 67 69 70 71 72 74 75 76 77 78 79 81 84 85 86 87 93 94 95 96 97 99 100 101 102 103 104 106 107 108 109 112 113 114 116 119 120 121 122 123 124 125 126 127 128 129 130 131 133 134 136 137 139 140 141 142 143 144 145 148 149 150 151 152 153 154 155 156 157 158 159 160 161 162 163 164 165 166 167 168 172 173 174 175 177
