1 2 3 4 5 6 7 9 10 11 12 14 16 18 21 22 23 24 25 27 28 29 32 33 34 35 37 38 39 41 42 45 46 47 48 49 50 51 52 54 55 56 57 58 60 62 63 64 65 67 68 69 70 71 72 74 77 78 79 80 81 82 83 84 85 86 89 90 91 92 93 95 96 97 98 99 100 101 102 103 104 105 106 107 109 110 116 117 118 120 121 122 123 126 128 129 130 132 133 134 135 136 138 139 140 141 142 143 144 145 146 147 148 150 151 152 153 155 156 161 162 164 167 168 170 172 173 174 175 177
1 2 3 4 5 6 7 8 9 10 11 12 13 15 16 18 19 20 21 25 26 27 32 33 34 37 39 40 41 42 43 44 46 47 48 49 50 51 54 55 56 59 64 65 66 68 69 70 71 73 74 76 77 78 79 80 82 83 84 85 86 88 89 90 91 92 95 96 97 98 99 101 102 103 104 105 106 107 108 109 110 112 113 114 115 116 117 120 121 122 123 125 126 127 128 132 133 135 136 137 138 139 141 142 143 144 146 147 149 150 151 152 153 156 157 158 159 160 162 163 164 168 169 170 171 176
5 7 8 9 11 13 14 18 19 21 22 31 39 41 55 59 68 73 74 75 77 78 80 85 90 94 101 111 116 117 121 122 124 127 133 135 142 143 154 158 164 170 171 172 173 176
1 4 6 12 32 39 50 51 71 79 80 82 83 96 99 107 136 137 144 146 150 151 153 160 169
1 3 4 6 10 12 13 32 38 39 44 45 50 51 56 59 71 79 80 82 83 85 88 96 99 107 115 116 135 136 137 144 146 150 151 153 160 169 170 177
1 2 3 5 13 14 15 16 17 18 19 20 23 24 25 26 27 29 31 36 37 42 43 44 45 46 47 48 49 50 53 56 58 60 61 63 64 67 72 74 77 81 84 85 86 87 88 89 91 93 94 95 100 101 102 103 104 106 108 109 113 114 115 119 120 121 123 126 127 128 129 130 133 134 139 140 141 143 145 146 149 152 154 155 157 158 164 165 168 169 171 177
1 2 3 4 5 6 12 13 14 15 16 17 18 19 20 23 24 25 26 27 29 30 31 32 35 36 37 38 39 40 42 43 44 45 46 47 48 49 50 51 52 53 55 56 57 58 60 61 63 64 65 67 71 72 74 77 78 79 81 83 84 85 86 87 88 89 91 93 94 95 96 98 99 100 101 102 103 104 106 107 108 109 113 114 115 119 120 121 123 126 127 128 129 130 131 133 134 135 136 137 139 140 141 143 144 145 146 148 149 150 151 152 153 154 155 156 157 158 159 161 164 165 167 168 169 171 172 173 177
7 11 37 41 43 74 90 92 109 125 147 160
7 9 11 19 21 24 28 31 33 37 41 42 43 45 48 64 68 74 78 80 89 90 92 95 100 101 102 105 109 112 117 125 130 131 139 141 143 147 160 162 166 167 168 171 174
1 2 4 5 6 8 10 12 14 15 17 18 26 27 32 36 38 39 40 41 42 44 47 50 51 52 53 54 56 57 59 60 61 62 65 66 67 69 71 72 73 75 79 80 81 82 83 84 85 86 87 88 91 93 94 96 97 99 100 103 104 105 106 107 108 110 111 113 114 115 117 119 120 121 122 123 124 127 128 129 130 131 132 133 135 136 137 139 144 145 149 150 151 153 154 155 158 159 163 164 167 169 170 171 172 173 174 175 176 177
1 2 4 5 6 8 10 12 13 14 15 16 17 18 19 20 21 22 24 26 27 30 32 33 36 38 39 40 41 42 44 47 50 51 52 53 54 56 57 59 60 61 62 65 66 67 68 69 71 72 73 74 75 77 78 79 80 81 82 83 84 85 86 87 88 89 90 91 92 93 94 96 97 98 99 100 101 102 103 104 105 106 107 108 110 111 113 114 115 117 119 120 121 122 123 124 125 126 127 128 129 130 131 132 133 135 136 137 138 139 140 141 144 145 146 149 150 151 153 154 155 158 159 160 162 163 164 167 169 170 171 172 173 174 175 176 177
1 2 3 4 6 7 9 12 13 16 17 19 20 21 22 23 24 25 26 27 28 30 31 32 33 34 35 37 39 40 41 42 43 45 46 47 48 49 50 51 52 53 54 55 56 57 60 61 62 65 67 68 70 71 72 77 78 79 80 81 82 83 84 85 86 88 89 90 91 92 95 96 97 98 99 101 102 103 104 105 106 107 108 109 110 111 112 114 117 118 120 121 123 126 128 129 131 133 134 135 136 137 138 139 140 141 142 143 144 145 146 147 148 150 151 152 153 156 157 160 161 162 165 166 167 169 172 174 175
1 2 3 4 5 6 7 8 9 10 11 12 13 14 15 16 18 19 20 21 22 26 27 30 32 33 34 35 37 38 39 40 41 42 44 45 46 47 49 50 51 53 54 55 56 57 59 62 64 65 66 67 70 71 72 74 75 76 77 79 80 82 83 84 85 86 88 89 90 91 92 93 94 95 96 97 98 99 101 102 103 104 106 107 108 109 110 112 115 117 118 119 120 121 122 123 125 126 128 130 131 132 135 136 137 138 139 141 142 144 145 146 147 148 150 151 152 153 155 157 160 162 168 169 170 171 172 173 174 177
1 4 6 12 33 40 43 44 55 78 83 84 88 90 99 101 105 108 119 126 127 153 160 171
1 4 6 12 23 29 33 36 40 43 44 51 55 61 68 69 78 80 82 83 84 87 88 90 99 101 105 108 111 119 124 126 127 132 135 137 140 153 159 160 163 171 173 176
10 11 13 14 16 18 21 22 26 28 34 48 52 56 59 64 68 69 73 74 75 81 90 92 95 98 105 109 112 116 117 118 121 122 124 125 138 141 142 143 145 158 163 170 171 173 176
1 2 4 5 6 8 12 15 16 17 22 23 24 25 26 27 29 30 31 33 34 35 36 37 38 39 40 41 43 44 46 47 49 50 51 52 53 54 55 56 57 58 60 61 62 63 64 65 67 69 70 71 72 75 76 77 79 80 82 83 84 85 86 87 88 89 91 93 94 96 97 99 100 101 102 103 104 106 107 108 110 111 113 114 115 116 119 120 121 123 126 127 128 129 130 131 132 133 134 136 137 138 140 142 143 144 145 146 148 149 150 151 152 153 154 155 156 157 158 159 160 161 162 163 165 166 167 168 169 172 175 177
1 2 3 4 5 6 8 10 12 14 15 16 17 18 19 22 24 25 26 27 29 30 32 33 34 36 38 39 40 42 44 45 47 49 50 51 52 53 54 55 57 58 59 60 61 62 63 65 66 67 70 71 75 76 78 79 80 81 82 83 84 85 86 87 88 89 90 91 93 94 96 97 98 99 100 101 102 103 104 106 107 108 110 111 112 113 114 115 117 119 120 121 126 127 128 129 131 133 134 135 136 137 138 140 142 144 148 149 150 151 152 153 155 156 157 158 159 162 163 164 165 167 168 169 171 173 174 175 176 177
3 4 10 17 22 44 67 68 71 74 107 120 122 126 134 135 142 151 157 170
2 7 8 9 13 21 25 29 35 44 47 58 61 69 70 73 75 80 82 87 92 112 113 114 117 121 122 130 134 140 141 142 143 148 149 158 159 160 161 167 170 174 176 177
1 2 3 5 7 9 10 11 12 13 14 15 16 17 18 19 20 21 22 23 25 26 27 28 29 31 32 33 34 35 39 41 42 43 44 46 47 48 50 51 52 54 56 59 60 61 62 63 66 67 68 69 71 73 74 75 76 78 79 80 81 83 84 85 86 87 88 89 90 91 92 94 96 97 98 100 101 102 103 105 106 107 108 109 110 113 114 115 116 117 118 119 120 121 122 123 124 126 127 129 132 133 134 135 137 138 139 140 141 142 143 145 146 147 148 149 151 152 153 154 156 157 158 159 160 161 163 164 165 166 169 170 171 172 173 176 177
3 9 11 14 15 25 29 30 31 35 38 41 43 44 48 49 55 58 62 66 74 85 90 91 105 109 123 124 130 131 133 134 135 143 149 154 164 170 171 173 177
3 5 6 7 8 9 10 11 13 14 15 16 19 20 21 22 23 24 25 26 28 29 30 31 32 33 34 35 36 37 38 39 41 42 45 46 48 49 50 51 52 53 54 55 56 59 60 61 62 63 64 65 67 69 70 71 72 73 74 75 76 77 78 80 81 85 88 89 90 92 94 95 96 97 98 101 102 103 104 105 106 107 109 111 112 113 116 117 118 121 122 123 124 125 127 129 132 133 134 135 136 138 139 140 141 142 143 145 146 147 148 149 151 152 154 155 158 159 160 161 162 163 164 165 166 167 168 170 171 172 173 174 175 176 177
1 4 6 12 27 51 56 79 82 83 91 108 110 115 126 136 144 151
1 4 6 12 25 27 51 56 59 71 79 82 83 90 91 96 99 107 108 110 115 126 130 136 144 150 151 170
1 4 6 10 12 18 25 27 51 55 56 59 68 71 75 78 79 80 82 83 90 91 96 99 101 107 108 110 115 116 126 130 135 136 137 144 150 151 153 160 170
9 10 11 13 18 19 20 24 30 32 34 39 41 42 43 48 54 55 58 59 64 66 68 69 73 74 78 80 90 92 95 102 105 109 112 115 117 128 131 133 135 139 141 146 147 160 162 171 174
1 15 19 20 28 29 30 35 37 39 40 42 44 47 49 50 52 53 55 57 62 63 72 76 80 83 84 93 94 98 101 104 114 119 120 121 126 143 144 145 148 150 157 161 172 177
1 3 4 5 6 7 9 10 11 12 13 15 18 19 20 21 26 27 28 29 30 32 33 34 35 37 39 40 41 42 44 45 46 47 49 50 51 52 53 54 55 56 57 59 62 63 65 66 68 70 71 72 73 74 75 76 77 78 79 80 82 83 84 86 88 91 93 94 96 97 98 99 101 102 103 104 105 107 108 109 110 111 113 114 115 116 117 118 119 120 121 122 124 125 126 127 128 135 136 137 138 139 141 142 143 144 145 146 147 148 149 150 151 152 153 154 156 157 158 160 161 163 166 168 169 170 171 172 176 177
3 11 22 41 58 59 75 94 118 154 172
3 5 7 9 11 13 14 15 16 18 20 21 22 24 26 27 28 30 31 32 33 34 35 36 37 38 39 41 42 43 44 46 49 50 51 52 53 55 56 57 58 59 62 63 64 65 67 68 69 70 71 72 73 74 75 76 77 78 79 83 84 85 86 87 88 89 91 92 93 94 95 97 98 101 102 103 104 106 108 109 110 111 112 113 114 115 116 117 118 119 120 121 122 123 125 127 128 131 132 133 135 136 137 138 139 140 141 142 144 145 146 147 148 149 150 154 155 156 157 158 159 160 161 162 163 167 171 172 173 174
1 7 21 42 66 70 80 84 85 92 96 112 141 150 160 170 176
1 3 4 5 6 7 8 9 10 11 13 14 15 16 17 18 20 21 22 23 25 26 28 31 32 34 35 36 37 38 39 41 42 44 45 46 47 48 49 50 52 55 57 59 60 62 63 64 65 66 67 69 70 71 72 73 75 76 77 78 79 80 81 83 84 85 92 93 94 96 97 98 99 101 103 104 105 106 107 109 111 112 113 115 116 117 118 120 122 123 124 125 127 129 132 133 134 135 136 138 140 141 142 143 145 146 147 148 149 150 151 152 153 154 155 156 158 159 160 161 163 164 165 166 168 170 173 174 175 176 177
5 8 14 17 22 23 25 28 31 34 35 38 45 52 58 60 67 69 72 75 76 77 85 89 97 106 111 116 118 121 124 130 134 138 140 142 154 157 159 164 166 172 173 175 176
1 4 7 12 18 27 32 33 40 45 51 55 56 59 68 71 79 80 82 84 86 88 90 91 96 101 105 107 108 110 117 126 135 136 137 144 146 151 153 160 169 170 172
5 8 9 13 14 16 19 21 25 35 38 39 58 59 61 63 64 72 74 75 81 82 85 87 90 94 104 109 111 119 121 124 125 127 130 132 134 135 137 145 154 155 161 167 168 170 177
2 7 13 17 20 21 27 32 36 37 40 42 43 47 48 52 53 54 55 62 63 65 66 67 78 81 86 94 103 106 109 113 114 119 121 131 133 148 154 155 159 162 164 169
2 7 9 10 11 13 17 19 20 21 22 24 26 27 28 29 30 32 33 34 35 36 37 38 39 40 41 42 43 45 46 47 48 50 52 53 54 55 56 57 59 61 62 63 64 65 66 67 68 69 70 71 72 73 74 76 78 79 81 83 84 86 87 88 89 90 92 94 95 96 97 98 100 101 102 103 104 105 106 108 109 110 111 112 113 114 115 116 117 118 119 121 122 123 125 126 128 129 131 133 136 138 139 140 141 143 144 146 147 148 149 150 154 155 156 158 159 160 161 162 163 164 165 166 167 169 170 171 172 174
1 2 3 4 5 32 37 39 40 42 46 49 50 54 55 60 62 63 64 67 71 76 77 79 87 88 96 97 99 100 103 106 107 108 109 111 113 116 123 136 138 140 141 142 143 144 146 149 150 151 156 157 161 164 177
1 2 3 4 5 6 7 8 9 10 11 12 13 14 15 16 18 19 20 21 22 26 27 28 32 34 36 37 38 39 40 42 44 45 46 49 50 51 52 53 54 55 59 60 62 63 64 66 67 68 69 70 71 72 73 75 76 77 79 80 82 83 84 85 87 88 90 91 93 94 96 97 98 99 100 103 106 107 108 109 110 111 113 115 116 117 118 120 121 122 123 124 126 127 132 133 134 136 137 138 140 141 142 143 144 146 147 149 150 151 152 153 156 157 158 160 161 164 167 169 170 171 173 174 175 176 177
1 2 4 6 7 10 12 15 16 17 19 20 23 24 26 27 28 30 32 33 34 37 38 39 40 41 42 43 44 46 47 49 50 51 52 53 54 55 56 57 58 59 60 62 63 64 65 66 67 68 69 70 71 73 76 77 79 80 82 83 84 85 86 87 88 89 90 91 93 96 97 98 99 100 101 102 103 105 106 107 108 110 113 114 115 117 119 120 121 122 123 126 127 128 129 131 133 135 136 137 138 140 141 142 143 144 146 147 148 149 150 151 152 153 156 157 158 159 160 161 162 163 164 165 167 169 170 171 174 175 176
16 23 25 28 29 34 35 36 38 44 45 52 57 58 61 63 64 69 72 77 81 85 93 94 97 100 116 118 119 123 127 129 132 138 140 142 148 156 159 161 162 163 165 166 167 168 173 175 177
1 2 3 4 5 6 8 10 12 15 16 17 18 19 23 24 25 27 29 30 32 33 35 36 37 38 39 40 42 43 44 45 46 47 49 50 51 53 54 55 56 57 58 60 61 62 63 64 65 66 67 68 70 71 72 75 76 77 79 80 81 82 83 84 85 86 87 88 89 91 93 94 96 97 99 100 101 102 103 104 106 107 108 110 113 114 115 119 120 121 123 125 126 127 128 129 130 131 133 134 135 136 137 139 140 143 144 146 149 150 151 152 153 154 155 156 157 159 161 162 164 165 167 168 169 170 171 172 174 175 176 177
3 16 19 24 25 28 29 33 36 41 42 43 48 55 58 61 68 70 74 78 80 81 89 90 92 95 101 102 105 112 125 129 130 131 132 133 135 139 145 159 160 161 162 163 166 167 172 175
2 5 8 16 22 23 25 28 29 31 35 36 38 44 45 46 58 60 64 67 69 72 76 77 100 114 116 119 127 130 134 138 140 145 148 156 159 161 165 166 167 168 172 173 175
1 2 5 15 19 21 22 26 30 31 35 39 46 47 48 49 50 54 57 58 60 62 63 65 66 70 72 73 76 86 87 89 91 97 103 104 106 110 113 114 115 119 120 122 123 124 126 127 128 129 130 131 133 138 140 141 147 148 149 151 152 156 157 158 162 164 168 169 172 177
1 2 3 4 5 6 10 11 12 14 15 16 17 19 21 22 24 26 30 31 35 36 37 38 39 40 42 44 46 47 48 49 50 51 53 54 55 57 58 60 61 62 63 65 66 67 70 71 72 73 74 76 78 79 81 82 83 86 87 88 89 91 93 94 95 96 97 98 99 100 102 103 104 106 107 108 110 111 112 113 114 115 119 120 121 122 123 124 125 126 127 128 129 130 131 133 134 136 137 138 139 140 141 142 144 146 147 148 149 150 151 152 153 154 155 156 157 158 159 162 163 164 165 167 168 169 171 172 177
1 2 3 4 6 8 12 14 15 19 24 27 29 30 32 33 39 40 44 45 46 47 49 50 51 53 55 59 60 62 65 66 70 71 76 79 80 81 82 83 84 85 86 87 91 93 94 96 97 98 99 101 103 104 106 107 108 113 114 118 119 121 122 123 124 125 126 127 128 131 132 133 135 136 137 144 149 150 151 152 153 154 157 159 162 165 169 171 174 176 177
1 2 3 4 5 6 8 12 14 15 16 17 19 22 23 24 25 27 29 30 31 32 33 35 36 38 39 40 44 45 46 47 49 50 51 52 53 55 57 58 59 60 61 62 63 65 66 67 70 71 72 75 76 77 79 80 81 82 83 84 85 86 87 91 93 94 96 97 98 99 100 101 103 104 106 107 108 111 113 114 118 119 121 122 123 124 125 126 127 128 129 130 131 132 133 134 135 136 137 138 140 142 144 145 148 149 150 151 152 153 154 155 156 157 158 159 161 162 164 165 166 167 168 169 171 172 173 174 175 176 177
3 8 9 11 13 14 18 19 20 21 32 35 41 45 48 55 59 69 73 74 75 77 78 81 88 94 104 105 109 111 112 121 122 124 125 127 132 139 154 155 156 159 161 170 171 173 176
