17 23 24 30 34 36 38 40 43 47 52 53 55 58 61 70 76 81 94 95 97 98 100 104 112 113 118 120 121 123 131 139 140 142 143 152 154 157 158 159 161 162 163 164 166 167 172
1 2 3 5 6 11 15 16 17 24 26 29 30 31 37 38 39 40 44 45 47 49 50 51 52 53 54 55 56 57 58 60 61 62 63 65 66 67 70 71 72 77 79 82 83 84 86 87 88 89 91 93 94 96 99 100 103 104 106 108 110 113 114 115 117 119 120 121 122 123 124 127 128 129 131 132 133 134 136 140 144 147 149 151 152 154 155 157 161 162 164 165 167 169 170 172 176 177
5 14 20 22 25 28 29 31 34 35 45 46 49 64 67 81 96 102 104 113 118 119 120 121 124 125 128 130 133 138 141 143 145 148 149 152 154 164 165 177
5 7 8 9 11 13 14 18 22 28 31 32 35 41 45 56 59 64 68 69 75 76 78 94 101 105 109 116 117 124 130 134 145 148 154 165 166 167 170 173 176
4 9 10 13 14 18 19 20 24 25 32 40 44 46 55 58 66 74 80 82 86 88 92 93 97 98 113 116 120 122 125 127 128 133 134 139 140 147 150 160 162 164 171 172 176 177
3 11 13 31 36 38 45 61 63 67 72 81 94 102 123 130 132 143 154 164 172
1 2 4 12 23 24 30 38 40 47 51 53 56 58 60 62 80 82 86 88 91 99 108 119 121 128 131 135 137 140 144 148 153 162 165 175
5 8 14 15 16 34 58 59 64 66 68 69 73 85 107 115 116 118 124 135 137 145 154 158 166 167 170 171 176
11 17 19 20 24 26 28 30 34 37 40 42 43 46 48 49 50 52 54 55 57 65 70 73 76 86 91 95 96 97 98 100 105 106 110 112 117 123 128 131 140 141 142 144 147 157 160 162 163
1 4 12 27 51 79 82 137 151 153
3 8 23 36 45 69 75 77 85 118 129 145 155 161 173 177
1 2 4 5 6 10 12 13 14 15 17 18 19 20 21 24 26 27 30 32 33 34 37 39 40 42 43 47 49 50 51 54 56 59 65 66 68 71 73 78 79 80 82 83 86 87 88 89 90 91 92 93 95 96 97 98 99 101 103 105 106 107 108 110 111 113 114 115 117 119 120 126 127 128 130 131 132 135 136 137 141 142 143 144 146 147 149 150 151 153 157 160 162 163 166 168 169 170 171 174 175
5 7 10 11 13 14 18 20 21 29 35 45 48 58 59 69 72 74 88 90 104 105 109 110 122 124 130 139 141 146 155 170 174 177
2 4 6 23 29 36 45 47 49 61 63 77 78 80 84 91 93 98 129 136 137 140 148 150 156 159 165 175
2 8 11 16 34 37 46 67 69 92 105 111 117 123 124 132 158 160 168
1 6 33 39 56 68 69 85 113 121 123 151 169
3 25 28 29 38 45 52 63 75 81 84 87 97 100 104 120 129 156 166 170 177
2 17 23 29 36 44 57 58 60 62 63 67 81 87 111 119 129 130 154 161 165 167 175
23 24 33 40 51 55 68 86 89 139 144
27 31 32 34 44 47 56 57 68 77 84 92 93 97 98 102 120 129 134 135 137 156 165 175
4 10 39 40 44 51 56 66 71 73 80 82 90 92 99 100 102 105 108 121 131 137 144 151 152 153
2 10 17 31 34 36 46 58 60 61 72 73 79 81 83 87 89 106 111 119 121 123 132 134 142 143 144 149 164 168 169 173 175 176 177
3 16 35 59 69 75 85 118 124 127 158 161 177
9 11 13 20 21 24 33 34 37 42 43 48 50 54 56 73 86 89 92 95 101 105 109 110 115 117 131 139 141 143 146 147 162 174
2 9 17 24 28 29 38 44 45 48 55 70 104 125 129 133 140 154 164 165 168 172 177
1 4 6 12 18 27 33 39 40 43 51 56 59 66 68 78 79 80 82 83 86 91 99 101 107 108 110 115 122 126 131 135 136 137 144 151 153 169 170 171
1 2 4 10 12 20 23 29 39 40 42 50 53 57 61 62 63 71 73 79 82 86 93 97 99 100 107 111 113 114 120 121 123 127 129 130 131 136 137 140 141 144 146 150 151 153 157 160 162
3 25 45 61 69 72 94 115 122 124 127 130 142 154 156 161 171 172 173 176
17 22 24 31 35 36 38 44 45 47 53 58 60 61 62 64 67 70 93 94 100 104 106 121 129 130 133 134 140 149 152 155 159 164 165 167 168 177
2 29 34 38 71 87 120 136 138 144 150 157 165 172 175
2 3 5 8 9 16 17 22 23 25 29 31 36 38 45 58 60 61 67 72 81 93 94 104 119 124 129 130 132 134 140 145 152 154 155 161 164 166 168 173 175 177
3 9 16 20 25 45 61 70 75 81 85 94 102 104 106 112 121 130 132 139 145 152 155 174 176
5 25 29 31 35 38 44 45 63 72 76 100 111 118 132 145 148 156 159 161 166 173
7 11 28 31 33 37 41 42 43 47 48 53 55 61 62 68 74 75 78 80 81 88 90 95 102 112 116 121 133 139 141 145 164 172
23 28 34 69 105 119 137 143 156 172
2 8 60 77 97 116 118 129 134 142 167 175 177
2 3 18 39 80 81 91 104 115 122 164 172
5 9 12 16 19 22 41 43 48 74 75 78 84 90 95 105 109 118 131 132 139 141 143 147 164 173 174
3 5 11 31 37 55 57 58 70 74 75 81 94 95 105 112 116 122 124 130 132 133 145 154 156 164 176 177
8 17 29 31 44 69 72 75 111 116 124 127 148 149 173 176
4 6 21 26 30 37 42 59 115 122 128 137 146 151
8 14 23 24 25 28 29 30 31 36 47 48 57 58 64 81 87 101 104 117 131 133 134 140 142 145 147 148 152 154 159 162 164 165 166 172 177
1 7 13 14 15 36 47 49 51 55 62 66 70 71 79 84 86 88 91 93 94 98 102 103 104 106 108 113 114 115 117 120 121 126 127 133 141 147 149 154 155 164 170 176
12 23 28 34 46 58 60 63 64 68 89 103 106 113 114 119 121 139 140 142 143 144 157 163 165 166 174
2 3 5 8 9 18 19 29 36 46 69 78 85 90 94 104 116 124 129 132 134 139 143 145 152 154 156 157 161 172 173 176 177
4 44 51 77 82 99 107 108 137 144 153 160
2 9 18 34 47 60 68 77 78 84 88 90 92 93 101 109 118 121 127 129 132 135 139 153 160 164 175
1 24 27 33 48 86 91 95 105 121 125 128 133 141 143 165 172
9 19 34 74 78 82 85 88 90 135 137 156
3 5 8 16 17 34 35 36 52 57 60 64 69 70 72 76 85 94 97 106 111 118 130 134 148 154 155 156 161 165 166 167 168 173
