1 3 4 6 7 9 10 11 12 13 14 15 16 17 18 19 20 21 22 23 24 26 27 30 32 33 36 37 38 39 40 41 42 43 44 47 48 49 50 51 52 53 54 55 56 58 59 62 64 65 66 68 70 71 74 75 76 78 79 80 81 82 83 84 86 87 88 89 90 91 92 93 94 95 96 98 99 101 102 103 104 105 106 107 108 109 110 112 113 115 117 120 121 122 124 125 126 128 129 130 131 132 133 134 135 136 137 139 141 143 144 146 147 149 150 151 152 153 154 155 157 160 162 164 165 169 170 171 174 176 177
9 13 23 28 29 34 38 41 58 59 63 64 66 69 72 73 92 102 105 109 113 118 135 140 141 143 149 152 164 166 173 175
2 3 7 18 22 25 33 41 44 58 70 100 102 112 152
1 4 6 15 18 26 27 39 40 50 54 56 59 66 80 82 83 86 88 99 107 108 115 122 131 132 135 136 137 144 151 153 169 170
2 3 7 11 13 14 18 19 21 23 24 25 26 28 31 37 41 42 43 45 48 64 68 90 94 95 97 98 109 110 119 121 124 125 127 134 139 141 145 147 154 162 166 167 170 173 174
7 9 11 21 22 25 28 29 31 32 33 35 36 37 38 41 43 45 48 55 58 64 68 74 78 90 95 101 102 105 109 116 130 135 138 139 142 154 156 160 164 166 168 172 173
1 4 5 6 10 12 14 23 31 35 40 44 45 51 57 59 60 71 72 75 79 80 82 83 90 96 99 101 107 108 115 121 126 135 136 144 150 151 153 154 164 170 172
3 7 8 9 10 11 12 14 18 22 31 32 36 41 48 53 59 66 69 73 74 78 80 81 91 94 99 104 105 109 112 121 124 125 133 135 136 139 152 154 164 170 171 177
9 11 12 19 21 26 28 29 31 32 34 43 47 48 53 64 66 69 74 77 78 88 96 98 101 104 105 110 116 117 118 122 131 134 135 143 145 147 152 154 160 165 166 171 174 175 176
1 2 3 7 8 10 11 15 17 20 24 25 27 28 29 30 31 35 36 37 38 41 46 49 53 55 57 60 61 62 64 67 69 71 72 73 74 76 77 78 81 82 84 86 87 93 95 97 98 99 100 101 104 106 107 109 112 115 116 119 120 121 122 123 124 127 130 133 134 135 136 137 141 142 143 144 150 152 153 155 156 157 158 160 161 162 163 165 167 169 171 173 176
1 4 12 17 23 24 30 40 42 45 49 51 52 55 57 62 64 70 77 81 82 83 86 99 112 120 123 131 135 136 137 142 144 150 153 155 162 165 167 172
2 3 5 8 13 14 17 21 23 25 28 29 35 38 45 46 57 58 64 67 70 72 74 76 77 85 94 100 104 116 119 127 130 142 148 154 156 161 165 166 167 172 175 176 177
4 12 17 37 38 40 51 63 65 71 99 108 128 130 136 137 150 152 153 156 162 173 175
3 5 7 9 10 11 13 14 16 18 19 20 21 32 39 41 59 69 74 75 77 78 80 81 88 90 94 104 107 109 115 122 124 125 127 130 132 135 137 139 145 146 150 154 170 171 176
7 11 17 22 23 24 29 34 37 42 44 45 58 60 66 67 68 69 72 77 81 86 89 101 106 110 118 119 121 128 129 133 141 142 146 147 152 154 155 158 160 161 162 164 165 168
1 10 61 74 88 93 117 142 144 159 171
3 5 8 14 16 17 22 25 29 31 34 35 36 38 44 45 47 49 58 64 69 72 75 76 77 85 93 94 100 104 106 116 118 127 129 130 134 140 145 149 155 159 165 167 168 173 177
2 7 9 11 14 31 34 35 41 42 43 44 48 58 65 69 77 78 80 86 87 89 90 92 95 102 109 111 125 127 132 134 137 139 143 148 152 154 158 165 166 167 172 175
2 7 19 21 34 53 55 57 58 63 70 78 81 94 102 103 104 111 113 117 119 131 139 152 155 161
3 8 14 16 17 23 25 30 33 34 45 52 57 58 60 63 64 75 76 85 93 111 118 121 123 125 131 133 138 140 142 148 152 156 157 159 163 164 167 170 172 173 175 177
5 16 20 22 31 34 37 38 46 48 54 58 59 64 66 69 73 75 78 89 91 92 98 105 112 116 120 124 125 129 130 131 138 142 158 160 163 164 166 168 176
5 8 9 10 11 13 16 20 21 22 23 25 26 28 31 35 38 39 48 56 59 72 74 76 90 92 95 98 100 109 118 121 124 127 130 139 141 142 143 145 152 164 168 170 176
1 15 26 32 40 41 55 66 95 105 115 116 117 139 146 170 172
2 3 17 22 23 29 31 36 44 47 53 57 58 60 61 62 63 67 75 81 84 86 87 93 104 111 119 120 121 129 130 132 133 134 137 140 145 152 157 159 165 167 173 175 177
1 2 23 24 25 27 30 33 38 54 70 82 100 119 128 129 131 162 170
7 8 9 11 13 14 15 18 19 22 29 30 31 32 36 41 42 43 48 58 64 68 73 74 76 78 90 98 101 102 105 109 112 117 118 122 124 125 132 135 139 145 147 154 160 165 174
2 10 11 26 28 35 36 37 38 42 43 46 47 48 60 65 66 72 83 84 85 86 89 91 95 100 103 106 109 110 112 113 114 117 122 123 128 133 136 138 150 157 165
3 5 7 8 9 13 14 16 19 21 22 25 35 36 45 58 60 61 69 70 72 75 81 85 90 94 104 118 119 124 127 132 133 134 135 140 145 148 154 155 161 164 166 167 170 173 176 177
3 5 7 8 9 11 13 14 18 19 21 22 25 28 29 31 45 49 58 74 75 78 81 87 90 94 102 104 105 106 109 112 124 125 127 130 133 134 145 149 152 154 155 165 168 170 172 174 176 177
7 9 11 14 18 20 25 28 35 37 43 48 52 63 72 74 80 81 89 90 92 102 105 109 112 117 132 133 141 142 143 145 154 160 161 164 173 174
2 6 15 29 35 43 53 61 66 75 76 80 84 87 94 97 103 104 111 127 134 135 151 155 156 158 165 177
3 14 17 44 47 60 66 75 77 82 85 90 93 148 170 173 177
2 25 31 36 38 46 61 84 86 119 123 142 145 166 167 168 175
1 10 12 16 18 20 24 26 27 29 33 35 40 42 44 49 50 51 54 56 58 59 62 68 71 73 76 79 80 83 86 88 89 99 102 105 108 110 114 115 122 126 128 131 133 135 136 144 147 151 155 157 160 162 165 168 169 170 171
5 16 22 23 34 35 38 44 45 46 52 60 64 69 72 75 77 85 97 100 116 119 127 142 143 145 156 161 172 175
1 4 6 7 9 10 12 14 18 19 27 28 29 32 39 40 46 49 55 68 71 73 74 76 78 79 80 82 83 84 86 88 91 96 99 101 103 105 107 113 115 117 120 122 126 135 136 144 146 150 151 153 157 160 169 171
1 3 4 5 7 10 21 57 62 65 67 71 72 76 77 79 85 99 106 107 113 114 118 123 126 135 136 139 148 150 151 156 160 168 172
5 9 14 18 19 20 21 45 70 74 78 80 94 102 112 124 130 132 139 170 172
2 7 9 19 27 33 47 50 62 66 68 84 88 90 92 98 120 131 132 139 162 167 174
5 8 28 35 38 46 52 63 64 100 111 114 138 142 145 148 158 159 165 166 173 175
1 2 4 6 8 10 15 20 21 22 26 27 33 34 39 40 44 46 49 50 54 55 56 62 63 68 70 71 73 76 77 79 80 82 83 84 87 93 96 97 98 99 101 103 105 106 107 108 110 111 113 115 117 120 124 127 132 136 142 143 146 147 149 150 151 157 158 160 161 171 173 176
2 16 17 22 23 24 29 30 31 33 36 38 43 53 56 58 61 68 74 78 81 86 87 90 91 100 113 118 119 121 129 130 131 133 134 137 140 142 144 152 157 159 162 164 165 166 167
1 7 9 13 19 21 22 28 36 48 52 55 58 64 66 68 69 72 75 80 83 84 85 86 93 100 101 105 106 111 112 114 116 118 125 126 128 134 135 138 140 144 153 164 167 173 175 176
2 24 31 60 61 81 87 106 113 119 121 130 134 159
1 12 18 27 32 68 78 90 92 101 105 118 120 134 135 139 153 156 171
17 24 30 57 61 65 89 121 133 145 162 165 167
7 18 22 25 26 29 31 34 36 38 41 43 45 47 50 58 59 61 70 74 78 80 81 97 100 104 105 110 113 114 119 121 123 129 130 133 145 148 152 154 155 160 165 170 173 176 177
1 4 6 7 10 11 12 14 15 19 24 34 37 39 40 43 44 48 51 55 63 66 68 73 75 79 82 83 84 86 87 88 96 98 99 103 106 112 117 122 131 133 136 137 143 147 151 159 162 171 174
10 12 15 19 23 24 26 28 32 34 42 46 59 64 66 68 69 71 73 75 78 86 89 91 92 95 96 98 99 101 105 110 112 115 116 121 129 131 138 139 146 147 163 166 171 174
2 5 17 24 26 30 33 34 36 38 40 42 43 51 52 56 58 60 61 63 64 65 67 81 82 84 85 86 91 93 100 104 108 112 123 127 128 130 131 140 144 152 159 162 165 167 168 174
