1 7 9 10 12 13 14 18 20 26 27 30 32 42 49 54 56 59 66 68 70 71 73 74 78 79 80 84 85 86 88 90 92 96 101 108 110 112 117 124 135 141 144 146 150 153 160 174
2 8 13 14 17 18 41 67 70 75 76 77 80 87 90 94 101 105 106 115 122 124 145 147 149 154 157 171 175
2 8 12 38 72 77 82 89 120 153 156 158 161 166
2 4 8 12 38 51 71 72 77 82 87 89 96 99 106 107 120 136 137 144 150 153 156 158 161 166
8 17 26 28 29 35 36 44 51 53 64 73 75 76 77 85 87 97 113 114 116 137 138 140 142 145 149 156 157 159 161 164 165 166 173 175 176
1 3 4 6 7 9 10 11 12 13 14 15 18 19 20 21 26 27 32 38 39 41 42 45 46 49 50 51 52 55 56 59 63 64 66 68 71 73 74 75 78 79 80 81 82 83 84 85 87 88 90 91 92 94 96 98 99 101 102 104 105 107 108 109 110 113 115 116 117 118 121 122 123 124 126 127 129 132 133 134 135 136 139 141 142 143 145 146 147 150 151 152 153 155 157 158 160 166 169 170 171 173 174 176 177
3 7 8 11 13 14 19 25 36 41 45 48 57 69 70 72 74 75 81 85 106 109 122 124 125 129 130 133 134 142 147 152 154 155 161 165 170 174 177
1 4 6 10 12 14 18 32 33 39 40 50 51 54 56 66 71 77 79 82 85 88 96 99 107 108 117 122 136 137 144 147 150 151 162 169 170
2 3 7 8 9 10 14 24 25 27 31 37 45 54 60 65 67 74 81 87 92 94 95 98 101 112 113 116 121 122 130 141 143 145 146 150 156 159 161 162 165 172 176
1 2 4 5 6 10 12 15 16 20 23 24 25 27 28 30 32 33 34 35 37 38 39 40 42 43 46 48 49 50 51 53 54 55 56 58 60 64 65 67 68 71 72 75 77 79 80 82 83 85 86 88 89 90 91 96 97 98 99 100 101 103 105 106 107 108 110 114 116 123 126 128 129 130 135 136 137 138 140 141 142 143 144 145 146 147 148 150 151 153 157 160 162 164 165 166 168 169 171 174 175
3 7 9 11 13 14 18 21 41 43 48 74 75 78 81 94 104 109 112 122 124 125 129 130 134 152 154 170 177
7 11 12 19 22 28 31 62 64 67 78 81 88 90 95 99 105 109 111 116 118 121 125 136 139 143 147 154 167 168
3 25 31 45 61 63 102 130 132 135 145 152 154 164 167 175
4 6 7 9 10 11 12 13 15 19 20 21 24 26 27 28 30 33 34 37 38 39 40 42 43 46 47 48 49 50 51 54 56 59 60 61 62 63 64 65 66 67 69 71 73 74 78 79 81 82 83 84 86 88 89 90 92 93 95 96 98 99 100 102 103 106 107 108 109 110 112 113 114 116 117 121 122 123 125 126 127 128 131 132 136 138 141 142 144 146 147 149 150 151 153 157 158 160 162 163 164 167 168 169 174 175
2 3 5 17 22 34 36 38 45 47 52 53 58 62 100 111 127 129 130 138 142 148 155 157 161 163 164 165 166 167 175
11 28 37 43 52 58 81 87 93 95 109 130 140 143 152 157 162 163
2 7 9 15 16 17 19 20 23 24 26 27 29 30 32 33 35 36 37 38 42 44 46 47 49 50 53 54 55 57 58 60 61 62 63 64 65 66 67 68 70 76 81 84 86 87 88 89 90 91 93 94 95 97 98 100 101 102 103 104 106 110 112 114 116 117 118 119 120 123 128 129 131 132 133 134 138 139 140 141 142 147 152 154 155 156 157 159 162 164 165 168 172 174 175 177
1 2 4 6 10 11 12 15 17 20 23 24 26 27 30 32 33 34 35 36 37 38 39 40 42 43 44 45 46 47 49 50 51 52 53 54 55 56 57 58 59 60 61 62 63 64 65 66 67 71 72 73 75 76 79 82 83 84 85 86 87 88 89 91 93 95 96 98 99 100 103 106 108 111 113 114 115 117 118 119 120 121 122 123 126 127 128 129 131 135 136 138 139 140 141 142 143 144 146 147 148 150 151 152 153 156 157 158 159 160 162 163 164 165 166 168 169 171 172 175 177
12 15 17 21 32 36 43 47 64 66 75 80 82 83 84 92 94 97 100 107 108 114 115 118 119 120 127 132 135 137 153 158 160 171 175
8 13 15 20 26 76 98 117 146 147 166 169
12 13 18 27 39 58 71 88 126 135 146 160
8 9 11 18 19 21 41 59 60 69 72 74 81 87 94 96 97 106 107 119 122 125 132 152 154 155 161 170 174 176
3 5 6 9 13 14 16 22 29 31 32 63 72 78 81 94 96 104 107 109 118 124 130 132 139 148 154 165 172
2 20 21 24 29 30 31 32 36 37 42 44 48 55 63 65 67 78 85 86 90 93 100 109 111 113 114 139 141 144 147 152 162 171 177
2 3 5 8 30 45 46 48 49 58 67 75 85 89 94 95 104 106 112 116 125 140 157 165 172 173
2 3 5 8 30 36 45 46 48 49 58 65 67 75 81 85 89 94 95 104 106 112 116 125 127 134 140 154 155 157 165 167 168 172 173 174
3 5 7 9 11 13 14 16 21 41 59 67 70 72 74 81 94 104 106 132 133 134 139 148 152 154 170 173 176
13 17 18 19 20 21 24 28 33 37 42 48 56 78 80 81 89 90 94 95 102 105 109 112 126 133 135 139 146 149 160 164
9 13 18 21 48 66 74 78 90 92 112 117 118 122 125 139 141 171
19 28 31 43 45 47 57 58 61 69 70 78 87 102 103 104 105 112 121 125 129 130 133 134 139 145 152 164 165 174
19 28 31 43 45 47 57 58 61 69 70 78 87 102 103 104 105 112 121 125 129 130 133 134 139 145 152 164 165 174
8 16 22 25 31 34 35 45 46 58 64 69 85 111 118 145 158 161 173 175
2 4 5 6 10 12 18 20 23 24 25 26 27 30 32 33 35 36 37 38 39 40 42 43 46 48 49 50 51 52 54 56 60 61 62 63 64 65 66 68 71 73 76 78 79 80 83 86 87 88 89 91 92 95 96 97 98 99 101 103 105 106 107 108 109 110 111 112 113 114 115 116 122 123 126 127 128 129 136 138 139 140 141 144 146 147 148 150 151 157 159 160 162 163 166 167 168 169 171 172 174 175
22 24 29 31 35 36 37 38 45 46 47 49 52 53 60 61 62 65 70 84 89 102 112 129 133 134 140 144 145 155 161 162 164 165 166 168 172 173 174
1 3 4 5 6 8 10 11 12 13 14 16 17 18 20 21 28 29 32 34 35 36 37 38 39 40 41 44 46 49 50 51 52 55 57 59 60 63 65 66 67 69 70 71 72 75 76 77 79 80 81 82 83 85 86 88 89 90 93 94 96 97 99 102 103 106 107 108 114 115 116 118 120 122 123 126 127 128 129 134 136 137 138 140 142 143 144 146 150 151 153 156 157 158 159 166 168 169 170 172 173 177
17 20 23 31 32 40 44 53 57 58 59 72 76 77 88 97 104 111 113 118 120 125 138 156 161 162 163 175
17 20 23 31 32 40 44 45 53 57 58 59 68 69 72 75 76 77 78 84 88 89 97 104 111 113 116 118 120 121 125 129 138 142 152 156 158 161 162 163 164 167 173 175
2 5 8 29 38 60 63 70 81 84 85 112 129 140 152 159 163 164 165 175 177
3 12 14 16 40 46 54 57 64 66 69 70 77 81 85 93 94 111 129 155 156 165 177
3 4 7 12 14 16 40 46 51 54 55 57 64 66 69 70 77 78 81 85 93 94 110 111 128 129 136 151 155 156 165 177
2 5 8 16 22 25 45 52 61 67 70 72 75 77 81 87 89 100 102 104 112 116 125 127 133 145 149 161 164 165 168 172 174 176
8 15 69 73 76 87 111 113 124 127 149 158 159 163 176
3 8 75 87 94 149 161 172 175 176
3 5 8 22 28 61 72 75 77 87 94 100 106 118 121 124 130 149 157 161 172 175 176
6 7 10 13 21 26 27 32 39 42 49 50 56 59 88 105 107 110 115 117 122 126 137 141 146 150 151 153 169 170 174
6 7 10 13 21 26 27 32 39 42 49 50 56 59 75 88 105 107 110 115 117 122 126 137 141 146 150 151 153 169 170 174
2 3 4 5 6 10 12 17 24 26 30 33 35 37 39 40 42 43 46 49 50 51 52 54 55 56 57 59 61 62 63 65 66 68 69 71 72 76 79 81 82 83 84 85 86 88 93 94 96 97 98 99 100 103 104 107 108 110 111 113 114 115 117 119 120 123 126 128 129 132 133 135 136 137 138 140 142 144 146 147 149 150 151 153 154 156 157 160 161 162 163 164 165 167 168 169 174 175
16 36 38 45 47 52 57 61 62 72 75 77 81 84 87 93 94 100 104 120 129 132 133 143 148 155 168 172 175
7 9 20 24 27 31 32 33 36 37 41 42 43 48 54 68 69 73 74 77 78 92 98 101 102 105 109 125 128 131 135 139 141 145 160 162 171 174 176
1 3 4 5 6 8 10 11 13 14 15 16 18 20 21 22 25 27 28 29 31 32 34 35 36 37 38 39 44 46 47 48 49 52 54 55 58 60 61 62 64 70 71 72 75 79 83 85 86 87 89 91 94 96 97 99 100 101 103 104 106 107 109 111 114 116 118 119 123 128 130 133 134 135 136 137 138 140 142 144 146 148 150 151 152 153 154 155 156 157 159 160 161 164 165 166 168 172 173 175
