373 541 2884 3097 5529 6299 6716 7834 8215 8255 8855 8998 10529 13593 13698 13703 14395 15633 16188 16783 17233 17395
711 2344 2762 2766 3493 3573 3733 6696 6725 6776 7565 8127 8857 9860 10000 10190 11523 11708 12184 13690 15194 15616 15837 16715 17779
157 389 832 1210 1792 1961 2021 3029 3207 3429 3462 4529 4881 5569 6601 7903 8214 8290 8652 8806 8965 11040 11153 11469 12735 12927 13888 14155 14727 15042 15355 16168 17076 17219 17707 17956
408 433 457 2326 3677 3735 5528 5650 6483 6893 8634 9924 10953 12626 12898 13056 15410 16096 17473
222 394 2666 3763 4520 4763 5500 10926 12403 12655 13019 15273 17766
914 1578 3644 4226 6308 7510 8139 12508 12565 13661 17485
117 1675 5925 9570 9906 12082 13286 14379 14891 16528 16539
711 2344 2762 2766 3573 4169 6696 6725 7565 7962 8127 8857 9831 10190 11880 12478 13534 14497 15616 16715 17426 17428 17670 17695
4881 5569 6601 8290 8652 8806 8965 11469 12735 15042 16168 17076 17219 17707
1036 1317 3204 4334 5690 5983 7981 8920 9955 10220 12088 12835 14667 15571 16288 16932 17952
353 1347 2094 2870 3994 4377 5787 7657 10054 10849 14542 14806 15270 16521 17496
2044 2268 3158 3361 3571 9023 9518 9666 11892 11989 12945 13352 15812 16894 16898
293 3821 5862 6006 6103 9095 9841 11249 12133 14063 15033 15684 17529
975 1201 4022 5657 7132 9943 10890 12413 12901 12951 16171 17285
517 613 1106 1444 1668 2596 2721 3012 3301 4022 4717 5094 5109 5657 5713 6116 6235 6662 7637 8491 8925 9650 9671 9943 10318 11949 12031 12951 14180 14977 16097 16171 16401 16884 16969 17129 17164
2199 2833 3316 3363 3939 4567 4622 4700 5469 5965 6451 6470 6511 7097 7117 7950 8614 9068 9185 9229 9448 9503 12397 12546 12749 13617 13637 13765 14164 14658 14933 15014 15296 15894 16319 16536 16651 16753 17535
685 2022 3155 5372 5427 5613 6176 12780 13712 14242 15691
310 2044 2247 2268 3361 9518 12945 14463 15812 16058 17320
659 2345 5244 6939 8781 9300 9312 9723 11855 12779 13363 15455 15488 15897 16845
1181 2241 7474 7886 9059 9977 11710 13939 14579 15382
21 500 2582 3072 7485 9443 12111 13603 14108 14576 15408 16052 16830 16964
21 500 7408 13141 14108 14576 15141 16052 16815 16964
541 2284 2836 3097 5439 6552 7834 8255 9348 10529 11050 13593 16193
216 361 842 1202 1408 1413 1571 2034 2234 2292 2854 2944 3812 4720 4797 4814 5118 5151 5369 5572 5591 5736 5991 6269 6366 6866 6888 7135 7450 7990 8381 8669 8801 9163 9340 10149 10263 10294 10694 11662 11821 11845 12659 12886 12957 13465 13665 13830 13941 14524 14707 14747 14771 14840 15165 15319 15398 15720 16137 16280 16377 16536 16851 17111 17341 17361 17409 17593 17602 17650
659 2076 3505 5244 6939 8781 9132 9300 11122 11609 11855 12882 13363 14182 15026 15488 17142 17325 17604
59 66 2195 3306 3938 7833 11084 12708 12825 14466 15526 17764
2028 2770 2898 6114 7893 11720 12061 12722 14566 15322 16437
432 606 1235 4070 4544 5475 5579 6592 6962 7143 9035 9552 10007 10756 10980 11221 12595 17038
711 2144 2344 2766 3493 3733 7565 7730 8127 9744 9831 9860 11523 11637 11708 12184 15194 15616 16381 16715 17428 17576 17670 17695
114 932 1042 1184 1614 1826 2707 2826 2857 2893 2949 3417 3651 3944 4121 4238 4395 5666 6823 7605 7683 7962 8252 8842 9355 9545 9807 10156 10635 10941 11204 11447 11690 11920 11952 12861 12960 13066 13555 13614 13729 13851 14366 14536 14707 15251 16575 16963 17096 17268 17500
2303 2924 7031 7520 7913 10139 10413 12223 13855 16165 16344
921 2344 2762 3493 3733 6696 6776 7565 8601 8857 9332 9744 9831 11523 12300 13534 13690 14497 15194 17426 17576 17779
1181 1232 2241 7474 7729 7886 9059 10984 11710 12020 12686 12842 15313 15382 17648
517 613 743 1106 1201 1263 2138 2596 2721 3012 3737 4022 4044 4660 4717 5109 5713 5959 6116 6235 8491 8925 9905 9943 10154 10318 10890 11009 11519 12413 12951 13151 14180 14977 16171 16367 16553 16835 17129 17285 17607
394 2988 3763 4763 4896 6380 10369 10926 11297 12655 12918 13019 17766
1915 2176 2206 2274 2638 2835 3171 3282 3724 3976 4698 5025 5287 6263 6709 7517 9776 9998 11413 11819 12162 12873 13541 15160 15348 16489 16803 17230
1462 2711 2960 5677 6349 6733 7103 7269 8165 10572 10939 11193 11641 14895 15411 15606 16210
616 643 2378 2431 2448 2711 3585 4305 4326 5454 5487 5677 6349 6733 7103 7269 8165 8903 10024 10572 11193 11641 13146 14895 15606 16100
68 403 780 1013 3358 3607 4267 5602 6721 6881 7156 7468 7514 7757 8102 8224 8745 9010 9759 10866 11105 11162 11677 12161 12467 12739 12876 13077 13769 13865 14746 15320 15587 16013 16785 17030 17166 17564 17672
28 738 1045 1109 1506 1762 1854 1857 2107 2196 2436 2618 2793 2955 3120 3480 4190 4325 4725 5114 5125 5212 5696 5781 5829 6986 7010 7220 7411 7902 7944 8050 8130 8682 9082 9097 9520 9766 10307 10356 11657 11780 11864 12053 12155 12767 12935 13075 13289 13917 14319 15044 15125 15378 16187 16250 16362 17095 17503
28 474 738 1045 1854 2196 2618 2801 3120 3480 3525 4325 4725 5114 5129 5212 5933 6176 6461 6986 7010 7220 7952 8050 9082 9097 9515 9561 9766 10307 10475 11081 11657 11864 12053 12935 14319 14541 15378 16073 16187 16511 16578 17064 17095
28 474 1857 2142 2436 2801 2872 2995 3120 4190 5114 5125 5129 5342 5829 6176 6461 6838 6986 7010 7411 7952 8050 8130 8717 9097 9520 10307 10475 10974 11029 11081 11780 11864 12053 13075 13289 13917 16511 16578 17095 17503
74 78 169 192 216 219 282 284 425 435 446 456 502 552 646 700 797 842 894 901 930 965 1044 1098 1150 1254 1408 1441 1486 1657 1674 1697 1704 1953 2098 2191 2196 2533 2563 2598 2615 2717 2743 2781 2853 2854 2912 3062 3082 3102 3168 3193 3220 3362 3446 3548 3757 3775 3844 3900 3973 3989 3993 4015 4036 4161 4190 4329 4365 4386 4452 4618 4675 4780 4867 4871 4912 4950 4997 5003 5102 5160 5239 5244 5283 5325 5386 5414 5562 5571 5616 5771 5776 5814 5850 5861 5913 5936 6039 6042 6132 6146 6168 6186 6208 6285 6351 6405 6409 6415 6572 6577 6675 6807 6822 6947 7015 7113 7333 7397 7487 7500 7536 7821 7895 7990 8097 8105 8113 8130 8148 8159 8189 8222 8240 8242 8309 8521 8593 8671 8701 8771 8801 8852 8975 9053 9121 9132 9164 9171 9306 9362 9438 9447 9533 9578 9735 9747 9810 9898 9942 10121 10159 10457 10565 10609 10621 10664 10681 10859 11034 11057 11085 11090 11191 11192 11208 11292 11350 11432 11563 11585 11647 11737 11782 11845 11859 11877 11900 11943 11953 12179 12225 12390 12480 12618 12714 12723 12788 12798 12848 12886 12903 12924 12943 12958 13170 13236 13334 13367 13372 13546 13565 13705 13815 13935 13969 13971 13998 14037 14041 14117 14165 14179 14215 14252 14262 14333 14541 14636 14679 14726 14747 14748 14751 14763 14819 14890 14900 15002 15036 15173 15198 15204 15284 15300 15488 15550 15645 15662 15699 15708 15795 15824 15862 15884 15938 16018 16055 16095 16162 16241 16294 16333 16368 16473 16486 16517 16609 16673 16711 16742 16761 16762 16912 16976 17016 17117 17190 17221 17255 17301 17401 17422 17435 17455 17602 17835 17890 17953 17971
126 437 695 767 1428 1493 1952 2174 2318 2498 2534 2608 2868 3141 3211 3840 4141 4774 5203 5424 5598 5723 5888 5890 5951 5966 6751 6798 6912 6995 7145 7226 7253 7396 7612 7648 7917 7920 8399 8424 8522 8617 9117 9152 9345 9839 10042 10637 10976 11015 11395 11843 12483 12972 13370 13640 13662 13924 14148 14280 14657 14675 14700 14805 16027 16345 16490 16768 17140 17232 17308 17666
337 379 666 1212 1353 2863 2952 3578 3594 3870 4200 4360 4691 4820 5041 5537 6059 6133 6323 6639 7272 7336 7360 7523 7685 7809 8278 8318 8557 8989 9116 9276 9285 9499 9995 10030 10277 10616 10843 11155 11426 11810 11818 12969 13002 13194 14026 15000 15034 15097 15153 15282 15494 16037 16264 16400 16436 16523 16548 16681 16858 17647 17765
10 574 621 763 991 1127 1229 1404 1718 1745 2063 2227 2298 2530 2881 3054 3068 3092 3587 3741 3839 3877 4076 4194 4558 4684 4798 5029 5054 5154 5258 5382 5471 5540 5654 5755 5799 5820 5918 6396 6514 6532 6554 6700 6715 6739 7037 7049 7096 7290 7380 7439 7567 7572 7642 8182 8523 8638 8655 8790 8932 9002 9325 9351 9513 9530 9541 9582 9692 9784 9816 10006 10202 10398 11370 11381 11490 11735 11779 11857 12287 13316 13393 13465 13612 13677 13839 13965 13995 14043 14123 14142 14187 14197 14393 14398 14529 14615 14725 15013 15146 15177 15335 15558 15839 15940 15971 15994 16064 16183 16508 16583 16722 16842 16869 16901 16927 17002 17149 17193 17330 17361 17404
876 2875 3799 4216 5006 5480 5631 6855 8142 10096 10363 10627 11963 12072 12434 12460 12517 12667 13544 14649 14753 15426 15533 15562 16098 16460 16993 17020 17657 17862
337 379 1212 1353 1884 2830 3578 3851 4192 4360 4512 4691 4830 4849 5570 6323 6847 6922 7685 8025 8278 8318 8557 8577 8708 8739 8885 9055 9116 9276 9499 9703 9995 10604 10616 10843 10908 11155 11516 11810 11815 12018 12170 12999 13194 14462 14764 15034 15101 15153 15282 16037 16400 16415 16436 16548 17132 17417 17675 17765
698 1736 1862 2607 3269 4209 4542 5177 6634 6659 6731 7690 7976 9118 10037 10272 10354 10776 10802 12405 12924 13556 14123 14440 15047 15555 15650 16706
626 708 822 1080 1359 1450 1912 2083 2306 3011 3640 3907 3924 4040 5149 5179 5564 5719 6900 7257 7374 8239 8496 8672 8688 9140 9495 10441 10749 11060 11107 11348 11753 11772 11919 12224 12878 13016 13265 13345 13634 13693 14241 14279 14331 14474 14803 14852 15351 15384 15822 17568 17785 17831 17892
