1 4 6 7 9 10 11 12 13 16 18 19 20 21 22 23 24 25 26 27 28 30 32 33 34 35 36 37 38 39 40 42 43 44 46 47 48 49 50 51 52 53 54 55 56 58 59 62 63 64 65 66 67 68 70 71 73 74 76 77 78 79 80 82 83 84 85 86 87 88 89 90 91 92 93 95 96 98 99 100 101 102 103 105 106 107 108 109 110 112 113 114 115 116 117 120 121 122 123 125 126 128 130 131 133 135 136 137 138 139 141 142 143 144 146 147 148 150 151 152 153 156 158 159 160 162 163 166 168 169 171 172
1 2 3 4 5 6 7 9 10 11 12 13 14 15 16 17 18 19 20 21 23 24 26 27 30 32 33 34 37 39 40 41 42 44 48 49 50 51 52 54 55 56 57 59 61 62 64 65 66 68 70 71 72 73 74 76 77 78 79 80 81 82 83 84 85 86 87 88 90 91 92 93 94 95 96 97 98 99 101 102 103 104 105 107 108 109 110 111 112 113 114 115 117 118 119 120 122 123 124 125 126 127 128 131 132 133 135 136 137 139 141 144 146 147 148 149 150 151 153 155 156 158 160 162 163 168 169 170 171 174 176 177
3 7 8 11 13 14 16 21 41 55 70 72 74 77 94 97 104 105 109 132 145 154 174
3 5 7 8 9 11 13 14 16 21 28 29 31 35 41 45 55 57 64 69 70 72 74 77 81 90 94 97 104 105 109 116 129 132 134 143 145 154 156 161 164 166 174
3 9 19 23 25 38 41 43 45 52 57 66 67 70 72 74 75 77 78 81 85 87 92 102 105 106 110 112 119 121 122 124 125 126 130 132 133 134 135 139 145 153 163 165 170 171 174 176 177
1 2 3 4 6 8 10 11 12 13 15 16 17 18 20 22 23 24 26 27 28 30 31 33 35 36 37 38 39 40 41 42 44 47 49 51 52 53 54 55 56 57 58 60 61 62 64 65 67 69 70 71 73 75 76 77 79 80 81 82 83 84 85 86 87 88 89 90 91 93 94 95 96 97 99 101 103 104 106 107 108 110 111 112 113 115 118 119 120 121 123 124 125 126 127 128 130 131 133 134 136 137 138 139 141 142 143 144 145 146 148 149 150 151 152 153 154 155 157 158 159 160 163 165 166 167 168 169 170 171 172 175
1 2 4 5 6 7 10 11 12 15 17 18 19 20 24 26 27 28 30 32 33 34 36 37 38 39 40 41 42 43 44 46 47 48 49 50 51 52 53 54 55 56 58 60 61 62 63 64 65 66 67 68 71 78 79 80 82 83 84 86 87 88 89 90 91 92 93 95 96 97 98 99 100 101 102 103 105 106 107 108 109 110 112 114 116 117 118 119 120 122 123 125 126 127 128 129 130 131 132 133 135 136 137 138 139 140 141 142 144 146 147 148 150 151 153 157 159 160 162 163 164 166 168 169 170 171 172 173 174 177
1 2 3 4 6 8 10 11 12 13 14 15 16 17 18 19 21 26 30 32 39 40 42 44 48 49 50 51 52 53 54 55 56 57 59 63 64 65 66 69 71 72 73 74 76 78 79 82 83 85 86 89 91 92 94 95 96 97 98 99 100 101 103 105 106 107 108 110 113 114 115 116 117 119 120 122 125 127 128 131 132 135 136 137 139 140 141 144 145 146 147 150 151 152 153 154 157 162 164 168 169 171 172 175
1 2 3 4 5 6 7 8 10 11 12 13 14 15 16 17 18 19 20 21 26 27 30 31 32 33 39 40 41 42 43 44 48 49 50 51 52 53 54 55 56 57 58 59 63 64 65 66 68 69 70 71 72 73 74 76 77 78 79 80 82 83 84 85 86 87 89 90 91 92 94 95 96 97 98 99 100 101 103 105 106 107 108 110 113 114 115 116 117 119 120 122 124 125 126 127 128 130 131 132 133 134 135 136 137 139 140 141 144 145 146 147 149 150 151 152 153 154 157 160 161 162 164 168 169 170 171 172 173 175 176 177
1 6 33 51 54 86 88 98 121 133 134 146 149 153 154 166 172
1 6 9 12 15 26 27 29 31 33 44 51 53 54 56 59 66 68 73 82 84 86 88 91 92 93 98 108 111 115 117 121 124 132 133 134 135 137 146 149 152 153 154 166 169 172 176
1 2 3 4 5 6 7 10 12 15 16 17 19 20 23 24 25 27 29 30 31 32 34 35 37 38 39 40 42 44 46 47 48 49 50 51 53 54 55 57 58 60 62 63 64 65 67 68 71 74 75 76 77 78 79 80 81 82 83 85 86 87 89 90 92 93 95 96 98 99 100 101 102 103 104 106 107 108 112 114 116 118 119 120 121 123 126 128 129 130 134 135 136 137 138 139 140 141 142 143 144 146 147 148 150 151 152 153 155 156 157 159 160 161 162 163 164 165 166 167 168 169 175 177
1 3 4 5 6 7 9 10 11 12 13 14 15 16 18 19 20 21 23 24 25 26 27 30 32 33 34 37 39 40 41 42 43 44 46 47 48 49 50 51 52 53 54 55 56 59 64 65 66 67 68 69 70 71 73 74 75 78 79 80 81 82 83 84 85 86 87 88 89 90 91 92 93 94 96 97 98 99 100 101 102 103 105 106 107 108 109 110 112 113 114 115 116 117 118 121 122 124 125 126 127 128 129 131 132 133 135 136 137 139 141 144 145 146 147 149 150 151 152 153 154 155 157 158 159 160 162 163 165 169 170 171 173 174 176
1 4 6 10 12 24 39 40 44 45 51 56 58 65 67 71 79 80 82 83 86 91 96 99 101 106 107 108 126 128 130 136 137 144 150 151 153 155 164 169
9 18 22 28 41 57 58 70 74 95 102 109 125 139 161 164 172 176
9 11 18 22 25 28 29 31 41 43 44 48 55 57 58 60 69 70 74 78 80 95 101 102 105 109 112 125 127 129 130 135 137 139 140 145 147 148 154 159 160 161 164 171 172 175 176
1 4 6 7 9 10 11 12 13 14 15 16 18 19 20 21 22 23 25 26 27 28 30 32 33 34 35 36 37 38 39 40 41 42 44 46 48 49 50 51 54 55 57 59 62 64 66 67 68 69 70 71 72 73 74 75 76 77 78 79 80 81 82 83 85 88 89 90 92 94 95 96 99 100 101 102 103 104 105 106 107 108 109 110 112 113 114 115 117 118 120 121 122 124 125 126 127 128 130 131 133 135 136 137 138 139 141 143 146 147 148 149 150 151 152 153 154 155 156 158 160 163 164 168 169 170 171 173 174 176
1 37 40 56 64 73 76 99 105 108 110 136 142 147 151 163 174
1 2 4 6 7 9 10 11 12 13 15 17 18 19 20 21 22 23 24 26 27 28 30 32 33 34 37 39 40 41 42 43 46 47 48 50 51 53 54 56 58 59 60 61 62 63 64 65 66 67 68 69 71 73 74 76 78 79 80 82 83 84 86 87 88 89 90 91 92 93 95 96 97 98 99 101 102 103 105 106 107 108 109 110 112 113 114 115 117 118 119 120 121 122 123 125 126 128 129 131 132 133 135 136 137 138 139 140 141 142 143 144 146 147 149 150 151 153 154 157 158 159 160 161 162 163 166 169 170 171 172 174
1 3 4 5 6 8 10 12 13 14 15 16 17 20 21 23 24 26 27 28 29 32 33 34 35 36 37 39 40 41 42 44 45 46 47 49 50 51 52 53 54 55 56 57 60 61 62 63 64 65 67 68 69 71 73 75 76 77 79 82 83 84 85 86 88 91 92 93 94 95 96 97 98 99 100 103 106 107 108 109 110 111 112 113 114 115 116 117 118 119 120 121 123 126 132 134 135 136 137 138 140 141 142 144 145 146 147 148 149 150 151 153 155 156 157 158 159 160 161 162 163 166 167 168 169 170 171 173 175 176 177
1 3 4 5 6 7 8 9 11 12 13 14 15 16 17 18 19 20 22 23 24 27 28 29 30 31 32 33 34 36 37 38 39 40 41 42 43 44 45 46 47 48 49 51 52 53 54 55 56 57 58 59 60 61 62 64 65 66 67 68 69 70 71 72 74 75 76 77 78 79 80 81 83 84 85 86 87 88 89 90 91 92 96 97 98 99 100 101 102 103 104 105 106 107 108 110 111 112 113 114 115 116 117 119 121 122 123 124 126 127 129 130 131 132 133 134 135 136 138 139 140 141 142 143 144 145 146 147 148 149 150 151 152 153 154 155 156 157 158 159 160 162 163 164 165 166 167 168 169 170 171 172 173 174 176 177
3 5 7 8 11 13 14 21 25 31 35 38 41 52 53 59 72 73 85 92 122 124 148 149 155 158 166 167 170 173 176
3 5 7 8 9 11 13 14 16 18 21 22 23 25 31 35 38 41 45 48 52 53 58 59 69 72 73 77 78 85 92 109 122 124 127 134 143 148 149 155 158 166 167 170 172 173 176
9 14 23 58 61 71 73 82 93 98 111 131 167 173 175 176
5 8 13 14 16 23 25 28 29 31 34 36 38 41 45 46 59 61 64 69 72 75 76 77 94 116 124 127 132 140 142 143 145 148 154 158 159 161 163 164 167 172 173
1 4 6 10 11 12 15 20 26 27 32 33 37 39 40 43 49 50 51 53 54 55 56 57 60 62 65 66 68 71 73 79 83 84 86 88 89 92 93 95 96 97 98 99 101 103 105 106 107 108 110 112 114 117 120 123 126 131 135 136 137 138 141 142 144 146 147 148 150 151 153 157 158 160 169 171
1 2 4 6 10 11 12 15 17 20 23 24 26 27 30 32 33 34 36 37 39 40 42 43 44 46 47 49 50 51 53 54 55 56 57 60 61 62 63 65 66 67 68 69 70 71 73 76 79 80 82 83 84 86 87 88 89 91 92 93 95 96 97 98 99 101 103 105 106 107 108 110 111 112 114 116 117 119 120 121 123 126 128 131 134 135 136 137 138 140 141 142 144 146 147 148 150 151 153 157 158 160 161 162 169 171 172
1 2 4 5 6 10 11 12 15 17 20 22 23 24 26 27 30 31 32 33 34 35 36 37 38 39 40 42 43 44 46 47 49 50 51 52 53 54 55 56 57 58 60 61 62 63 64 65 66 67 68 69 70 71 73 76 77 79 80 82 83 84 85 86 87 88 89 91 92 93 95 96 97 98 99 100 101 103 105 106 107 108 110 111 112 114 116 117 118 119 120 121 123 126 128 129 131 134 135 136 137 138 140 141 142 143 144 146 147 148 150 151 152 153 154 155 156 157 158 159 160 161 162 165 167 169 171 172 175
1 2 3 5 8 11 14 15 16 18 19 25 31 36 38 45 48 58 60 61 67 72 80 81 94 100 122 124 127 129 130 133 145 154 155 164 168 173 174 176 177
1 2 3 4 5 6 7 8 11 12 13 14 15 16 17 18 19 20 22 23 24 25 26 27 29 30 31 34 36 38 39 40 44 45 46 47 48 49 51 52 53 55 56 58 59 60 61 62 63 64 65 66 67 69 71 72 73 74 76 77 79 80 81 82 83 84 85 86 87 88 91 93 94 96 98 99 100 101 104 106 107 108 113 114 117 119 121 122 123 124 125 126 127 129 130 132 133 134 135 136 137 138 140 141 143 144 145 146 149 150 151 152 153 154 155 157 158 160 161 162 164 165 166 167 168 169 170 172 173 174 175 176 177
2 9 11 14 18 19 24 28 29 30 31 43 48 66 68 69 73 78 80 81 91 101 105 113 116 117 122 125 129 133 135 137 139 140 147 153 154 159 160 164 165 166 171
1 2 3 4 5 6 8 10 11 12 13 15 16 17 19 21 24 25 26 27 30 32 33 34 35 36 37 38 39 40 41 42 44 46 47 49 50 51 52 53 55 56 57 59 60 61 62 64 65 66 67 69 70 71 72 73 75 76 77 79 82 83 84 85 86 88 89 91 93 94 96 97 98 99 102 103 106 107 108 110 111 113 114 115 116 117 118 119 120 122 123 124 125 126 127 128 129 131 136 137 138 139 140 141 142 143 144 145 146 147 148 149 150 151 153 154 155 156 157 158 159 163 166 168 169 170 171 172 174 175 176 177
1 2 4 5 6 7 8 9 10 12 14 15 16 18 19 20 22 23 24 25 27 28 31 32 33 36 38 39 40 41 43 44 46 47 49 50 51 55 57 58 59 60 62 63 64 66 67 68 69 70 71 73 74 77 78 79 80 81 82 83 84 86 88 89 90 91 93 94 95 96 98 99 100 101 102 104 105 106 107 108 110 111 112 113 114 115 116 117 119 120 122 123 124 125 126 127 129 130 132 135 136 137 138 139 140 143 144 146 147 149 150 151 152 153 154 155 156 157 159 160 161 162 163 164 165 166 168 169 171 172 173 175 176 177
2 5 8 14 16 22 25 29 34 35 36 38 45 47 52 53 58 63 67 72 75 77 81 84 85 93 94 97 100 114 123 127 129 132 133 140 145 148 152 155 161 164 165 167 168 172 177
1 10 12 15 26 27 32 51 56 59 66 83 90 91 98 108 110 115 126 144 149 169 171
1 6 10 12 15 18 26 27 32 51 56 59 66 77 83 90 91 96 98 108 110 115 116 122 124 126 132 137 144 149 151 153 169 170 171 176
1 6 10 12 15 18 26 27 32 43 51 56 59 66 68 77 78 80 83 90 91 96 98 105 108 110 115 116 122 124 125 126 132 135 137 139 144 149 151 153 164 169 170 171 176
2 4 6 7 10 11 12 15 17 19 20 21 23 24 26 28 29 30 33 34 35 36 37 38 39 40 42 43 44 46 47 48 49 50 51 52 53 54 55 57 58 60 61 62 63 64 65 66 67 71 72 73 74 75 77 78 80 82 83 84 86 87 88 89 90 91 92 93 94 95 97 98 99 100 102 103 106 107 108 109 110 111 112 113 114 115 116 119 120 121 122 123 125 126 127 128 129 130 131 132 133 136 138 139 140 141 142 143 144 146 147 149 150 151 152 153 154 155 156 157 158 159 160 162 163 164 166 167 168 169 171 174 175 176 177
2 3 5 7 8 9 11 13 14 15 17 18 19 20 21 22 23 24 25 26 28 29 30 31 33 34 35 36 37 38 40 41 42 43 45 46 47 48 52 53 54 56 57 58 60 61 62 63 64 65 66 67 68 69 70 72 73 74 75 76 77 78 80 81 84 85 87 88 89 90 91 92 93 94 95 97 98 100 101 102 104 105 109 110 111 112 113 116 117 118 119 120 121 124 125 126 127 128 129 130 131 132 133 134 135 138 139 140 141 142 143 145 147 148 149 152 154 155 156 158 159 160 161 162 163 164 165 166 167 168 169 170 171 172 173 174 175 176 177
2 8 11 16 23 25 28 34 35 37 46 60 61 64 67 69 72 75 77 81 92 104 105 111 112 116 117 119 123 124 130 132 134 138 142 143 148 158 160 162 166 167 168 173 175
1 2 3 5 6 7 8 9 10 11 12 13 14 15 16 17 18 19 20 21 26 27 28 30 32 34 37 38 39 40 41 42 43 46 48 50 52 54 55 58 59 60 61 62 63 64 65 66 70 71 72 73 74 75 76 77 78 79 80 81 82 83 84 85 86 88 89 90 91 92 93 94 95 96 97 98 99 100 102 103 104 105 106 107 108 109 110 112 113 114 115 116 117 118 119 120 122 124 125 126 128 129 130 131 132 133 135 136 138 139 140 141 142 143 146 147 149 151 154 156 157 158 160 161 162 163 164 168 169 170 171 172 174 176 177
2 3 7 8 9 10 12 17 19 21 22 25 28 30 38 39 41 51 53 55 56 58 60 68 74 75 77 80 94 99 105 107 115 116 122 125 132 133 134 135 143 144 152 153 159 160 165 166 174
1 5 6 8 10 15 24 26 27 30 39 46 49 50 56 60 66 68 71 73 79 80 83 84 86 88 91 96 99 101 107 129 134 136 144 146 147 150 151 153 157 158 162 169 171 176
1 5 6 7 8 9 10 13 15 18 19 20 21 23 24 26 27 28 29 30 31 32 33 35 36 37 38 39 40 41 42 43 45 46 47 48 49 50 53 55 56 57 59 60 61 62 63 64 65 66 67 68 70 71 73 74 76 77 79 80 81 83 84 86 87 88 89 90 91 92 95 96 97 99 101 102 103 104 105 106 107 109 110 111 112 114 116 117 120 122 123 126 127 128 129 130 131 134 135 136 137 138 139 140 141 142 143 144 146 147 150 151 152 153 154 156 157 158 159 160 161 162 163 164 165 166 168 169 171 174 175 176 177
3 16 22 25 28 29 31 44 47 53 58 63 64 69 81 90 95 104 111 116 118 121 129 130 133 134 138 140 142 143 145 152 154 157 159 162 165 167 172 173 175 176
1 2 3 4 5 6 12 13 14 15 16 17 19 20 23 24 26 27 29 30 31 32 34 36 37 38 39 40 43 44 45 46 47 48 49 50 51 52 53 54 56 58 59 60 61 62 63 65 67 68 69 71 76 79 81 82 83 84 86 87 88 89 91 93 94 95 96 98 99 100 103 104 106 107 108 109 110 111 113 114 116 119 120 121 124 125 126 127 128 129 130 131 132 133 134 135 136 137 138 140 141 142 143 144 145 146 147 148 149 151 152 153 155 156 157 160 161 162 163 164 165 166 167 168 169 171 172 173 175 177
2 5 7 8 11 12 14 15 16 17 19 20 21 22 23 24 25 26 27 28 29 30 31 33 34 35 36 37 38 40 42 44 45 46 47 49 50 51 52 53 54 55 56 57 58 59 60 61 62 63 64 65 66 67 68 69 70 72 73 75 76 77 81 83 84 85 86 87 88 89 91 93 94 97 98 100 101 102 103 104 105 106 108 110 111 113 114 116 117 118 119 120 121 123 125 126 127 128 129 130 131 133 136 138 140 141 142 143 144 145 146 147 148 149 152 154 155 156 157 158 159 160 162 163 164 165 166 167 168 169 170 172 174 175 176
2 5 7 8 9 15 16 17 19 21 23 29 36 38 44 47 52 53 57 58 61 62 63 70 72 75 80 81 85 93 94 102 114 116 117 123 129 145 152 154 155 161 163 165 166 167 172 175 176
1 3 4 6 7 9 10 11 12 15 17 18 19 20 21 22 23 24 26 27 29 30 31 32 33 37 38 39 40 42 43 44 45 47 48 49 50 51 52 53 54 55 56 57 60 61 62 63 65 66 67 68 69 70 71 73 74 78 79 80 81 82 83 84 85 86 87 88 89 90 91 93 95 96 98 99 101 102 103 104 105 106 107 108 109 110 112 113 114 115 117 120 121 122 123 124 125 126 127 128 129 130 131 133 134 135 136 137 139 140 141 144 146 147 148 149 150 151 152 153 154 155 158 159 160 162 163 165 168 169 170 171 172 174 176 177
12 14 15 22 26 35 46 64 69 85 89 105 116 120 124 132 138 149 158 161 169
