5 8 9 22 23 25 28 29 31 34 35 38 44 45 46 58 64 69 75 76 77 95 97 100 105 116 118 134 138 142 143 145 148 152 154 156 161 163 165 166 167 173 175
1 3 4 5 6 7 8 9 10 11 12 13 14 15 16 17 18 19 20 21 25 26 27 28 30 31 32 33 34 35 37 39 41 42 43 44 46 48 49 50 51 52 54 56 59 63 64 65 68 69 71 72 73 74 75 76 77 78 79 80 82 83 85 86 87 88 90 91 92 93 95 96 97 98 99 101 102 103 105 107 108 109 110 112 113 114 115 116 117 118 119 120 121 122 123 124 125 126 128 129 131 132 135 136 137 138 139 141 142 143 144 145 146 147 150 151 153 156 158 159 160 161 163 164 166 168 169 170 171 173 174 175 176
1 2 3 22 25 31 33 35 36 38 39 47 51 53 56 60 64 68 69 75 85 97 108 123 129 135 137 138 148 156 158 163 165 177
1 4 5 6 7 10 11 12 13 14 15 16 18 20 21 22 23 25 26 27 28 29 31 36 37 39 40 42 44 45 46 47 49 50 52 53 55 57 58 59 61 62 63 64 66 67 71 73 76 79 80 81 82 83 84 86 87 88 91 94 96 99 100 101 102 103 104 105 106 107 108 109 110 112 113 114 115 116 117 119 121 122 123 124 125 127 128 129 130 133 134 135 136 137 138 139 141 142 143 144 145 146 147 149 150 151 152 153 154 155 156 158 159 160 163 165 166 167 168 169 170 171 172 173 175 176 177
1 2 4 6 12 51 54 55 56 63 68 79 82 83 88 91 99 108 120 151 153
1 2 4 5 6 9 10 11 12 15 17 19 20 24 26 27 30 32 33 35 36 37 38 39 40 41 42 43 47 48 49 50 51 52 53 54 55 56 57 58 59 60 61 62 63 65 66 67 70 71 72 75 76 79 80 82 83 84 85 86 87 89 91 92 93 94 95 96 97 98 99 100 102 103 104 106 107 108 109 110 111 112 113 114 115 119 120 121 122 123 126 127 128 129 130 131 133 136 137 138 139 141 142 144 146 147 149 150 151 152 153 155 156 157 159 160 162 163 164 165 167 168 169 170 171 174 175 176 177
3 7 9 11 13 14 17 18 19 20 21 29 38 41 44 48 57 61 62 72 74 75 78 81 85 90 92 95 102 109 112 116 122 124 125 139 141 143 146 155 156 164 167 172 174 177
1 6 10 11 12 13 15 16 19 20 21 23 26 27 30 32 40 43 46 49 50 52 53 54 56 59 62 63 65 67 71 76 78 79 81 83 84 85 86 87 88 89 90 91 93 95 97 98 99 100 101 106 108 109 111 113 115 120 126 127 132 136 137 138 141 142 144 146 147 148 149 150 151 153 157 158 160 162 169 170 171
2 3 5 7 8 9 11 13 15 16 17 19 20 22 23 24 25 28 29 30 31 33 34 35 36 37 38 40 41 43 44 45 46 47 48 49 51 52 53 54 55 57 58 60 61 62 63 64 65 67 68 70 72 74 75 76 77 78 79 81 84 86 87 89 90 91 92 93 94 95 97 98 100 101 102 103 104 106 108 109 111 112 113 114 117 118 119 120 121 122 123 124 126 127 128 129 130 131 132 133 134 138 139 140 141 142 143 145 147 148 149 150 152 154 155 156 157 158 159 160 161 162 163 164 165 166 167 168 172 173 174 175 176 177
3 5 9 15 16 17 19 22 23 25 29 31 32 36 37 43 45 48 57 58 61 63 67 75 78 81 85 88 93 104 113 114 119 121 124 125 129 130 133 140 145 155 156 159 161 166 167 173
2 7 9 12 17 19 22 27 33 40 47 50 51 54 55 56 57 58 61 62 63 68 80 84 86 88 90 92 93 98 102 105 120 126 128 131 132 135 137 154 162 167 169 171 174 175
1 4 6 10 12 27 43 51 55 66 68 79 80 82 83 84 86 91 99 101 107 108 110 115 136 137 144 153 171
2 3 5 8 11 13 14 15 17 18 19 21 22 25 26 31 34 35 36 38 40 46 50 52 53 55 56 57 58 59 60 61 62 63 65 66 67 68 69 72 73 74 75 76 81 84 85 86 87 89 91 93 94 95 100 104 106 110 111 113 114 115 117 119 121 122 123 124 126 127 130 132 133 140 141 142 143 145 147 148 149 152 154 155 156 157 158 159 161 163 164 165 166 167 168 170 172 173 176
8 17 25 28 35 43 46 53 60 69 72 76 89 91 94 97 105 106 112 113 115 116 118 123 124 125 134 138 139 140 141 142 143 145 148 149 155 156 158 159 163 165 166 168 171 173 176
1 2 8 15 17 27 33 37 38 40 46 47 50 52 53 60 62 64 67 69 70 75 77 79 82 87 89 93 103 106 111 114 118 120 121 126 127 129 140 142 143 147 149 151 152 156 157 160 161 163 167 168 172 173 175 177
5 7 10 11 14 16 19 25 28 34 41 43 48 50 54 64 68 70 74 80 88 89 90 101 102 105 109 110 115 116 122 131 138 139 141 142 143 146 147 158 160 163 168 169 170
1 4 6 10 11 12 24 26 27 30 33 37 39 40 42 43 46 47 49 50 52 53 54 56 59 62 63 65 69 71 73 76 78 79 82 83 86 87 88 89 93 96 97 107 108 110 113 115 120 123 125 126 128 131 132 135 136 140 142 144 145 146 150 151 153 157 158 160 162 168 169 171
3 7 9 13 14 17 22 24 25 30 35 38 45 56 58 60 61 62 68 70 72 74 81 85 90 94 100 101 102 106 118 121 123 124 130 135 154 155 156 163 166 167 170 172 174 175 177
1 4 6 11 12 23 34 46 51 52 59 61 63 64 71 73 78 82 83 88 90 99 101 107 114 119 126 129 136 137 142 143 144 146 151 153
1 4 6 7 10 12 15 16 17 19 25 26 27 28 32 33 34 35 38 39 40 41 43 44 46 48 49 50 51 54 55 57 59 60 63 64 66 68 70 71 76 78 79 80 82 83 84 86 88 90 93 96 98 99 105 108 110 111 112 113 114 115 116 120 122 123 125 126 128 131 132 135 136 138 140 142 143 144 146 147 148 149 150 151 153 156 158 160 161 163 166 169 171 175
1 4 6 12 18 29 31 40 43 44 47 51 56 66 68 73 75 78 80 82 83 84 86 91 93 99 108 113 115 124 125 126 127 129 131 132 135 137 144 153 160 169 171 175
2 3 4 5 6 22 26 35 38 51 56 58 59 67 72 75 77 82 85 91 94 96 97 107 108 110 116 121 124 130 134 137 140 143 144 145 151 159 163 165 167 170 173 175 176
5 6 12 22 23 36 38 39 45 47 52 61 62 63 64 67 69 72 75 84 85 87 94 100 107 121 124 126 127 130 133 137 145 148 151 152 154 155 164 165 168 170 172 175 177
1 5 35 36 45 52 55 57 58 63 72 76 81 85 89 102 116 119 123 127 133 148 155 168
1 3 4 5 6 7 8 9 10 11 12 13 16 17 18 19 21 22 23 25 27 28 31 32 33 34 36 38 39 40 41 42 44 45 48 49 50 51 52 54 55 56 57 58 59 60 62 64 65 68 69 70 71 72 74 75 76 77 78 79 80 81 82 83 84 85 86 87 89 90 91 92 94 95 96 97 99 100 101 102 104 105 106 107 108 109 110 112 114 115 118 119 122 123 124 125 127 128 130 132 133 134 135 136 137 139 140 143 144 145 148 149 150 151 152 153 154 155 157 161 162 163 164 166 167 168 170 171 173 174
1 6 10 12 17 20 24 26 27 30 32 33 37 39 40 48 49 50 51 52 55 56 60 62 65 66 68 71 86 88 89 91 96 98 99 101 103 105 110 113 114 115 117 122 123 128 136 137 138 140 141 146 147 150 151 153 160 162 163 169 171
2 3 5 8 13 14 23 26 28 34 41 45 56 59 68 69 72 75 84 85 91 93 96 97 104 107 108 110 116 124 125 127 129 132 137 140 144 145 156 161 164 169 170 174 176 177
4 13 21 22 26 28 33 34 42 43 47 49 50 54 56 58 66 69 73 74 77 82 92 96 105 107 109 112 125 132 135 138 156 158 161 162 163 164 165 166 171 174 176
3 5 7 8 9 11 13 14 18 19 21 22 28 32 34 38 44 52 57 59 70 72 74 75 78 81 85 90 94 100 104 105 109 111 119 122 124 129 130 132 135 139 143 154 155 156 170 177
6 7 9 13 14 18 19 25 29 30 32 35 40 41 43 48 54 55 65 68 74 79 80 83 86 92 94 95 102 109 112 115 117 119 122 135 139 141 147 150 160 162 165
2 14 28 42 58 74 89 95 125 131 134 145 147
1 12 27 33 41 50 51 56 68 80 82 105 108 110 169
1 4 6 12 16 37 40 44 51 66 73 79 84 88 95 96 98 99 115 117 118 122 125 136 146 151 153 165 169 172
2 15 22 41 62 80 81 84 94 101 104 106 112 113 114 133 139 145 154 155 164
4 12 15 29 30 43 51 64 86 97 98 99 119 128 129 137 140 142 144 162
7 9 11 13 14 18 20 21 22 23 25 28 29 31 34 38 41 43 44 45 48 52 58 64 68 74 78 90 92 95 98 109 116 118 121 124 127 132 134 135 140 142 145 160 167 172 177
2 5 23 29 34 35 44 45 52 58 60 64 69 76 87 93 100 111 114 116 118 119 120 129 130 133 134 138 140 142 145 148 156 157 159 161 162 164 165 166 167 173 175
1 8 15 18 26 28 44 46 66 73 76 83 91 111 115 117 125 138 140 142 158 159 163 166 171
1 4 6 12 15 18 26 27 30 33 38 39 40 50 51 56 66 71 79 82 83 84 86 91 96 99 107 108 110 115 119 125 126 128 136 137 144 151 153 168 169 170 171
4 5 7 9 10 12 13 18 21 26 32 39 41 43 44 51 66 71 74 75 78 80 87 92 98 107 109 112 122 125 132 135 137 139 141 146 151 153 160 164 170 171 176
9 10 14 18 19 20 21 24 28 32 34 41 42 48 50 54 55 56 65 70 73 74 78 80 83 89 90 91 92 95 98 102 105 109 110 125 126 128 132 133 139 141 146 162 169 172 174
1 4 6 10 12 18 27 28 41 51 59 69 75 80 82 91 96 99 107 115 116 118 120 122 134 135 137 151 153 158 160 170 171
3 7 9 10 11 13 14 18 19 21 22 25 28 31 32 41 45 48 59 69 72 73 74 75 78 81 92 94 102 104 105 109 112 122 124 125 130 139 145 146 154 155 165 166 167 170 171 172 173 174 177
3 5 7 9 11 13 14 16 18 20 21 22 23 25 29 31 32 36 41 45 56 64 68 72 78 81 90 94 101 105 109 119 122 124 130 134 135 145 154 160 164 165 170 172 173 176 177
7 9 10 12 20 21 26 27 32 33 37 41 42 43 47 50 54 56 68 74 78 86 89 92 93 95 101 102 105 109 110 112 115 117 120 122 128 129 131 139 141 146 147 169 171 174
7 9 11 13 18 22 28 31 35 41 45 61 63 64 68 69 72 73 74 76 77 90 92 94 104 109 112 115 116 118 124 125 127 133 134 139 154 156 158 161 163 166 170 171 175 177
1 2 4 6 8 15 17 20 23 27 30 32 34 35 37 39 40 44 46 47 51 56 57 59 60 62 63 64 67 68 69 71 73 79 82 83 85 86 88 89 91 93 96 98 99 103 106 107 113 114 115 118 119 120 121 123 124 126 127 129 136 138 142 143 149 150 151 152 157 158 159 160 163 166 175 177
2 6 7 9 12 13 14 16 18 26 27 32 33 34 39 41 50 51 56 58 59 64 66 68 73 79 84 108 110 116 120 122 126 127 132 137 139 145 146 151 153 164 169 170 174
18 24 25 28 29 31 36 43 45 47 48 53 61 68 69 73 78 81 84 86 95 112 113 116 119 121 130 133 134 135 138 139 140 149 152 161 162 163 165 166 167 172 173 174 175
5 7 9 13 14 18 28 29 32 36 39 40 41 44 47 48 49 58 61 63 68 69 74 75 80 84 87 93 102 104 105 109 111 121 122 132 133 139 148 154 158 160 172 174 177
