1 2 4 6 8 10 12 15 17 19 20 22 23 24 25 26 27 28 29 30 33 34 35 36 38 39 40 42 44 45 46 47 49 50 51 52 53 54 56 57 60 61 62 63 64 65 67 69 70 71 72 73 76 77 79 81 82 83 84 85 86 88 89 91 93 95 96 97 98 99 100 101 102 103 104 105 106 107 108 110 111 113 114 115 116 118 119 120 121 123 126 127 128 129 131 133 134 135 136 137 138 140 142 143 144 146 147 148 149 150 151 152 153 155 157 158 159 161 162 163 164 165 166 167 168 169 172 173 174 175
2 9 14 19 20 22 23 28 32 34 35 40 41 42 43 48 49 51 60 65 66 72 74 76 77 78 81 90 103 105 117 119 122 124 125 138 139 141 147 148 163 164 166 173 174 175
7 8 9 12 13 14 18 19 20 21 26 43 48 50 56 59 60 66 68 71 77 78 79 88 90 91 92 93 98 105 110 130 132 135 146 147 153 155 164 170 171 175
2 3 17 38 45 59 75 94 104 106 112 124 130 140 161 174 176
2 3 5 7 14 16 17 19 22 23 25 38 45 52 59 61 66 69 70 75 81 85 87 91 92 93 94 104 105 106 112 116 117 124 130 132 139 140 145 149 155 156 159 161 170 172 173 174 176 177
3 5 8 15 25 29 31 35 36 44 45 47 52 53 55 57 59 60 63 70 72 77 89 94 104 111 113 119 120 127 132 134 140 145 148 152 154 156 157 161 165 172 173 175 176 177
22 23 24 25 36 40 49 52 57 58 62 73 77 81 113 116 121 124 127 130 131 133 140 145 149 152 154 157 162 163 166 167 175
5 7 9 10 11 13 15 18 19 21 26 27 32 33 37 41 42 43 48 55 56 59 66 68 71 74 78 80 84 85 91 92 96 98 109 110 115 125 126 132 135 139 141 144 154 170 171 174
3 5 16 22 23 25 29 31 35 36 38 44 45 52 53 58 61 62 63 69 72 75 81 84 85 87 93 94 100 103 104 116 121 123 124 133 134 145 152 154 155 161 164 165 167 168 172 173 177
3 5 8 25 35 58 118 121 134 145 173 175
1 6 10 11 18 23 28 64 68 74 80 89 93 96 100 108 110 118 122 127 128 139
2 3 16 22 23 24 25 29 30 31 33 36 38 41 43 45 47 52 58 60 61 64 67 76 78 81 100 104 112 119 121 125 129 130 131 134 135 137 140 145 155 156 161 162 165 166 172 173 175
3 5 12 16 25 28 29 31 35 46 49 51 52 53 58 61 63 69 72 77 84 85 99 100 103 104 106 108 116 120 129 133 137 138 142 143 145 153 154 156 158 161 163 165 166 168 177
5 7 9 10 11 13 14 18 19 21 22 23 28 36 38 41 45 59 66 68 69 72 74 77 78 85 92 94 105 109 116 117 118 122 124 125 127 130 135 139 143 145 158 163 170 173 176
5 11 16 22 28 29 31 35 36 44 47 52 58 64 69 73 81 89 95 104 111 112 116 118 130 134 138 140 142 148 152 154 157 158 159 161 163 165 167 171 172 173 175
3 22 29 35 36 45 62 81 94 104 127 134 145 154 165 177
3 9 11 13 15 18 19 21 22 25 29 31 35 36 45 48 61 62 74 75 78 81 92 94 102 104 112 119 121 124 125 127 130 133 134 139 145 152 154 155 165 172 174 176 177
1 4 6 12 17 18 23 27 32 33 39 40 51 56 64 68 71 79 80 82 83 84 86 99 100 101 104 108 126 128 136 137 144 150 151 153 154 158 163 169 171
3 7 8 13 18 19 21 25 29 31 32 59 74 75 90 92 109 115 116 118 120 122 124 125 132 134 135 138 139 143 145 146 171 175 176 177
1 13 21 26 30 39 40 66 71 86 89 91 103 110 136 144 150 163 169 170
1 3 7 9 11 14 18 19 21 24 27 30 41 45 48 52 55 58 61 63 65 66 70 74 78 80 81 90 97 102 112 113 117 119 122 125 127 131 135 139 146 148 154 155 170 172 174 177
2 17 19 24 25 28 29 30 31 33 42 46 48 53 57 58 61 65 67 74 78 81 86 89 90 92 95 100 102 104 112 119 121 129 130 131 133 139 145 154 155 162 165 166 167 168 172 173
7 9 22 24 25 29 30 31 43 48 53 55 58 63 64 65 70 78 81 84 104 112 116 118 119 129 130 131 139 140 145 152 154 159 161 162 164 165 167 174 175 177
2 5 8 9 14 18 21 25 29 31 35 37 38 49 60 67 72 74 81 87 92 95 111 112 113 119 124 125 130 132 134 145 148 154 157 161 164 165 166 167 168 173 174
5 9 10 13 14 18 21 22 23 25 29 31 32 36 49 51 58 74 78 87 88 90 91 92 96 102 115 116 117 122 124 125 130 132 134 135 137 139 145 148 149 164 165 166 168 169 173 174 177
3 5 7 9 14 18 19 21 22 32 41 56 57 59 66 69 75 80 85 91 94 96 97 99 105 107 108 110 115 117 122 125 126 130 132 135 137 144 151 153 161 170 174 176
5 9 11 13 16 19 41 48 52 57 74 77 94 109 112 117 124 132 139 148 156
2 3 13 14 16 18 45 58 61 67 68 81 94 104 122 130 133 148 166 168 170
15 23 29 31 35 36 38 43 44 47 51 61 62 63 66 69 73 75 76 87 97 98 108 111 113 114 116 119 121 123 124 127 130 131 134 137 138 140 142 148 149 158 159 163 166 173 175
1 6 10 30 38 39 40 49 50 52 53 57 58 62 63 65 71 73 79 82 85 86 88 89 96 100 102 104 106 108 112 114 117 119 121 123 126 133 147 150 151 153 155 157 159 168 169 172
2 8 11 23 33 34 40 42 43 51 52 55 56 57 60 62 65 67 69 70 94 100 102 103 108 114 120 132 133 138 139 145 154 156 158 164 165 168 172 175
5 24 27 33 34 77 86 101 138 168
5 12 21 23 24 27 33 34 41 43 50 54 56 59 64 69 72 73 77 78 83 86 92 98 101 105 108 111 117 126 129 135 137 138 140 142 144 158 161 164 166 168 169 171 174
2 29 47 58 60 67 77 81 87 93 119 123 129 140 143 165
1 15 32 43 55 66 68 73 83 91 98 101 113 125 126 136 160
9 11 19 20 23 24 30 33 37 40 42 43 48 53 54 61 62 65 68 74 76 78 86 89 90 92 95 101 102 103 109 112 119 121 125 128 129 130 131 133 139 140 141 144 147 160 162 168 174
3 5 7 16 17 35 36 52 55 57 63 66 70 72 74 81 85 87 88 91 94 97 101 103 104 111 113 120 123 132 133 134 139 142 145 149 154 156 161 162 166 167 170 172
1 4 40 56 57 62 66 68 82 90 91 96 117 119 126 155 160 162
2 3 19 29 77 81 90 104 121 129 130 132 170
2 3 5 8 9 14 15 19 22 23 25 29 31 44 45 61 72 75 77 81 84 85 90 93 94 97 104 111 118 120 121 124 127 129 130 132 134 145 154 167 170 172 173 175 176 177
7 8 9 11 13 14 18 19 20 21 22 25 28 32 36 41 43 45 48 74 78 80 81 90 92 94 95 101 102 105 109 112 122 125 130 132 134 135 139 141 145 154 161 166 171 176
1 5 15 16 17 24 26 27 33 36 37 39 40 46 49 51 52 60 63 65 66 71 72 73 75 79 82 83 84 86 87 88 91 94 96 97 99 103 107 108 110 112 113 115 119 126 129 131 141 145 152 153 155 157 158 159 162 166 168 169 170
1 4 6 10 11 12 15 20 26 27 30 32 33 37 39 42 43 44 49 50 51 53 54 56 62 65 68 71 76 79 80 82 83 84 86 88 90 95 96 98 99 101 103 107 108 110 112 113 115 117 120 125 126 128 131 136 137 141 144 145 146 147 149 150 151 152 153 158 160 169 170 171 176
2 17 24 35 38 52 53 58 81 93 104 106 119 123 129 133 155 157
5 8 10 14 16 23 34 35 45 59 69 72 75 76 77 85 87 94 100 107 111 116 118 127 130 132 143 148 151 156 159 161 167 173
1 6 18 39 55 59 71 80 82 83 86 91 99 107 108 122 124 136 137 144 151 153 160 170
4 8 12 15 17 21 36 44 56 59 64 68 69 73 76 82 93 94 97 99 100 111 113 114 115 120 124 125 126 127 135 137 144 149 151 152 153 154 158 159 163 166 169 170 171 172 176 177
3 9 14 16 18 25 31 45 58 78 81 85 94 122 123 164 177
3 7 9 10 13 14 21 22 25 28 37 41 47 50 66 69 74 88 89 90 92 95 104 105 109 110 112 116 117 118 121 125 130 132 139 141 142 143 146 156 158 163 166 176
3 24 46 54 101 113 117 153 166 174
