9 11 14 18 19 21 25 28 29 31 41 45 46 48 55 57 59 64 66 70 73 76 90 92 98 102 109 113 116 117 118 124 125 127 138 139 145 154 156 158 159 163 165 171 172 176
1 2 3 4 5 6 8 12 15 16 17 22 23 24 25 26 27 30 33 34 35 36 37 38 39 40 42 44 45 46 47 49 50 51 52 53 54 56 57 59 60 61 62 63 64 65 67 68 69 70 71 73 75 76 77 79 81 82 83 84 85 86 87 88 89 91 92 93 94 96 97 98 99 100 103 104 106 107 108 110 111 113 114 115 118 119 120 121 123 126 127 128 131 132 133 134 136 137 138 140 142 143 144 145 148 149 150 151 152 153 155 156 157 158 159 161 162 163 165 166 167 168 169 170 172 173 175 176 177
1 6 15 24 27 30 33 39 40 44 50 51 73 82 86 87 98 128 131 151 153 160 169
1 4 5 6 7 8 9 10 11 12 13 14 15 16 18 19 20 21 24 25 26 27 28 30 32 33 34 35 37 39 40 41 42 43 44 46 48 49 50 51 54 55 56 57 59 61 64 65 66 68 69 70 71 72 73 74 75 76 77 78 79 80 82 83 86 87 88 89 90 91 92 94 95 96 97 98 99 101 102 103 105 107 109 110 111 112 113 115 116 117 118 121 122 124 125 126 127 128 129 131 132 133 135 136 137 138 139 140 141 142 143 144 146 147 148 150 151 153 156 158 160 162 163 164 166 169 170 171 174 175 176
2 5 8 22 23 25 28 31 35 38 45 46 48 61 64 69 75 76 77 81 94 100 116 118 119 121 124 127 130 133 134 138 140 143 148 156 159 161 163 165 166 168 172 175
1 2 4 6 7 9 10 11 12 15 17 19 20 21 24 26 27 28 30 31 32 33 34 35 37 38 39 40 42 43 46 47 48 50 51 53 54 55 56 57 59 60 61 62 63 65 66 67 68 71 73 74 76 78 79 80 82 83 84 86 87 88 89 90 91 92 93 95 96 97 98 99 100 101 102 103 105 106 107 108 109 110 112 113 114 115 116 117 119 120 121 122 123 125 126 128 129 131 133 135 136 137 138 139 140 141 142 144 146 147 148 149 150 151 152 153 157 158 159 160 162 163 165 166 168 169 171 172 174 175
2 3 17 25 29 31 35 36 38 45 47 52 53 57 61 62 63 67 69 72 81 85 87 89 94 97 100 103 104 111 114 119 121 123 127 130 134 145 148 154 155 161 165 167 168 172 175 177
7 9 10 12 13 18 26 28 34 50 59 66 68 73 74 77 78 83 86 90 95 98 101 106 109 110 115 120 125 128 131 135 139 142 143 162 163 164 167 171 174 175 176
7 11 13 15 21 41 56 65 68 74 92 95 98 110 115 122 174
7 8 11 13 15 21 28 34 41 56 65 68 69 74 90 92 95 98 110 115 118 122 171 174 175
7 8 9 11 13 15 18 21 23 28 29 34 41 56 63 65 68 69 74 75 90 92 95 98 110 115 118 122 127 130 132 133 134 139 154 170 171 174 175 177
1 2 4 6 7 10 11 12 15 16 17 19 20 21 22 23 24 25 26 27 28 30 32 33 34 35 36 37 38 39 40 42 43 44 46 47 48 50 51 53 54 55 56 57 58 60 61 62 63 64 65 66 67 68 71 73 74 76 78 79 80 82 83 84 86 88 89 90 92 93 95 96 97 98 99 100 101 102 103 105 106 108 109 110 111 112 113 114 117 119 120 123 126 128 129 130 131 132 133 135 136 138 139 141 142 143 144 146 147 148 149 150 151 152 153 155 157 158 159 160 162 163 165 166 167 168 169 174 175
1 4 6 8 10 12 16 26 27 28 30 37 40 46 50 51 54 56 63 64 65 70 71 73 76 79 82 87 89 91 95 96 99 103 107 108 110 114 123 128 131 136 137 142 144 149 151 153 158 161 163 176
1 3 4 5 6 7 8 9 10 11 12 13 14 15 16 18 19 20 21 22 26 27 28 30 32 33 37 38 39 40 41 42 43 45 46 47 48 50 51 52 54 55 56 57 58 59 60 61 62 63 64 65 66 70 71 72 73 74 75 76 77 78 79 80 82 83 85 87 88 89 90 91 92 93 94 95 96 97 99 101 102 103 105 106 107 108 109 110 111 112 114 115 117 120 122 123 124 125 126 128 129 130 131 133 135 136 137 139 140 141 142 144 145 146 147 149 150 151 153 155 156 158 160 161 163 164 167 169 170 172 174 175 176 177
3 7 9 14 16 18 19 20 21 22 28 29 31 32 44 48 55 58 66 70 74 77 78 81 90 92 95 102 109 112 116 117 124 125 130 134 135 139 145 147 152 154 164 165 167 172 175 176
1 2 3 4 6 10 11 12 13 14 15 16 17 18 20 21 22 23 24 26 27 28 30 31 32 33 34 35 37 39 40 42 44 45 46 47 48 49 50 52 53 54 56 57 59 60 61 63 64 65 67 68 69 71 73 74 75 76 77 79 80 81 82 83 84 85 86 87 88 89 91 93 95 96 97 99 100 101 103 104 105 106 107 108 110 113 114 115 117 119 120 121 122 123 126 128 129 131 132 133 135 136 138 140 141 142 144 146 147 149 150 151 153 154 155 156 157 158 159 160 162 163 164 165 166 168 169 170 171 172 177
2 5 8 9 14 17 25 31 36 43 58 60 61 67 72 75 76 90 94 102 104 106 119 124 125 129 132 133 134 145 148 149 152 154 155 161 164 165 166 167 168 172 174 176 177
3 7 22 36 53 58 62 67 94 112 131
3 7 9 18 19 22 23 33 36 41 43 52 53 55 56 57 58 61 62 63 67 70 74 78 80 81 84 87 90 92 94 102 112 129 131 133 137 139 140 145 149 154 155 161 165 167 172 174
7 9 17 19 24 28 30 38 48 54 56 58 61 65 70 81 89 91 94 97 100 102 104 105 106 109 110 112 113 117 118 125 128 131 139 141 142 143 147 149 155 161 162 165 166 170 174 177
1 2 4 5 6 10 12 15 16 17 23 24 26 27 29 30 31 33 34 35 36 37 38 39 40 41 42 43 44 45 46 49 50 51 53 54 55 56 57 58 60 61 62 64 65 66 67 68 69 70 71 72 76 77 78 79 80 81 82 83 84 85 86 88 89 91 92 93 96 97 98 99 100 102 103 104 106 107 108 110 111 112 113 114 115 116 117 119 121 122 123 125 126 127 128 129 131 132 134 135 136 137 138 139 140 141 142 144 145 146 147 148 150 151 153 156 157 158 160 161 162 163 164 165 167 168 169 171 172 174 176 177
1 2 4 6 7 9 10 11 12 13 14 16 17 18 19 20 21 23 24 26 27 28 29 30 32 33 34 35 36 37 38 39 40 41 42 43 46 48 49 50 51 54 56 59 61 63 64 65 66 68 69 71 72 73 74 75 76 78 79 80 82 83 85 86 88 89 90 91 92 93 95 96 97 98 99 100 101 102 105 106 107 108 109 110 111 112 113 114 115 116 117 118 119 120 122 123 125 126 127 128 129 131 132 133 135 136 137 138 139 141 142 143 144 146 147 148 150 151 153 156 157 158 159 160 162 163 164 169 170 171 173 174 175 176
1 2 4 6 10 12 17 32 39 40 51 67 71 79 80 82 83 88 91 96 99 107 108 126 135 136 137 144 150 151 153
1 2 4 5 6 7 10 11 12 13 14 15 17 18 19 20 21 22 23 24 26 27 30 31 32 33 36 39 40 42 44 46 47 49 50 51 53 54 55 56 58 59 60 61 62 64 65 66 67 68 71 72 73 74 75 76 77 79 80 82 83 84 85 86 87 88 89 90 91 92 93 94 95 96 97 98 99 100 101 102 103 106 107 108 110 111 113 114 115 117 118 120 121 122 124 125 126 127 128 131 133 134 135 136 137 138 141 142 143 144 145 146 147 148 150 151 152 153 154 157 158 160 163 168 169 170 171 172 177
2 3 5 14 16 17 22 23 25 29 31 34 36 44 47 49 53 58 60 67 70 76 81 87 94 100 104 106 119 121 124 129 130 134 140 143 148 152 155 157 162 164 165 168 172 175 176 177
1 3 4 5 6 11 12 13 15 16 17 18 22 23 24 26 27 28 29 30 31 33 34 35 36 37 39 40 41 42 43 44 45 46 47 48 49 50 51 53 54 55 56 57 58 59 60 62 63 66 67 69 70 71 73 75 76 79 80 82 83 84 85 86 89 91 94 95 96 97 99 100 103 106 107 108 109 110 112 113 114 115 116 117 118 119 121 123 124 125 126 127 128 129 131 133 134 136 137 138 139 140 141 142 143 144 145 146 147 148 150 151 153 154 155 156 157 158 159 160 161 163 165 168 169 170 172 175 177
2 4 12 31 34 38 46 51 63 111 113 127 137 138 143 152 153 164 165 166
2 4 9 12 18 22 28 31 34 36 38 45 46 51 53 61 63 64 75 80 81 90 92 104 105 111 113 116 118 119 124 127 132 133 137 138 143 144 145 152 153 155 164 165 166 172 173
7 9 11 18 19 20 23 25 28 29 36 37 41 43 44 47 48 54 55 65 68 70 73 74 78 90 92 95 102 104 105 109 112 121 125 126 127 133 141 146 160 164 171
2 29 34 36 38 72 78 140 143 145 148 161 163 165
2 3 5 6 7 8 9 10 11 13 14 16 17 18 19 20 21 22 23 25 26 27 28 29 31 33 34 35 36 37 38 39 40 41 42 44 45 46 47 48 49 51 52 53 54 56 57 58 60 61 62 65 66 67 68 69 70 72 73 74 75 76 77 78 81 83 84 86 87 89 92 93 94 95 96 97 98 99 100 103 104 105 106 108 109 110 111 112 113 114 118 119 120 123 126 127 128 130 131 132 133 134 138 139 140 141 142 143 145 146 147 148 149 152 154 155 156 157 158 159 160 161 162 163 165 166 167 168 169 170 172 173 174 175 177
1 2 4 5 6 7 8 10 12 15 16 17 19 20 23 24 27 28 29 30 32 33 36 37 38 39 40 42 43 44 47 49 50 51 52 53 54 55 56 57 58 59 60 62 63 64 65 66 67 68 69 70 71 73 79 80 81 82 83 84 86 87 88 89 90 91 93 95 96 97 98 99 100 101 102 103 104 105 106 107 108 110 111 113 114 115 116 117 119 120 121 123 126 127 128 129 131 133 134 135 136 137 138 139 140 141 143 144 146 147 149 150 151 152 153 154 155 156 157 158 159 160 162 163 165 167 168 169 171 172 174 176
1 3 4 6 7 9 10 11 12 13 15 17 19 20 21 22 23 24 26 27 30 32 33 34 35 37 39 40 41 42 43 44 45 46 47 49 50 51 52 53 54 55 56 57 59 60 61 62 64 65 66 67 68 70 71 73 74 76 77 78 79 80 81 82 83 84 86 88 89 91 93 96 97 98 99 100 101 102 103 104 105 106 107 108 110 111 112 113 114 115 116 117 119 120 121 122 125 126 127 128 131 132 135 136 137 138 139 141 142 143 144 146 147 148 150 151 152 153 155 156 157 158 160 162 163 165 169 170 171 172 174 176
2 3 4 5 7 8 9 10 11 12 14 15 16 20 21 22 23 25 26 27 28 30 31 32 33 34 35 36 37 38 39 40 41 42 43 44 45 46 47 48 49 50 51 52 55 56 57 58 60 61 62 63 66 67 68 69 70 71 72 73 75 76 77 79 81 83 84 85 86 89 90 93 96 97 100 102 103 104 106 108 110 111 112 113 114 116 118 119 120 121 122 123 124 125 126 127 128 129 130 131 132 133 134 136 137 138 140 141 142 143 145 147 148 149 151 152 153 154 157 158 159 161 162 163 164 165 167 168 169 171 172 173 175 176 177
1 3 6 7 8 9 10 11 13 14 15 16 18 19 20 21 22 23 24 25 26 28 30 31 32 33 34 35 37 38 39 40 41 42 44 45 46 48 50 52 53 54 55 57 59 60 62 64 65 67 68 69 70 71 72 73 74 76 77 78 80 81 83 86 88 89 90 92 95 96 97 98 99 101 102 103 104 105 106 107 109 111 112 113 115 116 117 121 122 123 124 125 126 128 131 132 133 134 135 136 138 139 140 141 142 143 144 145 146 147 148 150 152 154 155 156 158 159 160 161 162 163 164 165 166 167 168 169 170 171 174 177
35 60 69 76 98 111 117 123 128 138 149 158 163 165
1 3 4 6 7 9 10 11 13 14 16 17 18 19 20 21 24 26 27 28 30 32 33 34 39 40 41 42 43 44 46 47 48 49 50 51 53 54 55 57 59 62 65 66 70 71 73 74 75 76 77 78 79 80 83 84 86 87 89 90 92 93 95 98 101 102 103 104 105 106 107 108 109 110 111 112 113 114 115 116 117 119 120 121 122 123 124 125 126 127 128 130 131 132 133 134 135 137 139 141 142 145 146 147 148 149 150 151 152 153 154 157 158 159 160 162 164 166 167 169 170 171 172 173 175 176 177
4 9 20 23 24 28 34 39 40 51 57 60 65 70 77 78 82 85 89 90 92 93 95 96 98 103 107 108 111 126 131 136 144 151 153 154 156 159 162 163 167 170 172
6 7 9 10 11 14 18 23 25 29 32 36 38 41 43 44 45 52 60 63 67 69 72 75 78 81 88 90 93 94 96 100 101 104 109 114 118 121 124 126 149 151 155 163 164 172 175 176
1 2 3 5 7 8 11 14 15 17 19 20 22 23 24 25 26 29 30 31 33 35 36 37 38 40 42 43 44 45 46 47 48 49 50 52 53 54 56 57 58 60 61 62 63 65 67 68 70 71 72 73 74 76 77 79 80 81 82 83 84 85 86 87 89 90 91 92 94 95 96 97 98 100 101 102 103 104 106 108 109 110 111 112 113 114 117 118 119 121 123 125 126 127 128 129 130 131 133 134 136 138 140 141 143 144 145 147 148 149 150 152 154 156 157 159 160 161 162 164 165 166 167 168 169 172 173 174 175 176 177
3 5 7 9 10 11 13 14 18 19 21 25 26 35 36 37 45 48 63 69 72 73 74 78 81 87 91 92 93 94 104 107 109 112 115 118 122 123 124 125 132 139 154 155 161 164 172 173
1 2 3 4 5 6 7 8 9 10 11 12 13 14 15 16 17 18 19 20 21 22 23 24 25 26 27 29 30 31 32 33 34 35 36 37 39 40 41 42 43 44 45 46 47 48 49 50 51 52 53 54 55 56 57 58 59 60 61 62 63 64 65 66 67 68 69 70 71 72 74 75 76 77 78 79 80 81 82 83 84 85 86 87 88 89 90 91 93 94 95 96 97 98 99 100 101 102 103 104 105 106 107 108 109 110 111 112 113 114 115 116 117 118 119 120 121 122 123 124 125 126 127 128 129 130 131 132 133 136 137 138 139 140 142 143 144 145 146 147 148 149 150 151 152 153 154 155 156 157 158 159 160 161 162 163 164 165 166 167 168 169 170 171 172 173 174 175 176 177
4 9 12 22 31 33 34 39 40 42 44 53 59 64 65 68 73 74 75 76 79 88 90 91 92 95 97 98 102 104 110 111 119 121 124 125 128 132 146 147 154 157 159 166 170 171 176
9 12 18 19 26 32 33 34 39 40 43 50 51 54 56 59 68 78 80 84 88 89 91 92 96 105 110 116 120 125 131 132 135 144 146 169 170 171
17 23 24 26 27 33 34 36 40 43 47 50 53 54 56 61 63 67 68 69 73 75 81 84 86 87 93 94 110 113 118 119 120 121 124 125 129 131 138 149 160 162 165 169 171 175 176 177
1 4 5 6 9 10 11 12 13 14 15 16 17 19 20 21 24 25 26 27 31 32 33 34 36 37 38 39 40 41 42 43 44 45 46 48 49 50 51 52 53 54 55 56 59 61 62 64 65 66 67 68 69 70 71 72 73 76 78 79 80 83 84 85 86 87 88 89 90 92 95 96 98 99 100 101 102 103 104 106 107 108 109 110 111 112 113 114 115 119 121 122 124 125 126 127 128 129 132 133 134 136 137 139 140 141 142 144 145 146 147 149 150 151 152 153 155 156 157 158 159 160 162 163 167 168 169 170 171 172 173
3 5 8 11 13 14 18 22 25 31 35 41 44 45 52 55 69 70 72 75 81 87 94 104 116 118 122 124 127 129 130 134 143 145 148 149 154 155 164 167 170 173 176 177
1 3 5 6 7 9 10 11 12 13 14 15 16 18 19 20 21 23 26 27 28 30 32 33 34 35 36 37 39 41 42 43 46 47 48 49 50 51 54 55 56 59 61 63 64 65 66 67 68 70 71 72 73 74 75 76 77 78 79 80 82 83 84 85 86 87 88 90 91 92 93 95 96 97 98 99 100 101 102 103 104 105 106 107 108 109 110 111 112 113 114 115 116 117 118 120 122 124 125 126 127 128 129 130 131 132 133 135 136 137 139 141 142 143 146 147 148 149 150 151 153 155 156 158 159 160 168 169 170 171 173 174 176 177
2 3 7 9 11 17 19 21 26 37 43 48 58 60 74 78 90 92 95 109 112 122 124 125 130 139 155 172 174 177
2 3 5 7 8 9 11 13 14 16 17 19 21 22 26 31 37 41 43 45 48 57 58 60 72 74 78 81 85 90 92 95 104 109 112 122 124 125 127 130 139 143 148 154 155 165 170 172 174 175 177
