3 5 8 9 11 13 15 18 19 21 25 28 31 35 48 66 72 74 75 78 90 95 98 104 109 112 115 117 118 122 124 125 127 130 134 139 154 156 161 166 167 171 172 174 176 177
1 4 6 7 13 16 20 23 24 26 27 30 33 35 37 38 39 42 43 44 46 47 49 54 56 58 65 70 73 76 77 80 82 84 85 86 89 92 93 96 98 99 100 102 106 107 108 109 110 112 113 116 117 120 123 125 128 131 133 138 139 141 143 150 152 153 156 158 159 160 162 163
1 2 4 5 6 7 8 11 13 14 15 16 17 19 20 22 23 24 25 26 27 28 29 30 31 33 34 35 36 37 38 39 41 42 43 44 45 46 47 48 49 53 54 55 56 57 58 60 61 62 64 65 67 69 70 73 75 76 77 78 80 81 82 84 85 86 87 89 92 93 94 95 96 98 99 100 101 102 104 106 107 108 109 110 112 113 116 117 118 119 120 121 123 125 127 128 129 130 131 133 134 135 138 139 140 141 142 143 145 147 148 149 150 152 153 154 155 156 157 158 159 160 161 162 163 165 166 167 168 171 172 173 174 175 176 177
1 2 4 5 6 7 9 10 11 12 13 14 15 17 18 19 20 21 24 25 26 27 29 30 32 33 35 37 39 40 41 42 43 44 46 47 48 49 50 51 54 55 56 57 59 60 65 66 67 68 70 71 72 73 74 75 76 78 79 80 82 83 84 86 87 88 89 90 91 92 93 95 96 98 99 100 101 102 103 105 106 107 108 109 110 112 113 114 115 117 119 120 122 123 124 125 126 127 128 130 131 132 134 135 136 137 139 141 142 144 146 147 148 150 151 153 156 157 158 160 162 164 165 166 168 169 170 171 174 176 177
1 5 7 11 14 18 19 25 28 36 43 45 48 52 55 59 74 78 80 81 82 83 87 91 94 99 107 111 115 119 122 124 125 126 127 135 137 142 145 148 158 170 171 172 173
2 8 9 22 25 28 29 31 36 43 44 57 58 60 63 69 70 72 73 111 116 123 124 127 129 132 134 137 138 140 142 143 145 148 154 156 161 163 164 165 167 171 172 175 176 177
1 3 4 6 10 12 15 17 18 19 23 24 26 27 30 32 37 39 40 42 47 49 50 51 52 53 54 55 57 59 60 61 62 65 66 70 71 73 75 79 80 81 82 83 84 86 88 89 90 91 92 93 94 95 96 98 99 101 103 104 106 107 108 110 113 114 115 117 121 122 123 124 126 127 128 129 130 131 133 135 136 137 139 140 144 146 147 149 150 151 152 153 154 155 157 160 162 168 169 171 176 177
1 3 4 6 10 12 15 17 18 19 23 24 26 27 30 32 37 39 40 42 47 49 50 51 52 53 54 55 57 59 60 61 62 65 66 70 71 73 75 79 80 81 82 83 84 86 88 89 90 91 92 93 94 95 96 98 99 101 103 104 106 107 108 110 113 114 115 117 121 122 123 124 126 127 128 129 130 131 133 135 136 137 139 140 144 146 147 149 150 151 152 153 154 155 157 160 162 168 169 171 176 177
1 2 3 4 6 7 9 10 11 12 13 14 15 17 18 19 20 21 23 24 26 27 30 32 33 37 39 40 41 42 43 47 48 49 50 51 52 53 54 55 56 57 59 60 61 62 65 66 68 70 71 73 74 75 78 79 80 81 82 83 84 86 87 88 89 90 91 92 93 94 95 96 98 99 101 102 103 104 105 106 107 108 109 110 112 113 114 115 117 120 121 122 123 124 125 126 127 128 129 130 131 132 133 134 135 136 137 139 140 141 143 144 146 147 149 150 151 152 153 154 155 157 160 162 164 168 169 170 171 174 176 177
1 2 4 6 7 10 12 15 17 20 22 24 26 27 28 30 32 33 34 36 37 38 39 40 41 42 43 44 46 47 49 50 51 52 53 54 55 56 57 58 59 60 61 62 63 65 66 67 68 70 71 73 76 79 80 81 82 83 84 85 86 87 88 89 90 91 93 96 97 98 99 100 101 102 103 104 105 106 107 108 110 111 112 113 114 115 117 119 120 121 123 126 127 128 130 131 133 135 136 137 138 140 141 142 144 146 147 148 149 150 151 152 153 156 157 158 160 161 162 163 168 169 170 171 172 174 175
1 2 3 5 6 7 8 9 10 11 12 14 15 16 17 19 20 21 22 23 25 26 28 29 30 31 32 33 34 35 36 37 38 39 42 43 44 45 46 47 48 49 51 52 53 54 56 57 58 60 61 62 64 65 67 68 69 70 72 73 75 76 77 78 80 81 83 84 85 86 87 89 90 92 93 94 95 97 98 99 100 102 103 104 105 106 108 109 110 111 112 113 114 116 117 118 119 121 122 123 124 125 126 127 128 129 130 131 132 133 134 135 137 138 140 141 142 143 144 145 146 147 148 149 150 152 153 154 155 156 157 158 159 160 161 163 164 165 166 167 168 169 171 172 173 174 175 176 177
3 5 9 14 16 22 23 25 28 31 35 38 45 52 58 61 69 72 75 77 81 85 104 111 118 124 125 130 132 134 142 143 145 148 154 155 156 158 159 161 166 168 170 172 173 177
1 4 6 9 10 11 12 13 15 16 17 18 19 20 21 23 24 25 26 27 28 30 32 33 34 35 36 37 38 39 40 41 42 43 44 45 46 48 49 50 51 52 54 55 56 59 60 61 62 66 67 68 69 71 73 74 75 76 77 78 79 80 82 83 86 87 88 89 90 91 92 93 95 96 97 99 101 102 103 105 106 107 108 109 110 112 113 114 115 116 117 118 119 120 121 122 124 125 126 128 129 131 132 135 136 137 138 139 140 141 142 143 144 146 147 149 150 151 153 157 158 159 160 163 166 168 169 170 171 172 173 174
3 8 16 17 22 25 31 34 45 46 47 52 53 60 63 72 75 76 84 92 93 98 100 101 103 104 114 116 118 120 121 128 129 132 134 138 142 143 145 149 154 175 176 177
1 4 6 27 28 51 77 80 82 83 96 99 101 107 110 115 136 137 143 149 152 153
1 4 5 6 7 9 10 11 12 13 14 15 16 18 19 20 21 23 25 26 27 28 32 33 34 35 37 38 39 40 41 42 44 46 47 48 49 50 51 52 53 54 55 56 59 62 63 64 65 66 68 69 70 71 72 73 74 75 76 77 78 79 80 82 83 85 86 87 88 89 90 91 92 93 94 95 96 98 99 101 102 103 105 106 107 108 109 110 111 112 113 114 115 117 120 121 122 124 125 126 127 128 132 133 135 136 137 138 139 141 142 143 146 147 149 150 151 152 153 157 158 159 160 162 163 164 169 170 171 172 174 175 176 177
1 4 6 12 15 27 33 39 40 51 56 71 79 82 83 84 93 96 99 107 108 120 136 144 150 151 153 160 169
1 3 4 6 7 8 9 10 11 12 13 14 15 16 18 19 20 21 24 26 27 28 30 32 33 35 37 39 40 41 42 43 46 48 49 50 51 54 56 57 59 60 63 64 65 66 68 69 71 72 73 74 76 77 78 79 80 82 83 84 85 86 87 88 89 90 91 92 93 96 97 98 99 101 102 103 105 107 108 109 110 112 114 115 117 118 119 120 121 122 123 124 125 126 127 128 129 131 132 133 136 137 138 139 140 141 143 144 145 146 147 149 150 151 152 153 155 156 158 159 160 161 162 163 164 166 169 170 171 173 174 175
4 9 12 15 18 27 32 33 40 41 42 49 51 54 55 58 66 68 71 78 79 80 82 83 84 86 87 91 99 108 123 125 126 129 132 135 137 139 144 150 153 171
1 4 6 9 10 11 12 13 14 18 20 21 45 48 59 72 74 78 80 82 90 94 96 99 101 107 109 115 122 124 125 130 135 136 137 145 146 150 151 153 155 160 170
1 2 3 4 5 6 7 8 9 10 11 13 14 15 16 18 19 20 21 22 26 30 32 35 37 38 39 41 42 44 45 46 48 49 50 51 52 53 54 57 59 60 62 63 64 65 66 67 70 71 72 73 74 75 76 77 78 79 80 81 82 83 84 85 88 89 90 91 92 94 95 96 97 98 99 100 102 103 104 106 107 108 109 110 111 113 114 115 116 117 118 119 120 121 122 124 125 126 127 128 131 134 136 138 139 140 141 142 143 146 147 149 150 151 152 153 154 155 156 157 158 159 160 161 164 166 168 169 170 171 173 174 176
1 17 30 50 51 54 58 68 73 86 150
1 2 3 4 5 6 8 9 10 12 13 14 15 16 17 19 20 22 23 24 25 26 27 28 29 30 34 35 36 38 39 40 42 43 44 45 46 47 49 50 51 52 53 54 57 58 60 61 63 64 65 67 68 69 70 71 72 73 75 76 77 79 80 82 83 85 86 88 89 90 91 93 95 96 97 98 99 100 101 103 105 106 107 108 111 113 114 115 116 118 119 120 123 126 128 129 130 131 132 135 136 137 138 140 142 143 144 145 146 147 148 150 151 153 156 157 158 159 160 161 162 163 164 165 166 167 168 169 172 173 175 177
3 5 18 22 36 52 67 100 102 119 124 130 154 155 165 168 174 177
3 5 7 9 14 18 19 20 22 29 36 37 41 45 48 52 58 67 70 74 81 87 90 92 94 100 102 104 105 112 119 124 125 130 143 145 149 154 155 164 165 166 168 172 174 177
3 17 34 55 70 81 104 123 127 177
3 5 17 23 34 55 70 81 94 104 123 124 127 133 155 156 176 177
3 5 17 22 23 25 28 29 31 34 36 38 45 47 55 58 63 69 70 75 81 94 100 104 121 123 124 127 130 133 134 152 154 155 156 161 165 173 175 176 177
1 2 3 4 5 6 8 10 12 13 15 16 17 23 25 26 27 28 29 31 32 34 35 36 37 38 39 40 44 45 46 47 49 50 51 52 53 54 55 57 59 60 61 62 63 64 66 67 68 69 70 71 72 73 75 76 77 79 80 81 82 83 84 85 86 87 88 90 91 93 94 95 96 97 98 99 100 101 103 107 108 110 111 113 114 115 116 118 119 120 122 123 124 126 127 131 132 133 134 136 137 138 140 141 142 144 145 146 147 148 149 151 152 153 154 156 157 158 159 161 163 164 165 166 167 168 169 171 172 175 176
1 2 4 5 6 7 8 9 10 11 12 13 14 15 16 17 18 19 20 21 23 24 25 26 27 28 29 30 31 32 33 34 37 39 40 41 42 43 44 45 46 48 49 50 51 53 54 55 56 57 58 59 62 63 65 66 67 68 70 71 73 74 78 79 80 81 82 83 84 86 87 88 89 90 91 92 94 95 96 98 99 101 102 103 105 106 107 108 109 110 112 113 114 115 116 117 120 121 122 124 125 126 128 129 130 131 132 133 135 136 139 141 143 144 146 147 149 150 151 152 153 154 156 158 159 160 162 164 165 169 170 171 172 173 174 177
1 2 4 6 7 10 12 15 16 17 20 23 24 26 27 28 30 32 33 34 35 36 37 39 40 42 43 44 46 49 50 51 53 54 55 56 60 62 63 64 65 66 67 68 71 73 76 77 79 80 82 83 84 86 88 89 91 93 96 97 98 99 100 101 102 103 105 106 107 108 110 111 112 113 114 115 117 118 119 120 123 126 127 128 131 134 135 136 137 138 140 141 142 144 146 149 150 151 153 156 157 158 159 160 162 163 166 168 169 171 174 175
1 2 4 6 7 8 10 12 15 16 17 20 23 24 26 27 28 30 32 33 34 35 36 37 38 39 40 41 42 43 44 46 47 49 50 51 52 53 54 55 56 59 60 61 62 63 64 65 66 67 68 71 73 75 76 77 79 80 82 83 84 86 87 88 89 91 93 96 97 98 99 100 101 102 103 105 106 107 108 110 111 112 113 114 115 116 117 118 119 120 121 123 126 127 128 131 132 133 134 135 136 137 138 140 141 142 143 144 146 148 149 150 151 153 155 156 157 158 159 160 161 162 163 164 166 167 168 169 171 174 175
1 3 4 5 6 7 9 10 11 12 13 14 16 19 20 21 22 24 26 27 28 30 32 33 34 37 39 40 41 42 43 46 48 49 50 51 54 55 56 57 58 59 60 62 63 64 65 66 67 68 69 70 71 72 73 74 77 79 80 81 82 85 86 88 89 90 91 92 94 95 96 98 99 101 102 103 105 106 107 108 109 110 112 114 115 116 117 118 121 122 123 125 126 127 128 131 132 133 135 136 137 138 139 141 142 143 144 146 147 148 150 151 153 154 155 156 157 158 160 162 163 164 167 168 169 170 171 172 174 177
2 8 22 23 29 31 35 36 45 58 61 72 81 85 87 94 97 100 119 121 123 127 134 140 142 145 159 166 167 175 176 177
2 3 5 7 8 11 12 15 16 17 19 20 21 22 23 24 25 28 29 30 31 33 34 35 36 37 38 40 42 43 44 45 46 47 48 49 50 52 53 54 55 57 58 60 61 62 63 64 65 67 70 71 72 74 76 77 79 81 85 86 87 88 89 90 92 93 94 95 97 98 99 100 101 102 103 104 105 106 109 111 112 113 114 117 118 119 120 121 123 124 125 127 128 129 130 131 133 134 136 138 139 140 141 142 143 144 145 146 147 148 149 150 152 154 155 156 157 158 159 161 162 164 165 166 167 168 169 172 173 174 175 176 177
1 2 3 4 6 7 9 10 11 12 13 14 15 17 18 19 20 21 24 25 26 27 29 30 31 32 33 34 36 37 38 39 40 41 42 43 45 46 48 50 51 54 55 56 59 61 63 65 66 67 68 69 71 73 74 76 78 79 80 81 82 83 84 85 86 88 89 90 91 92 95 96 98 99 100 101 102 103 105 107 108 109 110 111 112 113 114 115 116 117 119 120 121 122 123 125 126 128 129 131 132 133 135 136 137 138 139 141 142 143 144 146 147 149 150 151 152 153 154 158 159 160 162 163 165 168 169 170 171 174 176 177
1 2 4 6 8 10 12 17 19 23 25 29 40 45 47 48 54 60 61 66 80 81 82 90 96 99 100 105 107 124 126 129 130 134 143 151 152 153 164 165 166 168 169 170 175 176 177
1 2 3 4 6 7 9 10 11 12 13 14 15 17 18 19 20 21 23 24 26 27 28 31 32 33 34 36 37 41 42 43 44 45 46 48 49 50 51 52 53 54 55 56 57 59 61 62 63 64 65 66 67 68 69 70 71 72 73 74 75 78 79 80 81 82 83 86 87 88 90 92 93 94 95 96 98 99 100 102 103 105 106 107 108 109 110 111 112 113 114 116 117 119 120 121 122 124 125 126 127 128 130 131 132 133 134 135 136 137 138 140 141 142 143 144 145 146 149 150 151 152 153 158 160 162 164 165 166 168 169 170 171 172
1 3 4 5 6 8 10 12 13 22 23 31 38 49 51 52 61 64 69 71 72 75 77 81 85 94 96 99 101 104 107 110 124 134 136 137 148 150 151 152 154 155 167 176
5 16 17 23 28 29 30 35 37 53 57 60 69 72 77 81 87 93 94 104 105 116 118 119 121 129 130 138 145 154 158 164 165 168 170 176 177
5 15 16 17 23 28 29 30 35 37 41 53 54 57 60 69 72 77 81 84 87 93 94 104 105 110 116 118 119 121 129 130 132 135 138 145 154 158 164 165 168 170 176 177
1 5 38 56 89 108 111 118 140 143 157 164 168
1 2 3 4 5 6 7 8 9 10 11 12 16 17 18 19 21 22 23 24 27 28 29 30 31 32 34 35 36 37 38 39 40 41 42 43 44 45 48 49 51 52 54 55 56 57 58 59 60 62 63 64 65 68 70 71 72 75 77 78 79 80 81 82 83 84 86 87 89 90 91 92 94 95 96 97 99 100 101 102 104 105 106 107 108 109 110 111 112 115 118 119 121 122 123 125 127 128 129 131 134 135 136 137 139 140 143 144 145 148 149 150 151 152 153 154 155 156 157 160 161 162 164 166 168 171 174 175 177
1 3 9 27 33 39 50 54 56 59 68 79 85 90 92 99 107 110 124 151 169 170 171
1 3 4 6 9 12 27 33 39 44 50 51 54 56 59 68 75 79 82 83 84 85 90 92 93 99 107 108 110 115 120 124 132 135 137 151 153 169 170 171 177
1 2 4 5 6 7 10 12 13 15 16 17 18 19 20 21 23 24 26 27 28 30 32 33 34 35 36 37 39 40 41 42 43 44 46 47 48 50 51 52 53 54 55 56 58 59 60 61 62 63 65 66 67 68 69 70 71 72 73 74 75 76 77 79 80 82 83 84 85 86 87 88 89 90 92 93 96 99 100 101 102 103 105 106 107 108 110 112 113 114 115 116 117 119 120 121 123 126 127 128 129 132 133 134 135 136 137 138 140 141 142 143 144 146 147 149 150 151 153 155 156 157 158 159 160 161 162 163 164 167 169 170 171 174 176
2 4 8 10 12 15 17 24 26 29 30 31 32 33 39 40 42 43 44 46 49 50 51 52 53 55 56 57 58 59 60 62 63 64 65 67 71 72 76 77 79 82 83 84 85 86 87 88 89 91 93 96 97 98 99 100 103 106 108 111 113 114 119 120 121 122 123 126 127 128 133 134 136 137 138 141 142 143 144 146 148 150 151 152 153 157 158 159 160 162 163 164 165 166 167 168 169
2 3 4 8 10 12 15 16 17 22 24 25 26 29 30 31 32 33 35 36 38 39 40 42 43 44 45 46 49 50 51 52 53 55 56 57 58 59 60 61 62 63 64 65 67 69 70 71 72 75 76 77 78 79 81 82 83 84 85 86 87 88 89 91 92 93 94 95 96 97 98 99 100 103 104 106 108 111 113 114 116 119 120 121 122 123 124 126 127 128 130 132 133 134 136 137 138 140 141 142 143 144 145 146 148 150 151 152 153 154 155 156 157 158 159 160 161 162 163 164 165 166 167 168 169 172 173 175 176 177
1 2 4 6 12 40 49 55 60 65 70 80 82 88 91 96 97 99 101 107 108 137 144 151 153 160 162 172
1 2 4 5 6 8 10 11 12 13 14 15 16 17 18 19 20 21 23 26 27 32 33 36 37 39 40 42 43 44 46 47 49 50 51 54 55 56 58 59 60 61 62 64 65 66 67 68 70 71 72 73 74 75 76 77 78 79 80 82 83 84 85 86 87 88 89 90 91 94 96 97 98 99 101 102 103 105 107 108 109 110 111 113 114 115 118 119 120 121 122 124 125 126 127 128 132 133 134 136 137 138 139 140 141 142 143 144 145 146 147 148 149 150 151 152 153 154 157 158 160 162 163 169 170 171 172 177
