1 2 3 4 5 6 7 8 9 10 11 12 13 14 15 16 17 18 19 20 21 25 26 27 28 29 31 32 35 37 39 41 42 48 49 50 51 52 54 55 56 57 59 60 62 65 66 67 68 69 70 71 72 73 74 75 76 77 78 79 80 82 83 85 87 88 89 90 91 92 94 95 96 97 98 99 101 102 103 105 106 107 109 110 112 113 115 116 117 120 122 124 125 126 127 128 129 130 132 133 134 135 136 137 139 141 142 143 145 146 147 148 150 151 153 154 156 158 159 160 164 165 166 168 169 170 171 173 174 176 177
2 3 8 9 15 17 22 25 29 31 35 37 38 45 48 53 58 61 62 64 75 78 81 84 92 94 98 102 104 112 121 124 127 133 134 140 145 149 152 154 155 161 167 172 174 175 177
1 3 4 5 10 11 17 22 27 36 39 49 50 51 60 65 70 72 80 85 87 90 94 96 97 99 101 106 107 109 117 123 128 130 132 133 136 137 144 149 151 153 172 176 177
5 8 13 14 16 22 25 29 31 34 36 38 45 46 58 61 65 69 72 75 85 97 98 100 104 109 116 118 119 121 123 124 127 130 138 145 152 155 158 161 163 166 167 168 172 173 175 177
1 2 3 4 5 6 8 10 13 14 15 17 19 22 23 25 26 27 30 31 33 35 36 38 39 40 42 43 44 45 47 49 50 51 52 53 54 56 57 59 60 61 62 64 65 67 68 71 72 73 75 76 79 81 82 83 84 85 86 87 88 89 91 92 93 94 96 97 98 99 100 102 103 104 106 107 108 110 112 113 114 115 117 120 121 122 123 124 127 128 130 131 132 133 134 136 137 138 140 142 144 145 146 148 149 150 151 152 153 154 155 157 160 161 162 163 164 165 166 167 168 169 170 171 172 173 174 175 176 177
2 8 9 15 19 29 31 34 44 66 78 92 95 98 113 118 120 121 124 125 133 134 147 149 159 162 166 171 174 176
3 7 9 11 13 14 18 19 20 21 22 25 32 41 45 48 58 59 68 70 74 77 78 81 85 90 92 94 95 102 109 112 116 122 124 125 130 134 135 139 154 155 164 170 172 174 176 177
3 5 8 16 22 23 25 26 34 35 36 45 52 57 58 61 65 69 72 75 76 77 81 92 98 100 111 116 127 130 134 142 145 148 156 157 159 161 164 167 168 174 175 176
1 2 4 5 6 8 10 12 13 15 20 21 26 27 32 34 35 36 37 39 40 42 44 49 50 51 54 55 56 59 62 65 66 67 68 71 72 73 75 76 77 79 80 82 83 84 85 86 87 88 89 92 93 95 96 97 98 99 101 103 104 105 107 108 109 110 113 114 115 116 118 119 120 121 123 126 127 128 132 136 137 138 141 142 144 146 148 149 150 151 153 157 158 161 162 163 168 169 170 171 172
3 5 8 22 23 25 31 34 45 46 52 61 69 72 75 76 77 85 100 104 111 116 118 119 124 127 134 138 142 143 145 148 152 155 156 157 158 159 163 167 175
5 8 9 11 13 14 18 19 34 41 52 59 68 69 72 75 90 93 106 116 119 124 129 130 132 134 135 140 143 148 155 156 170 173 175 176 177
8 16 17 23 25 29 31 35 38 44 45 52 60 64 69 75 77 81 92 93 100 116 118 138 140 142 143 145 148 152 154 155 156 157 163 164 166 173 175 176 177
2 5 8 25 118 129 145 149 164 177
16 22 58 72 81 94 104 130 152 167 168 177
7 9 14 18 19 20 25 29 32 33 41 43 45 47 48 61 66 67 68 74 78 80 81 90 92 101 102 103 105 109 122 124 125 126 131 132 133 135 139 141 147 149 152 154 155 160 171
1 6 15 26 29 40 43 44 51 56 63 73 75 82 87 98 121 137 149 158 160 163 165 173
1 2 4 5 6 8 10 11 12 15 16 17 20 22 23 24 25 26 27 29 30 31 32 34 35 36 37 39 40 42 43 44 46 47 48 49 50 51 52 53 54 55 56 57 58 62 63 64 65 67 68 71 72 73 74 76 78 79 80 82 83 84 86 87 88 89 90 92 93 95 96 97 98 99 101 103 106 107 108 109 110 111 112 113 114 116 117 118 120 121 123 126 128 129 130 131 134 135 136 137 138 139 140 141 142 143 144 145 146 147 148 150 151 152 153 155 156 157 158 159 160 161 162 163 164 167 168 169 171 173 175
2 4 6 10 12 14 15 16 17 19 20 26 27 30 31 39 42 46 50 53 54 56 57 58 65 67 70 71 79 82 83 89 91 96 97 98 99 101 102 106 107 108 109 110 113 114 119 123 125 126 128 130 136 144 146 147 150 151 153 155 167 168 169 172
11 12 58 70 83 95 140 143 160 162 174 175
2 5 11 15 20 21 24 30 36 43 48 58 60 61 64 90 91 94 109 112 117 125 130 131 134 152 164 165 167 173 176
7 9 11 12 18 19 22 23 24 27 30 32 33 41 42 48 50 54 58 64 66 68 70 74 78 80 86 89 91 96 102 105 110 112 117 122 126 128 131 132 135 139 143 144 169 171 174
1 4 6 7 10 11 12 13 14 18 20 21 23 24 26 27 28 30 32 33 34 35 37 38 39 41 42 46 49 50 51 52 54 55 56 57 59 64 65 67 68 71 72 77 79 80 82 83 85 86 88 89 91 92 96 97 98 99 100 101 103 106 107 108 109 110 115 116 117 120 122 123 128 131 136 137 138 141 142 143 144 146 147 148 150 151 153 156 160 161 162 163 168 169 170 172 174
9 11 14 18 22 28 29 31 43 44 48 55 58 64 68 73 74 78 80 81 87 90 95 101 105 109 116 124 125 130 132 133 135 139 143 147 154 160 161 164 165 167 171 172 173
5 16 38 52 62 64 81 85 94 104 111 123 133 145 155 156 161 167 172
2 3 5 7 8 9 10 13 14 18 19 21 22 25 29 31 32 35 41 42 48 52 58 59 70 74 75 87 90 94 97 104 105 112 117 122 124 125 140 142 152 154 167 170 174 176 177
1 6 27 39 50 56 59 68 80 82 83 86 93 96 107 108 115 117 135 136 147
7 41 42 43 54 56 69 70 73 74 102 105 117 141 162
1 9 12 21 24 27 28 31 36 40 41 42 54 59 64 68 69 70 73 80 86 88 89 91 92 96 103 112 113 114 117 121 122 125 128 137 147 150 151 155 162 169 174
4 10 14 16 66 98 133 166 168 176
5 16 45 75 81 116 129 140 145 165
1 2 3 5 6 7 10 11 14 16 17 20 22 23 25 28 29 31 34 35 36 37 38 41 42 43 45 46 47 48 49 52 53 55 57 58 60 61 62 63 64 65 67 69 70 72 73 74 75 76 77 78 79 81 82 84 85 87 88 89 90 93 94 95 97 99 100 101 103 104 106 107 108 109 112 113 114 115 116 118 119 120 121 123 124 127 128 129 130 132 133 134 135 136 137 138 140 142 143 145 148 149 150 151 152 153 154 155 156 157 158 159 161 162 163 164 165 166 167 168 171 172 173 174 175 177
7 9 20 22 23 24 27 28 33 37 41 43 52 54 55 56 68 69 70 74 79 81 84 90 101 102 105 109 116 121 126 131 133 135 140 142 148 155 160 162 170 173 174
25 60 69 74 94 111 118 120 129 138 154 158 161 165 167 172
4 6 7 10 13 14 16 33 34 55 56 57 64 68 70 71 79 81 82 90 94 96 99 101 107 109 111 136 137 144 150 151 153 154 156 160 167 170 177
2 3 5 8 9 11 13 14 15 18 19 21 25 28 31 36 41 43 45 48 59 69 72 75 78 90 92 93 94 109 116 124 125 130 132 133 134 139 143 145 148 154 164 165 170 173 176 177
3 5 8 11 13 16 19 21 22 28 31 41 48 69 72 74 78 90 92 116 122 125 155 161
2 5 9 18 22 24 30 33 35 36 38 41 43 45 48 56 57 58 63 64 67 78 80 81 84 86 91 100 102 104 112 125 130 133 134 135 137 138 140 152 165 166 167 168 173 174 175
5 9 14 73 104 109 132 133 135 139 145 147 154 165 177
1 24 26 43 54 86 91 101 110 158 160
3 5 8 9 11 13 14 16 22 23 25 34 41 45 46 57 58 67 69 70 75 77 81 85 94 100 106 118 124 127 130 134 143 145 148 154 155 161 164 165 167 170 173 175 176
1 8 11 13 14 15 16 21 24 26 29 30 37 39 40 42 44 48 49 53 54 57 60 62 65 67 71 75 78 79 81 86 87 88 89 94 95 101 103 104 105 106 112 114 117 121 127 128 130 131 133 134 135 136 139 141 144 146 147 149 150 152 153 157 158 159 160 162 168 173 175
20 23 44 55 56 121 139 146 160 167
1 4 5 6 10 12 22 25 34 38 39 40 45 49 51 56 58 60 69 71 72 77 79 82 83 85 96 99 107 108 136 137 142 144 150 151 152 153 155 164 173
2 5 8 16 17 25 28 34 35 36 38 45 46 49 52 57 58 64 67 69 72 75 81 85 87 93 100 116 118 120 127 129 134 140 143 148 155 156 161 163 164 165 166 172 177
2 16 17 23 24 29 30 31 34 44 46 57 58 63 64 81 95 97 100 111 116 118 119 123 127 129 134 138 140 142 145 148 152 157 159 161 162 163 164 165 166 167 173 175
7 9 10 13 15 21 22 25 27 31 34 35 37 39 44 47 51 53 54 59 65 68 69 71 73 74 78 83 91 105 111 113 114 115 123 126 128 131 135 142 145 153 170 171 172
1 4 6 30 40 51 60 65 71 79 82 90 91 96 99 107 108 110 137 142 144 146 151 153
9 11 14 16 23 24 25 28 29 30 31 34 43 44 45 48 58 63 64 69 74 81 97 109 116 117 118 123 125 127 129 130 133 134 140 142 145 147 148 154 159 161 164 165 166 173 175 177
8 9 17 28 37 38 44 45 47 52 60 63 65 69 70 72 80 81 85 93 97 102 106 111 113 114 123 129 132 138 139 140 145 148 155 156 157 159 161 162 164 166 174 175
7 9 10 11 13 14 18 20 21 26 27 28 32 33 34 37 41 42 43 48 56 59 66 68 74 75 78 88 92 95 102 105 109 110 112 115 117 122 125 126 132 135 139 141 170 171 174
