2345 3883 5244 6939 8781 9132 9312 10891 11122 11609 12779 12882 15026 15897 17325 17604
157 1210 1792 1961 3029 3207 4529 4881 7903 8214 8806 11040 11153 11469 13888 14155 15042 15355 17076 17219 17707
921 2344 2762 3493 3733 6696 6776 7565 8601 8857 9332 9744 9831 11523 12300 13534 13690 14497 15194 17426 17576 17779
541 2284 2836 3097 5439 6552 7834 8255 9348 10529 11050 13593 16193
373 541 2884 3097 5529 6299 6716 7834 8215 8255 8855 8998 10529 13593 13698 13703 14395 15633 16188 16783 17233 17395
394 3763 4763 5091 6134 6380 10369 11297 12655 12918 13019 15273
2446 3846 4448 4741 5115 6661 8288 9595 10272 11086 16224 16434
373 2836 4895 5439 5787 6299 6552 7288 7834 8255 8710 13919 14395 15056 15615 15633 17395
77 1824 2319 2522 5059 6841 7368 11372 14540 15413 16764
302 2952 7523 8708 8989 9499 9995 16037 16400 16640
2573 3457 4666 6124 6269 8321 12262 16142 16153 17021 17650
914 1578 3644 4226 6308 7510 8139 12508 12565 13661 17485
2274 2638 2835 3282 3976 6263 6709 11413 12873 16803 17230
169 1254 3993 5861 6285 8113 9578 10609 10664 11208 11900 14037 15002 15173 15198 15300 15645 15662 15699 16517 17016
1383 1615 3538 4585 5993 6708 6882 8075 9886 12317 13027 13388 14259 14681 15493 15597 15960
277 1956 2744 3074 5366 8131 8235 8733 9098 11128 12393 15071 15828 16966
1915 2206 2274 2638 2835 3282 3976 4698 5287 6263 7517 9776 11413 11819 12162 12873 15348 16489 16803 17230
1493 4584 5875 5951 6711 6798 8428 10433 13008 13466 14280 14936 15836 16382
517 613 743 1106 1201 1263 2138 2596 2721 3012 3737 4022 4044 4660 4717 5109 5713 5959 6235 8491 8925 9905 9943 10154 10318 10890 11009 11519 12413 12951 13151 14180 14977 16171 16367 16553 16835 17129 17285 17607
842 2234 3286 5810 7030 8801 10057 11961 13573 16142 16623 17149 17152
1961 2021 3207 3429 4529 4881 5569 6601 7903 8214 8806 11040 11153 11469 12735 13888 14727 15042 16168 17076 17219
415 3449 3620 5254 6728 8346 10205 11905 13201 13598 15106 16116 16493
2875 3799 4216 5006 6855 11963 12434 12460 12667 14753 16460 16993 17020 17657 17862
93 302 2863 3594 3870 4192 4830 4986 7809 8025 8577 9285 9499 9601 9995 10047 10604 10616 11242 11426 11810 11818 13002 14462 15097 15101 15244 16400 16415 17132 17417 17622
10 574 2063 2227 4194 5054 5755 6700 6715 11857 14123 14393
157 389 832 1210 1792 1961 2021 3029 3207 3429 3462 4529 4881 5569 6601 7903 8214 8290 8652 8806 8965 11040 11153 11469 12735 12927 13888 14155 14727 15042 15355 16168 17076 17219 17707 17956
361 842 1179 1399 2034 2477 2510 3512 4036 4684 4720 4797 5369 5516 5991 6269 6542 7267 8590 8645 9340 10057 10687 11926 12957 13236 13665 13750 13752 14009 14536 14707 16142 16851 17149 17481 17602 17639
117 997 1675 9570 9906 12082 13286 14379 14891 16539
2711 3585 4305 6349 6733 7103 7269 8165 10024 11193 13146 15606 16100
2711 5677 6349 6733 7103 7269 8165 10572 11193 11641 14895 15606
4567 4622 6451 6470 6511 7097 8614 9185 9503 12397 12749 13617 13637 13765 14164 14658 15014 16753 17535
3120 4190 5125 5829 6838 6986 7411 10307 10475 13917 16578
975 1201 4022 5657 7132 9943 10890 12413 12901 12951 16171 17285
4881 5569 6601 8290 8652 8806 8965 11469 12735 15042 16168 17076 17219 17707
711 2762 3493 6696 6776 12184 15194 15616 16715 17779
3204 4334 5983 7981 8920 10220 12088 14667 15571 16932
2344 2762 3493 3733 6696 6776 7565 8857 11523 13690 15194 17779
1462 2960 6349 6733 7269 8165 10572 10939 11193 14895 15606 16210
2378 2448 2711 5454 5677 6733 7269 8903 10024 10572 11193 11641 14895 15606
517 2721 3012 4717 6116 8491 8925 14180 14977 16171
432 606 5475 5579 6592 7143 9035 9552 11221 12595 17038
1353 4200 5537 7272 7336 9116 9499 9995 10616 11155 11818 12969 13002 16400
1088 2967 3327 4281 4707 4708 6449 6706 9631 11429 11539 12380 14698 15054 15866
1359 3907 3924 4040 5564 9495 11060 12224 12878 14474 17568
222 394 2666 3763 4520 4763 5500 10926 12403 12655 13019 15273 17766
114 920 1325 3260 4866 5217 6382 6540 7861 10021 10291 14589 15284
310 2044 2111 2268 3158 3576 9518 10571 12945 14463 16898
856 923 1634 3357 4393 5573 5834 9328 9704 12967 14962
2199 2833 3316 3363 3939 4567 4622 4700 5469 5965 6451 6470 6511 7097 7117 7950 8614 9068 9185 9229 9448 9503 12397 12546 12749 13617 13637 13765 14164 14658 14933 15014 15296 15894 16319 16536 16651 16753 17535
59 66 2195 3306 3938 7833 11084 12708 12825 14466 15526 17764
