1 2 4 6 7 10 12 15 17 20 23 24 26 27 28 29 30 32 33 34 37 38 39 40 41 42 43 44 46 47 48 49 50 51 52 53 54 55 56 57 59 62 63 64 65 66 67 68 70 71 73 74 76 77 79 80 82 83 84 86 87 88 89 91 92 93 95 96 97 98 99 100 101 102 103 106 107 108 109 110 111 112 113 114 115 116 117 120 121 122 123 125 126 128 129 130 131 135 136 137 138 139 140 141 142 143 144 146 147 149 150 151 152 153 156 157 158 159 160 162 163 164 165 168 169 171 172 174 175
1 6 10 12 27 32 59 71 79 80 82 83 91 99 132 135 150 153 171
1 4 6 9 10 12 18 27 32 39 51 59 71 79 80 82 83 91 96 99 107 108 115 125 126 132 135 136 144 145 146 150 151 153 170 171
1 3 4 5 6 7 8 9 10 11 12 13 14 15 16 17 18 19 20 21 22 24 25 26 27 30 32 33 37 39 40 41 42 43 44 46 48 49 50 51 54 55 56 59 60 61 63 65 66 68 70 71 73 74 76 77 78 79 80 82 83 84 85 86 88 89 90 91 92 93 94 95 96 97 98 99 101 102 103 104 105 106 107 108 109 110 111 112 113 114 115 116 117 118 119 121 122 125 126 128 129 130 131 132 133 134 135 136 139 141 143 144 145 146 147 148 149 150 151 152 153 154 156 157 158 160 162 164 168 169 170 171 174 175 176
2 3 7 8 9 15 25 29 35 41 45 47 55 60 62 65 70 75 78 82 84 85 87 92 93 97 107 120 122 127 130 132 134 145 152 154 157 159 161 175 176 177
1 2 3 4 5 6 8 10 12 15 16 17 19 20 22 23 24 25 27 28 29 31 33 35 36 38 39 43 44 45 46 47 48 49 50 51 52 53 57 58 59 60 61 62 63 65 67 70 71 72 73 75 76 77 78 79 80 81 82 83 84 85 86 87 89 90 92 93 94 95 96 97 98 99 100 101 102 103 104 106 107 108 110 112 113 114 116 118 119 120 121 123 124 126 127 128 129 130 133 134 135 136 137 140 142 144 145 146 148 149 150 151 152 153 154 155 156 157 158 159 161 162 164 165 166 167 168 169 172 173 174 175 176 177
3 7 9 10 11 12 13 14 18 19 20 21 28 32 48 59 74 78 80 90 91 92 95 99 102 105 107 109 112 117 122 124 125 135 139 141 143 145 146 147 150 153 154 170 171 176
1 4 6 12 15 27 32 39 49 50 79 81 82 83 99 120 133 151 153
1 2 4 5 6 8 10 12 15 16 17 20 22 23 24 25 27 29 31 32 33 34 35 36 38 39 40 42 44 46 47 49 50 51 52 53 54 55 56 57 58 60 61 62 63 64 65 67 68 70 71 72 73 75 76 77 79 81 82 83 84 86 87 88 89 91 93 96 97 98 99 100 101 102 103 105 106 107 108 111 113 114 116 118 119 120 121 123 127 128 129 131 132 133 134 136 137 138 140 142 144 145 147 148 149 150 151 153 156 157 158 159 160 161 162 163 164 165 167 168 169 171 172 173 175 176
1 2 3 5 7 8 12 14 15 16 17 20 22 23 24 25 27 28 29 31 32 33 34 35 36 38 40 41 43 44 45 46 47 49 51 52 53 55 56 57 58 59 60 61 62 63 64 67 68 69 70 71 72 73 75 76 77 79 80 81 82 84 85 87 88 89 91 93 94 96 97 99 100 101 102 103 105 106 108 111 113 114 116 118 119 120 121 123 124 127 128 129 130 131 132 133 134 136 137 138 140 142 143 144 145 148 149 150 151 152 153 154 155 156 157 158 159 160 161 163 164 165 166 167 168 170 172 173 175 176 177
5 8 38 64 72 75 77 134 148 161 167 176 177
5 8 9 13 14 16 18 21 22 25 29 31 36 38 45 52 58 59 64 69 72 75 77 85 90 94 116 118 124 129 132 134 137 145 148 152 154 158 161 163 164 167 170 172 173 176 177
1 2 3 4 5 6 7 8 9 10 11 13 15 18 19 20 21 25 26 27 28 29 30 31 32 34 35 37 38 39 40 41 42 43 44 45 46 48 50 51 52 53 54 55 57 61 62 63 64 65 66 67 69 70 71 72 73 74 75 78 79 80 82 83 84 86 87 88 89 90 91 92 93 94 95 96 98 99 100 102 104 105 106 107 108 109 110 112 113 114 115 116 117 118 119 120 121 122 123 124 125 126 127 128 129 130 131 132 133 136 138 139 141 142 144 145 146 147 149 150 151 154 155 158 163 166 168 169 170 171 172 174 175 176 177
5 8 9 11 13 14 16 18 19 20 21 22 25 48 75 92 109 124 132 134 139 141 145 147 152 166 168 170 174 176
5 8 9 11 13 14 16 18 19 20 21 22 25 28 29 31 45 48 74 75 81 90 92 94 95 102 109 118 124 130 132 134 139 141 145 147 148 152 154 166 168 170 174 176
1 2 3 4 5 6 8 9 11 12 13 14 15 16 17 18 19 22 23 25 26 27 28 29 30 31 32 35 36 38 39 40 44 45 46 47 49 50 51 52 53 55 56 57 58 59 60 61 62 63 65 66 67 70 71 72 73 75 76 77 79 80 81 82 83 84 85 86 87 89 91 93 94 96 97 98 99 100 104 106 107 108 111 113 114 118 119 120 121 122 123 124 125 126 127 129 130 132 133 134 135 136 137 138 140 142 144 148 149 150 151 152 153 154 155 156 157 158 161 162 163 164 165 166 167 168 170 171 173 175 176 177
1 2 3 7 9 11 14 15 16 17 19 23 29 36 38 41 45 48 53 61 63 67 70 74 81 85 93 94 100 102 103 105 106 112 114 119 120 126 127 128 129 130 132 133 152 155 165 166 172 173
1 2 4 6 7 10 11 12 13 14 15 16 17 18 19 20 24 26 27 28 30 32 33 37 38 39 40 41 42 44 47 49 50 51 53 54 55 56 59 61 65 66 68 70 71 74 76 79 80 82 83 84 86 87 88 89 91 93 96 99 102 103 105 106 107 108 110 111 112 113 114 115 117 121 122 124 125 126 128 129 130 131 133 135 136 137 141 144 146 149 150 151 153 155 156 157 160 164 169 170 171 172 174
1 2 3 4 5 6 7 10 11 12 13 14 15 16 17 18 19 20 22 24 26 27 28 30 32 33 35 36 37 38 39 40 41 42 44 47 49 50 51 52 53 54 55 56 57 58 59 61 62 63 65 66 67 68 70 71 72 74 76 79 80 82 83 84 85 86 87 88 89 91 93 94 96 97 99 100 102 103 104 105 106 107 108 110 111 112 113 114 115 117 118 119 120 121 122 124 125 126 127 128 129 130 131 133 135 136 137 140 141 144 145 146 149 150 151 153 155 156 157 160 161 163 164 168 169 170 171 172 174 175 177
2 8 15 23 24 25 26 31 36 37 40 46 47 54 57 58 63 65 66 67 73 76 88 93 94 97 98 100 104 113 116 118 119 121 127 129 133 138 142 145 148 152 154 155 156 157 159 161 163 165 166 168 172 175
2 6 8 15 16 21 23 24 25 26 31 36 37 39 40 46 47 50 54 55 57 58 60 62 63 65 66 67 71 72 73 74 76 88 93 94 97 98 99 100 104 106 107 113 116 118 119 121 125 127 128 129 130 133 138 142 145 148 152 154 155 156 157 159 161 163 165 166 168 172 175
2 4 5 6 8 9 10 11 13 15 16 17 19 21 22 23 24 25 26 28 29 31 32 34 35 36 37 39 40 41 42 43 44 45 46 47 48 50 52 53 54 55 57 58 60 61 62 63 64 65 66 67 69 71 72 73 74 75 76 77 78 81 82 83 88 89 91 93 94 95 97 98 99 100 102 104 106 107 109 110 112 113 115 116 118 119 120 121 122 123 124 125 127 128 129 130 131 133 136 138 139 140 141 142 143 145 146 147 148 152 154 155 156 157 159 161 162 163 164 165 166 167 168 169 171 172 173 174 175 177
1 4 5 6 7 10 11 12 13 14 15 16 17 18 19 20 21 24 26 27 29 30 32 33 34 37 39 40 41 42 43 46 48 49 50 51 54 56 58 59 60 61 62 63 64 65 66 68 71 72 73 74 75 76 78 79 80 82 83 84 85 86 87 88 89 90 91 92 93 95 96 97 98 99 101 102 103 105 106 107 108 109 110 113 114 115 117 118 119 120 122 125 126 128 131 132 133 135 136 137 138 140 141 142 143 144 146 147 149 150 151 153 156 157 158 159 160 162 163 167 168 169 170 171 172 173 174 176
1 4 5 6 7 8 10 11 13 14 15 17 18 20 21 23 24 25 26 27 28 30 32 35 36 37 38 39 40 42 44 45 46 49 50 51 54 55 56 57 58 59 60 61 62 63 64 65 66 68 69 70 71 72 73 74 76 79 82 83 85 86 87 88 89 91 92 93 94 95 96 97 98 99 101 103 104 105 106 107 108 109 110 111 113 114 115 117 118 120 122 123 124 125 126 127 128 131 136 138 140 141 142 143 144 146 147 148 149 150 151 153 155 156 157 158 160 162 163 164 166 168 169 170 171 172 173 175 177
5 16 22 23 25 28 31 34 36 44 45 46 47 52 53 58 61 63 64 69 81 92 93 100 103 104 111 116 118 121 129 133 138 140 143 145 152 155 158 161 167 172 173 175
1 23 26 27 29 34 45 58 64 66 86 87 90 91 101 115 118 158 166 168
1 3 4 6 10 11 12 16 17 20 22 23 24 25 26 27 29 30 32 33 34 35 36 37 38 39 40 42 43 44 45 46 47 48 51 52 53 54 55 56 57 58 60 61 62 63 64 65 66 68 69 70 71 72 73 74 76 77 79 80 82 83 84 86 87 88 89 90 91 93 94 95 96 97 98 99 100 101 103 106 107 108 109 110 111 113 114 115 117 118 119 121 123 126 128 129 130 131 133 134 135 136 137 138 142 143 144 147 148 150 151 152 153 155 156 157 158 159 160 161 162 163 164 165 166 168 169 172 175 176
6 7 9 10 11 13 18 21 27 32 33 37 39 41 42 43 50 51 54 56 59 68 70 74 78 90 92 95 102 105 108 109 110 122 126 131 137 139 141 151 153 160 169 170 174
2 5 6 7 8 9 10 11 13 15 16 17 19 20 21 22 23 24 25 28 29 30 31 34 35 36 37 39 40 41 42 43 44 45 46 47 48 50 51 52 53 55 57 58 61 62 63 64 65 66 67 69 70 71 73 74 75 76 77 78 82 86 87 89 92 93 95 97 98 99 100 102 103 104 106 107 109 110 111 112 113 114 115 116 117 118 119 120 121 122 123 124 125 126 127 128 129 131 132 133 134 136 138 139 140 141 142 143 145 146 147 148 149 150 152 155 156 157 158 159 160 161 162 163 164 165 166 167 168 171 172 174 175 176 177
7 9 10 11 13 18 19 20 21 27 32 33 34 37 41 42 43 48 50 55 56 59 68 70 74 78 80 88 90 92 101 102 105 109 110 112 115 117 122 125 139 141 146 147 160 169 170 171 174
7 24 30 37 40 41 42 43 52 55 57 65 66 70 86 89 95 98 101 102 112 117 131 139 143 162 172 174
7 24 28 29 30 33 34 37 40 41 42 43 52 55 57 63 65 66 69 70 84 86 89 90 91 95 98 101 102 105 111 112 117 129 130 131 139 143 145 161 162 172 174 177
2 7 8 13 19 21 22 25 28 36 57 69 70 78 81 85 94 125 130 155 161 164 167
2 3 5 7 8 9 13 14 16 19 21 22 23 25 28 36 38 41 45 57 60 61 69 70 72 75 77 78 81 85 94 116 118 122 124 125 129 130 132 145 155 161 164 167 170 172 173 174 175
2 17 22 28 29 31 35 36 44 47 53 57 58 60 62 63 67 72 77 81 94 97 104 106 111 116 121 130 134 138 140 142 143 148 152 154 156 157 159 165 167 172 175
2 17 33 50 53 55 61 63 72 92 93 101 120 129 131
2 3 5 7 8 11 14 16 17 20 22 23 24 25 27 28 29 30 31 33 34 35 36 37 38 39 40 41 42 43 44 45 46 47 49 50 52 53 54 55 56 57 58 60 61 62 63 64 65 67 69 70 71 72 74 75 76 77 79 81 84 85 86 87 89 90 91 92 93 94 95 97 100 101 102 103 104 106 108 109 111 112 113 114 116 117 118 119 120 121 123 127 128 129 131 132 133 134 138 139 140 141 142 143 144 145 148 149 150 152 154 155 156 157 158 159 160 161 162 163 164 165 166 167 168 172 173 174 175 176 177
1 2 4 6 7 10 11 12 13 14 15 16 18 19 20 24 26 27 28 29 30 31 32 33 34 35 37 39 40 42 43 44 46 47 48 49 50 51 53 54 55 58 59 60 61 62 63 64 66 67 68 69 71 72 73 74 75 76 77 79 80 82 83 84 85 86 88 89 90 91 93 95 96 98 99 101 103 104 106 107 108 110 111 113 114 115 116 117 119 120 121 122 123 124 126 128 129 133 134 135 136 137 138 140 141 142 143 144 145 146 148 149 150 151 153 156 157 158 159 160 162 163 166 167 169 170 171 172 173 175
1 2 4 5 6 12 15 16 17 22 23 24 25 26 27 29 30 32 33 34 35 36 37 38 39 40 42 43 44 45 47 49 50 51 52 53 54 55 56 57 58 60 61 62 63 65 66 67 68 69 70 71 72 75 76 77 79 80 81 82 83 84 86 87 88 89 91 93 94 96 97 99 100 101 103 104 106 107 108 110 111 113 114 115 119 120 121 123 124 126 127 128 129 130 131 132 133 134 135 136 137 138 140 142 144 145 148 149 150 151 152 153 155 156 157 158 159 160 161 162 163 164 165 167 168 169 170 172 173 175 176
2 9 19 25 29 36 58 60 62 63 78 93 103 109 118 121 143 147 165 175
2 9 14 16 19 25 29 31 36 45 52 58 60 62 63 69 70 75 78 81 85 87 93 100 103 104 109 118 121 124 129 133 143 145 147 154 155 156 161 165 167 172 173 175
7 9 11 13 14 19 20 21 24 26 28 30 32 37 41 42 43 48 50 54 56 58 65 74 78 89 90 92 95 102 105 109 110 112 117 118 122 125 139 141 142 143 146 147 154 160 162 170 174
8 20 21 37 47 53 62 67 68 70 89 106 119 121 157 168
8 9 11 13 14 19 20 21 22 29 31 36 37 47 48 53 62 67 68 70 74 89 90 92 94 95 104 106 109 112 119 121 124 139 141 149 152 157 165 168 170 172 173 176
7 9 14 18 21 25 29 35 37 40 41 46 48 58 59 65 69 72 73 77 84 85 88 94 98 100 103 104 111 116 118 121 124 125 135 138 139 143 154 159 161 172 173
3 16 17 24 29 33 34 44 45 53 58 61 63 64 65 69 81 94 97 100 102 104 111 112 116 118 119 123 129 140 142 145 148 152 154 155 159 161 162 164 165 166 167 173 175
1 4 7 9 10 11 14 15 18 19 21 26 32 34 39 44 48 51 59 71 74 78 80 82 83 88 90 92 95 98 99 107 112 122 124 125 126 129 132 134 135 137 139 141 147 152 168 171 173
1 2 3 4 5 6 8 12 14 15 16 17 22 23 24 25 27 29 30 31 32 33 34 35 36 38 39 40 44 45 46 47 49 51 52 53 54 55 56 57 58 60 61 62 63 65 67 68 69 71 72 73 75 76 77 79 80 81 82 83 84 85 86 87 88 89 91 93 94 96 97 98 99 100 103 104 106 107 108 111 113 114 116 118 119 120 121 123 124 126 127 128 129 130 131 132 133 134 135 136 137 138 140 142 144 145 148 149 150 151 152 153 154 155 156 157 159 160 161 162 163 164 165 166 167 168 172 173 175 176 177
1 4 5 6 10 12 22 25 34 38 39 40 45 49 51 56 58 60 69 71 72 77 79 82 83 85 96 99 107 108 136 137 142 144 150 151 152 153 155 164 173
1 2 3 4 5 6 8 10 11 13 14 16 17 18 19 20 22 23 25 26 28 30 31 35 36 37 38 39 40 41 42 44 45 46 47 48 49 50 51 52 53 54 55 56 57 58 60 61 62 63 64 66 67 68 69 70 71 72 73 76 77 78 80 81 84 85 87 88 89 90 91 93 94 96 97 98 100 101 104 106 107 111 112 113 114 115 116 117 118 119 120 121 123 126 127 129 130 132 133 134 136 137 138 139 140 141 142 143 145 148 149 150 151 152 154 155 156 157 158 160 161 162 163 164 165 166 167 170 172 173 174 175 176 177
