1 2 4 5 6 7 8 9 10 11 12 13 14 16 17 18 19 20 21 22 23 24 25 26 27 28 29 30 31 32 33 34 35 36 37 38 39 40 41 42 43 44 45 46 47 48 49 50 51 52 53 54 55 56 57 58 59 60 61 62 63 64 65 66 67 68 69 70 72 73 74 75 76 77 78 79 80 81 82 83 84 85 86 87 88 90 91 92 93 94 95 96 97 98 100 101 102 103 104 105 106 107 108 109 110 111 112 113 114 115 116 117 118 119 120 121 122 123 124 125 126 127 128 129 130 131 133 134 135 136 137 138 139 140 141 142 144 145 146 147 148 149 150 151 152 153 155 156 157 158 159 160 161 162 163 164 165 166 167 168 169 170 171 172 173 174 175 176 177
3 7 33 34 41 42 44 45 46 55 56 57 64 66 69 70 73 77 84 85 89 98 103 104 114 117 120 123 125 128 133 139 140 152 156 158 159 161 163 168 172 174
3 5 12 13 22 27 28 33 35 37 41 42 52 56 58 60 62 70 72 75 85 89 91 94 97 102 105 106 112 118 122 123 125 131 132 134 139 154 155 161 167 170 172 173 174 177
2 38 47 75 118 119 127 173 175 177
3 7 10 11 20 32 41 48 74 81 105 109 122 129 143
1 2 3 4 5 8 15 16 17 22 23 24 27 29 31 33 34 35 36 38 39 40 44 45 47 48 49 50 51 52 57 58 60 61 62 63 65 67 71 73 75 76 77 79 80 81 83 84 85 87 88 89 90 93 95 97 98 100 103 104 106 108 113 114 116 119 120 121 123 124 126 127 129 130 133 134 138 140 143 144 145 146 148 149 152 153 155 156 157 159 160 161 162 163 165 166 167 168 172 173 175 176 177
2 3 7 8 9 11 13 14 15 16 17 19 20 21 22 23 24 25 28 29 30 31 33 34 35 36 37 38 41 42 44 45 46 47 48 49 50 52 53 54 57 60 61 62 63 64 65 67 69 70 72 73 74 75 76 77 81 84 85 87 89 90 92 93 94 95 97 98 100 102 103 104 105 106 109 111 112 113 114 116 117 118 119 120 121 122 123 127 129 130 131 133 134 138 139 140 141 142 143 145 147 148 149 152 154 155 156 157 158 159 161 162 163 164 165 166 167 168 172 173 174 175 176 177
1 4 6 7 9 10 12 13 15 17 18 19 20 21 22 24 26 27 30 32 33 37 39 40 41 42 43 46 47 48 49 50 51 52 53 54 55 56 57 58 60 61 62 63 65 66 67 68 70 71 73 74 75 76 78 79 80 81 82 83 84 86 87 88 89 90 91 92 93 95 96 97 98 99 100 101 102 103 105 106 107 108 109 110 111 112 113 114 115 117 119 120 121 122 123 125 126 128 129 130 131 132 133 135 136 137 138 139 140 141 143 144 146 147 149 150 151 152 153 154 155 157 158 160 162 164 167 169 170 171 173 174
1 2 4 10 12 16 17 20 22 23 24 29 30 31 33 34 35 37 39 40 42 43 44 46 47 48 49 50 52 53 54 55 57 58 60 62 63 64 65 66 67 70 71 72 76 77 79 80 81 82 83 85 86 87 88 89 91 96 97 99 100 101 102 103 104 106 107 108 111 112 113 114 116 117 119 121 123 126 127 128 129 130 131 133 134 136 138 140 141 142 144 146 147 149 150 151 155 157 158 159 161 162 163 168 169 172
2 13 36 63 65 70 78 85 117 174
1 3 4 6 7 9 10 11 12 13 14 15 17 18 19 20 21 22 24 26 27 28 30 32 33 34 35 37 39 40 41 42 43 46 48 49 50 51 53 54 55 56 57 59 60 61 62 64 65 68 69 70 71 73 74 76 77 78 79 80 82 83 84 85 86 87 88 89 90 91 92 95 96 98 99 101 102 103 104 105 106 107 108 109 110 111 112 115 116 117 120 121 122 123 124 125 126 128 129 131 132 133 134 135 136 137 138 139 141 142 143 144 146 147 150 151 153 154 155 156 157 158 160 161 162 163 164 169 170 171 172 174 176
5 8 9 14 16 19 20 22 25 29 34 35 36 37 43 45 48 53 60 65 72 74 75 81 87 90 94 95 98 100 104 116 118 121 123 125 129 132 133 149 152 155 159 164 166 167 168
5 7 9 10 11 13 14 18 19 21 22 25 28 31 32 41 48 59 73 74 77 78 81 88 90 95 102 105 109 115 116 117 122 124 125 132 135 137 139 141 143 145 146 147 154 170 171 173 174 176
7 16 22 23 29 31 33 36 41 42 43 52 55 58 64 70 74 78 80 81 90 95 100 101 102 105 112 116 120 138 143 145 154 160 162 163 164 165 166 167 168 175
1 2 4 6 10 12 15 17 20 27 37 39 40 42 43 44 47 49 50 51 55 56 57 59 60 67 70 71 72 73 79 80 82 83 84 86 87 88 89 90 91 93 96 98 99 102 103 106 107 108 110 112 113 114 115 119 120 123 126 128 130 132 134 135 136 137 141 142 144 146 147 150 151 153 160 162 164 165 168 169 171
1 4 6 7 8 12 13 15 16 17 20 23 24 27 28 29 30 31 32 33 34 37 38 39 40 41 42 43 44 46 47 49 50 51 52 53 54 55 56 57 58 59 60 63 64 65 67 68 70 71 73 76 77 78 79 80 81 82 83 84 85 86 87 88 89 90 91 95 96 97 98 99 100 101 102 103 105 106 107 108 109 110 111 113 114 115 116 117 119 120 121 123 126 127 128 131 132 133 135 136 137 138 140 141 142 143 144 146 148 149 150 151 152 153 156 157 158 159 160 161 162 163 164 167 169 170 173 174 175 176
1 4 5 6 7 9 10 11 12 13 14 15 16 17 19 20 21 24 26 29 30 32 33 34 35 37 38 39 40 41 42 43 47 48 49 50 52 53 54 55 56 57 58 59 60 61 62 65 66 67 70 71 72 74 76 78 79 80 81 82 83 85 86 87 88 89 90 91 92 94 95 96 97 98 99 101 102 103 104 105 106 107 108 109 110 111 112 113 114 115 117 119 122 123 125 126 128 129 130 131 133 134 136 139 141 142 143 144 145 146 147 148 150 151 153 154 155 157 158 159 160 162 167 168 169 171 172 174 177
5 8 16 22 23 25 28 29 31 34 35 38 44 45 46 58 64 69 72 76 77 85 97 100 116 118 119 123 138 140 142 143 145 148 156 158 159 161 165 166 173 175
1 2 3 4 5 6 8 10 12 13 14 16 17 20 21 22 23 25 26 27 28 32 33 34 35 37 38 39 40 41 42 46 47 49 50 51 52 53 54 55 56 57 58 59 60 61 62 63 64 65 67 68 69 70 71 75 76 77 79 80 81 82 83 86 87 88 89 91 93 94 96 97 98 99 100 101 103 104 105 106 107 108 111 113 114 115 116 118 119 120 121 122 124 126 128 131 135 136 137 138 139 141 142 143 144 145 146 148 149 150 151 152 153 155 156 157 158 159 160 163 166 167 168 169 170 172 173 174 175 176
5 9 11 14 17 18 20 22 23 24 25 30 32 34 35 36 43 45 55 58 74 77 80 90 101 105 109 117 118 124 125 129 132 135 140 146 148 150 156 160 161 173 175
1 2 3 4 5 6 7 10 11 12 13 14 15 16 17 18 20 21 22 23 25 26 27 28 29 31 32 34 35 36 38 39 44 45 46 47 49 50 51 52 55 57 58 60 61 62 63 64 66 67 68 69 71 72 73 75 76 79 80 82 83 84 85 87 91 93 94 95 96 99 100 101 104 106 107 108 109 110 111 113 115 116 118 119 120 122 123 124 125 127 129 130 134 136 137 138 140 141 142 143 144 145 146 147 148 149 150 151 152 153 155 156 157 158 160 161 163 165 166 167 170 172 173 175 176 177
1 2 3 4 6 10 11 12 15 18 20 23 24 26 27 28 30 32 33 34 35 37 38 39 40 41 42 46 47 48 49 50 51 52 53 54 55 56 57 59 60 61 62 63 64 65 66 67 68 69 70 71 72 73 75 76 77 79 82 83 84 85 86 88 89 91 92 93 95 96 97 98 99 100 101 103 107 108 109 110 111 112 113 114 115 116 117 120 121 122 126 128 129 131 132 136 137 138 139 140 141 142 143 144 146 147 148 149 150 151 153 155 156 157 158 159 160 161 162 163 164 165 166 167 169 170 171 172 173 174 176
1 2 4 6 7 10 12 13 15 17 18 19 21 24 25 26 27 29 30 32 33 36 37 38 39 40 42 43 44 46 47 48 49 50 51 53 54 55 56 57 58 59 60 61 62 63 65 66 67 68 70 71 73 74 75 76 78 79 80 82 83 84 85 86 87 88 89 90 91 92 93 95 96 97 98 99 100 101 102 103 104 105 107 108 110 111 112 113 114 115 117 119 120 121 122 123 125 126 127 128 129 133 134 135 136 137 138 139 140 141 144 146 147 149 150 151 152 153 157 159 160 162 163 165 167 168 169 170 171 172 174 175 176
2 7 8 9 14 17 19 21 22 23 25 36 38 41 45 57 58 60 61 63 69 70 72 74 75 77 89 90 102 111 112 116 118 129 130 154 155 161 164 167 172 173 174 175 177
5 7 9 11 13 14 18 19 20 21 23 24 26 30 34 37 41 42 43 48 56 58 73 74 78 89 90 92 95 101 102 105 109 110 112 117 124 125 131 132 139 141 143 147 162 166 168 174
9 12 17 18 23 24 27 29 31 33 41 43 45 47 54 55 56 60 66 68 73 74 77 78 80 84 86 101 105 111 121 125 129 131 132 134 135 137 152 164 165 166 171 172 175
1 2 4 5 6 7 8 10 12 13 14 15 16 17 18 19 20 21 24 25 26 27 28 30 32 33 34 35 39 40 42 45 46 47 48 49 50 51 52 53 54 56 59 60 63 64 65 66 67 68 69 71 73 74 75 76 77 78 79 80 82 83 84 85 86 88 89 91 92 93 96 97 98 99 100 102 103 105 106 107 108 109 110 111 113 114 115 117 118 119 120 121 122 123 124 125 126 128 129 131 132 133 134 136 138 139 141 142 143 144 146 147 149 150 151 152 153 156 157 158 159 161 162 163 164 168 169 170 171 173 174 176 177
1 2 3 4 5 6 7 8 9 10 11 12 13 14 15 17 18 20 21 24 26 27 28 30 32 33 34 35 37 39 40 41 42 43 46 49 50 51 52 54 55 56 57 59 60 61 62 63 65 67 68 69 71 73 74 75 76 79 80 82 83 84 85 86 87 88 89 91 92 95 96 97 98 99 101 102 103 105 107 108 109 110 111 112 113 114 115 116 117 122 123 124 125 127 128 134 135 136 137 138 139 140 141 142 143 144 146 147 148 149 150 151 153 154 155 157 158 159 160 162 163 166 167 168 169 170 171 172 174 176 177
1 27 37 55 61 62 64 93 110 118 119 128 169
5 29 45 47 66 67 119 139 143 146 157
3 5 8 14 16 22 25 29 35 52 57 58 60 67 72 75 77 81 85 89 90 94 97 104 106 116 118 124 125 130 133 134 139 140 145 154 159 161 164 166 167 172 173 174 175 176
1 2 3 4 6 8 10 12 15 16 17 19 21 24 26 27 30 33 34 35 37 38 39 40 42 43 46 47 49 50 51 52 53 54 56 57 58 59 60 61 62 63 64 65 66 67 68 70 71 72 73 75 76 77 79 80 82 83 84 85 86 87 88 89 90 91 92 93 95 96 97 98 99 100 101 102 103 104 106 107 108 110 111 112 113 114 115 117 118 119 120 121 123 126 127 128 129 131 132 133 136 138 139 140 141 142 144 146 149 150 151 152 153 155 156 157 158 159 161 162 163 165 167 169 170 171 172 173 174 175 176
1 9 12 15 16 18 19 22 27 35 44 45 53 62 66 80 81 84 85 87 88 91 97 104 108 112 117 121 122 124 125 126 133 134 135 137 139 145 146 152 153 155 161 167 169 172
2 3 4 8 9 12 15 17 20 29 31 36 44 47 51 53 63 68 71 75 77 78 79 82 83 84 92 93 98 99 101 115 120 124 129 132 134 135 136 143 146 150 160 175 176 177
1 10 12 17 20 24 27 30 32 33 34 35 37 39 40 42 46 50 52 56 57 60 62 63 64 65 71 79 80 82 86 88 93 96 98 100 101 102 103 108 110 112 114 117 119 120 123 128 131 136 141 143 144 146 147 150 151 153 156 159 168
7 14 18 27 31 32 55 58 63 68 70 78 80 84 101 117 132 134 135 145 154 161 167 172 173 175 176
3 5 16 21 22 25 28 29 35 45 59 72 75 81 92 94 104 127 129 134 145 155 167 170 172 173 177
9 10 11 13 14 18 19 20 21 41 42 48 59 73 74 95 105 109 112 115 122 125 139 141 147 171
2 3 4 6 7 8 10 12 13 14 15 16 17 18 20 23 25 27 29 31 32 33 35 36 37 39 40 42 44 45 46 48 49 51 52 53 55 56 57 58 60 61 62 63 65 66 67 69 70 71 72 73 75 76 78 79 80 81 82 83 84 85 86 87 88 91 93 94 95 96 97 98 99 100 101 102 103 104 107 108 110 111 113 114 116 118 119 120 121 123 124 126 127 128 131 132 133 134 135 136 137 140 141 142 143 144 145 146 147 148 149 150 151 152 153 154 156 157 158 159 161 162 165 166 167 168 169 170 171 172 173 174 175 176 177
5 7 14 18 19 21 45 58 74 124 125 130 133 145 174
2 3 5 14 16 22 25 29 31 36 38 45 47 52 58 61 63 69 70 72 81 85 87 94 100 103 104 111 116 118 121 124 130 133 140 143 145 152 154 155 159 161 165 167 172 173 177
5 16 22 24 28 29 44 82 116 125 130 133 141 146
3 5 7 11 13 14 18 19 21 26 33 37 41 56 59 69 74 75 78 85 92 93 94 95 109 110 112 115 116 119 122 125 126 127 130 139 141 143 154 155 158 161 170 174 176
2 17 23 29 31 34 38 43 53 57 61 64 73 100 111 113 114 116 119 127 129 137 140 142 149 158 159 163 167 175
1 2 3 4 5 8 10 12 15 16 17 19 23 24 25 27 29 30 31 32 33 34 35 36 38 39 44 45 46 47 49 51 52 53 54 55 56 57 60 62 63 64 66 67 69 71 72 73 75 76 77 79 81 82 83 84 85 86 87 88 91 93 94 95 96 97 98 99 100 103 104 106 107 108 110 111 113 114 115 116 117 118 119 120 122 123 124 126 127 129 130 131 132 134 136 137 138 140 142 143 144 145 148 149 150 151 153 155 156 157 158 159 160 161 162 163 164 165 166 167 168 169 171 172 173 175 177
1 4 12 15 27 55 71 73 79 83 88 96 99 113 136 141 146 149 158
2 25 29 30 34 67 111 123 142 156 159 163 168
2 17 23 24 25 31 36 38 45 52 53 57 58 60 61 64 65 67 76 97 100 111 119 123 134 140 142 145 148 155 156 157 158 159 161 162 163 165 166 167 168 173 175
2 9 15 17 18 19 20 32 33 43 48 49 53 55 56 61 65 68 70 73 74 78 80 84 88 90 92 93 98 102 113 114 117 120 128 132 138 146 147 152 159 162 169 171 172 176
1 2 3 4 5 6 7 8 9 10 11 12 13 14 15 16 18 19 20 21 26 27 28 29 30 32 33 34 36 37 39 41 42 43 46 48 49 50 51 54 55 56 57 59 62 63 65 66 68 69 70 71 72 73 74 75 76 77 78 79 80 82 83 84 85 87 88 89 90 91 92 93 95 96 98 99 101 102 103 105 107 108 109 110 112 113 114 115 116 117 118 120 122 123 124 125 126 127 132 133 134 135 136 137 138 139 141 142 143 146 147 149 150 151 152 153 154 156 157 158 160 163 164 166 169 170 171 172 174 175 176 177
