Description	Target	Measure	E11	E10	E01
["""ENSG00000204869""" = 1.0]	[Target]	0.0	0.0	45.0	0.0
["""ENSG00000109991""" = 0.0], ["""ENSG00000124920""" = 0.0], ["""ENSG00000139505""" = 0.0], ["""ENSG00000184857""" = 0.0], ["""ENSG00000122121""" = 1.0]	[Target]	0.0	0.0	28.0	0.0
["""ENSG00000274226""" = 1.0]	[Target]	0.0	0.0	47.0	0.0
["""ENSG00000198276""" = 0.0]	[Target]	0.0	0.0	131.0	0.0
["""ENSG00000175198""" = 0.0]	[Target]	0.0	0.0	137.0	0.0
["""ENSG00000137265""" = 1.0]	[Target]	0.0	0.0	48.0	0.0
["""ENSG00000161179""" = 1.0]	[Target]	0.0	0.0	46.0	0.0
["""ENSG00000006638""" = 1.0]	[Target]	0.0	0.0	48.0	0.0
["""ENSG00000162526""" = 0.0], ["""ENSG00000169783""" = 0.0], ["""ENSG00000214967""" = 0.0], ["""ENSG00000141424""" = 0.0], ["""ENSG00000125388""" = 0.0]	[Target]	0.0	0.0	57.0	0.0
["""ENSG00000000457""" = 1.0], ["""ENSG00000166262""" = 1.0], ["""ENSG00000138587""" = 1.0]	[Target]	0.0	0.0	15.0	0.0
["""ENSG00000174804""" = 1.0], ["""ENSG00000137338""" = 0.0], ["""ENSG00000137392""" = 0.0], ["""ENSG00000005108""" = 1.0]	[Target]	0.0	0.0	20.0	0.0
["""ENSG00000023041""" = 0.0], ["""ENSG00000110958""" = 0.0], ["""ENSG00000161860""" = 0.0], ["""ENSG00000175305""" = 0.0]	[Target]	0.0	0.0	89.0	0.0
["""ENSG00000189051""" = 0.0], ["""ENSG00000102387""" = 0.0]	[Target]	0.0	0.0	102.0	0.0
["""ENSG00000116604""" = 1.0]	[Target]	0.0	0.0	50.0	0.0
["""ENSG00000140795""" = 1.0]	[Target]	0.0	0.0	42.0	0.0
["""ENSG00000215788""" = 0.0], ["""ENSG00000140511""" = 0.0]	[Target]	0.0	0.0	110.0	0.0
["""ENSG00000143612""" = 1.0], ["""ENSG00000129355""" = 1.0]	[Target]	0.0	0.0	27.0	0.0
["""ENSG00000173715""" = 1.0]	[Target]	0.0	0.0	44.0	0.0
["""ENSG00000078618""" = 0.0], ["""ENSG00000119638""" = 0.0], ["""ENSG00000204659""" = 1.0]	[Target]	0.0	0.0	23.0	0.0
["""ENSG00000006071""" = 0.0], ["""ENSG00000178394""" = 0.0], ["""ENSG00000145826""" = 0.0], ["""ENSG00000171217""" = 1.0], ["""ENSG00000147872""" = 0.0]	[Target]	0.0	0.0	22.0	0.0
["""ENSG00000155465""" = 0.0], ["""ENSG00000105141""" = 0.0], ["""ENSG00000176909""" = 0.0], ["""ENSG00000145192""" = 0.0]	[Target]	0.0	0.0	76.0	0.0
["""ENSG00000250423""" = 1.0]	[Target]	0.0	0.0	47.0	0.0
["""ENSG00000162415""" = 0.0]	[Target]	0.0	0.0	131.0	0.0
["""ENSG00000172602""" = 0.0], ["""ENSG00000123607""" = 0.0], ["""ENSG00000100311""" = 1.0]	[Target]	0.0	0.0	24.0	0.0
["""ENSG00000187838""" = 1.0], ["""ENSG00000232112""" = 1.0]	[Target]	0.0	0.0	10.0	0.0
["""ENSG00000179002""" = 0.0], ["""ENSG00000177556""" = 0.0], ["""ENSG00000241476""" = 0.0]	[Target]	0.0	0.0	114.0	0.0
["""ENSG00000115762""" = 1.0]	[Target]	0.0	0.0	49.0	0.0
["""ENSG00000215187""" = 1.0]	[Target]	0.0	0.0	45.0	0.0
["""ENSG00000264545""" = 0.0]	[Target]	0.0	0.0	128.0	0.0
["""ENSG00000046889""" = 0.0]	[Target]	0.0	0.0	135.0	0.0
["""ENSG00000127527""" = 0.0]	[Target]	0.0	0.0	130.0	0.0
["""ENSG00000122861""" = 0.0], ["""ENSG00000144278""" = 0.0], ["""ENSG00000055208""" = 0.0]	[Target]	0.0	0.0	70.0	0.0
["""ENSG00000186187""" = 1.0]	[Target]	0.0	0.0	45.0	0.0
["""ENSG00000205208""" = 1.0]	[Target]	0.0	0.0	46.0	0.0
["""ENSG00000164031""" = 0.0]	[Target]	0.0	0.0	133.0	0.0
["""ENSG00000166734""" = 1.0]	[Target]	0.0	0.0	48.0	0.0
["""ENSG00000231389""" = 0.0]	[Target]	0.0	0.0	127.0	0.0
["""ENSG00000117676""" = 0.0]	[Target]	0.0	0.0	131.0	0.0
["""ENSG00000237440""" = 1.0]	[Target]	0.0	0.0	48.0	0.0
["""ENSG00000117481""" = 0.0], ["""ENSG00000274808""" = 0.0], ["""ENSG00000161405""" = 0.0], ["""ENSG00000151694""" = 0.0], ["""ENSG00000185028""" = 1.0]	[Target]	0.0	0.0	18.0	0.0
["""ENSG00000186001""" = 0.0]	[Target]	0.0	0.0	128.0	0.0
["""ENSG00000011007""" = 0.0], ["""ENSG00000203857""" = 0.0], ["""ENSG00000141434""" = 0.0], ["""ENSG00000137628""" = 0.0], ["""ENSG00000137288""" = 0.0]	[Target]	0.0	0.0	45.0	0.0
["""ENSG00000110713""" = 0.0], ["""ENSG00000185246""" = 0.0], ["""ENSG00000006432""" = 0.0]	[Target]	0.0	0.0	96.0	0.0
["""ENSG00000135919""" = 0.0]	[Target]	0.0	0.0	130.0	0.0
["""ENSG00000187634""" = 0.0]	[Target]	0.0	0.0	134.0	0.0
["""ENSG00000255104""" = 0.0], ["""ENSG00000101435""" = 1.0], ["""ENSG00000185838""" = 0.0]	[Target]	0.0	0.0	26.0	0.0
["""ENSG00000206026""" = 0.0], ["""ENSG00000135637""" = 0.0], ["""ENSG00000125975""" = 0.0]	[Target]	0.0	0.0	87.0	0.0
["""ENSG00000052126""" = 1.0], ["""ENSG00000151572""" = 1.0]	[Target]	0.0	0.0	15.0	0.0
["""ENSG00000153029""" = 0.0], ["""ENSG00000270099""" = 0.0], ["""ENSG00000162267""" = 0.0], ["""ENSG00000070190""" = 0.0]	[Target]	0.0	0.0	67.0	0.0
["""ENSG00000143457""" = 1.0]	[Target]	0.0	0.0	44.0	0.0
