=== Parameters ===
QualitiesFiles : datasets/synthetic/qualities_train.csv
PropertiesFiles : datasets/synthetic/properties_train.csv
attrType : NOMINAL
resFolder : synthetic_jaccardSupportDescriptionTarget_0.6_10000_Acc
minSupp : 10
nbLoops : 10000
maxOutput : 50
maxRedundancy : 0.6
maxLength : 5
measure : Acc
UCB : UCBSP
refineExpand : TunedGenerator
duplicatesExpand : AMAF
pathLength : -1
refineRollOut : Large
jumpingLarge : 10
rewardPolicy : MaxPath
memoryPolicy : TopK
topKMemory : 1
updatePolicy : Max

=== Result Information ===
date : 20/10/2025 13:19
runtime(ms) : 3862
nbPatterns : 50
measures : 0.00 0.00 0.00 0.00 0.00 0.00 0.00 0.00 0.00 0.00 0.00 0.00 0.00 0.00 0.00 0.00 0.00 0.00 0.00 0.00 0.00 0.00 0.00 0.00 0.00 0.00 0.00 0.00 0.00 0.00 0.00 0.00 0.00 0.00 0.00 0.00 0.00 0.00 0.00 0.00 0.00 0.00 0.00 0.00 0.00 0.00 0.00 0.00 0.00 0.00
descriptionLength : 1 1 1 1 3 1 1 1 1 4 3 1 1 1 1 1 1 1 2 1 2 1 1 3 2 1 3 1 1 1 1 1 1 3 1 1 2 1 1 1 3 1 1 4 1 1 4 1 1 1