Description	Target	Measure	E11	E10	E01
["""ENSG00000115947""" = 0.0]	[Target]	0.0	0.0	166.0	0.0
["""ENSG00000187553""" = 1.0]	[Target]	0.0	0.0	56.0	0.0
["""ENSG00000198807""" = 0.0], ["""ENSG00000118231""" = 0.0], ["""ENSG00000179152""" = 1.0], ["""ENSG00000234828""" = 0.0], ["""ENSG00000187754""" = 0.0]	[Target]	0.0	0.0	25.0	0.0
["""ENSG00000203740""" = 1.0]	[Target]	0.0	0.0	56.0	0.0
["""ENSG00000167766""" = 1.0], ["""ENSG00000075651""" = 0.0], ["""ENSG00000093144""" = 0.0]	[Target]	0.0	0.0	27.0	0.0
["""ENSG00000123815""" = 1.0]	[Target]	0.0	0.0	56.0	0.0
["""ENSG00000083635""" = 1.0]	[Target]	0.0	0.0	56.0	0.0
["""ENSG00000174607""" = 1.0]	[Target]	0.0	0.0	56.0	0.0
["""ENSG00000175348""" = 1.0]	[Target]	0.0	0.0	56.0	0.0
["""ENSG00000185933""" = 1.0]	[Target]	0.0	0.0	56.0	0.0
["""ENSG00000232070""" = 1.0]	[Target]	0.0	0.0	56.0	0.0
["""ENSG00000125409""" = 1.0]	[Target]	0.0	0.0	56.0	0.0
["""ENSG00000204590""" = 1.0]	[Target]	0.0	0.0	56.0	0.0
["""ENSG00000186684""" = 1.0]	[Target]	0.0	0.0	56.0	0.0
["""ENSG00000183780""" = 0.0], ["""ENSG00000016391""" = 1.0], ["""ENSG00000134352""" = 1.0], ["""ENSG00000203760""" = 0.0]	[Target]	0.0	0.0	14.0	0.0
["""ENSG00000167523""" = 1.0]	[Target]	0.0	0.0	56.0	0.0
["""ENSG00000153485""" = 1.0]	[Target]	0.0	0.0	56.0	0.0
["""ENSG00000130948""" = 1.0]	[Target]	0.0	0.0	56.0	0.0
["""ENSG00000060762""" = 1.0]	[Target]	0.0	0.0	56.0	0.0
["""ENSG00000087903""" = 1.0]	[Target]	0.0	0.0	56.0	0.0
["""ENSG00000158669""" = 1.0]	[Target]	0.0	0.0	56.0	0.0
["""ENSG00000226784""" = 1.0]	[Target]	0.0	0.0	56.0	0.0
["""ENSG00000184544""" = 1.0]	[Target]	0.0	0.0	56.0	0.0
["""ENSG00000159374""" = 1.0]	[Target]	0.0	0.0	56.0	0.0
["""ENSG00000103460""" = 0.0], ["""ENSG00000087095""" = 1.0], ["""ENSG00000080511""" = 0.0], ["""ENSG00000156463""" = 0.0]	[Target]	0.0	0.0	20.0	0.0
["""ENSG00000169908""" = 1.0]	[Target]	0.0	0.0	56.0	0.0
["""ENSG00000132704""" = 1.0]	[Target]	0.0	0.0	56.0	0.0
["""ENSG00000172456""" = 0.0], ["""ENSG00000152778""" = 0.0], ["""ENSG00000161904""" = 1.0]	[Target]	0.0	0.0	26.0	0.0
["""ENSG00000052749""" = 1.0], ["""ENSG00000066455""" = 1.0], ["""ENSG00000223443""" = 0.0]	[Target]	0.0	0.0	18.0	0.0
["""ENSG00000256053""" = 0.0], ["""ENSG00000144455""" = 1.0], ["""ENSG00000154710""" = 0.0]	[Target]	0.0	0.0	30.0	0.0
["""ENSG00000163349""" = 1.0]	[Target]	0.0	0.0	56.0	0.0
["""ENSG00000057149""" = 0.0], ["""ENSG00000172006""" = 0.0], ["""ENSG00000134070""" = 0.0], ["""ENSG00000162267""" = 1.0]	[Target]	0.0	0.0	14.0	0.0
["""ENSG00000162267""" = 1.0]	[Target]	0.0	0.0	56.0	0.0
["""ENSG00000127318""" = 0.0], ["""ENSG00000127249""" = 0.0], ["""ENSG00000203909""" = 0.0], ["""ENSG00000123124""" = 1.0], ["""ENSG00000197172""" = 0.0]	[Target]	0.0	0.0	28.0	0.0
["""ENSG00000011083""" = 1.0]	[Target]	0.0	0.0	56.0	0.0
["""ENSG00000185104""" = 0.0], ["""ENSG00000143390""" = 0.0], ["""ENSG00000274211""" = 0.0], ["""ENSG00000275793""" = 1.0], ["""ENSG00000164112""" = 0.0]	[Target]	0.0	0.0	14.0	0.0
["""ENSG00000272899""" = 1.0]	[Target]	0.0	0.0	56.0	0.0
["""ENSG00000143768""" = 0.0], ["""ENSG00000083812""" = 1.0]	[Target]	0.0	0.0	45.0	0.0
["""ENSG00000108523""" = 1.0]	[Target]	0.0	0.0	56.0	0.0
["""ENSG00000181074""" = 1.0]	[Target]	0.0	0.0	56.0	0.0
["""ENSG00000124198""" = 1.0]	[Target]	0.0	0.0	56.0	0.0
["""ENSG00000165259""" = 1.0], ["""ENSG00000185010""" = 1.0]	[Target]	0.0	0.0	13.0	0.0
["""ENSG00000185010""" = 1.0]	[Target]	0.0	0.0	56.0	0.0
["""ENSG00000149927""" = 0.0], ["""ENSG00000185838""" = 0.0], ["""ENSG00000109586""" = 1.0], ["""ENSG00000153162""" = 0.0]	[Target]	0.0	0.0	32.0	0.0
["""ENSG00000177868""" = 1.0], ["""ENSG00000165457""" = 0.0], ["""ENSG00000100604""" = 0.0], ["""ENSG00000173065""" = 0.0]	[Target]	0.0	0.0	11.0	0.0
["""ENSG00000228594""" = 1.0], ["""ENSG00000162390""" = 0.0], ["""ENSG00000137648""" = 0.0], ["""ENSG00000169758""" = 0.0], ["""ENSG00000119446""" = 0.0]	[Target]	0.0	0.0	12.0	0.0
["""ENSG00000162706""" = 0.0], ["""ENSG00000139637""" = 0.0], ["""ENSG00000105254""" = 0.0]	[Target]	0.0	0.0	93.0	0.0
["""ENSG00000132485""" = 1.0]	[Target]	0.0	0.0	56.0	0.0
["""ENSG00000171987""" = 0.0], ["""ENSG00000134308""" = 0.0], ["""ENSG00000016864""" = 1.0], ["""ENSG00000163884""" = 0.0], ["""ENSG00000169436""" = 1.0]	[Target]	0.0	0.0	17.0	0.0
["""ENSG00000255151""" = 1.0]	[Target]	0.0	0.0	56.0	0.0
