2 3 4 6 7 8 9 10 11 12 13 14 15 16 17 18 20 23 24 25 28 29 30 31 32 34 35 37 38 39 41 42 44 45 46 47 49 50 51 52 53 55 56 57 58 59 60 61 62 63 64 65 68 70 71 72 75 76 77 78 82 83 85 86 87 88 90 91 92 93 94 95 96 97 98 99 100 102 103 106 109 111 112 113 114 116 119 120 121 122 123 124 125 126 127 129 130 131 132 134 135 136 138 139 140 141 142 143 145 146 148 149 152 154 155 156 157 158 159 160 163 164 165 166 170 171 172 173 174 175 176 179 181 182 184 185 186 187 188 189 191 192 194 195 197 198 199 200 201 202 203 204 205 207 208 209 210 211 212 213 216 217 218 219 220 222
1 3 6 7 9 12 14 15 25 27 28 30 36 42 47 50 51 62 66 69 70 87 88 93 97 98 99 103 104 108 118 122 123 131 140 144 145 149 153 156 159 161 162 172 177 180 183 189 190 194 206 207 208 209 215 222
1 2 5 11 12 35 40 47 48 81 89 99 104 110 111 121 144 160 165 170 183 188 194 196 219
1 2 3 5 7 8 9 10 12 14 15 19 20 21 23 25 26 27 28 33 38 39 44 47 50 51 52 57 60 62 63 65 66 69 70 72 77 78 79 80 83 84 85 86 88 89 90 93 94 95 97 103 104 106 108 110
5 7 14 19 26 27 28 35 36 39 40 44 46 54 57 58 63 66 67 69 88 108 118 148 171 202 217
1 3 5 7 9 10 12 13 14 17 24 34 39 43 44 47 48 54 57 61 62 63 66 68 69 73 74 77 78 83 84 86 93 94 98 100 101 102 104 107 108 109 110 117 120 144 147 152 156 163 183 190 194 201 208 215
4 12 14 19 23 25 29 33 34 40 44 55 61 74 79 81 82 95 98 104 105 108 115 116 117 118 120 123 130 137 139 144 145 147 149 150 153 161 162 164 165 167 168 169 178 180 183 188 190 194 196 201 206 214 215 221
6 13 32 34 36 54 63 76 82 95 96 98 101 102 111 116 118 120 121 123 137 139 142 144 145 146 147 148 150 153 157 159 161 163 164 165 167 169 177 178 180 182 183 185 187 188 189 190 192 194 196 202 206 215 218 221
1 3 4 5 11 12 19 21 22 24 25 26 27 31 33 34 35 38 39 40 42 43 44 47 48 54 55 56 62 68 69 71 73 74 75 77 80 81 84 86 88 89 91 92 94 100 104 105 106 117 118 133 139 174 178 195
2 3 7 8 9 10 12 14 17 19 21 22 23 24 26 27 30 33 34 35 36 46 47 50 51 52 54 60 61 62 63 64 66 67 68 69 70 71 73 76 81 86 87 92 93 97 103 104 107 132 136 148 168 188 195 204
4 5 7 8 38 44 53 61 69 79 83 84 89 93 94 97 103 108 110 111 113 115 118 119 122 123 124 126 128 144 146 149 150 152 153 156 164 165 167 170 172 175 177 183 189 190 194 204 205 206 207 208 209 214 215 221
1 3 5 8 10 12 24 27 39 40 41 42 43 44 46 47 48 50 58 71 73 74 80 83 84 86 88 89 93 94 100 108 110 118 131 139 149 151 152 166 167 168 172 173 178 179 188 190 193 195 204 207 212 214 215 221
2 13 15 24 28 34 44 46 61 70 73 82 87 93 95 111 115 116 117 120 122 128 131 137 138 144 146 147 148 150 152 153 156 157 162 165 168 172 174 177 179 180 188 190 194 200 201 204 205 206 208 209 212 214 215 222
12 13 20 21 32 36 41 50 51 65 72 78 79 82 87 95 97 98 101 105 107 111 121 122 123 125 126 128 134 139 140 141 144 159 160 162 163 166 170 172 174 176 186 187 188 190 191 192 193 194 195 203 207 210 221 222
1 8 27 39 54 69 77 84 89 93 128 162 168 171
2 4 7 9 13 15 16 19 21 24 28 34 36 38 43 46 48 52 53 54 61 62 63 65 66 67 70 73 77 78 81 83 84 87 92 93 94 95 97 98 100 101 102 104 106 107 108 110 111 117 118 131 150 156 157 190
1 4 5 7 11 14 15 17 21 23 25 28 29 30 31 40 43 44 48 49 51 53 54 55 57 58 60 61 63 65 68 69 71 74 77 79 80 84 85 88 89 94 97 105 109 117 118 128 133 150 151 168 178 190 217 221
4 5 13 14 26 27 38 50 52 61 69 84 95 101 103 115 117 118 120 122 127 131 137 140 145 148 150 151 152 156 157 161 162 167 168 169 171 173 174 177 180 181 183 185 190 195 196 200 201 204 206 214 215 217 218 221
6 11 13 26 31 35 41 54 58 61 67 82 84 88 89 95 102 103 107 109 112 114 119 121 125 129 133 134 135 136 138 139 141 143 151 160 168 170 173 176 178 186 187 193 195 198 199 203 205 210 212 213 218 219 220 222
4 12 24 36 40 46 53 108 115 116 117 118 119 120 125 127 131 132 139 142 144 146 147 148 149 152 157 158 162 163 164 166 169 173 174 175 178 183 189 190 195 197 200 201 204 205 206 209 210 212 214 215 216 218 221 222
4 5 7 8 9 11 15 16 17 19 24 25 27 31 35 43 48 55 57 63 66 67 68 71 75 77 78 80 81 82 83 84 89 92 93 97 104 106 110 111 115 119 128 144 148 153 157 164 183 188 190 194 201 206 208 215
3 4 7 9 11 12 15 16 21 23 24 29 32 34 42 46 47 48 49 51 53 54 55 65 66 67 69 70 72 73 75 78 79 80 81 82 84 86 89 90 92 93 94 97 98 99 103 104 106 107 108 109 110 111 119 123
4 7 24 34 42 47 52 56 88 94 100 107 114 116 117 120 125 126 129 130 132 134 135 136 139 142 143 144 147 154 155 156 161 162 166 167 168 169 171 172 179 181 187 188 192 199 203 204 205 207 208 211 213 215 216 222
2 3 4 10 14 15 18 19 26 28 30 42 47 48 50 53 54 56 63 69 71 73 76 78 85 88 92 96 97 100 102 104 112 114 122 126 128 129 131 138 150 168 171 176 192 198 200 203 204 207 210 211 212 214 219 222
1 14 15 21 22 26 28 31 33 34 46 48 53 57 69 75 80 105 137 151
1 6 13 24 26 31 41 43 46 52 54 72 73 91 95 96 98 102 111 116 117 118 120 133 137 139 144 145 147 149 150 153 156 157 162 167 168 172 173 174 178 180 183 193 195 196 200 201 202 209 212 214 215 216 218 221
6 11 14 22 27 29 30 32 35 39 40 41 45 53 58 59 61 64 65 72 75 76 80 94 96 101 102 107 116 120 122 123 128 130 132 136 140 149 150 151 155 159 167 168 169 173 177 178 186 190 192 194 195 201 214 215
2 4 7 12 15 19 28 32 37 55 58 62 65 69 71 82 88 90 94 102 110 115 122 156 163 206
1 7 8 11 15 24 28 34 43 44 54 65 77 82 88 94 104 109
1 5 7 9 10 21 31 34 42 49 56 62 69 70 71 73 79 80 85 86 89 91 92 93 106 118 119 150 154 195
11 14 17 19 21 22 24 25 27 40 48 63 66 67 79 80 81 87 89 90 93 101 108 113 115 117 119 121 122 127 128 137 144 147 149 151 157 162 167 169 171 173 175 177 178 183 190 193 196 205 210 214 218 219 221 222
2 35 42 59 60 73 75 149 180 184 186 204 207 216
2 17 20 24 25 27 35 42 59 60 73 75 90 112 113 117 122 123 131 134 138 140 144 149 153 157 159 160 162 163 165 166 168 171 172 175 180 181 182 183 184 186 187 190 192 194 195 204 205 206 207 214 215 216 218 222
1 2 4 9 14 15 22 24 25 26 28 31 39 52 54 55 56 68 69 77 80 83 89 108 110 143 151 178
1 2 6 7 9 11 16 23 25 27 29 37 41 49 53 56 59 72 78 82 95 97 98 102 103 107 108 109 110 116 118 123 131 136 139 143 144 147 149 150 152 156 159 163 172 189 190 194 203 204 206 208 209 212 215 222
2 11 21 38 42 49 60 62 71 79 92 120 124 222
4 17 19 27 36 40 52 62 63 66 69 72 73 76 81 86 93 97 100 106 109 111 115 118 119 122 123 128 130 137 139 140 143 144 147 148 149 151 159 162 163 165 167 174 177 183 188 189 190 192 195 204 212 217 221 222
4 19 23 24 27 34 36 40 44 53 55 61 63 67 73 86 93 97 102 115 117 128 131 137 144 149 150 151 153 161 162 163 165 168 177 183 185 188 190 196 202 206 209 215 221
1 2 4 5 8 12 13 17 24 26 30 34 39 42 44 47 48 54 61 65 66 68 69 70 71 73 77 80 81 82 84 85 86 88 89 92 94 100 104 106 107 109 110 111 118 119 120 131 150 152 156 181 190 201 206 209
6 8 13 27 44 45 47 75 101 118 122 126 128 129 130 132 135 136 137 140 142 149 151 153 159 161 162 166 167 168 169 171 172 173 174 176 177 178 182 185 186 188 193 195 196 201 206 209 212 213 214 215 216 218 221 222
1 11 13 19 21 22 23 24 25 26 27 28 33 34 35 40 48 52 55 56 58 63 69 73 74 80 81 84 86 87 89 93 98 101 104 105 110 111 117 119 127 128 137 151 162 163 167 168 169 190 194 196 205 214 215 221
26 27 87 117 145 151 162 168 169 178 192 193 214
26 27 87 112 113 115 117 121 122 125 126 129 132 134 135 140 142 145 147 151 154 155 157 160 162 166 168 169 170 171 172 175 176 178 184 186 189 191 192 193 195 197 198 199 203 207 210 211 212 213 214 216 218 219 220 222
1 11 12 18 22 26 29 30 33 42 48 49 50 55 62 65 68 74 75 77 81 85 87 91 92 101 105 117 119 128 177 196
2 21 25 32 60 69 71 99 106 118 168
1 2 10 16 41 42 47 50 57 68 88 110
1 5 6 7 11 16 18 20 22 24 25 26 29 31 33 35 36 39 40 45 49 52 53 56 58 59 72 74 75 76 78 80 81 89 90 91 98 99 105 106 107 109 110 112 114 117 119 121 127 128 133 134 137 143 144 148 151 153 154 157 158 159 160 161 167 168 169 171 175 176 177 178 180 182 183 185 186 189 190 192 193 194 195 196 198 202 203 212 214 217 218 219 220
13 14 25 27 36 40 54 61 66 67 69 73 74 80 101 105 115 117 118 121 122 128 133 137 140 147 151 153 157 159 161 162 167 168 169 173 177 178 180 182 183 185 190 192 193 194 196 202 205 206 212 214 215 217 218 221
1 3 8 10 15 20 35 42 44 50 77 84 88 93 94 98 103
5 13 16 17 21 22 26 27 29 35 46 49 54 55 58 65 67 89 107 110 117 119 121 123 127 136 142 144 148 150 152 157 159 161 163 165 167 169 173 175 177 180 185 190 194 195 196 202 205 206 208 212 214 215 217 221
