1 2 3 4 5 6 8 10 12 15 17 22 23 24 25 26 27 29 30 33 35 36 37 38 39 40 44 46 47 50 51 52 53 56 57 58 60 61 62 63 64 65 66 67 68 69 70 71 72 76 77 79 80 82 83 84 85 86 87 88 89 91 93 94 96 97 98 99 100 101 103 104 106 107 108 110 111 113 114 115 116 119 120 124 126 127 128 129 130 131 132 134 136 137 138 140 142 143 144 145 146 148 149 150 151 152 153 154 155 156 157 158 159 160 161 162 163 164 165 166 167 168 169 170 171 172 173 175 176 177
1 3 6 8 15 21 37 40 44 45 46 50 51 59 62 64 65 66 67 71 73 75 76 77 79 82 83 85 88 89 92 94 96 97 99 100 102 103 104 107 108 113 114 115 118 120 122 124 126 127 128 133 136 141 144 146 148 149 150 151 152 155 158 159 165 166 168 169 170 177
7 9 10 11 13 14 18 19 21 25 28 30 31 32 41 43 48 54 55 59 66 68 73 74 78 80 90 92 95 101 102 105 109 112 117 122 124 125 133 135 139 141 146 147 170 171 174
3 5 8 15 16 22 23 28 29 31 34 35 38 45 52 58 60 64 67 75 77 81 85 94 104 111 116 118 119 127 134 143 145 148 152 154 155 159 164 165 167 168 175 176 177
1 2 4 6 7 8 9 10 11 12 13 15 19 20 21 24 26 27 28 29 30 32 33 34 37 39 40 41 42 43 46 48 49 50 51 54 55 56 57 60 65 66 68 70 71 73 74 76 77 78 79 80 82 83 86 88 89 90 91 92 95 96 98 99 101 102 103 105 106 107 108 109 110 113 114 115 117 120 122 123 125 126 128 130 131 134 135 136 137 138 139 140 141 142 143 144 146 147 150 151 153 158 160 162 163 166 169 171 175 176
3 7 9 11 13 14 16 19 20 21 26 28 30 37 41 43 49 50 54 55 68 70 74 75 78 80 81 86 88 90 92 95 105 116 122 124 125 126 132 133 137 139 141 150 162 171 174
1 2 3 4 5 6 7 8 10 11 13 14 16 17 18 20 21 22 25 26 27 29 30 32 34 35 36 37 38 39 41 42 44 45 46 47 49 50 51 52 54 55 56 57 58 59 60 62 63 64 65 66 67 69 70 71 72 73 75 76 77 79 82 83 85 87 89 91 92 94 96 97 98 99 101 103 104 105 106 107 108 109 110 111 113 114 115 116 117 118 120 122 123 124 126 127 128 129 130 136 138 140 141 142 144 145 146 147 148 149 150 151 153 155 156 157 158 159 160 161 162 163 164 165 168 170 172 173 174 175 176 177
4 22 23 31 44 47 57 59 69 92 96 104 109 111 113 120 123 137 138 140 141 142 156 161 163 174 175 177
1 2 3 4 5 6 7 8 9 10 11 12 13 14 15 16 17 18 19 20 21 22 23 24 25 26 27 28 29 30 31 32 33 34 35 36 37 38 39 40 41 42 43 45 46 47 48 49 50 51 52 53 54 55 56 57 58 59 60 61 62 63 64 65 66 67 68 70 71 72 73 74 75 76 77 78 79 80 81 82 83 84 85 86 87 88 89 90 91 92 93 94 95 96 97 98 99 100 101 102 103 104 105 106 107 108 109 110 111 112 113 114 115 116 117 118 119 120 121 123 124 125 126 127 128 129 130 131 132 133 134 135 136 137 138 139 141 142 143 144 145 146 147 148 149 150 151 152 153 154 155 156 157 158 159 160 161 162 163 164 165 166 167 168 169 170 171 172 173 174 175 176 177
1 2 4 5 6 7 10 12 15 16 19 20 21 24 25 26 27 30 32 33 35 36 37 39 40 42 43 44 46 49 50 51 53 54 55 56 60 61 62 65 66 67 68 70 71 72 73 74 75 76 77 79 80 82 83 84 85 86 88 89 90 91 92 93 95 96 97 98 99 100 101 103 104 106 107 108 109 110 111 112 113 114 115 117 118 119 120 123 126 128 129 130 131 132 133 134 135 136 137 140 141 144 146 147 148 149 150 151 153 155 157 158 159 160 161 162 163 165 166 167 168 169 170 171 173 174 176
1 6 7 8 10 11 13 14 15 18 20 21 27 28 32 33 39 41 42 43 49 50 51 54 55 56 59 66 68 70 71 73 76 78 79 80 82 83 88 89 90 91 92 93 95 96 98 99 101 103 105 107 108 110 113 114 115 117 120 122 126 128 132 135 136 137 139 141 143 145 146 149 150 151 157 158 160 169 171
1 4 7 9 12 13 18 20 24 27 28 30 32 33 40 43 49 55 56 66 68 70 79 80 82 84 90 91 101 105 108 126 135 136 137 144 151 153 160 166 170 173
5 8 9 11 13 14 16 18 21 22 25 28 31 34 36 38 41 45 61 64 72 75 81 85 94 100 104 116 118 121 122 124 134 145 148 155 161 167 170 172 173
1 2 3 4 6 8 10 12 15 16 17 20 23 24 25 26 27 28 29 30 33 34 35 36 37 38 39 40 42 43 44 45 46 47 49 50 51 52 53 54 55 56 57 59 60 61 62 63 64 65 66 68 69 70 71 72 75 76 77 79 82 83 84 85 86 88 89 90 91 92 93 95 96 97 98 99 100 103 106 107 108 110 111 113 114 115 116 119 120 121 123 126 128 129 131 132 136 137 138 140 141 142 143 144 146 148 149 150 151 153 154 155 156 157 158 159 160 161 162 163 164 166 169 170 171 172 173 175 177
1 4 5 6 7 8 9 10 11 12 13 14 15 18 19 20 21 25 26 27 32 33 34 35 37 38 39 40 41 42 43 46 48 49 50 51 52 54 55 56 59 60 64 65 66 68 70 71 72 73 74 75 76 78 79 80 82 83 84 85 86 87 88 89 90 91 92 93 95 96 97 98 99 101 102 103 105 107 108 109 110 111 112 113 114 115 116 117 118 119 120 122 123 124 125 126 127 128 131 132 135 136 137 138 139 141 142 143 144 146 147 148 149 150 151 153 156 158 160 163 164 166 169 170 171 173 174 176 177
2 5 6 7 8 10 11 13 15 16 17 19 21 22 23 25 26 28 29 31 34 35 36 37 38 39 40 41 42 44 45 46 47 48 50 51 52 53 55 57 58 60 61 62 63 64 65 66 67 72 74 75 76 77 78 81 82 83 87 88 89 93 94 95 97 98 99 100 102 103 104 106 107 109 110 111 112 113 114 115 116 117 118 119 120 121 122 123 124 125 126 127 128 129 130 131 133 134 138 139 140 141 142 143 145 146 147 148 149 150 151 152 154 155 156 157 159 161 162 163 164 165 166 167 168 169 171 172 174 175 177
3 4 5 6 7 8 9 10 11 13 14 16 17 18 19 20 21 22 23 24 25 26 28 29 30 32 33 34 35 36 37 39 40 41 42 43 44 45 46 47 48 49 50 53 55 57 58 60 61 62 63 64 65 66 67 69 70 71 72 73 74 76 77 78 81 83 84 86 87 88 89 90 92 93 94 95 96 97 100 102 103 104 106 108 109 111 112 113 114 115 117 118 120 121 122 123 125 126 128 129 130 133 134 136 138 139 141 142 143 144 146 147 148 149 150 151 152 154 155 156 158 159 161 162 163 164 165 166 167 168 170 171 172 173 174 176 177
3 7 22 24 25 31 35 36 38 44 45 52 53 55 57 58 65 67 70 81 94 95 98 100 111 127 130 131 145 148 152 154 155 156 157 161 162 165 167 176
2 7 9 10 11 13 15 16 17 18 19 20 21 22 23 24 25 26 27 28 29 30 31 32 33 35 36 37 38 40 41 42 43 45 46 47 48 49 50 52 53 54 55 56 57 58 59 61 62 63 64 65 66 67 68 69 70 71 72 73 74 76 77 78 79 80 81 83 86 88 89 90 91 92 94 95 97 98 100 101 102 103 104 105 106 108 109 110 111 112 113 114 116 117 118 119 122 123 125 126 128 129 130 131 133 138 139 140 141 142 143 144 145 146 147 148 149 150 152 155 156 157 158 159 160 162 163 164 165 166 168 169 171 172 174
1 3 4 5 6 7 10 11 14 15 16 17 20 22 23 24 25 26 27 28 29 31 32 33 34 35 36 37 38 39 40 42 43 44 45 46 47 49 50 52 53 54 55 56 57 58 60 61 62 63 64 65 67 69 71 72 73 75 76 77 78 79 81 83 84 85 86 87 88 89 90 91 92 93 94 95 97 100 102 103 104 106 107 109 110 112 113 114 116 118 119 120 123 125 126 127 128 129 130 134 136 138 140 141 142 143 144 145 146 147 148 149 150 154 155 156 157 158 159 160 161 163 164 165 167 168 169 171 172 173 174 175 177
1 4 5 6 7 8 10 11 12 13 14 15 16 17 18 19 20 21 25 26 27 32 33 34 35 36 37 38 39 40 41 42 45 46 47 49 50 51 52 54 55 56 57 59 60 61 62 63 64 65 66 67 68 69 70 71 72 73 75 76 77 79 80 82 83 84 85 87 88 89 90 91 92 93 94 96 98 99 100 101 102 103 105 106 107 108 110 111 113 114 115 116 117 118 119 120 122 123 124 126 127 128 132 136 137 138 140 141 143 145 146 148 149 150 151 153 155 156 158 159 160 163 166 168 169 170 171 173 174 176 177
7 10 11 13 21 23 25 27 30 32 39 56 58 66 74 79 87 89 110 115 117 122 124 134 135 146 153 154 155 157 161
1 3 4 6 11 12 15 16 17 18 19 20 24 26 27 28 32 33 34 36 37 39 40 41 42 43 46 47 49 50 51 52 53 54 55 56 59 60 62 63 65 66 67 68 73 75 76 77 79 80 82 83 84 87 88 89 91 93 95 96 98 99 102 103 105 106 107 108 109 110 111 113 115 116 118 119 120 121 122 123 126 128 130 131 132 133 135 137 138 139 141 142 144 146 147 148 149 150 151 153 154 156 157 158 159 160 161 162 163 164 165 166 168 170 171 173 176
1 2 4 6 12 15 17 23 24 26 27 28 30 33 34 35 36 37 38 40 42 43 46 47 49 50 51 53 54 56 60 61 62 63 64 65 66 67 68 69 70 71 72 73 79 82 83 84 86 87 88 89 91 93 95 96 98 99 100 101 103 106 107 108 110 111 112 113 114 116 117 119 120 121 123 126 128 129 131 132 133 136 138 140 142 143 144 147 149 150 153 158 159 160 162 163 166 168 169 171 175
1 2 3 4 6 7 8 9 10 11 13 16 17 18 19 20 21 23 24 26 27 28 30 32 33 34 35 36 37 39 40 41 42 43 45 46 48 49 50 51 52 54 55 56 57 59 60 61 63 64 65 68 69 70 71 72 73 75 77 78 79 80 82 83 86 87 88 89 90 91 93 95 96 97 98 99 100 101 102 103 105 106 107 108 109 110 111 113 114 115 116 117 118 119 120 123 124 125 126 127 128 129 130 131 132 133 134 135 136 137 138 141 142 144 146 147 150 151 153 155 156 158 160 162 163 165 166 167 168 169 170 171 175
5 9 10 11 13 16 20 21 22 28 41 50 52 53 55 56 57 59 67 69 70 74 75 85 89 90 92 101 105 109 111 122 124 127 132 143 145 152 154 161 170 171 172 175 176
1 3 4 6 8 10 11 12 14 16 18 19 20 21 23 29 30 34 39 40 44 45 46 50 51 53 59 66 71 73 76 79 81 82 83 85 86 95 96 99 103 107 108 114 117 120 125 127 136 137 144 146 150 151 153 158 170 176
2 3 5 7 8 9 11 15 16 17 19 20 21 22 23 24 25 26 28 29 30 31 32 33 34 35 36 37 38 41 42 43 44 45 46 47 48 50 52 53 54 56 57 58 60 61 62 63 64 65 66 67 68 69 70 72 73 74 75 76 77 78 81 84 85 86 87 89 92 93 94 95 97 98 100 101 102 103 104 105 106 109 111 112 113 114 117 118 119 120 121 122 123 124 127 128 129 130 131 132 133 134 138 139 140 141 142 143 145 146 147 148 149 152 154 155 156 157 158 159 161 162 163 164 165 166 167 168 172 173 174 175 176 177
3 14 22 61 75 81 87 94 104 106 124 155 177
2 4 12 14 16 23 24 25 31 38 40 60 64 67 72 82 96 99 101 107 116 119 121 129 130 137 142 143 144 148 150 151 153 154 159 163 165 168 173
2 7 13 18 19 20 22 30 41 55 57 58 59 62 68 70 74 76 78 81 82 84 94 98 100 107 109 111 117 120 122 134 137 148 152 156 157 163 165 171 172 174 175 176
2 4 5 8 10 11 13 23 36 39 44 58 59 67 72 94 121 122 134 136 140 148 152 154 167 168 170 172 177
3 23 25 28 34 35 38 45 46 52 57 64 69 71 72 76 77 85 94 97 104 108 116 118 119 127 134 142 143 145 148 155 156 158 159 161 163 165 166 167 168 172
1 2 3 4 5 8 12 14 15 16 17 22 23 24 25 28 29 30 31 33 34 35 36 37 38 39 40 43 44 45 46 47 49 50 51 52 53 54 55 57 58 60 61 62 63 64 65 67 68 70 71 72 73 75 76 77 79 81 83 84 85 86 87 88 89 91 93 94 95 96 97 99 100 101 102 103 104 106 110 111 112 113 114 116 117 118 119 120 121 123 127 128 129 130 131 133 134 136 138 140 141 142 143 144 145 146 147 148 149 150 151 152 154 155 156 157 158 159 161 162 163 164 165 166 167 168 169 172 173 175 176 177
22 25 29 31 35 36 38 45 47 53 58 61 62 63 67 75 77 81 84 97 104 111 113 118 121 123 127 129 133 134 143 145 148 152 154 159 161 165 166 167 172 173 176 177
1 4 5 6 7 8 9 10 11 12 13 14 15 16 18 19 20 21 23 26 27 28 30 32 33 34 35 37 39 40 41 42 43 44 46 48 49 50 51 54 55 56 59 60 63 64 65 66 68 69 71 72 73 74 75 76 77 78 79 80 82 83 84 85 86 87 88 89 90 91 92 93 94 95 96 98 99 101 102 103 105 106 107 108 109 110 113 115 116 117 118 120 121 122 124 125 126 127 128 131 135 136 137 138 139 141 142 143 144 146 147 148 149 150 151 152 153 156 157 158 159 160 163 169 170 171 174 176
1 2 3 4 5 6 7 9 10 11 13 14 20 21 22 23 24 25 26 28 30 31 33 34 35 37 38 39 40 41 42 43 45 46 48 49 50 51 52 53 54 55 56 57 58 60 61 62 64 65 67 70 71 72 73 74 76 77 78 79 81 83 85 86 88 89 90 95 96 97 98 99 100 101 102 103 104 105 106 107 109 110 112 113 117 118 119 121 122 123 125 128 129 130 131 134 136 137 138 139 140 141 142 143 144 145 146 147 148 149 150 151 152 153 156 157 158 159 160 161 162 163 164 165 166 167 168 169 172 174
1 10 12 27 40 49 51 55 66 70 71 79 83 88 90 91 96 108 126 136 144 146 150 160 169 172
1 4 5 6 7 8 9 10 12 13 14 15 16 18 19 20 21 22 25 26 27 28 32 33 34 35 36 39 40 41 46 47 48 49 50 51 52 53 54 55 56 59 60 61 62 63 64 65 66 69 70 71 72 73 74 75 76 77 78 79 80 82 83 85 86 87 88 91 93 96 98 99 100 101 102 103 106 107 108 109 110 113 114 115 116 117 118 119 120 121 122 123 124 125 126 127 128 130 132 133 134 135 136 137 138 141 142 143 146 147 148 150 151 152 153 155 156 157 158 159 160 163 164 166 167 168 169 170 171 173 174 176 177
2 3 5 7 8 9 11 13 14 16 18 21 25 26 31 38 41 45 59 61 72 75 78 81 90 94 104 107 109 119 124 125 127 130 132 133 145 148 154 161 167 170 173 174 176
1 2 3 9 11 17 19 20 21 22 23 24 26 27 29 30 32 33 34 37 38 40 42 43 44 48 49 50 51 52 54 56 57 61 62 64 65 66 67 68 70 73 74 77 78 79 80 81 82 83 86 88 89 90 93 94 95 97 98 100 101 103 105 106 109 110 111 113 114 115 119 120 123 126 128 129 130 131 132 133 135 138 139 140 141 143 146 147 155 158 159 160 162 163 164 165 167 169 172
8 11 23 25 26 28 29 31 34 35 36 46 47 63 67 69 75 76 77 87 91 97 98 105 116 118 119 123 124 127 129 130 138 140 142 145 148 156 158 159 163 165 173 175 176 177
3 16 22 25 28 31 34 38 45 49 52 53 63 64 72 75 81 93 100 104 112 117 118 120 122 123 130 133 134 141 143 148 152 155 166 168 173 175 176
7 8 9 11 12 13 15 16 17 19 20 21 22 23 24 25 26 27 28 30 31 32 33 34 35 36 37 38 41 42 43 44 45 46 48 49 50 52 53 54 55 56 57 58 59 60 61 62 64 65 66 67 68 69 70 71 72 73 74 76 77 78 79 81 83 86 88 89 90 91 92 94 95 97 98 100 101 102 103 104 105 106 109 110 111 112 113 114 115 116 117 118 119 121 123 125 127 128 130 131 132 133 135 136 138 139 140 141 142 143 145 146 147 148 149 150 154 155 156 157 158 159 161 162 163 165 166 167 169 170 171 172 173 174 176
1 4 6 7 9 10 11 12 13 15 17 18 19 20 21 23 24 25 26 27 29 30 31 32 33 36 37 39 40 41 42 43 44 46 47 48 49 50 51 53 54 55 56 57 58 59 62 63 64 65 66 68 71 73 74 76 78 79 80 82 83 84 86 87 88 89 90 91 92 93 95 96 98 99 100 101 102 103 105 107 108 109 110 112 113 114 115 117 119 120 121 122 123 124 125 126 128 130 131 132 133 135 136 137 139 140 141 142 143 144 146 147 149 150 151 152 153 154 156 157 159 160 162 163 164 166 168 169 171
4 6 9 12 13 15 18 19 26 27 32 39 44 50 51 56 59 66 68 78 80 82 83 88 90 92 98 107 108 115 120 122 124 125 126 132 135 136 137 146 147 151 153 170 171
7 32 55 59 73 80 105 117 125 132 135 152 171
1 2 4 5 6 8 12 15 16 17 19 20 22 23 24 25 27 29 30 31 33 34 35 36 38 39 40 42 44 46 47 49 50 51 52 53 54 55 56 57 58 60 61 62 63 65 66 67 68 70 71 72 76 77 79 80 81 82 83 84 86 87 88 89 91 93 94 95 96 97 98 99 100 101 102 103 104 106 107 108 110 111 112 113 114 115 116 118 119 120 121 123 127 128 129 131 134 135 136 137 138 139 140 142 144 145 146 147 148 149 150 151 153 155 156 157 158 159 161 162 164 165 167 168 169 171 172 173 174 175 176
3 4 7 9 28 29 32 34 42 54 56 64 68 70 77 78 80 81 83 90 96 97 101 103 104 105 114 116 120 124 125 128 135 138 140 142 143 145 150 152 158 159 163 164 168 175 176 177
2 5 8 22 23 25 29 31 35 38 46 58 60 64 72 76 77 97 100 119 134 138 140 143 156 159 161 163 167 168 173 175
