1 2 3 4 5 6 8 13 14 15 16 17 20 21 22 23 24 25 26 29 30 31 32 35 36 38 39 40 44 45 46 47 49 50 51 52 53 55 56 57 58 59 60 61 62 63 65 66 67 69 71 72 75 76 77 79 80 81 83 84 85 86 87 89 91 93 94 95 96 97 99 100 101 103 104 106 107 108 110 111 113 114 116 117 118 119 120 121 122 123 124 125 126 127 128 129 130 132 133 134 136 138 140 141 142 143 144 145 146 147 148 149 150 152 153 154 155 156 157 158 159 161 162 163 164 165 167 168 170 172 173 175 176 177
1 2 4 5 6 7 10 12 13 14 15 16 17 18 19 20 21 23 24 25 26 27 28 30 32 33 34 37 38 39 40 41 42 45 46 48 49 50 51 52 54 55 56 57 59 60 63 64 65 66 67 68 69 71 72 73 74 75 77 78 79 80 82 83 84 86 88 89 90 91 92 93 95 96 97 98 99 101 102 103 105 106 107 108 109 110 111 112 114 115 116 117 118 119 120 122 123 125 126 128 130 131 132 135 136 137 138 139 140 141 142 143 144 146 147 149 150 151 153 156 158 159 163 166 168 169 170 171 173 174 175 176
5 8 16 22 25 28 31 36 45 64 70 75 77 81 111 118 124 145 148 152 158 161 167 172 173 175
3 9 10 11 13 14 18 20 26 27 28 31 32 43 45 48 56 59 69 73 74 78 80 81 91 92 94 102 105 109 110 112 116 117 122 124 125 126 132 135 137 139 141 143 146 154 160 165 170 171
5 7 9 10 18 19 20 21 23 31 37 43 51 60 61 74 78 82 85 87 88 89 91 92 93 95 96 98 108 109 110 112 115 120 126 131 132 139 141 144 154 161 162 168 169 171 172 174
2 24 25 29 30 31 36 40 47 51 52 53 58 69 73 81 86 93 108 111 112 116 118 121 128 129 131 132 133 135 137 138 140 142 144 148 152 153 157 162 163 166 175
1 2 3 5 6 7 8 10 11 16 17 19 20 22 23 24 25 29 30 31 35 36 37 38 39 41 42 43 44 45 46 47 48 49 51 52 53 57 58 60 61 62 63 64 65 67 69 70 71 72 75 76 77 78 79 81 82 83 84 85 86 87 89 90 93 94 95 97 99 100 101 102 103 104 106 107 108 109 110 111 112 113 114 116 119 120 121 123 124 127 128 129 130 131 132 133 134 135 136 138 139 140 143 144 145 147 148 149 150 151 152 154 155 156 157 159 161 162 163 164 165 166 167 168 172 173 174 175 176 177
2 7 17 19 24 30 42 43 49 60 65 74 89 92 93 95 98 101 109 111 112 131 139 141 148 162 168 174
4 7 9 12 18 24 27 30 31 32 40 41 42 47 48 55 68 74 78 80 83 86 88 90 91 92 99 101 105 109 122 125 126 134 135 137 139 144 147 153 160 171
1 4 14 16 17 24 30 39 40 43 44 47 48 49 51 52 61 63 65 69 70 71 73 82 86 87 89 90 95 98 99 101 106 107 108 113 114 120 123 131 133 134 136 144 149 152 153 162 168
5 7 8 9 11 13 14 16 18 20 21 22 25 28 31 35 41 45 46 64 69 72 75 77 78 85 90 92 94 105 109 116 118 124 127 129 145 148 154 160 164 167 170 172 173
7 8 9 12 13 14 18 19 21 30 34 39 41 50 55 59 64 70 73 74 78 79 82 88 92 101 102 105 110 112 116 124 132 134 135 137 141 144 145 146 147 150 153 161 164 169 170 176 177
1 3 4 5 6 7 8 9 10 11 12 13 14 15 16 18 19 20 21 22 24 25 26 28 30 31 32 34 35 37 39 40 41 42 43 44 46 47 48 49 50 52 53 54 55 59 60 61 62 63 65 66 67 70 71 73 74 75 76 77 78 80 81 82 83 84 86 87 88 89 90 92 95 96 97 98 99 101 102 103 105 106 107 109 110 112 113 115 116 117 120 121 122 125 126 128 129 130 131 133 134 135 136 138 139 140 141 142 143 146 147 148 149 150 151 152 153 156 157 158 159 160 161 162 163 169 171 172 174 175 176
2 3 5 7 9 14 17 19 22 23 25 29 36 38 45 47 53 61 62 63 67 70 72 81 93 94 100 104 106 119 121 124 127 129 130 133 134 145 148 152 155 159 164 165 166 167 168 172 175 177
3 5 7 9 10 11 13 14 18 19 21 22 25 28 36 41 48 58 73 74 78 81 90 92 94 95 102 104 109 112 117 122 124 125 130 134 139 145 147 154 165 168 171 173 174 176 177
8 16 17 22 23 36 38 40 43 47 52 53 58 63 70 76 94 97 98 100 104 111 113 120 123 124 140 142 152 154 158 159 161 162 163 164 167 172 176
1 39 59 71 82 88 96 103 107 110 115 128 136 150 151
1 4 6 10 12 18 27 32 39 40 51 56 68 71 79 80 82 83 88 91 96 99 107 108 110 115 126 136 137 144 150 151 169 171
7 9 11 13 18 19 20 21 29 31 32 33 34 37 41 43 45 48 59 70 71 74 77 85 92 95 102 104 105 109 112 121 124 125 127 130 131 133 148 154 159 167 170 173 174
3 5 11 18 19 21 29 44 58 74 78 81 90 92 94 104 106 109 112 117 124 130 133 134 139 145 148 154 165 171 175 176 177
1 2 6 13 15 16 17 25 26 27 30 31 32 33 36 38 39 40 50 51 52 54 60 61 62 64 65 67 68 71 73 75 76 79 82 83 84 85 86 87 89 93 94 97 103 106 107 108 110 111 113 114 115 118 119 121 122 123 126 131 133 136 137 142 144 145 149 151 152 153 156 157 158 159 162 163 169 170 172 173 177
1 2 4 6 7 12 15 16 17 20 23 24 25 26 27 28 30 32 33 34 35 37 39 40 41 42 43 46 47 49 50 51 52 53 54 55 56 57 58 60 61 62 63 64 65 66 67 68 69 70 71 72 73 75 76 77 79 80 82 83 84 85 86 87 88 89 91 92 93 96 97 98 99 100 101 102 103 105 106 107 108 110 111 112 113 114 116 118 119 120 121 123 126 128 131 132 133 134 135 136 137 138 140 141 142 143 144 146 149 150 151 152 153 156 157 158 159 160 162 163 165 167 168 169 170 173 174 175
1 2 4 6 7 11 12 15 17 20 24 26 27 28 29 30 31 32 33 34 35 37 38 39 40 41 42 43 44 46 47 48 49 50 51 53 54 55 56 57 58 61 63 64 65 66 67 68 69 70 71 73 74 76 77 78 79 80 81 82 83 84 85 86 88 89 90 91 92 93 95 96 97 98 99 100 101 102 103 105 106 107 108 109 110 111 112 113 114 115 116 117 119 120 123 125 126 128 129 130 131 135 136 137 138 139 140 141 142 143 144 146 147 148 150 151 153 155 156 157 158 159 160 162 163 165 166 169 171 175
1 3 4 6 7 10 13 15 18 19 20 21 24 26 27 32 33 37 40 41 42 43 44 50 51 52 53 54 55 56 57 58 59 63 65 66 68 69 71 73 78 79 80 82 83 86 87 91 92 93 95 96 97 98 99 102 103 105 107 108 110 111 113 114 115 116 117 119 120 122 125 126 127 128 131 132 133 136 137 139 141 142 144 145 146 149 150 151 152 153 155 156 158 160 162 163 164 169 170 171 173 174 176 177
2 5 7 8 10 11 13 14 15 17 20 21 22 24 25 26 27 28 30 31 32 33 35 36 37 38 39 40 42 43 45 46 47 48 50 52 53 54 56 57 58 59 61 62 63 64 65 66 67 68 71 72 73 74 75 76 77 78 79 83 84 86 87 88 89 90 91 92 93 94 95 98 100 103 104 105 106 108 109 110 111 112 113 114 115 117 118 119 120 121 122 123 124 125 126 127 128 131 132 133 136 138 139 140 141 142 143 144 145 146 147 148 149 150 151 152 154 156 157 158 159 163 165 166 167 168 169 170 171 172 174 175 176
7 9 10 12 13 19 21 24 26 27 32 34 41 42 43 48 50 65 66 70 73 74 78 88 90 92 95 96 98 101 102 105 115 117 121 122 126 131 132 139 150 162 163 170 174 176
1 4 6 10 12 46 52 59 80 82 83 96 99 101 116 125 136 137 144 150 151 153 166
1 4 6 29 77 82 97 99 137 151 153 154
1 4 6 10 12 18 27 30 32 39 40 44 49 51 55 56 68 71 78 79 80 82 83 86 91 96 99 101 107 108 130 132 135 136 137 144 146 150 151 153 160 171
1 4 6 7 12 13 15 17 24 26 27 30 32 33 34 35 37 39 40 41 42 43 46 47 49 50 51 53 54 55 56 57 62 64 65 66 67 68 70 71 73 76 79 80 82 83 84 85 86 89 91 93 96 97 98 99 101 103 106 107 108 110 112 113 115 116 119 121 123 126 128 131 136 137 138 140 142 144 146 149 150 151 153 156 157 158 159 160 162 163 165 167 169 173
5 8 14 16 22 25 28 29 31 35 38 45 46 58 60 64 69 75 77 81 85 94 104 116 118 124 127 130 132 134 138 142 145 148 157 158 159 161 164 166 167 168 173 175 176
1 13 15 18 26 42 66 73 78 83 98 112 113 115 117 127 141 163 171
9 10 11 13 14 21 22 25 26 28 46 47 48 59 62 63 64 69 75 81 85 89 90 92 95 98 101 105 106 109 110 112 115 116 118 121 125 130 134 139 141 142 147 154 157 158 160 163 165 176
1 2 3 4 5 6 8 10 11 12 15 16 17 23 24 25 26 27 29 30 31 32 34 35 36 38 39 40 44 45 46 47 48 49 51 53 54 55 56 57 58 59 60 62 63 65 66 67 68 69 70 71 73 76 77 78 79 80 81 82 83 84 85 86 89 90 93 94 97 98 99 100 101 104 105 106 108 111 113 114 115 116 117 118 119 120 121 123 127 128 129 130 131 132 134 136 137 138 140 142 144 145 147 148 149 150 151 153 154 156 157 158 159 160 161 162 163 164 165 166 167 168 169 171 173 175 176 177
1 2 3 4 5 6 7 9 10 11 12 13 15 16 18 19 20 21 22 24 26 30 32 35 37 38 39 40 41 42 43 44 46 47 48 49 50 51 52 54 55 57 58 59 60 62 63 64 65 66 67 70 71 72 73 74 77 78 79 80 81 82 83 85 86 87 88 89 90 92 94 95 96 97 98 99 100 101 102 103 104 106 107 108 109 110 112 113 114 115 117 119 120 122 123 125 126 128 130 131 133 136 137 138 139 141 144 146 147 149 150 151 152 153 155 156 157 160 162 164 167 168 169 170 171 172 174 177
1 2 4 5 6 8 10 12 15 16 17 18 22 24 26 27 28 30 32 33 34 35 36 37 38 39 40 41 42 43 45 46 47 49 50 51 52 53 54 55 56 57 58 59 60 62 63 64 65 66 67 68 69 70 71 72 73 75 76 77 79 80 81 82 83 84 86 87 89 91 93 96 97 98 99 100 101 102 103 105 106 107 108 110 113 114 115 116 117 120 122 123 126 127 128 131 132 134 135 136 137 138 140 142 143 144 145 146 148 149 150 151 152 153 154 157 158 159 160 161 162 163 164 167 168 169 170 171 174 175 177
1 3 4 5 6 7 8 10 11 12 13 14 15 17 18 19 20 21 22 26 27 32 33 37 38 39 40 41 42 44 46 47 49 50 51 52 53 54 56 59 60 62 63 65 66 67 68 69 70 71 72 75 76 77 79 81 82 84 85 86 87 88 89 90 91 92 93 94 95 96 97 98 99 100 101 102 103 104 105 106 107 108 110 111 113 114 115 117 118 119 120 121 122 123 124 125 126 127 128 131 132 136 137 138 139 140 141 142 143 146 147 148 149 151 152 153 155 156 157 158 160 161 163 168 169 170 171 173 174 175 176 177
5 8 22 23 25 28 29 31 34 35 36 38 45 47 58 60 64 67 69 75 81 85 100 106 116 119 130 134 138 140 142 143 145 152 157 159 161 164 165 166 167 168 173 175 176 177
5 8 13 14 16 22 25 29 31 34 36 38 45 46 58 61 65 69 72 75 85 97 98 100 104 109 116 118 119 121 123 124 127 130 138 145 152 155 158 161 163 166 167 168 172 173 175 177
5 22 29 30 32 44 47 57 66 72 87 89 97 98 106 111 118 122 123 140 143 156 161 162 165 172 175 176
7 9 14 17 18 22 31 41 43 48 55 58 68 78 81 87 90 92 94 102 105 109 112 129 135 145 152 160 164 170 174
1 2 3 4 5 6 7 8 10 12 13 14 15 16 18 19 20 21 26 27 30 32 33 34 35 37 38 39 40 41 42 44 46 49 50 51 52 54 55 56 57 59 60 63 64 65 66 67 68 69 70 71 72 73 75 76 77 79 80 82 83 84 85 86 87 88 89 90 91 92 93 94 95 96 97 98 99 101 103 105 106 107 108 110 111 113 114 115 116 117 119 120 122 123 124 126 127 128 131 134 135 136 137 138 140 141 142 143 144 146 147 148 149 150 151 153 156 157 158 160 161 162 163 167 168 169 170 171 174 175 176
5 8 9 16 19 22 23 25 29 31 36 37 38 44 45 47 48 52 58 60 61 67 72 75 81 89 100 102 104 111 112 118 119 121 124 129 130 132 133 140 145 152 154 155 161 165 166 167 168 173 174
1 4 6 7 9 10 11 12 13 15 18 20 21 23 24 26 27 28 30 32 33 34 35 37 38 39 40 41 42 43 46 47 48 49 50 51 52 53 54 55 56 57 58 59 62 63 64 65 66 68 69 70 71 72 73 74 76 77 78 79 80 81 82 83 84 86 87 88 89 90 91 92 93 95 96 97 98 99 101 102 103 105 107 108 109 110 111 112 113 114 115 116 117 120 122 123 124 125 126 128 131 132 135 136 137 138 139 140 141 142 143 144 145 146 147 150 151 153 157 158 159 160 162 163 164 166 168 169 171 172 174
3 5 8 9 14 16 22 23 25 29 31 35 36 38 41 44 45 47 61 69 73 75 77 85 87 93 94 98 104 111 116 121 124 127 130 132 133 134 148 154 161 166 172 173 175 176 177
3 5 7 8 11 13 14 20 21 22 28 31 35 41 45 52 57 58 59 74 76 81 92 94 95 105 109 116 124 127 129 130 133 140 142 148 154 155 156 161 164 166 170 172 173 177
8 9 11 13 14 18 25 26 28 32 43 50 56 59 66 68 69 72 73 76 78 80 91 101 105 110 113 115 117 122 124 125 132 134 135 139 149 154 158 159 160 163 170 171 173 176
1 4 6 7 10 11 12 13 17 18 19 20 24 26 27 28 29 30 31 32 33 34 37 38 39 40 41 42 43 44 46 47 48 49 50 51 52 53 54 55 56 57 59 60 61 63 64 65 66 67 68 69 70 71 73 77 78 79 80 82 83 84 86 87 88 89 90 91 92 93 95 96 98 99 100 101 102 103 105 107 108 109 110 111 113 114 115 116 117 120 121 122 125 126 127 128 131 132 135 136 137 138 139 140 141 142 143 144 145 146 147 149 150 151 152 153 156 157 158 160 161 162 163 164 165 168 169 170 171 172 177
7 9 10 11 13 18 19 21 24 26 27 28 32 33 34 37 41 42 43 48 50 54 56 66 68 69 70 74 77 78 89 92 96 102 105 111 112 117 122 126 128 132 133 139 141 169 170 171 174
1 3 4 6 7 8 9 10 11 12 13 14 15 17 18 19 20 21 24 25 26 27 30 32 33 34 35 36 37 38 39 40 41 42 43 45 46 48 49 50 51 52 54 55 56 57 59 60 61 62 63 64 65 66 67 68 69 70 71 73 74 76 78 79 80 82 83 84 86 88 90 91 93 95 96 98 99 100 101 102 103 105 107 108 109 110 112 113 114 115 117 119 120 122 123 124 125 126 127 128 129 131 135 136 137 139 141 142 143 144 146 147 149 150 151 153 155 156 158 159 160 163 166 168 169 170 171 174 177
