608 1411 5827 6152 7425 8799 8993 10686 13197 13293 14100
32 707 2093 2332 3354 3487 3742 3752 3783 4006 4609 5431 5452 5505 5702 5780 5815 6260 6392 6781 6872 7791 8687 9114 9313 9409 9969 10280 10309 11987 12426 12622 12938 12976 13018 13720 14077 14527 14758 14824 15523 15596 15612 15627 15677 16184 16186 16275 16312 16411 16686 16999 17725
291 1082 1419 1573 1882 2720 3572 3608 3622 3835 4472 6315 7884 8463 9384 9690 10322 11271 12176 12635 13247 15142 16132 16431 16913 17215 17487
369 687 1074 1707 2496 2919 4740 5336 5932 5942 6477 8719 8901 9099 10305 11421 11586 11958 12136 12588 12668 13554 13559 14022 14225 14437 14776 14778 15674 15767 17135
173 520 640 875 1100 1262 1378 1379 1389 1422 1531 1700 1791 2032 2805 2806 3165 3242 4211 4221 5010 5524 5962 6179 6398 6462 6512 6566 6792 7035 7252 7415 7798 8969 9087 9337 9779 9982 10594 10722 11019 11636 11743 11769 13086 13104 13163 13164 13242 13755 13841 14024 14410 14688 15522 15815 16121 16359 17370 17397 17577
1871 2066 2710 5910 6886 7465 8311 8485 9086 9872 10564 11380 13689 14283 14414 14841 15115 15610
188 1029 1639 2333 4041 4375 4623 5221 6394 9123 10622 11232 11974 13090 13269 13966 15256 15798 17797
3928 4098 5001 5373 5893 6609 7246 13993 14231 14993 16455 16708
992 1777 2203 2456 2520 5436 5801 7711 8486 11558 11790 12007 12733 14538 14624 15241 15289 16004 16270 16813 17087 17483
48 862 912 1009 1195 1226 1307 2082 2453 2970 3071 3623 3704 3874 4033 4516 4533 4732 5310 5387 5477 6128 7014 7499 7864 7880 7957 8633 9323 9387 11016 12099 12209 12419 12868 13307 13342 13350 14069 14237 14399 14564 14782 14949 14950 15304 15436 16118 16272 17122 17194 17676 17738 17791
554 1068 1356 1512 2502 6800 7575 8928 13792 15149 17718 17883
1732 2204 2316 3156 4026 4272 4637 5202 5209 5220 5753 5908 6068 7176 7721 8312 9184 10421 10965 11881 12712 13639 14254 16871
1905 1923 2027 2125 3089 3307 4958 5735 7879 8753 9075 9510 10058 10833 12281 14640 17795
1102 1234 2396 2804 3229 3353 3583 4265 7314 9879 15269
2112 3628 8447 8759 9341 10831 11120 12776 14713 15660
48 393 862 1009 1195 1266 1307 2453 3436 3591 3623 4456 4533 4945 5073 5310 7014 7880 7957 8115 8633 9323 9387 9494 11290 12419 12868 13291 13350 13957 14237 14564 14950 15436 16118 16594 16945 17676 17682 17738
547 1223 4631 5268 5996 9605 11397 11713 12750 13575 13874 14582 14780 16113 16856 17556
83 392 4398 7249 11462 15377 16175 17374 17762 17842
2003 4357 4653 6084 10265 10612 15195 16664 16911 17170 17661
45 3162 3389 6758 7985 9294 12720 13220 15600 16404 17347
1733 4975 6388 7300 7366 7714 8057 8186 8249 10268 11393 11511 12343 13866 14482 15717
523 617 3360 5300 6610 9057 10219 10655 12908 15985 16716 17307 17482
255 947 2434 2973 3057 4008 7340 7923 7982 8032 8241 9050 9256 10135 10445 10718 12830 13706 13926 14292 14344 16378 17847
63 774 1420 1656 1757 1891 2113 2346 2352 3435 5132 6075 6225 6386 6551 6558 7825 9326 9606 10723 10885 10914 11240 11700 12032 13007 14769 15476 15659 15886 17336 17569 17615 17625 17713
120 1092 1673 4400 5430 8073 8083 8319 10459 12944 15105 16880
7024 7190 7234 8588 9211 10389 11006 14386 15096 16087 16836 17763
393 862 1195 1226 1266 1307 2714 2970 3071 3591 3704 4516 4535 5073 5387 5477 5483 5513 6111 6128 7014 7492 7499 7739 7880 7957 8587 8633 9323 9324 12209 12419 12868 13307 13350 13957 14237 14782 14950 15304 15436 16118 16272 16594 16945 17031 17194 17682 17791
3593 4321 9774 10074 10994 12507 13886 14865 15719 15813 15952
1695 6356 6699 9350 10368 11684 14008 14194 16814 16883 17498
1155 1639 2333 2749 4041 4375 5221 6394 8656 9123 10622 11232 11974 13090 13269 13966 15256 15421 17797
103 356 416 770 854 1825 2124 2440 2485 2509 2799 2885 3828 3861 5375 5855 6466 6597 6722 7799 7941 8168 8407 8972 10444 10600 10739 11634 12193 12204 12228 12711 13472 13532 14428 15877 16141 16550 17872
159 1123 2458 3256 3745 3995 5261 6956 8754 9785 10150 11236 11969 13331 13408 13762 14519
803 1705 2020 2068 2915 8311 11171 12645 13429 14573 14855
4975 5080 6388 7300 7714 7855 8249 10194 10268 11393 11511 14482 15717 16176 16616
461 2064 3175 4314 5092 5313 6656 7028 12402 16390
2033 3382 3403 3561 4480 5545 9381 9619 14217 15683 17141 17386
979 6094 6494 7140 9648 9663 12461 14027 14628 15595 17367 17424
1485 3245 4527 6541 6942 7589 7768 11638 12516 14990
178 851 902 1049 4174 5489 7344 9482 12341 13654 14106 14172 15063 15104 15775 16136 16956
571 1685 2064 2678 4282 4314 5092 10960 11281 17662
2014 2756 3116 4880 6309 6417 6853 9261 10164 12063 14912 15621 16253 16347 16737 17106 17150 17665
1178 2755 3849 5765 6243 9623 10613 10779 12060 12820 13455 14067 15544 17621
255 830 1314 1618 2420 2735 2973 3057 4008 4099 4828 6229 6583 7340 7982 9050 9256 9497 9551 10135 10178 10445 10896 12112 12207 12246 12830 13706 13926 16033 16353
3375 3728 5058 5409 5778 6032 6255 6279 6652 6929 7062 7362 7529 8355 10141 13606 13867 14029 14086 14998 16279 17053 17490 17626
348 1637 2488 4240 4884 5039 5796 8560 9469 10242 11188 13339 13497 15206 15343
177 434 639 865 1053 1567 1688 1832 2643 2647 2819 3016 3034 4095 4982 5828 6548 7237 8145 8487 8515 9402 9827 9842 9888 10212 10286 10670 10692 11584 11796 12169 12443 12683 12814 13070 13498 13669 13876 15357 15395 15480 16426 16638 16726
1638 2310 2798 3039 3424 4546 5323 6527 8980 11303 12329 12472 14026 14547 15823 17790
473 579 595 3373 6875 7100 7999 8039 8373 9814 11335 11650 12834 14073 14076 14239 14243 15323 15942 16877 17344 17937
543 1396 2657 4550 5563 8187 9016 13057 13893 14593 15495 16438 17692
3101 3773 3882 4084 5700 6826 8758 9156 9239 9576 9802 11723 11798 12286 15066 17614
