990 992 1099 2520 4109 4921 6135 9965 10628 13495 14612 15241 17195 17483
473 579 595 3373 6875 7100 7999 8039 8373 9814 11335 11650 12834 14073 14076 14239 14243 15323 15942 16877 17344 17937
830 1618 2420 2973 3057 4328 5157 6490 6583 7116 7340 7923 7982 9256 9452 9497 10135 10896 12160 12207 13706 13926 14964 15076 16353 17847
1642 2661 2741 3099 3983 4127 6430 11376 11459 12877 12909 13633 13780 14051 15519 16885 17430
32 69 1477 1628 1835 1877 2093 2332 3354 4047 4609 5305 5452 5505 5587 5702 5780 5815 6543 6975 7022 7087 7550 7590 7791 9007 9114 9969 10048 10173 10280 10309 10906 11557 11608 11944 11987 12622 12688 12769 12938 12976 13282 13720 14077 14112 15596 15612 15627 15690 16184 16186 16275 16349
4381 4760 5353 6130 6951 11922 12194 13341 14176 14277 17504
903 1223 5268 6730 9605 9715 9749 10262 10765 13903 14352 16856
241 699 4126 4831 7472 11116 13463 14645 17645 17671
919 976 1185 1498 2808 5234 5498 6283 8765 9248 11409 11502 13225 16146
201 344 2450 3626 4879 7585 7978 8854 9222 14005 14367 15324 15853 16635
1071 1241 1356 2390 4860 6197 8583 11543 13436 13459 17591
7024 7190 7234 8588 11006 14386 15096 16087 16836 17763
3386 4297 6049 6927 8184 8784 12273 13185 14341 15740 17208
6033 6610 6648 9119 12808 12921 14238 14273 15643 16984
4975 6388 7300 7714 8249 10268 11393 11511 14482 15717
1355 1899 2902 3662 4225 4376 4693 5595 5608 5843 7675 7698 7700 7728 7954 8037 8100 8423 9676 9804 11215 12453 12531 12900 13132 13827 13921 13934 13970 15912 16115 16504 16991 17620 17812
256 2100 4381 4760 4969 5353 6951 10971 11922 12194 13341 14176 14277 15980 17504
69 1628 1835 2093 5587 5815 12938 12976 16275 16349
1833 2934 8374 10809 11473 12250 13810 14642 14676 16076 16209 17586
1170 1816 3277 3626 4879 6329 7585 7978 8854 8905 14005 14359 15324
4876 5143 6643 7628 8417 10053 12790 12950 14186 14498 17584
4605 5079 5747 5791 6197 6877 11543 11706 11741 13459
1028 1579 3093 4085 7649 8128 8426 9512 10578 11313 12124 12949
1616 2903 5093 6350 6644 9930 11742 11834 12350 12641 13284 13306 14543 14668 15579
1562 4272 5108 5209 5218 5220 5753 9909 11675 11881 12585 16871
1512 2502 2572 8558 8583 12385 12474 15149 17589 17718
159 3256 3745 3995 5261 8754 9478 9785 10150 13331 13858 15356 16498
476 4211 5010 5962 6123 6398 6566 8101 13489 13954 14024 14410 15392 17550
311 1763 1872 2504 5250 9729 10013 14191 15134 17000
159 3745 8754 9785 10076 10150 11236 13331 13858 16498
1570 2790 4144 5802 7126 7198 9056 10940 15159 16970 17526
359 1833 2934 3530 4198 4433 4455 5032 8374 9659 11473 12250 13753 13810 14642 16076 16209 17476 17586
880 1063 3473 4537 5380 8629 8702 9078 11021 12410 17494
1255 2690 3067 3596 3609 5159 6421 6467 8069 11213 13069 14471 17310
1528 3109 7233 7864 8552 9639 10238 11448 13586 13713 14062 16008 16267
2562 3016 3377 4384 5016 7303 8262 9673 10212 11046 13062 13498 14212 15395 15543 17884
1394 2004 2119 4407 4578 6169 7133 7716 8984 9597 10378 13278 13377 15199
1307 2082 4211 6067 6444 7148 8956 9494 10465 10923 11016 11797 15387 16203 16594 17791
473 533 595 746 3373 3657 7127 7999 8015 11650 12946 14239
254 1841 7658 9349 12290 13751 14680 15872 16846 17771
2031 2502 3489 7005 8583 8991 12389 12474 15149 17718 17883
2755 3849 5765 6243 12820 14067 15544 16274 16633 17385 17621
3231 3650 3711 6095 9997 13355 13572 14250 14476 17369
615 2105 2250 2828 4712 5633 8171 9389 15563 16650
194 3687 3884 4117 4455 9131 12502 13302 13491 15011 17814
1479 1562 1732 2204 4026 4348 5209 5218 8312 9909 10965 11298 12585 12678 12712
359 2934 4198 10808 10809 11473 12250 16076 16209 17476 17586
1875 4355 5253 5917 7970 8824 9828 12243 12365 15111 15478 15856 16342 16829 17544
3582 5968 7012 7758 8699 10880 14153 14650 16024 17159 17771
1028 1326 4607 7114 8128 8389 9696 10778 11313 12202 12973 13105 14660 14773
