11 1031 2001 3067 3137 3596 3609 4787 5159 6450 6467 7277 8069 8096 9874 11872 15511 16041 17310
2425 3176 4391 7342 8934 9417 12553 15610 16642 16958
120 497 960 1092 1471 1653 1673 1748 2166 2484 2525 2739 2742 2877 3326 3472 3946 4184 4230 4400 4483 4638 4802 4862 5430 5558 5619 5622 5630 5897 6341 6674 6828 7355 7358 7495 7686 7806 7838 7909 8073 8083 8221 8319 8404 8651 8883 8974 9003 9657 9980 10137 10303 10406 10459 10651 10666 11353 11364 11553 11587 11616 11775 11776 11876 12065 12303 12339 12770 12847 12944 13176 13192 13268 13325 13584 14392 14443 14601 15100 15105 15793 15870 15941 15983 16131 16532 16697 16833 16880 16903 17027 17156 17242 17635 17708 17784 17869 17918
453 537 1426 1693 1959 2380 2581 2747 3174 3897 5508 8061 8393 10005 10540 14872
918 2047 2756 2867 3116 4021 4880 5716 6309 6417 6853 7725 9261 10786 10959 12697 13468 14811 15621 15932 16253 16347 16737 17150 17665
1638 2310 2798 3039 3424 4546 5323 6527 8980 11303 12329 12472 14026 14547 15823 17790
755 1437 3262 6145 7538 8648 8740 9483 9965 11133 13495 14733 15838 17885
110 1049 1276 2986 3949 5489 7344 7800 12341 13654 14106 14172 15104 15508 15962 16136 17963
1545 2601 2910 3130 4655 5497 8659 9509 9540 9542 9714 10415 11747 12229 13113 13413 13795 14433 16067 16298
1066 1693 4486 4888 8619 10711 11732 13986 16220 16980
649 5461 6067 7357 10383 12097 12980 12991 13274 13297 13971 15099 15574
115 130 400 472 526 549 635 733 769 782 791 808 830 1081 1151 1552 1724 1726 1780 1839 1867 1951 1992 2370 2419 2482 2588 3046 3239 3273 3328 3331 3346 3463 3586 3679 3694 4078 4106 4111 4153 4166 4229 4285 4298 4454 4561 4723 4781 4812 4821 4872 4988 5018 5045 5049 5095 5262 5279 5415 5468 5515 5710 5762 5788 5817 6330 6397 6431 6508 6608 6719 6802 6843 6944 7042 7077 7111 7122 7126 7302 7312 7452 7539 7540 7574 7589 7868 8121 8178 8391 8420 8446 8509 8667 8723 8728 8734 8740 8785 8927 8946 8977 9029 9060 9126 9228 9240 9241 9293 9378 9425 9516 9539 9543 9758 9802 9892 10017 10197 10219 10230 10546 10573 10707 10917 10945 11031 11080 11108 11145 11180 11239 11254 11266 11318 11363 11365 11631 11823 11873 12022 12106 12211 12293 12340 12497 12542 12650 12978 13042 13211 13228 13567 13595 13685 13808 13838 13910 14016 14092 14567 14720 14775 14889 14910 14965 14990 15112 15474 15475 15486 15557 15738 15748 15824 15831 15846 15907 15984 16036 16308 16339 16445 16607 16773 16867 16980 17066 17110 17175 17371 17741 17900 17914
937 1782 4225 4491 5843 8037 8483 10094 10992 12219 13970
184 1575 8121 10714 11357 13308 15136 15898 16283 16285
1243 2135 4042 5743 8180 9021 11981 13991 15166 16337
2331 4781 6004 6195 7437 10268 10537 10698 11562 14178 15895 16421 16543 17371 17741
1014 1240 1661 3148 3233 8136 10617 14565 14930 15301 15365
1479 4026 4637 5218 5220 5753 5908 6478 7176 7733 10421 10929 11298 11881 13639 15847
799 1014 2844 4435 6053 6831 10264 10983 11390 11606 13656 14178 17900
1829 3125 4915 5967 7090 7398 8296 11330 14137 14937
511 4842 7940 8400 8990 10251 10967 12805 13940 15955
442 1338 2399 5869 7658 10880 14153 15872 17352 17497
1028 4607 7114 8128 9696 10439 11313 12973 14660 14773 16689
3547 4060 4454 4471 6624 6676 6754 8187 9484 9565 9696 9987 10184 11688 11767 12526 14216 15018 17357 17594
890 1814 2426 3991 4655 5793 7863 10669 11445 14739
880 2151 3473 5380 8702 9078 10225 12410 13613 14066 15192 15202
248 1603 1742 1989 3848 8673 10419 13241 17480 17794
560 807 2479 6513 7924 9001 10046 10068 11064 12348 14120 14196 15093 17402 17631
121 2156 2244 2774 2831 3669 5122 5633 5949 6062 6394 6489 8115 8171 8233 8403 9143 9966 10591 10699 10991 11264 12310 12594 12612 12682 12865 14422 14705 15183 15619 15922 16065 16215 16449 16641 16930 17523 17536
238 417 855 1680 2377 4703 5185 5266 7904 8661 9033 9884 11619 11860 12533 12833 14956 15678 16484
48 862 1009 1195 1307 2453 3623 4533 5310 7014 7880 7957 8633 9323 9387 12419 12868 13350 14237 14564 14950 15436 16118 17676 17738
256 1580 3524 4381 4969 10971 13523 15916 15980 16893
477 2238 2435 3122 3161 5204 5423 6523 7623 7883 8027 8718 8797 9272 9331 9740 10283 10346 10708 11067 11074 11437 12104 12284 12336 12637 12670 13031 13079 13437 14671 15733 15785 15957 16374 16902 17033 17517
942 1327 1742 2205 2539 3848 5624 10419 11721 12428 13717 13947 15084 16075 16948 17794
1479 1562 1732 2204 4026 4348 5108 5202 5209 5218 5220 5908 6068 7733 8312 9184 9909 10965 11298 11675 12585 12678 12712
1411 2874 6152 6862 7325 8993 9234 11383 13293 16021
4969 6130 10486 11922 12194 13215 14176 16893 17081 17504
2310 3424 7095 7647 8980 10448 11649 13037 14898 15823
3452 4572 7246 8339 9126 9166 11024 11336 11807 13735 16518 17091 17315
7 98 366 1867 2435 2567 3867 4111 4991 5095 5488 6843 7280 8843 9634 11023 11357 12096 12340 14441 15831 16285 16626 16659
355 387 492 1346 2302 2362 2838 3295 4705 4853 6198 6772 7311 7597 7780 8942 10998 11841 12414 12836 13124 13937 17456
159 3256 3745 3995 5261 9785 10150 13331 13858 15356 16498
1355 4376 4693 5595 5608 5843 7728 11215 12900 13921 13970 14427 15912
1063 2792 3918 4235 4441 4537 5380 8702 11021 15202
905 1028 1326 2846 3568 4607 6173 6369 6413 7114 8128 8389 8422 8426 8605 9696 10374 10439 10450 10778 11255 11313 12202 12949 12973 13105 13822 14660 14773 15473 16689
4760 5353 6130 6951 11922 12194 13341 14176 14277 17504
1833 2934 8374 10809 12250 13810 14642 14676 16209 17586
3208 6346 6907 8694 11492 12887 15963 17039 17515 17972
1664 3208 6346 6907 8694 9052 11492 12887 15963 17039 17515 17972
159 3552 4283 7949 7954 12076 12770 13487 17310 17542 17661
