=== Parameters ===
QualitiesFiles : datasets/synthetic/qualities_train.csv
PropertiesFiles : datasets/synthetic/properties_train.csv
attrType : NOMINAL
resFolder : synthetic_jaccardSupportDescriptionTarget_0.4_100000_WRAcc
minSupp : 10
nbLoops : 100000
maxOutput : 50
maxRedundancy : 0.4
maxLength : 5
measure : WRAcc
UCB : UCBSP
refineExpand : TunedGenerator
duplicatesExpand : AMAF
pathLength : -1
refineRollOut : Large
jumpingLarge : 10
rewardPolicy : MaxPath
memoryPolicy : TopK
topKMemory : 1
updatePolicy : Max

=== Result Information ===
date : 20/10/2025 13:13
runtime(ms) : 141725
nbPatterns : 50
measures : 0.00 0.00 0.00 0.00 0.00 0.00 0.00 0.00 0.00 0.00 0.00 0.00 0.00 0.00 0.00 0.00 0.00 0.00 0.00 0.00 0.00 0.00 0.00 0.00 0.00 0.00 0.00 0.00 0.00 0.00 0.00 0.00 0.00 0.00 0.00 0.00 0.00 0.00 0.00 0.00 0.00 0.00 0.00 0.00 0.00 0.00 0.00 0.00 0.00 0.00
descriptionLength : 1 2 2 2 4 2 4 2 2 4 2 2 2 2 2 2 2 2 2 2 4 2 3 2 2 2 3 2 2 2 2 2 2 2 3 2 2 2 2 2 2 2 2 2 2 2 2 2 2 2