2303 2924 7031 7520 7913 10139 10413 12223 13855 16165 16344
616 643 2378 2431 2448 2711 3585 4305 4326 5454 5487 5677 6349 6733 7103 7269 8165 8903 10024 10572 11193 11641 13146 14895 15606 16100
975 1201 4022 5657 7132 9943 10890 12413 12901 12951 16171 17285
921 2344 2762 3493 3733 6696 6776 7565 8601 8857 9332 9744 9831 11523 12300 13534 13690 14497 15194 17426 17576 17779
517 613 1106 1444 1668 2596 2721 3012 3301 4022 4717 5094 5109 5657 5713 6116 6235 6662 7637 8491 8925 9650 9671 9943 10318 11949 12031 12951 14180 14977 16097 16171 16401 16884 16969 17129 17164
711 2344 2762 2766 3493 3573 3733 6696 6725 6776 7565 8127 8857 9860 10000 10190 11523 11708 12184 13690 15194 15616 15837 16715 17779
2094 2655 2870 3280 4178 4377 7657 10054 10404 14542
408 433 457 2326 3677 3735 5528 5650 6483 6893 8634 9924 10953 12626 12898 13056 15410 16096 17473
914 1578 3644 4226 6308 7510 8139 12508 12565 13661 17485
59 66 2195 3306 3938 7833 11084 12708 12825 14466 15526 17764
394 2666 4311 4520 4763 6134 10926 11297 12403 12579 12655 12918 13019 15948 17766
1462 2378 2431 2711 3585 4518 5677 6733 7269 8165 8903 11193 13146 15411 16100 17276
117 1675 5925 9570 9906 12082 13286 14379 14891 16528 16539
59 1802 2195 3306 3938 7708 7833 11084 12708 12825 13475 14466 17384 17408 17764
21 500 7408 13141 14108 14576 15141 16052 16815 16964
1232 2241 7474 7729 9977 11710 12020 12686 12842 15382 15995 17648
394 3763 4763 5091 6134 6380 10369 11297 12655 12918 13019 15273
1036 1317 3204 4334 5690 5983 7981 8920 9955 10220 12088 12835 14667 15571 16288 16932 17952
2345 3883 5244 6939 8781 9132 9312 10891 11122 11609 12779 12882 15026 15897 17325 17604
541 2284 2836 3097 5439 6552 7834 8255 9348 10529 11050 13593 16193
659 2076 3505 5244 6939 8781 9132 9300 11122 11609 11855 12882 13363 14182 15026 15488 17142 17325 17604
2044 2268 3158 3361 3571 9023 9518 9666 11892 11989 12945 13352 15812 16894 16898
457 2326 3677 3735 5528 8365 9924 10001 10953 12626 14653 16096
68 403 780 1013 3358 3607 4267 5602 6721 6881 7156 7468 7514 7757 8102 8224 8745 9010 9759 10866 11105 11162 11677 12161 12467 12739 12876 13077 13769 13865 14746 15320 15587 16013 16785 17030 17166 17564 17672
2028 2770 2898 3720 4152 6414 7893 11720 11724 12061 12567 12722 16437
310 2044 2247 2268 3158 3361 11892 11989 15812 16058 16894 17320
310 2044 2247 2268 3361 9518 12945 14463 15812 16058 17320
157 389 832 1210 1792 1961 2021 3029 3207 3429 3462 4529 4881 5569 6601 7903 8214 8290 8652 8806 8965 11040 11153 11469 12735 12927 13888 14155 14727 15042 15355 16168 17076 17219 17707 17956
222 394 2666 2988 3763 4311 4763 5500 6134 6380 10926 12579 12655 15273
28 474 738 1854 1857 2196 2251 3120 3480 4190 4725 5114 5125 5212 5781 5829 6176 6838 6986 7411 7899 7952 8130 9520 10307 10356 10475 11081 11792 13075 13917 14541 15044 15125 15378 16250 16362 16578
1462 2960 3585 4305 4326 4518 6349 6733 7269 8165 8903 9845 10024 10572 10939 11193 14895 15606 16210
685 2022 3155 5372 5427 5613 6176 12780 13712 14242 15691
310 2044 2247 2268 3576 9518 12945 14463 15812 16058 16898 17320
1462 2711 3585 4305 5845 6349 6733 7103 7269 8165 10024 10939 11193 12134 13146 15411 15606 16100
432 606 1235 4070 4544 5475 5579 6592 6962 7143 9035 9552 10007 10756 10980 11221 12595 17038
66 2195 7833 8492 11084 12708 13475 14466 14858 17384 17408 17764
517 613 743 1106 1201 1263 2138 2596 2721 3012 3737 4022 4044 4660 4717 5109 5713 5959 6116 6235 8491 8925 9905 9943 10154 10318 10890 11009 11519 12413 12951 13151 14180 14977 16171 16367 16553 16835 17129 17285 17607
2199 2833 3316 3363 3939 4567 4622 4700 5469 5965 6451 6470 6511 7097 7117 7950 8614 9068 9185 9229 9448 9503 12397 12546 12749 13617 13637 13765 14164 14658 14933 15014 15296 15894 16319 16536 16651 16753 17535
2028 2770 2898 6114 7893 11720 12061 12722 14566 15322 16437
490 719 2418 2875 3043 3799 4175 4216 4218 5006 5259 5487 6406 6457 6587 6855 8217 9238 9726 9808 10125 10127 10256 11703 11963 12434 12460 12667 14753 16460 16670 16703 16993 17020 17657 17862
222 394 2666 3763 4520 4763 5500 10926 12403 12655 13019 15273 17766
1915 2176 2206 2274 2638 2835 3171 3282 3724 3976 4698 5025 5287 6263 6709 7517 9776 9998 11413 11819 12162 12873 13541 15160 15348 16489 16803 17230
711 2344 2762 2766 3573 4169 6696 6725 7565 7962 8127 8857 9831 10190 11880 12478 13534 14497 15616 16715 17426 17428 17670 17695
310 2044 2111 2268 3158 3576 9518 10571 12945 14463 16898
21 500 2582 3072 7408 7485 9443 12111 13141 13603 14108 14576 15141 15408 16052 16815 16830 16964
293 3821 5862 6006 6103 9095 9841 11249 12133 14063 15033 15684 17529
116 250 361 842 970 978 1179 1202 1399 1571 2005 2034 2292 2477 2510 2528 2615 3064 3286 3512 3646 3858 4036 4064 4380 4632 4684 4720 4797 4814 5127 5369 5516 5736 5794 5965 5991 6168 6269 6542 6688 6866 7030 7135 7267 7541 7948 7990 8590 8638 8645 8669 8801 8910 9164 9340 9968 10057 10149 10170 10263 10480 10539 10621 10687 10694 11135 11190 11821 11926 11961 12148 12455 12659 12715 12904 12941 12957 13236 13665 13695 13750 13752 13941 14009 14536 14707 14924 15029 15165 15209 15398 15708 15720 16142 16377 16486 16600 16623 16809 16851 16992 17149 17152 17341 17361 17481 17602 17639 17650
28 474 738 1045 1854 2196 2618 2801 3120 3480 3525 4325 4725 5114 5129 5212 5933 6176 6461 6986 7010 7220 7952 8050 9082 9097 9515 9561 9766 10307 10475 11081 11657 11864 12053 12935 14319 14541 15378 16073 16187 16511 16578 17064 17095
743 747 1106 1263 1444 2138 3012 3103 3301 4022 4044 5094 5657 5713 5959 6116 6129 6235 6662 6685 6953 7745 8491 8925 9049 9650 9671 9905 9943 10154 10890 11009 11519 12031 12413 12951 13283 14180 16367 16401 16835 16884 17285 17579
28 474 1857 2142 2436 2801 2872 2995 3120 4190 5114 5125 5129 5342 5829 6176 6461 6838 6986 7010 7411 7952 8050 8130 8717 9097 9520 10307 10475 10974 11029 11081 11780 11864 12053 13075 13289 13917 16511 16578 17095 17503
