3 5 9 11 16 19 23 25 35 37 41 45 52 61 63 64 70 72 81 94 104 109 112 116 118 119 124 127 130 134 139 143 145 148 154 155 156 158 159 164 166 167 170 174 176 177
2 17 24 28 29 33 34 35 36 40 42 46 51 53 57 61 62 63 69 73 75 76 87 92 98 101 115 116 119 121 127 129 131 134 140 142 143 148 154 158 159 163 166 171 175 177
2 9 24 29 36 48 53 62 67 74 78 87 95 100 112 113 119 121 129 132 157 162 171
9 11 18 24 25 28 29 30 31 36 43 45 46 48 55 58 63 66 68 73 74 78 80 90 95 101 105 109 112 117 125 129 130 135 137 140 143 147 154 159 165 166 171 173 177
2 8 13 14 22 25 28 29 31 34 35 36 38 45 46 58 64 69 72 76 77 81 85 100 116 118 119 127 130 138 143 145 148 156 158 159 161 163 165 166 168 172 173 175
2 13 14 16 26 39 59 68 73 132 169
1 4 6 12 15 17 24 27 30 32 33 34 36 37 38 39 40 41 42 43 44 45 47 49 50 51 52 54 55 56 57 61 62 63 65 66 67 68 70 71 76 79 80 82 83 86 88 89 96 98 99 101 103 105 106 107 108 110 111 113 114 119 120 121 123 126 128 129 130 131 135 136 137 141 144 148 150 151 153 158 160 164 169 171 177
1 6 12 27 32 50 71 82 83 96 99 107 110 126 136 144 153
1 2 4 6 12 14 15 17 19 20 24 26 27 30 33 34 36 37 39 40 42 49 50 51 60 61 62 63 65 66 67 71 75 76 79 82 83 84 86 89 91 93 96 98 99 103 106 107 108 110 113 117 120 126 128 131 132 136 137 141 144 146 149 150 151 153 155 157 158 162 164 167 168 169 171 174
1 2 3 4 5 6 8 10 12 15 16 17 19 22 23 24 26 27 30 33 34 36 37 38 39 40 41 42 45 46 47 48 49 50 51 52 53 55 57 58 60 61 62 63 65 66 67 69 70 71 72 75 76 77 79 81 82 83 84 85 86 87 88 89 90 91 93 94 95 96 97 98 99 100 101 102 103 104 106 107 108 110 111 113 114 115 117 118 119 120 121 123 126 127 128 129 131 132 136 137 138 139 140 142 143 144 146 147 148 150 151 152 153 155 156 157 158 159 161 162 163 164 165 167 168 169 171 173 174 175 176 177
1 4 6 7 8 10 11 12 13 14 15 16 18 19 20 21 26 27 30 32 33 34 35 37 38 39 40 41 42 43 45 46 48 49 50 51 52 54 55 56 57 59 60 61 62 64 65 66 68 70 71 72 73 74 75 76 78 79 80 82 83 85 86 88 89 90 91 92 95 96 97 98 99 100 101 102 103 105 107 108 109 110 111 112 113 114 115 116 117 118 119 120 122 123 124 125 126 127 128 131 132 135 136 137 138 139 141 142 143 144 146 147 149 150 151 153 155 156 158 159 160 161 162 163 166 168 169 170 171 174
4 6 7 9 13 14 15 16 20 28 33 34 39 47 49 64 69 70 71 74 80 99 105 110 136 140 143 151 164 170 173 177
3 6 7 8 9 12 15 21 29 31 33 39 44 50 51 54 56 59 61 68 73 75 78 82 84 90 92 93 98 108 120 122 124 132 135 137 146 151 169 170 171 176
1 5 6 7 9 10 11 12 13 14 15 16 19 20 21 23 24 25 26 27 28 30 32 33 34 35 36 37 38 39 40 41 42 43 45 47 48 49 50 51 52 53 54 55 56 57 58 59 62 65 66 67 68 70 72 73 74 76 77 79 81 82 85 86 87 88 89 90 91 92 95 96 97 98 99 102 103 105 106 109 110 111 112 113 114 115 117 118 119 121 122 123 125 126 127 128 130 131 133 134 135 137 138 139 140 141 142 143 144 146 147 148 150 151 152 153 155 156 158 159 160 161 162 163 164 165 167 168 169 170 172 173 174 176
8 22 25 28 29 31 34 35 36 38 44 45 47 58 60 61 63 69 72 75 95 116 118 123 129 130 134 138 140 143 145 148 154 158 159 163 165 166 168 173 175 177
1 4 6 10 12 36 38 39 40 49 51 55 56 58 59 71 78 79 80 82 83 88 96 99 101 107 108 125 126 128 135 136 137 144 146 150 151 153 155 169
1 2 4 6 10 11 15 20 23 24 26 30 34 36 37 39 40 42 47 49 50 51 52 54 55 56 61 62 63 65 66 67 69 71 73 79 80 82 83 86 87 88 91 95 96 97 98 99 100 101 103 106 107 108 110 113 114 115 116 117 120 122 123 126 127 128 132 135 136 137 138 139 140 141 142 143 144 146 147 150 151 153 158 160 162 163 168 169 171 177
1 2 3 4 6 7 9 10 12 15 16 17 19 20 21 24 26 27 30 33 34 35 36 37 38 39 40 42 43 44 47 48 49 50 51 53 54 55 56 57 60 61 62 63 65 66 67 68 70 71 73 74 76 77 78 79 80 81 82 83 84 85 86 87 88 89 90 91 92 93 95 96 98 99 101 102 103 104 105 106 107 108 109 110 111 112 113 114 115 117 119 120 121 123 124 125 126 128 129 131 132 133 135 136 137 138 139 140 141 142 143 144 146 147 149 150 151 153 154 155 157 158 160 161 162 163 164 166 167 168 169 171 172 174 176
1 2 3 4 6 7 8 9 10 11 12 13 14 15 16 18 19 20 21 23 25 26 27 28 30 32 33 35 37 39 40 41 42 43 46 47 48 49 50 51 53 54 55 56 57 59 62 63 65 66 68 70 71 73 74 75 77 78 79 80 82 83 84 85 86 88 90 91 92 93 94 95 96 97 98 99 101 102 103 105 106 107 108 109 110 111 112 113 114 115 117 118 120 122 123 124 125 126 127 128 129 131 132 133 134 135 136 137 138 139 141 144 146 147 149 150 151 153 158 159 160 162 168 169 170 171 172 174 175 176 177
1 3 4 5 6 8 10 11 13 14 15 16 18 20 21 22 23 24 25 26 28 29 30 31 32 34 35 36 37 38 39 41 42 43 44 45 46 48 49 52 53 57 59 60 61 64 65 67 69 70 71 72 73 74 75 76 77 79 81 82 83 85 87 89 91 94 95 96 97 99 100 101 103 104 106 107 108 109 110 111 112 113 114 115 116 117 118 119 121 122 123 124 125 127 129 130 133 134 136 138 140 141 142 143 144 145 146 147 148 149 150 151 152 153 155 156 157 158 159 160 161 163 164 165 166 168 170 172 173 176 177
7 11 14 22 25 44 45 80 165 172
3 10 11 20 32 37 41 45 49 66 71 74 75 102 104 106 107 117 122 125 141 155 170 172
3 5 7 8 9 10 11 13 14 18 19 21 22 25 29 36 41 45 48 59 72 74 78 81 94 95 104 107 109 116 122 124 125 127 130 132 134 135 139 145 152 154 164 165 170 174 176 177
1 2 3 4 5 6 7 10 12 15 16 17 18 21 22 23 24 26 27 29 30 33 34 35 36 37 38 39 40 41 42 43 46 47 48 49 50 51 52 53 54 55 56 57 58 60 61 62 63 64 65 66 67 70 71 72 74 77 79 81 82 84 85 86 87 88 89 91 93 94 96 97 98 99 100 103 104 105 106 107 108 110 112 115 117 118 119 120 121 122 123 126 127 128 129 131 133 134 135 136 137 138 139 140 142 143 144 145 146 148 150 151 152 153 155 156 157 160 161 162 165 167 168 169 170 172 174 175 177
2 3 5 8 9 14 17 19 21 23 29 31 43 44 47 53 55 58 61 63 65 70 78 81 90 93 97 98 100 104 113 114 118 121 124 129 130 149 152 155 162 164 165 166 167 172 175 176 177
3 8 16 17 22 31 36 43 44 45 52 53 55 57 58 60 61 64 69 70 81 93 95 104 111 112 116 119 125 129 131 134 140 145 155 158 159 162 163 165 167 173 175 177
1 2 3 4 5 6 7 8 9 10 11 12 13 15 16 17 18 19 20 21 22 23 24 25 26 27 28 29 30 31 32 33 34 35 36 37 38 39 40 41 42 43 44 45 46 47 48 49 50 51 52 53 54 55 56 57 58 59 60 61 62 63 64 65 66 67 68 69 71 72 73 74 75 76 77 78 79 80 81 82 83 84 85 86 87 88 89 90 91 92 93 94 95 96 97 98 99 100 101 102 103 104 105 106 107 108 109 110 111 112 113 114 115 116 117 118 119 120 121 122 123 124 125 126 127 128 129 130 132 133 134 135 136 137 138 139 140 141 142 143 144 145 146 147 148 149 150 151 152 153 154 155 156 157 158 159 160 161 162 163 164 165 166 167 168 169 170 171 172 173 174 175 176 177
8 25 29 35 38 45 53 63 85 97 114 119 123 129 148 152 154 156 165 166
7 9 18 27 30 31 32 33 35 37 41 42 43 48 50 54 55 56 58 68 70 74 78 79 88 90 91 101 102 105 108 122 126 128 131 137 143 154 159 160 170 173 174
1 2 4 6 10 11 16 17 18 20 23 24 25 26 27 30 32 33 35 36 37 38 39 40 41 42 43 44 45 46 47 49 50 52 53 55 56 57 58 59 60 61 62 65 67 68 69 70 71 75 76 77 80 81 82 83 84 85 86 87 89 90 91 92 95 96 97 98 99 100 101 102 103 105 106 107 108 110 111 112 114 115 116 117 119 120 122 123 125 127 128 129 130 131 133 136 137 138 139 140 141 142 143 144 146 147 148 149 150 151 152 153 155 156 157 158 159 160 161 162 163 164 165 166 167 169 172 173 174
1 9 14 15 17 22 24 28 30 37 44 45 50 66 68 72 74 75 79 83 87 88 90 97 100 101 104 105 106 110 116 118 121 125 126 128 129 130 135 140 144 156 163 164 169 173 175
2 16 38 46 49 112 121 129 144 145 162
3 5 8 14 16 22 23 31 36 45 57 58 59 69 70 72 75 76 77 85 94 111 116 118 124 127 130 132 134 135 145 148 149 152 154 161 164 166 167 170 173 175 176
3 4 6 21 22 28 71 79 87 136 150 153
8 17 22 25 28 31 34 35 36 45 46 57 64 69 72 73 76 85 100 105 111 116 118 119 121 124 134 138 142 143 145 149 156 158 159 163 165 166 173 175
2 5 22 31 36 63 85 93 140 145 161
2 3 5 14 16 17 18 22 25 29 31 35 36 41 45 46 58 61 69 72 75 81 85 87 94 100 104 106 115 116 118 124 125 130 134 137 145 149 155 158 161 163 167 170 173 175 176 177
1 2 3 4 6 7 9 10 11 12 13 14 15 16 18 19 20 21 24 26 27 28 30 32 33 35 36 37 39 40 41 42 43 44 45 46 47 48 49 50 51 52 53 54 55 56 57 58 59 60 63 64 65 66 67 68 69 70 71 72 73 74 75 76 78 79 80 82 83 85 86 87 89 90 91 92 94 95 96 98 99 100 101 102 103 105 106 107 108 109 110 112 113 115 117 122 123 124 125 126 128 130 131 132 133 135 136 137 139 141 142 143 144 146 147 148 150 151 152 153 155 158 159 160 162 163 167 169 170 171 174
1 2 3 4 5 6 8 10 12 13 14 15 16 17 18 19 20 21 22 26 27 32 33 38 39 40 42 44 46 47 49 50 51 52 53 54 55 56 57 59 60 61 62 63 64 65 66 67 68 70 71 72 73 75 76 77 79 80 82 83 84 85 86 87 88 89 90 91 92 93 94 95 96 97 98 99 100 102 103 104 106 107 108 110 111 113 114 115 117 118 120 122 123 124 126 127 128 130 132 136 137 141 142 144 145 146 147 149 150 151 153 155 156 157 158 159 160 163 164 167 168 169 170 171 172 173 175 176 177
1 2 4 5 6 8 12 15 16 17 22 23 24 26 27 28 29 30 31 33 34 35 36 37 38 39 40 41 42 43 44 46 47 49 51 52 53 54 55 56 57 58 60 62 63 64 65 66 67 68 69 70 71 72 73 77 79 80 82 83 84 85 86 87 88 89 90 91 92 93 95 96 97 98 99 100 101 103 105 106 107 108 110 111 113 114 116 118 119 120 121 123 126 127 128 129 131 133 134 135 136 137 138 140 142 143 144 145 148 149 150 151 152 153 156 157 158 159 160 161 162 163 165 166 167 168 169 173 175
2 3 9 22 23 24 28 29 31 36 43 44 47 48 58 67 70 74 78 81 87 94 95 104 106 112 129 130 133 134 140 145 148 154 157 162 164 165 166 167 172 173 175
2 5 17 22 23 25 28 29 31 34 35 36 42 43 45 46 47 48 53 58 64 78 92 95 100 104 112 116 119 121 129 130 133 134 140 145 152 154 155 162 163 165 166 167 168
5 8 16 25 28 29 31 35 36 38 44 45 46 63 64 69 72 76 77 85 97 100 116 118 119 123 127 138 140 142 145 148 156 158 159 161 163 165 166 167 173 175
3 5 8 16 18 22 23 25 29 31 35 36 38 45 47 52 58 61 72 75 77 81 85 87 94 102 111 112 118 124 127 129 132 133 134 145 152 155 161 164 167 168 172 173 176 177
5 9 10 13 14 15 18 19 20 21 27 32 37 50 56 59 66 72 75 78 80 98 101 102 105 109 110 117 122 124 125 132 135 139 146 147 170 171 176
3 6 10 12 14 15 21 26 31 32 44 47 51 59 66 68 73 74 75 78 82 83 86 91 93 96 98 99 107 108 110 115 116 117 122 124 125 127 132 135 144 158 163 170 171 176 177
3 17 22 35 36 38 45 47 52 53 57 60 62 64 67 72 76 77 81 84 85 87 93 94 97 100 103 104 114 118 119 123 124 130 132 133 134 145 148 155 165 167 168 172
2 17 23 24 25 29 30 31 36 38 42 44 45 47 53 58 60 61 62 67 81 86 93 97 100 114 118 119 121 123 129 130 131 133 134 143 145 148 152 154 155 157 159 162 165 166 167 168 175
4 6 10 13 14 18 27 28 34 39 44 51 59 68 69 71 73 75 79 83 88 96 99 107 108 115 116 124 125 126 135 136 137 142 144 146 150 151 153 158 170 176
1 2 4 6 7 10 12 13 15 16 17 20 23 24 26 27 28 30 32 33 34 36 37 38 39 40 41 42 43 46 47 49 50 51 53 54 55 56 57 58 59 60 61 62 63 64 65 66 67 68 69 71 73 74 76 77 79 80 82 83 84 85 86 88 89 91 93 96 97 98 99 100 101 102 103 104 105 106 107 108 109 110 111 112 113 114 115 117 119 120 121 122 123 126 127 128 131 132 133 134 135 136 137 138 141 142 143 144 146 147 149 150 151 152 153 157 158 159 160 162 163 165 168 169 170 172 175 176 177
