1 2 3 4 5 6 7 8 9 10 11 12 13 14 15 16 17 18 19 20 21 22 23 24 25 26 27 29 30 31 32 33 35 36 37 38 39 40 41 42 43 45 46 47 48 49 50 51 52 53 54 55 56 57 58 59 60 61 62 63 64 65 66 67 68 70 71 72 73 74 75 76 77 79 80 81 82 83 84 85 86 87 88 90 91 92 93 94 95 96 97 98 99 100 101 102 103 104 105 106 107 108 109 110 112 113 114 115 117 118 119 121 122 123 124 125 126 127 128 129 130 132 133 135 136 137 138 139 140 141 142 143 144 145 146 147 148 149 150 151 152 153 154 155 156 157 159 160 161 162 163 164 165 166 168 169 170 171 172 173 174 176 177
15 26 36 51 66 69 73 76 108 111 115 124 137 140 149 158 159 170
2 5 22 25 29 35 36 53 57 84 100 104 116 119 121 129 134 145 148 152 156 157 159 161 165 173 175 176 177
5 22 35 52 58 70 81 94 127 148 164
10 19 20 26 32 42 59 66 68 73 80 90 92 96 98 102 110 112 115 117 132 135 141 146 156 170 171 174
17 23 24 30 36 47 52 61 62 63 66 67 84 87 93 94 98 101 102 108 110 112 120 121 124 129 130 131 155 157
7 9 18 19 21 32 48 78 80 88 105 117 122 125 135 137 139 146 171
12 27 29 31 33 37 44 84 111 113 114 121 126 127 137 148 152 171
25 29 34 38 58 60 64 87 100 118 140 142 148 157 159 164 166 167 173 175
3 9 21 22 25 75 118 123 143 155
11 13 14 20 21 23 34 46 48 74 78 90 92 95 98 105 109 111 138 141 142 143 145 161 164
7 9 11 14 18 21 28 41 48 69 74 81 90 92 101 109 112 132 135 145 146 171 173
2 4 9 10 12 14 18 20 27 32 37 39 44 47 50 51 62 66 68 71 76 79 80 82 83 84 87 88 90 95 96 97 98 99 107 108 109 111 113 115 118 120 133 135 137 139 141 142 146 147 149 150 151 153 154 157 164 169 170 176
2 8 23 25 35 46 63 64 72 75 76 77 93 97 111 118 130 140 148 156 157 159 161 166 167 168 175
24 28 30 33 34 37 42 43 64 65 68 86 89 92 98 101 105 112 116 117 126 131 138 141 142 147 160 162 174
11 28 34 37 41 73 92 101 116 158 160 162
21 23 26 28 31 37 42 48 62 74 78 90 92 95 110 112 117 122 125 134 135 139 141 145 146 149 159 163 165 171 174
4 15 22 36 38 39 45 50 51 53 56 64 65 93 96 97 100 107 108 123 130 137 144 151 152 165 166
24 30 80 86 102 112 128 130 135 137 168
23 28 31 45 53 67 69 104 152 166 177
5 8 14 30 34 38 44 58 60 75 76 89 106 116 118 123 129 130 140 142 143 157 161 164 166 175 177
24 28 31 38 52 53 57 61 63 67 70 87 90 95 112 119 129 133 134 140 142 143 162 165 175
3 7 8 31 34 35 41 42 45 47 61 66 67 75 81 84 100 101 104 119 121 122 127 128 134 138 145 152 155 174 176
3 6 9 13 14 22 28 48 55 60 62 66 72 75 76 85 87 100 102 108 109 111 122 124 130 134 135 137 164 171 176 177
2 3 24 29 49 55 57 58 60 61 62 65 70 89 104 127 130 134 144 148 156 162 172
5 8 14 35 87 94 134 148 173 177
5 8 14 16 23 25 34 35 36 38 45 52 70 72 76 85 87 94 97 100 116 118 134 145 148 155 158 159 164 166 173 175 177
11 14 18 19 21 36 41 48 73 78 81 92 94 95 102 105 109 112 124 125 130 132 134 139 154 163 176
1 35 36 37 38 45 57 58 66 78 81 84 88 95 100 106 112 129 130 141 147 155 161 165 174
8 9 17 21 23 25 28 34 45 58 59 70 72 73 76 78 80 81 87 90 92 93 104 105 106 109 111 116 118 129 130 142 143 156 158 161 164 167 174
1 2 7 9 17 23 38 45 47 51 56 62 63 70 87 91 93 100 104 113 114 121 132 145 170 171
29 31 41 52 118 123 133 142 154 161
7 9 11 13 14 18 19 20 21 29 31 32 41 43 45 48 68 70 74 78 90 102 105 109 117 122 125 132 139 141 148 154 166 174 177
24 30 34 37 43 47 52 60 61 84 86 87 97 108 121 131 140 144 159 162 163
4 16 22 23 44 81 88 99 107 112 116 125 132 133 140 145 150 154 160 161 175
15 23 26 29 31 34 36 40 43 44 51 56 63 66 73 75 82 87 98 102 108 114 115 119 121 137 149 154 159 160 163 165 166 169 171
22 35 45 52 72 81 94 130 148 155 165 166 177
10 11 12 13 14 20 21 34 39 41 42 43 50 59 60 64 68 74 75 88 89 90 95 110 117 122 123 141 143 170 174
5 16 35 38 44 52 60 62 63 76 93 97 106 123 124 130 134 148 156 164 168 172
11 13 20 21 25 29 34 35 37 48 49 52 56 65 69 77 90 95 98 100 109 116 118 119 127 143 145 159 161 162 165 173 174
22 24 28 31 44 58 65 100 121 134 140 162 165
2 3 5 8 17 38 52 57 60 61 62 63 65 67 72 84 85 87 93 94 97 100 108 111 120 121 123 127 132 134 140 144 161 168 170 177
5 8 9 11 13 14 18 19 20 21 32 36 39 41 59 69 73 74 78 80 90 92 94 105 109 115 116 122 124 125 132 135 137 139 149 170 171 176
22 35 45 59 68 69 73 74 104 148 149 160 171 176
1 18 26 30 32 43 66 73 88 92 101 105 108 110 115 117 126 128 141 160 174
8 14 17 22 23 25 29 31 35 36 47 52 57 60 63 64 72 76 77 81 85 94 97 103 111 113 114 118 119 121 123 124 129 138 156 157 165 166 172 173
2 3 17 29 36 47 53 57 60 64 66 70 81 84 90 93 98 103 104 114 116 120 121 129 138 147 152 156 159 162 163 165 166 168 172 176
3 5 8 13 14 16 29 31 45 48 59 69 75 81 90 94 124 125 127 130 133 145 154 155 164 167 177
7 9 17 24 31 56 78 92 93 95 98 162 174
1 5 8 10 14 21 22 32 39 72 75 88 107 135 146 172 177
