=== Parameters ===
QualitiesFiles : datasets/polluted_synthetic/qualities_train.csv
PropertiesFiles : datasets/polluted_synthetic/properties_train.csv
attrType : NOMINAL
resFolder : pollutedSynthetic_sumJaccard_0.8_100000_Acc
minSupp : 10
nbLoops : 100000
maxOutput : 50
maxRedundancy : 0.8
maxLength : 5
measure : Acc
UCB : UCBSP
refineExpand : TunedGenerator
duplicatesExpand : AMAF
pathLength : -1
refineRollOut : Large
jumpingLarge : 10
rewardPolicy : MaxPath
memoryPolicy : TopK
topKMemory : 1
updatePolicy : Max

=== Result Information ===
date : 21/10/2025 10:01
runtime(ms) : 105915
nbPatterns : 50
measures : 0.00 0.00 0.00 0.00 0.00 0.00 0.00 0.00 0.00 0.00 0.00 0.00 0.00 0.00 0.00 0.00 0.00 0.00 0.00 0.00 0.00 0.00 0.00 0.00 0.00 0.00 0.00 0.00 0.00 0.00 0.00 0.00 0.00 0.00 0.00 0.00 0.00 0.00 0.00 0.00 0.00 0.00 0.00 0.00 0.00 0.00 0.00 0.00 0.00 0.00
descriptionLength : 1 3 2 2 2 3 4 2 2 2 2 2 2 4 2 4 2 2 2 2 2 2 2 2 2 4 2 2 4 2 2 3 2 2 3 2 4 2 2 2 2 3 2 2 2 2 2 2 2 3