2 5 8 14 15 16 22 29 35 36 44 45 47 49 53 60 63 67 70 72 76 77 84 87 89 93 95 100 106 114 118 124 130 134 143 145 152 155 159 161 166 167 168 173 176 177
7 9 10 41 55 66 68 70 95 109 117 122 170 174
1 2 3 5 6 8 15 16 17 23 25 26 30 34 35 36 38 40 44 46 47 49 50 52 53 55 57 58 60 61 62 63 64 65 66 67 70 71 72 73 75 76 77 79 81 85 86 87 91 93 94 96 97 98 100 102 103 104 106 108 111 113 114 115 116 118 119 120 121 123 124 127 128 129 130 133 134 136 138 140 142 143 144 145 146 148 149 150 152 154 155 156 157 158 159 161 162 163 164 165 166 167 168 172 173 175 176 177
7 29 32 63 73 78 90 130 135 164
1 4 6 7 9 10 11 12 13 14 15 18 19 20 21 24 26 27 29 30 32 33 34 35 37 39 40 41 42 43 44 46 47 48 49 50 51 53 54 56 57 59 65 66 68 71 74 75 78 79 80 82 83 84 86 87 88 89 90 91 92 95 96 97 98 99 101 102 103 105 107 108 109 110 111 112 115 116 117 120 121 122 126 128 131 132 135 136 137 138 139 141 142 144 146 147 148 150 151 153 156 157 160 162 163 166 169 170 171 174
3 5 7 9 11 14 15 18 19 21 25 28 34 41 59 69 74 75 77 85 90 111 118 127 132 139 143 161 164 170 173 176 177
9 31 48 55 70 74 78 90 111 130 132 133 139 154 164 167 172
17 38 45 62 64 67 93 130 134 148 166
17 22 25 28 31 36 45 47 52 60 61 63 72 75 81 85 104 111 118 121 133 154 155 165 167 172 173
2 17 33 50 54 58 66 86 92 98 102 120 128 132 174
9 20 31 33 41 69 90 102 109 125 134 135 139
24 47 53 62 63 65 69 70 81 123 132 154 162 165 172
22 23 25 28 31 34 38 44 58 69 75 118 129 130 134 167 173 175
1 6 13 14 18 27 32 59 91 107 110 115 135 137 146 171
3 5 8 9 16 22 23 25 31 35 38 45 47 58 60 61 67 69 72 74 81 87 92 102 112 116 118 119 123 124 130 134 140 148 154 155 161 164 167 172 175
2 12 17 23 24 27 29 30 33 40 47 50 54 60 63 73 79 82 84 86 91 93 97 108 113 120 126 127 138 140 144 153 163 165 169
9 13 15 18 20 21 23 24 32 56 65 66 68 71 78 80 83 87 94 99 101 105 108 110 134 136 146 147 148 152 170
4 6 8 9 15 21 39 41 44 51 52 69 75 84 87 88 93 99 107 116 120 122 124 132 137 151 164 176
7 8 9 11 18 28 31 35 37 41 48 73 78 92 95 98 109 112 117 118 122 124 125 143 156 166 171 172 174
7 28 34 41 60 69 75 77 122 142 158 174
2 3 7 8 11 13 18 29 43 59 68 70 72 87 88 89 90 93 94 109 117 118 125 133 134 150 152 154 170 171 174 175
8 16 17 28 35 44 53 60 63 72 75 84 87 93 97 111 113 114 116 118 119 122 123 124 127 140 142 148 149 159 163 170 174 176
5 7 8 14 16 18 21 22 25 28 31 43 44 45 58 72 74 76 78 80 81 94 124 130 131 133 135 145 154 164 167 168 170
2 7 9 19 23 25 28 35 41 42 43 47 54 57 64 67 70 77 78 81 87 90 92 102 104 111 112 130 134 143 155 156 161 162 163 164 165 167 175
7 9 10 11 13 14 19 21 22 28 34 41 43 45 48 59 69 74 78 90 92 95 101 105 109 125 139 141 143 174
9 10 18 27 32 59 80 82 83 135 170 171
9 10 18 26 27 32 33 40 41 42 49 50 54 55 56 59 68 70 73 78 80 82 83 88 96 101 105 119 122 126 135 141 149 150 160 169 170 171 176 177
2 8 17 22 23 24 25 29 31 33 34 46 54 56 58 78 87 92 95 100 105 109 112 116 118 125 131 132 134 140 142 143 145 152 154 156 159 161 162 163 164 165 167 175
2 6 10 15 16 17 24 30 34 39 40 42 46 47 50 51 52 53 54 62 64 67 71 77 79 83 86 89 93 95 97 98 99 100 103 104 106 110 119 120 121 123 128 131 136 138 140 141 142 143 144 145 146 147 150 156 157 159 162 163 165 168 169 171
5 12 16 20 22 23 24 30 48 49 58 60 64 65 75 77 84 95 112 118 142 143 147 156 161 164 167 175
2 24 32 33 37 40 43 46 48 52 54 55 64 65 70 73 86 95 101 102 103 105 111 112 120 125 126 128 131 139 142 149 159 162 172
19 23 38 43 60 64 67 70 75 100 101 106 118 121 123 129 149 152 155 157 162 167 168 173
16 34 36 94 127 129 134 143 165 166
10 11 18 28 39 56 68 73 74 80 82 90 91 92 95 105 115 160 171
7 33 35 37 41 43 57 70 74 100 104 109 112 149 155 156 161 174 175
9 17 23 24 38 45 47 48 53 64 67 119 129 145 148 155 162 168 172
7 16 17 22 23 24 30 34 36 44 45 55 57 64 69 77 84 87 89 90 93 100 103 104 111 121 141 142 143 156 159 160 165 167 175
7 10 11 13 14 18 21 32 41 48 58 68 74 78 80 90 109 112 117 125 133 135 139 146 170
1 4 6 27 40 54 55 71 79 82 86 91 96 99 102 107 108 115 144 153
13 14 18 19 20 21 26 27 32 56 66 68 78 80 81 83 88 89 90 92 105 107 115 117 124 125 126 131 132 135 136 139 141 146 169 170 171
9 14 32 74 88 90 101 115 132 137
22 25 28 87 130 140 145 152 159 167 175 177
8 17 29 44 63 76 111 124 127 140 145 156
28 29 31 45 69 100 116 127 138 140 143 159 163 165 166
2 17 24 36 38 44 47 55 58 60 70 89 100 123 129 140 152 155 159 162 165 167 175
2 17 19 29 36 38 47 51 53 60 68 78 84 87 92 97 98 108 120 129 131 137 140 142 163 172 175
7 8 14 20 23 29 33 34 41 44 45 54 56 59 64 68 69 70 73 75 78 80 97 98 101 105 111 116 119 122 124 127 130 132 137 138 143 148 149 152 158 161 166 170 176
3 17 20 30 38 45 47 65 93 98 102 130 134 147 162 168
2 3 16 22 25 36 38 75 81 94 154 165 172 173 177
7 13 16 32 41 55 64 90 91 96 120 122 140 146 147 164
