2 3 7 9 17 22 24 26 30 36 41 42 43 47 53 60 63 65 70 74 78 81 84 87 90 93 94 102 117 119 120 121 129 130 131 133 139 162 174 176 177
2 3 7 9 16 18 23 27 31 41 57 59 60 67 70 72 74 78 84 85 89 91 97 102 103 111 112 114 117 122 125 130 140 154 156 161 162 164 167 170 172 174 175 176
1 3 14 22 23 25 29 31 41 44 59 69 70 72 75 77 80 81 94 102 105 107 111 129 130 134 135 137 145 153 156 164 167 173 175 176 177
1 4 6 9 10 12 13 18 39 43 51 66 71 74 78 79 82 83 90 91 96 98 99 107 108 115 125 126 135 136 137 151 153 160 171
1 2 4 6 8 9 10 11 12 13 15 18 19 20 21 22 24 25 26 27 29 30 32 33 34 37 38 39 40 42 43 44 46 47 48 49 50 51 53 54 55 56 58 59 60 61 63 64 65 66 67 68 69 71 73 74 76 77 78 79 80 82 83 84 85 86 87 88 89 90 91 92 95 96 98 99 101 102 103 106 107 108 109 110 111 112 113 114 115 116 117 119 120 121 122 123 125 126 127 128 131 132 133 135 136 137 138 139 140 141 142 143 144 146 147 149 150 151 152 153 154 157 158 159 160 162 163 164 169 171 176
3 5 7 9 18 19 21 22 25 28 29 31 36 38 44 45 59 62 75 78 80 81 85 94 102 106 116 121 122 124 125 127 130 134 135 139 143 148 154 161 164 167 170 171 174 176 177
1 3 7 12 14 18 20 27 30 33 38 49 51 56 59 68 70 79 80 84 85 86 87 90 92 96 101 103 105 108 111 114 117 126 132 134 135 137 144 149 150 151 153 158 160 170 176
2 3 29 30 37 47 53 57 60 70 84 89 100 104 106 118 121 127 131 133 134 144 152 162 165 167 176
3 4 19 21 28 32 33 34 35 40 42 47 51 54 56 64 65 68 69 72 88 89 92 95 97 102 103 112 114 116 118 120 125 126 128 129 133 138 139 143 159 160 161 164 167 168 170
6 8 15 18 25 26 28 29 33 39 43 44 51 56 66 68 69 72 73 75 76 88 91 98 108 113 115 116 118 124 127 132 134 135 137 140 149 151 158 159 160 163 166 169 170 171 173 176
4 6 7 9 11 12 18 30 31 32 41 43 66 80 83 105 117 122 135 146 147 150 153 160 164 171
1 10 15 24 27 39 40 42 44 46 50 52 54 60 62 65 71 73 76 79 83 84 86 88 89 93 98 99 111 113 114 115 119 120 126 127 128 129 131 136 138 146 149 150 153 157 158 162 169 172
2 17 23 36 46 52 57 58 60 63 64 86 87 89 91 97 100 111 116 119 121 123 138 140 144 145 159 161 163 167
1 6 10 12 21 24 27 32 33 34 35 36 38 39 40 46 49 50 51 54 55 56 59 65 66 70 79 82 83 86 88 89 91 96 100 114 115 119 123 128 137 138 141 143 144 146 149 151 153 156 169
3 4 5 8 9 10 14 19 22 25 28 36 38 41 45 59 61 67 69 72 74 75 81 85 90 92 94 104 111 116 124 136 145 148 150 154 155 161 164 167 170 172 173 177
5 8 22 25 35 38 57 58 69 72 75 76 77 91 123 156 161 163 175 177
5 7 9 19 21 23 35 41 57 62 69 70 72 77 78 81 85 90 94 95 98 111 123 129 130 134 143 145 154 162 165 166 173 174 177
2 24 29 47 53 67 89 100 119 121 142 157 162
2 7 9 24 27 29 31 33 37 40 41 42 43 47 53 56 58 62 67 68 74 75 78 84 86 89 90 100 109 112 117 119 121 123 128 129 130 131 132 133 139 142 143 145 157 162 163 174 177
3 8 9 10 11 13 14 18 19 21 35 41 45 48 57 67 74 75 77 78 81 92 94 102 104 109 112 117 118 122 123 124 125 134 135 139 145 146 148 154 155 164 167 172 174 176
8 15 23 26 29 31 36 38 47 51 61 62 63 66 69 73 75 76 87 97 98 108 111 113 114 116 118 119 121 123 124 127 137 138 140 142 148 149 156 157 158 159 163 165 166 175 176 177
2 5 8 17 22 28 29 31 34 35 36 47 57 60 61 62 70 72 75 85 87 89 94 97 116 119 123 124 130 134 140 142 145 148 156 157 159 161 164 165 167 172 174 175 177
2 3 5 17 22 23 28 29 31 35 38 44 45 46 47 53 57 60 63 67 69 70 72 77 81 85 87 97 104 106 111 114 116 119 123 129 138 140 148 155 156 159 161 163 166 172 177
7 9 11 19 20 21 24 27 32 37 41 42 43 48 55 56 65 66 68 74 78 81 88 89 90 92 95 101 102 105 109 112 117 122 125 128 131 132 135 139 141 143 146 147 162 171 174
2 7 9 19 22 23 24 25 30 31 42 45 47 48 58 61 62 64 68 74 78 92 95 100 101 104 105 112 117 119 121 125 130 133 135 139 145 148 152 154 155 161 163 164 165 167 174 175
1 9 10 13 14 20 21 27 32 42 50 56 82 90 95 102 107 115 132 135 153 177
1 4 12 23 24 30 51 53 56 80 82 86 88 91 99 108 128 135 137 144 153 162
5 8 16 22 25 35 45 58 69 72 75 81 94 119 124 134 145 148 154 155 161 167 173 176 177
7 9 11 13 14 18 19 20 21 25 28 29 31 36 37 38 43 45 48 58 61 63 70 74 78 81 90 92 95 100 102 103 109 112 114 117 119 127 133 139 141 143 149 152 166 173 174 175 177
3 5 7 9 14 16 19 22 25 29 34 35 45 58 59 60 70 72 74 75 76 77 81 85 87 89 94 97 102 104 106 124 125 130 132 140 143 145 152 154 155 159 161 164 170 172 174 176 177
3 29 31 53 58 129 134 152 154 161 164 165 167 174 176
3 5 9 22 25 29 30 31 35 36 37 38 44 45 47 48 52 53 58 62 81 94 100 104 106 109 112 127 129 130 131 134 147 148 152 154 155 156 161 164 165 167 168 174 176 177
1 8 15 17 22 24 26 30 34 40 46 47 49 52 53 54 57 62 64 66 73 75 76 77 86 87 91 98 100 103 104 106 111 113 116 119 120 121 122 126 127 128 130 131 142 148 149 155 156 157 158 163 171 177
1 2 15 16 17 22 23 24 25 26 27 31 33 36 37 42 44 47 50 52 54 60 62 63 67 72 79 82 83 84 87 88 91 93 97 98 100 101 103 106 107 110 114 115 119 121 123 128 129 136 140 145 148 149 152 155 156 157 159 160 161 166 167 168 169 172
5 8 14 18 24 25 26 31 33 34 37 38 41 46 54 56 58 60 67 76 85 89 90 91 92 95 102 103 105 110 116 120 124 125 131 140 142 143 147 149 159 163 168 170 173 174
1 7 9 12 18 21 24 26 27 30 32 33 43 48 51 56 66 68 78 80 82 83 86 91 98 101 105 108 110 115 116 125 126 131 135 137 139 143 144 147 153 162 169 171 174
7 8 9 18 19 21 25 31 32 36 41 43 48 61 63 64 74 78 80 81 84 87 88 90 92 95 102 109 111 112 124 132 135 137 139 145 147 152 154 165 166 171 172 174
3 5 7 8 11 13 14 16 17 22 23 31 36 44 47 62 69 74 77 81 85 94 104 118 122 124 127 133 134 138 143 145 148 154 155 161 163 167 170 172 174 175 176 177
3 7 9 14 19 35 40 41 44 45 47 49 53 55 57 61 63 66 70 72 81 84 85 91 93 98 104 111 117 118 121 139 140 145 149 155 156 159 161 162 166 172 174 175 176
3 5 16 21 22 23 25 27 28 34 35 41 47 49 57 58 59 60 61 63 66 73 87 91 93 97 100 101 104 110 114 120 121 122 129 130 131 132 141 143 164 169 170
1 6 8 12 15 17 23 24 26 27 30 37 38 39 40 42 44 47 49 51 52 54 55 56 62 66 67 71 79 82 83 87 88 89 91 98 99 100 103 108 110 113 119 121 123 127 128 131 138 143 144 152 153 159 168
1 6 22 24 36 64 72 82 96 99 106 107 119 130 137 142 153 159 163 166
1 4 5 6 12 18 27 51 56 79 80 82 108 132 137 143 151 169 174
1 2 4 10 15 26 37 39 42 47 49 53 54 55 58 62 65 67 71 73 82 83 87 96 99 101 103 106 107 113 114 115 123 128 129 131 136 141 146 147 149 150 155 167 174 177
9 11 24 31 37 43 48 74 95 109 112 139 147 174
3 5 11 13 14 18 21 22 28 31 32 38 43 48 50 55 56 68 72 73 74 77 78 88 90 95 102 105 109 112 115 117 122 124 126 132 137 141 147 150 151 154 161 165 168 170
3 7 9 11 13 14 22 85 109 155 170
11 23 24 25 28 29 30 31 34 36 37 41 43 47 62 64 76 78 90 95 109 116 127 129 130 131 133 140 142 143 145 148 159 160 162 163 165 166 167 168 172 173 175
3 16 22 23 24 28 29 31 36 44 45 53 58 60 61 62 64 67 77 81 87 94 97 104 111 116 119 121 130 134 140 143 148 154 157 159 161 162 165 167 168 172 173 175
5 9 12 16 18 19 22 23 25 29 31 32 34 35 36 37 38 55 57 69 71 72 74 85 87 88 91 95 97 106 110 113 118 121 123 124 125 132 145 146 149 151 154 159 161 163 164 166
