1 4 6 12 18 24 30 40 49 51 55 56 61 64 67 68 71 79 80 82 83 86 91 96 99 100 107 108 126 127 128 135 136 137 144 150 151 153 160 169 171
1 2 4 5 6 9 10 11 12 15 16 20 22 23 24 25 27 28 29 30 31 33 34 37 39 40 41 42 43 45 46 47 48 49 50 51 52 53 54 55 56 60 61 62 63 64 65 66 69 70 71 72 73 74 76 77 79 80 81 82 83 84 86 87 88 89 90 93 95 97 98 99 100 101 103 104 105 106 107 108 109 110 111 113 114 115 116 117 118 120 121 123 126 127 128 129 130 131 132 133 134 136 137 138 140 141 142 143 144 145 146 147 149 150 151 152 153 154 157 158 159 160 161 162 163 164 165 166 169 171 176
1 3 4 6 10 12 15 18 26 27 32 33 36 39 40 44 46 49 50 51 53 54 55 56 62 63 65 66 68 70 71 78 79 80 82 83 86 88 91 92 93 94 96 98 99 106 107 108 110 113 114 115 120 122 123 126 129 136 137 138 144 146 147 150 151 153 157 158 163 169 171 174 176 177
1 2 3 4 5 6 8 10 12 15 17 18 19 22 23 24 26 27 29 30 31 32 33 34 35 36 37 39 40 42 44 46 47 48 49 50 51 52 53 54 55 56 57 60 61 62 63 65 66 67 68 69 70 71 73 75 76 77 78 79 80 81 82 83 85 86 88 89 91 92 93 94 95 96 97 98 99 100 101 102 105 106 107 108 110 111 113 114 115 116 119 120 122 123 125 126 127 128 129 130 131 132 134 135 136 137 138 139 140 144 146 147 148 150 151 153 157 158 159 162 163 164 168 169 171 174 176 177
1 2 4 5 6 8 12 15 16 17 20 22 23 24 26 27 29 30 31 32 33 34 35 38 39 40 42 43 44 46 47 49 50 51 52 53 54 56 57 59 60 61 62 63 64 65 66 67 68 70 71 73 76 77 79 81 82 83 84 85 86 87 88 89 91 93 96 97 98 99 100 101 102 103 104 105 106 107 108 110 111 113 114 115 116 117 119 120 121 123 128 129 131 133 134 135 136 137 138 140 141 142 144 145 146 147 148 149 150 151 152 153 156 157 158 159 160 161 162 163 164 165 166 167 168 169 170 171 173 174 175 176
1 2 3 5 6 7 8 9 10 11 12 13 14 15 16 17 18 19 20 23 24 26 27 28 29 30 32 33 34 36 39 40 41 42 43 44 45 46 47 48 49 50 51 52 53 56 57 59 60 61 63 64 65 66 67 69 70 71 72 73 74 76 77 78 79 80 81 82 83 84 85 86 87 88 89 90 91 92 93 94 95 96 97 98 99 100 101 102 103 104 105 106 107 108 109 110 111 112 113 114 115 116 117 118 119 120 122 123 124 125 126 127 128 131 132 133 134 135 136 137 139 140 141 142 143 144 146 147 148 149 150 151 152 153 154 155 157 158 160 161 162 163 166 167 168 169 170 171 172 173 174 175 176
1 2 11 24 25 26 29 30 33 37 39 42 43 46 48 50 51 54 56 62 73 82 84 86 88 95 98 106 108 113 114 120 122 126 128 137 138 140 153 156 157 158 160 162 163 167 169
1 2 4 6 11 22 24 25 26 27 29 30 33 34 37 39 42 43 46 47 48 50 51 54 56 58 60 62 63 73 74 82 84 86 88 89 93 95 96 97 98 105 106 108 111 113 114 116 117 118 120 122 123 126 128 129 137 138 140 142 143 147 149 152 153 156 157 158 159 160 162 163 165 167 169
1 2 4 5 6 8 11 12 14 15 16 17 19 22 23 24 25 26 27 28 29 30 31 33 34 36 37 38 39 40 42 43 44 45 46 47 48 49 50 51 52 53 54 55 56 57 58 60 61 62 63 65 67 70 71 72 73 74 76 77 79 81 82 83 84 85 86 88 89 91 93 94 95 96 97 98 99 100 103 104 105 106 107 108 111 113 114 116 117 118 120 122 123 126 127 128 129 131 136 137 138 140 142 143 144 145 147 148 149 150 151 152 153 154 156 157 158 159 160 161 162 163 164 165 166 167 168 169 172 175 177
2 3 5 8 15 16 17 22 23 24 25 28 29 30 31 33 34 35 37 41 42 43 44 46 47 49 50 52 53 54 57 58 60 61 62 65 69 70 72 75 76 77 85 87 89 93 94 97 98 102 103 104 105 106 111 113 114 116 118 119 120 121 122 123 127 129 130 131 133 138 140 142 143 148 149 154 155 156 157 158 159 162 163 164 165 166 168 172 173 174 175 176 177
2 3 4 5 8 12 15 16 17 22 23 24 25 28 29 30 31 33 34 35 36 37 38 39 40 41 42 43 44 45 46 47 49 50 51 52 53 54 55 56 57 58 60 61 62 63 64 65 67 68 69 70 71 72 75 76 77 79 80 81 82 83 84 85 86 87 88 89 93 94 97 98 99 100 101 102 103 104 105 106 111 113 114 116 118 119 120 121 122 123 126 127 128 129 130 131 133 134 136 138 140 142 143 144 145 148 149 151 152 153 154 155 156 157 158 159 160 161 162 163 164 165 166 167 168 169 172 173 174 175 176 177
3 9 58 81 104 130 132 145 156 164 165 167 175
3 5 8 9 13 14 16 19 22 23 31 36 44 45 52 57 58 61 72 74 81 94 102 104 111 112 124 125 127 130 132 133 134 145 148 152 154 156 161 164 165 167 173 174 175 176
1 4 6 12 24 40 51 54 79 80 82 86 96 99 108 126 128 135 137 144 150 151 153 169 171
1 2 4 5 6 7 12 15 17 20 22 24 26 27 28 29 30 32 33 34 35 37 38 39 40 41 42 43 44 46 47 49 50 51 52 53 54 55 56 57 58 60 62 63 64 65 66 67 68 69 70 71 72 73 76 77 79 80 82 83 84 85 86 87 88 89 91 93 96 97 98 99 100 101 102 103 105 106 107 108 110 111 113 114 115 116 117 118 119 120 121 122 123 126 128 129 130 131 134 135 136 137 138 140 141 142 144 146 147 149 150 151 152 153 157 158 159 160 162 163 164 165 168 169 170 171 173 174 175
1 4 6 10 12 13 18 27 32 39 44 46 49 50 51 55 59 71 74 79 83 90 96 99 101 107 108 109 110 115 122 125 135 136 137 139 144 146 150 151 153 160 170
1 4 6 10 12 14 27 32 38 40 47 49 51 52 53 56 62 65 67 71 73 77 79 80 82 83 84 86 89 90 93 96 99 100 103 105 106 107 108 113 114 115 119 120 123 126 127 128 132 135 136 137 143 144 145 146 149 151 152 153 157 165 168 169 171 172
1 2 3 4 5 6 8 10 11 12 14 15 16 17 18 19 22 23 25 26 27 28 29 31 32 33 34 35 36 38 40 42 44 45 46 47 49 51 52 53 56 57 58 60 61 62 63 65 66 67 68 69 71 72 73 75 76 77 79 80 81 82 83 84 85 86 89 90 93 94 96 97 99 100 102 103 104 105 106 107 108 111 113 114 115 118 119 120 121 123 124 126 127 128 129 130 132 133 134 135 136 137 138 140 142 143 144 145 146 148 149 150 151 152 153 154 155 156 157 158 159 161 164 165 166 167 168 169 170 171 172 173 174 175 176 177
2 3 9 17 19 24 29 31 36 38 43 44 47 48 53 58 60 68 69 74 78 80 81 89 90 92 95 112 121 129 130 133 134 135 139 140 145 149 154 155 159 162 165 167 173 175
1 4 6 12 15 18 27 32 39 44 47 51 66 71 75 78 79 80 82 83 84 93 96 99 107 108 115 116 120 124 126 132 135 136 137 144 150 151 153 170 171 177
17 22 23 24 29 30 31 34 37 38 43 47 52 53 58 60 61 62 64 84 86 87 97 100 104 108 119 121 129 130 131 140 144 148 152 154 155 159 161 162 163 165 167
1 2 4 5 6 7 9 10 11 12 13 14 15 18 19 20 21 23 24 25 26 27 28 29 30 32 33 34 35 37 38 39 40 41 42 46 47 48 49 50 51 54 56 59 62 63 65 66 67 68 71 72 73 74 75 76 77 78 79 80 82 83 84 85 86 87 88 89 90 91 92 94 96 97 98 99 100 101 102 103 105 106 107 108 109 110 113 114 115 117 118 120 121 122 123 124 126 127 128 130 132 133 135 136 137 138 139 141 142 143 144 146 147 148 149 150 151 152 153 154 156 157 160 161 164 166 168 169 170 171 172 174 176
2 5 7 9 11 13 14 17 19 21 22 25 31 34 35 36 41 56 57 58 59 60 61 67 69 72 74 85 89 94 97 100 109 122 124 125 130 132 134 141 148 155 166 170 172 173 174 176 177
1 3 4 6 7 9 10 11 12 13 14 15 16 18 19 20 21 22 26 27 29 30 31 32 33 37 39 40 41 42 43 44 46 47 48 49 50 51 52 53 54 55 58 59 62 66 67 68 70 71 73 74 75 78 79 80 81 82 83 84 86 87 88 89 90 91 92 94 95 96 97 98 99 100 101 102 103 104 105 106 107 108 109 110 112 113 114 115 117 119 121 122 124 125 126 127 128 130 131 133 134 135 136 137 139 141 144 145 146 147 148 149 150 151 152 153 154 157 158 159 160 162 163 165 166 168 169 170 171 172 173 174 176 177
1 3 4 6 8 12 13 14 15 16 17 19 20 22 23 25 26 30 35 36 38 40 42 45 46 47 48 49 51 53 55 57 60 61 62 63 64 65 67 70 71 72 75 79 81 82 84 85 86 87 89 90 93 95 96 97 99 100 106 107 116 118 119 120 121 123 125 126 127 128 129 130 133 136 138 139 140 141 143 144 145 146 147 149 150 151 152 153 154 155 157 158 159 162 168 174
1 3 4 6 7 8 9 10 12 13 14 15 16 17 18 19 20 21 22 23 25 26 27 30 32 34 35 36 38 40 41 42 43 45 46 47 48 49 50 51 52 53 54 55 56 57 59 60 61 62 63 64 65 66 67 69 70 71 72 74 75 77 78 79 80 81 82 83 84 85 86 87 89 90 93 95 96 97 99 100 101 105 106 107 115 116 117 118 119 120 121 122 123 125 126 127 128 129 130 133 135 136 137 138 139 140 141 143 144 145 146 147 149 150 151 152 153 154 155 157 158 159 160 162 168 169 170 171 174 175
1 4 6 21 26 27 32 51 54 56 66 68 79 82 83 86 91 92 96 99 107 108 110 115 124 135 136 137 153 158 169 170 171
1 3 4 5 6 7 8 10 11 13 16 20 21 22 23 26 27 32 33 35 37 38 39 40 41 42 43 44 46 47 49 50 51 52 53 54 55 56 57 59 60 61 62 63 65 66 67 68 69 70 71 72 73 74 75 76 77 79 82 83 84 85 86 87 88 89 91 92 93 94 96 97 98 99 100 101 102 103 104 106 107 108 109 110 111 113 114 115 116 117 119 120 121 122 123 124 126 127 130 135 136 137 138 141 142 144 146 147 149 150 151 153 155 156 157 158 159 160 161 162 163 167 168 169 170 171 172 173 174 175 176 177
34 42 49 56 68 69 76 88 95 105 116 150 166
5 8 13 22 23 25 28 29 31 35 38 45 59 64 69 72 73 76 77 85 97 100 116 118 119 121 127 134 140 143 145 148 152 156 159 161 165 166 168 172 173 175
8 13 19 21 26 43 69 74 76 90 98 109 115 125 141 152 166 176
8 11 13 14 15 18 19 21 26 29 31 37 39 43 44 48 63 69 73 74 76 78 88 90 97 98 101 109 111 113 114 115 124 125 131 140 141 147 149 152 154 158 159 160 163 165 166 171 172 176
1 10 33 37 50 54 66 70 88 89 91 110 115 126 131 162
1 2 3 4 6 7 9 10 12 15 16 17 19 20 24 27 29 30 33 36 37 39 40 42 43 44 47 48 49 50 51 52 53 54 55 57 58 60 61 62 63 65 66 67 70 71 72 74 76 78 79 80 81 82 83 84 86 87 88 89 90 91 92 93 94 95 96 97 98 99 101 102 103 104 106 107 108 110 111 112 113 114 115 117 119 120 121 123 124 126 128 129 130 131 132 133 134 135 136 137 139 140 141 142 144 146 147 149 150 151 152 153 154 155 156 157 159 160 161 162 164 165 167 168 169 171 173 174 175 176 177
1 2 3 4 5 6 7 9 10 11 12 13 15 16 17 19 20 21 23 24 25 27 28 29 30 31 32 33 34 35 36 37 39 40 42 44 45 46 48 49 50 51 52 53 54 55 56 57 58 60 62 63 65 66 67 70 71 72 74 76 79 81 84 86 87 89 90 91 93 94 95 96 98 99 100 102 103 104 105 106 107 108 109 110 111 112 113 114 116 117 119 120 123 125 126 128 129 130 131 136 137 138 139 140 141 142 143 144 145 146 147 148 149 150 151 153 154 155 156 157 160 161 162 164 165 166 167 168 169 172 174 177
1 2 4 5 6 7 9 10 11 12 13 14 15 17 18 19 20 21 23 24 26 27 28 30 32 33 34 37 39 40 41 42 43 44 46 47 48 49 50 51 52 54 55 56 57 59 60 62 63 64 65 66 67 68 69 71 73 74 75 76 77 78 79 80 82 83 84 86 87 88 89 90 91 92 93 95 96 97 98 99 100 101 102 103 105 107 108 109 110 112 113 114 115 116 117 120 121 122 123 124 125 126 128 129 130 131 132 133 134 135 136 137 138 139 140 141 142 143 144 146 147 150 151 153 156 157 158 160 162 163 164 168 169 170 171 175
1 6 10 12 15 18 26 27 32 43 51 56 59 66 68 77 78 80 83 90 91 96 98 105 108 110 115 116 122 124 125 126 132 135 137 139 144 149 151 153 164 169 170 171 176
1 4 6 12 18 39 51 61 71 72 75 78 80 82 83 90 93 96 99 107 108 115 120 132 135 136 137 150 151 153 170
1 2 4 5 6 8 12 14 15 17 18 23 24 25 26 27 29 30 31 33 35 36 38 39 40 44 46 47 49 50 51 52 54 55 56 57 60 61 62 63 64 65 66 67 68 69 70 71 72 75 76 77 78 79 80 82 83 84 85 86 87 88 89 90 91 93 94 96 97 98 99 103 104 106 107 108 110 111 112 113 114 115 116 117 118 119 120 123 124 125 126 127 128 130 131 132 133 134 135 136 137 138 140 142 144 145 148 150 151 152 153 155 157 158 160 161 162 163 164 165 166 167 168 169 170 172 173 176 177
1 3 5 6 7 8 9 10 11 13 14 15 16 17 18 19 20 21 22 25 26 27 28 30 31 32 33 34 35 37 38 39 41 42 43 44 45 47 48 50 51 54 55 56 59 60 62 64 65 66 67 68 70 71 72 73 74 75 76 77 79 80 82 83 84 85 87 88 89 90 91 92 94 95 96 97 98 99 101 102 103 104 105 106 107 108 109 110 112 113 115 117 118 120 121 122 123 124 125 126 128 130 131 132 133 134 135 136 138 139 141 142 143 146 147 148 149 150 151 154 156 158 160 161 164 166 167 168 169 170 171 172 173 174 176 177
1 2 3 4 5 6 8 10 11 12 13 15 18 20 23 24 26 27 28 30 31 32 33 34 35 36 37 38 39 40 42 43 44 46 47 48 49 50 51 52 53 54 55 56 58 59 60 61 63 64 65 66 67 68 69 71 72 73 75 76 77 78 79 80 82 83 85 86 87 88 89 91 93 95 96 97 98 99 101 102 103 105 108 110 111 113 114 115 116 117 118 119 120 122 123 125 126 127 128 129 131 132 135 136 137 138 139 140 141 143 144 145 146 147 150 151 153 156 157 158 159 160 161 162 163 166 167 168 169 170 171 172 173 175 176 177
5 9 11 12 13 14 16 20 21 28 30 31 34 37 48 52 54 58 67 74 89 90 92 93 95 98 105 109 110 115 118 129 132 139 141 142 143 146 147 148 155 160 162 164 165 168 171
2 8 17 22 23 34 35 38 47 50 60 64 65 67 69 72 75 77 84 85 93 94 97 98 104 111 116 118 119 120 129 130 132 138 145 148 156 158 161 163 175 176 177
11 16 22 23 28 29 30 31 34 42 47 48 64 69 81 87 89 90 94 95 105 106 109 116 120 123 130 138 142 143 147 154 157 158 159 161 162 163 165 167
7 9 11 14 18 19 20 21 23 24 25 28 29 31 32 33 34 41 43 48 58 63 68 69 73 74 78 80 92 95 101 102 105 109 112 117 125 130 132 135 139 141 143 147 154 160 166 171 174
3 7 8 10 11 13 14 15 18 32 39 48 66 71 74 78 85 90 94 104 109 116 118 124 132 135 139 143 146 154 170 176
3 7 8 9 10 11 13 14 15 18 21 32 39 41 48 59 66 71 74 78 85 90 94 104 109 116 117 118 122 124 125 132 135 139 143 146 154 170 176
3 7 8 9 10 11 13 14 15 18 21 25 29 32 39 41 45 48 58 59 66 69 71 74 78 85 90 94 104 109 116 117 118 122 124 125 132 135 139 143 146 154 166 170 176 177
1 2 3 4 5 6 7 8 10 15 16 23 25 27 28 32 34 35 36 38 39 40 44 45 46 49 51 52 55 57 59 60 61 63 64 66 67 69 70 71 72 73 75 76 77 79 80 82 83 84 85 86 87 88 93 96 97 99 100 103 104 105 106 107 108 111 113 114 115 116 118 119 122 123 127 129 130 132 133 134 136 138 140 142 143 146 148 149 150 151 153 155 156 157 158 159 161 163 166 169 173 176
1 2 3 4 5 6 7 8 10 13 14 15 16 20 21 23 24 25 26 27 28 30 32 34 35 36 38 39 40 41 42 44 45 46 48 49 50 51 52 53 54 55 57 59 60 61 63 64 66 67 69 70 71 72 73 75 76 77 79 80 82 83 84 85 86 87 88 90 93 95 96 97 98 99 100 101 103 104 105 106 107 108 111 113 114 115 116 117 118 119 121 122 123 124 127 129 130 132 133 134 136 138 140 141 142 143 146 147 148 149 150 151 153 155 156 157 158 159 160 161 162 163 166 168 169 170 173 174 176
