Description	Target	Measure	E11	E10	E01
["""ENSG00000128310""" = 0.0]	[Target]	0.0	0.0	138.0	0.0
["""ENSG00000168282""" = 1.0], ["""ENSG00000138386""" = 0.0], ["""ENSG00000130396""" = 0.0], ["""ENSG00000105971""" = 0.0]	[Target]	0.0	0.0	32.0	0.0
["""ENSG00000105971""" = 0.0]	[Target]	0.0	0.0	136.0	0.0
["""ENSG00000171720""" = 1.0]	[Target]	0.0	0.0	47.0	0.0
["""ENSG00000077585""" = 1.0]	[Target]	0.0	0.0	45.0	0.0
["""ENSG00000149575""" = 1.0]	[Target]	0.0	0.0	49.0	0.0
["""ENSG00000165629""" = 0.0], ["""ENSG00000135111""" = 0.0], ["""ENSG00000100632""" = 0.0], ["""ENSG00000236396""" = 0.0]	[Target]	0.0	0.0	71.0	0.0
["""ENSG00000167306""" = 1.0], ["""ENSG00000186723""" = 1.0]	[Target]	0.0	0.0	17.0	0.0
["""ENSG00000186723""" = 1.0]	[Target]	0.0	0.0	45.0	0.0
["""ENSG00000079462""" = 1.0]	[Target]	0.0	0.0	43.0	0.0
["""ENSG00000160221""" = 1.0]	[Target]	0.0	0.0	40.0	0.0
["""ENSG00000047621""" = 1.0]	[Target]	0.0	0.0	46.0	0.0
["""ENSG00000136861""" = 1.0]	[Target]	0.0	0.0	47.0	0.0
["""ENSG00000167207""" = 0.0], ["""ENSG00000183292""" = 0.0], ["""ENSG00000214717""" = 0.0]	[Target]	0.0	0.0	94.0	0.0
["""ENSG00000092036""" = 0.0], ["""ENSG00000064933""" = 1.0]	[Target]	0.0	0.0	33.0	0.0
["""ENSG00000155368""" = 1.0]	[Target]	0.0	0.0	45.0	0.0
["""ENSG00000071859""" = 1.0]	[Target]	0.0	0.0	44.0	0.0
["""ENSG00000119185""" = 0.0], ["""ENSG00000186281""" = 1.0]	[Target]	0.0	0.0	36.0	0.0
["""ENSG00000075415""" = 1.0], ["""ENSG00000173482""" = 0.0]	[Target]	0.0	0.0	41.0	0.0
["""ENSG00000108474""" = 1.0]	[Target]	0.0	0.0	43.0	0.0
["""ENSG00000188674""" = 1.0]	[Target]	0.0	0.0	13.0	0.0
["""ENSG00000185926""" = 0.0], ["""ENSG00000126583""" = 1.0], ["""ENSG00000180370""" = 0.0], ["""ENSG00000170927""" = 1.0]	[Target]	0.0	0.0	15.0	0.0
["""ENSG00000170927""" = 1.0]	[Target]	0.0	0.0	47.0	0.0
["""ENSG00000124942""" = 0.0], ["""ENSG00000054796""" = 0.0], ["""ENSG00000160808""" = 0.0], ["""ENSG00000197888""" = 1.0]	[Target]	0.0	0.0	33.0	0.0
["""ENSG00000243716""" = 0.0], ["""ENSG00000273155""" = 0.0], ["""ENSG00000149635""" = 0.0], ["""ENSG00000204965""" = 0.0], ["""ENSG00000106351""" = 0.0]	[Target]	0.0	0.0	50.0	0.0
["""ENSG00000140263""" = 0.0], ["""ENSG00000163751""" = 0.0], ["""ENSG00000050393""" = 0.0], ["""ENSG00000112742""" = 0.0]	[Target]	0.0	0.0	66.0	0.0
["""ENSG00000163751""" = 0.0]	[Target]	0.0	0.0	127.0	0.0
["""ENSG00000139574""" = 1.0]	[Target]	0.0	0.0	47.0	0.0
["""ENSG00000177628""" = 0.0], ["""ENSG00000197563""" = 0.0]	[Target]	0.0	0.0	104.0	0.0
["""ENSG00000164743""" = 1.0]	[Target]	0.0	0.0	49.0	0.0
["""ENSG00000260548""" = 1.0]	[Target]	0.0	0.0	45.0	0.0
["""ENSG00000165816""" = 0.0], ["""ENSG00000204536""" = 1.0], ["""ENSG00000130717""" = 1.0]	[Target]	0.0	0.0	16.0	0.0
["""ENSG00000130717""" = 1.0]	[Target]	0.0	0.0	46.0	0.0
["""ENSG00000144647""" = 1.0]	[Target]	0.0	0.0	49.0	0.0
["""ENSG00000179314""" = 1.0]	[Target]	0.0	0.0	45.0	0.0
["""ENSG00000185668""" = 1.0]	[Target]	0.0	0.0	47.0	0.0
["""ENSG00000118298""" = 1.0]	[Target]	0.0	0.0	47.0	0.0
["""ENSG00000143632""" = 1.0], ["""ENSG00000150459""" = 0.0], ["""ENSG00000126259""" = 0.0], ["""ENSG00000284552""" = 0.0], ["""ENSG00000123545""" = 0.0]	[Target]	0.0	0.0	21.0	0.0
["""ENSG00000141434""" = 0.0]	[Target]	0.0	0.0	132.0	0.0
["""ENSG00000269307""" = 1.0]	[Target]	0.0	0.0	45.0	0.0
["""ENSG00000123384""" = 0.0], ["""ENSG00000134318""" = 0.0], ["""ENSG00000105976""" = 0.0], ["""ENSG00000188386""" = 1.0]	[Target]	0.0	0.0	26.0	0.0
["""ENSG00000151365""" = 1.0]	[Target]	0.0	0.0	39.0	0.0
["""ENSG00000196371""" = 0.0], ["""ENSG00000220008""" = 1.0]	[Target]	0.0	0.0	32.0	0.0
["""ENSG00000172867""" = 1.0], ["""ENSG00000203970""" = 0.0], ["""ENSG00000122584""" = 0.0], ["""ENSG00000127980""" = 0.0], ["""ENSG00000131931""" = 0.0]	[Target]	0.0	0.0	23.0	0.0
["""ENSG00000172867""" = 1.0]	[Target]	0.0	0.0	46.0	0.0
["""ENSG00000111647""" = 1.0], ["""ENSG00000103489""" = 1.0]	[Target]	0.0	0.0	20.0	0.0
["""ENSG00000111647""" = 1.0]	[Target]	0.0	0.0	43.0	0.0
["""ENSG00000180855""" = 0.0], ["""ENSG00000109511""" = 0.0]	[Target]	0.0	0.0	95.0	0.0
["""ENSG00000176273""" = 1.0], ["""ENSG00000149150""" = 0.0], ["""ENSG00000174989""" = 0.0], ["""ENSG00000198062""" = 0.0]	[Target]	0.0	0.0	24.0	0.0
["""ENSG00000186350""" = 1.0]	[Target]	0.0	0.0	35.0	0.0
