1 2 4 5 6 7 8 9 10 11 12 13 15 16 17 18 20 21 24 25 26 27 29 30 31 32 33 34 35 36 37 39 40 41 42 44 45 46 48 50 51 52 55 56 58 59 60 61 62 63 65 66 67 70 71 72 76 77 78 79 80 82 83 84 85 86 87 88 91 92 93 94 95 96 97 98 99 100 102 103 104 105 106 107 108 109 110 113 114 115 116 117 118 119 120 121 123 124 127 130 131 134 135 136 137 138 140 141 142 143 144 145 147 148 149 150 151 152 153 154 155 157 160 161 162 163 164 165 168 169 170 171 172 173 174 175 176 177
2 3 8 23 36 44 45 47 52 61 62 67 75 85 93 94 104 119 127 132 148 155 156 158 159 165 166 167 168 172 175 177
2 3 5 7 8 9 11 13 14 15 16 17 19 20 21 22 23 24 25 26 28 29 30 31 33 34 35 36 37 38 39 42 43 44 45 46 47 48 49 50 52 53 54 55 57 58 60 61 62 63 64 65 66 67 69 70 72 73 74 75 76 77 78 81 84 85 86 87 89 90 92 93 94 95 97 98 100 101 102 103 104 106 109 111 112 113 114 116 117 118 119 120 121 123 124 125 127 128 129 130 131 132 133 134 138 139 140 141 142 143 145 147 148 149 152 154 155 156 157 158 159 161 162 163 164 165 166 167 168 171 172 173 174 175 176 177
5 7 9 14 15 22 28 29 31 35 36 37 38 48 56 60 61 62 64 72 75 89 92 93 94 95 102 105 109 111 112 118 119 121 124 125 130 131 134 139 149 154 161 167 174 175 176
2 5 8 14 16 22 23 25 31 35 36 45 53 57 58 60 61 62 70 72 75 77 81 85 87 93 103 104 111 119 124 127 132 133 137 140 142 145 149 152 156 161 167 172 173
7 9 10 13 19 21 26 27 32 33 37 39 41 42 43 48 50 54 56 65 66 74 78 84 88 89 90 92 95 98 101 102 105 109 110 112 115 122 128 131 132 135 139 141 147 162 169 171 174
1 4 6 7 10 11 12 20 24 26 30 33 39 40 42 44 46 47 50 51 53 54 55 56 59 61 68 71 79 80 81 82 83 84 86 88 89 93 96 98 99 101 105 107 108 110 113 114 115 120 121 122 124 126 128 131 135 136 137 141 144 147 150 151 153 157 160 162 169 170 171
7 9 14 21 31 38 45 70 78 81 90 92 121 125 132 133 149
7 9 11 13 14 18 21 22 23 24 30 31 32 36 38 41 43 45 47 48 58 60 70 77 78 80 81 87 89 90 92 105 106 109 113 121 125 132 133 134 139 141 146 149 173
17 23 25 28 29 31 34 35 36 38 45 46 52 53 61 62 63 67 81 94 100 104 111 118 119 129 133 134 138 140 143 145 148 156 157 161 165 166 167 168 172 173 175
4 6 8 24 30 36 37 38 40 45 49 53 55 57 58 64 65 70 72 77 82 93 95 99 104 111 112 125 128 130 131 136 144 150 155 162 167 168 174 175
3 5 8 9 11 13 14 16 22 23 25 28 31 34 35 36 41 45 59 61 64 69 72 75 85 90 94 104 109 116 118 124 127 132 134 145 148 154 156 164 170 172 173 175 176 177
3 7 9 11 18 19 20 21 25 29 31 35 38 41 45 46 48 57 67 69 74 75 77 78 81 84 90 92 94 100 102 104 109 112 116 124 125 127 134 139 154 165 166 172 175 176 177
1 4 5 6 7 9 10 15 18 20 21 22 24 26 27 30 32 33 37 39 41 42 43 46 48 49 50 54 55 56 59 60 62 64 65 68 70 71 73 79 80 82 83 85 86 87 88 89 90 92 95 96 97 98 99 100 101 102 103 105 107 108 109 112 114 115 117 126 128 130 131 136 138 139 141 143 144 146 147 149 150 151 153 155 156 157 160 161 162 164 168 171 172 174
3 8 10 13 14 18 19 20 28 31 32 34 59 69 72 74 85 94 104 105 110 116 117 118 124 132 143 154 167 170 173 176 177
3 7 12 22 28 30 37 40 41 45 52 55 57 62 65 66 70 76 77 81 89 90 91 94 95 97 102 109 111 112 117 120 125 128 131 143 154 155 156 159 161 162 167 172 175
2 17 23 24 25 29 30 34 36 47 51 57 58 60 61 64 67 81 86 100 104 108 114 119 123 127 129 130 137 138 140 144 145 148 155 159 161 163 164 165 166 167 168 175
7 8 9 11 15 24 26 27 30 37 41 43 48 54 55 68 70 74 86 92 101 102 105 109 112 117 128 131 139 141 145 158 162 171 174 175
2 5 7 8 13 19 21 22 23 24 25 26 31 38 49 52 54 57 60 61 64 65 72 74 76 90 92 95 98 100 124 139 141 145 148 161 162 167 168 174 175
7 9 10 11 13 14 18 19 20 21 28 32 38 48 55 58 74 78 80 90 92 95 102 105 109 112 117 122 124 125 127 130 135 139 141 146 147 154 164 165 170 171 174
16 66 73 88 104 113 125 127 142 149 158 167 173
7 9 18 32 41 43 48 66 74 78 88 105 122 125 174
7 8 9 15 18 19 20 21 32 34 37 41 43 48 60 62 63 65 66 69 70 71 74 78 84 88 92 93 96 102 104 105 112 116 117 121 122 125 132 133 139 149 150 166 171 174 176
5 20 22 30 37 42 43 45 53 57 62 66 70 73 75 76 87 90 92 94 95 97 100 114 123 141 154 162 166 168 170 172 174
1 4 10 12 20 32 37 39 40 46 49 50 51 54 59 64 65 67 71 79 82 83 84 88 91 96 97 99 103 106 107 110 113 115 119 120 128 136 138 141 142 146 149 150 151 153 157 158 169 170
1 4 10 11 18 20 24 27 30 32 33 37 39 40 42 43 48 49 51 61 62 65 66 68 71 73 74 79 82 83 86 89 91 92 93 98 99 101 103 105 109 110 112 113 115 122 125 126 128 131 133 136 137 139 141 144 147 150 151 152 153 160 162 170 171 174
1 3 4 5 7 9 10 11 13 16 18 19 20 21 22 23 24 25 27 28 30 32 33 34 36 37 38 39 40 41 42 43 45 46 48 49 51 52 55 57 60 61 62 63 64 65 66 67 68 69 70 71 72 73 74 76 77 79 81 82 83 86 89 90 91 92 93 95 97 98 99 100 101 103 104 105 107 109 110 111 112 113 115 116 118 119 122 123 125 126 128 129 130 131 133 136 137 138 139 140 141 142 143 144 145 147 148 150 151 152 153 155 156 158 160 161 162 163 164 165 166 167 168 170 171 174 175
4 6 9 14 18 19 21 24 26 28 30 32 42 43 48 51 55 56 66 68 73 78 80 83 86 90 91 95 98 101 105 109 117 122 124 125 128 131 135 139 144 147 151 154 160 171 174
1 2 4 5 6 10 11 12 15 17 18 20 24 26 27 30 32 33 34 37 39 40 42 43 46 48 49 50 51 52 54 55 56 58 62 65 66 68 71 73 74 76 79 80 82 83 85 86 88 89 90 91 92 93 95 96 97 98 99 101 102 103 105 106 107 108 110 112 113 114 115 117 118 120 122 123 125 126 127 128 131 134 135 136 137 139 141 144 146 147 148 150 151 153 156 157 158 160 162 166 168 169 170 171
5 7 14 15 17 18 21 22 26 28 29 31 35 44 47 50 53 54 58 59 62 65 72 74 75 91 92 93 96 104 108 110 112 115 117 118 123 124 134 135 145 152 164 166 170 171 173 174 177
7 9 10 11 13 18 20 21 25 32 37 40 41 43 48 50 54 55 56 59 70 74 78 88 92 101 103 109 110 112 114 117 125 128 131 139 142 146 160 164 166 167 168 174 176
2 17 24 37 69 95 116 125 131 135 139 140 145 162 163 166
2 3 9 17 19 22 24 25 29 31 37 48 57 58 61 69 74 78 81 86 95 102 112 116 125 130 131 132 134 135 137 139 140 143 144 145 155 156 159 161 162 163 165 166 174 175
3 7 9 19 22 24 25 29 31 33 35 36 37 38 43 44 45 46 47 48 58 62 67 75 78 81 90 93 95 104 109 112 121 125 129 130 132 133 135 139 140 152 155 164 166 167 169 174 175
1 2 4 6 10 12 15 18 26 27 32 33 40 43 47 48 49 51 54 55 66 68 78 79 80 82 83 86 98 99 107 108 110 115 119 125 126 135 136 137 144 153 169 170 171
7 11 13 19 21 23 25 32 34 37 42 43 45 47 48 54 69 73 74 76 78 88 89 91 92 101 109 110 113 114 121 123 128 135 140 144 156 159 162 164 165 166 169 171 174 175 176
2 9 14 15 16 18 19 20 21 28 29 31 37 38 44 45 49 64 74 75 81 92 94 95 102 104 109 113 118 129 130 134 141 143 145 146 148 149 152 155 156 159 165 166 168 173 177
1 12 27 33 47 50 53 60 75 77 80 84 105 110 128 135 140 152 157 168 169
1 2 3 4 5 6 7 8 10 12 13 14 15 16 17 20 22 23 24 25 26 27 29 30 32 34 35 36 38 40 43 44 45 46 47 49 50 51 52 53 54 55 56 57 59 60 61 62 63 64 65 67 68 69 70 71 72 73 74 75 76 77 78 79 81 83 84 85 86 88 89 92 93 94 96 99 100 102 104 105 106 107 108 110 111 112 113 114 118 119 120 121 122 123 124 125 126 128 129 130 131 133 134 135 136 137 138 140 141 142 144 145 147 152 153 155 156 157 158 159 160 162 163 165 167 168 169 170 171 172 173 175
16 23 24 25 28 29 31 34 36 38 44 45 52 58 61 62 64 65 67 76 77 97 100 102 114 116 119 127 128 129 130 140 142 144 145 148 156 159 161 164 165 166 167 168 172
2 5 8 16 22 49 62 66 81 87 95 109 110 111 112 117 118 121 130 131 155 161 164 165 166 172
1 4 6 10 12 15 35 39 40 44 51 55 57 59 70 71 72 78 79 80 82 83 88 91 96 99 107 108 126 128 135 136 137 144 146 150 151 153 172
5 17 29 38 53 58 60 62 77 81 87 89 91 101 111 113 119 121 131 143 147 148 149 154 157 160 164 165 166 168 172 175
2 24 29 33 37 38 42 47 53 54 56 60 77 89 97 113 116 120 134 138 140 169 171
2 8 17 21 24 29 31 33 35 37 38 42 47 53 54 56 60 69 72 73 77 84 89 97 103 111 113 116 120 132 134 138 139 140 145 148 154 156 159 161 164 165 169 171 175 176
3 5 9 13 22 25 29 31 36 74 75 85 87 124 130 132 134 137 168 176
3 5 8 9 13 14 16 18 22 25 29 31 35 36 44 45 59 61 72 74 75 81 85 87 94 104 121 124 127 130 132 134 137 145 148 154 155 161 168 170 172 175 176
1 4 5 6 10 12 13 20 23 24 27 28 30 32 34 35 36 37 38 39 40 41 43 47 49 50 52 56 58 59 60 62 63 64 67 71 73 77 78 79 80 82 83 84 86 87 90 91 93 96 97 99 100 101 102 105 107 108 109 110 115 116 117 118 120 123 126 127 129 131 132 134 135 136 137 138 141 142 144 146 147 148 150 151 153 156 157 158 160 162 165 169 173 175 177
1 6 10 13 18 28 54 56 59 80 82 85 91 99 105 107 115 141 149 151 153 160 170 171
3 4 6 12 23 31 40 51 58 78 80 81 82 83 87 99 101 102 125 135 136 137 140 144 145 146 150 153 154 161 163 164 167 172 173
