4 6 8 9 10 12 27 32 38 40 44 51 55 71 74 77 78 79 80 82 83 88 90 93 95 96 98 99 102 118 132 135 136 137 144 146 150 153 166 171
1 2 4 5 6 8 9 10 12 15 16 18 19 20 24 26 27 29 30 32 33 36 37 38 39 40 42 43 50 51 52 53 54 55 56 59 65 66 67 68 71 73 74 79 80 82 83 84 86 87 88 91 93 94 96 97 99 101 102 103 106 107 108 110 113 115 117 123 125 126 127 128 129 130 131 134 135 136 137 140 141 144 146 147 149 150 151 152 153 157 158 160 161 162 166 168 169 171 172 174 175 177
7 10 11 17 29 31 43 47 48 80 81 92 101 102 105 109 112 121 127 134 139 141 160 165 166 168 174
2 3 4 5 6 8 10 12 13 15 16 17 23 24 25 26 27 32 35 38 42 44 45 46 47 49 50 51 52 53 56 57 59 60 61 62 63 65 67 72 75 76 82 83 84 85 87 91 94 96 97 99 104 106 107 108 110 114 118 119 120 121 122 123 127 134 136 137 138 140 141 142 143 146 149 150 151 152 153 155 156 157 158 159 165 167 168 172 174 175 176 177
2 3 4 5 6 8 10 12 13 15 16 17 23 24 25 26 27 32 35 38 42 44 45 46 47 49 50 51 52 53 56 57 59 60 61 62 63 65 67 72 75 76 82 83 84 85 86 87 91 94 96 97 99 104 106 107 108 110 114 118 119 120 121 122 123 127 133 134 136 137 138 140 141 142 143 146 149 150 151 152 153 155 156 157 158 159 165 167 168 172 174 175 176 177
1 4 6 7 10 11 12 13 14 15 17 18 19 20 21 22 24 25 26 27 28 30 32 33 35 37 38 39 40 42 43 44 46 47 48 49 50 51 53 54 55 56 61 64 65 66 68 71 73 74 76 78 79 80 82 83 86 88 89 91 95 96 97 98 99 101 103 105 107 108 109 110 113 114 115 116 120 121 123 125 126 127 128 131 135 136 137 138 141 142 143 144 146 147 148 150 151 153 156 157 158 159 160 162 169 170 171 173
1 4 6 7 8 10 13 18 20 21 24 30 32 33 37 38 39 40 42 44 46 48 50 51 52 54 55 59 61 62 65 66 68 71 74 76 77 78 79 80 82 86 87 88 90 91 95 96 97 99 100 101 102 104 106 107 108 110 112 113 114 115 116 117 119 122 125 126 127 128 133 135 136 137 138 139 141 144 146 147 148 149 150 151 153 156 157 159 160 162 163 167 169 171 175
1 2 4 5 6 10 12 13 14 21 22 23 26 27 32 33 34 36 37 39 40 42 44 46 47 49 50 51 52 53 54 56 59 60 61 62 64 66 67 71 75 76 79 82 83 84 86 87 88 89 91 93 96 98 99 100 103 106 107 108 110 111 113 114 115 116 117 118 119 120 122 124 126 128 130 131 134 136 137 138 140 141 142 143 144 146 147 149 150 151 153 156 157 158 159 168 169 170 174 175 176
7 8 9 10 13 18 20 37 39 40 48 49 65 70 74 76 90 95 102 109 112 116 118 132 143 149 159 160 162 163 173
3 5 14 16 17 22 29 44 45 47 52 53 58 62 63 67 72 76 77 85 87 102 103 114 118 123 128 129 130 133 140 145 148 149 154 155 158 159 161 164 165 166 167 173
15 27 50 52 70 73 82 88 98 110 120 176
15 19 27 50 52 56 68 70 73 78 82 87 88 98 110 112 120 135 174 176
3 4 16 34 36 45 48 52 58 59 66 81 99 106 111 126 130 134 135 136 139 146 150 164 167 175
1 24 30 40 43 48 49 58 66 68 86 101 105 111 112 117 131 161
1 18 24 30 40 43 48 49 58 66 68 86 101 105 111 112 117 122 131 153 161
1 4 6 9 12 18 24 28 30 34 39 40 41 43 48 49 51 56 58 66 68 78 82 86 96 99 101 105 107 108 111 112 117 122 131 132 135 136 137 144 151 153 154 161 169 171
1 2 4 5 6 10 12 14 15 20 23 24 27 30 32 33 34 35 37 40 43 46 47 48 49 50 51 53 54 56 58 59 63 64 65 66 67 69 71 73 76 77 79 82 83 86 87 88 89 91 95 97 98 100 101 103 107 108 109 110 112 113 114 115 116 117 118 119 123 124 127 129 131 138 140 141 142 144 145 146 150 151 152 156 157 158 160 162 166 168 169 172
34 36 40 42 43 49 81 84 89 90 102 114 131 132 133 137 164
2 3 4 5 6 8 12 14 15 16 17 19 22 23 24 25 29 30 31 35 38 44 45 46 52 53 57 58 60 61 62 63 65 67 71 72 76 77 79 80 81 83 85 86 87 88 89 93 94 96 97 98 99 100 103 104 106 107 111 113 114 116 118 119 121 123 124 126 127 128 129 130 133 134 135 136 138 140 142 143 145 148 149 150 152 153 154 155 156 157 159 161 163 164 165 166 167 168 169 172 173 175 176 177
5 11 43 44 47 51 59 63 66 67 69 73 94 98 110 116 126 137 148 152 158 163 172
9 11 19 20 23 30 31 48 55 66 73 74 101 109 117 125 129 135 137 139 140 143 146 147 154 156 160 171
9 11 14 18 19 20 21 23 30 31 32 48 55 66 68 73 74 78 80 90 101 105 109 117 118 122 124 125 129 135 137 139 140 143 146 147 154 156 160 171
1 4 6 10 12 15 17 20 23 24 26 27 30 32 33 36 37 39 40 42 43 44 46 47 48 49 50 51 52 53 54 55 56 57 59 61 62 63 65 66 68 71 72 73 76 79 80 82 83 84 85 86 88 89 90 91 92 95 96 97 98 99 101 103 106 107 108 110 111 113 114 115 117 120 121 122 123 126 128 133 134 135 136 137 138 139 141 143 144 146 147 148 149 150 151 152 153 156 157 158 159 160 162 163 169 170 171 172 175
8 19 21 23 25 28 29 34 35 44 52 53 63 69 76 87 92 102 112 116 118 123 132 139 142 145 148 149 152 156 159 161 163 164 166 167 168 174
1 4 5 6 7 9 10 11 12 13 18 19 20 21 24 27 28 30 32 33 37 39 41 42 43 48 49 50 51 52 54 55 56 57 58 59 60 64 65 66 68 70 71 72 74 77 78 79 80 82 83 86 87 89 90 92 93 95 96 97 98 99 101 102 103 105 107 108 109 110 112 116 117 119 120 122 126 130 131 132 136 137 139 141 143 144 146 147 148 150 151 153 156 157 160 161 162 168 171 174
19 45 58 62 81 90 91 104 111 133 139 154 175
7 9 14 16 19 25 41 52 55 57 59 70 72 80 81 94 100 102 104 105 112 122 124 133 143 170 172
5 8 16 23 25 28 35 38 44 45 46 52 57 64 69 72 77 85 97 114 116 119 123 127 138 140 142 156 163 165
3 5 8 13 14 15 16 17 19 20 21 22 23 24 26 28 33 34 35 36 37 38 39 41 42 44 45 46 47 49 50 52 53 55 57 59 60 61 62 63 64 65 67 69 70 71 72 75 77 87 89 90 92 94 95 97 98 100 103 104 106 111 112 113 114 119 120 123 127 129 130 131 132 138 141 142 145 146 149 152 155 156 157 158 159 161 162 163 164 167 168 170 172 173 174 175 176 177
16 22 23 25 34 35 38 58 60 69 118 119 123 127 156 159 165 167 173
3 8 13 14 17 22 23 25 28 31 35 53 57 72 81 85 97 104 118 134 145 148 154 156 159 164 166 167 173 175
3 4 8 10 14 15 17 18 21 23 25 26 29 32 33 35 36 39 42 44 46 47 49 50 53 54 56 57 59 60 61 62 63 64 66 69 71 73 74 76 77 82 83 84 85 86 88 91 93 96 97 103 104 105 108 110 111 113 114 115 117 119 120 121 122 123 125 127 134 135 136 138 140 142 145 146 147 148 149 150 151 153 154 155 156 157 158 160 161 162 163 166 169 170 171 172 176 177
1 5 10 11 13 16 17 20 21 23 24 28 30 31 34 35 37 40 41 42 44 46 49 52 53 54 57 58 63 64 65 67 69 72 73 74 76 77 81 84 85 86 87 89 92 93 95 97 98 101 102 103 109 110 111 112 113 114 116 117 118 119 120 122 123 128 129 131 132 138 139 140 141 142 143 145 149 156 157 158 159 161 162 163 164 165 167 168 171 172 175 177
13 16 19 27 44 70 96 100 105 147
8 9 34 59 69 72 75 77 116 118 124 137 170 176
1 2 4 5 6 8 10 12 13 15 16 17 18 20 21 23 24 25 26 27 30 32 33 34 35 37 38 39 40 42 44 45 46 47 49 50 51 52 53 54 55 56 57 59 60 61 63 64 65 66 67 68 69 71 72 73 75 76 77 79 82 83 84 85 86 87 88 89 90 91 92 93 95 96 97 98 99 100 103 106 107 108 110 111 112 113 114 115 117 118 119 120 121 122 123 126 127 128 129 130 132 136 137 138 140 141 142 144 145 146 148 149 150 151 153 155 156 157 158 159 160 161 162 163 167 168 169 170 171 173 176 177
1 4 6 8 17 20 24 25 29 30 33 39 40 42 43 47 48 49 50 51 53 55 56 60 62 65 67 71 79 82 83 86 87 89 91 93 95 96 99 101 103 106 107 108 110 112 113 114 115 116 120 121 126 128 133 136 139 141 143 144 146 147 149 150 151 152 156 157 160 162 168 169 171 174 175
1 4 5 6 8 10 13 16 17 18 20 21 23 24 25 27 29 30 32 33 34 35 38 39 40 42 43 44 45 47 48 49 50 51 52 53 55 56 57 60 61 62 64 65 66 67 68 69 70 71 74 76 79 80 81 82 83 85 86 87 88 89 90 91 93 94 95 96 99 100 101 103 104 106 107 108 109 110 111 112 113 114 115 116 117 119 120 121 123 125 126 127 128 130 133 134 136 137 139 140 141 142 143 144 146 147 148 149 150 151 152 155 156 157 159 160 161 162 163 165 168 169 170 171 172 174 175
23 24 25 29 30 37 43 55 58 64 70 74 78 95 102 125 131 139 140 163 164 172
1 4 6 10 12 13 21 40 48 51 55 62 66 84 88 102 109 117 122 135 139 160
1 2 4 5 6 8 10 11 12 13 14 15 16 18 20 21 23 24 25 26 27 32 33 34 36 37 39 40 41 43 44 46 47 48 49 50 51 52 53 55 56 57 59 61 62 63 64 66 68 69 70 71 72 73 75 76 79 80 82 83 84 85 86 87 88 90 91 93 94 95 96 97 98 99 100 101 102 103 104 105 106 107 108 110 111 112 113 114 115 116 117 119 120 121 122 124 125 126 127 128 129 131 132 136 137 139 144 146 147 149 150 151 152 153 155 157 158 160 167 168 169 170 171 172 174 176 177
1 4 5 6 10 11 12 16 17 20 21 23 24 26 30 32 33 34 35 39 40 42 44 46 49 50 51 52 54 55 56 57 59 60 62 63 64 65 66 67 69 71 72 73 76 77 79 80 82 83 84 85 86 88 89 91 93 95 96 97 98 99 101 102 103 106 107 109 110 111 113 114 115 116 119 120 121 123 126 128 131 136 138 141 142 143 144 146 148 149 150 153 157 158 160 161 162 163 165 167 169 175
24 46 56 58 66 70 95 111 116 128 140 142 162 163
1 14 16 19 28 33 34 38 46 48 51 59 64 66 70 74 80 101 105 118 126 127 131 132 138 148 149 158 169 173 174
35 41 45 47 52 53 57 60 63 64 70 92 93 97 111 121 123 129 134 137 152 165 177
1 2 3 4 6 10 12 14 15 18 22 24 26 27 30 33 38 39 40 44 47 49 50 51 52 57 58 59 60 61 62 63 67 71 75 77 79 80 81 82 83 84 85 86 87 88 89 90 91 93 94 96 98 99 103 106 107 108 111 119 120 122 123 124 127 129 130 131 133 136 137 143 144 147 150 151 153 155 156 157 160 161 164 167 168 169 170 172 175
5 7 9 10 11 13 14 18 19 21 25 31 41 48 59 74 75 78 90 92 94 102 109 122 124 125 132 135 139 145 154 172 173 176
1 2 3 4 6 10 12 16 19 20 23 24 25 27 30 32 33 34 40 41 42 45 47 49 50 51 52 53 54 55 57 58 59 65 66 67 68 70 71 74 77 79 80 81 82 83 84 85 86 87 90 91 96 97 98 99 100 101 103 104 106 107 108 110 117 120 122 126 128 129 132 133 135 136 137 138 141 142 143 144 146 147 148 150 152 153 155 156 157 162 164 168 169 170 177
1 2 3 4 8 10 11 13 15 17 20 21 22 23 25 29 30 31 32 36 37 39 42 44 47 49 50 52 53 57 58 59 60 61 62 63 65 67 70 71 72 76 79 81 82 84 86 87 88 89 92 93 94 95 97 98 99 100 102 103 104 106 107 109 111 112 114 119 123 128 129 130 133 134 136 139 140 141 145 146 147 148 149 150 151 152 154 156 157 159 162 164 165 167 168 171 172 174 177
7 10 11 20 32 41 43 45 48 59 70 73 78 80 81 92 101 102 105 109 112 122 125 133 134 139 147 166 171 174
