3 5 8 14 16 25 29 31 35 36 38 44 45 49 52 55 57 70 72 75 77 81 85 94 100 104 111 116 124 127 130 134 145 148 152 155 156 164 165 167 168 173 175 176 177
1 15 16 19 21 24 26 27 30 32 33 35 36 37 39 40 42 46 48 50 52 56 58 59 61 65 73 76 77 79 80 87 88 90 94 97 98 101 102 106 108 112 113 114 115 117 120 122 123 125 128 130 138 141 146 147 149 152 156 157 163 170 176 177
1 2 4 6 7 10 12 14 15 16 19 21 24 26 27 30 32 33 35 36 37 39 40 42 44 46 48 49 50 51 52 54 56 58 59 60 61 62 63 65 67 71 73 75 76 77 79 80 82 83 87 88 89 90 92 94 96 97 98 99 101 102 106 107 108 110 111 112 113 114 115 117 118 120 121 122 123 125 126 127 128 129 130 133 136 137 138 141 144 146 147 149 150 151 152 153 156 157 159 163 168 169 170 176 177
9 10 11 13 18 19 20 26 27 33 41 42 43 48 54 56 66 68 73 74 77 79 88 90 91 92 96 109 110 112 115 117 122 125 139 141 142 144 160 171 176
1 4 6 10 11 12 14 15 16 17 20 22 23 24 27 29 31 33 36 37 39 40 42 43 44 45 46 47 48 49 51 53 54 55 58 60 61 62 64 65 67 68 71 73 76 79 80 81 82 83 84 86 88 89 90 93 94 95 96 98 99 100 101 103 104 106 107 108 109 110 111 112 113 114 115 116 117 118 120 121 124 126 127 128 131 133 134 135 136 137 138 139 140 141 142 143 144 146 148 149 150 151 153 154 157 160 162 163 167 168 169 171 172 175 177
5 8 16 23 25 28 34 60 75 85 97 116 118
5 6 12 21 32 33 39 40 49 51 55 59 63 66 73 78 79 80 83 85 91 96 101 108 115 128 129 136 137 146 149 150 166 168
2 7 8 9 11 13 14 15 19 20 21 23 24 25 26 27 29 30 33 36 37 40 41 42 43 46 47 48 49 50 51 53 54 56 58 61 63 65 66 67 68 69 73 74 76 77 84 86 87 88 89 90 91 92 93 94 95 97 98 102 103 104 105 106 109 110 112 113 114 115 116 117 118 123 126 127 128 129 130 131 132 133 134 139 140 141 142 147 152 154 156 157 158 159 160 168 169 171 173 174 176 177
1 4 6 12 18 24 27 32 33 39 40 51 56 68 71 78 79 80 82 83 84 86 88 91 96 99 101 107 108 126 128 135 136 137 144 146 150 151 153 160 169 171
3 9 10 11 13 14 17 18 19 20 21 27 41 59 68 74 75 80 87 90 94 95 104 105 107 109 115 124 125 132 135 137 139 141 154 170 171 176 177
16 34 46 64 88 97 103 104 114 116 119 129 138 142 143 145 157 164 174
11 13 20 26 34 41 46 48 50 64 74 75 92 95 109 112 115 125 132 138 162 171
55 64 65 66 69 77 114 118 138 163
1 6 21 39 40 49 51 67 79 82 83 88 99 107 112 128 144 153
1 4 6 9 10 12 19 21 27 39 40 48 49 51 67 71 74 78 79 80 82 83 88 90 95 96 99 102 107 112 125 128 135 136 137 144 146 150 151 153 169 171
4 12 16 17 23 28 38 58 60 62 65 68 69 73 88 98 111 114 142 143 153 158 163
3 7 16 17 19 21 23 24 33 41 53 55 58 61 62 68 74 81 87 92 97 98 100 104 111 121 132 133 135 152 160 162 163 164 168 175 176
3 7 8 9 11 14 21 22 41 45 58 94 104 124 127 134 152 154 155 167 170 174 176 177
1 2 4 5 6 8 12 15 16 17 22 23 24 25 27 29 30 35 36 37 38 39 40 44 45 46 47 49 51 52 53 57 58 60 61 62 63 64 65 67 70 71 72 75 76 79 81 82 83 84 85 86 87 93 96 97 98 99 100 102 103 104 106 107 108 111 113 114 116 118 119 120 121 123 126 127 128 129 130 131 132 133 134 136 137 138 140 142 144 145 149 150 151 152 153 155 156 157 158 159 160 161 164 165 166 167 168 169 172 173 175 176
2 3 4 5 6 7 8 10 12 13 14 15 16 17 19 20 21 23 24 26 27 30 32 33 34 35 36 37 38 39 40 42 45 46 47 49 50 51 52 53 54 56 61 62 63 64 65 66 67 68 71 72 73 75 76 77 79 81 82 83 84 85 86 87 88 89 90 91 92 93 94 96 97 98 99 100 103 106 107 108 110 111 113 114 116 117 118 119 120 121 123 124 126 128 131 132 133 134 136 138 141 142 143 144 146 149 150 151 152 153 155 156 157 158 162 163 165 166 167 168 169 170 173 174 177
7 9 10 11 17 18 19 20 24 26 27 28 37 39 41 43 48 50 65 70 74 78 88 89 90 101 102 109 115 117 121 128 135 139 141 146 147 160 176
3 16 35 38 45 47 53 100 104 127 149 158 164 165 168 176 177
3 16 19 22 25 29 35 38 44 45 47 53 60 67 72 75 76 81 100 101 103 104 106 118 127 130 139 142 143 146 149 155 156 157 158 159 164 165 168 175 176 177
13 21 25 31 45 58 109 124 130 170
4 6 7 9 10 13 18 19 21 32 41 48 59 74 78 80 90 101 105 107 109 122 135 137 139 153 170
2 12 15 27 32 44 50 51 56 57 59 63 66 68 79 84 85 87 93 97 120 122 132 134 150 166 167 170 171 175 177
7 18 23 28 33 34 56 64 69 73 77 82 85 90 91 92 93 97 98 108 111 115 116 120 126 132 135 137 138 143 161 171 175
4 10 12 27 32 39 59 71 79 88 96 99 107 135 136 137 150 151 153 170
8 23 24 26 27 28 31 34 41 43 46 49 53 56 63 68 84 85 93 97 102 115 116 118 120 129 131 132 140 142 152 158 170 174 175 177
16 18 22 25 28 31 34 35 36 38 45 61 69 76 77 87 100 104 111 116 121 145 158 165 166
1 2 6 7 9 10 11 12 13 14 15 16 18 20 21 24 26 27 29 30 32 36 37 38 39 41 44 46 48 49 50 55 56 57 58 59 61 66 67 68 70 71 73 74 75 78 79 80 81 82 83 84 86 87 88 91 93 95 96 98 99 101 105 107 108 109 110 112 113 115 117 121 122 124 127 129 130 131 133 134 135 136 137 140 141 144 146 147 149 150 151 152 153 154 160 162 163 169 170 171 172 174 176 177
1 2 3 4 6 8 10 11 12 15 17 19 20 24 25 26 27 30 32 33 37 39 40 42 43 44 46 48 50 51 54 55 56 57 65 66 68 71 73 74 78 79 80 82 83 84 86 89 91 92 95 96 97 98 99 101 102 103 106 107 108 109 110 112 113 114 115 117 119 120 122 125 126 127 128 130 131 136 137 139 141 144 146 147 149 150 151 153 155 156 157 159 160 162 163 165 169 171 173 175 176
1 4 6 7 12 24 27 35 37 39 44 47 55 59 71 77 79 80 82 83 88 91 96 99 105 106 107 108 111 122 128 136 141 144 150 151 153 155 162 172 174
3 10 19 21 22 27 32 59 73 78 87 94 105 117 121 124 125 130 132 135 139 149 154 171 172 176 177
9 19 22 46 59 68 69 116 125 142
1 2 3 4 5 6 10 11 14 16 18 22 23 25 28 35 37 38 40 45 46 47 48 49 51 52 55 57 58 60 61 62 66 67 71 72 77 79 80 81 82 83 84 85 87 90 91 93 94 96 99 100 101 103 105 106 107 108 110 112 117 120 121 123 126 130 134 136 137 138 141 142 144 145 147 148 150 151 153 155 156 161 164 167 168 170 175
9 11 18 20 41 43 48 55 68 74 78 95 102 105 109 112 125 135 139 141 160
3 7 9 14 18 32 41 69 74 78 105 117 139 173
1 6 23 30 33 40 46 50 51 56 65 71 77 79 82 86 97 108 113 123 131 148 149 172
1 3 4 5 6 8 16 22 23 25 28 30 33 35 37 38 40 41 42 43 44 45 46 49 50 51 52 54 55 56 57 62 63 65 66 67 70 71 72 75 76 77 79 80 81 82 83 85 86 87 89 91 93 94 96 97 99 100 102 103 106 107 108 110 113 116 119 123 124 125 126 127 128 129 131 133 136 137 138 142 144 148 149 151 152 153 155 157 159 160 161 167 168 169 170 172 173 177
7 9 18 32 41 74 117 122 125 139
7 9 10 18 20 21 26 27 32 33 37 41 43 48 50 54 56 59 66 70 74 78 91 95 101 109 117 122 125 139 147 150 161 169 170 171 176
9 18 23 24 28 29 31 41 48 58 66 68 74 78 105 109 112 117 122 130 135 139 154 171
1 2 4 6 10 15 17 23 25 27 30 33 36 37 38 39 43 46 49 50 51 53 56 57 63 64 65 71 76 77 79 83 84 86 87 93 96 97 98 99 100 101 107 110 113 114 115 119 121 123 128 131 134 136 140 142 144 146 148 150 151 152 157 159 160 161 165 166 168 169
1 2 4 5 6 8 10 12 15 16 17 23 24 25 27 30 32 33 34 36 37 38 39 40 43 44 46 49 50 51 53 54 55 56 57 58 63 64 65 70 71 72 73 76 77 79 83 84 86 87 93 96 97 98 99 100 101 106 107 108 110 111 113 114 115 116 118 119 121 123 126 128 129 131 134 135 136 137 138 140 142 144 146 148 150 151 152 153 154 156 157 159 160 161 165 166 167 168 169 173 175
9 11 24 30 37 40 41 42 43 48 56 65 74 78 80 86 89 95 102 109 112 117 123 125 126 128 131 135 139 141 143 144 150 160 162 169 171
2 5 7 8 11 14 16 17 19 20 21 24 25 29 30 31 33 35 36 37 38 40 41 42 43 45 46 47 48 49 50 52 53 54 56 58 60 63 64 65 67 68 70 72 74 78 81 84 86 88 89 90 92 93 95 102 103 104 106 109 110 112 113 114 117 118 119 120 121 123 128 129 130 131 132 133 134 138 139 141 143 145 147 152 155 156 157 161 162 163 164 165 166 167 168 169 174
2 3 8 10 13 17 22 36 41 43 47 55 63 64 74 75 84 93 104 107 120 127 130 131 133 134 157 165 166 169 174 176
4 12 35 36 44 46 47 49 52 61 76 97 100 119 127 133 138 140 143 144 167
5 8 9 14 18 19 21 28 29 30 45 48 58 59 70 73 74 78 81 90 102 104 105 112 117 125 133 143 145 152 159 164 166 174
