5 6 7 9 11 13 14 16 22 23 25 28 32 36 41 45 56 59 64 68 70 72 80 81 85 94 105 108 109 118 122 124 129 130 145 151 154 156 164 166 170 173 175
3 5 7 8 14 15 17 19 22 23 25 28 36 38 41 45 52 55 57 58 60 69 70 72 75 77 81 85 93 94 97 100 104 124 130 152 154 155 161 165 167 170 172 174 175 176 177
2 16 22 23 25 33 34 35 36 38 44 45 47 49 52 60 62 72 77 81 89 100 114 118 119 121 133 134 152 159 163 167 173 175
2 5 16 22 23 25 28 29 31 33 34 35 36 38 44 45 47 49 52 60 62 64 72 77 81 85 89 100 105 114 118 119 121 133 134 152 154 159 163 165 166 167 173 175
2 5 8 13 14 16 22 25 28 31 35 36 38 44 45 58 59 64 69 72 75 76 77 81 85 100 116 118 127 129 130 134 140 145 149 155 158 161 165 167 168 172 173 177
1 3 8 11 13 15 19 21 26 28 32 46 50 54 60 63 64 69 73 76 78 83 87 90 91 93 98 110 114 117 120 122 123 132 138 143 145 146 147 149 152 156 158 160 163 164 173 175
1 3 4 6 7 8 9 10 11 12 13 14 15 16 18 19 20 21 24 26 27 28 30 32 33 35 37 39 40 41 42 43 46 48 49 50 51 54 56 57 59 60 63 64 65 66 68 69 71 72 73 74 76 77 78 79 80 82 83 84 85 86 87 88 89 90 91 92 93 96 97 98 99 101 102 103 105 107 108 109 110 112 114 115 117 118 119 120 121 122 123 124 125 126 127 128 129 131 132 133 136 137 138 139 140 141 143 144 145 146 147 149 150 151 152 153 155 156 158 159 160 161 162 163 164 166 169 170 171 173 174 175
7 13 19 42 48 51 74 77 81 82 88 89 90 95 98 102 109 112 135 139 166 174
7 9 13 17 19 22 23 24 29 30 31 42 48 51 58 70 74 77 78 81 82 88 89 90 94 95 98 102 109 112 121 130 135 139 152 159 162 165 166 174
5 7 9 10 11 12 13 14 15 18 19 21 27 29 37 41 42 56 59 66 68 72 73 75 78 87 88 90 92 105 109 115 118 119 122 125 132 134 135 139 141 149 160 170 171 174 177
1 2 4 5 6 8 12 15 16 19 21 22 24 25 26 27 28 29 30 33 34 36 37 38 39 40 42 44 45 46 47 49 50 51 52 53 54 55 57 58 60 61 62 63 64 65 66 67 70 71 73 75 76 79 80 82 83 84 85 86 87 88 89 90 92 93 96 97 98 99 100 101 103 104 106 107 108 111 112 113 114 115 116 117 118 119 120 121 123 127 128 129 130 131 133 134 135 136 137 138 139 140 142 144 147 148 149 150 151 152 153 155 156 157 158 159 161 162 163 164 165 167 168 169 171 172 173 174 175 176 177
3 8 14 25 28 35 45 60 111 123 124 130 143 161 164 167
3 5 8 9 14 18 21 22 25 28 31 35 36 44 45 47 58 60 63 72 75 89 92 102 104 111 123 124 125 129 130 132 134 137 139 143 145 154 161 164 165 167 168 172 173 176 177
1 4 6 10 12 20 21 24 25 26 27 28 30 32 37 39 40 42 43 44 46 47 48 49 50 51 54 55 56 62 65 66 67 68 71 73 74 78 79 82 83 86 88 89 91 95 96 99 101 103 105 107 113 114 117 120 122 125 126 128 131 135 136 137 138 139 141 142 143 144 146 147 150 151 153 160 169 171
1 4 6 7 8 9 10 11 12 13 15 18 19 20 21 23 24 25 26 27 28 29 30 32 33 35 36 37 38 39 40 41 42 43 44 45 46 47 48 49 50 51 53 54 55 56 59 61 62 63 65 66 67 68 70 71 73 74 78 79 80 81 82 83 84 86 87 88 89 90 91 92 93 94 95 96 98 99 101 102 103 105 107 109 110 111 112 113 114 115 117 119 120 121 122 124 125 126 128 129 130 131 132 133 134 135 136 137 138 139 141 142 143 144 146 147 149 150 151 152 153 157 158 160 162 165 168 169 171 172 173 174 176
8 9 11 13 19 20 21 26 28 32 34 36 41 43 48 53 54 59 66 68 73 74 76 78 95 98 103 109 111 112 113 117 123 124 125 126 128 131 132 135 139 140 141 143 149 154 171 174 176
1 2 4 6 7 10 12 15 17 19 20 21 24 26 27 30 32 33 34 35 37 38 39 40 42 43 46 47 48 49 50 51 53 54 56 57 60 61 62 63 64 65 66 67 68 69 70 71 74 76 79 80 82 83 84 85 86 88 89 90 91 92 93 94 95 96 97 98 99 100 101 102 103 104 105 106 107 108 109 110 112 113 114 115 116 117 118 119 120 121 122 123 125 126 128 129 131 133 134 136 138 139 140 141 142 143 144 146 147 150 151 152 153 155 156 157 158 159 160 162 163 165 166 168 169 170 171 174 175 177
1 4 6 15 18 26 27 39 40 43 44 51 54 66 68 69 73 76 82 83 84 86 91 96 99 107 108 110 113 115 119 124 125 126 135 137 144 149 151 153 158 159 163 169 170 171
1 2 4 5 6 8 12 15 16 17 20 22 23 24 25 26 27 29 30 31 33 34 35 36 38 39 40 44 46 47 49 50 51 52 53 54 55 56 57 58 60 61 62 63 64 65 67 68 69 70 71 72 73 76 77 79 80 81 82 83 84 85 86 87 88 89 91 93 95 96 97 98 99 100 101 103 104 106 107 108 110 111 113 114 116 118 119 120 121 123 126 127 128 129 130 133 134 136 137 138 140 141 142 143 144 148 149 150 151 152 153 156 157 158 159 160 161 162 163 165 166 167 169 170 172 173 175 176
1 39 49 54 86 126 127 138 151 153
1 2 4 6 10 11 12 13 15 17 18 20 22 24 25 26 27 28 29 30 31 32 33 34 35 36 37 38 39 40 41 42 43 44 45 46 47 49 50 51 53 54 55 56 57 59 62 64 65 66 67 68 71 73 74 76 77 79 80 82 83 84 86 87 88 90 91 93 94 95 96 97 98 99 100 101 103 104 106 107 108 109 110 111 113 114 115 117 119 120 121 122 123 126 127 128 129 130 131 132 136 138 139 140 141 143 144 146 147 150 151 152 153 154 155 156 157 159 160 162 163 165 169 170 171 172 175 177
1 2 4 5 6 7 10 11 12 13 14 15 16 17 18 19 20 21 24 25 26 27 28 29 30 32 33 34 36 37 39 40 41 42 46 48 49 50 51 54 56 58 59 60 61 64 65 66 67 68 69 71 72 73 75 78 79 80 82 83 86 87 88 89 90 91 92 93 95 96 98 99 100 101 103 105 106 107 108 109 110 113 114 115 116 117 118 120 122 123 126 127 128 129 130 131 132 133 135 136 137 138 139 140 141 142 143 144 146 147 149 150 151 153 154 157 158 159 160 163 164 165 167 168 169 170 171 172 173 177
1 4 5 6 7 10 11 12 15 18 19 21 22 23 24 26 27 29 30 31 32 33 35 37 39 40 41 42 43 44 46 47 49 50 51 52 54 55 56 57 59 60 61 63 64 65 66 67 68 70 71 73 74 75 76 77 78 79 80 82 83 84 86 87 88 89 91 93 94 95 96 97 98 99 100 101 103 105 106 107 108 110 111 113 114 115 116 117 118 119 120 122 123 124 125 126 127 128 132 134 135 136 137 138 139 140 141 142 144 146 147 148 150 151 153 157 158 160 161 162 163 164 166 167 169 170 171 172 173 176 177
3 5 8 9 14 15 16 17 19 21 22 23 25 28 29 31 32 34 35 36 38 39 42 45 46 47 49 50 52 53 54 57 58 59 60 61 62 63 64 67 69 71 72 73 75 76 77 81 85 87 90 94 96 97 100 103 105 106 107 111 113 114 116 118 119 120 121 122 123 124 125 127 128 129 130 133 134 136 138 140 142 143 145 148 149 150 151 152 154 155 156 157 158 159 161 163 164 165 166 167 168 172 173 175 176 177
3 5 7 8 9 10 11 13 14 15 16 17 19 20 21 22 23 24 25 26 28 29 30 31 32 34 35 36 37 38 39 41 42 45 46 47 48 49 50 52 53 54 55 57 58 59 60 61 62 63 64 65 67 69 70 71 72 73 74 75 76 77 81 85 87 89 90 92 93 94 95 96 97 100 102 103 104 105 106 107 109 111 112 113 114 116 117 118 119 120 121 122 123 124 125 127 128 129 130 131 133 134 136 138 139 140 141 142 143 145 147 148 149 150 151 152 154 155 156 157 158 159 161 162 163 164 165 166 167 168 170 172 173 174 175 176 177
1 5 13 15 17 22 25 30 35 38 39 44 45 46 47 49 50 51 63 71 72 73 79 82 83 85 93 99 103 106 107 108 116 118 120 123 126 128 134 136 138 140 143 150 151 153 158 164 177
1 3 4 5 6 7 8 9 10 11 12 13 14 15 16 17 18 20 21 22 25 26 27 28 30 31 32 35 37 38 39 41 42 44 45 46 47 48 49 50 51 52 54 59 60 62 63 64 66 69 70 71 72 73 75 76 77 79 80 81 82 83 84 85 87 89 91 92 93 94 96 98 99 101 102 103 104 105 106 107 108 109 110 112 115 116 117 118 120 122 123 124 125 126 128 130 132 133 134 135 136 138 139 140 141 143 145 146 147 148 149 150 151 152 153 154 155 156 158 160 163 164 165 166 169 170 173 174 175 176 177
1 4 5 8 10 11 13 15 16 17 18 19 20 21 22 26 34 35 37 38 44 46 49 52 53 55 57 60 62 63 64 66 67 69 71 72 73 74 75 76 77 85 87 88 89 93 94 95 96 97 98 101 103 106 107 109 111 113 114 116 117 118 119 121 122 123 124 125 127 132 134 136 138 139 140 141 142 143 146 147 148 149 150 152 155 156 157 158 159 161 163 168 174 176 177
1 2 3 4 5 7 8 9 10 11 13 14 15 16 17 18 19 20 21 22 23 25 26 28 29 30 31 34 35 36 37 38 43 44 45 46 48 49 52 53 55 57 58 60 61 62 63 64 65 66 67 69 70 71 72 73 74 75 76 77 78 81 85 87 88 89 90 93 94 95 96 97 98 100 101 103 104 106 107 109 111 112 113 114 116 117 118 119 121 122 123 124 125 127 130 132 133 134 135 136 138 139 140 141 142 143 145 146 147 148 149 150 152 154 155 156 157 158 159 161 162 163 164 165 166 167 168 172 173 174 175 176 177
1 2 4 5 6 8 10 12 13 15 16 17 19 20 21 23 24 26 27 28 30 33 34 35 36 37 38 39 40 42 44 45 46 47 49 50 51 52 53 54 56 57 58 59 61 62 63 64 65 66 67 69 70 71 72 75 76 77 79 81 82 83 84 85 86 87 88 89 90 91 93 94 95 96 97 98 99 100 103 104 106 107 108 110 111 113 114 115 116 118 119 120 121 122 123 126 127 128 131 132 134 136 137 138 141 142 143 144 146 147 148 149 150 151 153 155 156 157 158 159 160 161 162 163 166 167 168 169 170 172 174 175 176 177
2 17 23 24 25 28 31 34 35 36 38 45 52 58 60 61 64 67 69 72 75 85 87 93 97 100 103 106 114 116 118 129 130 133 140 142 143 145 149 155 161 162 164 165 166 167 173 175
3 7 14 17 19 24 29 34 37 43 45 48 52 55 57 66 69 70 74 81 89 90 91 92 95 100 104 105 110 111 112 118 120 127 129 139 142 144 156 162 167 174 175
1 4 5 6 7 8 10 11 12 13 14 15 16 17 18 19 20 21 24 25 26 27 28 30 32 33 34 35 36 37 38 39 40 41 42 46 48 49 50 51 52 54 55 56 57 58 59 62 64 65 66 67 68 70 71 72 73 74 76 77 79 80 82 83 85 86 87 88 89 90 91 92 94 95 96 97 98 99 101 102 103 105 106 107 108 109 110 112 113 115 117 120 122 123 124 125 126 127 128 130 131 136 137 139 141 142 143 144 146 147 149 150 151 153 154 156 157 158 159 160 161 162 163 164 166 168 169 170 171 172 174 176 177
2 12 17 29 36 44 49 57 97 111 118 119 127 134 140 165 167 175
2 3 12 14 17 23 29 34 36 44 46 49 57 64 94 97 111 118 119 127 134 140 142 164 165 166 167 175 177
2 3 4 12 14 17 23 29 34 36 44 45 46 49 57 58 60 61 64 69 71 72 81 94 97 100 106 111 118 119 127 134 136 137 140 142 150 155 161 164 165 166 167 175 177
3 5 7 8 9 11 13 14 18 20 21 22 23 26 28 32 37 41 43 45 48 56 59 69 70 74 77 78 92 105 109 111 112 116 118 122 124 125 130 139 142 145 155 163 170 173 174 175 177
8 11 14 18 25 27 28 29 31 43 44 46 48 53 56 61 69 73 76 78 87 91 94 105 113 115 116 121 124 125 127 134 135 138 140 141 145 148 149 152 154 158 159 163 165 166 171 173 176
5 8 9 11 14 18 19 21 22 25 28 29 31 41 46 48 58 60 69 74 75 78 92 95 109 112 116 122 124 125 130 134 139 140 142 143 145 154 157 164 166 173 174 175 176 177
1 6 27 28 34 40 51 68 80 82 83 88 91 115 126 128 134 135 137 138 153 160 165 169 171
1 6 18 23 27 28 34 38 40 51 58 60 64 68 69 72 78 80 81 82 83 86 88 90 91 108 115 126 128 130 134 135 137 138 143 144 148 153 160 165 169 171
5 8 10 11 14 15 18 29 36 38 44 58 59 63 64 66 69 73 74 75 76 87 93 94 100 113 115 116 119 122 124 125 127 130 132 149 154 155 158 159 163 164 168 170 171 173 176 177
1 4 6 12 39 51 55 71 79 80 82 83 99 107 115 137 144 146 150 151 153
1 2 3 4 6 8 10 12 15 17 19 20 23 24 25 27 29 30 31 33 34 35 36 38 39 40 42 43 44 46 47 50 51 52 53 54 55 56 57 60 61 62 63 64 65 66 67 69 70 71 72 73 75 76 77 79 80 82 83 84 85 86 87 88 89 90 92 94 96 97 98 99 101 102 103 104 106 107 108 110 111 113 114 115 116 118 119 120 121 123 126 127 128 129 131 132 133 134 137 138 140 141 142 143 144 145 146 148 149 150 151 152 153 154 156 157 158 159 161 162 163 164 165 166 167 168 169 171 172 175 176 177
3 7 9 13 20 22 23 24 25 31 38 41 42 45 48 60 62 67 69 74 81 85 89 90 92 93 95 104 109 112 116 121 124 130 132 139 141 148 149 155 161 162 164 165 167 174
2 3 4 5 7 8 10 11 13 15 16 17 20 21 22 23 24 25 26 27 28 29 30 31 32 33 34 35 36 37 38 41 42 43 44 45 46 47 48 49 51 52 53 54 55 56 57 60 61 62 63 64 65 67 69 70 71 72 73 76 77 80 81 85 87 88 89 93 94 95 96 97 98 100 101 102 103 104 105 106 109 111 112 113 114 116 117 118 119 120 121 122 123 125 127 128 129 130 131 132 134 135 138 139 140 141 142 143 145 146 147 148 149 150 152 154 155 156 157 158 159 160 161 162 163 164 165 166 167 168 169 171 172 173 174 176 177
2 12 15 17 23 24 26 27 29 33 36 43 44 47 51 53 54 56 60 63 66 68 75 79 82 83 84 86 87 88 91 92 93 97 98 108 110 111 120 121 129 131 132 137 140 169 175 177
1 2 3 4 5 6 8 10 13 15 17 20 22 24 25 26 27 29 30 33 34 35 36 37 38 39 40 42 43 44 45 46 47 49 50 51 52 53 54 55 56 57 58 59 60 61 62 63 64 65 66 70 71 72 75 76 79 80 81 82 83 84 86 87 89 91 92 93 94 95 96 97 98 99 100 102 103 104 105 106 107 108 109 110 111 112 113 114 115 117 118 119 120 121 123 124 125 126 127 128 130 131 132 133 134 135 136 137 140 142 144 148 149 150 151 152 153 154 155 157 158 159 160 162 164 165 168 169 170 171 172 173 174 177
2 10 32 43 45 47 49 53 61 71 80 85 87 88 96 97 100 103 104 106 107 113 114 117 120 123 124 133 143 144 146 150 155 156 160
2 3 5 8 9 10 11 13 15 17 18 20 21 22 23 24 25 26 28 29 31 32 34 35 36 37 38 41 42 43 44 45 46 47 48 49 52 53 57 58 59 60 61 62 63 65 67 69 70 71 72 74 75 76 77 78 80 81 85 87 88 89 90 91 92 93 94 95 96 97 98 100 101 102 103 104 105 106 107 109 111 112 113 114 117 119 120 121 123 124 125 127 128 129 130 131 132 133 134 135 138 139 141 143 144 145 146 148 149 150 152 154 155 156 157 159 160 161 162 163 164 165 166 167 168 170 172 173 174 175 176 177
