2 8 16 17 22 23 28 30 31 33 35 36 38 41 42 44 47 58 60 69 72 77 84 89 102 118 119 123 128 131 134 135 140 144 148 149 156 159 161 163 164 166 167 168 173 175
3 5 6 16 17 26 35 45 56 59 61 69 75 76 81 85 91 94 104 107 108 115 118 124 125 127 132 134 135 137 151 154 155 156 158 161 167 170 176 177
1 4 5 6 7 10 11 12 13 14 16 17 19 20 21 22 23 24 25 26 27 28 30 32 33 34 35 37 38 39 40 41 42 45 46 48 49 50 51 52 53 54 55 56 57 58 59 60 62 64 65 67 68 69 70 71 72 74 76 77 79 81 82 83 85 86 88 89 90 91 92 95 96 97 98 99 100 101 102 103 104 105 106 107 108 109 110 112 114 116 117 118 122 123 126 128 131 133 134 136 138 139 141 142 143 144 146 147 148 150 151 153 155 156 157 158 159 161 162 163 164 166 167 168 169 170 173 174
2 16 23 25 28 34 36 38 45 46 47 48 57 59 67 69 80 94 101 105 106 111 116 118 120 126 129 130 134 138 142 143 148 149 159 161 163 165 167 172 173 175 176
1 2 3 4 5 6 7 8 9 10 12 14 15 16 17 18 19 20 21 22 23 24 25 28 29 30 33 35 36 37 38 39 40 42 43 44 45 46 48 51 52 54 55 56 57 58 59 60 62 63 64 65 66 67 69 70 71 72 73 74 76 77 78 80 82 83 86 88 89 90 91 92 94 96 97 98 99 101 102 103 105 106 107 108 111 113 114 117 119 123 125 126 128 130 131 132 133 134 135 136 137 139 142 143 144 146 147 148 149 150 151 153 155 156 158 159 160 161 162 163 164 165 166 167 168 169 170 172 173 174 175 176
7 8 9 13 14 16 18 20 23 25 32 33 41 43 45 56 59 63 68 69 70 73 78 80 81 85 91 94 97 101 102 105 117 122 123 124 129 130 135 145 160 161 162 170 173 174 177
2 5 16 17 29 44 47 63 67 72 85 87 104 111 123 134 148 156 161 176
2 3 5 16 17 22 28 29 34 35 38 44 45 46 47 55 57 63 66 67 69 70 72 77 81 85 87 93 97 104 106 111 121 123 129 132 134 138 148 154 155 156 161 172 176 177
2 14 22 24 28 31 33 34 36 38 45 52 57 58 60 61 62 63 64 67 70 81 89 100 111 116 130 138 140 142 145 148 149 152 157 158 159 161 162 165 167 168 172 173 174 175
5 8 25 28 34 35 38 43 46 63 64 72 76 77 97 100 105 110 111 114 116 118 119 120 131 138 140 142 143 145 148 156 158 159 161 163 165 166 167 172 173 175
2 25 28 29 31 36 44 60 70 72 111 116 123 124 129 132 134 138 140 142 143 145 148 154 156 164 165 167 171 175 176 177
2 3 5 7 11 13 14 15 16 17 19 20 21 22 23 24 25 26 28 29 30 31 32 33 34 35 36 37 38 39 42 43 44 45 46 47 48 50 52 53 54 56 58 59 60 61 62 63 64 65 66 67 70 72 73 74 75 76 78 80 81 84 85 86 87 88 89 90 91 92 93 94 95 97 98 100 102 103 104 105 106 109 110 111 112 113 114 116 117 118 119 120 121 123 124 125 126 129 130 131 132 133 134 136 138 139 140 141 142 143 145 146 147 148 149 150 152 154 155 156 157 158 159 162 163 164 165 166 167 168 169 170 171 172 173 174 175 176 177
1 2 4 6 7 10 12 15 16 17 20 22 24 26 27 28 30 32 33 35 37 38 39 40 42 43 46 47 49 50 51 52 53 54 56 57 58 59 60 61 62 63 64 65 66 67 68 70 71 72 73 74 75 76 77 79 82 83 84 85 86 87 88 89 90 91 93 95 96 97 98 99 100 102 103 106 107 108 110 111 112 113 114 115 116 117 118 119 120 121 123 126 128 129 131 132 133 136 137 138 140 141 142 143 144 146 149 150 151 152 153 156 157 158 159 160 161 162 163 164 165 166 167 168 169 170 172 174 175
1 4 6 9 11 12 18 19 30 45 48 51 58 74 78 80 82 90 91 95 99 109 115 125 127 130 131 133 136 137 139 144 146 148 151 153 154 164 166 171 177
8 11 17 18 24 28 29 31 36 46 48 61 63 66 69 76 78 83 86 88 91 109 111 112 113 114 121 123 124 125 126 131 138 141 142 143 149 152 157 158 159 163 165 166 169 171 176
1 2 3 4 6 7 8 9 10 11 12 15 16 17 18 19 21 22 23 24 26 27 28 29 30 31 32 33 34 35 36 39 40 41 42 43 44 45 46 47 48 49 50 51 52 53 54 55 56 57 58 60 61 62 63 64 66 68 69 70 73 75 77 78 79 80 82 83 84 85 86 87 88 89 90 91 92 93 94 95 96 97 98 99 100 101 102 103 104 106 107 108 109 110 111 112 113 114 116 119 120 121 122 123 124 126 127 128 129 130 131 132 133 134 135 136 137 138 139 140 141 142 143 144 145 146 147 148 149 150 152 153 154 155 157 158 159 160 161 162 164 166 167 168 169 170 171 172 173 174 175 176 177
8 13 14 15 17 19 20 30 37 39 40 41 44 55 61 73 76 78 88 98 101 109 111 112 113 114 117 119 121 124 126 127 133 138 141 146 147 149 154 158 159 160 165 172 176 177
2 16 17 23 24 25 28 29 31 34 35 36 38 44 45 47 57 58 61 62 64 67 76 77 95 97 100 116 119 127 129 130 134 140 142 145 148 155 159 162 164 165 166 167 168 173 175
3 9 11 14 16 20 22 23 24 25 29 30 31 36 41 43 45 48 55 58 73 74 78 81 85 97 102 104 109 112 117 123 125 129 130 131 139 154 155 159 161 162 164 165 166 173 177
3 5 7 9 11 13 14 16 19 21 22 25 31 36 41 45 46 58 61 69 70 72 74 75 77 81 85 94 104 122 124 125 132 133 134 145 154 155 156 161 163 170 173 176 177
1 2 3 4 5 6 7 8 9 12 13 16 17 22 23 24 25 27 28 29 31 34 35 36 37 38 40 42 44 45 46 47 48 49 51 52 56 57 58 60 61 62 63 64 65 67 69 70 72 75 76 77 78 79 81 82 83 84 85 86 87 89 90 91 92 93 94 95 97 99 100 103 104 105 106 107 108 109 111 114 116 118 119 121 122 123 124 127 128 129 130 132 134 135 136 137 138 140 142 143 144 145 148 149 150 151 152 153 154 155 156 157 158 159 161 162 163 164 165 166 167 168 170 171 173 174 175 176 177
1 2 3 4 5 6 8 10 15 16 17 22 23 24 25 28 29 30 31 34 35 36 37 38 40 42 43 44 45 46 47 49 51 52 53 54 55 57 58 60 61 62 63 64 65 67 69 70 71 72 73 76 77 79 81 82 83 84 85 86 87 89 91 93 94 96 97 99 100 101 103 104 106 107 108 110 111 112 113 114 115 116 118 119 120 121 123 127 128 129 130 131 132 133 134 136 137 138 140 142 143 144 145 148 149 150 151 152 153 154 155 156 157 158 159 160 161 162 163 164 165 166 167 168 172 173 175 176 177
2 17 23 24 25 28 29 30 31 34 36 38 42 43 45 46 47 53 58 61 62 63 64 65 86 89 95 97 98 114 119 129 130 131 133 138 140 142 148 159 161 162 164 165 166 167 172 175
1 4 6 9 10 11 12 13 18 21 23 26 27 32 33 41 51 52 56 59 66 68 75 77 80 82 83 90 91 96 99 101 105 107 108 110 115 116 122 125 126 127 132 137 139 151 170 171
12 25 27 34 35 56 118 126 128 143 153
12 14 17 20 23 25 27 28 30 34 35 37 38 39 41 42 43 54 55 56 58 64 74 92 93 95 100 105 118 120 125 126 128 130 131 134 141 143 146 149 152 153 154 160 167 170 176
2 14 17 61 67 70 84 119 157 173
2 3 5 14 17 22 23 29 31 36 38 45 47 52 53 58 61 62 67 70 75 81 84 94 100 104 106 113 119 121 129 130 131 133 134 148 152 154 155 157 165 166 167 173 176 177
2 3 4 9 14 16 17 25 36 38 41 44 45 49 53 55 57 58 61 67 70 72 81 93 94 97 100 104 106 111 119 124 127 130 134 145 154 155 161 165 167 172 173 175 177
3 7 8 9 14 19 21 22 25 28 29 31 35 38 45 52 57 58 61 62 69 72 75 77 81 92 94 102 109 118 124 130 134 138 143 148 154 155 156 163 164 166 167 172 173 174 177
1 2 3 4 5 6 7 8 10 11 12 13 14 15 16 17 18 21 25 27 28 29 31 33 35 36 38 39 40 42 44 45 46 47 49 50 51 52 53 54 55 56 57 58 59 61 62 63 64 66 67 68 69 70 71 72 73 75 76 79 80 81 82 83 84 85 86 87 88 89 91 93 94 96 97 99 100 101 103 104 105 106 107 108 110 111 113 114 115 116 121 122 123 124 126 129 130 134 136 137 138 140 142 143 144 145 146 147 148 150 151 152 153 154 155 156 157 158 159 161 164 165 166 167 168 169 170 172 173 175 176 177
1 4 6 12 27 39 51 56 71 79 82 83 99 107 108 126 136 137 144 150 151 153 169
1 2 4 5 6 7 8 9 10 11 12 13 15 16 18 19 20 21 22 23 24 26 27 30 32 33 34 35 37 38 39 40 41 42 43 44 47 48 49 50 51 54 55 56 59 60 61 62 64 65 66 67 68 70 71 74 75 77 78 79 80 82 83 84 85 86 88 89 90 91 92 93 96 97 98 99 101 102 103 105 106 107 108 109 110 111 112 117 118 120 121 122 123 126 127 128 129 130 131 132 133 135 136 137 138 141 142 144 146 147 150 151 153 156 157 160 161 162 164 166 167 168 169 170 171 172 174 175
1 2 3 4 6 8 12 15 17 23 24 26 27 28 29 30 33 34 35 36 37 38 39 40 42 43 44 45 46 47 48 49 50 51 52 53 54 56 57 60 61 62 63 64 65 66 67 68 69 70 71 73 76 77 79 82 83 84 85 86 87 88 89 91 92 93 95 96 97 98 99 100 101 102 103 104 106 108 110 111 112 113 114 115 116 117 118 119 120 121 123 126 128 129 131 132 133 134 136 138 140 141 142 143 144 147 148 149 152 153 155 156 157 158 159 160 161 162 163 164 165 166 167 168 169 171 172 174 175 177
1 2 4 5 6 15 16 23 24 27 30 32 36 38 46 49 52 58 60 62 67 71 72 79 80 82 85 87 88 93 97 99 101 106 107 108 111 114 116 119 120 123 126 128 129 134 135 136 137 138 140 148 149 150 153 157 159 160 163 165 167 168 169 173 175
1 2 3 4 5 6 7 8 10 14 15 16 17 18 23 24 25 27 29 30 31 32 33 35 36 38 40 42 43 44 45 46 47 49 52 53 55 57 58 59 60 61 62 63 66 67 68 70 71 72 75 76 77 78 79 80 81 82 84 85 86 87 88 89 90 93 94 96 97 98 99 100 101 102 103 104 105 106 107 108 111 113 114 116 118 119 120 121 122 123 124 125 126 127 128 129 130 131 133 134 135 136 137 138 140 143 145 148 149 150 152 153 154 155 156 157 158 159 160 161 162 163 164 165 167 168 169 170 171 172 173 174 175 176 177
1 2 3 4 5 6 7 8 9 11 12 13 14 15 16 17 18 20 21 22 23 24 25 26 27 28 29 31 32 33 34 35 36 37 38 39 40 41 42 43 44 45 46 47 48 49 50 51 52 53 54 55 56 57 58 59 60 61 62 63 64 65 66 67 68 69 70 71 72 75 76 77 78 79 80 81 82 83 84 85 86 87 88 89 90 91 92 93 94 95 96 97 98 99 100 101 102 103 104 105 106 107 108 109 110 111 112 113 114 115 116 117 118 119 120 121 123 124 125 126 127 128 129 130 131 132 133 134 135 136 137 138 139 140 141 142 143 144 145 146 147 148 149 151 152 153 154 155 156 157 158 159 160 161 162 163 164 165 166 167 168 169 170 171 172 173 174 175 176 177
1 4 6 9 10 11 12 15 17 18 19 20 21 24 26 27 30 32 33 34 35 36 37 38 39 40 41 42 43 45 46 47 48 49 50 51 52 53 54 55 56 57 58 60 61 62 63 64 65 66 67 68 70 71 73 74 76 78 79 80 82 83 84 86 88 89 90 91 92 93 95 96 97 98 99 100 101 102 103 105 107 108 109 110 111 112 113 114 115 119 120 121 122 123 125 126 127 128 131 135 136 137 138 139 140 141 142 143 144 146 147 149 150 151 152 153 155 156 157 158 159 160 161 162 163 166 168 169 171 174
3 7 8 15 22 25 29 31 35 43 53 57 60 61 62 63 67 73 75 81 85 87 94 97 104 113 119 121 127 131 132 133 134 145 148 149 152 154 155 157 162 165 172 173 174 176
1 2 3 4 6 8 10 12 13 15 16 17 20 22 23 24 26 27 30 31 33 34 35 36 37 38 39 40 42 43 44 45 46 47 49 50 51 53 54 56 57 59 60 61 62 63 65 66 68 69 71 72 73 75 76 77 79 80 82 83 84 85 86 88 89 91 93 94 96 97 98 99 100 103 104 106 107 108 109 110 111 113 114 115 117 118 119 120 121 122 123 126 128 129 130 131 132 133 134 136 137 138 140 141 143 144 146 147 148 149 150 151 152 153 155 156 157 159 160 161 162 163 164 165 166 167 168 169 170 175 177
1 4 6 10 11 13 14 16 18 19 20 21 28 32 33 34 39 42 43 45 48 50 51 54 56 59 64 65 68 69 71 73 74 76 79 80 81 82 83 88 95 96 99 100 102 103 105 106 107 108 109 110 113 115 118 121 122 125 126 128 131 136 141 146 147 150 151 153 155 157 160 166 168 169 170 171 173
1 3 4 6 7 10 11 13 14 16 18 19 20 21 22 23 24 25 28 30 32 33 34 35 37 38 39 40 41 42 43 45 46 48 49 50 51 52 54 56 57 58 59 60 62 64 65 66 67 68 69 71 72 73 74 76 77 79 80 81 82 83 85 86 88 89 91 95 96 97 99 100 101 102 103 104 105 106 107 108 109 110 112 113 115 116 117 118 121 122 123 125 126 128 129 130 131 133 136 138 139 140 141 142 143 144 145 146 147 148 150 151 153 155 156 157 159 160 161 162 163 164 165 166 167 168 169 170 171 172 173 174
16 22 23 25 28 29 31 36 38 44 45 46 48 52 53 58 61 62 63 64 69 76 81 84 100 104 112 116 118 121 123 129 133 138 140 145 152 154 155 158 159 161 165 167 172 173
1 3 5 6 7 8 9 10 11 12 13 14 15 16 18 20 21 26 27 30 32 37 39 41 46 49 50 52 55 56 61 64 66 67 68 71 73 74 75 77 79 80 82 83 84 86 87 88 91 94 96 97 98 99 100 101 104 105 106 107 108 110 112 113 115 116 117 119 121 122 124 127 132 133 135 136 137 141 142 144 145 146 147 150 151 153 154 155 156 158 160 169 170 171 172 174 176
1 3 4 5 6 7 8 9 10 11 12 13 14 15 16 18 19 20 21 26 27 30 32 33 34 37 39 40 41 42 44 46 49 50 51 52 54 55 56 57 59 60 61 62 64 65 66 67 68 70 71 72 73 74 75 76 77 79 80 82 83 84 85 86 87 88 89 91 92 94 96 97 98 99 100 101 102 103 104 105 106 107 108 110 111 112 113 114 115 116 117 119 120 121 122 123 124 125 126 127 128 131 132 133 135 136 137 138 139 141 142 144 145 146 147 149 150 151 153 154 155 156 157 158 160 161 164 169 170 171 172 174 176
1 2 3 5 6 7 8 9 10 12 13 16 19 20 21 22 23 25 29 30 31 34 35 37 38 39 42 43 44 45 46 47 48 49 51 52 53 55 57 58 60 61 62 63 64 65 67 68 69 70 72 74 75 76 77 78 79 81 85 86 90 91 95 97 98 99 100 101 103 104 106 107 108 109 111 112 113 114 115 116 117 118 120 121 123 127 128 129 131 133 134 135 136 137 138 140 141 142 143 144 145 146 147 148 149 151 152 153 154 155 156 157 158 159 161 162 163 164 165 166 167 168 172 173 174 175 176 177
1 4 5 6 7 9 10 11 12 13 14 15 17 18 19 20 21 22 23 24 26 27 28 30 32 33 35 37 39 40 41 42 43 44 46 48 49 50 51 52 53 54 55 56 57 58 60 62 64 65 66 67 68 70 71 73 74 76 77 78 79 80 81 82 83 86 88 89 90 91 92 95 96 97 98 99 100 101 102 103 104 105 106 107 108 109 110 112 113 114 115 117 121 122 123 125 126 128 130 131 133 135 136 139 141 142 143 144 146 147 150 151 152 153 154 155 156 157 158 160 162 163 164 166 168 169 170 171 172 174
3 5 7 8 9 10 11 13 14 18 19 20 21 41 49 55 59 70 74 78 80 85 87 90 92 94 96 102 105 107 109 112 115 117 122 124 125 135 139 141 143 145 154 170 172 174 177
1 3 4 5 6 8 12 15 22 23 25 26 27 31 33 35 38 39 46 47 49 50 51 52 54 56 57 60 68 71 72 75 76 77 79 82 83 84 85 87 91 94 96 98 99 103 106 107 108 113 114 118 120 121 124 125 126 127 128 134 135 136 137 138 143 145 149 150 151 152 153 154 156 163 168 169 172 173 176 177
1 3 4 5 6 7 8 9 10 11 12 13 14 15 18 19 20 21 22 23 25 26 27 28 31 32 33 35 37 38 39 41 42 43 46 47 48 49 50 51 52 54 55 56 57 59 60 66 68 69 70 71 72 73 74 75 76 77 78 79 80 82 83 84 85 87 88 89 90 91 92 93 94 95 96 98 99 101 102 103 105 106 107 108 109 110 112 113 114 115 117 118 120 121 122 124 125 126 127 128 132 133 134 135 136 137 138 139 141 142 143 145 146 147 149 150 151 152 153 154 156 158 160 163 168 169 170 171 172 173 174 176 177
