5 7 9 14 15 22 28 29 31 35 36 37 38 48 56 60 61 62 64 72 75 89 92 93 94 95 102 105 109 111 112 118 119 121 124 125 130 131 134 139 149 154 161 167 174 175 176
1 2 4 6 10 12 15 18 24 26 27 30 32 33 37 39 42 46 48 49 50 51 54 56 60 62 65 66 67 68 71 73 79 80 82 83 86 88 89 91 95 96 99 101 103 105 106 107 108 110 114 115 117 121 125 126 128 129 135 136 137 138 141 144 146 147 149 150 151 153 157 160 166 168 169 171
1 4 6 10 12 22 32 41 44 51 53 54 59 71 78 79 80 82 83 88 96 99 105 107 112 115 123 125 126 128 135 136 137 144 146 150 151 152 153 160 169 170
7 8 9 11 12 13 14 15 16 17 18 19 20 21 22 23 24 25 26 28 29 31 32 34 35 36 37 38 41 42 43 44 45 47 48 50 52 53 54 57 58 60 61 62 63 64 65 66 67 69 70 72 74 75 76 77 78 80 81 82 83 85 87 88 89 90 92 93 94 95 96 97 98 100 102 103 104 106 109 111 112 113 114 116 117 118 119 120 121 122 123 124 125 127 128 129 131 132 133 134 135 139 140 141 143 144 145 146 147 148 149 150 152 154 155 156 157 159 160 161 162 163 164 165 166 167 168 169 172 173 174 175 176 177
11 13 16 17 31 34 35 37 44 47 53 59 64 68 69 72 73 75 76 96 97 103 104 110 111 116 118 121 124 125 127 128 134 138 141 142 148 152 156 157 158 159 163 171 175
2 3 5 8 15 16 17 22 23 29 31 36 44 47 53 60 61 62 63 72 75 77 81 84 85 87 93 94 104 111 119 120 121 124 129 132 134 140 152 154 164 175 176 177
7 9 10 18 21 23 24 25 28 34 45 48 53 54 55 59 64 68 69 77 80 90 95 103 111 116 118 122 124 128 130 131 133 138 139 141 142 143 147 152 156 163 164 171 174
2 16 17 22 23 25 29 36 38 44 45 52 61 70 72 75 76 77 85 100 111 114 116 118 124 127 130 132 133 134 138 140 142 143 145 152 155 156 158 161 164 165 166 167 168 173 175
1 7 9 13 14 18 20 27 32 33 41 55 56 59 70 78 79 80 84 90 92 108 110 117 126 135 160 170 174
1 14 23 25 29 32 69 78 92 101 105 127 134 139 143 153 176
4 8 12 13 14 25 28 31 34 35 38 39 41 44 45 46 49 59 71 73 77 78 90 98 99 105 113 118 129 135 136 143 145 149 150 151 153 156 160 163 164 171 175
1 4 6 12 18 32 55 59 80 82 83 91 96 99 108 122 126 135 137 144 146 150 153 160 171
3 5 14 16 17 23 38 44 45 57 58 61 62 69 70 72 75 77 81 85 94 100 104 107 111 116 118 119 124 127 129 132 137 143 145 148 154 155 161 165 170 172 176 177
6 9 10 12 13 18 20 28 29 32 42 48 51 59 66 68 69 78 80 81 90 94 95 101 102 104 105 109 110 117 118 121 122 124 137 139 143 152 153 154 157 163 166 171 175 176
1 2 4 6 8 12 15 17 23 30 33 34 36 38 39 40 46 49 50 51 52 53 57 59 60 67 71 72 79 80 82 83 84 85 86 88 89 96 97 98 101 106 107 108 111 114 115 119 120 127 131 136 137 140 142 144 146 151 153 157 158 159 167 170 172
7 9 11 20 21 24 27 28 30 33 37 41 42 43 48 54 55 56 66 68 70 73 74 78 80 86 89 90 92 95 101 102 105 109 110 112 117 122 135 141 160 162 166 171 174
1 4 6 12 71 99 107 135 137 151 153
1 3 4 6 12 13 14 16 18 22 23 34 38 58 59 68 69 71 73 75 82 91 99 104 105 107 109 115 118 122 124 125 132 135 137 150 151 153 158 163 170 171 176
8 9 11 13 20 21 28 31 34 38 59 73 75 76 78 90 98 109 113 120 121 122 124 138 142 143 152 154 158 163 176
3 9 14 27 35 41 44 45 63 68 70 74 81 84 94 102 103 106 109 112 114 117 132 149 155 159 172 176
3 7 9 10 11 13 14 18 19 20 21 25 26 32 41 42 48 59 66 68 73 74 75 78 80 81 90 92 96 98 102 109 110 112 115 117 122 125 132 135 139 141 143 145 146 156 170 171 172 173 174
1 3 4 6 7 9 10 12 13 18 19 21 27 32 39 41 59 74 78 80 81 82 88 94 99 101 102 105 107 109 115 122 125 126 127 135 137 139 146 151 153 154 170 171 174
2 9 11 14 21 22 25 28 29 30 31 34 44 45 47 48 53 57 64 67 68 72 74 75 78 87 92 118 123 125 130 132 133 134 138 143 145 147 148 152 154 164 165 171 173 176
10 29 32 35 50 59 62 78 91 98 154 175
1 14 22 25 28 33 35 37 44 45 46 50 52 54 55 57 61 62 63 67 69 70 73 76 77 81 82 89 91 96 97 98 103 106 110 111 113 114 118 119 120 121 123 127 129 131 133 138 140 142 143 147 148 149 151 155 156 157 158 159 161 162 163 165 168 171 172 173
7 9 18 32 54 59 68 69 74 78 80 90 92 94 96 101 103 104 122 131 164 176
2 4 8 12 15 16 23 24 33 36 37 38 39 44 49 53 54 60 61 62 65 67 71 77 79 80 83 86 88 89 93 98 99 100 103 104 106 110 111 114 119 123 130 133 134 136 141 146 147 148 149 150 155 156 158 162 168 169
3 5 7 8 9 13 14 16 18 19 21 22 25 34 58 59 69 72 75 77 81 85 90 92 94 104 111 117 118 124 125 130 132 139 145 149 154 156 158 159 161 164 167 173 176
1 2 3 4 16 17 23 24 27 29 35 36 38 40 46 49 50 51 52 53 57 58 60 61 62 63 65 67 70 79 81 82 83 86 87 88 89 93 97 99 100 103 106 108 119 120 123 126 128 129 134 138 140 141 144 145 147 148 155 160 162 163 166 167 169 175
2 9 12 15 16 17 19 24 27 29 30 33 36 49 51 53 54 57 58 61 65 68 75 84 86 87 90 91 92 93 94 98 100 108 111 119 120 121 129 132 137 152 153 162 164 169 173
3 5 7 8 9 11 13 14 18 20 21 22 23 26 28 32 37 41 43 45 48 56 59 69 70 74 77 78 92 105 109 111 112 116 118 122 124 125 130 139 142 145 155 163 170 173 174 175 177
1 3 4 7 8 14 18 22 23 41 44 49 54 55 57 59 61 69 70 74 75 77 78 85 87 92 93 99 107 116 119 120 122 125 127 136 137 146 151 153 158 161 167 170 171 173 177
4 9 10 11 20 21 22 29 30 32 33 34 37 39 41 42 48 49 54 55 63 66 68 69 71 73 74 77 78 83 91 95 107 109 115 116 122 124 125 127 128 135 136 139 146 147 154 165
1 3 4 5 6 10 12 16 17 18 23 24 25 27 30 32 33 35 36 38 39 40 42 43 49 50 53 54 56 60 61 65 67 68 70 71 72 77 79 82 83 85 86 87 89 91 94 96 97 99 100 102 104 107 108 110 114 115 123 126 127 128 130 133 134 136 139 144 146 150 151 155 161 162 168 169 170 172 174 177
3 7 8 9 10 11 12 14 18 22 31 32 36 41 48 53 59 66 69 73 74 78 80 81 91 94 99 104 105 109 112 121 124 125 133 135 136 139 152 154 164 170 171 177
2 17 24 25 28 29 31 40 46 52 53 55 58 61 67 75 81 84 86 91 97 100 106 112 116 119 129 130 134 138 140 143 144 145 152 154 159 161 162 163 165 166
2 16 17 24 29 30 34 36 40 44 45 53 58 61 62 63 64 65 67 81 86 97 100 104 111 116 119 123 129 130 131 140 144 148 155 157 159 161 162 164 165 166 167 175
1 24 30 54 55 58 65 81 86 101 114 137 138 144 156 163 167
1 2 3 4 6 10 20 24 27 30 32 33 36 37 39 40 41 42 43 49 53 54 55 56 57 58 59 61 62 65 70 71 76 79 80 81 82 84 86 96 99 101 107 108 111 113 114 119 120 126 127 128 136 137 138 144 148 149 151 153 156 157 160 161 162 163 167 168 170 171 172
1 4 6 9 10 12 21 23 24 32 34 39 42 48 51 68 71 78 80 82 83 88 95 101 102 107 112 115 116 128 131 135 136 137 139 143 144 150 169 171
1 2 6 10 59 67 80 81 87 91 96 107 115 127 136 151 153
7 13 20 37 41 42 48 78 92 109 112 131 139 141 143 154 170 174
7 9 10 13 14 18 20 21 26 30 31 34 37 39 41 42 48 50 65 70 71 74 78 87 92 95 98 109 112 117 118 121 131 133 139 141 143 146 147 150 152 154 164 170 174
1 4 12 27 49 64 79 82 83 85 99 114 115 131 136 158
1 24 40 46 50 52 54 56 59 60 63 64 66 67 69 73 76 79 82 85 86 88 89 96 106 107 111 113 116 117 127 138 140 156 158 160 165 168 169 170
1 3 10 15 26 27 29 30 37 39 42 46 50 52 53 54 56 59 66 75 79 83 86 91 96 98 108 110 111 113 115 120 122 124 125 126 131 139 146 149 151 157 158 160 169 171 176
1 4 6 10 12 16 40 56 66 72 82 91 96 99 107 108 123 144 150 151 153 161
9 10 18 24 26 27 32 33 40 41 42 43 49 50 54 55 56 59 68 70 73 78 80 82 83 88 89 96 101 105 112 119 122 126 129 135 141 149 150 160 162 169 170 171 174 176 177
2 5 17 22 23 31 35 36 45 47 57 58 60 61 63 69 81 84 85 90 93 94 95 97 98 104 114 118 129 130 138 145 148 149 155 157 161 164 165 166 168 175
1 4 5 6 10 11 21 23 27 28 34 35 41 43 46 54 65 71 77 79 82 86 89 96 99 103 107 108 109 128 130 134 136 137 138 142 144 148 150 151 153 157 162 168
