1 4 5 6 8 11 12 15 17 20 22 23 24 27 28 29 30 31 32 33 36 37 38 39 40 42 43 44 46 47 48 49 50 51 53 54 55 56 57 60 61 62 63 64 65 66 67 70 71 73 76 77 78 79 80 82 83 84 86 87 88 89 90 91 92 93 95 96 97 98 99 100 101 102 103 105 106 107 108 109 110 111 112 113 114 116 119 120 121 123 126 128 129 130 131 132 133 135 136 137 138 140 141 142 143 144 146 147 149 150 151 152 153 156 157 158 159 160 162 163 164 167 168 169 171 172 175
2 3 8 17 23 29 31 34 36 47 53 58 60 61 63 64 75 84 85 87 93 97 104 116 118 119 120 121 123 129 132 134 138 140 143 148 152 157 161 163 166 175 176 177
7 9 12 19 21 23 24 28 32 33 48 55 56 58 60 61 66 69 74 78 80 88 89 91 92 95 98 101 102 105 110 112 116 117 125 132 135 137 139 141 143 147 162 167 169 174 175
1 2 4 6 12 18 26 27 32 40 43 44 54 66 68 78 79 80 82 83 86 96 99 107 108 119 126 128 135 137 144 153 171
2 3 5 8 22 25 35 45 64 67 69 75 85 94 97 104 118 119 121 127 134 145 152 154 155 165 173 177
3 36 47 52 53 60 61 75 81 84 92 93 94 112 120 121 122 152 172 176 177
16 25 32 35 41 45 48 57 75 78 92 148 160 166 168
2 3 4 9 14 16 17 25 36 38 41 44 45 49 53 55 57 58 61 67 70 72 81 93 94 97 100 104 106 111 119 124 127 130 134 145 154 155 161 165 167 172 173 175 177
3 5 7 8 9 11 13 14 18 19 21 22 25 29 31 41 45 48 55 74 78 81 90 92 94 95 104 109 118 122 124 125 127 134 139 145 148 152 154 156 170 173 175 176 177
2 5 8 9 22 25 28 29 31 34 35 36 38 45 53 57 58 64 69 77 81 93 100 104 118 121 129 134 140 145 148 149 155 156 157 159 161 165 166 168 172 173 175
1 5 10 12 32 43 49 63 66 70 107 131 149 150
7 8 9 13 14 16 19 20 38 41 45 46 48 53 55 56 57 66 69 70 73 74 88 104 105 109 112 113 114 117 118 121 122 124 125 132 133 134 141 142 146 147 149 152 155 156 159 161 163 170 172 176
7 9 13 26 27 32 33 37 41 42 43 48 54 55 56 64 68 69 74 78 88 89 92 93 101 102 105 109 112 115 116 122 126 128 131 135 139 141 147 160 163 169 171 174
1 7 8 14 15 22 25 29 31 35 36 45 52 58 69 70 72 75 76 78 85 87 94 109 111 116 121 124 125 129 132 133 143 148 149 152 154 155 159 164 170 172 174 177
5 9 11 19 22 25 28 29 31 35 43 47 48 58 60 69 74 75 78 81 89 95 102 104 106 109 112 116 121 125 130 133 134 135 139 140 142 143 145 152 154 157 164 166 175 176
1 12 24 30 33 35 38 39 40 44 51 52 56 68 73 80 82 83 86 94 97 99 101 108 113 115 116 120 123 124 132 135 137 145 151 158 159 163 165 171 172 173 176
8 9 10 11 13 14 16 18 19 20 21 23 28 34 35 39 41 48 50 59 66 74 75 77 90 92 95 102 109 115 116 117 118 122 125 127 134 139 143 154 156 164 166 168 170 171 173 174 177
5 7 8 17 23 25 28 29 31 34 38 41 44 46 47 58 61 64 75 77 90 92 95 97 98 100 111 112 116 118 121 129 133 138 142 143 145 148 152 156 162 163 164 166 168 173 174 175
5 9 29 34 36 43 46 58 60 69 72 73 75 77 78 97 109 113 114 119 129 133 137 140 142 143 148 156 157 159 164 165 166 168 172 173
5 7 8 9 14 15 16 17 19 20 22 25 29 31 36 43 44 58 61 67 70 78 81 90 94 102 106 119 121 123 124 125 126 130 131 134 145 152 154 164 165 168 172 173 174 175 177
5 7 9 10 11 13 18 21 24 26 27 28 33 41 43 56 59 66 68 69 70 74 77 80 85 90 92 101 102 105 108 109 110 112 117 120 122 125 132 160 166 170 173 174 176
5 8 21 24 25 28 31 41 47 53 54 60 66 70 72 77 82 84 87 89 91 96 98 101 102 110 112 113 117 118 122 123 130 131 133 134 139 141 142 149 152 157 166 170 171 172 174
3 5 8 22 23 72 75 106 118 124 145 149 161 172 175 176 177
17 30 45 47 62 63 84 100 119 123 166
1 8 14 17 18 25 26 27 28 29 44 46 69 73 75 76 83 91 99 105 107 111 113 114 115 116 123 124 125 126 127 136 137 138 140 145 149 152 153 154 158 159 163 166 170 171 173 176
1 4 6 10 12 13 18 19 39 51 59 71 80 82 83 88 99 107 122 125 135 136 137 146 150 151 153 158
2 5 12 17 24 39 43 56 58 60 67 70 74 80 90 97 105 116 129 130 131 132 135 143 148 161 174 177
1 2 5 6 16 23 27 46 47 49 50 51 61 62 65 67 71 79 82 83 85 86 88 96 97 99 101 103 107 108 122 123 126 128 133 136 137 150 151 153 157 167 169 170
1 39 51 55 71 80 82 88 89 91 96 99 102 103 107 108 110 124 126 128 131 134 136 137 150 154 160 170 176
2 8 22 25 28 29 34 35 38 44 52 60 62 69 72 73 75 76 77 85 97 111 113 116 118 119 123 124 127 140 142 148 149 154 156 158 159 161 163 165 166 167 172 173 176
2 32 36 58 61 69 75 116 120 134 148 165
17 23 31 36 38 47 53 60 61 62 63 81 84 93 97 104 111 119 120 121 145 148 152 165 167 175
5 16 21 25 48 109 125 143 145 177
4 47 53 60 66 69 73 78 97 113 120 125 128 148 154
3 9 18 28 29 31 36 43 44 45 55 61 69 70 75 78 80 81 84 88 90 93 94 98 100 104 105 116 119 124 127 130 132 133 134 135 137 143 145 153 154 161 165 173 175 176
2 3 5 7 8 22 27 31 35 38 41 45 53 60 61 69 70 72 75 77 81 84 85 91 92 94 100 102 104 106 121 123 124 130 131 132 134 138 145 152 154 155 170 174 176
1 4 10 11 15 16 26 27 35 37 40 49 51 55 62 66 67 68 79 82 87 96 99 103 107 108 114 117 122 126 128 133 136 144 146 149 151 153 160 169 170 172
1 4 5 6 9 15 19 21 25 40 72 80 82 91 96 99 102 107 119 125 126 131 133 137 144 151 153 170 174
10 33 34 61 73 74 111 122 133 135 168 176
3 7 8 9 13 18 19 37 48 92 94 102 104 109 124 130 152 168 174 177
1 2 4 6 15 17 20 26 27 33 39 40 42 44 46 47 49 51 54 62 63 71 79 80 83 84 86 88 90 93 94 96 97 99 100 103 107 108 110 114 115 119 120 123 126 128 133 136 137 138 141 146 147 149 150 169
6 9 12 18 22 24 30 31 48 51 56 66 68 78 80 81 84 88 94 98 102 105 108 112 113 115 116 117 121 124 125 127 131 132 135 137 139 144 153 154 163 167 169 171 176
3 6 9 10 11 18 24 28 33 34 41 42 54 55 57 68 69 70 73 80 89 92 96 102 103 105 108 109 112 115 117 122 125 128 142 143 147 150 156 159 163 169 170 171 174
1 3 6 8 11 12 15 19 20 21 26 27 32 35 39 46 50 52 55 62 66 75 76 79 80 82 83 84 87 91 92 93 94 96 99 102 104 106 107 110 111 113 117 120 122 128 134 136 140 141 147 151 153 157 166 169 170 171 175 177
3 5 8 28 34 35 45 57 69 72 92 102 155 156 161 170 177
2 5 8 9 13 16 17 19 20 21 24 25 30 35 36 41 42 45 48 58 60 68 69 72 89 90 92 95 102 109 110 111 112 116 119 121 129 131 134 141 148 157 164 166 168 174 175
4 7 9 10 12 18 19 24 27 28 30 32 34 37 41 42 45 50 58 66 70 73 74 80 90 92 94 96 101 102 109 112 118 122 131 132 134 146 147 149 155 162 169 170 174 176
1 3 4 5 8 9 15 19 27 38 42 46 49 52 53 54 61 63 75 81 85 87 90 93 94 95 96 102 103 104 115 118 119 120 124 127 132 133 137 143 145 146 149 152 154 157 164 167 172 173 175 177
2 3 6 9 15 16 17 24 27 29 30 31 40 47 53 56 60 61 63 65 75 82 84 86 93 97 102 108 120 121 128 129 132 134 135 137 138 140 144 149 153 157 169 175 177
8 15 17 26 28 34 35 43 44 47 59 63 66 69 73 75 76 77 87 97 98 105 112 113 114 116 119 120 121 123 125 127 134 138 145 148 149 152 156 159 160 163 166 169 173 176
