1 2 3 4 5 6 7 8 10 12 13 14 15 16 17 18 20 21 22 23 24 25 27 29 30 31 34 35 36 38 39 40 44 45 46 47 49 50 51 52 53 55 58 60 61 62 63 67 71 72 75 76 79 80 81 82 83 84 86 87 88 89 90 91 93 94 96 97 98 99 100 101 103 104 106 107 108 110 111 113 114 116 118 119 120 121 122 123 124 127 129 130 133 134 135 136 137 140 142 143 144 145 146 147 148 149 150 151 152 153 154 155 156 157 158 160 162 164 165 166 167 168 170 172 173 175 176 177
14 22 29 31 36 45 57 61 63 72 77 85 94 100 132 145 148 152 154 167 170 177
9 11 13 15 18 21 26 27 32 41 55 59 66 68 78 83 84 87 96 108 109 115 120 122 124 125 126 132 137 138 141 146 150 153 172
3 7 9 13 14 18 19 28 31 39 44 57 75 78 81 88 90 104 105 116 122 124 127 132 134 139 146 153 154 168 173 176
10 14 20 21 28 32 48 74 80 90 93 95 102 105 109 115 116 135 141 147 165 166 171
3 5 16 22 23 25 28 31 35 36 38 44 47 52 58 61 64 72 75 85 100 118 121 124 133 134 142 145 152 155 156 165 167 173 177
2 5 14 16 17 28 34 58 67 69 75 81 85 93 94 100 104 129 130 154 155 158 164 165 170 173 177
17 22 23 29 30 31 35 36 44 49 52 53 57 62 65 67 77 81 94 97 104 106 111 119 130 140 148 154 157 159 161 165 167 175 177
11 18 20 39 55 56 59 69 109 116 125 135 141 142 143 146 147 158 160 169 171
1 4 6 7 9 10 11 12 13 15 16 20 21 26 27 32 37 39 40 42 43 44 46 48 50 53 54 55 56 59 71 73 74 78 79 83 86 88 96 99 101 102 103 107 109 110 113 114 115 117 121 122 125 126 136 139 141 144 146 147 149 150 160 168 169 177
3 4 22 25 29 45 49 57 58 70 77 81 94 96 99 100 107 116 118 124 127 137 144 145 153 154 155 156 161 163 164 167 176 177
18 22 28 36 38 45 46 48 58 60 61 63 64 67 77 78 81 118 134 135 138 161 165 166 167 173
2 3 9 18 19 23 30 41 45 48 55 67 81 104 109 112 123 125 131 138 143 148 154 155 164
7 9 10 11 12 13 17 19 20 21 23 24 25 30 31 32 33 37 41 42 46 47 48 49 50 52 53 55 56 57 59 61 63 64 65 67 70 71 74 78 79 80 81 87 88 89 90 92 93 95 98 100 101 102 103 105 106 109 112 114 117 120 121 122 123 127 128 129 131 132 133 136 138 139 140 141 142 146 147 150 154 157 160 162 164 165 168 172 174 175
2 3 5 17 29 38 58 61 67 72 100 119 123 124 130
1 4 6 10 12 13 14 15 18 20 21 26 27 33 34 36 42 46 49 51 54 55 56 59 61 64 66 68 71 73 76 79 82 83 86 89 90 91 93 96 99 102 103 107 108 109 110 112 115 116 117 120 128 129 135 136 137 138 139 141 142 143 144 146 150 151 153 157 158 160 163 169 170 171 173 177
16 23 28 34 36 38 44 46 58 64 72 76 77 85 97 100 111 119 121 138 140 142 145 156 159 165 167 172 173 175
5 8 15 20 25 34 37 46 49 69 73 76 88 95 101 113 114 116 124 127 138 149 152 154 158 160 163 168 171 176
1 3 4 7 18 24 27 32 33 39 45 48 50 65 66 68 71 74 83 95 98 101 107 117 124 131 134 137 147 160 164 171
8 17 29 36 140 154 159 163 165 166 173
2 5 7 9 13 14 16 18 19 21 22 33 37 41 49 58 70 72 74 78 81 90 92 94 102 104 105 112 117 124 130 132 133 135 139 154 161 167 170 174
31 36 38 64 69 75 116 119 121 155 164 165
1 4 6 10 40 54 64 79 80 82 83 88 91 96 99 101 107 108 115 120 125 126 135 137 138 142 144 150 151 153 160
2 15 26 28 30 34 35 37 48 54 56 66 74 76 90 95 102 116 118 121 129 131 139 142 143 145 148 154 156 168 169 170 171 173
8 11 14 22 31 62 67 75 76 85 94 95 104 109 118 124 127 134 142 143 145 154 157 175 176
11 24 30 33 37 43 47 50 54 56 65 86 89 95 98 110 119 121 123 126 128 131 133 143 144 147 148 162 168 169
9 58 68 74 78 80 101 105 117 125 135 139 171
11 18 43 74 78 105 109 112 116 124 125 135
5 12 22 43 50 60 64 96 110 111 123 160 161 162 163
3 7 14 18 19 21 26 32 45 56 59 64 66 68 69 74 78 91 93 104 105 110 112 117 122 123 124 125 130 131 132 135 139 141 154 166 170 171 173 174
9 22 25 35 46 64 77 116 118 138 164 166
3 4 7 9 28 32 43 47 48 55 57 63 71 74 87 90 93 111 112 117 123 137 139 144 145 153 156 161 164
5 12 29 83 91 126 128 136 137 150 171
18 30 34 42 69 90 92 126 128 131 135 162 169 174
7 9 14 22 41 45 59 69 72 105 109 124 130 145 172 173
3 10 20 32 45 48 52 54 58 65 68 70 78 90 92 102 109 122 129 133 139 143 152 154 161 163 164 172 177
23 24 28 30 33 34 38 42 43 44 48 56 58 60 63 67 68 77 89 91 105 106 112 117 123 129 136 140 144 147 150 155 159 160 162 166 173 174
13 23 31 36 45 72 75 77 111 119 124 134 156 158 173 176
5 7 9 19 29 38 70 72 124 127 152 164 172
3 5 16 22 25 31 35 45 58 59 60 69 72 85 104 118 123 124 132 140 142 145 154 159 161 163 164 167 170 172 173 175 177
4 6 12 24 27 29 30 31 33 34 40 47 51 54 56 68 79 84 86 99 100 101 105 108 116 126 127 131 135 137 144 153 160 163 165 169
9 11 13 14 18 19 21 22 28 34 41 57 59 64 75 77 105 109 111 118 120 123 132 145 154 156 159 161 170 173 175 176
7 35 40 41 55 57 65 66 70 72 74 85 91 98 101 106 117 121 161 172 174
1 4 6 11 13 18 20 28 34 46 48 56 64 68 69 82 90 91 92 95 107 110 115 116 141 142 143 144 153 171
5 8 14 22 23 25 31 38 45 64 72 77 118 124 145 159 167 172
3 7 9 13 14 21 28 35 48 59 69 74 75 78 85 90 92 95 102 105 112 117 118 123 124 125 139 143 145 148 164 166 167 172 173 174
3 4 6 10 12 15 27 28 32 39 40 50 51 61 71 73 79 82 88 96 105 108 111 120 122 128 132 138 144 146 150 151 153 158 169 170 177
9 18 19 21 25 28 48 63 75 76 78 92 95 102 112 118 125 130 134 135 139 147 148 164 166 167 174
7 10 14 18 26 29 41 43 70 98 114 117 122 125 131 132 142 162 174
15 26 27 66 98 124 131 149 169 170 176
