1 2 4 5 6 8 10 12 13 14 15 16 22 25 26 27 28 29 34 35 36 38 39 40 44 46 47 49 50 51 52 53 54 55 57 59 60 61 62 63 64 65 66 67 69 70 71 72 73 75 76 77 79 80 82 83 84 85 86 87 88 90 91 93 94 96 97 98 99 100 101 103 106 107 108 110 111 113 114 115 116 117 118 119 120 121 122 123 124 126 127 128 129 132 134 136 137 138 140 142 143 144 145 148 149 150 151 152 153 156 157 158 159 160 161 163 165 166 167 168 169 170 171 172 173 175 176 177
2 9 24 30 33 40 43 47 53 74 78 84 86 97 120 121 128 131 132 135 138 144 152 157 162
7 8 9 11 13 15 18 19 20 21 24 26 27 30 32 33 35 37 41 42 43 44 47 48 50 54 55 56 59 60 61 62 65 66 67 68 70 73 74 75 76 78 79 80 81 83 84 86 87 88 89 90 91 92 93 94 95 97 98 101 102 103 104 105 106 109 110 111 112 113 116 117 120 122 123 124 125 128 130 131 133 135 137 139 141 144 146 147 149 154 155 158 159 160 162 163 168 169 171 172 174 176 177
2 23 43 62 114 119 131 162 165 167 168 172
1 3 5 7 10 11 13 19 20 21 22 23 24 33 37 38 40 41 42 43 47 48 49 53 54 57 60 62 63 65 67 68 72 74 76 77 81 82 86 87 89 90 92 94 95 97 98 103 105 106 109 112 113 114 115 119 121 123 125 127 128 129 130 133 139 141 147 148 162 163 164 166 168 174
7 9 19 24 28 33 41 42 43 54 57 67 68 70 77 78 87 90 92 101 102 105 111 112 117 134 143 155 156 161 163 175 176
29 44 51 69 73 75 113 135 159 165 166 173
1 43 82 99 107 137 142 153 156 161 163
11 23 25 29 30 31 35 46 47 58 90 95 101 109 112 127 129 131 133 142 143 145 148 159 160 162 166 168 172
18 35 45 48 58 60 87 90 95 130 154 164
7 9 20 23 26 37 42 45 48 66 78 89 92 95 98 112 120 132 139 141 143 145 147 174 177
2 3 5 17 22 23 24 25 30 31 36 45 48 53 57 58 63 67 70 81 85 94 100 102 104 112 123 125 129 130 131 133 134 145 152 154 155 165 167 168 174 177
8 14 16 22 28 38 44 45 52 61 64 72 81 93 100 104 111 152 155 161 164 167 173
2 9 17 22 23 25 28 34 36 45 64 69 129 130 164 175
1 37 48 57 67 84 125 140 146 153 171
7 11 13 14 16 18 25 45 56 59 77 85 94 116 118 127 129 152 166 170 173 177
3 5 7 8 14 17 22 31 36 44 45 52 55 63 67 72 77 81 87 94 100 104 111 130 132 140 145 154 155 156 161 164 173
7 10 19 20 37 43 44 55 59 66 74 80 95 102 103 112 115 117 122 139 141 147 170 171 174 177
7 19 25 29 58 70 77 90 118 139 152 166
3 7 9 14 16 19 22 25 32 34 41 44 45 52 59 60 69 72 75 77 78 81 94 104 116 118 121 122 124 127 145 155 156 161 168 170 173
1 15 26 27 28 29 39 43 44 46 66 69 73 83 91 108 110 111 113 114 123 125 126 140 142 152 156 158 159 160 163 166 170 173 176
8 24 29 31 35 43 45 58 69 70 116 129 131 145 155 156 161 162 166 173 174 175
7 8 9 10 16 18 25 32 35 43 45 69 78 81 115 117 118 124 134 135 145 146 154 155 160 161 164 171
5 13 16 22 25 28 29 34 35 38 45 46 47 60 64 69 75 76 77 85 94 101 106 116 130 134 138 140 142 145 148 152 154 157 158 159 161 164 165 166 170 176 177
9 19 24 30 41 56 58 66 68 78 86 90 95 117 131 132 162
7 9 19 24 30 41 52 58 65 66 74 81 102 112 117 125 131 135 139 154 170 174
3 5 31 36 38 45 58 61 67 70 72 81 85 94 100 104 119 121 124 127 130 155 165 176 177
5 9 14 18 22 31 41 45 48 74 78 109 111 118 124 125 130 145 148 161 166 173
2 17 22 23 29 33 35 36 38 44 45 47 58 60 61 63 64 67 69 86 93 100 119 129 130 140 142 143 144 148 155 159 161 165 167 173
1 2 4 6 10 12 14 18 27 34 37 40 54 80 82 86 88 91 96 99 105 107 108 115 122 124 126 128 135 136 141 144 146 169 170 171
12 13 23 27 33 60 68 70 71 75 77 78 83 96 99 104 105 108 110 114 120 124 125 132 154 158 165 166 167 170 171 174
1 4 6 7 9 10 12 13 18 27 32 39 41 44 51 59 66 71 74 79 80 94 96 99 101 107 108 110 124 126 127 135 136 137 146 150 151 153 154
6 12 27 33 39 40 42 50 51 56 79 83 84 86 93 108 120 137 144 146 151 169
7 9 33 36 41 43 45 48 74 78 95 102 105 130 131 135 155 174
5 8 15 16 36 38 52 60 70 75 94 97 103 104 114 127 138 153 161
2 4 17 22 29 36 40 58 67 72 82 84 87 93 103 114 118 119 121 138 148
6 15 23 34 39 46 51 64 68 69 73 104 113 118 120 151 153 158 165 166 167
10 24 27 30 33 37 42 43 54 56 68 86 88 89 90 95 101 109 110 112 117 128 131 135 141 147 160 162 169 171
22 23 25 29 31 34 35 36 38 45 47 53 64 81 100 129 140 145 161 165 173 175
3 4 8 22 23 29 44 47 52 57 63 69 77 95 97 103 111 114 120 125 128 138 140 156 161 163 166 168 177
8 11 15 25 31 33 35 41 42 43 47 54 56 59 60 61 69 73 74 75 78 80 92 101 105 110 111 112 119 121 122 125 127 131 132 133 134 156 165 170 171 173 176
17 23 31 34 38 45 57 58 60 63 67 81 130 155 161 166 167 173
1 2 3 4 5 6 8 12 13 15 22 38 39 40 46 51 52 58 60 61 62 65 66 67 71 79 82 83 84 85 87 88 91 95 96 99 103 106 107 116 123 126 127 128 133 136 137 144 148 150 151 152 153 155 156 168 172 177
1 8 10 14 16 22 32 38 55 66 71 75 80 94 106 111 118 122 138 156 158 160 171 175
3 5 8 14 16 22 31 35 46 61 69 72 81 85 87 94 100 104 106 119 124 130 143 149 154 156 164 168 172 173 176
2 5 8 14 15 44 57 62 67 72 75 85 87 94 97 101 104 106 124 130 149 156 159 172 176 177
10 13 14 16 19 20 32 36 37 46 47 48 59 61 69 74 76 78 80 90 94 109 115 116 121 124 125 138 143 147 152 154 156 158
3 69 75 81 94 104 139 148 152 165
3 9 14 22 23 25 28 34 42 52 61 64 69 70 75 76 81 94 95 104 112 113 134 139 148 149 152 155 163 165 167 173
6 10 11 15 18 25 46 55 66 75 78 83 98 107 108 110 115 120 122 125 133 134 137 139 161 174 176 177
