1565 4525 5413 5491 6054 7122 8006 9378 9431 9699 11390 14048 15915
2527 2591 3091 3386 4297 4852 6049 7262 11140 11141 11582 12273 13185 13439 15740 17006 17608
235 1612 2023 2282 2927 3392 7159 9318 11441 12173 14609 15361 17475
1314 3539 3599 4138 5555 6843 9722 10540 11382 13548 13864 16574
1562 2204 2316 4272 4348 5202 5209 5218 5908 7176 7733 8107 8312 9184 9909 10421 10965 11298 12712 13639 14254 15847 16871
1856 3028 5539 7790 12929 13550 13635 15583 16242 17701 17950
255 1314 1618 3057 4008 4828 5157 5445 6583 7116 7639 9050 9256 9497 9551 10135 10178 10445 10718 10725 12207 12830 13128 13811 14344 14964 15076 16033 16777
71 918 2014 2047 2867 3117 3806 3841 4021 5170 5568 5716 6646 6853 7446 7725 8715 9120 9569 9675 10249 11243 12063 13233 13468 14548 15621 15932 16039 16737 17106 17665
749 1561 3593 4321 5169 10199 10994 12469 13886 15719 15813 16317 16666
1860 2372 2686 4339 4719 5706 8048 8532 11474 11656
18 1949 2535 5695 9416 9427 9658 11868 13694 16959 17415
548 1071 1267 5791 6069 6197 6877 7195 7268 7756 8210 8558 11741 12385 12555 13436 13529 15757 17369 17591
2240 4080 4835 5001 5373 6609 7246 12101 13993 15475 16331 16455
241 4126 4756 5891 6043 7164 7472 11116 13463 14645 17671
2754 3927 10181 11572 11783 12822 15417 15852 16002 16147
263 431 1834 3741 4551 5341 5519 5611 6292 9247 11227 11251 13191 14369 16213
1606 1933 4156 4538 10740 11173 12503 16402 17128 17566
1006 1564 3217 3633 3931 4277 5709 6209 7266 13530 14914 15422
179 207 1060 1137 1557 1893 2154 2553 3189 3346 3469 3643 4188 4378 5905 6973 7041 7077 7652 8994 9859 10468 11754 11866 12106 12409 12804 12894 14718 15277 15732
851 1276 3949 9482 11798 12341 12813 13654 14106 14172 15063 15508 15962 16956 17900
953 3161 3194 3819 3922 4151 4704 5704 7883 10851 13518 14992 15333 15605 16680 16740
1716 4642 4908 5245 5486 5552 6745 6846 8922 8930 10658 10867 11862 13426 13473 14311 15482
830 1618 2420 2973 3057 4328 5157 6490 6583 7116 7340 7923 7982 9256 9452 9497 10135 10896 12160 12207 13706 13926 14964 15076 16353 17847
3746 9609 10348 10667 10699 11561 11814 12865 15568 16449
1228 2246 2330 3057 3466 3806 4501 4704 5095 5514 5963 6808 6871 8434 10542 11031 11503 11667 12761 13028 13061 13238 14079 15329 16234 17263 17836 17935
900 2449 2746 2968 3004 3169 3582 3797 3825 4651 5357 5979 5982 6018 8162 8889 9232 9418 9903 10674 11311 11344 11527 11651 11669 12114 12152 12266 12675 12774 12899 13442 13751 14130 14650 14807 15450 15564 15573 16206 16827 16925 17380 17497 17771
848 1733 2365 6844 7366 7714 8057 8186 10194 10268 10496 10559 11393 15717 16571
1284 2630 3188 5308 6788 9554 10947 11600 14947 17743
2033 3382 3403 3561 4480 5545 9381 9619 14217 15683 17141 17386
355 387 492 1346 1781 2302 2362 2838 3295 3736 4418 4705 4853 6198 6300 6426 6772 7311 7597 7780 8942 9548 10998 11322 11841 12414 12836 13124 13937 16202 17456
1570 2790 4144 5802 7126 7198 9056 10940 15159 16970 17526
1482 3791 4196 5484 6289 7767 10912 12646 16036 16159 16216 17920
544 764 1094 1134 1145 1709 1739 1768 1798 1822 1947 2441 2748 3270 3450 3479 3761 4067 4547 5072 5226 5241 5385 5738 6219 6595 6599 6917 7975 8470 9474 9522 9544 11405 12526 12710 13138 13437 13809 14035 14223 14608 14690 14816 16557 16996 17681
133 137 1505 1856 2622 3028 5539 6278 7011 7790 7949 9379 9649 10531 10767 12241 12929 13280 13550 13635 14258 14480 15583 16242 17701 17950
188 1029 1639 2333 4041 4375 4623 5221 6394 9123 10622 11232 11974 13090 13269 13966 15256 15798 17797
2128 2513 2827 7092 8354 9165 11957 12121 12745 16231 17495
2927 3392 5033 9837 11441 12423 14609 15112 17475 17737
1647 3224 4572 4861 6141 6614 11025 11241 13835 14412 15644 15804 17091
82 254 1796 1841 2218 2409 2449 3169 3209 3250 3410 3461 3825 3890 4005 4557 4651 5357 5400 5547 5866 5883 5968 6018 6050 6821 7012 7261 7592 7629 7658 7758 7818 7977 8063 8162 8699 8889 9232 9349 9454 10674 10677 10716 10903 11219 11483 11669 11933 12114 12152 12441 12563 12572 12756 12774 13082 13601 13826 14248 14461 14592 14650 14844 14853 15294 15604 16024 16111 16386 16398 16634 16860 16925 16928 17199 17265 17352 17380 17617 17788
1160 1655 1721 2323 3722 3811 4414 6361 8547 8643 9514 9904 11073 13150 13538 14613 16556
1776 2410 3975 5415 6165 6994 10372 13537 16597 17817
423 1725 3013 3324 6443 7707 9119 11004 11620 14238 14885 15193 15953 17073 17223
2223 3248 4534 4843 6789 10467 10871 11277 11549 14166 15698 16032 17282
410 419 429 740 1186 1252 1253 1394 1438 1476 1490 1556 1970 2012 2179 2359 2469 2626 2685 2695 2776 2928 3001 3340 3498 3721 3908 4059 4407 4514 4577 4680 4902 5163 5560 5588 5740 5872 5879 6082 6083 6196 6340 7243 7250 7274 7531 7703 7712 7716 8275 8530 8618 8647 8712 8984 9375 9665 9733 9844 10064 10378 10417 10645 10736 11218 11435 11485 12000 12092 12142 12247 12383 12452 12950 13061 13206 13248 13254 13960 14012 15055 15089 15103 15174 16150 16208 16545 16561 17158 17362 17534 17580 17911
303 1989 3599 4658 5624 8529 9684 9945 10729 11161 11721 12283 12428 15401 15490 16948 17238 17480
188 1639 2333 2749 4041 4623 4759 5474 6849 9123 10755 11232 12095 13090 13269 13899 16081
230 764 1134 1461 1709 1768 1798 1822 2149 2441 2631 3225 3270 3450 3459 3683 3971 4067 4547 5738 6595 6917 6968 7161 7663 7975 8175 9522 9544 10095 12710 12954 13079 13120 13256 13327 13809 14035 14598 14822 15707 15881 15918 16549 16557 16630 17055 17057 17859
174 274 449 769 1059 1485 1649 2621 3771 4162 4352 4454 4590 4803 4980 5264 5934 6981 7003 7283 7674 7845 7898 7928 7973 8595 9122 9201 9855 9948 10317 10443 11287 11504 12289 13597 14775 15243 15824 15984 16228 16463 16784 17047 17338 17909 17966
1155 1639 2333 2749 4041 4375 5221 6394 8656 9123 10622 11232 11974 13090 13269 13966 15256 15421 17797
230 544 1134 1145 1461 1739 1819 1822 2149 2441 3270 3450 3479 3579 3683 3971 4067 4547 5226 5385 5738 6917 8175 8470 9474 9522 9544 10095 12093 12235 12400 12526 12710 13120 13327 14035 14608 14822 15584 15726 15881 15918 16996 17057 17681
