387 737 1191 1346 2164 2302 2362 2688 3223 3295 4418 4853 4905 6345 6435 6772 6814 7056 7311 7597 8081 8364 8916 9457 9603 10919 10998 11322 11333 12277 12370 12451 12672 13005 13124 15293 15542 16202
3375 3728 5058 5409 5778 6032 6255 6279 6652 6929 7062 7362 7529 8355 10141 13606 13867 14029 14086 14998 16279 17053 17490 17626
900 2449 2746 2968 3004 3169 3582 3797 3825 4651 5357 5979 5982 6018 8162 8889 9232 9418 9903 10674 11311 11344 11527 11651 11669 12114 12152 12266 12675 12774 12899 13442 13751 14130 14650 14807 15450 15564 15573 16206 16827 16925 17380 17497 17771
355 387 492 1346 1487 1781 2982 3223 4705 4793 4853 5597 6300 6435 7780 8081 8916 9603 10998 11333 12414 12451 12639 12672 12836 13937 14611 15293 15369 15542 16202 16900
158 167 417 496 855 1004 1942 2187 2377 2648 4580 5028 5185 5501 8020 8450 8661 8741 9884 11619 12533 12783 12833 13229 14956 16257 17145 17512 17943
2128 2513 2827 7092 8354 9165 11957 12121 12745 16231 17495
1485 3245 4527 6541 6942 7589 7768 11638 12516 14990
2100 4760 6130 10971 12194 13523 14176 16462 16893 17504
448 2249 2343 3863 4583 7618 7945 9338 12859 15041 15670 17403
2166 2484 2877 4230 4483 4802 5558 5630 7355 8883 8974 11775 14601 15100 17156 17918
255 830 1314 1618 2420 2735 2973 3057 4008 4099 4828 6229 6583 7340 7982 9050 9256 9497 9551 10135 10178 10445 10896 12112 12207 12246 12830 13706 13926 16033 16353
1871 2425 2538 3261 3915 5000 5473 7465 8311 9872 10564 11152 11380 11640 13536 13689 14283 15115 15534 15610
75 481 5409 5534 6942 7174 11233 12145 12841 14617 15601 17323 17716
716 1515 4642 5236 5552 6148 6623 6799 6846 8624 8930 13426 13473 14311 14328 15276 15482 15692
1141 6177 6825 6990 7179 9245 11658 11795 12197 12631 14387 15129 15338 16302 16668 16896 17181
1284 2630 3188 5308 6788 9554 10947 11600 14947 17743
1344 1605 2265 2861 3773 3836 3882 6826 7046 8758 8899 9156 9239 9576 9802 9974 11723 12102 14523 15066 15829 17578
4351 6976 7131 7498 7634 8328 12772 13604 13840 14149 14666
103 356 416 854 1516 1825 2069 2124 2131 2440 2485 2784 2799 2885 3053 3861 5375 5586 5855 6086 6466 6597 6722 6804 7313 7799 8407 8464 9047 9065 9592 9768 10271 10444 10449 10600 11816 12048 12204 12228 12272 12471 12711 12796 13472 13532 14428 14974 15228 15877 16141 16530 16550 17618 17806 17872 17893
1233 4648 5173 7183 7189 7752 7765 8176 10671 11756 11897 15664
953 3161 3194 3819 3922 4151 4704 5704 7883 10851 13518 14992 15333 15605 16680 16740
4628 7689 8150 9064 9230 9579 10374 10676 10678 11270 11508 12781 13105 13947 16800 17024
1193 2562 3910 4978 5016 9180 11046 13951 14365 16380 17711
4709 4750 6387 10708 11537 11643 11766 12544 12942 16555 16798
83 341 392 1778 4398 7249 14941 15162 15936 16175 17374 17762 17842
255 947 2434 2973 3057 4008 7340 7923 7982 8032 8241 9050 9256 10135 10445 10718 12830 13706 13926 14292 14344 16378 17847
45 75 241 481 504 669 699 1161 1442 1479 1562 1616 1732 1901 2033 2204 2297 2316 2414 2442 2948 3132 3156 3162 3382 3389 3403 3459 3516 3561 3630 3673 4026 4126 4199 4272 4348 4487 4528 4552 4592 4598 4637 4709 4750 4753 4756 4796 4807 4831 4999 5084 5108 5121 5202 5209 5218 5220 5265 5303 5534 5545 5753 5891 5903 5908 5939 6043 6068 6180 6319 6387 6400 6478 6644 6650 6678 6681 6758 6797 6942 7068 7164 7174 7176 7185 7286 7404 7472 7721 7733 7839 7985 8107 8157 8312 8606 8774 8799 9184 9225 9294 9381 9546 9619 9637 9695 9772 9865 9909 10360 10421 10563 10929 10965 11116 11167 11197 11201 11233 11298 11359 11384 11458 11537 11591 11643 11675 11766 11786 11867 11881 12145 12236 12544 12585 12641 12678 12712 12720 12841 12920 12942 13005 13038 13059 13220 13284 13306 13310 13364 13365 13463 13540 13580 13639 13869 13914 14217 14254 14543 14617 14645 14663 14668 14872 14939 14984 15579 15600 15601 15683 15722 15847 16404 16412 16451 16555 16798 16871 16904 16931 16944 17141 17179 17323 17347 17386 17510 17585 17645 17671 17716 17955
2265 3101 3773 4084 5700 6826 8758 9156 9974 11723 11798 15066 17614
617 2008 2604 6610 7378 10547 12033 14273 14278 14985 15985
1059 1310 3341 3771 4162 4352 4590 4593 4980 5264 5934 7283 7418 7973 8043 8595 9201 9296 9347 9855 9948 10317 11287 11365 12289 13974 15824 15984 16228 16329 16875 17338 17909 17966
2634 3792 7193 8743 9527 12509 12782 12837 16056 16314
2053 2763 2902 3852 4225 5143 7967 8037 8267 8275 8705 9289 10992 12453 14271 15461 17466 17812
43 448 2249 2343 3863 4583 7618 7945 8756 8918 9338 10479 12859 15041 15670 16723 17403
1482 3791 4196 5484 6289 7767 10912 12646 16036 16159 16216 17920
4969 6130 10486 11922 12194 13215 13341 14176 16893 17081 17504
1695 6356 6699 9350 10368 11684 14008 14194 16814 16883 17498
230 555 793 1459 4577 5069 6097 6327 7744 9885 10495 10827 11831 12001 12438 12611 12817 13887 14007 14602 15718 17846
1246 1893 2154 2553 2821 3346 3412 3469 4678 5680 6412 6502 7041 12190 12804 13487 13906 14253 15277 16259 17294
2068 6590 8024 8316 9133 12748 15415 16507 17226 17974
3791 5484 6289 7767 10912 12646 16036 16159 16216 17920
1647 3224 3996 4183 4861 6141 7454 7938 8502 10157 11241 12069 13835 15224 15598 15644 15804
2449 3004 3169 3582 3797 3825 4651 5357 5979 5982 6018 8162 8889 9232 10674 11311 11669 12114 12152 12675 12774 13442 13751 14650 14807 15564 15573 16827 16925 17380 17497 17771
448 2343 3863 7618 7945 8756 8918 12859 15041 15670
152 450 1052 1385 1837 2371 2476 2554 2613 3055 3652 4101 4946 5145 5437 5497 5800 5886 5896 6157 6773 7007 7197 7807 8023 8282 8363 9058 9212 9714 10281 10415 10626 10669 10986 11198 11747 12297 12433 12523 12743 13140 13202 13413 13795 14310 14433 14516 14620 15126 15749 16298 16576 17286
103 356 416 770 854 1825 2124 2440 2485 2509 2799 2885 3828 3861 5375 5855 6466 6597 6722 7799 7941 8168 8407 8972 10444 10600 10739 11634 12193 12204 12228 12711 13472 13532 14428 15877 16141 16550 17872
979 6094 6494 9268 9648 9663 9987 10862 14027 14628 14846 15595 17367 17424
716 1515 4908 5236 5245 5486 5552 6148 6745 7080 8624 8922 8930 10658 10867 11862 13426 13473 15276
4975 5080 6388 7300 7714 7855 8249 10194 10268 11393 11511 14482 15717 16176 16616
2754 3927 10181 11572 11783 12822 15417 15852 16002 16147
1665 2368 2532 4146 4324 4503 5575 6204 6271 7566 7804 7972 8116 8915 9894 11184 11652 11745 14734 15716 17277
