7 9 11 19 20 21 24 26 28 33 34 37 38 41 42 43 46 48 53 54 56 66 68 73 74 77 78 90 92 95 98 101 105 109 112 113 116 131 147 152 160 162 163 165 171 173 176
3 10 18 25 37 48 57 58 61 62 75 81 94 112 118 122 123 124 130 139 147 154 155 156 163 164 171 172
3 5 8 13 14 16 18 19 21 25 45 49 59 72 77 94 104 118 124 125 148 154 156 164 166 170 173 176 177
31 58 61 62 67 104 130 145 154 155 159 161 164 167 168 175
4 6 10 12 13 18 21 26 28 32 39 51 58 59 71 73 74 75 80 82 85 96 99 107 108 111 115 118 122 125 132 135 137 144 151 153 170 171 176
2 3 8 15 16 17 19 20 23 24 25 26 27 28 30 33 34 35 37 38 40 42 44 46 47 50 52 53 54 55 57 60 61 62 64 65 66 67 70 72 73 76 77 79 84 85 86 88 89 90 91 92 93 95 97 98 100 101 103 105 109 111 113 114 117 119 120 126 128 130 131 138 139 140 141 142 143 144 146 147 149 156 157 158 159 160 161 162 163 164 166 167 168 169 173 175
2 17 24 29 30 31 152 162 165 166
2 5 7 8 9 11 13 15 17 18 19 20 21 22 23 24 25 26 27 28 29 30 31 32 33 34 35 36 37 38 41 42 43 44 46 47 48 50 52 53 54 55 56 57 58 59 60 61 62 63 64 65 66 67 68 70 71 73 74 75 76 77 78 83 84 86 87 88 89 90 92 93 94 95 97 98 100 101 102 103 105 109 110 111 112 113 114 116 117 118 119 121 122 123 124 125 127 128 129 130 131 132 133 134 135 138 139 140 141 142 143 145 146 147 148 149 152 154 155 157 158 159 160 161 162 163 165 166 167 168 169 171 172 173 174 175 176
1 7 9 11 13 18 21 39 41 55 57 68 69 70 74 78 81 82 87 88 90 92 94 102 104 111 124 127 132 134 137 139 149 155 160 164
5 11 17 25 30 37 58 60 87 89 94 95 174
9 12 19 26 27 33 38 39 40 47 50 54 55 56 57 59 60 66 70 75 79 87 88 92 93 94 97 108 110 111 120 126 135 137 140 169 170 175 177
2 17 29 51 84 93 108 129 140 157 165
2 3 8 17 23 29 31 36 44 45 47 51 61 62 63 75 81 84 85 87 93 97 103 108 111 114 119 120 121 123 129 134 140 148 152 157 161 165 175 176 177
8 9 11 13 14 21 22 31 41 45 52 61 74 75 94 104 121 124 133 142 145 148 152 154 155 164 170 172 177
4 24 37 40 44 58 90 112 131 144 161 164
5 6 7 9 14 19 28 29 36 38 44 45 57 67 70 75 77 80 81 100 107 124 129 132 137 148 149 154 161 165 170 177
1 39 51 59 71 83 88 99 107 126 134
1 4 6 10 11 12 18 21 27 32 39 48 51 59 71 74 78 80 82 83 88 90 92 95 98 99 107 109 115 124 125 126 132 134 135 137 139 146 147 171
1 3 16 17 28 33 38 40 55 57 60 62 64 66 67 81 91 93 100 126 140 148 156 158 161 164 167 169 172 176
22 23 29 36 38 45 52 53 70 75 77 81 94 104 118 119 127 134 145 154 161 167 173 175 176
22 23 29 36 38 45 52 53 57 69 70 72 75 77 81 94 104 118 119 127 132 134 138 145 152 154 161 167 173 175 176
1 2 8 14 19 39 42 43 53 57 59 65 67 70 76 88 91 94 98 111 113 115 117 120 129 131 132 149 152 154 155 156 161
8 13 14 15 17 18 21 23 25 28 31 35 43 46 59 63 68 69 75 76 91 111 113 114 115 116 119 123 124 135 138 140 142 145 148 149 152 154 156 158 159 160 163 165 166 171 173 176
5 8 16 17 22 23 25 29 31 35 38 44 45 47 52 60 64 67 69 72 77 85 92 94 100 104 106 118 121 123 129 130 134 140 142 143 152 154 155 159 164 165 173 177
1 2 4 6 10 12 15 16 22 23 24 25 26 27 28 30 33 35 37 39 40 42 44 45 46 47 49 50 51 52 53 54 58 60 61 63 64 71 73 76 79 81 82 83 84 85 86 87 89 91 93 96 97 98 99 101 103 106 107 108 110 111 113 114 118 119 121 123 126 127 128 129 130 135 136 137 138 140 141 142 144 148 149 150 151 152 153 156 157 158 159 160 162 163 164 165 168 169 171 173
7 9 13 19 21 41 59 74 78 105 109 125 170 174
1 6 23 25 26 27 40 44 51 56 59 66 68 69 73 75 76 85 86 91 107 108 113 115 118 124 131 135 137 140 142 144 148 149 151 153 158 159 163 176
2 5 8 25 28 29 31 34 35 36 38 44 45 46 58 64 67 69 71 76 77 100 109 116 118 129 138 140 142 145 148 150 158 159 163 165 166 168 172 173 175
13 18 25 66 69 72 122 125 130 152 170 171 174
5 22 26 29 30 32 38 119 127 141 145 155 165 166
5 11 13 14 20 22 26 29 30 32 35 37 38 41 48 64 69 112 119 127 132 141 145 148 155 165 166 170 173
1 3 4 6 7 10 11 12 13 14 15 17 18 20 21 24 26 27 30 32 33 37 39 40 42 43 44 49 50 51 52 53 54 55 56 57 58 59 60 62 65 66 67 68 71 73 74 79 80 82 83 85 86 87 88 89 91 93 94 96 97 98 99 101 103 105 106 107 108 110 113 114 115 117 120 121 122 125 126 127 128 129 131 132 133 134 135 136 137 141 142 144 146 147 149 150 151 152 153 157 160 162 169 170 174 176 177
7 9 18 19 21 22 24 30 35 36 37 41 42 48 65 74 81 87 94 102 104 112 130 131 133 152 155 167 170 173 174
3 7 8 11 19 21 22 25 28 31 37 41 43 45 48 56 58 59 61 68 74 90 92 94 105 109 118 124 130 132 134 139 141 143 154 172 174 177
1 2 4 5 6 10 12 13 14 16 23 24 26 27 28 30 34 35 36 37 38 39 40 42 44 47 49 50 51 52 54 55 57 59 61 62 63 65 66 67 70 71 72 73 76 77 79 82 83 84 85 86 87 88 89 91 93 96 97 99 100 103 104 106 107 108 110 113 114 115 116 117 120 121 122 123 126 127 128 131 133 136 138 141 142 143 144 146 147 148 150 151 153 155 156 157 158 159 162 163 168 169 170
6 7 10 11 12 15 27 30 32 33 34 37 50 54 56 59 70 73 75 80 83 89 90 91 92 96 99 102 110 112 115 122 138 141 143 146 147 149 160 169 170 174
9 11 13 14 20 28 30 34 37 41 42 43 46 48 55 59 66 68 69 70 74 78 80 88 102 105 109 112 113 116 117 121 124 128 131 132 135 138 139 141 149 154 169 171 174
16 17 29 31 44 47 53 81 90 100 104 114 130 133 134 138 140 159 165 166 168
7 9 13 19 21 32 48 74 78 90 109 125 135 139 155 174
2 8 17 28 35 60 67 100 106 119 123 155 168
2 8 17 28 29 31 35 38 60 67 72 97 100 106 119 121 123 127 148 152 155 165 168
2 8 16 25 28 31 36 38 46 58 64 69 72 76 77 85 114 116 138 140 142 148 158 163 168 173 175
8 22 35 57 60 63 67 76 93 112 118 143 148 156 168 174
4 12 17 34 51 82 99 100 106 130 136 137 153 161 173 175
7 12 18 19 21 30 33 42 43 48 66 79 86 88 92 98 101 108 117 135 137 139 147 153 160 169
7 12 18 19 21 30 33 42 43 48 66 79 86 88 92 98 101 108 117 135 137 139 147 153 160 169
7 9 12 18 19 21 24 30 33 41 42 43 48 55 56 66 68 74 78 79 86 88 90 92 95 98 101 102 105 108 109 110 117 125 128 135 137 139 146 147 153 160 169 171
1 2 4 5 6 8 12 15 16 24 25 26 27 29 32 33 36 39 40 44 45 46 49 50 51 52 56 57 58 59 60 62 64 65 66 70 71 72 75 76 79 80 82 83 85 86 94 96 97 99 100 102 103 104 106 107 108 111 113 114 119 122 123 124 126 127 128 129 130 131 134 135 136 137 142 143 144 145 148 149 150 151 153 155 157 158 159 162 165 166 167 168 169 170 171 173 177
1 4 6 10 12 18 24 26 27 30 32 33 37 42 43 48 54 56 68 78 79 80 82 83 86 91 101 105 107 108 110 115 122 128 131 135 137 139 144 153 160 169 171 174
9 11 14 20 21 26 36 39 46 48 56 73 78 87 88 92 94 101 111 112 119 124 125 141 154 158 160 163
