1 2 3 4 5 6 8 10 12 15 16 17 23 24 26 27 30 33 34 35 36 37 38 39 40 42 43 44 46 47 49 50 51 52 53 54 55 56 57 58 59 60 61 62 63 64 65 66 67 68 70 71 72 76 77 79 81 82 83 84 85 86 87 88 89 91 93 94 96 97 98 99 100 103 104 106 107 108 110 111 112 113 114 115 117 119 120 121 123 126 127 128 129 130 131 132 133 134 136 138 140 142 143 144 148 149 150 151 152 153 154 155 156 157 158 159 161 162 163 164 165 167 168 169 170 172 174 175 176 177
1 4 12 15 17 20 24 25 26 27 32 33 36 37 39 40 42 43 44 47 48 49 50 53 54 55 57 58 62 63 65 66 70 71 73 74 76 79 80 82 83 85 87 88 91 96 97 98 100 101 103 104 106 108 109 110 112 113 114 115 118 119 120 121 123 126 127 128 131 133 135 136 141 144 146 147 148 149 150 151 155 160 162 163 169
1 2 4 10 11 12 13 14 15 17 20 22 23 24 25 26 27 29 30 32 33 34 35 36 37 38 39 40 42 43 44 46 47 48 49 50 51 53 54 55 57 58 60 62 63 64 65 66 67 68 70 71 73 74 76 77 79 80 81 82 83 84 85 86 87 88 89 90 91 93 95 96 97 98 100 101 103 104 106 108 109 110 111 112 113 114 115 117 118 119 120 121 123 126 127 128 129 130 131 133 134 135 136 138 140 141 142 143 144 146 147 148 149 150 151 152 155 156 157 158 159 160 162 163 164 165 166 168 169 172 173 175 176 177
3 6 9 10 12 18 20 21 24 30 31 32 37 43 48 55 58 64 66 68 74 78 80 90 91 99 101 105 109 124 125 130 131 135 136 137 144 146 147 153 154 160 166 171
1 2 3 4 5 6 8 10 12 15 16 17 22 23 24 25 27 29 30 31 33 35 36 38 39 40 42 43 44 45 46 47 49 50 51 52 53 54 55 56 58 60 61 62 63 64 65 67 68 69 70 71 72 73 75 76 77 79 80 81 82 83 84 85 86 87 88 89 91 93 94 96 97 98 99 100 103 104 105 106 107 108 111 113 114 119 120 121 123 124 126 128 129 130 131 132 133 134 135 136 137 138 140 142 144 146 147 148 149 150 151 153 155 156 157 158 159 160 161 162 163 164 165 167 168 169 172 173 175 176
1 4 6 7 9 10 11 12 13 15 17 18 19 20 21 23 24 26 27 29 30 32 33 35 37 38 39 40 41 42 43 44 46 47 48 50 51 52 53 54 55 56 57 59 60 62 63 65 66 67 68 70 71 73 74 76 78 79 80 81 82 83 84 86 87 88 89 90 91 92 93 95 96 98 99 100 101 102 103 105 106 107 108 109 110 111 112 113 114 115 117 120 121 122 123 125 126 128 129 131 133 134 135 136 137 138 139 141 142 143 144 146 147 149 150 151 152 153 156 157 158 160 162 165 168 169 171 172 174 176 177
3 5 8 9 11 13 14 16 19 21 22 23 25 28 29 31 36 38 41 45 58 64 69 72 75 77 81 85 94 104 116 118 122 124 130 132 145 154 155 156 159 161 164 167 173 176 177
5 16 44 67 82 89 93 94 100 103 124 168 173 177
5 14 16 23 25 29 34 36 44 58 60 61 67 72 81 82 89 90 93 94 100 103 104 116 119 121 124 129 130 133 134 140 145 148 149 155 161 164 165 168 173 177
2 3 5 7 8 17 22 23 25 30 31 41 45 55 56 57 59 60 66 70 72 75 77 81 85 87 91 94 97 104 107 108 111 118 130 143 145 152 154 157 164 170 172 174 175 177
8 18 24 26 29 31 34 36 37 43 45 46 48 51 53 56 61 66 68 69 73 75 84 91 97 98 108 111 113 116 118 119 125 127 129 132 137 140 142 145 152 154 158 159 162 163 165 167 174 176
1 2 3 4 5 6 8 9 12 14 15 16 17 18 19 21 22 23 25 27 28 29 31 32 33 34 35 36 38 39 40 42 43 44 45 46 47 49 50 51 52 53 54 57 58 59 60 61 62 63 64 67 68 69 71 72 73 75 76 77 78 79 80 81 83 84 85 87 88 90 91 94 96 97 98 99 100 101 103 105 106 107 108 110 111 113 114 115 116 118 119 120 121 122 123 124 125 127 128 129 130 133 134 136 137 138 140 142 143 144 145 146 148 149 150 151 152 153 154 155 156 157 158 159 160 161 163 164 165 166 167 168 169 171 172 173 175 176 177
1 4 5 6 10 12 23 39 40 44 49 51 71 79 80 82 83 96 99 100 101 107 108 110 115 136 137 144 146 150 151 153 160 168
1 2 4 5 6 7 10 12 15 17 20 23 24 26 27 28 30 32 33 34 35 36 37 38 39 40 41 42 43 44 46 47 48 49 50 51 52 53 54 55 56 57 58 60 62 63 65 66 67 68 69 70 71 72 73 76 79 80 81 82 83 84 85 86 87 88 89 90 91 93 96 97 98 99 100 101 102 103 104 105 106 107 108 110 112 113 114 115 116 117 119 120 121 123 126 128 129 130 131 134 135 136 137 138 140 141 142 143 144 146 147 149 150 151 152 153 155 157 158 159 160 162 163 165 166 167 168 169 170 171 174 176
5 8 16 22 23 25 26 29 34 35 37 45 52 60 61 65 69 72 75 77 85 89 94 97 100 106 111 118 119 121 123 128 130 132 143 148 155 159 161 164 167 168 170 174
4 12 20 22 32 38 39 40 49 55 71 72 76 78 79 82 83 87 88 89 95 96 99 107 120 125 128 135 136 139 144 146 147 150 152 159 164 167
4 12 20 22 32 38 39 40 49 55 59 66 70 71 72 76 78 79 82 83 87 88 89 95 96 99 105 107 120 125 128 135 136 139 144 146 147 150 152 159 164 167
3 5 8 9 13 14 18 19 22 25 28 31 35 36 58 60 67 69 72 75 78 85 90 92 94 104 118 123 124 129 130 132 134 145 148 154 161 163 164 166 167 168 170 173 174 176 177
1 2 10 12 15 17 27 32 34 38 39 46 62 63 67 71 77 79 80 83 84 86 88 93 95 99 100 103 106 114 117 118 119 121 126 127 136 138 143 146 147 150 152 156 157 162 168
1 2 4 6 8 10 11 12 15 17 18 20 23 24 26 27 28 29 30 32 33 34 35 36 37 38 39 40 42 43 44 46 47 48 49 50 51 52 53 54 55 56 57 60 62 63 64 65 66 67 68 70 71 73 75 76 77 79 80 82 83 84 85 86 88 89 90 91 92 93 95 96 97 98 99 100 101 103 105 106 107 108 110 111 113 114 115 116 117 118 119 120 121 122 123 126 127 128 131 135 136 137 138 140 143 144 146 147 148 150 151 152 153 156 157 158 159 160 162 163 165 166 167 168 169 170 171 172 173 175
1 4 6 10 15 16 17 20 23 26 30 36 39 40 46 50 51 54 59 60 65 71 72 79 82 85 86 89 93 96 97 98 99 100 103 107 108 114 119 120 123 129 136 138 143 144 150 151 157 158 162 163 170
1 2 3 4 5 6 8 10 11 13 14 15 16 17 19 20 21 22 23 25 26 28 30 31 34 35 36 38 39 40 44 45 46 47 49 50 51 52 53 54 57 58 59 60 61 62 63 64 65 66 67 69 70 71 72 73 74 75 76 77 79 81 82 85 86 87 89 91 92 93 94 95 96 97 98 99 100 103 104 106 107 108 110 111 112 113 114 115 116 119 120 121 123 124 127 129 130 131 133 134 136 138 140 141 142 143 144 145 148 149 150 151 152 154 155 156 157 158 159 160 161 162 163 164 165 166 167 168 170 171 172 173 175 176 177
7 19 33 34 37 40 48 53 62 65 75 78 93 95 102 112 119 131 143 162
7 16 19 24 25 28 31 33 34 35 36 37 38 40 41 43 48 53 55 57 58 62 63 64 65 67 70 75 78 81 84 93 95 97 102 105 111 112 119 130 131 133 143 155 159 161 162 165 172 174
3 8 31 35 45 59 72 77 81 85 94 97 104 134 145 149 154 155 167 173 176
3 7 8 11 13 14 16 22 25 31 33 35 41 45 46 56 59 61 68 69 72 77 81 85 91 94 97 104 105 111 118 121 122 133 134 145 149 152 154 155 164 167 170 173 174 175 176
2 16 17 57 76 85 97 100 111 118 138 140 148 156 164 166 175
2 5 16 17 23 25 35 36 38 45 57 60 63 70 72 76 77 85 89 97 100 111 118 119 123 138 140 148 155 156 161 164 165 166 167 168 175
2 3 4 5 6 7 8 9 10 11 12 14 15 16 17 18 19 20 21 22 23 24 25 26 27 28 29 30 31 32 33 34 35 36 37 38 39 40 41 42 43 44 45 46 47 48 49 50 51 52 53 54 55 56 57 58 59 60 61 62 63 64 65 66 67 68 69 70 71 72 73 74 75 76 77 78 79 80 81 83 84 85 86 87 88 89 90 91 92 93 94 95 96 97 98 99 100 101 102 103 104 105 106 107 108 110 111 112 113 114 115 116 117 118 119 120 121 122 123 124 125 126 127 128 129 130 132 133 134 135 136 137 138 139 140 141 142 143 144 145 146 147 148 149 150 151 152 153 154 155 156 157 158 159 160 161 162 163 164 165 166 167 168 169 170 171 172 173 174 175 176 177
3 5 8 16 17 22 25 29 31 34 35 38 45 52 60 69 72 75 76 77 85 94 97 104 106 111 116 118 124 143 145 154 155 156 158 161 164 165 166 167 170 173 174 175 177
1 6 14 15 26 39 40 51 73 96 98 99 107 113 124 151 169 171
1 6 12 14 15 18 26 33 39 40 43 51 56 59 63 66 68 73 80 82 88 90 96 98 99 107 108 110 113 122 124 127 131 132 135 136 137 151 158 160 169 170 171 173 176
2 25 37 42 43 57 58 61 69 70 77 102 112 117 128 129 131 133 139 147 155 167 174
2 3 7 9 11 14 18 19 21 22 25 36 37 41 42 43 45 48 57 58 61 69 70 74 77 78 80 81 102 104 109 112 117 122 124 125 128 129 130 131 133 139 147 154 155 164 167 171 174
1 2 3 4 5 6 7 8 10 11 14 16 17 18 20 22 23 25 27 28 29 31 33 34 35 36 37 38 41 42 43 45 46 47 48 49 52 53 54 55 56 57 58 60 61 62 63 64 65 67 68 69 71 72 73 74 76 77 79 80 81 82 85 87 88 91 94 95 96 97 99 100 101 102 103 104 105 106 107 109 111 112 113 114 115 116 117 118 119 121 123 125 126 127 128 130 131 133 135 136 138 139 140 141 142 143 144 145 146 148 149 150 154 155 156 157 158 159 161 163 164 165 166 167 168 170 172 173 174 175 176 177
5 8 16 22 23 25 28 29 31 34 35 36 38 45 46 52 64 69 72 73 76 77 85 100 111 113 116 118 119 138 140 142 143 145 148 156 158 159 161 163 165 166 173 175
1 4 6 10 12 19 26 32 39 40 41 49 51 71 74 80 82 83 90 96 99 107 108 126 136 137 150 151 153 160 169
1 2 3 4 5 6 7 8 10 11 12 13 14 15 16 19 20 21 23 26 27 28 29 31 32 33 34 36 37 38 39 40 41 42 45 46 47 49 50 51 52 53 54 55 56 57 58 59 60 62 63 65 67 70 71 72 73 74 75 76 77 79 80 82 83 85 87 89 90 91 92 93 94 96 97 98 99 100 102 103 104 106 107 108 109 110 111 113 114 115 116 119 120 121 123 124 125 126 127 130 133 136 137 138 140 141 142 147 148 149 150 151 152 153 154 155 156 157 160 161 163 166 167 168 169 170 171 172 175 176 177
3 16 19 25 31 75 77 85 104 132 145 164 173
3 5 7 8 9 10 11 13 14 16 18 19 21 25 31 41 59 69 72 74 75 77 78 85 90 92 94 104 105 109 116 122 124 125 132 135 142 143 145 154 161 164 170 173
5 8 11 15 16 17 19 20 21 22 23 24 25 26 27 28 29 30 31 32 33 34 35 36 37 38 40 42 43 44 45 46 47 48 50 52 53 54 55 56 57 58 60 62 63 64 65 66 68 69 70 72 73 74 76 77 78 79 81 83 84 86 87 88 89 92 93 94 95 97 98 100 101 102 103 104 105 106 109 110 111 112 113 114 116 117 118 119 120 121 123 125 126 127 128 129 130 131 133 134 138 139 140 141 142 143 144 145 146 147 148 149 152 155 156 157 158 159 161 162 163 164 165 166 168 169 171 172 173 174 175 176 177
1 4 5 6 7 8 9 10 11 12 13 14 15 16 18 19 20 21 25 26 27 28 29 30 32 34 37 39 40 41 42 43 46 48 49 50 51 54 55 56 57 59 61 62 63 64 66 68 69 71 73 74 75 76 78 79 80 81 82 83 84 85 86 87 88 90 91 92 93 94 95 96 98 99 101 102 103 104 105 107 108 109 110 111 112 113 114 115 116 117 118 119 120 121 122 124 125 126 127 128 131 132 133 135 136 137 138 139 141 142 143 144 146 147 149 150 151 153 154 155 158 160 163 166 168 169 170 171 172 174
1 2 4 5 6 10 12 15 16 17 20 22 23 24 25 26 27 28 30 31 32 33 34 35 37 38 39 40 42 43 44 46 47 49 50 51 52 53 54 55 56 57 59 60 63 64 65 66 67 68 69 70 71 73 76 79 80 82 83 84 85 86 87 88 89 91 93 95 96 97 98 99 100 101 103 104 105 106 107 108 110 111 113 114 115 116 117 118 119 120 121 122 126 127 128 129 131 133 134 135 136 137 138 140 141 142 143 144 145 146 147 148 149 150 151 152 153 157 158 159 160 161 162 163 165 168 169 170 171 173 175 176
1 2 3 4 5 6 7 8 9 10 11 12 13 14 15 17 18 19 20 21 26 27 32 33 35 36 37 38 39 40 41 42 43 44 45 46 47 49 50 51 53 54 56 59 61 62 63 65 66 68 69 71 72 73 75 76 79 80 81 82 83 84 85 86 88 90 91 92 93 94 96 97 98 99 100 101 102 103 104 105 106 107 108 109 110 111 113 114 115 116 117 119 120 122 124 126 127 128 131 135 136 137 138 141 143 144 145 146 147 149 150 151 152 153 155 156 158 159 160 161 162 166 168 169 170 171 173 174 176 177
3 5 8 9 10 11 13 14 15 18 19 21 25 28 31 36 44 45 46 48 58 64 72 75 77 78 85 90 94 95 104 109 118 124 125 127 139 142 143 145 147 154 155 164 171 176 177
2 5 8 16 22 23 25 29 31 34 35 38 44 45 47 61 64 67 73 76 77 81 85 100 103 111 113 116 119 121 124 130 134 145 148 149 154 156 158 159 165 166 168 176
3 7 9 14 18 19 21 24 26 27 28 30 32 33 42 43 48 53 57 65 73 86 89 101 109 115 122 126 132 143 150 158 162 174 176 177
5 8 13 14 16 19 25 29 34 35 44 45 52 58 59 61 64 72 75 77 85 94 107 111 116 118 121 123 124 127 132 137 140 142 143 145 148 154 158 161 164 167 170 172 173 176 177
1 2 4 6 7 9 10 11 12 13 15 17 18 20 21 23 24 26 27 28 29 30 31 32 33 34 35 37 39 40 41 42 43 44 46 47 48 49 50 51 52 54 55 56 57 59 60 62 63 65 66 67 68 70 71 73 74 75 76 77 78 79 80 82 83 84 86 87 88 89 90 91 92 95 96 97 98 99 101 102 103 105 107 108 109 110 111 112 113 114 115 117 118 119 120 121 122 123 125 126 127 128 129 131 135 136 137 138 139 140 141 143 144 146 147 149 150 151 153 156 157 158 159 160 162 163 166 168 169 171 172
1 4 6 8 12 15 19 26 27 33 37 39 40 41 42 46 49 50 51 54 55 56 63 64 69 70 71 76 77 79 80 82 83 85 86 88 89 96 97 99 102 103 107 108 111 112 113 114 116 120 126 128 131 132 134 135 136 137 138 150 151 152 153 157 158 160 161 163 169 176
