1 10 43 73 80 83 86 90 110 150
4 10 24 34 37 42 48 49 55 56 78 80 88 92 95 96 99 102 105 112 127 128 135 141 146 147 150 160 171 174
1 3 4 6 10 12 17 24 25 26 27 28 30 33 34 37 38 40 42 43 45 46 49 50 51 52 56 60 64 66 67 68 69 71 73 76 78 79 82 83 84 85 86 87 88 89 92 96 97 98 99 101 102 103 105 107 108 110 111 113 114 115 116 117 119 125 126 127 128 129 131 132 133 134 136 137 140 142 144 146 147 150 151 152 153 156 157 158 159 160 161 162 163 164 167 168 169 172 173
1 2 6 11 14 16 19 33 39 63 67 70 76 89 92 93 94 98 100 106 114 119 126 127 128 131 166 169 170 171 173 174
20 24 31 33 37 43 48 54 55 56 68 78 84 92 95 98 105 109 112 116 133 134 135 147 152 160 161 162 165 171
19 22 23 24 28 33 34 36 40 61 64 69 73 81 87 113 116 117 121 124 125 126 128 131 134 138 140 152 154 163 166 171 172 176
2 4 17 27 30 40 44 51 58 61 66 83 84 86 93 100 107 108 114 115 120 128 130 135 137 150 151 157 171
2 17 20 24 29 33 34 35 37 38 42 43 46 47 49 50 55 57 60 62 65 67 70 71 73 76 77 85 89 90 91 92 95 97 98 103 106 110 111 113 114 117 119 123 126 128 129 141 142 146 147 148 149 150 157 162 168
2 17 20 23 24 26 27 29 30 33 34 35 37 38 40 42 43 46 47 48 49 50 53 54 55 56 57 58 60 62 63 64 65 67 68 70 71 73 76 77 79 85 86 89 90 91 92 95 96 97 98 100 101 102 103 105 106 108 110 111 112 113 114 117 119 121 123 126 128 129 131 133 136 138 140 141 142 143 144 146 147 148 149 150 152 156 157 158 159 160 162 163 165 168 169 172 173 175
5 7 14 15 16 22 23 35 59 60 70 77 78 94 98 106 111 130 148 155 161 167 168 170 173 177
8 15 17 26 36 43 46 58 61 63 73 75 76 82 87 98 114 119 124 125 127 140 149 152 154 159 160 163 165 166 171 172 173 176
1 4 18 80 82 83 88 108 126 144 153 160
1 2 3 4 6 9 10 11 12 14 17 18 20 22 23 24 26 27 29 30 31 32 33 34 35 36 37 39 40 42 43 44 46 47 49 50 51 53 54 55 56 57 58 60 64 65 66 67 68 69 71 72 73 76 77 79 80 81 82 83 84 85 86 87 88 89 90 91 92 93 96 97 99 101 103 105 106 107 108 109 110 111 112 113 114 115 116 117 118 119 120 121 123 125 126 128 131 133 134 135 136 137 138 140 141 144 146 147 149 150 151 153 154 155 156 157 159 160 162 163 164 166 168 169 171 172 173 175 177
1 6 9 12 15 18 26 27 28 32 33 34 39 50 51 54 56 59 64 68 69 73 78 80 82 83 84 88 91 92 105 110 115 120 122 125 131 132 135 137 169 170 171 176
5 36 38 52 58 75 81 84 93 94 100 130 134 145 155 162 167 172 176
1 2 4 6 12 15 19 20 26 27 33 34 36 37 39 40 42 44 46 49 50 51 52 54 55 56 58 60 64 65 66 68 70 71 73 75 76 77 79 80 82 83 86 88 89 91 92 93 96 97 98 99 100 101 102 103 105 106 107 108 110 111 112 113 114 115 117 120 121 123 126 127 128 129 131 132 135 136 137 138 139 141 142 143 144 146 147 149 150 151 152 153 157 158 159 160 169 171 172 174 175
4 6 9 12 14 21 26 34 39 41 48 50 80 88 92 109 118 122 133 135 143 151 152 166 171
4 6 9 12 14 15 18 21 26 27 33 34 39 41 48 50 51 54 66 68 75 80 82 88 92 108 109 118 120 122 133 135 143 151 152 166 169 170 171 177
2 4 24 30 33 40 47 51 62 64 65 86 97 99 108 123 128 131 137 144
2 4 17 24 30 33 38 40 47 51 53 58 62 64 65 86 89 97 99 108 111 123 127 128 131 137 140 144 162
7 13 20 29 32 33 34 59 71 77 85 95 105 109 121 127 130 131 148 159 170 173 174
1 2 3 4 5 6 8 10 12 14 15 16 17 18 22 25 26 27 28 29 30 31 33 34 35 36 38 39 40 45 46 47 49 50 51 52 54 55 57 58 59 60 62 64 66 67 68 69 70 71 72 73 76 77 79 81 82 83 85 86 87 89 91 94 96 97 99 100 101 103 104 106 107 108 111 113 114 115 116 117 118 119 121 122 123 124 125 127 128 130 131 133 134 136 137 138 140 142 143 144 145 148 150 151 152 153 154 155 156 157 158 159 161 163 164 165 166 167 168 169 170 172 173 175 176 177
1 8 11 13 14 15 18 21 25 31 66 69 73 75 80 81 87 94 104 111 112 117 122 124 125 127 132 133 139 141 146 154 155 158 161 170 174 176
1 6 10 20 23 24 26 30 32 33 36 37 40 42 44 46 50 51 54 56 57 59 62 64 65 67 70 71 79 80 82 83 86 88 89 99 100 101 103 107 108 110 113 114 117 123 126 128 136 137 138 140 142 148 149 150 151 152 153 160 162 163 168 169 172 176
1 6 7 10 16 20 22 23 24 26 29 30 32 33 34 36 37 38 40 41 42 44 46 50 51 52 54 56 57 58 59 60 62 64 65 67 70 71 76 77 79 80 82 83 86 88 89 94 97 98 99 100 101 102 103 104 106 107 108 110 111 113 114 116 117 121 123 126 128 133 136 137 138 140 142 148 149 150 151 152 153 155 159 160 161 162 163 164 165 167 168 169 172 173 174 175 176
1 4 6 8 13 14 15 16 17 18 19 24 29 30 31 34 36 37 39 40 43 44 47 49 50 51 52 53 54 58 59 61 62 66 67 71 73 75 76 79 80 82 83 84 86 87 88 89 90 91 93 96 98 99 100 101 103 104 106 107 108 110 113 114 118 119 120 121 124 125 133 134 136 137 140 144 145 146 149 151 153 157 160 165 166 167 168 169 170 171 173
8 16 22 23 25 29 31 34 35 44 46 58 60 64 72 77 85 87 97 111 116 118 123 132 134 138 140 142 143 148 156 157 158 159 161 172 173 175
3 9 10 11 16 18 21 25 28 39 44 48 63 74 78 88 90 94 107 122 124 125 130 132 135 139 146 154 155 161 175
7 9 10 11 13 18 19 20 21 22 28 37 41 42 46 48 58 59 68 74 78 90 92 95 105 109 112 117 122 125 135 139 141 143 146 147 148 164 174
3 7 9 11 14 18 20 21 32 36 41 56 59 72 81 92 102 104 109 129 134 154 155 168 170 177
7 9 11 13 14 18 20 21 32 41 59 68 74 78 90 92 93 105 109 115 120 122 125 132 135 139 141 143 145 154 170 171 175 176
1 4 6 12 40 51 55 78 99 101 108 126 135 137 153 160
1 4 6 12 18 24 32 34 39 40 51 55 67 71 78 79 99 101 107 108 122 125 126 135 136 137 144 150 151 153 160 164 169
3 9 17 23 29 31 36 38 45 53 57 60 61 65 67 69 70 77 81 84 100 104 112 121 123 130 133 134 149 152 154 155 159 161 175
8 9 25 27 31 39 41 46 58 62 64 65 73 76 78 84 91 98 102 113 116 118 119 121 134 135 149 152 162 174 176
13 29 31 59 69 73 78 116 125 127 152 154 165 166 171 176 177
3 7 13 19 23 24 26 29 34 36 37 46 48 57 64 69 74 75 84 85 87 94 95 102 109 112 117 124 125 133 134 140 147 155 170 177
1 4 5 6 10 15 17 23 51 56 57 79 82 85 88 96 99 101 107 108 115 117 132 137 144 150 151 153 170
1 3 4 5 6 9 10 15 17 23 51 56 57 64 69 73 79 80 82 85 88 96 99 101 107 108 115 117 122 132 137 144 150 151 153 160 166 170
2 3 5 6 12 14 15 16 17 22 23 25 28 29 31 34 35 37 38 39 43 44 46 47 48 49 50 51 52 53 57 60 61 62 63 65 66 67 69 71 72 73 77 79 83 84 85 87 89 93 94 96 97 98 99 100 102 103 106 107 110 112 113 114 115 118 119 120 121 123 126 127 129 130 134 136 138 140 146 147 149 150 151 152 155 156 157 158 159 161 163 164 165 166 168 169 171 173 176 177
1 2 4 5 6 8 10 12 15 16 17 18 20 23 24 25 26 27 35 39 40 42 44 46 49 51 52 54 56 60 61 63 64 66 69 71 72 73 75 76 77 78 79 80 82 83 84 85 86 87 88 91 93 96 97 99 107 108 111 114 115 117 118 119 120 122 123 124 127 128 132 134 135 136 137 138 140 143 144 146 148 149 150 151 153 156 157 159 160 161 163 164 165 166 167 168 169 171 175 176
2 3 8 16 17 19 23 29 47 53 61 63 64 75 76 81 85 90 93 100 101 104 118 120 122 124 129 134 136 137 138 140 148 151 152 161 163 173 175 176 177
24 28 29 30 58 131 140 142 145 159 165 166
9 12 15 19 27 30 34 44 56 58 60 63 84 86 90 93 97 108 111 120 132 143 152 161 164 176
12 16 23 28 33 38 47 50 57 58 61 63 67 69 75 77 85 92 93 100 105 118 129 132 142 143 148 157 161 164 174
9 16 28 69 75 90 116 145 163 166
5 8 12 14 16 22 46 49 61 62 64 69 72 76 77 81 85 97 104 107 118 120 123 132 138 142 143 149 155 156 158 159 161 164 166 167 173 175
1 9 11 16 18 21 22 27 29 41 44 45 48 60 67 74 78 80 87 89 90 102 105 106 112 116 125 127 130 131 155 170
16 30 33 34 44 45 52 60 62 64 65 72 81 84 89 104 108 118 131 152 155 165 173 174
1 2 4 5 6 10 12 15 16 17 20 23 24 26 27 30 32 33 36 37 38 39 40 42 43 45 46 48 49 50 51 52 54 55 56 57 60 61 62 65 66 68 70 71 72 73 76 78 79 80 82 83 84 86 88 89 91 92 93 96 97 99 101 102 103 105 107 108 110 113 114 115 116 117 120 122 123 124 125 126 128 131 135 136 137 138 141 144 146 147 149 150 151 153 156 160 164 169 177
