Description	Target	Measure	E11	E10	E01
["""ENSG00000189139""" = 0.0]	[Target]	0.0	0.0	156.0	0.0
["""ENSG00000073536""" = 1.0], ["""ENSG00000169660""" = 0.0]	[Target]	0.0	0.0	22.0	0.0
["""ENSG00000134815""" = 0.0], ["""ENSG00000184924""" = 0.0], ["""ENSG00000081842""" = 0.0], ["""ENSG00000197461""" = 1.0], ["""ENSG00000164944""" = 0.0]	[Target]	0.0	0.0	21.0	0.0
["""ENSG00000081842""" = 0.0], ["""ENSG00000197461""" = 1.0]	[Target]	0.0	0.0	40.0	0.0
["""ENSG00000172538""" = 1.0], ["""ENSG00000237541""" = 0.0]	[Target]	0.0	0.0	34.0	0.0
["""ENSG00000172613""" = 0.0], ["""ENSG00000154719""" = 0.0], ["""ENSG00000163882""" = 0.0], ["""ENSG00000072571""" = 0.0], ["""ENSG00000272968""" = 0.0]	[Target]	0.0	0.0	76.0	0.0
["""ENSG00000052749""" = 0.0], ["""ENSG00000165029""" = 1.0]	[Target]	0.0	0.0	40.0	0.0
["""ENSG00000165502""" = 1.0], ["""ENSG00000240184""" = 1.0]	[Target]	0.0	0.0	17.0	0.0
["""ENSG00000215252""" = 0.0], ["""ENSG00000267795""" = 0.0]	[Target]	0.0	0.0	88.0	0.0
["""ENSG00000094916""" = 0.0], ["""ENSG00000254245""" = 0.0]	[Target]	0.0	0.0	94.0	0.0
["""ENSG00000177427""" = 0.0], ["""ENSG00000235387""" = 0.0]	[Target]	0.0	0.0	90.0	0.0
["""ENSG00000127472""" = 0.0], ["""ENSG00000101639""" = 1.0]	[Target]	0.0	0.0	41.0	0.0
["""ENSG00000274322""" = 1.0], ["""ENSG00000160188""" = 1.0]	[Target]	0.0	0.0	13.0	0.0
["""ENSG00000136449""" = 0.0], ["""ENSG00000002933""" = 0.0]	[Target]	0.0	0.0	96.0	0.0
["""ENSG00000203747""" = 1.0], ["""ENSG00000184571""" = 1.0]	[Target]	0.0	0.0	10.0	0.0
["""ENSG00000220205""" = 1.0], ["""ENSG00000128268""" = 1.0]	[Target]	0.0	0.0	16.0	0.0
["""ENSG00000135549""" = 0.0], ["""ENSG00000253276""" = 0.0]	[Target]	0.0	0.0	91.0	0.0
["""ENSG00000169738""" = 1.0], ["""ENSG00000094880""" = 1.0]	[Target]	0.0	0.0	18.0	0.0
["""ENSG00000143473""" = 1.0], ["""ENSG00000182173""" = 1.0], ["""ENSG00000266997""" = 0.0]	[Target]	0.0	0.0	19.0	0.0
["""ENSG00000143473""" = 1.0], ["""ENSG00000266997""" = 0.0]	[Target]	0.0	0.0	33.0	0.0
["""ENSG00000143190""" = 1.0], ["""ENSG00000170802""" = 0.0]	[Target]	0.0	0.0	40.0	0.0
["""ENSG00000178201""" = 0.0], ["""ENSG00000168878""" = 1.0], ["""ENSG00000175084""" = 1.0], ["""ENSG00000101266""" = 0.0]	[Target]	0.0	0.0	11.0	0.0
["""ENSG00000178201""" = 0.0], ["""ENSG00000168878""" = 1.0]	[Target]	0.0	0.0	34.0	0.0
["""ENSG00000134249""" = 0.0], ["""ENSG00000107957""" = 0.0], ["""ENSG00000168411""" = 0.0], ["""ENSG00000283992""" = 0.0], ["""ENSG00000167106""" = 0.0]	[Target]	0.0	0.0	55.0	0.0
["""ENSG00000134440""" = 0.0], ["""ENSG00000182583""" = 0.0]	[Target]	0.0	0.0	101.0	0.0
["""ENSG00000089012""" = 1.0], ["""ENSG00000172493""" = 0.0]	[Target]	0.0	0.0	39.0	0.0
["""ENSG00000114054""" = 1.0], ["""ENSG00000181790""" = 0.0]	[Target]	0.0	0.0	33.0	0.0
["""ENSG00000140416""" = 1.0], ["""ENSG00000172236""" = 0.0]	[Target]	0.0	0.0	36.0	0.0
["""ENSG00000140254""" = 0.0], ["""ENSG00000166233""" = 0.0], ["""ENSG00000197635""" = 1.0], ["""ENSG00000149651""" = 0.0], ["""ENSG00000171116""" = 0.0]	[Target]	0.0	0.0	24.0	0.0
["""ENSG00000140254""" = 0.0], ["""ENSG00000171116""" = 0.0]	[Target]	0.0	0.0	102.0	0.0
["""ENSG00000157999""" = 1.0], ["""ENSG00000164649""" = 1.0]	[Target]	0.0	0.0	17.0	0.0
["""ENSG00000167257""" = 0.0], ["""ENSG00000183791""" = 1.0]	[Target]	0.0	0.0	33.0	0.0
["""ENSG00000081692""" = 0.0], ["""ENSG00000074219""" = 0.0]	[Target]	0.0	0.0	107.0	0.0
["""ENSG00000171680""" = 1.0], ["""ENSG00000166321""" = 0.0], ["""ENSG00000159733""" = 0.0], ["""ENSG00000158941""" = 0.0]	[Target]	0.0	0.0	15.0	0.0
["""ENSG00000117013""" = 0.0], ["""ENSG00000188846""" = 0.0]	[Target]	0.0	0.0	106.0	0.0
["""ENSG00000135632""" = 1.0], ["""ENSG00000186577""" = 0.0], ["""ENSG00000187243""" = 0.0]	[Target]	0.0	0.0	18.0	0.0
["""ENSG00000111046""" = 1.0], ["""ENSG00000175792""" = 0.0]	[Target]	0.0	0.0	41.0	0.0
["""ENSG00000167964""" = 1.0], ["""ENSG00000108700""" = 0.0], ["""ENSG00000235568""" = 0.0]	[Target]	0.0	0.0	22.0	0.0
["""ENSG00000108700""" = 0.0], ["""ENSG00000235568""" = 0.0]	[Target]	0.0	0.0	103.0	0.0
["""ENSG00000214026""" = 0.0], ["""ENSG00000166148""" = 1.0], ["""ENSG00000197329""" = 0.0], ["""ENSG00000101096""" = 0.0], ["""ENSG00000196767""" = 0.0]	[Target]	0.0	0.0	19.0	0.0
["""ENSG00000197329""" = 0.0], ["""ENSG00000101096""" = 0.0], ["""ENSG00000196767""" = 0.0]	[Target]	0.0	0.0	92.0	0.0
["""ENSG00000197562""" = 0.0], ["""ENSG00000188508""" = 0.0], ["""ENSG00000077232""" = 0.0]	[Target]	0.0	0.0	66.0	0.0
["""ENSG00000013573""" = 1.0], ["""ENSG00000114391""" = 1.0]	[Target]	0.0	0.0	11.0	0.0
["""ENSG00000116095""" = 0.0], ["""ENSG00000164970""" = 1.0]	[Target]	0.0	0.0	32.0	0.0
["""ENSG00000154309""" = 0.0], ["""ENSG00000139163""" = 1.0]	[Target]	0.0	0.0	27.0	0.0
["""ENSG00000186854""" = 1.0], ["""ENSG00000089177""" = 0.0]	[Target]	0.0	0.0	38.0	0.0
["""ENSG00000213809""" = 0.0], ["""ENSG00000139146""" = 0.0], ["""ENSG00000179841""" = 0.0], ["""ENSG00000197977""" = 0.0], ["""ENSG00000158423""" = 0.0]	[Target]	0.0	0.0	47.0	0.0
["""ENSG00000139146""" = 0.0], ["""ENSG00000197977""" = 0.0]	[Target]	0.0	0.0	93.0	0.0
["""ENSG00000179873""" = 0.0], ["""ENSG00000069122""" = 1.0]	[Target]	0.0	0.0	30.0	0.0
["""ENSG00000166326""" = 1.0], ["""ENSG00000170426""" = 0.0]	[Target]	0.0	0.0	37.0	0.0
