1 2 3 4 5 6 7 8 9 10 11 12 13 14 15 17 18 19 20 21 23 24 25 26 27 28 29 30 31 32 33 34 36 37 38 39 41 42 43 44 45 46 47 48 49 50 51 52 54 55 56 57 58 60 61 62 63 64 65 66 67 68 69 70 71 72 73 75 77 78 79 81 82 83 84 85 87 88 89 90 91 92 93 95 96 97 98 99 100 101 102 103 104 106 107 108 109 110 111 112 113 114 115 116 117 118 119 120 121 122 123 124 125 126 127 128 129 130 132 133 136 137 138 139 140 141 142 143 144 147 148 149 150 151 152 153 154 155 156 157 158 159 160 161 162 163 165 167 169 170 171 172 173 174 175 177
7 13 16 19 20 21 23 35 42 45 54 88 92 98 116 118 121 160 162 167 173 174
10 13 18 20 26 27 32 66 68 98 115 122 125 128 132 135 139 141 146 160 171
10 11 13 18 20 24 26 27 30 32 37 42 43 48 54 65 66 68 74 78 90 92 95 98 109 112 115 122 125 128 131 132 135 139 141 146 147 160 162 171
4 7 10 14 18 19 21 33 41 48 50 51 53 55 56 59 66 68 77 78 79 80 91 101 108 112 115 116 137 139 144 153 155 173
1 4 6 7 10 12 13 15 19 20 26 27 32 33 37 39 40 42 43 47 49 50 51 53 54 55 59 62 65 66 67 68 71 73 79 80 82 83 84 86 88 91 96 98 99 103 104 106 107 108 110 112 113 115 117 120 121 122 126 128 135 136 137 141 144 146 147 149 150 151 153 160 169 171 172 176
1 4 6 9 10 12 18 27 32 39 44 51 56 59 69 71 75 78 79 80 82 83 96 99 101 107 108 115 122 124 132 135 136 137 146 150 151 153 170 171
17 33 40 41 50 54 56 58 68 92 102 105 126 154 162 171 174
1 3 4 6 8 12 15 23 24 25 26 27 28 30 33 34 35 37 39 40 42 43 46 49 50 51 56 63 64 65 66 69 70 71 75 76 77 79 82 83 85 86 88 89 91 96 99 103 107 108 110 111 113 114 115 116 118 119 120 123 126 127 128 129 131 132 136 137 138 142 144 148 149 150 151 153 156 158 159 161 162 163 166 167 168 169 170 176
1 4 6 10 11 20 23 24 26 29 30 32 34 36 37 38 39 41 42 43 44 45 46 48 49 52 53 57 60 61 65 67 70 71 72 73 74 75 76 79 82 83 85 87 89 91 95 96 97 99 100 101 103 106 107 108 109 110 112 113 114 115 117 119 121 123 127 129 133 136 138 140 141 142 143 144 146 147 148 150 151 152 153 155 156 157 158 159 160 163 164 168 172 177
3 5 8 10 11 13 14 15 16 17 19 20 21 23 25 26 28 29 31 32 33 34 44 46 47 50 52 53 56 59 62 66 68 69 72 73 75 76 77 84 85 87 88 92 93 98 103 105 106 111 113 114 116 117 118 119 120 122 123 124 125 127 128 129 131 132 133 140 141 142 145 146 147 148 149 154 155 156 157 159 160 163 166 168 169 170 172 173 176 177
7 8 9 11 13 14 16 18 19 20 21 22 25 28 29 31 34 41 45 46 48 55 59 66 69 74 78 81 85 90 92 94 102 105 109 124 125 132 139 145 154
2 16 31 36 53 58 61 65 87 111 164 167 173
1 2 3 4 5 6 7 10 11 12 13 14 15 17 21 28 32 34 36 37 39 40 41 42 43 44 46 47 49 50 52 53 54 55 57 58 59 60 62 63 64 65 67 71 73 77 78 79 83 85 89 90 93 94 95 96 97 99 101 102 103 107 110 111 112 114 115 117 119 122 125 128 134 136 138 141 143 144 145 147 148 149 150 151 153 156 157 161 163 165 166 167 168 171 172 175
75 76 91 116 140 148 158 159 166 177
18 32 68 78 80 101 112 125 126 135 137 139 141 146 160 169
3 4 6 7 9 12 13 15 20 21 23 24 28 30 31 32 33 34 35 37 39 40 41 42 43 46 47 48 49 50 51 53 54 55 60 62 65 67 71 74 75 78 82 83 84 85 86 87 89 90 93 95 97 98 99 101 103 105 106 109 111 117 118 120 123 126 128 129 136 138 139 140 141 142 143 144 146 147 149 150 151 153 157 159 160 161 162 168 172 174 177
3 22 28 36 38 58 61 94 111 130 134 154 165 167 172 173 175 177
2 22 25 29 36 38 44 47 53 58 100 129 130 155 159 165 168 173 177
2 5 14 22 25 29 36 38 44 47 53 58 62 67 75 76 85 87 100 113 129 130 134 149 155 157 159 165 168 172 173 176 177
5 8 9 16 19 21 22 25 31 36 45 72 81 94 100 104 109 118 119 121 122 130 132 133 139 143 145 148 149 152 154 155 161 166 167 168 172 173 175 177
4 19 51 54 68 126 131 138 139 144 168
4 19 29 33 40 42 46 51 54 65 68 69 70 88 89 103 113 114 116 121 126 128 131 138 139 140 144 145 157 159 163 165 168 175
1 4 6 7 10 11 16 20 21 30 32 37 39 40 42 43 49 50 51 55 62 70 71 76 79 80 82 83 91 95 96 99 101 104 105 106 107 108 110 113 126 136 137 144 146 149 150 151 153 157 158 160 162 170 171
1 4 6 7 9 12 13 15 17 18 19 20 23 27 29 32 33 36 37 38 39 40 42 43 44 46 47 48 49 50 51 52 55 56 58 59 60 62 63 65 66 67 71 73 74 76 79 82 83 84 85 88 89 91 92 93 96 97 98 99 100 101 102 103 105 107 108 109 113 115 119 121 122 123 124 125 126 131 132 133 134 136 138 139 141 142 144 146 149 150 151 153 157 160 161 163 168 169 170 171 174
15 17 26 28 29 31 36 42 43 44 46 53 63 73 75 76 98 111 112 113 114 116 119 123 138 140 142 149 152 156 157 158 159 160 163 165 166 171 172
3 5 8 16 22 23 28 38 55 61 62 64 67 72 77 81 85 94 100 104 118 124 127 129 130 145 154 155 165 167 175 176 177
3 7 9 13 20 21 32 41 42 43 45 49 69 70 74 80 81 98 101 102 104 105 109 110 111 116 122 130 131 133 135 138 139 155 162 174
1 6 12 15 26 27 33 39 44 47 50 51 56 75 77 79 82 83 91 108 110 137 151 169
1 4 5 6 8 10 12 13 15 16 17 22 23 24 26 27 30 31 33 35 38 39 40 42 43 44 45 46 47 49 50 51 52 53 56 59 62 63 65 67 71 72 73 75 76 77 79 82 83 84 85 86 88 89 91 92 94 96 97 98 99 100 102 106 107 108 110 113 114 115 119 121 126 127 128 133 134 136 137 140 144 145 148 150 151 152 153 154 155 156 157 159 161 163 165 167 168 169 170 172 175 177
9 11 13 14 18 21 22 25 38 48 78 90 109 118 139 147 148
4 12 16 17 22 25 26 31 44 62 63 64 66 88 89 91 96 111 116 117 136 138 142 143 148 149 156 159 166 167 168 173 174
1 3 4 5 6 9 10 11 12 13 14 15 18 19 20 21 26 27 29 30 32 33 39 40 41 42 44 48 49 50 51 54 55 56 57 59 65 66 67 68 70 71 73 74 75 76 77 79 80 82 83 84 85 86 88 89 91 92 93 94 96 99 101 102 103 106 107 108 109 110 113 114 115 117 120 122 124 125 126 127 128 129 130 131 132 136 137 139 141 144 146 147 148 149 150 151 153 160 161 164 168 169 170 171 174 176 177
1 4 6 12 40 54 56 79 82 88 96 99 126 144 151
1 2 3 5 6 7 8 14 15 16 17 22 23 25 27 29 32 36 38 39 40 41 44 45 51 52 57 58 59 60 61 62 63 64 66 67 69 70 71 72 75 77 78 79 80 81 82 83 84 85 88 93 94 96 97 99 104 106 107 108 111 113 114 117 118 119 120 122 123 124 125 126 128 129 132 133 134 135 136 137 140 144 145 146 149 150 151 153 154 155 156 157 159 161 163 164 165 166 168 169 170 172 173 175 176 177
5 8 22 23 28 31 46 52 89 112 133 134 141 142 148 164 166 173
1 2 3 4 5 6 10 27 30 33 39 40 46 49 51 55 56 59 68 71 73 79 84 86 91 99 101 105 107 108 110 115 126 136 137 138 151 153 158 170 171
2 3 5 16 17 22 38 52 58 60 67 84 87 94 100 106 111 130 133 149 167 172
2 3 5 6 7 8 9 10 11 12 13 15 16 17 19 20 21 22 25 32 33 37 38 39 41 42 45 46 47 48 49 50 52 54 55 57 58 60 61 63 64 65 67 70 71 72 74 77 78 79 82 83 84 85 86 87 88 89 90 92 93 94 95 97 98 100 101 102 103 106 109 110 111 112 114 120 122 125 126 128 129 130 131 133 139 141 143 145 146 147 149 150 155 156 160 162 164 167 168 169 172 174 177
1 4 6 12 15 39 44 51 82 84 85 99 107 115 132 135 136 150 153
1 2 4 5 6 12 15 16 17 22 23 25 29 30 31 35 36 37 39 44 45 47 49 51 52 53 57 58 60 61 62 63 64 65 67 72 76 77 81 82 84 85 86 87 93 94 96 97 98 99 100 102 104 106 107 111 112 114 115 118 119 120 121 123 127 128 129 130 132 133 134 135 136 140 142 145 148 150 152 153 155 156 157 159 161 162 165 166 168 172 175 177
1 6 7 11 15 20 21 26 27 32 35 37 39 41 46 49 50 55 57 60 61 64 68 71 73 74 76 77 79 80 82 83 84 88 91 93 95 96 98 99 100 101 107 108 109 110 113 115 119 123 127 136 137 141 142 144 146 149 150 151 153 158 160 169 171 174
11 19 28 41 48 90 109 119 125 143 174
9 28 29 36 41 43 44 46 55 58 64 77 78 80 84 87 105 111 116 130 132 135 137 140 142 143 153 158 160 163 166 175
3 7 10 11 13 14 19 28 34 41 69 72 74 85 94 105 116 121 125 127 133 155 165 166 172 176 177
12 18 26 30 39 46 51 56 66 71 73 75 76 77 79 83 86 91 96 98 107 108 111 113 115 131 136 137 142 144 150 151 153 158 160 171 175 176
1 4 10 12 27 33 40 42 49 50 52 54 55 66 71 77 79 82 83 86 87 88 93 97 98 99 101 103 107 108 110 120 122 123 128 132 136 137 138 144 146 150 151 153 157 162 169
1 4 6 10 12 15 17 24 26 27 29 30 32 33 35 36 39 40 42 49 50 51 52 53 54 55 57 62 63 65 66 68 69 70 71 76 77 79 82 83 84 86 87 88 91 93 94 97 98 99 101 103 107 108 110 111 113 114 115 117 120 122 123 126 127 128 131 132 135 136 137 138 139 140 144 146 147 150 151 153 154 155 157 158 159 160 161 162 163 169 171 175 177
1 4 6 10 32 44 51 55 68 78 79 80 82 83 84 96 99 101 107 108 110 115 120 136 137 144 150 151 153 171
3 5 8 13 16 18 21 25 29 31 36 45 52 59 61 69 75 85 87 92 94 115 116 130 132 133 134 135 137 145 149 154 161 167 168 170 176
