1 2 4 5 6 8 9 12 15 16 17 20 22 23 24 25 29 30 31 32 33 35 36 37 38 39 40 41 42 44 46 47 49 50 51 52 53 54 55 57 58 60 62 63 64 65 67 70 71 72 73 75 76 78 79 80 81 82 83 84 86 87 89 93 94 96 97 98 99 100 101 102 103 106 107 108 109 112 113 114 116 119 120 121 123 126 128 129 130 131 134 136 137 138 139 140 142 143 144 145 146 147 148 149 150 151 152 153 154 155 156 157 158 159 160 161 162 163 164 165 166 167 168 169 172 173 175 177
1 3 22 69 77 84 101 116 124 127 145 154 161 174 176
1 2 4 5 6 10 11 12 13 14 16 17 19 20 21 22 23 24 25 26 27 30 31 33 35 37 38 39 40 41 43 44 45 46 47 48 49 50 51 52 54 55 56 57 58 60 61 63 64 65 66 68 69 70 71 72 78 79 80 82 83 84 85 86 87 88 89 90 91 92 94 95 96 97 99 100 101 102 103 106 107 108 109 110 111 114 115 117 118 119 120 122 123 125 126 127 128 129 130 131 132 133 134 135 136 137 138 139 140 141 142 144 146 147 148 150 151 153 155 157 159 163 164 165 167 168 169 170 172 173 174 175 177
4 12 27 32 39 49 51 56 71 82 99 122 128 136 146 150 169
4 12 14 18 20 24 27 28 29 30 31 32 39 48 49 51 55 56 59 66 68 71 74 78 80 82 83 91 99 101 105 110 122 125 128 131 135 136 137 139 144 146 150 154 169 171
3 5 7 8 14 15 16 19 35 36 38 45 52 60 63 70 72 81 84 85 87 93 94 100 102 104 106 119 121 124 127 129 130 133 145 149 152 154 155 156 159 161 164 165 166 167 168 173 174 176
7 9 10 11 13 14 18 19 20 21 32 41 42 48 50 54 55 59 66 74 78 80 81 88 90 91 92 95 96 101 102 105 109 112 115 117 122 125 135 137 139 141 146 147 154 160 164 170 171 174
1 2 4 6 7 10 12 15 17 18 19 20 24 26 27 30 32 33 34 37 39 40 41 42 43 44 46 47 48 49 50 51 52 53 54 55 56 57 59 62 63 65 66 67 68 69 70 71 73 76 77 78 79 80 81 82 83 84 85 86 87 88 89 91 93 95 96 97 98 99 100 101 102 103 104 105 106 107 108 110 112 113 114 115 116 117 119 120 121 122 123 125 126 127 128 129 131 132 133 135 136 137 138 139 140 141 142 143 144 146 147 149 150 151 152 153 155 156 157 158 159 160 161 162 163 166 168 169 171 174 176
14 17 22 23 25 33 35 36 38 45 47 61 62 66 70 72 81 87 88 93 94 100 103 104 106 118 121 123 124 126 130 133 134 142 149 154 155 157 165 167 168 173 177
1 4 6 12 24 27 30 33 39 40 50 51 54 56 71 78 79 80 82 83 86 88 96 99 107 108 110 125 126 128 131 135 136 137 144 146 150 151 153 169 171
1 4 6 10 12 15 16 17 39 40 44 47 49 50 51 52 53 54 59 60 62 63 65 66 67 71 73 79 82 83 84 86 88 91 93 97 99 103 107 108 113 114 115 119 121 123 131 136 144 149 150 151 153 157 168 171
3 5 7 8 9 14 16 17 22 25 29 35 38 41 45 47 53 55 58 60 62 70 72 75 81 87 89 94 100 104 106 118 124 125 130 132 134 145 152 154 155 168 172 173 176 177
1 4 6 12 27 33 34 35 39 40 44 47 49 51 52 55 62 63 64 66 71 77 79 82 83 84 85 86 91 93 96 97 99 100 103 106 107 108 114 120 123 126 136 137 138 144 146 150 151 153 155 157 160 166 171
1 3 5 22 35 36 38 45 52 55 57 58 60 61 63 69 70 72 75 76 77 81 82 85 87 89 94 100 102 104 106 111 116 119 123 127 129 130 133 148 155 161 164 167 168 174 176
2 20 37 39 43 47 48 51 55 65 80 84 89 90 103 113 114 147 159 163 166
2 5 7 9 14 16 17 18 19 20 36 37 39 41 43 44 45 47 48 51 55 58 60 65 67 70 72 77 80 84 87 89 90 103 113 114 116 125 130 134 147 149 152 159 163 166 168 173
1 4 6 7 12 15 23 24 27 33 34 37 39 42 43 47 49 50 52 53 56 57 62 63 65 66 67 68 70 71 82 84 86 87 89 90 91 93 95 98 101 102 103 107 113 114 117 123 126 129 131 133 135 141 143 144 147 148 149 150 151 158 160 162 168 169
1 2 4 6 10 17 20 24 30 37 39 44 49 51 53 57 61 62 64 65 66 67 71 82 83 84 86 93 96 99 101 103 107 110 114 115 120 121 127 128 130 133 136 141 142 144 146 150 151 153 162 163 169
2 19 37 42 43 62 84 102 106 112 129 139 174
3 5 7 11 21 28 33 34 37 38 41 45 48 52 53 57 61 64 69 70 75 77 81 89 90 92 95 102 104 105 111 112 124 133 139 141 143 145 154 156 158 160 161 162 163 165 174
5 16 25 31 36 38 45 46 47 49 58 61 64 97 100 104 118 119 127 129 142 145 156 157 161 163 165 166 172 173 175
1 4 5 6 12 15 24 26 27 30 33 39 40 42 43 44 47 50 51 53 54 55 56 65 66 68 70 79 80 82 83 84 85 86 88 89 91 95 96 97 98 99 101 102 104 107 108 110 113 114 115 117 120 123 126 127 128 129 131 135 137 147 149 151 153 155 160 162 165 168 169 172 177
6 9 10 13 14 15 18 19 21 26 27 32 39 45 48 51 55 56 57 59 66 68 71 77 80 82 88 89 91 96 99 107 108 115 122 124 125 132 136 137 146 149 151 153 169 170 173
3 7 8 13 14 17 21 22 26 28 34 35 41 45 53 54 56 61 65 68 69 76 81 91 92 94 95 104 112 117 121 122 124 125 127 132 133 141 142 154 155 156 163 167 170 173 174 175 176 177
1 4 6 10 12 13 15 16 18 21 23 26 27 28 34 39 40 44 46 49 50 51 56 57 59 63 64 65 66 71 73 76 79 82 83 86 89 91 96 97 98 99 103 107 108 110 111 114 115 116 118 120 122 126 136 137 138 142 143 144 145 146 147 150 151 153 157 158 159 163 164 166 169 170 171
5 23 24 35 53 57 106 148 156 175 177
5 17 22 23 24 28 31 35 38 44 45 53 57 58 61 63 67 70 72 75 81 87 94 100 102 104 106 111 112 119 121 130 133 134 145 148 149 152 154 155 156 161 164 167 174 175 177
4 6 10 12 72 82 96 99 107 137 150 151
4 5 6 10 12 22 44 49 52 55 59 61 64 69 70 72 77 82 85 94 96 99 104 107 116 127 136 137 142 143 145 148 150 151 154 161 163 164 167 170 172
2 22 34 35 58 75 87 93 104 117 118 121 134 135 153 168
2 3 5 8 9 14 16 18 22 29 31 34 35 36 38 44 45 58 69 72 75 77 81 87 93 94 100 104 117 118 121 124 130 134 135 148 153 154 155 156 159 165 166 168 173 176 177
1 4 18 26 27 28 30 32 33 34 41 43 52 54 56 66 68 69 77 80 82 83 84 86 88 90 91 92 98 105 108 110 111 115 116 120 126 132 138 144 153 160 162 163 170 174
1 4 5 6 12 16 26 27 35 37 38 40 43 49 52 54 56 57 62 65 67 70 71 79 82 83 86 89 91 96 99 103 106 107 108 110 123 126 128 136 144 150 151 153 157 162 167 168
7 9 18 19 21 23 27 32 33 37 41 42 43 66 68 70 74 90 92 93 98 102 105 109 110 112 114 139 168 174
1 10 32 39 54 59 71 79 82 88 96 102 107 115 136 146 151 169 170
1 6 9 12 15 18 19 33 40 44 51 54 55 56 59 68 78 80 82 83 84 88 90 92 98 99 105 108 120 125 126 132 135 137 139 144 146 153 160 164 169 171
2 17 19 22 24 25 28 30 34 35 36 37 38 48 52 53 57 58 61 62 64 65 70 72 81 90 92 93 98 100 111 119 123 130 131 140 152 161 162 165 167 173 175
3 15 25 28 37 58 63 74 75 81 88 98 109 112 118 133 143 145 173 175
3 8 9 11 15 19 21 25 28 29 31 37 48 58 63 74 75 78 81 84 88 90 92 95 98 102 109 112 118 132 133 134 135 139 143 145 152 154 173 174 175 176
3 8 13 17 22 28 34 35 38 45 53 61 67 69 70 72 75 76 81 94 98 100 102 106 111 120 130 133 138 142 152 154 155 156 157 161 163 164 167 170 173 174 175 176
2 3 5 8 17 22 23 28 29 31 35 38 44 45 46 47 53 55 57 60 63 67 69 70 72 77 81 85 93 97 104 106 111 114 123 129 132 138 140 148 155 156 159 161 163 166 168 176 177
12 25 27 39 40 44 55 66 82 83 108 131 153 156 160 176
12 18 23 25 27 29 32 33 34 36 39 40 44 47 49 52 53 55 58 63 66 68 75 78 80 82 83 86 89 108 110 124 129 131 132 135 137 140 153 156 160 169 176
1 12 39 50 51 68 71 79 90 136 137 151 153 171
1 6 7 9 10 12 13 14 18 19 20 21 32 39 48 50 51 56 59 68 71 73 74 78 79 88 90 92 98 101 105 109 115 122 125 135 136 137 139 146 147 151 153 170 171
1 3 4 10 12 18 27 32 40 41 43 50 70 79 80 82 83 84 96 99 107 108 110 114 117 118 120 126 130 132 135 136 144 151 158 169 176
2 17 24 28 30 34 35 36 37 45 52 53 57 58 60 61 63 64 65 67 72 76 81 87 89 95 97 104 111 114 116 130 131 140 142 145 148 155 161 162 163 165 166 167 168 172 174
3 4 6 9 10 12 13 19 21 22 32 39 44 45 51 55 57 58 59 62 67 70 71 79 81 83 88 94 96 99 102 104 107 136 146 150 151 154 155 165 167 172 177
1 2 4 6 10 11 12 15 18 27 30 32 39 40 43 46 47 49 50 51 54 56 59 61 62 63 65 67 68 71 73 77 78 79 80 82 83 86 87 88 90 93 96 97 98 99 100 101 103 107 108 110 113 114 115 117 121 123 126 128 132 135 136 137 138 139 141 144 146 147 149 150 151 153 158 160 168 169 171 172
1 4 6 10 17 23 24 26 27 28 30 31 32 33 34 35 36 40 41 43 44 45 46 49 50 51 52 53 54 55 56 63 65 67 68 69 70 71 73 76 79 82 84 89 93 96 97 98 99 100 101 103 106 107 108 110 113 114 116 119 120 121 126 127 131 134 136 138 148 150 151 152 157 162 168 169 175
