830 1618 2420 2973 3057 4328 5157 6490 6583 7116 7340 7923 7982 9256 9452 9497 10135 10896 12160 12207 13706 13926 14964 15076 16353 17847
355 387 492 1346 1781 2302 2362 2838 3295 3736 4418 4705 4853 6198 6300 6426 6772 7311 7597 7780 8942 9548 10998 11322 11841 12414 12836 13124 13937 16202 17456
2866 2897 5361 7391 8726 9553 9833 10857 10879 11812 13749
123 1437 3050 3201 3262 4821 6145 7538 8648 9483 11133 15310 15838 17885
1193 2562 4245 4978 5986 10235 14053 14365 15543 16380 17711
9 605 836 2656 3860 4204 5121 6627 7138 8052 9990 10331 10414 10559 11787 12374 12435 16749 17520
387 737 1191 1346 2164 2302 2362 2688 3223 3295 4418 4853 4905 6345 6435 6772 6814 7056 7311 7597 8081 8364 8916 9457 9603 10919 10998 11322 11333 12277 12370 12451 12672 13005 13124 15293 15542 16202
496 1004 1177 1680 1942 2147 2187 2377 2402 3943 5189 5266 6903 7785 8802 8898 9033 12533 12677 12783 13175 13229 13956 14881 15755 16484 17126 17145 17512 17547 17943
1636 1987 4861 6141 6250 9437 11917 13782 16023 16353
2657 3287 4550 7889 8187 10861 14593 15495 16438 17692
257 4424 7329 8237 8747 9584 9738 11214 12333 13033 15648 17125 17298
3375 5058 5778 6255 6279 10141 13606 14029 14086 14998 16279 17053 17490 17626
690 1203 2544 3986 4153 5012 11804 13704 14302 15951 16414 17187 17412
486 3073 8977 11673 12757 13259 13931 14441 15120 16573 16626
26 529 2553 4301 6307 7246 8767 9114 10035 10729 12688 12691 14910
2333 4041 5221 6849 8656 10755 11998 13090 13269 15421
4163 7270 9661 10068 10102 10549 11525 12570 13432 14453 15727 16690 17700
533 1766 2680 4272 8012 8345 8406 8960 9278 10137 11904 14253 16161 16948
212 1173 1829 3125 5967 6220 7090 7398 8296 11330 14937 17334
802 2361 7231 7606 8494 10353 11631 12524 13230 14200 14243 14385 15383 15505 16341 17434 17809 17936
1545 1837 2356 2495 2554 2910 3154 4129 4655 5145 5497 6404 9058 9714 10986 11198 11747 12297 13113 14516 14620 16067
1385 5437 5896 6157 7807 10281 11198 12743 14310 14620
397 1194 2882 4217 4730 4873 5015 6616 7936 12076 12242
4877 5155 6088 6693 6766 7540 7740 8789 10070 10188 10918 14110 16664 17661
662 1006 2130 3217 4277 11875 12278 13530 14882 15921
194 475 2419 2839 3687 3884 4117 4455 9131 11822 12502 13302 13491 13753 15011 15172 17814
420 6135 6194 7900 8728 8836 10997 13464 14612 14889
1059 5549 5703 5762 6964 10500 11509 13581 13895 15776 17882
355 1781 3223 3736 6300 6426 7597 7780 8081 8364 11841
1706 2368 2532 5374 6204 7484 8915 11851 12981 15637
73 346 4128 4171 6683 7422 7808 7958 8431 9288 10760 12324 12849 13155 16321
568 2014 2047 2867 3117 3806 4021 5568 5716 6646 9120 9261 9560 10164 10249 10959 11243 12063 13233 14548 14811 15621 15761 16039 17150
416 854 2131 2885 3053 4132 4726 5375 6804 8168 8464 8511 9047 9065 9768 10449 10608 10739 11923 12193 12204 12471 13270 13472 14428 14867 15228 15877 16530
159 1123 3745 8754 9785 10150 11236 11969 13331 13408 13762 14519
851 902 4174 5489 7344 9482 13654 14106 15063 15104 15775
225 1861 5436 5801 7711 8111 8486 12922 14469 14538 15156 15241 16270 17087
248 303 1327 1603 2205 2539 5624 7746 8326 8673 9301 9444 10419 13241 13947 15184 16075 16948 17238 17480 17794
1653 2484 4483 4638 4802 7355 7358 11775 13268 15941 16697
421 691 3923 10161 10790 10979 11774 16494 16891 17902
1005 2544 4153 5012 6556 9467 12304 12633 16414 17187 17412
278 3224 3349 4199 8268 9695 12560 13940 16531 17441
388 1207 4921 6135 7900 8728 10082 11212 11773 14612
1664 3208 6346 6907 8694 9052 11492 12887 15963 17972
2928 3498 8647 8984 9665 10064 12452 13248 13960 16545
764 1709 2149 3579 6968 8044 9522 9990 10426 12710 13809 16630 16996
2553 3346 3469 4378 7041 7077 7652 11866 12106 12409
2100 4760 6130 10971 12194 13523 14176 16462 16893 17504
854 2440 2485 2799 3861 5855 6597 7799 10444 10600 10739 12204 12228 12711 13532 14428 15877 16550
1173 3259 5967 6220 7090 7691 11330 12691 13183 14137
2273 4007 4020 6051 7554 10241 10932 11285 11833 12367 12582 16149 17186
