355 387 492 1346 1487 1781 2982 3223 4705 4793 4853 5597 6300 6435 7780 8081 8916 9603 10998 11333 12414 12451 12639 12672 12836 13937 14611 15293 15369 15542 16202 16900
22 251 280 442 1796 3004 3209 3410 3582 3797 4651 5869 6018 7012 7065 7758 8162 9232 9454 9529 9961 10674 10903 11219 11660 11669 11691 12114 12152 13601 13826 14248 14592 15416 15564 15854 16634 16846 16925 17380 17540 17574 17771
1228 1416 2310 2798 3039 3424 4546 7481 7647 8980 9500 10448 12200 12860 14547 15823 16233 17173
177 434 639 865 1053 1567 1688 1832 2643 2647 2819 3016 3034 4095 4982 5828 6548 7237 8145 8487 8515 9402 9827 9842 9888 10212 10286 10670 10692 11584 11796 12169 12443 12683 12814 13070 13498 13669 13876 15357 15395 15480 16426 16638 16726
1665 2368 2532 4146 4324 4503 5575 6204 6271 7566 7804 7972 8116 8915 9894 11184 11652 11745 14734 15716 17277
1092 1673 4184 4400 5430 6674 8083 10666 11776 16833 17869
977 4269 5641 5999 7813 8800 10300 11378 11695 14625
1223 4631 5331 9715 9749 10765 11397 11713 12750 13575 13903 14352 14780 16113 17556
3746 9609 10348 10667 10699 11561 11814 12865 15568 16449
179 207 1060 1137 1557 1893 2154 2553 3189 3346 3469 3643 4188 4378 5905 6973 7041 7077 7652 8994 9859 10468 11754 11866 12106 12409 12804 12894 14718 15277 15732
590 6098 6375 7033 9244 10408 11187 11454 11722 12378 12866 13624 14131 16627
803 1705 2020 2068 2915 8311 11171 12645 13429 14573 14855
188 1639 2333 4041 5221 6394 6849 8656 10755 11974 11998 13090 13269 13966 15421 15798
2372 2686 2787 4339 4719 5706 8532 11474 11656 12425 13515 14294
97 568 6031 9569 10083 11243 13739 14548 16582 17789 17866
1125 1852 3170 4301 7147 7905 9598 13129 14630 15180
755 3050 3201 3713 4821 6145 9965 11133 11696 13495 14733 15838
2755 3849 5765 6243 12820 14067 15544 16274 16633 17385 17621
2710 3915 4856 4911 5910 7465 8311 8485 9086 10564 11152 11514 11640 13689 14841 15115
201 344 1115 1170 1816 2450 3277 3319 3626 4879 5912 6329 7025 7585 7978 8854 8905 9222 14005 14359 14367 15324 15853 16635 17468 17854
755 1437 3262 6145 7538 8648 8740 9483 9965 11133 13495 14733 15838 17885
2550 3746 9609 9970 10348 10667 11561 12865 16449 17536 17947
2754 3927 10181 11112 11572 12113 12554 15353 15417 15852
48 862 912 1009 1195 1226 1307 2082 2453 2970 3071 3623 3704 3874 4033 4516 4533 4732 5310 5387 5477 6128 7014 7499 7864 7880 7957 8633 9323 9387 11016 12099 12209 12419 12868 13307 13342 13350 14069 14237 14399 14564 14782 14949 14950 15304 15436 16118 16272 17122 17194 17676 17738 17791
4709 6387 7286 7404 8799 11359 11537 11766 12544 12942
2755 3849 6243 9623 10613 10779 14943 15544 16633 17385
1377 1706 4146 5374 6204 7484 9894 10735 11360 11509 11745 14734 14779 15675 17043 17277
27 454 730 884 1073 1788 5590 6107 6298 7121 7265 8079 8660 9167 11289 14448 17054 17419
420 6135 6194 7900 8728 8836 10153 10997 13464 14612 14889 14996 15506
4628 7689 8150 9064 9230 9579 10374 10676 10678 11270 11508 12781 13105 13947 16800 17024
2449 3004 3169 3582 3797 3825 4651 5357 5979 5982 6018 8162 8889 9232 10674 11311 11669 12114 12152 12675 12774 13442 13751 14650 14807 15564 15573 16827 16925 17380 17497 17771
348 1637 2488 4240 4884 5039 5796 8560 9469 10242 11188 13339 13497 15206 15343
71 918 2014 2047 2867 3117 3806 3841 4021 5170 5568 5716 6646 6853 7446 7725 8715 9120 9569 9675 10249 11243 12063 13233 13468 14548 15621 15932 16039 16737 17106 17665
2337 3786 3948 4017 7055 7795 9953 12181 13004 15360
351 2165 3427 3717 7789 8625 9687 13660 15666 16161 17746
1005 1203 2544 3986 4153 5012 5557 6556 9467 12304 12633 15796 16414 16513 17187 17412 17467
465 1070 5413 6054 7122 9431 9699 11043 11437 12636 14250
158 167 417 496 855 1004 1942 2187 2377 2648 4580 5028 5185 5501 8020 8450 8661 8741 9884 11619 12533 12783 12833 13229 14956 16257 17145 17512 17943
662 1006 1564 2130 3217 13570 14882 14914 14970 15422 15921
3080 3438 4285 4723 5490 5600 6357 7111 8449 9064 9269 10310 13688 13806 14103 15685 16606
63 774 1420 1656 1757 1891 2113 2346 2352 3435 5132 6075 6225 6386 6551 6558 7825 9326 9606 10723 10885 10914 11240 11700 12032 13007 14769 15476 15659 15886 17336 17569 17615 17625 17713
369 687 1074 1707 2496 2919 4740 5336 5932 5942 6477 8719 8901 9099 10305 11421 11586 11958 12136 12588 12668 13554 13559 14022 14225 14437 14776 14778 15674 15767 17135
463 1691 3080 4723 5600 6824 8449 8484 9516 9740 13663 13688 13770 13806 14103 15685 16465 16606
362 421 3923 10161 10602 10790 10979 13096 14683 15756 16494 17545
359 2934 4198 10808 10809 11473 12250 16076 16209 17476 17586
179 207 283 733 1060 1137 1246 1557 2154 2320 2553 3469 4188 4378 4678 5722 6420 6502 6993 7041 7652 8994 9859 11866 12409 12584 12725 12804 12894 13487 14139 14718 14735 14909 15277 15724 15732
1905 1923 2027 2125 3089 3307 4958 5735 7879 8753 9075 9510 10058 10833 12281 14640 17795
38 854 1352 1516 2069 2131 2253 2440 2485 2784 2799 3053 3861 4132 4726 5586 5855 6086 6597 6804 7313 7799 9047 9592 10271 10444 10449 10600 10739 12204 12228 12272 12711 12796 13270 13532 14304 14428 14458 15877 16088 16530 16550 17806 17893
440 1786 1935 2262 2392 2660 3547 3758 4527 4750 5056 5768 6080 6313 6340 6420 6496 6615 7453 7589 7670 8572 8929 9256 11020 11149 11621 11687 11954 12516 12854 15011 15365 16039 16336 16796 16873 17378 17741 17799
1029 1155 2333 4041 4375 4623 4759 5221 6849 8656 10622 10755 11232 11998 12095 13090 13269 13899 15256 15421 17797
