1 2 3 4 6 7 9 10 11 12 13 15 16 17 18 19 20 21 23 24 26 27 28 30 32 33 37 39 40 41 42 43 44 46 47 48 49 50 51 52 53 54 55 56 57 58 59 60 61 62 63 65 66 67 68 70 71 73 74 78 79 80 81 82 83 84 86 87 88 89 90 91 92 93 94 95 96 97 98 99 101 102 103 104 105 106 107 108 109 110 111 112 113 114 115 117 120 121 122 123 125 126 128 130 131 133 134 135 136 137 138 139 140 141 143 144 146 147 149 150 151 152 153 154 155 157 160 161 162 163 168 169 170 171 174
1 2 3 4 6 10 12 15 16 20 27 37 38 39 40 41 42 44 46 49 50 52 54 55 56 57 58 60 61 62 63 65 67 70 71 79 80 81 82 83 84 85 86 87 88 89 92 93 94 96 97 99 100 103 105 106 107 110 114 116 117 119 122 123 126 128 133 136 142 144 145 146 147 150 151 153 155 156 157 160 161 162 167 169 172 175
8 33 38 47 53 54 59 60 63 68 75 76 77 84 85 93 97 104 111 115 118 124 129 142 146 151 158 169 170 175 176
1 3 5 7 9 10 11 12 13 14 16 17 20 21 30 34 37 39 41 42 44 47 48 49 50 51 52 53 55 59 61 62 65 67 70 71 74 75 80 81 84 87 88 89 94 95 96 98 102 103 104 105 106 107 109 111 112 113 114 117 120 121 122 123 124 127 128 129 130 131 133 134 136 139 141 143 147 149 150 151 152 154 155 158 162 164 168 172 174 176 177
5 29 31 35 53 61 124 127 129 148 166 172 177
1 2 3 5 6 8 14 15 16 17 24 26 27 30 33 38 39 40 46 49 50 51 52 53 54 55 56 57 60 61 62 65 66 67 69 70 72 76 77 79 80 81 82 83 84 85 86 87 89 91 93 94 96 97 99 100 103 106 107 108 111 114 117 118 119 120 121 122 123 127 128 136 137 140 144 148 149 150 151 153 156 157 158 161 163 168 169 170 173 175 176 177
2 28 30 38 46 64 138 142 143 164
7 9 10 11 13 14 19 20 21 24 32 33 37 38 41 42 48 50 54 56 59 68 70 74 78 90 92 95 101 102 105 109 110 112 117 131 139 141 147 162 174
2 3 8 12 15 17 23 29 31 34 40 44 47 51 53 60 61 63 66 75 84 87 93 97 100 104 108 111 114 119 120 121 124 127 129 134 137 152 153 157 175 176 177
3 5 7 9 11 13 14 16 18 21 25 31 36 41 59 72 74 75 109 122 124 125 130 154 168 170 172 173 176 177
5 8 14 16 18 21 22 25 28 34 46 59 69 75 76 77 101 116 118 122 124 135 137 138 142 143 145 148 159 161 164 166 171 173 175 176
2 3 8 19 22 23 31 35 38 47 53 60 64 69 72 75 77 84 93 95 97 100 104 116 118 120 127 132 134 142 145 152 162 167 175 176
8 9 13 14 28 69 78 109 124 163 165 172
1 2 4 6 12 20 26 33 39 44 46 49 50 51 54 55 56 57 62 65 66 71 74 79 82 83 86 88 91 96 99 103 107 108 113 114 117 126 128 136 138 140 146 150 151 153 156 157 158 160 163 169 170
8 13 15 26 29 31 36 44 46 51 56 66 68 69 73 91 98 108 111 113 114 117 127 135 137 140 149 154 159 160 163 165 166 171 173 176
1 7 11 16 26 27 30 33 41 43 54 55 56 57 62 67 68 70 72 74 85 86 92 94 95 102 103 106 112 113 123 126 130 131 141 149 155 160 162 164 167 168 169 170
24 33 36 38 40 52 57 60 61 65 68 75 77 88 89 93 95 97 98 104 113 120 125 132 133 135 138 142 143 159 164 175
5 14 16 17 22 28 31 34 35 36 38 44 45 47 52 62 75 81 94 100 116 119 124 129 140 143 145 155 156 172 173 177
16 22 28 31 36 38 62 75 85 97 104 111 140 142 156 165 172 173
1 2 4 6 12 15 17 20 23 24 26 27 30 32 33 34 36 37 38 39 40 42 43 46 47 49 50 51 52 53 54 55 56 57 58 60 63 65 66 68 71 73 76 79 82 84 86 87 88 89 95 96 98 99 101 102 103 106 107 110 112 113 114 117 119 123 126 128 129 131 136 137 138 141 144 146 147 150 151 152 153 156 158 162 163 165 169 174 175
5 14 16 17 22 23 25 29 31 35 44 47 53 58 60 62 67 76 81 87 94 104 111 121 123 127 129 130 133 148 149 152 154 157 159 164 165 167 172 173 175 176 177
4 8 13 14 18 27 32 34 35 39 44 51 59 64 68 73 75 83 85 107 108 111 115 116 118 124 125 135 137 138 142 156 158 159 170
2 5 12 16 17 25 44 46 58 60 61 64 71 72 75 77 82 85 89 96 107 116 119 123 134 138 142 146 149 154 163 164 166 168
3 4 12 15 18 37 44 51 58 67 68 80 83 84 85 100 101 104 108 113 140 146 160 161 164 171
1 4 5 6 8 9 10 11 12 13 15 16 18 20 21 27 29 30 31 32 37 38 39 40 41 42 44 46 48 49 51 53 56 58 60 62 63 64 65 66 67 71 72 75 78 80 82 83 84 85 86 88 89 95 96 97 98 99 102 107 108 109 112 113 114 115 117 121 123 125 135 136 137 138 139 141 142 143 144 145 146 147 150 151 153 157 158 159 162 165 168
1 2 4 5 6 10 11 13 14 18 19 20 22 25 26 28 29 33 36 38 39 40 43 46 47 48 49 51 52 53 54 56 58 59 60 62 68 69 71 72 73 75 76 77 79 82 83 84 85 86 87 88 89 90 92 95 96 99 103 106 107 109 113 114 120 121 122 124 125 126 128 129 132 133 134 135 136 137 138 141 142 143 146 147 149 150 151 152 153 157 158 160 163 164 168 170 171 172 175 176
2 18 19 20 21 32 37 45 50 61 63 65 70 88 93 95 98 104 110 118 121 124 132 133 134 141 145 146 147 155 174
2 3 4 5 6 7 10 11 12 13 14 15 16 17 18 20 21 22 23 24 25 27 28 29 30 32 33 35 36 37 38 39 41 42 44 45 46 47 48 49 50 52 53 55 58 59 60 61 64 65 67 70 71 72 77 78 79 80 81 82 83 84 85 87 88 89 90 92 93 95 96 97 98 99 100 101 102 103 104 105 106 107 109 110 112 117 118 120 121 122 125 126 127 128 129 130 132 133 134 135 136 138 139 141 142 144 145 147 148 150 151 152 153 154 155 157 161 162 164 165 167 168 172 174 175 177
2 3 4 5 7 10 11 13 14 16 17 19 22 25 27 32 33 35 36 37 38 41 42 45 46 47 50 52 53 54 55 57 58 59 60 61 62 63 64 67 70 71 72 74 77 79 84 85 89 90 92 93 94 95 96 97 99 100 102 103 104 106 107 109 110 114 119 121 123 127 128 129 130 132 133 134 136 139 141 144 145 146 147 150 151 152 153 155 157 161 162 164 166 167 168 169 170 172 174 175 177
41 48 64 73 110 111 115 122 131 164 171
2 5 8 19 22 23 25 26 33 35 36 37 38 47 58 61 62 67 72 81 84 85 87 94 100 102 104 106 112 121 124 130 140 149 155 159 165 167 168 170 173 174
3 16 29 45 69 75 81 85 90 161 167
7 12 30 34 40 60 61 74 84 86 112 121 122 127 128 130 133 135 137 140 148 153 154 160 164 174 177
2 8 16 28 29 31 35 38 52 64 67 72 76 77 85 97 100 116 118 119 127 130 138 140 142 159 165 166
9 14 15 18 19 21 37 41 48 52 53 74 80 91 102 105 117 122 125 139 150 164 174 177
1 2 3 4 6 7 10 12 14 15 17 19 20 21 24 26 27 28 29 30 33 35 37 38 39 40 42 43 44 45 46 47 48 49 50 51 53 54 55 56 62 63 65 66 67 68 69 70 71 73 74 76 79 80 81 82 83 84 86 88 89 90 91 95 96 98 99 101 103 105 106 107 108 110 112 113 114 115 117 119 125 126 127 128 131 132 134 135 136 137 138 139 141 144 146 147 149 150 151 153 159 160 162 165 166 168 169 171 172 174
9 11 13 15 20 32 35 47 48 50 54 74 89 92 95 97 101 102 103 105 109 110 117 118 121 125 126 139 141 143 147 174
1 2 4 5 6 10 12 15 16 18 24 26 27 29 30 31 32 33 35 37 38 39 40 42 46 48 50 51 53 54 56 58 60 62 64 65 67 71 73 76 78 79 80 81 82 83 86 88 89 91 93 94 96 98 99 101 103 104 105 108 109 110 112 114 117 118 120 121 122 125 126 127 128 131 133 135 136 137 139 141 142 144 146 147 149 150 151 152 153 154 157 158 159 160 162 169 171 175 177
1 4 5 6 10 12 15 16 20 26 32 39 43 48 49 50 51 54 55 61 66 71 76 78 79 80 83 92 96 98 99 101 103 107 108 109 110 114 115 118 120 122 126 129 136 139 142 143 146 147 150 151 153 156 160 163 168 169 171
1 6 15 17 23 24 29 38 40 45 52 55 63 64 65 67 70 101 114 127 128 131 136 155 162 172
10 21 47 48 50 58 62 63 68 77 94 102 121 124 130 146 147 148 156 167 171
7 11 12 13 19 20 21 30 37 43 48 56 68 90 92 97 98 102 109 110 112 115 117 126 128 132 133 135 141 143 146 152 160 162 174
1 4 5 6 10 12 13 15 20 26 27 28 32 33 37 39 40 41 42 43 44 46 49 50 51 54 55 56 59 65 66 68 70 71 73 77 79 80 82 83 86 87 88 89 90 91 92 93 95 96 97 98 99 101 103 105 107 108 109 110 111 114 115 120 122 126 128 132 135 136 137 138 139 141 143 144 146 147 150 151 153 158 160 168 169 170 171
3 4 5 6 9 10 13 20 22 27 32 35 41 47 53 59 69 72 74 78 80 81 96 99 102 104 105 107 130 132 135 136 145 146 150 151 152 155 161 164 170 177
8 9 14 19 21 29 45 48 75 81 94 104 125 139 145 152 154 155 162 164 172
1 3 4 5 6 7 8 9 10 11 12 13 15 18 20 21 22 23 24 25 26 27 28 29 30 32 33 34 35 37 39 40 41 42 43 46 48 49 50 51 52 53 54 55 56 57 59 60 62 63 65 66 67 68 70 71 73 74 75 76 78 79 80 81 82 83 85 86 88 89 91 92 93 94 95 96 98 99 101 104 105 107 108 109 110 111 112 115 117 118 120 122 123 126 128 129 131 132 134 135 136 137 138 139 141 142 143 144 145 146 147 148 150 151 153 154 156 157 158 159 160 165 166 167 168 169 170 171 173 174 175 176
5 14 36 38 41 45 58 77 94 100 152 172 177
2 3 6 7 15 16 17 20 22 24 26 28 30 32 35 36 37 38 40 42 43 44 46 47 49 52 53 54 55 57 58 60 61 62 63 64 65 66 67 69 70 73 76 77 81 84 85 86 87 88 89 93 95 96 97 98 100 101 102 103 105 106 111 113 114 117 118 119 120 123 127 128 129 130 131 134 138 140 142 146 147 148 149 150 156 157 159 160 162 163 165 166 167 168 174 175 176
1 6 48 57 70 80 94 98 102 112 149 159 161
2 15 19 21 43 46 53 67 73 89 103 113 114 118 119 134 138 152 158 167 173 176
