1 2 3 4 6 7 10 12 15 17 20 23 24 26 27 29 30 31 32 33 35 36 37 38 39 40 42 43 44 45 46 47 49 50 51 52 53 54 55 56 57 60 61 62 63 64 65 66 67 68 69 70 71 76 79 80 81 82 83 84 85 86 88 89 91 93 94 95 96 98 99 100 101 102 103 104 106 107 108 109 110 111 112 113 114 115 116 117 119 120 121 122 123 126 127 128 129 130 131 133 134 135 136 137 138 139 140 141 144 146 147 148 149 150 151 153 155 156 157 159 160 161 162 163 165 167 169 171 174 176 177
3 16 22 28 31 34 36 45 52 53 55 57 62 64 70 72 81 84 85 87 91 92 94 95 100 104 116 124 130 132 133 143 145 148 152 154 155 156 165 170 172
1 4 6 10 12 19 29 40 47 54 66 80 82 90 96 99 105 107 126 151 153 169 176
1 4 6 10 12 15 18 19 21 24 26 27 29 30 32 33 37 39 40 42 43 44 46 47 48 49 50 51 54 55 56 57 59 62 63 65 66 67 68 70 71 73 74 75 78 79 80 82 83 84 85 86 87 88 89 90 91 92 95 96 97 98 99 101 102 103 105 107 108 110 112 113 114 115 117 119 120 122 123 125 126 128 131 132 133 135 136 137 139 141 144 146 147 149 150 151 153 157 160 162 163 169 171 172 174 176
2 16 19 25 36 112 129 139 167 174 175
6 9 10 13 14 22 24 31 34 41 42 43 53 59 61 62 67 72 74 85 90 94 96 100 102 107 115 118 121 124 126 130 131 133 135 144 154 155 167 170 177
2 3 5 7 8 9 13 14 16 17 20 24 25 26 29 30 32 33 34 35 38 39 41 42 44 45 46 48 49 50 52 53 56 58 62 63 64 65 67 68 69 70 71 72 73 75 76 77 79 83 85 89 91 94 96 98 100 101 104 105 106 107 109 112 113 114 116 118 119 120 121 122 123 124 126 128 129 130 131 132 133 134 138 141 142 145 147 148 156 157 158 159 160 161 162 164 166 167 169 174 175 176 177
2 22 23 24 34 44 53 57 60 62 86 97 106 111 129 140 142 144 148 157 159 161 162 167 172
2 15 20 25 26 35 36 44 46 47 49 50 52 53 54 56 57 62 63 65 67 73 75 76 84 85 95 98 106 110 111 113 117 120 123 127 130 131 133 134 147 155 156 157 161 162 167 172
2 5 8 15 16 17 20 22 23 24 25 26 29 30 31 33 34 35 36 37 38 42 43 44 46 47 48 49 50 52 53 54 56 57 58 60 61 62 63 64 65 66 67 68 69 72 73 75 76 77 84 85 87 89 92 93 95 97 98 100 102 103 104 106 110 111 112 113 114 117 118 119 120 121 123 127 129 130 131 133 134 138 140 142 143 147 148 152 155 156 157 158 159 161 162 163 164 165 166 167 168 172 174 175 177
2 3 7 8 9 11 13 14 15 16 19 20 21 24 26 27 28 29 30 33 34 35 37 40 41 42 43 46 48 49 50 54 56 57 58 65 66 68 69 70 73 74 75 76 77 78 85 86 87 89 90 92 95 97 98 102 105 109 110 111 112 113 114 117 120 122 123 127 128 130 131 132 134 139 141 142 143 147 148 154 156 158 159 161 162 163 164 166 168 169 171 173 174 176 177
13 14 20 25 46 47 61 67 69 73 74 76 85 88 98 103 113 114 116 117 124 130 133 138 141 142 146 147 158 159 163 165 167 172 173
29 44 63 82 111 118 119 144 148 161 175
1 2 3 4 6 17 25 26 30 31 37 39 40 50 83 89 97 104 123 124 126 128 129 130 131 136 144 150 153 155 158 159 162 168
17 29 48 74 78 112 129 162 166 172
17 24 29 33 36 48 53 55 57 58 68 70 74 78 80 90 95 97 101 111 112 113 121 129 131 162 164 166 171 172
2 6 8 9 13 15 18 29 30 42 43 65 68 70 73 74 80 82 90 91 98 99 107 108 123 124 126 132 133 134 135 137 156 168 171 173 176
7 16 35 62 66 67 73 87 149 161 165
7 16 25 31 35 36 58 61 62 66 67 73 87 111 121 134 149 161 165 171 172
1 4 12 18 26 40 51 66 71 79 80 82 83 84 91 99 107 108 110 115 128 135 136 137 144 150 151 153 169
1 4 6 39 40 51 55 66 71 79 80 82 83 87 91 96 99 101 107 108 115 136 137 146 150 151 157 170 171
1 4 6 12 18 27 32 39 40 51 55 66 71 79 80 82 83 87 91 96 99 101 107 108 115 126 136 137 144 146 150 151 157 170 171
10 15 17 23 24 26 27 30 33 35 37 39 40 42 43 46 47 48 50 51 52 53 54 55 56 57 58 60 61 62 63 65 66 68 70 71 73 76 79 83 84 85 86 87 88 89 91 93 95 96 97 98 100 101 102 103 106 108 110 112 113 114 115 117 119 121 123 125 126 127 128 129 131 133 136 141 142 143 146 147 149 150 152 155 156 157 158 159 160 162 164 165 167 168 169 171 172 174 175 177
2 17 44 57 61 62 67 85 94 106 119 130 154 155 168 172 176 177
2 3 17 44 57 58 61 62 67 70 72 77 81 85 94 104 106 119 127 130 154 155 167 168 172 176 177
2 8 28 35 36 40 43 44 46 63 69 76 77 84 90 94 103 105 111 114 115 116 123 133 138 140 143 149 152 158 159 163 173
22 47 52 61 75 104 135 145 155 158 167
13 16 18 23 29 31 35 43 46 48 58 64 68 78 95 101 109 124 129 135 139 140 142 143 154 159 163 172 173
1 3 4 5 6 8 10 12 15 16 18 27 39 40 44 49 51 52 55 57 59 62 68 70 71 72 76 77 79 80 82 83 84 85 87 91 93 94 96 97 99 101 102 103 107 111 114 115 120 124 127 132 136 137 144 146 150 151 152 153 158 167 169 171 176
1 2 3 4 5 6 8 10 12 15 16 17 18 22 27 34 35 39 40 44 46 47 49 51 52 55 57 59 60 62 64 66 67 68 70 71 72 73 75 76 77 79 80 82 83 84 85 87 88 91 93 94 96 97 99 101 102 103 104 105 106 107 111 113 114 115 119 120 123 124 127 132 135 136 137 142 144 146 149 150 151 152 153 157 158 159 167 168 169 171 173 176
1 4 6 7 8 10 12 14 15 16 19 20 21 26 30 34 35 37 38 39 42 46 48 49 51 54 57 59 61 62 65 66 70 71 73 74 75 76 78 79 80 82 83 85 88 90 91 92 95 96 97 98 99 102 103 107 108 110 111 113 114 115 116 119 120 122 123 124 125 127 128 131 132 136 139 141 143 147 149 150 151 153 155 156 158 159 160 161 162 170 174
3 5 8 14 16 22 25 41 52 55 57 72 75 81 85 94 104 111 116 118 132 133 154 155 158 167 173 175 176 177
1 4 6 10 12 39 40 44 50 51 59 68 71 79 80 82 83 96 99 107 108 115 126 135 136 137 144 146 150 151 153 169
1 4 6 10 12 18 39 40 44 50 51 56 59 68 71 78 79 80 82 83 88 91 96 99 107 108 115 126 135 136 137 144 146 150 151 153 169 171
1 6 12 18 24 26 27 32 39 40 51 56 71 78 80 82 91 96 99 107 108 110 112 115 125 126 131 135 137 144 148 150 151 153 169 170 171 172 176
2 3 4 5 6 16 17 19 23 25 26 28 30 35 36 37 40 42 44 45 46 47 49 52 53 54 55 56 57 60 61 62 63 64 66 67 69 70 71 72 73 76 77 78 80 84 85 87 89 91 93 96 97 98 100 101 104 106 111 112 113 114 116 117 118 120 121 123 127 129 130 133 134 138 140 141 142 143 145 148 149 150 151 152 154 155 156 157 158 161 162 163 164 165 166 167 170 172 173 174 175 176
5 28 41 59 91 94 118 122 134 148 170
1 2 4 5 6 10 12 14 15 16 19 22 24 26 27 29 30 32 33 39 40 42 46 47 49 50 51 52 53 54 55 56 57 58 59 60 62 63 64 65 66 67 68 69 70 71 72 73 74 77 78 79 81 82 83 84 85 87 89 91 93 96 97 98 99 101 102 103 104 105 106 107 108 111 112 113 114 115 116 117 118 119 121 123 124 125 126 128 129 130 131 133 134 135 136 137 138 139 140 141 143 144 145 146 147 149 150 151 153 157 160 161 162 163 165 166 168 170 171 172 174
4 7 12 27 32 41 44 50 51 66 68 71 79 80 82 83 85 91 99 102 108 115 122 125 126 135 136 137 146 149 151 157 169 172
22 23 25 31 35 36 38 45 46 47 53 58 61 62 63 64 69 81 94 100 103 104 116 121 123 127 133 138 140 143 145 152 154 155 156 161 165 167 172 173
8 15 25 44 73 75 111 113 124 134 152 166 171 176
2 3 6 7 9 11 12 17 19 20 21 23 24 27 28 29 30 31 32 33 35 36 37 38 39 41 42 43 44 46 47 49 50 51 52 53 54 55 60 61 64 65 67 70 71 79 81 83 84 86 88 89 93 95 98 99 100 101 102 103 105 106 107 109 111 113 114 116 120 122 123 128 129 131 135 136 138 140 141 142 143 144 146 150 151 153 157 158 164 165 168 169 171 172 174 175
2 8 29 30 33 47 51 56 63 75 80 84 87 108 119 120 121 132 134 135 137 142 143 158 160 170 175 176 177
9 24 25 30 37 41 42 43 48 53 54 58 60 74 78 86 89 90 92 95 101 109 112 131 134 139 141 147 160 162 164 165
9 24 25 30 37 41 42 43 48 53 54 58 60 74 78 86 89 90 92 95 101 109 112 131 134 139 141 147 160 162 164 165
1 2 4 6 12 17 19 24 29 30 31 38 39 40 44 47 49 51 53 54 58 62 63 65 66 67 70 71 73 79 80 81 82 83 84 85 86 87 89 91 93 94 97 99 100 101 103 104 106 107 108 111 112 113 120 123 128 129 133 136 137 144 145 147 149 150 151 153 162 165 176 177
1 2 4 6 12 17 19 24 27 29 30 31 33 37 38 39 40 41 42 43 44 47 49 51 53 54 58 62 63 65 66 67 68 70 71 73 79 80 81 82 83 84 85 86 87 88 89 90 91 92 93 94 95 97 98 99 100 101 102 103 104 106 107 108 111 112 113 117 120 123 126 128 129 131 133 135 136 137 144 145 147 149 150 151 153 160 162 165 169 171 176 177
8 11 14 18 20 21 28 48 55 74 78 95 109 115 122 125 132 139 141 176
8 11 14 15 18 20 21 26 28 44 48 55 73 74 76 78 95 109 111 113 115 122 125 127 132 133 135 139 141 149 158 159 166 171 173 176
16 22 23 25 28 31 34 36 38 45 46 47 52 53 61 63 64 69 75 81 93 100 104 111 116 118 121 123 129 133 138 140 145 152 155 158 159 165 167 172 173 175
