3 22 23 28 31 36 38 44 45 47 53 58 60 61 63 64 69 75 81 84 87 89 97 100 104 116 118 121 127 129 138 140 145 152 155 157 158 161 163 165 167 172 173 175
3 4 5 7 8 9 10 11 13 14 16 17 18 19 20 21 22 23 24 25 28 30 34 35 36 37 38 40 41 42 43 45 46 48 49 52 53 54 55 57 58 59 60 61 62 63 64 65 67 69 70 71 72 73 74 76 77 78 81 85 87 88 89 90 92 94 95 96 97 98 100 101 102 103 104 105 106 107 109 111 112 113 114 116 117 118 119 121 123 124 125 126 127 128 129 130 131 133 138 139 140 141 142 143 145 146 147 148 149 150 152 154 155 156 157 158 159 160 161 162 163 164 165 166 167 168 170 172 173 174 175 176
1 2 6 24 34 36 38 51 56 57 60 63 72 75 81 100 102 127 132 135 137 142 149 152 161 165 167 171 173 176
2 5 14 16 17 24 29 36 38 45 52 58 63 64 65 67 68 75 81 84 85 88 93 94 100 104 114 120 121 123 127 129 130 131 132 133 134 145 155 162 165 167 168 172 173 176 177
3 7 8 14 20 22 34 35 40 41 49 55 57 59 66 70 72 74 81 82 91 94 95 98 107 111 112 122 125 137 138 142 153 156 157 162 163 175
3 5 7 8 9 13 14 16 22 23 25 41 45 52 55 57 69 70 72 75 77 81 85 94 104 111 116 118 132 133 142 143 145 148 154 155 156 158 161 167 170 173 175 176 177
7 9 11 19 24 28 30 33 34 41 43 45 48 52 55 57 58 65 68 69 70 74 78 81 90 95 100 101 102 105 109 112 117 119 125 129 130 131 139 143 145 155 160 161 162 164 165 167 175
1 6 10 12 20 21 24 27 29 30 32 33 38 39 40 42 43 44 51 53 54 55 56 57 59 62 63 65 66 67 68 70 71 73 79 80 82 83 84 86 87 88 89 90 91 95 98 99 101 103 105 107 108 113 114 119 123 131 135 139 143 144 150 151 152 153 158 160 162 163 165 169 171 176 177
7 9 12 28 31 33 36 41 43 48 51 52 63 64 68 73 74 77 80 90 95 104 112 117 121 122 126 131 134 135 139 141 147 148 149 150 162 163 164 169 171 172
7 9 10 13 14 18 20 21 26 30 31 34 37 39 41 42 48 50 65 70 71 74 78 87 92 95 98 109 112 117 118 121 131 133 139 141 143 146 147 150 152 154 164 170 174
2 22 29 38 45 57 58 60 64 100 104 119 140 159 165 167 172 173 175
2 5 7 11 12 14 17 21 25 28 31 36 37 38 41 45 48 49 54 58 60 64 67 69 72 74 76 77 90 95 106 109 112 116 117 129 131 139 158 161 164 165 167 173 174 177
6 7 9 11 13 14 22 23 25 28 29 31 34 36 41 45 58 64 68 71 74 75 78 91 99 104 105 107 109 122 124 125 130 134 137 143 146 150 151 153 161 164 166 176 177
1 2 4 6 10 12 20 23 27 30 32 35 37 38 39 40 42 49 50 51 54 56 62 64 65 68 71 76 79 80 82 83 86 88 89 90 92 93 99 100 103 105 108 110 117 118 120 126 128 131 135 136 137 141 144 146 147 150 151 153 157 169
1 4 5 12 20 23 27 32 35 38 39 40 44 47 49 50 52 54 55 57 60 63 64 66 69 70 71 73 76 77 79 82 83 86 88 89 91 93 98 99 100 103 106 110 111 113 114 116 117 119 120 122 123 127 128 136 138 140 142 146 147 149 150 151 152 153 157 158 161 162 163 165 168 169 173 175 176
3 8 12 22 35 44 45 47 51 55 57 60 64 67 70 71 75 76 77 79 85 87 89 97 99 106 116 118 121 123 140 143 148 150 156 159 161 164 165 172
3 22 29 31 81 104 130 134 155 156 161 165 167 173
1 6 10 15 18 26 27 39 40 41 50 51 59 66 71 78 79 80 82 83 84 86 91 99 101 108 110 111 115 118 124 125 136 137 144 151 153 158 169 170 177
2 3 5 8 22 29 38 60 111 145 164 170 174
1 5 13 18 72 82 99 124 135 146 151 173
5 8 9 10 13 14 18 21 22 28 31 32 35 39 41 59 66 69 70 73 75 77 78 80 90 92 105 107 115 116 118 122 124 125 132 135 137 151 154 170 171 173 176
5 8 23 26 28 33 38 54 56 57 60 61 64 72 75 76 77 85 91 93 96 100 108 115 116 118 119 120 130 137 138 142 143 148 158 159 161 163 167 168 170 171 173 175 177
1 39 47 51 67 75 87 93 100 157 171
3 4 6 10 15 22 23 24 25 26 29 30 38 39 40 42 44 48 49 51 53 55 62 63 71 76 79 99 101 102 107 108 110 112 113 114 117 121 123 125 126 127 133 136 140 145 150 152 153 154 156 157 160 161 162 169 172 177
3 22 58 61 81 94 104 121 124 130 134 154 165
2 3 7 10 11 12 13 18 21 27 31 32 33 37 41 50 54 56 59 61 68 69 75 78 80 82 84 85 91 92 101 105 109 110 115 120 122 125 126 129 132 135 139 143 169 170 174 177
2 6 13 16 27 32 38 40 49 50 53 54 65 66 76 86 87 88 89 96 97 98 103 106 108 110 113 114 121 126 127 128 129 131 134 138 144 147 149 150 152 157 169 175 177
1 4 6 24 30 34 37 39 40 42 49 51 54 55 56 79 82 86 96 99 101 102 107 108 116 126 128 135 137 144 150 151 153 160 169
3 4 12 16 17 23 24 38 44 45 49 53 57 60 61 63 64 65 67 70 93 94 100 108 111 118 120 127 128 140 142 144 148 150 155 159 164 165 166 167 177
3 7 8 9 18 22 28 29 31 43 47 53 57 60 61 78 81 84 91 93 102 104 105 111 112 119 121 124 125 132 133 134 135 144 145 148 152 154 164 165 166 167 172 174 175
2 17 23 24 28 29 31 34 36 38 44 52 58 63 64 67 69 73 76 95 98 111 112 113 114 116 119 130 132 138 140 142 145 148 149 152 156 157 158 159 162 163 164 165 166 167 175 176
1 6 12 15 17 23 24 26 29 31 33 36 38 40 43 47 51 54 56 57 62 63 66 75 82 84 86 87 88 91 93 98 99 108 114 115 119 121 131 137 140 142 157 158 163 169 175
4 6 12 30 42 55 83 101 107 136 144 147 150 151 153
7 8 9 13 18 19 21 27 32 33 37 41 42 43 48 54 70 73 74 78 84 88 93 102 105 109 112 113 115 116 120 125 128 129 131 132 135 139 141 149 166 169 171 174
1 4 33 51 75 77 82 94 99 107 108 116 118 126 138 148 153 158 160 163 165
1 7 19 30 48 52 55 61 65 66 70 74 78 102 112 113 117 119 125 131 139 148 174
3 5 17 24 28 29 31 35 36 38 45 52 57 61 62 67 72 81 84 87 91 93 94 104 106 119 120 124 130 133 134 140 145 148 152 154 155 156 164 165 166 167 168 172 173 174 177
1 2 7 8 10 15 19 27 33 38 39 41 42 44 46 47 49 50 54 55 57 59 61 66 70 75 76 79 80 84 86 87 88 94 96 102 103 104 106 111 112 113 114 116 120 121 123 126 132 138 142 149 151 153 156 157 158 161 163 169 171 172 173 175 176
3 5 7 8 9 13 14 16 18 19 21 22 25 36 41 48 52 58 59 63 69 70 72 74 75 78 85 92 102 105 109 122 124 130 132 135 139 143 154 161 167 168 172 173 174
9 16 22 23 24 25 28 29 31 34 36 38 43 44 45 46 47 48 53 57 58 61 63 64 69 74 78 81 93 112 118 129 130 138 140 143 148 154 155 159 163 165 166 167 173 175 177
2 9 10 11 13 19 20 26 28 33 34 37 39 43 45 46 48 57 64 73 74 75 85 92 95 97 98 100 105 109 110 115 121 126 129 134 139 143 160 162 163 171 174 175 176
1 3 4 5 6 8 10 12 15 19 25 26 27 28 30 34 35 39 40 42 46 48 49 50 51 52 54 61 62 65 66 71 72 73 75 76 79 81 82 83 84 85 86 87 89 91 92 93 96 98 99 103 104 107 108 111 113 115 116 118 120 121 123 124 127 128 132 133 136 137 138 139 142 143 144 146 147 148 149 150 151 153 156 158 163 164 169 171 172 173 175
1 4 6 7 10 12 13 14 18 21 26 27 28 32 48 50 51 59 71 74 79 80 83 91 96 99 105 107 115 122 125 135 136 137 139 146 150 151 153 169 170 171 176
13 27 33 40 46 73 74 82 86 91 116 135 159
3 5 8 9 11 14 20 22 25 31 36 38 41 43 44 45 52 55 58 61 64 69 70 72 75 78 81 87 109 124 125 129 133 139 145 148 152 154 155 160 161 164 168 172 173 176 177
1 4 5 12 16 17 19 23 27 30 34 36 39 40 43 46 49 51 52 53 60 65 67 71 79 80 82 83 85 86 88 93 96 97 98 99 100 103 106 107 108 117 126 128 129 131 136 137 143 144 150 151 153 160 164 172
2 7 8 9 11 13 14 16 18 21 25 28 35 42 43 48 56 64 66 72 74 76 80 81 90 91 92 95 104 109 118 132 133 145 146 154 156 159 161 168 170 171 174 175
3 7 9 17 19 22 24 25 30 31 37 43 45 48 53 64 67 69 70 74 77 78 80 81 91 93 94 95 102 104 105 109 112 116 121 123 125 130 131 139 147 149 152 162 165 167 168 174
14 40 48 55 57 66 70 85 109 111 117 120 172
3 8 16 25 35 37 52 57 63 69 104 116 119 123 161 162 164 174 175 176
