1 2 4 5 7 10 12 14 15 17 19 20 21 22 23 24 27 29 30 32 33 34 35 36 37 38 39 40 41 42 44 46 47 49 50 52 53 54 55 56 57 58 60 61 62 63 65 66 67 70 71 72 74 76 77 79 81 82 83 84 86 88 89 90 91 92 93 94 95 96 97 98 99 100 102 103 104 106 107 108 110 111 112 113 114 117 118 119 120 121 127 128 129 131 132 133 134 136 138 139 140 141 142 144 145 146 147 148 149 150 151 152 153 154 155 156 157 158 159 160 161 162 163 164 165 166 167 168 169 173 174 175 176
2 4 15 19 21 25 26 27 28 34 36 43 49 51 53 57 63 67 68 69 73 76 81 84 88 91 95 98 104 111 113 114 115 124 126 127 129 130 132 137 139 144 148 149 152 154 159 168 177
1 4 6 12 27 32 39 44 50 51 55 66 68 71 79 80 82 83 84 96 99 101 107 108 110 115 126 132 135 136 137 144 150 151 153 169 170 171
3 5 7 8 9 10 11 14 16 18 19 21 32 59 75 78 80 81 94 101 104 107 115 121 122 124 125 130 132 135 154 168 170 171 172 176
7 13 21 34 41 57 60 61 70 77 92 95 109 112 124 125 132 142 161 163 164 167 174
12 19 28 33 43 44 48 55 63 64 69 70 73 74 78 80 84 92 95 101 102 105 125 135 137 139 160 171
12 19 28 33 34 43 44 48 55 63 64 68 69 70 73 74 78 80 84 90 92 95 101 102 105 116 125 135 137 139 160 167 171
13 14 18 19 20 21 27 32 43 44 46 50 64 66 68 71 73 76 79 82 83 88 90 91 92 95 107 109 110 111 113 114 124 131 132 135 136 139 141 146 150 158 160 163 170 171 172
5 10 11 13 14 16 17 20 21 22 24 25 26 28 29 31 32 37 41 42 43 46 48 49 50 52 54 56 59 60 61 62 65 69 72 74 76 77 78 79 81 89 94 96 97 100 101 103 105 106 108 109 110 111 113 114 116 117 118 122 123 124 127 130 133 138 139 141 142 143 145 146 147 148 150 152 154 156 157 158 159 160 165 166 167 168 169 170 173 174 176
1 3 4 6 7 10 11 12 14 15 16 17 19 24 26 27 29 31 33 34 36 38 40 43 44 46 47 49 51 52 53 54 58 62 63 64 65 66 68 72 76 77 79 80 82 86 87 90 91 92 93 96 98 99 100 103 105 108 111 114 115 117 118 119 120 122 123 124 126 127 128 132 135 136 137 138 139 143 144 145 146 149 150 151 152 153 156 158 163 165 168 169 170 172 177
5 8 14 23 25 28 31 34 35 36 38 45 46 57 58 60 64 69 72 75 76 77 97 100 116 118 129 134 138 140 142 143 148 156 161 163 165 166 167 173 175
2 5 14 17 25 29 35 36 45 46 57 69 76 77 85 94 116 119 124 127 132 134 140 142 154 155 158 159 161 166 167 168 175 176 177
14 30 43 65 67 68 70 89 90 92 129 131 164 173
3 5 8 9 13 14 16 18 19 22 25 28 31 36 38 44 45 58 59 68 69 72 77 78 90 92 94 111 116 118 124 125 129 130 134 140 145 149 154 155 159 167 168 173 177
9 16 22 31 52 68 72 87 116 118 124 132 135 145 154 166 172
1 4 6 12 40 49 51 54 55 68 83 86 91 96 99 107 108 115 126 135 137 141 143 144 146 151 153 160 169
1 4 6 12 18 27 34 40 49 51 54 55 68 80 82 83 86 88 90 91 96 99 107 108 115 125 126 135 137 141 143 144 146 151 153 160 169 170 171
1 2 4 6 10 12 20 23 24 26 27 28 30 32 33 35 37 39 40 42 46 49 50 51 54 55 56 60 63 64 65 66 67 68 70 71 73 74 75 79 80 82 83 84 86 87 88 89 91 93 96 97 99 101 102 105 106 107 108 109 110 112 113 114 115 117 118 120 121 126 128 130 131 136 137 138 140 141 144 146 147 149 150 151 153 157 160 162 163 168 169 171 173 174 175
14 22 23 25 28 36 59 63 69 93 116 118 120 132 161 164 167 170 175
2 4 7 10 12 14 15 19 20 23 24 25 26 27 29 30 31 32 33 34 37 38 39 42 44 46 47 48 49 50 51 52 53 54 55 56 57 60 61 63 64 65 66 67 68 70 71 73 74 76 79 81 82 84 86 87 88 89 90 93 95 96 97 98 100 101 102 103 106 108 110 111 112 113 115 117 119 120 123 125 126 127 128 129 131 133 134 135 138 141 142 144 147 149 150 151 152 155 156 157 158 160 162 163 165 167 168 169 171 172 174 175
1 4 6 10 12 15 17 23 24 26 27 29 30 32 34 38 39 40 42 43 44 46 47 49 50 51 53 54 56 60 61 64 65 67 68 69 71 73 76 79 80 82 83 84 86 89 92 93 95 96 97 98 99 101 103 105 106 107 108 110 113 114 117 119 120 123 126 128 129 131 136 137 138 140 142 144 146 149 150 151 153 157 158 160 162 163 169 171 173 174 175
1 2 4 6 10 12 15 17 19 21 23 24 26 27 29 30 32 34 38 39 40 42 43 44 45 46 47 49 50 51 53 54 55 56 57 60 61 63 64 65 66 67 68 69 71 73 76 79 80 82 83 84 86 88 89 92 93 95 96 97 98 99 101 102 103 105 106 107 108 110 111 113 114 115 117 119 120 122 123 126 128 129 131 136 137 138 140 142 144 146 149 150 151 153 157 158 160 162 163 169 171 173 174 175
1 21 32 63 78 80 101 116 134 135 171
1 18 21 22 25 29 31 32 44 60 63 78 80 87 92 101 116 127 134 135 145 161 164 166 171
1 5 15 17 20 23 26 27 34 35 40 42 46 47 49 53 54 60 63 67 71 73 76 79 84 86 88 93 97 101 103 106 113 114 118 119 121 123 136 138 140 143 144 149 150 153 156 157 158 159 160 163 164 168
1 5 15 16 17 20 23 24 26 27 28 29 30 33 34 35 36 37 40 42 44 46 47 49 52 53 54 57 58 60 62 63 64 65 67 70 71 73 76 77 79 81 84 86 87 88 89 90 92 93 95 97 98 100 101 103 104 106 112 113 114 116 118 119 121 123 128 129 130 131 133 134 136 138 140 143 144 149 150 152 153 154 155 156 157 158 159 160 162 163 164 165 166 168 174 175
2 17 24 25 35 46 49 53 57 61 65 69 86 87 97 100 116 119 127 129 131 134 140 142 144 145 159 161 162 163 165 166 167
2 23 28 53 58 77 81 119 155 167
1 3 6 8 10 13 18 19 21 22 31 41 59 72 75 78 85 87 91 94 104 105 107 110 115 117 122 124 136 137 139 154 170 171 172 176
1 3 4 5 6 7 9 10 11 12 13 15 16 18 19 20 21 26 27 30 32 33 37 39 40 41 42 46 47 48 49 50 51 54 55 56 59 62 65 66 67 68 70 71 72 73 74 75 76 77 78 79 80 82 83 85 86 87 88 89 90 92 94 95 96 97 98 99 101 102 103 104 105 106 107 108 109 110 111 112 117 120 121 122 126 128 130 131 136 137 139 141 143 144 145 146 147 150 151 153 157 160 169 170 171 172 174 176 177
1 6 10 20 24 26 30 33 40 50 54 56 59 65 86 90 96 98 101 108 110 111 112 131 137 142 144 158 160 162 163 174
3 9 28 29 34 42 54 64 68 77 78 80 83 90 97 101 105 114 116 120 124 128 135 138 140 142 143 145 150 152 158 159 163 175 176
1 3 4 5 6 7 9 10 11 12 15 16 18 19 20 21 22 24 26 27 28 30 32 33 37 38 39 40 41 42 43 46 47 48 49 50 51 52 54 55 56 57 58 60 61 62 64 65 66 67 68 70 71 74 77 78 79 80 81 82 83 84 86 88 89 90 91 92 93 94 95 96 97 98 99 100 101 102 103 104 105 106 107 108 109 110 112 117 120 122 123 126 127 128 129 130 131 133 135 136 137 138 139 141 142 143 144 145 146 147 150 151 153 154 155 156 157 160 161 162 164 167 168 169 171 174 175
5 17 22 28 29 31 36 58 67 75 81 116 130 175
1 3 4 5 6 10 12 13 15 16 18 19 23 24 26 27 30 32 33 35 37 39 40 44 46 49 50 51 55 56 57 60 61 62 64 65 66 67 68 71 72 73 75 76 77 78 79 82 83 84 85 86 87 88 89 91 92 93 97 98 99 100 101 106 107 108 109 110 111 113 114 115 120 126 128 130 131 133 135 136 137 139 141 142 144 146 147 149 151 153 156 157 158 166 168 169 170 171 176 177
7 9 21 28 41 74 90 95 105 109 116 143
1 2 4 5 6 7 8 15 16 17 19 22 25 26 27 29 31 32 35 36 38 39 40 43 45 47 48 49 50 51 52 53 55 56 59 60 61 62 63 64 67 71 75 77 78 79 81 82 83 84 85 86 90 92 93 96 97 99 100 101 104 105 106 107 108 116 118 119 120 121 122 123 124 126 127 129 132 133 134 137 138 140 143 144 147 148 149 151 152 153 155 156 157 160 161 163 165 166 167 173 175
3 4 7 8 13 14 15 19 23 25 26 27 28 31 32 34 35 36 37 39 41 42 44 45 46 47 48 49 52 53 54 55 56 57 58 60 61 63 65 68 69 70 71 74 76 78 81 82 83 84 85 88 89 90 92 93 94 97 98 99 100 101 102 103 104 105 106 107 108 109 111 112 113 114 116 117 119 121 124 125 127 128 132 133 134 138 139 141 143 144 145 146 148 150 151 152 153 154 155 156 157 158 161 163 165 167 170 172 173 175 176
5 7 8 9 11 13 14 21 22 25 35 36 41 45 48 52 58 61 69 70 72 74 75 78 85 94 104 109 122 124 127 133 145 152 154 155 161 164 167 172 173 176 177
8 25 36 45 72 94 130 134 175 177
8 22 25 36 45 72 76 93 94 106 129 130 134 155 164 175 177
8 18 22 23 25 36 45 51 56 68 72 75 76 93 94 106 118 124 125 129 130 134 137 140 155 164 170 175 177
1 4 6 9 10 11 15 20 26 27 38 39 44 46 48 50 51 63 64 67 71 73 76 79 82 83 84 88 90 93 96 98 99 103 105 107 113 114 120 123 125 126 138 139 141 143 146 147 148 149 150 151 153 156 157 160
1 4 6 9 10 11 15 20 26 27 30 31 37 38 39 42 44 45 46 48 50 51 54 61 63 64 65 67 71 73 76 79 82 83 84 88 89 90 91 92 93 96 98 99 103 104 105 107 113 114 119 120 123 125 126 128 133 138 139 141 143 146 147 148 149 150 151 153 154 156 157 160 168 169 171
1 3 4 6 9 10 11 13 15 18 19 20 26 27 30 31 34 35 37 38 39 42 44 45 46 48 50 51 52 54 59 60 61 63 64 65 67 71 72 73 75 76 77 79 82 83 84 85 88 89 90 91 92 93 94 96 98 99 103 104 105 106 107 113 114 116 119 120 123 124 125 126 128 133 138 139 141 142 143 146 147 148 149 150 151 153 154 156 157 158 159 160 168 169 171 176 177
7 14 18 19 21 34 35 46 55 63 66 72 88 90 92 94 98 105 109 116 118 134 135 137 138 150 159 163 173
5 14 16 25 29 45 58 72 81 140 164 166
5 8 9 14 16 20 22 25 29 31 45 48 52 58 72 77 78 81 90 95 102 109 130 135 139 140 143 145 147 154 156 161 164 166 175
2 4 5 8 15 16 22 23 28 29 31 35 52 64 77 96 99 107 119 130 140 151 153 156 161 165 166 168 172 173 175
2 3 16 17 22 23 25 28 38 53 57 58 64 67 77 81 100 129 130 133 134 145 148 161 162 164 167 168 175
