1 2 4 5 6 8 10 11 12 13 15 16 18 19 20 21 22 24 26 27 28 30 32 33 34 35 36 37 39 40 41 42 43 44 46 47 49 50 51 52 54 55 56 58 59 60 62 63 64 65 66 68 71 72 73 75 76 77 78 79 80 82 83 84 85 86 87 88 89 91 92 93 96 97 98 99 101 103 105 106 107 108 109 110 111 113 114 115 117 119 120 122 123 124 125 126 127 128 129 131 135 136 137 138 140 141 142 143 144 146 147 150 151 153 156 157 158 159 160 162 163 164 167 168 169 170 171 172 175 176 177
1 4 5 6 7 9 10 11 12 13 14 16 18 19 20 21 26 27 30 32 34 35 37 38 39 40 42 48 49 50 51 54 55 56 57 59 60 64 65 66 68 71 72 74 77 78 79 80 82 83 85 86 87 88 89 90 91 92 95 96 98 99 101 103 106 107 108 109 110 112 114 115 117 118 119 120 122 125 126 128 131 132 135 136 137 138 139 141 142 143 144 146 147 148 150 151 153 158 160 161 168 169 170 174 177
1 2 6 8 10 12 17 20 23 24 25 26 27 28 31 32 33 34 35 36 37 39 40 42 44 47 49 50 51 52 53 54 55 57 61 62 63 64 65 66 68 71 73 75 77 78 79 80 82 83 84 86 88 93 96 97 98 99 105 106 107 108 110 111 113 114 116 117 120 123 126 128 129 130 131 132 133 134 135 136 137 138 143 144 145 146 147 148 150 151 153 157 158 160 162 163 166 167 168 169 175 176
23 25 35 43 46 51 66 69 75 76 91 115 116 118 131 137 138 142 156 157 158 163 166
3 5 8 11 14 22 45 72 85 94 118 124 127 130 155 156 164 168 170 175 177
2 7 11 13 14 15 17 18 19 20 21 23 25 26 28 32 34 36 37 39 41 42 43 46 47 50 53 59 60 61 62 64 65 66 67 68 69 73 74 75 76 85 87 89 90 92 93 95 97 98 102 103 105 106 109 111 113 114 115 116 117 119 120 121 122 123 124 125 131 132 133 138 139 140 141 142 146 147 149 156 157 158 159 160 161 162 163 167 170 171 172
3 5 8 9 16 17 36 44 45 61 67 75 81 85 94 104 114 124 129 130 133 143 154 155 164 177
1 2 4 6 12 15 16 17 19 20 22 23 26 27 28 29 30 33 34 36 37 38 39 42 43 44 46 47 49 50 51 52 53 54 56 57 61 63 64 65 66 67 68 71 73 79 80 82 83 84 86 87 88 91 93 95 97 98 99 100 101 107 108 114 115 116 117 119 120 121 123 126 128 130 131 133 135 136 137 139 140 142 144 147 151 152 153 157 159 160 162 163 164 166 167 168 169 171 172 175
1 11 16 22 25 28 39 40 45 54 58 59 62 69 76 77 88 93 101 102 109 118 122 126 128 143 147 154 167 169
7 10 20 27 32 34 37 41 42 45 48 70 75 77 105 109 116 118 122 129 130 135 141 147 156 173 174
3 17 23 24 25 31 36 45 47 49 53 58 61 62 63 65 67 81 95 97 100 104 112 114 123 124 129 130 133 134 142 145 152 155 161 162 165 167 175
2 23 24 36 47 64 129 148 155 165 167
2 17 23 24 28 30 36 37 42 47 61 64 65 76 95 129 131 133 134 140 143 145 148 155 159 162 165 166 167 168 172 175
1 4 5 6 7 8 10 12 16 17 22 25 26 27 28 30 33 35 36 37 38 39 40 44 46 49 50 51 52 53 54 55 57 59 60 62 64 72 73 75 76 77 79 82 84 85 86 88 89 91 92 93 95 96 97 98 100 103 106 107 111 113 114 115 116 117 118 119 120 122 124 126 127 128 131 132 135 137 138 141 142 143 144 150 151 153 155 156 157 158 160 161 162 163 167 168 169 171 173 174 175 177
3 19 29 31 57 58 61 67 70 78 81 104 112 129 130 133 139 143 145 154 165 167 172 173 176
3 8 16 22 25 29 34 35 45 52 57 69 70 76 77 81 92 94 100 111 116 129 130 134 137 140 145 148 155 156 160 161 164 165 166 167 173 175 176 177
2 7 10 13 15 16 17 18 19 20 21 24 26 27 30 32 33 37 38 39 40 41 42 44 47 48 49 50 51 52 53 55 56 57 59 63 65 66 67 71 76 77 79 80 81 83 84 86 87 88 91 92 93 96 97 98 100 101 102 103 104 105 106 108 110 112 113 114 115 116 117 119 120 122 125 126 127 128 130 131 133 135 136 137 138 139 140 141 142 146 147 148 150 152 155 158 160 162 164 169 170 174 176 177
4 6 10 18 22 51 54 55 71 79 83 91 126 136 144 146 150 153 169
4 6 10 18 22 51 54 55 71 79 83 91 111 126 136 144 146 150 153 169
5 8 16 29 31 35 52 55 58 59 60 61 62 63 70 84 85 87 89 97 102 104 111 113 114 118 123 129 132 133 134 140 145 154 157 161 165 166 167 172 175 176
6 12 27 32 39 40 51 56 59 68 79 82 83 108 110 115 126 135 137 144 151 153 169 170
9 13 20 21 24 28 30 33 37 42 43 48 50 54 56 68 69 73 74 86 89 90 92 95 99 101 109 110 112 115 117 131 139 141 146 147 160 162 169
5 11 12 15 16 21 25 26 30 38 46 48 60 64 73 98 106 117 125 129 140 143 145 175
5 7 9 11 13 14 16 21 22 23 28 31 34 48 58 64 69 74 92 102 105 109 116 118 122 124 127 133 135 139 145 154 156 160 161 163 164 166 173
11 28 43 48 55 57 69 78 131 135 174
2 4 16 17 22 25 34 35 38 39 46 49 52 57 58 60 61 62 64 65 67 70 71 79 81 84 93 95 97 99 100 103 106 107 120 123 127 128 129 134 136 148 150 151 156 157 160 167 168 175
2 4 15 16 17 20 22 23 24 25 27 29 30 31 34 35 36 38 39 43 44 46 49 52 53 56 57 58 60 61 62 63 64 65 67 70 71 79 81 82 83 84 87 88 90 93 95 97 98 99 100 103 106 107 108 110 111 113 114 116 118 120 121 123 127 128 129 130 131 134 135 136 137 138 140 142 143 144 148 149 150 151 152 155 156 157 158 159 160 162 163 164 165 166 167 168 172 173 175
5 8 16 18 22 35 41 46 64 72 94 116 124 143 161 164 167 170 175
1 2 3 4 15 16 17 22 23 24 25 28 29 30 31 33 35 36 38 40 44 45 46 47 50 51 52 53 54 57 58 60 61 62 63 67 72 73 76 81 82 83 84 85 86 87 89 93 94 97 99 100 101 103 104 106 108 111 113 114 119 120 121 123 124 126 127 128 129 130 133 134 140 144 145 148 149 150 152 153 154 155 156 157 158 159 160 161 163 164 165 166 167 168 172 175 177
1 2 3 4 6 12 15 16 17 22 23 24 25 27 28 29 30 31 33 35 36 38 39 40 44 45 46 47 50 51 52 53 54 55 57 58 60 61 62 63 67 71 72 73 76 79 80 81 82 83 84 85 86 87 89 93 94 96 97 99 100 101 103 104 106 107 108 111 113 114 119 120 121 123 124 126 127 128 129 130 133 134 136 140 144 145 148 149 150 151 152 153 154 155 156 157 158 159 160 161 163 164 165 166 167 168 169 172 175 177
1 3 4 5 6 7 8 9 10 11 12 13 14 15 17 18 19 20 21 25 26 27 28 32 39 40 43 46 47 48 50 51 54 55 56 59 64 65 66 69 71 72 74 75 78 79 80 82 83 84 85 86 88 89 91 92 93 94 96 98 99 101 102 104 107 108 109 110 113 115 122 123 124 125 126 128 131 132 133 135 136 137 139 144 145 146 147 149 150 151 152 153 158 169 170 171 173 177
3 22 34 35 36 41 45 52 56 69 70 72 77 85 87 97 116 130 132 142 155 156 158 161 167 170 176 177
10 14 19 26 29 32 36 41 45 48 59 61 66 78 80 81 117 122 124 125 127 154 170 174 177
4 9 20 25 27 32 33 34 41 48 65 66 68 70 102 103 105 114 116 125 132 135 141 142 148 159 160 164 168
5 7 13 14 19 22 41 45 52 55 57 58 59 62 64 67 70 72 74 85 87 94 100 111 122 124 130 132 134 167 168 170 174 176
13 14 16 19 22 23 28 32 36 41 45 56 61 75 80 81 84 88 94 100 104 107 121 124 132 133 145 155 161 170 172 173
3 5 8 9 14 29 36 41 44 45 70 72 75 77 81 85 94 100 104 124 130 133 134 145 152 154 155 156 164 165 170 173 175 176 177
4 12 24 40 55 71 82 96 99 128 136 137 140 144 150 153
7 18 19 28 33 41 43 61 74 77 98 102 105 112 116 135 172
5 8 13 14 15 18 23 25 29 31 41 44 59 68 69 72 73 77 78 88 105 109 111 116 118 122 124 132 135 137 143 145 146 149 154 158 160 164 173 176
21 22 29 30 31 36 43 44 47 48 58 62 63 73 74 78 80 90 95 109 112 117 121 125 131 133 139 143 145 147 162 164 165 171 174
8 14 19 28 77 85 116 118 143 145 164
8 14 19 22 28 47 48 60 63 69 72 75 77 85 89 95 116 118 123 124 138 142 143 145 161 164 173
9 11 12 19 21 26 28 37 46 48 56 59 68 73 89 90 91 95 98 105 115 125 132 138 139 141 145 149 155 157 171 176
5 19 22 35 41 70 112 116 133 139 155 173 174
1 6 12 18 27 32 33 40 79 80 82 83 86 96 105 115 126 137 153 169 171
1 2 4 5 6 10 12 13 15 17 18 19 20 24 25 27 30 32 33 35 39 40 41 42 44 49 50 51 52 61 62 65 66 67 70 71 75 76 79 80 82 83 84 86 87 88 89 91 92 93 94 96 97 99 100 101 102 103 105 107 108 110 113 114 115 117 118 119 120 121 122 124 125 126 127 128 131 132 133 134 135 136 137 141 144 145 146 147 150 151 153 156 157 164 167 168 169 170 171 172 174 176
15 16 22 23 24 29 35 38 47 53 57 61 65 77 81 85 86 104 106 118 120 129 138 142 143 152 156 157 161 162 164 165 166 167 175 177
8 31 53 111 113 123 138 149 154 156 158 163 166 173 176
11 26 28 33 42 57 59 64 66 70 77 92 95 102 112 115 117 128 138 141 159 161 163 169
