656 3554 8337 8472 11569 13611 13616 14634 15654 15661 16006 17438
517 613 1106 1444 1668 2596 2721 3012 3301 4022 4717 5094 5109 5657 5713 6116 6235 6662 7637 8491 8925 9650 9671 9943 10318 11949 12031 12951 14180 14977 16097 16171 16401 16884 16969 17129 17164
117 1675 5925 9570 9906 12082 13286 14379 14891 16528 16539
490 719 2418 2875 3043 3799 4175 4216 4218 5006 5259 5487 6406 6457 6587 6855 8217 9238 9726 9808 10125 10127 10256 11703 11963 12434 12460 12667 14753 16460 16670 16703 16993 17020 17657 17862
1181 2241 7474 7886 9059 9977 11710 13939 14579 15382
116 216 842 1179 1202 1399 1408 1413 1571 2034 2234 2510 2944 3812 4036 4684 4720 4724 4814 5151 5369 5410 5516 5572 5591 5991 6212 6269 6366 6791 6888 7201 7450 7990 8381 8590 8645 8669 8801 8805 10057 10149 10263 10294 10480 10539 10621 10665 10694 10721 10966 11190 11821 11845 12036 12659 12674 12715 12886 13097 13173 13465 13573 13665 13695 13750 13752 13830 14133 14524 14536 14747 14771 14786 14840 14924 15319 15720 15987 16107 16142 16486 16851 17341 17361 17404 17593 17602 17639 17650
1181 1232 2241 7474 7729 7886 9059 10984 11710 12020 12686 12842 15313 15382 17648
373 541 2884 5529 6299 6716 8855 8998 10529 13593 13703 16188 16783 17395
2508 2603 4967 5760 5915 7368 8179 10021 10407 11247 14540 16764
2888 3840 4857 6189 7648 8248 12831 14148 14700 14805 16526
515 1260 2043 4731 8197 8444 8891 14061 15233 15834
126 695 1493 2174 2498 2608 3840 4774 5203 5424 5723 5951 6798 6995 7396 8522 9839 11395 13370 13640 13924 14148 14675 14700 16345 16490 16768 17308
832 1792 2021 3029 3429 3462 4881 7903 8214 8652 8965 11153 12735 13888 15042
574 2227 3587 4194 4558 5755 6700 6739 7037 7439 7642 8790 8932 11490 11857 14187 14393 14529 15013 16183
1179 2034 3512 5369 5516 5991 6542 7267 8590 9340 12957 13665 16142 17149 17481 17639
35 2682 3838 4630 4859 7043 8126 8250 8528 11817 12335 12800 14911 16540
2573 3457 4666 6124 6269 8321 12262 16142 16153 17021 17650
77 700 932 1549 1677 2864 2912 4672 4883 13409 14635 15699 17422
42 3279 4841 6721 7156 7240 7836 11554 12628 13522 15457 15982 17767 17822
1576 1623 5759 6377 7290 9068 13227 13263 15778 16050
2207 3172 8505 8681 11176 11356 11632 14028 14423 15233
305 684 864 1156 3846 4494 4741 5525 6661 7360 8211 9108 10272 10889 13560 13741 13980 15672 16352 16381 16430 16434
333 1062 2132 2981 3379 5621 5651 5782 8695 9492 9880 12484 13012 14632 15745 17931
127 1470 2089 2993 4056 7933 9800 11416 12256 13535 14887 14923 17710
42 713 3279 3663 4841 7156 9322 9672 11105 12628 12932 13522 15457 15863 15982
373 5529 6299 7834 8215 8255 10529 13703 14395 15633 16188 17395
914 1578 3644 4226 6308 7510 8139 12508 12565 13661 17485
626 1080 1450 1912 2306 4040 5149 5179 5564 6900 7374 8239 8496 8672 8688 10441 11060 11348 11919 13016 13265 13345 13634 14331 15351 15384 15822 17568 17831
788 1265 1794 6930 11058 13450 15007 15155 17100 17229
842 2234 4720 4797 5369 5810 7267 10057 13236 13573 16142 17149
1961 3207 5569 6601 7903 8806 11040 11469 12735 14727 15042 17076 17219
2274 2638 2835 3282 3976 6263 6709 11413 12873 16803 17230
538 1047 2292 2528 2578 4380 4955 5064 5127 7030 7541 9968 11961 12148 15029 16600
1826 3944 4238 4395 9807 10941 11447 12861 13729 15251 17500
17 1257 3030 4139 4953 5424 5723 7887 11395 13924 14983
4881 5569 6601 8290 8652 8806 8965 11469 12735 15042 16168 17076 17219 17707
975 1201 4022 5657 7132 9943 10890 12413 12901 12951 16171 17285
157 1210 1792 1961 3029 3207 4529 4881 7903 8214 8806 11040 11153 11469 13888 14155 15042 15355 17076 17219 17707
4567 4622 6470 6511 7097 9185 12397 12749 13765 14658 17535
216 842 1202 1408 1413 1571 2034 2234 2944 3812 4720 4814 5151 5369 5572 5591 5991 6269 6366 6888 7450 7990 8381 8669 8801 10149 10263 10294 10694 11821 11845 12659 12886 13465 13665 13830 14524 14747 14771 14840 15319 15720 16851 17341 17361 17593 17602 17650
2344 2766 3493 3733 7565 8127 11523 11708 12184 15194 15616 16715
1179 1413 2034 2234 4724 5151 5369 5516 5991 8590 11845 12036 12674 13173 13665 14771 16142 17593 17639
490 719 4175 4218 5006 6855 10127 10256 12460 16460
1634 3357 3391 3707 4659 5834 7441 8465 9704 10101 13373 15819 17127
2089 2993 4940 12256 12824 13168 14923 17710 17720 17899
408 433 457 2326 3677 3735 5528 5650 6483 6893 8634 9924 10953 12626 12898 13056 15410 16096 17473
10 2063 4684 4798 5054 5799 8638 10202 11735 13465 15994 16842 17149 17193 17361 17404
2563 2598 3082 7015 11090 11350 11877 15173 16055 16742 17117
432 623 5168 5475 6962 9035 10756 11221 14407 17292
515 2043 4731 8197 9748 10298 11356 11605 12501 13093 15233
