28 738 1045 1109 1506 1762 1854 1857 2107 2196 2436 2618 2793 2955 3120 3480 4190 4325 4725 5114 5125 5212 5696 5781 5829 6986 7010 7220 7411 7902 7944 8050 8130 8682 9082 9097 9520 9766 10307 10356 11657 11780 11864 12053 12155 12767 12935 13075 13289 13917 14319 15044 15125 15378 16187 16250 16362 17095 17503
373 541 2884 3097 5529 6299 6716 7834 8215 8255 8855 8998 10529 13593 13698 13703 14395 15633 16188 16783 17233 17395
59 66 2195 3938 7708 7833 10119 10258 11084 12708 12825 13475 14466 14858 15526 17764
711 2144 2344 2766 3493 3733 7565 7730 8127 9744 9831 9860 11523 11637 11708 12184 15194 15616 16381 16715 17428 17576 17670 17695
685 2022 3155 5372 5427 5613 6176 12780 13712 14242 15691
117 1675 5925 9570 9906 12082 13286 14379 14891 16528 16539
1615 4585 5993 6660 6708 8562 10746 12317 13027 13388 15493 15597 15960
2573 3457 4666 6124 6269 8321 12262 16142 16153 17021 17650
914 1578 3644 4226 6308 7510 8139 12508 12565 13661 17485
2508 2603 4967 5760 5915 7368 8179 10021 10407 11247 14540 16764
373 2836 4895 5439 5787 6299 6552 7288 7834 8255 8710 13919 14395 15056 15615 15633 17395
1576 1623 5759 6377 7290 9068 13227 13263 15778 16050
1965 3172 4654 8505 8681 8891 11176 11632 14028 15233 15778
1615 4585 6882 8075 9886 12317 13388 14681 15493 15597 15960
2176 2274 3282 3976 5025 6263 9776 9998 11413 12162
713 3025 3663 4841 6721 7240 9322 9388 9645 11105 12932 13585 15982 17767
224 403 1375 3205 4104 4613 13769 13865 15908 16447
957 1024 3502 5054 5699 6216 8335 11211 13050 14783 17350
1615 4585 5993 6708 12317 13027 13388 15493 15597 15960
269 856 2512 2881 5137 8738 9438 10990 11381 12120 13093 15332 15745 16077 16446 17244
832 1792 2021 3029 3429 3462 4881 7903 8214 8652 8965 11153 12735 13888 15042
3207 4529 4881 7903 8214 13888 14155 15042 17076 17707
698 1736 1862 3269 4209 5177 6634 7690 10037 10272 10354 12924 14440 15047 15555 16706
1383 1615 3538 4585 5993 6708 6882 8075 9886 12317 13027 13388 14259 14681 15493 15597 15960
224 1375 1597 3205 3850 4613 5367 13077 13769 13865 14063
5480 5631 10627 11963 12072 12460 13544 15426 15533 15562 17862
842 2234 4720 4724 5151 5369 6269 8645 10057 10966 11845 12036 12674 13173 13573 13750 13752 14133 15319 16142 17404
1470 4940 5860 9800 12118 12256 12824 13168 14887 14923 17720 17899
1961 3207 5569 6601 7903 8806 11040 11469 12735 14727 15042 17076 17219
515 1975 2043 6937 7149 8197 8444 8681 8891 9596 11176 11356 12501 13093 14061 15233
250 978 3646 5794 6688 7541 7948 10170 12148 12455 16600 16623 16992
1179 1413 2034 2234 4724 5151 5369 5516 5991 8590 11845 12036 12674 13173 13665 14771 16142 17593 17639
490 719 2418 3799 4175 4216 4218 5006 5259 6457 6855 8217 9808 10125 10127 10256 11703 11963 12460 16460 16703 17862
5569 6601 8290 8652 8806 8965 11469 12735 15042 17076 17219
842 1413 2034 2234 4720 5151 5369 5572 5991 6269 6366 11845 13465 13665 14771 15319 16851 17593 17602
932 1042 2857 2893 11204 11690 11920 11952 12960 13555 14366 16963
68 825 2376 3595 7468 7505 10791 10836 10866 13818
101 305 596 1446 2418 2849 3534 4448 4940 5369 5525 5683 5860 5947 7194 10108 10687 13133 13200 13535 13817 13952 17283 17436
2199 2833 3939 4567 4622 6451 8614 9185 9503 13617 13637 14658 15014 15894 16319 16753 17535
28 738 1854 2196 3120 3480 4725 5114 5212 6986 10307 15378
711 2344 2766 7565 8127 9860 11523 15194 15616 16715
157 1210 1792 1961 3029 3207 4529 4881 7903 8214 8806 11040 11153 11469 13888 14155 15042 15355 17076 17219 17707
2563 3082 5283 6208 12714 13935 14748 16055 16095 16742
277 1956 2744 3074 5366 8131 8235 8733 9098 11128 12393 15071 15828 16966
2021 3207 3429 3462 4529 4881 7903 8214 8290 8652 12927 13888 14155 15042 16168 17076 17707
1915 2206 2274 2638 2835 3531 3976 4294 4996 5287 6263 8046 9776 12162 14756 15348 16803
3449 5254 8213 11826 12717 12885 12966 13303 14454 15106 15514
157 1210 1961 3207 5569 6601 7903 8290 8652 8806 8965 11040 11469 12735 12927 14155 14727 15042 15355 17076 17219
626 1450 1912 2306 4040 5149 5564 6900 8239 11060 11348 13016 13265 14331 15351 15384 17568 17831
415 3449 3620 5254 6728 8346 10205 11905 13201 13598 15106 16116 16493
