1 3 4 6 7 8 9 10 11 13 14 15 17 18 19 20 21 22 23 26 27 28 31 32 33 34 39 40 42 43 44 45 46 48 49 50 51 52 53 55 56 57 59 62 63 64 65 67 68 69 70 71 72 73 76 77 79 80 81 82 83 84 85 86 88 90 91 93 94 95 96 97 98 99 100 101 103 104 105 106 107 108 109 110 111 112 113 114 115 116 117 118 120 122 123 127 128 131 132 133 136 138 141 142 143 145 146 147 148 149 150 151 152 153 154 156 157 158 160 161 162 163 164 165 169 170 171 173 174 175 176 177
7 9 10 11 13 14 18 19 20 21 28 41 43 48 54 59 66 68 69 73 74 77 78 80 90 92 95 102 105 109 110 112 115 116 117 122 125 139 141 146 160 161 170 171 173 174
2 3 8 17 22 23 29 31 35 36 47 53 57 60 61 62 63 72 75 77 84 85 87 93 97 104 118 119 120 121 123 129 132 134 138 140 145 148 152 156 157 161 165 175 176 177
2 17 19 23 29 61 69 70 74 81 89 104 121 125 131 132 133 140 148 159 161 162 166 168 171
2 3 14 22 25 29 35 36 45 47 52 62 63 69 70 72 75 81 84 85 93 94 100 104 111 118 121 124 132 133 145 148 154 155 157 159 166 167 172 173 175 176 177
1 2 4 8 23 24 29 30 33 36 40 44 49 51 52 53 54 58 60 62 63 64 65 67 71 72 77 79 82 84 85 87 88 91 93 94 97 98 99 104 108 114 123 126 127 128 133 136 138 140 142 144 145 148 150 153 156 157 158 162 163 164 165 167 172 173 175
3 5 7 9 11 13 14 18 19 20 21 28 32 33 37 41 43 48 55 58 68 70 74 78 80 81 90 92 94 95 102 104 105 109 112 124 125 130 139 141 143 149 154 160 161 170 171 174
2 10 15 19 25 27 30 36 39 44 48 49 50 65 71 79 83 88 91 96 101 103 106 107 110 111 114 115 121 123 126 128 131 134 136 141 146 147 149 150 151 165 167 169 176
3 4 5 6 7 10 11 12 13 14 15 16 18 19 20 21 22 23 24 25 26 29 31 34 35 36 37 38 39 40 41 42 44 45 46 47 48 50 51 52 53 54 57 58 59 60 62 65 66 67 69 71 73 74 76 77 78 81 82 83 86 87 88 89 92 94 95 96 98 99 100 102 103 104 106 107 109 110 112 113 114 115 117 118 120 121 122 123 124 125 127 128 129 130 133 134 136 138 139 140 141 142 143 145 146 147 148 149 150 151 152 154 155 156 158 159 161 162 163 164 165 166 167 168 169 171 174 176 177
9 10 13 14 19 28 32 34 36 41 43 46 52 57 58 61 63 64 69 75 80 81 88 90 93 97 102 105 109 110 114 116 117 122 124 132 139 141 143 154 158 163 166 171 172 173 174
12 21 23 24 25 29 30 31 33 34 37 38 40 43 44 45 48 52 60 64 67 74 95 100 101 103 112 116 118 119 123 138 140 142 143 144 148 155 159 162 166 168
1 2 5 6 10 19 27 38 39 40 46 47 49 51 52 53 54 56 60 62 65 67 71 73 75 76 79 81 83 84 86 87 88 89 95 97 99 100 103 106 107 108 110 113 114 115 119 120 123 133 136 137 138 142 144 151 152 153 158 165 168 169 172
1 6 15 26 27 50 51 71 79 82 83 84 91 99 108 136 137 144 151 153 169
2 3 5 7 8 10 16 17 20 22 23 24 25 28 29 30 31 33 34 35 36 37 38 40 42 43 44 45 46 47 49 50 52 53 54 55 58 60 61 62 63 64 65 67 68 69 70 71 72 73 74 75 76 77 79 81 82 84 85 86 87 89 90 92 93 94 95 96 97 98 99 100 101 102 103 104 106 110 111 112 113 114 116 117 118 119 120 121 123 124 127 128 129 131 133 134 138 140 141 142 144 145 147 148 149 150 151 152 153 154 155 156 157 158 159 160 161 162 163 164 165 166 167 168 169 172 173 174 175 176 177
3 8 11 23 28 29 33 34 35 36 38 43 52 55 57 61 63 69 70 75 81 87 98 100 105 111 116 119 127 130 134 137 156 159 160 161 162 163 165 166 167 175 176
1 2 6 10 12 15 20 24 26 27 30 33 34 37 39 40 42 43 46 48 49 50 51 52 54 56 58 62 63 64 65 67 71 73 76 77 79 80 82 83 85 88 89 90 91 92 93 95 96 97 98 99 100 101 102 103 105 108 110 112 113 116 117 119 120 122 123 126 128 131 132 135 136 137 138 141 142 143 144 146 147 150 151 153 156 157 158 159 160 162 168 169 175
1 2 3 4 6 12 14 15 16 17 23 24 27 30 33 35 36 37 39 40 44 45 46 47 49 50 51 54 55 57 60 62 64 65 66 67 70 71 73 74 76 77 79 80 81 82 83 86 88 89 90 91 94 96 97 98 99 100 102 104 105 106 107 108 111 113 115 117 118 122 123 125 126 128 130 131 135 136 138 142 144 145 146 150 151 153 155 156 157 158 159 162 163 164 169 171 172 173 176 177
2 6 17 22 24 28 30 34 36 45 58 60 64 67 69 72 75 77 89 92 94 96 102 107 108 112 116 119 124 125 130 131 137 138 139 143 144 159 163 165 166 167 168 170 174 177
3 8 15 22 25 29 31 38 45 47 52 53 57 61 62 63 72 75 78 81 84 94 104 111 112 118 120 121 124 130 132 133 134 145 148 152 154 161 165 167 168 172 173 176 177
1 4 6 10 12 19 20 27 32 34 36 37 40 42 49 50 51 54 56 57 60 62 64 65 68 71 77 79 80 82 83 84 85 86 89 91 92 96 97 99 100 101 102 103 107 108 110 119 120 123 126 128 131 136 137 139 141 143 144 148 150 151 152 153 161 168 174
3 5 7 8 9 11 13 14 16 18 19 20 21 22 31 32 41 45 48 59 69 72 73 74 78 81 85 94 102 105 109 116 118 122 124 125 130 145 148 152 154 161 164 165 170 171 173 176 177
1 6 16 17 21 34 35 41 43 44 51 56 61 63 69 80 84 89 90 91 99 105 106 108 111 114 116 120 121 124 131 142 143 149 151 152 154 155 158 162 165 169 173
3 5 8 9 11 13 14 16 18 19 21 25 29 31 36 44 45 48 59 69 72 73 74 77 78 81 90 92 94 95 109 124 127 130 132 133 134 139 145 154 161 170 173 176 177
2 17 19 23 24 27 36 60 93 97 98 104 114 129 133 152 155 162 165 168 169
3 4 6 12 26 50 51 55 56 68 71 79 82 83 91 96 99 108 125 126 136 150 169
1 7 9 19 24 30 33 37 38 40 45 48 53 55 57 58 60 65 70 74 81 82 84 89 90 91 92 94 100 102 104 105 112 125 126 130 131 133 135 137 139 144 152 153 155 162 165 168 174
17 22 23 24 29 30 31 34 37 38 43 47 52 53 58 60 61 62 64 84 86 87 97 100 104 108 119 121 129 130 131 140 144 148 152 154 155 159 161 162 163 165 167
5 14 16 22 25 28 31 35 36 38 45 52 58 61 62 64 72 75 76 81 85 87 100 104 118 121 129 134 142 145 148 152 155 156 157 159 161 165 166 167 172 173 175
5 7 9 11 13 14 18 25 27 28 31 32 34 41 43 45 46 56 59 64 67 68 69 78 92 93 105 109 115 116 118 122 124 125 132 135 137 143 145 149 155 166 170 171 176 177
1 4 6 7 12 27 28 32 37 41 68 70 79 80 82 91 99 101 105 107 108 110 137 153 160
1 6 12 18 61 67 79 82 83 99 107 128 135 137 144 150 151 153 160 169
1 31 32 35 36 44 80 101 115 124 130 134 154 156 166 171 172
1 2 4 10 12 29 30 33 37 38 39 40 44 46 47 50 51 53 58 60 61 62 65 66 67 71 77 79 82 83 86 87 91 93 96 97 99 101 103 104 106 110 116 119 120 126 128 134 136 137 138 142 143 144 146 150 153 155 157 160 161 162 163 168 169 171 172 177
1 2 4 5 6 8 10 11 12 15 16 17 18 19 22 23 24 25 26 27 29 30 31 32 33 35 36 38 39 40 41 42 43 44 48 49 50 51 52 56 57 58 60 61 63 65 67 68 71 72 75 76 77 78 79 80 81 82 83 84 85 86 88 90 91 92 93 96 97 98 99 100 101 102 103 104 106 107 108 110 111 112 113 114 115 117 118 119 121 122 123 124 125 126 127 128 129 130 131 134 135 136 137 140 141 142 144 145 146 148 149 150 151 152 153 155 156 157 159 160 161 162 164 165 167 168 169 171 173 174 175 176
2 12 15 17 18 23 24 27 29 40 43 47 51 56 61 66 68 73 78 80 82 83 84 86 88 91 108 110 111 113 119 121 124 131 137 140 144 149 153 158 159 163 165 169 171
1 4 5 6 8 10 11 12 13 14 15 16 18 19 21 26 28 35 37 39 41 43 46 48 49 50 54 55 59 65 66 70 71 73 76 78 79 82 85 88 90 91 94 96 99 103 105 107 110 111 113 114 115 118 122 124 126 127 128 131 133 136 139 141 143 146 149 150 151 158 163 169 170 171 173 176
2 5 7 9 16 19 21 23 29 36 38 52 53 57 58 61 62 70 72 80 81 85 93 94 102 117 129 154 155 161 165 167 172 174 175
1 7 9 18 19 20 21 24 27 30 32 33 37 41 42 43 45 48 65 68 74 78 80 86 91 92 95 97 102 103 105 112 117 120 121 125 126 128 130 131 133 135 139 141 143 147 156 162 165 172 174
1 6 21 32 51 54 56 73 82 86 96 107 110 113 128 136 144 169
2 8 22 25 28 29 31 34 35 36 38 45 46 47 58 60 63 69 75 76 89 100 106 116 118 119 129 130 134 140 142 152 157 159 161 164 165 166 167 173 175
7 9 10 11 13 18 20 21 26 32 33 41 43 48 50 55 56 59 66 68 74 80 89 90 92 95 98 105 110 112 115 117 120 122 125 126 132 135 139 141 143 146 147 160 169 170 171
8 13 14 15 19 20 26 40 66 67 73 76 88 103 113 114 115 117 120 124 131 132 146 147 154 158 160 169 170 172 176
6 12 27 39 51 71 88 120 135 137 151 153 169
3 7 8 9 10 11 13 14 18 19 21 22 28 29 34 45 48 58 59 69 72 74 75 78 81 90 92 94 104 109 112 117 118 122 124 125 135 139 145 154 155 164 167 171 172 173 176 177
1 7 11 14 24 30 40 43 52 54 61 66 70 88 90 91 92 95 98 109 115 126 131 141 147 160 162 166 169
2 3 8 14 16 17 25 35 36 38 44 45 58 59 61 64 67 72 73 74 75 77 81 85 90 94 97 111 116 118 119 130 134 139 145 154 163 165 166 167 172 175 177
3 5 8 9 14 16 19 21 22 25 28 31 36 41 45 48 57 61 70 81 94 95 100 102 104 106 111 118 119 124 129 130 132 134 145 148 149 152 154 155 164 165 166 167 168 173 174 176
5 7 9 11 13 14 16 18 21 22 25 29 31 36 41 45 48 52 58 59 64 68 74 77 78 90 92 101 109 124 125 127 133 135 137 139 140 142 143 145 148 154 160 161 164 172 173
3 6 10 11 18 21 22 23 31 33 36 38 41 45 51 52 54 59 64 68 75 80 81 94 96 99 107 115 120 121 122 124 127 134 136 137 150 151 153 154 160 165 170 172
1 21 75 80 96 105 122 132 135 160
