711 2344 2762 2766 3573 4169 6696 6725 7565 7962 8127 8857 9831 10190 11880 12478 13534 14497 15616 16715 17426 17428 17670 17695
310 2044 2247 2268 3361 9518 12945 14463 15812 16058 17320
1181 2241 7474 7886 9059 9977 11710 13939 14579 15382
1462 2711 3585 4305 5845 6349 6733 7103 7269 8165 10024 10939 11193 12134 13146 15411 15606 16100
541 2284 2836 3097 5439 6552 7834 8255 9348 10529 11050 13593 16193
914 1578 3644 4226 6308 7510 8139 12508 12565 13661 17485
117 997 1400 1675 4891 9570 9906 12082 13286 14379 14891 16539
2573 3457 4666 6124 6269 8321 12262 16142 16153 17021 17650
2274 2638 2835 2931 3171 3976 8046 9776 13541 14756 15449
613 2596 2721 3734 7637 7844 8725 10174 13151 13283
4430 4494 8288 10856 11086 11143 12488 13576 13715 16430 16672
224 403 1375 1597 3205 4613 13077 14063 15750 15908
3664 6897 8967 9328 9848 12967 15818 15819 16636 17127
3097 5529 6299 6716 7834 8215 8855 8998 13698 13703 14395 17233
2274 2638 2835 3282 3976 6263 6709 11413 12873 16803 17230
373 541 2884 5529 6299 6716 8855 8998 10529 13593 13703 16188 16783 17395
4012 4735 5576 5699 6039 8335 9864 12220 14783 16551
1250 1302 1876 6604 9209 9984 10487 13099 14954 16419 16940 17401
876 2875 5480 5631 10096 10627 11963 12072 12460 12667 13544 14753 15426 15533 15562 17862
1289 2870 4178 4377 7089 7288 10849 13477 13919 14032 14542 14806
490 719 2418 4218 5259 6457 8217 9808 10125 10127 11963 12460 17862
3877 6396 7037 7567 8655 8790 9513 11735 14197 16842 16927
832 1792 2021 3029 3429 3462 4881 7903 8214 8652 8965 11153 12735 13888 15042
221 1200 1773 3700 4619 4962 7659 7820 10282 12135 12260 13897
2021 3207 3429 3462 4529 4881 7903 8214 8290 8652 12927 13888 14155 15042 16168 17076 17707
361 842 970 978 2034 2528 3064 3286 4684 4720 4797 5369 5736 6866 7030 7267 8590 8638 8801 10057 10170 10263 10480 10687 10694 11961 12148 12455 13236 13665 16142 16623 16809 16851 17149 17152
157 1210 1792 1961 3029 3207 4529 4881 7903 8214 8806 11040 11153 11469 13888 14155 15042 15355 17076 17219 17707
2578 4287 5991 6212 6866 8381 10149 10539 12148 12482 13173
517 613 1106 1444 1668 2596 2721 3012 3301 4022 4717 5094 5109 5657 5713 6235 6662 7637 8491 8925 9650 9671 9943 10318 11949 12031 12951 14180 14977 16097 16171 16401 16884 16969 17129 17164
743 1106 1263 2138 2596 2721 3012 4660 4717 8491 9943 10890 11519 12413 12951 14977 16171 17129 17285 17607
738 1854 2196 3120 3480 4190 4725 5125 5212 5781 5829 6838 6986 7411 10307 10356 10475 13917 15378 16578
361 842 2034 2234 6366 8801 11662 13465 13665 16851
1042 1826 2893 3417 3944 4238 4395 5666 6823 9355 9545 9807 10941 11447 12861 12960 13066 13555 13729 14366 15251 17096 17268 17500
1181 1232 2241 7474 7729 7886 9059 10984 11710 12020 12686 12842 15313 15382 17648
1915 2176 2206 2274 2638 2835 3171 3976 5025 5287 6263 9776 9998 12162 13541 15160 15348 16803
975 1201 4022 5657 7132 9943 10890 12413 12901 12951 16171 17285
2345 3883 5244 6939 8781 9132 10891 12882 15026 15897
361 842 1179 1399 1413 2034 2234 2477 2510 3512 4036 4684 4720 4724 4797 5151 5369 5516 5554 5572 5810 5991 6269 6366 6542 6565 7201 7267 8590 8645 9163 9340 10057 10687 10966 11845 11926 12036 12674 12957 13173 13236 13465 13573 13665 13750 13752 13851 14009 14133 14536 14707 14771 15319 15987 16137 16142 16851 17111 17149 17404 17409 17481 17593 17602 17639
86 432 1235 5216 5475 6962 7143 8120 9765 10756 14407 17292
315 606 5216 5475 6295 6592 7860 8120 8596 9035 9552 11996 14408 17038 17803
2199 2833 3316 3939 4567 4622 6451 6470 8614 9185 9503 12397 12546 12749 13617 13637 13765 14164 14658 14933 15014 15296 15894 16319 16651 16753 17535
921 2344 6696 6776 7565 8601 9744 11523 12300 13690 15194 17426 17576
1462 2960 4518 6733 7269 8903 9845 10024 10572 11193 14895 15606 16210
659 5244 6939 8781 9132 9300 11122 11609 12882 13363 14182 17142 17325 17604
3735 4966 8365 8634 10358 10451 10953 12626 12905 14653 15410
394 2666 4311 4520 4763 6134 10926 11297 12403 12579 12655 12918 13019 15948 17766
4881 5569 6601 8290 8652 8806 8965 11469 12735 15042 16168 17076 17219 17707
66 2195 7833 8492 11084 12708 13475 14466 14858 17384 17408 17764
2303 2924 7031 7520 7913 10139 10413 12223 13855 16165 16344
42 3279 4841 6721 7156 7240 7836 11554 12628 13522 15457 15982 17767 17822
