1653 1748 2484 2739 2877 4802 7355 8974 13268 15793 15941 17918
63 774 1256 1420 1757 2113 2346 2352 3435 3447 5036 5101 5132 6225 6386 6551 6558 7036 8476 10885 11240 12032 12862 13007 15476 15659 15764 15886 15998 16806 17270 17615 17625
83 341 1778 5093 5707 10221 10538 13691 14941 15377 15936 17374 17842
792 1642 2192 2653 2661 2741 3099 4127 6306 6430 11376 11459 12344 12877 13329 13458 13780 14051 15498 15519 17430
951 1602 2649 3246 4527 6654 10632 10691 14787 15730
1994 2807 4749 8100 8136 14113 14350 14363 15949 16504 17724
369 2496 4740 5336 8719 10305 11421 14776 14778 15767 17135
943 1515 2148 3413 5549 11117 12544 13672 14243 15011
355 387 1346 1781 2302 2688 2982 3223 3295 3659 3736 3905 4418 4705 4793 4905 5523 5597 6198 6426 6814 6954 7056 7581 7780 8081 8364 8942 9457 10998 11127 11333 12277 12370 12451 12639 12672 14611 15118 15369 15508 16202 17433 17456
1638 3424 4546 5323 7095 11303 12860 13037 14898 15823 15896 16233
3375 3728 6032 6279 6468 10141 12261 14029 14086 16567 17053 17490 17626
1638 2310 2798 3039 3424 4546 5323 6527 8980 11303 12329 12472 14026 14547 15823 17790
249 2254 3769 10247 10553 10830 13507 14833 15312 15570
1385 5437 5896 6157 7807 10281 11198 12743 14310 14620
2553 3189 3469 4378 7041 7077 7652 8994 12106 12409 12804
905 1028 1326 2846 3568 4607 6173 6369 6413 7114 8128 8389 8422 8426 8605 9696 10374 10439 10450 10778 11255 11313 12202 12949 12973 13105 13822 14660 14773 15473 16689
359 1833 3530 4198 4433 8374 9659 10808 10809 11473 12250 12751 12948 13810 14642 14676 16076 16209 17476 17586
300 2945 3020 4943 6464 7622 10963 11529 11725 14491
387 737 3295 6345 6772 6814 8081 8916 9457 9603 10919 11333 15293
1057 3326 4417 5640 6322 7900 10017 10349 11351 11606 12406 12661 13120 15941 16355 16453
1562 1732 4272 5108 5209 5218 5220 5753 6068 7733 9184 9909 10421 10929 11675 11881 12585 16871
3785 4554 4730 7332 7656 12242 13080 13610 14479 14489 14792 16724 17311
2027 2125 2232 3089 5735 7872 7879 12962 13854 14640
764 1709 1768 1822 2149 4547 7161 10095 12710 13809 15707 15881 15918 16549 16630
7270 9111 9710 10046 10068 10587 11525 12985 14196 14453 15130
1562 2204 4272 4348 5202 5209 5218 7176 7733 8107 8312 9184 9909 10421 10965 12712 13639 14254 15847 16871
419 1252 1394 2004 4578 6169 7133 8731 12247 13278 15089 15174 16998
228 2529 3413 3528 5549 6929 7268 10500 11217 17741
463 3418 4354 5906 6786 6951 7292 7405 9895 11688 15790 17198 17541 17594
1028 1579 6369 6879 8128 8389 8426 9696 11313 12283 12949 13822 14773 15073 15983 17794
7 1575 2435 3073 3539 4991 5100 5104 5390 6230 8843 8977 10548 10576 11357 11883 12757 13259 13308 13577 13931 14905 15120 16659 17033
274 549 2048 2621 5264 7273 7674 8043 8608 10317 10443 10689 16463 17047
1526 2545 4089 4889 6284 9266 9689 10070 10100 11102 11351 12212 12564 16967 17109
2719 3711 4781 4900 4920 9687 15210 15666 15873 15957
236 354 2469 5187 11536 12452 12950 13979 14585 14970
1545 2910 4655 8659 9540 9714 10415 12229 13113 13795 14433
905 1028 1326 2846 4607 6173 7114 8389 8422 8426 10450 11255 12202 12973 13822 14660
1346 2302 2362 2838 4705 6772 6814 7056 7597 11841 12414 12672 12836 13124 14611 15293 15369 15542
662 1006 2130 3217 4277 11875 12278 13530 14882 15921
410 2695 2928 3498 8647 8712 9665 10064 10378 12092 12247 12452 15089 15174 16150
69 1628 1835 2093 5587 5815 12938 12976 16275 16349
135 726 925 1142 1686 2802 4423 4602 5162 5766 5976 7204 7292 7456 7793 9026 9422 10207 11154 12662 13161 13973 14966 15252 15389 15567 16022 17303
1252 1438 3845 4578 6169 8886 12092 12247 13278 15174 15752
1134 1461 1709 1798 3450 6968 9522 15707 15881 16630
254 1841 2218 7658 7818 8063 9349 12114 16386 16860
442 2449 3422 5357 6120 7261 7977 8699 9529 12392 14308
1278 2027 3089 5735 7872 8753 10058 12281 12962 13671
1097 5048 6513 8042 8310 9111 9410 10549 11525 12348 12514 12803 12985 14196 16286 16690
344 1710 2699 3515 6247 7585 7978 8854 9222 14005 15324
2259 7018 7298 9615 10191 10240 10557 12942 13312 15605 16531
