2 3 16 17 22 23 25 28 29 31 34 36 38 45 46 47 49 61 62 64 67 81 84 100 104 112 116 121 129 130 133 134 140 144 145 155 159 162 165 166 167 168 172 173
1 18 27 51 59 68 108 110 137 170
2 17 23 24 25 29 30 33 36 45 53 58 60 64 65 86 93 100 118 129 131 140 142 143 144 148 159 161 162 165 166 167 168 174
18 22 41 122 124 125 139 170 173 176
2 8 22 23 25 29 35 36 38 46 57 58 63 64 76 77 85 93 100 118 119 140 145 148 156 157 159 161 165 166 167 173
1 2 4 6 12 38 44 49 64 67 72 75 77 80 82 99 107 116 118 120 130 135 137 138 140 144 148 151 153 163 166 173 176
1 2 4 6 7 10 12 15 17 23 24 26 27 29 30 32 33 34 39 40 41 42 43 44 46 49 50 51 52 53 54 55 56 57 60 62 63 64 65 67 68 69 70 71 73 76 77 79 82 83 84 86 87 88 93 98 99 100 101 102 103 106 108 110 113 114 116 119 120 121 123 126 128 129 131 135 136 137 138 140 141 142 144 145 146 149 150 151 152 153 156 157 158 159 160 162 163 165 166 168 169 171 175
7 16 25 37 41 46 52 56 57 58 60 70 71 72 89 90 97 105 109 112 121 125 126 132 138 140 142 154 156 157 174
9 13 14 18 19 21 25 52 59 61 70 78 107 111 118 137 149 161 170
7 11 13 20 22 26 28 56 59 68 76 77 85 105 109 118 123 124 127 133 142 143 148 156 163 170 172 175
5 16 31 75 85 94 116 118 145 172 173
2 5 7 15 17 20 21 22 24 25 26 27 30 32 33 34 36 37 38 41 42 43 45 46 47 48 49 50 52 53 54 56 57 58 61 62 63 64 65 66 67 70 72 73 74 75 76 77 81 84 85 87 89 92 93 95 97 98 100 102 103 105 106 110 112 113 114 115 116 117 119 120 122 123 129 130 131 132 138 139 140 141 142 143 147 149 152 155 156 157 158 159 161 162 166 167 168 170 172 174 175 176
2 17 36 52 53 58 67 106 119 168
2 4 6 8 11 12 13 15 17 18 21 24 26 27 30 32 33 37 39 40 42 43 44 46 49 50 51 52 54 55 56 57 60 61 62 65 68 71 73 79 82 83 84 86 87 88 89 91 92 93 95 96 97 98 99 101 102 103 107 108 109 110 112 113 114 115 117 119 120 121 122 125 130 132 133 136 137 139 142 144 146 148 149 150 151 153 157 158 159 160 162 163 168 169 170 172 176 177
4 6 16 20 26 27 32 33 39 40 42 49 50 51 54 55 56 62 63 65 67 71 76 79 80 83 86 88 89 91 93 96 98 99 101 103 106 107 108 110 113 117 119 126 128 133 136 138 140 142 144 146 147 149 150 152 155 156 158 159 168 169 172
3 5 7 8 9 11 13 14 15 17 19 20 21 24 26 29 30 33 37 41 42 43 44 46 48 49 50 54 55 56 57 61 62 65 66 67 68 70 72 73 74 75 76 77 84 85 89 90 92 94 95 97 98 102 105 106 109 113 114 117 118 119 120 122 123 124 127 131 132 138 139 141 142 143 147 148 149 154 156 157 158 159 162 163 166 168 169 170 171 172 174 176 177
2 5 13 14 16 17 19 22 29 30 31 38 48 53 57 59 60 61 62 67 69 81 89 93 94 106 111 112 121 125 129 130 131 133 148 152 154 156 157 159 165 167 173 174 175
7 17 40 41 55 66 70 73 133 154 162 165 172
1 2 3 4 5 6 7 10 11 12 13 14 15 17 18 19 20 21 26 27 29 30 32 33 34 35 36 39 40 44 46 47 49 50 51 52 53 54 55 56 59 61 63 67 68 69 70 71 72 73 74 77 79 81 82 83 84 85 88 91 93 94 97 98 99 100 102 103 104 107 108 110 114 115 117 118 119 120 121 122 125 126 128 130 133 136 137 138 144 146 147 149 150 151 152 153 154 155 156 157 161 165 169 170 172 174
2 4 5 12 14 16 18 22 27 29 32 35 36 39 47 52 58 60 63 78 81 87 93 106 110 111 123 125 129 130 135 137 156 164 167
5 7 11 21 37 41 48 80 109 133 174
10 11 12 13 20 21 28 33 34 42 43 48 54 68 73 74 92 95 101 105 109 110 117 125 141 147 160 171
10 14 15 18 19 27 50 52 56 66 68 70 73 75 78 80 82 85 87 88 90 98 110 115 120 124 125 132 135 139 171 173 176
3 5 9 11 13 16 18 41 52 58 59 75 77 81 87 94 127 130 132 154 161 164 167 168 170 172 176 177
16 35 40 59 74 80 86 105 135 145 146 164 166 168
3 7 8 9 10 11 13 14 16 18 19 21 41 59 61 74 75 90 94 122 124 125 127 130 134 139 154 164 170 174 177
6 24 26 27 33 39 40 43 51 54 56 68 80 83 84 86 89 91 96 101 105 108 110 115 126 131 132 137 144 149 151 153 169
7 9 24 25 29 31 33 37 43 48 52 58 70 74 77 81 90 95 105 109 116 123 134 140 144 145 161 162 166
5 8 22 23 25 29 31 36 37 43 44 53 62 81 98 100 109 118 119 127 129 134 152 154 155 164 168 173
22 25 38 45 52 81 118 152 155 167
5 9 12 17 27 33 42 43 56 61 63 65 68 75 88 92 97 100 102 112 128 143 145 161 162 167 168 174
23 38 49 53 64 116 128 144 148 153 158 164
3 9 11 14 16 17 24 29 36 37 38 45 53 61 67 74 81 93 94 100 111 112 118 121 125 134 139 142 143 154 155 159 161 163 165 166 167 173
3 7 11 16 17 19 21 22 26 34 35 37 41 44 48 58 61 81 92 95 102 104 106 109 111 112 117 125 127 139 147 164 167 174
1 4 6 10 11 12 13 14 15 19 20 21 22 24 26 27 30 32 33 35 37 39 40 42 47 48 49 50 51 52 53 54 55 56 57 59 60 62 65 67 70 71 72 77 79 80 82 84 86 87 89 90 92 93 95 96 97 98 99 103 105 106 107 108 109 110 112 114 121 122 123 125 126 127 128 131 132 136 138 139 141 142 144 146 147 148 150 151 155 156 158 162 163 168 169 170 172 174
1 2 11 14 15 20 26 30 39 41 54 59 70 74 97 98 108 111 113 114 130 131 134 147 170
1 4 6 10 12 16 17 20 23 24 26 27 28 30 33 34 35 37 39 40 42 43 44 46 49 51 52 53 54 55 56 57 58 59 60 61 64 65 67 68 69 70 71 76 77 79 80 82 83 84 85 86 88 89 90 91 95 96 99 100 101 102 103 105 107 108 110 112 114 115 121 126 127 128 130 131 136 137 138 142 143 144 149 150 151 152 153 155 157 158 160 162 163 167 169 173 174 175
18 21 41 59 93 103 115 116 122 132 152 164 165 170
1 3 4 6 7 9 10 11 12 13 14 16 17 18 19 20 23 25 27 30 32 33 37 39 40 41 43 46 48 49 50 51 54 55 56 57 58 60 62 64 70 71 78 79 80 82 83 86 87 88 89 90 92 93 95 96 99 101 102 103 104 105 106 107 108 109 110 112 118 119 121 122 126 128 129 130 131 133 135 136 137 141 142 144 146 147 150 151 153 155 157 158 168 169 170 173 175
2 3 4 7 8 10 13 14 15 16 19 20 21 22 23 24 28 29 32 35 38 39 41 44 45 47 49 53 55 57 58 60 61 62 63 67 70 71 72 73 75 76 77 78 79 81 84 85 87 90 94 95 96 97 98 100 101 103 104 105 106 107 112 113 114 117 119 120 121 127 129 130 132 134 135 139 140 141 144 146 147 149 150 152 156 160 161 162 165 167 172 173 174 175 176 177
8 29 31 72 75 77 134 148 158 161 164
2 3 8 17 23 25 31 35 53 72 85 94 97 104 116 118 124 145 148 152 154 175
1 2 4 6 10 12 17 24 26 27 30 35 36 37 39 40 42 44 47 49 51 52 53 55 57 60 61 62 63 65 66 67 70 75 76 79 81 82 83 85 86 87 88 89 93 94 96 97 99 100 101 102 103 104 106 107 108 111 112 113 114 117 119 120 121 122 123 124 126 127 128 131 132 133 135 136 137 138 140 142 144 147 148 149 151 152 153 155 156 157 160 162 163 167 168 169 172 175 177
6 7 10 13 15 20 32 38 41 44 54 55 56 58 63 66 70 74 82 84 87 95 98 102 105 112 117 125 137 139 153 155
3 14 15 19 29 116 127 130 133 135 145 176
3 4 17 34 36 48 52 53 59 66 78 81 84 87 99 105 111 119 126 129 134 135 136 139 146 150 154
1 4 6 12 27 39 40 51 54 55 71 79 82 83 86 88 96 99 101 107 108 135 136 144 150 151 153 160 169
3 5 9 14 16 19 60 69 75 77 85 87 93 102 106 121 124 129 132 133 145 152 154 156 165 176
8 10 14 20 21 25 32 38 52 61 64 65 72 74 77 81 87 101 104 111 122 130 149 152 164 166 173 176
9 10 11 13 19 21 88 90 109 139
