1642 2661 2741 3099 3983 4127 6430 11376 11459 12877 12909 13633 13780 14051 15519 16885 17430
2815 3686 4004 4670 12214 13261 13929 14060 15816 17225
225 1777 1861 2456 4109 5436 5801 7711 8108 8111 8486 11976 12922 13088 14469 14538 15156 15241 16004 16270 16813 17087
152 450 1052 1385 1837 2371 2476 2554 2613 3055 3652 4101 4946 5145 5437 5497 5800 5886 5896 6157 6773 7007 7197 7807 8023 8282 8363 9058 9212 9714 10281 10415 10626 10669 10986 11198 11747 12297 12433 12523 12743 13140 13202 13413 13795 14310 14433 14516 14620 15126 15749 16298 16576 17286
755 1437 3262 6145 7538 8648 8740 9483 9965 11133 13495 14733 15838 17885
5952 6171 7042 7784 8293 9372 9941 13624 14127 17840
1340 3161 3194 3922 4151 5467 5704 7830 7883 8306 9991 10145 12154 14436 14799 14932 14992 15605 16669 16740
1160 1655 1721 2323 3722 3811 4414 6361 8547 8643 9514 9904 11073 13150 13538 14613 16556
2674 5298 6089 6390 8070 9230 9892 10471 10961 11185 11550 13857 14915 16749 17328
2240 3928 4098 4835 5001 5893 6609 7246 10379 12101 13993 14993 15475
1351 1612 2023 2927 3392 7401 9318 10491 10653 12068 12173 12423 14826 14838 15112 17475
3 2473 4549 7371 7951 8164 8793 10412 10490 14968 15040 16497 16732 17171
2337 3786 3948 4017 7055 7795 9953 12181 13004 15360
4351 6976 7131 7498 7634 8328 12772 13604 13840 14149 14666
792 1642 2741 6306 12344 12877 12909 13329 15519 16885 17062
36 410 419 1186 1252 1394 1476 1490 1556 1574 1970 2004 2119 2335 2349 2359 2462 2685 2695 3365 3562 4059 4270 4407 4514 4578 4902 5036 5163 5740 6082 6169 6172 6726 7006 7133 7274 7521 7670 7712 7716 8089 8275 8530 8618 8705 8712 8731 8984 9597 10378 10703 10853 11218 11485 12086 12247 13061 13278 13304 13377 13687 13714 15089 15103 15174 15199 15561 15861 16164 16208 16545 16657 16806 16998 17048 17434 17534
1653 2484 4483 4638 4802 7355 7358 11775 13268 15941 16697
265 1477 1628 1683 1835 1877 2093 2332 3354 3487 3742 3752 4047 4354 4609 4910 5452 5505 5702 5780 5815 6158 6392 6781 6872 6975 7022 7087 7550 7590 7815 8056 8687 8908 8924 9114 9409 9969 10131 10173 10280 10309 10906 11612 11734 11987 12259 12688 12769 12938 12976 13018 13282 13992 14077 14112 14351 14416 14527 15523 15553 15596 15690 16184 16186 16312 16349 16411 16999 17543 17828
1515 5236 5486 5552 6745 6799 6846 8624 10867 11862 13426 15482
97 568 918 2047 2867 3116 3117 4021 5568 5716 5839 6417 9120 9261 10083 12697 13233 13468 13739 14912 15621 15761 16039 16177 16253 16347 16582 16619 16737 17106 17150 17665 17789
820 3309 4322 4540 7602 10053 10163 10416 12840 14336
1411 2874 6152 6862 7325 7546 8993 9234 11383 13197 13293 16021
918 2047 2756 2867 3116 3806 5568 5716 5839 6264 6646 6853 7446 7725 9261 9675 10249 10959 12063 12697 13233 14811 14912 15932 16177 16347 16418 16737 17106 17665
554 1068 1356 1512 2502 6800 7575 8928 13792 15149 17718 17883
1485 3245 4527 6541 6942 7589 7768 11638 12516 14990
662 1006 1564 3931 9709 11875 14882 14914 15134 15422 15921
898 1647 3996 4861 6141 8502 9036 12069 12696 13835 15224 15598
2755 3849 6243 9623 10613 10779 14943 15544 16633 17385
690 1005 1203 3986 4153 5557 6556 9467 12304 12429 12633 16687 16994 17412
725 2674 4994 5298 6089 7568 8070 9230 9892 10214 11185 11254 11522 13101 14594 14863 16340 16700
173 562 933 1100 1275 1389 1410 1422 1708 1791 2025 2443 2551 2814 3727 3731 4221 5010 5256 5326 5408 5854 5962 6123 6398 6437 6512 6792 7252 7723 8101 9087 9557 9779 10594 10722 11019 11629 11743 12368 12408 13104 13163 13164 13242 14024 14167 14410 14861 14957 15392 15516 15522 15815 16121 17148 17290 17349 17370 17397 17508 17577 17674
201 344 1115 1170 1816 2450 3277 3319 3626 4879 5912 6329 7025 7585 7978 8854 8905 9222 14005 14359 14367 15324 15853 16635 17468 17854
159 3256 3995 7668 8754 10076 10150 11236 15356 16498
1806 1936 2317 5246 5332 5695 8769 9658 10985 11564 11932 11940 12926 13488 14864 15412 16959 17415 17624
548 1068 1071 1241 1537 1631 3805 4605 5079 5791 7091 7195 7575 8928 9851 11706 12555 13252 13792 15068 15149 15201 15757 16519 17369 17718 17883
999 3849 6243 6582 8931 10779 11267 12050 12820 13455 14943 15081 15544 15682 16274 16408 16954 17385
8374 10808 10809 11473 12250 12948 14642 14676 16076 16209 17476
2223 3248 4534 4843 6789 10467 10871 11277 11549 14166 15698 16032 17282
11 1255 2001 2690 3067 3596 3609 4787 5159 5594 6421 6467 8069 11213 13069 13128 14471 17310
140 893 2223 2965 4191 4308 6007 8174 9028 10063 12619 14166 14272 16032 17316
392 5093 10221 11462 13691 15162 15377 15936 16175 17374 17762 17842
1154 6393 6890 7655 9264 10366 11065 11423 12037 13672 14161
3 2473 2689 10412 10490 12614 15040 15232 15501 16732
1875 4355 5253 5917 7970 8824 9828 12243 12365 15111 15478 15856 16342 16829 17544
1776 2410 3975 5415 6165 6994 10372 13537 16597 17817
380 540 972 2114 4789 5808 6801 7651 8390 8456 10146 10297 10852 10887 11026 11093 11682 13137 14096 14114 14159 14447 14518 15265 15468 15733 16119 17917
497 1471 6341 8221 9657 11353 11616 12847 13192 13834
473 533 595 746 3373 3657 5728 7127 7999 8015 8039 8373 8767 9814 11650 12946 14239
1700 2948 4555 4643 6614 7210 8143 9263 9917 10366 11038 11548 13243 13683 13840 14939 14984 15169 15435 16338 17525
2927 3392 5033 9837 11441 12423 14609 15112 17475 17737
