1733 4975 6388 7300 7366 7714 8057 8186 8249 10268 11393 11511 12343 13866 14482 15717
190 523 638 1051 2734 3866 7107 7206 7399 7707 9198 12698 13009 13908 16128 16373 17307 17815 17830
544 764 1094 1134 1145 1709 1739 1768 1798 1822 1947 2441 2748 3270 3450 3479 3761 4067 4547 5072 5226 5241 5385 5738 6219 6595 6599 6917 7975 8470 9474 9522 9544 11405 12526 12710 13138 13437 13809 14035 14223 14608 14690 14816 16557 16996 17681
380 540 972 2114 4789 5808 6801 7651 8390 8456 10146 10297 10852 10887 11026 11093 11682 13137 14096 14114 14159 14447 14518 15265 15468 15733 16119 17917
579 595 2650 3373 5728 6875 8015 9814 11109 11335 11607 12946 14073 14239 15323 15942 16877
1829 3125 4915 5967 7090 7398 8296 11330 14137 14937 17334
1570 2790 4144 5802 7126 7198 9056 10940 15159 16970 17526
60 428 449 563 969 1205 1369 1546 1699 1850 2340 2360 2439 2527 2591 2878 3091 3196 3386 3434 3504 3826 3893 4118 4158 4202 4297 4310 4475 4579 4852 4920 5096 5352 5377 5544 5567 6034 6049 6211 6232 6301 6544 6718 6910 6927 6981 7236 7262 7579 8011 8184 8193 8654 8784 9138 9372 9465 9476 9615 9763 9919 9946 10717 10895 11140 11305 11452 11582 11807 11914 11935 12016 12066 12265 12273 12327 12724 12884 13185 13207 13439 13457 13539 13782 14071 14109 14201 14290 14341 14556 14616 14812 14940 14959 15740 16542 16604 16685 16788 16950 17006 17208 17269 17315 17608 17799 17904 17935
2527 2591 3091 4297 4852 6049 6927 8184 8784 11141 11582 12273 14341 15740 17208 17608
3673 4199 4753 6400 6650 6678 7068 8606 11591 13005 15722
979 2748 5561 6094 9663 14027 14846 15316 17367 17424
543 1396 2657 4550 5563 8187 9016 13057 13893 14593 15495 16438 17692
159 3256 3995 7668 8754 10076 10150 11236 15356 16498
926 1510 2233 4260 7040 8543 10899 11655 15025 16092
188 1639 2333 2749 4041 4623 4759 5474 6849 9123 10755 11232 12095 13090 13269 13899 16081
3084 6256 6783 8090 8791 10552 11964 16103 17031 17113
341 1778 4398 5093 5707 10221 10538 15377 15936 16175 17762 17842
179 207 283 733 1060 1137 1246 1557 2154 2320 2553 3469 4188 4378 4678 5722 6420 6502 6993 7041 7652 8994 9859 11866 12409 12584 12725 12804 12894 13487 14139 14718 14735 14909 15277 15724 15732
1638 1938 2798 4546 4595 7095 7647 9500 11649 12329 12472 12860 13020 13037 15823 16233 17790
29 33 85 159 248 261 303 313 323 350 372 602 634 693 749 826 889 922 942 979 1027 1057 1085 1101 1123 1188 1327 1337 1387 1427 1495 1561 1603 1654 1742 1751 1793 1843 1932 1945 1989 2008 2067 2205 2271 2407 2458 2472 2499 2506 2516 2539 2569 2604 2696 2729 2751 2845 2860 2901 3256 3375 3528 3593 3599 3668 3670 3728 3745 3848 3942 3995 4014 4114 4204 4232 4318 4321 4344 4349 4351 4383 4397 4402 4599 4601 4636 4657 4658 4837 4998 5002 5020 5050 5058 5063 5090 5116 5133 5153 5169 5224 5261 5402 5408 5409 5429 5470 5561 5605 5624 5625 5637 5741 5778 5783 5856 5930 5953 5971 6032 6094 6153 6255 6279 6281 6311 6343 6402 6428 6456 6468 6494 6613 6625 6652 6817 6820 6934 6941 6956 6976 7021 7082 7131 7140 7238 7362 7392 7493 7498 7507 7559 7620 7627 7634 7668 7746 7856 7878 8012 8035 8132 8170 8283 8292 8326 8328 8355 8504 8516 8529 8627 8673 8754 8829 8847 8880 8960 9093 9215 9268 9301 9403 9444 9461 9478 9480 9632 9648 9662 9663 9669 9684 9774 9785 9825 9829 9856 9881 9945 9987 10004 10052 10076 10141 10150 10199 10361 10403 10419 10478 10485 10640 10729 10820 10828 10862 10869 10888 10905 10936 10994 11091 11161 11234 11236 11244 11259 11278 11337 11368 11371 11399 11451 11505 11530 11663 11683 11721 11820 11872 11946 11969 12033 12041 12110 12117 12130 12139 12168 12198 12248 12261 12283 12310 12319 12374 12428 12461 12469 12507 12557 12597 12727 12772 12961 13058 13142 13147 13184 13241 13299 13331 13336 13408 13602 13604 13606 13716 13717 13762 13840 13858 13867 13886 13947 14027 14029 14031 14086 14122 14149 14228 14263 14269 14278 14347 14444 14519 14562 14607 14628 14666 14723 14766 14791 14846 14865 14989 14998 15039 15060 15084 15184 15193 15211 15212 15229 15242 15316 15356 15401 15458 15477 15484 15490 15572 15595 15636 15643 15719 15784 15813 15901 15939 15952 15953 15961 15993 16075 16082 16134 16139 16169 16195 16211 16215 16217 16239 16246 16254 16278 16279 16290 16317 16371 16454 16488 16492 16498 16554 16567 16666 16704 16705 16757 16789 16866 16924 16948 17053 17077 17086 17205 17214 17238 17290 17318 17342 17358 17365 17367 17424 17480 17490 17491 17533 17566 17626 17649 17744 17747 17787 17794 17809 17930 17948
3375 3728 5058 5409 5778 6032 6255 6279 6652 6929 7062 7362 7529 8355 10141 13606 13867 14029 14086 14998 16279 17053 17490 17626
7366 7714 8249 8788 10194 10268 10496 10559 11511 12343 15717 16154 16176 16616
883 1560 3706 3751 6015 8764 8958 9928 10130 10795 11442 11526 13892 15652 16799
1479 1562 1732 2204 3156 4272 4348 4637 5108 5209 5220 5753 5939 7176 7733 8107 8312 10929 10965 11197 12585 12712 13639 15847 16871
4381 4760 5353 6130 6951 11922 12194 13341 14176 14277 17504
918 2047 2756 2867 3116 3806 5568 5716 5839 6264 6646 6853 7446 7725 9261 9675 10249 10959 12063 12697 13233 14811 14912 15932 16177 16347 16418 16737 17106 17665
1482 3791 4196 5484 6289 7767 10912 12646 16036 16159 16216 17920
6393 6890 7327 7655 9264 10366 11423 12037 14415 17250
792 1642 2192 3099 4127 6306 10467 11376 11459 12877 12909 13633 17062 17430
274 769 771 1059 1485 1649 2048 3331 3771 4454 4803 4980 5264 5733 5934 7003 7273 7455 7674 7898 7928 7973 8106 8379 8608 9122 10317 10443 11287 11365 11504 11811 12289 13597 13974 14218 14736 14775 15557 15792 15824 15984 16228 16463 16784 17047 17966
2755 3849 5765 6243 12820 14067 15544 16274 16633 17385 17621
1695 6356 6699 9350 10368 11684 14008 14194 16814 16883 17498
158 167 238 417 855 1004 1680 2377 4703 5185 5266 7785 7904 8020 8661 8678 9033 9884 11619 11860 12533 12833 14956 15678 15803 16483 16484 17126 17547
5055 5153 6255 7062 7498 9402 14149 14666 14998 16279
547 1223 4631 5268 5331 6730 9715 9749 10262 10765 13575 14582 16856 17556
1160 1655 1721 2323 3722 3811 4414 6361 8547 8643 9514 9904 11073 13150 13538 14613 16556
43 448 2249 2343 3863 4583 7618 7945 8756 8918 9338 10479 12859 15041 15670 16723 17403
848 2183 4975 6388 7714 7855 7876 8057 8125 8249 10194 10496 10559 12343 13916 15717 16176 16616
146 287 343 1096 1497 10240 11893 13499 14555 14623
344 1170 1710 2699 3515 3626 4087 4228 4597 6247 6329 7025 7585 7978 8270 8854 9222 11401 11889 12511 13850 14005 14629 15324 17518 17854
110 178 902 1276 5489 6936 8144 9482 11798 12813 13654 14106 14172 15063 15104 16956 17900 17963
256 2100 4058 4381 4760 4969 5353 6951 10971 11922 12194 13341 14176 14277 15980 17504
1154 6393 6533 6890 7327 8074 9264 11423 13672 14415 17250
898 3224 3996 4572 4861 6141 6250 6614 7938 8502 11025 11241 12069 12696 15598 15644
1005 2049 2544 3474 4153 4495 5012 6556 9467 12304 12633 16042 16414 16687 16748 16994 17187 17412
9 605 836 2656 3860 4204 5121 6627 7138 8052 9990 10331 10414 10559 11787 12374 12435 16749 17520
1419 2489 4472 5346 7884 7966 8243 9690 10322 10607 10933 12635 13247 13589 14481 16431 17487
359 2934 4198 10808 10809 11473 12250 16076 16209 17476 17586
32 69 265 597 707 1835 2093 2332 3752 3783 4609 5452 5702 5780 5801 5815 6158 6260 6781 6975 7022 7106 7590 7791 7815 8982 9007 9313 9969 10309 10906 11557 11608 11612 11734 11987 12259 12622 14759 15553 15677 16184 16186 16275 16312 16349 16411 17543
608 2874 5827 6152 6862 8993 9234 13197 13458 16021
