#iterations	mean Measure
1	-3.385232252641634E-4
501	-0.002863636298636133
1001	-0.003178739689318217
1501	-0.003256077829620163
2001	-0.002664942994166452
2501	-0.0022035636198141544
3001	-0.0018994519627301512
3501	-0.0016833910531822557
4001	-0.0015317776180847132
4001	-0.0015317776180847132
4001	-0.0015317776180847132
4001	-0.0015317776180847132
4501	-0.001415522407352826
5001	-0.001323423127808903
5501	-0.0012415952503845116
6001	-0.0011752532206490067
6501	-0.0011228864314085782
6501	-0.0011228864314085782
7001	-0.0010767477077191193
7501	-0.001036194670372373
8001	-0.0010061680979034531
8501	-9.744218319249022E-4
9001	-9.495863729727273E-4
9501	-9.274188622742694E-4
10001	-9.064360940247665E-4
10501	-8.895271249899306E-4
11001	-8.726751948120592E-4
11501	-8.575340822837397E-4
12001	-8.424719123586125E-4
12001	-8.424719123586125E-4
12501	-8.297628261880554E-4
13001	-8.184205517284382E-4
13501	-8.070567068142894E-4
14001	-7.954380216062734E-4
14501	-7.865311460598693E-4
15001	-7.780463556027436E-4
15001	-7.780463556027436E-4
15501	-7.694181016626445E-4
15501	-7.694181016626445E-4
16001	-7.632279533557621E-4
16501	-7.562565587474527E-4
17001	-7.49105911543978E-4
17001	-7.49105911543978E-4
17501	-7.446149324996951E-4
18001	-7.39594096078588E-4
18501	-7.339121181247837E-4
19001	-7.285652840606738E-4
19501	-7.250395194747571E-4
20001	-7.206280590937018E-4
20501	-7.160636626622242E-4
21001	-7.120155723652214E-4
21501	-7.063941532104932E-4
21501	-7.063941532104932E-4
22001	-7.024439296570977E-4
22001	-7.024439296570977E-4
22001	-7.024439296570977E-4
22001	-7.024439296570977E-4
22001	-7.024439296570977E-4
22001	-7.024439296570977E-4
22001	-7.024439296570977E-4
22001	-7.024439296570977E-4
22001	-7.024439296570977E-4
22001	-7.024439296570977E-4
22001	-7.024439296570977E-4
22501	-6.997263734056205E-4
22501	-6.997263734056205E-4
23001	-6.96679809953658E-4
23501	-6.932190763754563E-4
24001	-6.906912689991496E-4
24001	-6.906912689991496E-4
24001	-6.906912689991496E-4
24501	-6.884607594842743E-4
25001	-6.865404996580306E-4
25001	-6.865404996580306E-4
25001	-6.865404996580306E-4
25001	-6.865404996580306E-4
25001	-6.865404996580306E-4
25001	-6.865404996580306E-4
25001	-6.865404996580306E-4
25001	-6.865404996580306E-4
25501	-6.833484015615689E-4
26001	-6.815675634445556E-4
26501	-6.80314834675359E-4
27001	-6.778674322237577E-4
27501	-6.765378513861786E-4
28001	-6.74345622510242E-4
28501	-6.725127002428247E-4
29001	-6.69689674075292E-4
29501	-6.680781076775245E-4
30001	-6.6799793711924E-4
30501	-6.659127506315654E-4
31001	-6.646792467331029E-4
31501	-6.634890379168119E-4
32001	-6.623576150458271E-4
32501	-6.609599056071376E-4
33001	-6.592508155932967E-4
33501	-6.591100320232199E-4
34001	-6.577434188765807E-4
34501	-6.567031867834982E-4
35001	-6.559236335451295E-4
35501	-6.544858492869374E-4
36001	-6.535311430240671E-4
36501	-6.531307098815866E-4
37001	-6.526257765128676E-4
37501	-6.512834494983922E-4
38001	-6.507751008882327E-4
38501	-6.502308832968592E-4
39001	-6.49496783107303E-4
39501	-6.493227812732041E-4
39501	-6.493227812732041E-4
39501	-6.493227812732041E-4
39501	-6.493227812732041E-4
40001	-6.486621912648682E-4
40501	-6.480431561121419E-4
41001	-6.47894302063856E-4
41501	-6.471778489542182E-4
42001	-6.472586395141077E-4
42501	-6.473251622580888E-4
42501	-6.473251622580888E-4
42501	-6.473251622580888E-4
42501	-6.473251622580888E-4
42501	-6.473251622580888E-4
42501	-6.473251622580888E-4
42501	-6.473251622580888E-4
42501	-6.473251622580888E-4
42501	-6.473251622580888E-4
42501	-6.473251622580888E-4
42501	-6.473251622580888E-4
42501	-6.473251622580888E-4
42501	-6.473251622580888E-4
42501	-6.473251622580888E-4
42501	-6.473251622580888E-4
42501	-6.473251622580888E-4
42501	-6.473251622580888E-4
42501	-6.473251622580888E-4
42501	-6.473251622580888E-4
42501	-6.473251622580888E-4
42501	-6.473251622580888E-4
42501	-6.473251622580888E-4
43001	-6.466759280453866E-4
43501	-6.460084214713895E-4
44001	-6.459842187752612E-4
44501	-6.458975082344513E-4
45001	-6.453902918277481E-4
45001	-6.453902918277481E-4
45501	-6.449375863270934E-4
46001	-6.442908072420662E-4
46501	-6.442424701215468E-4
46501	-6.442424701215468E-4
47001	-6.43884809647687E-4
47001	-6.43884809647687E-4
47501	-6.436166082847218E-4
47501	-6.436166082847218E-4
48001	-6.426876561179259E-4
48501	-6.427882020855777E-4
49001	-6.431086345791223E-4
49501	-6.419106369230967E-4
50001	-6.416888058502694E-4
50501	-6.411129190338601E-4
51001	-6.410665545650643E-4
51501	-6.405329231783597E-4
52001	-6.400963721369764E-4
52501	-6.39933715035318E-4
52501	-6.39933715035318E-4
53001	-6.399675644247699E-4
53501	-6.400136018021472E-4
54001	-6.397788651146259E-4
54001	-6.397788651146259E-4
54501	-6.394981544819353E-4
54501	-6.394981544819353E-4
55001	-6.397490241515113E-4
55001	-6.397490241515113E-4
55501	-6.393084797366263E-4
56001	-6.389107192812917E-4
56501	-6.385444208844971E-4
57001	-6.388932610391992E-4
57501	-6.388688526868696E-4
58001	-6.392083223658996E-4
58001	-6.392083223658996E-4
58501	-6.387329368217922E-4
59001	-6.390377390875149E-4
59001	-6.390377390875149E-4
59501	-6.392412596962304E-4
60001	-6.387958325214928E-4
60001	-6.387958325214928E-4
60001	-6.387958325214928E-4
60001	-6.387958325214928E-4
60501	-6.385591547884349E-4
61001	-6.379002330335502E-4
61501	-6.373796354041329E-4
62001	-6.376120880811132E-4
62501	-6.372372186924858E-4
63001	-6.37315621247097E-4
63001	-6.37315621247097E-4
63001	-6.37315621247097E-4
63001	-6.37315621247097E-4
63001	-6.37315621247097E-4
63001	-6.37315621247097E-4
63001	-6.37315621247097E-4
63001	-6.37315621247097E-4
63001	-6.37315621247097E-4
63001	-6.37315621247097E-4
63001	-6.37315621247097E-4
63001	-6.37315621247097E-4
63001	-6.37315621247097E-4
63001	-6.37315621247097E-4
63001	-6.37315621247097E-4
63001	-6.37315621247097E-4
63001	-6.37315621247097E-4
63001	-6.37315621247097E-4
63001	-6.37315621247097E-4
63001	-6.37315621247097E-4
63001	-6.37315621247097E-4
63001	-6.37315621247097E-4
63001	-6.37315621247097E-4
63001	-6.37315621247097E-4
63001	-6.37315621247097E-4
63001	-6.37315621247097E-4
63001	-6.37315621247097E-4
63001	-6.37315621247097E-4
63001	-6.37315621247097E-4
63001	-6.37315621247097E-4
63001	-6.37315621247097E-4
63001	-6.37315621247097E-4
63001	-6.37315621247097E-4
63001	-6.37315621247097E-4
63001	-6.37315621247097E-4
63001	-6.37315621247097E-4
63001	-6.37315621247097E-4
63001	-6.37315621247097E-4
63501	-6.377197206890966E-4
64001	-6.381477970998085E-4
64501	-6.379992566114741E-4
65001	-6.378476030495433E-4
65501	-6.379482763391328E-4
66001	-6.371624720133398E-4
66501	-6.374972164347438E-4
66501	-6.374972164347438E-4
67001	-6.379222381077079E-4
67501	-6.379628053104688E-4
67501	-6.379628053104688E-4
67501	-6.379628053104688E-4
68001	-6.382676291867699E-4
68501	-6.379389160547302E-4
69001	-6.380005534649596E-4
69001	-6.380005534649596E-4
69501	-6.380642641494401E-4
70001	-6.382760276196111E-4
70501	-6.382604601231777E-4
71001	-6.386097134466028E-4
71501	-6.380618454185647E-4
72001	-6.379480765114929E-4
72501	-6.378436588715427E-4
73001	-6.376603550032686E-4
73501	-6.37460992824716E-4
74001	-6.372818215549122E-4
74501	-6.366672672722401E-4
74501	-6.366672672722401E-4
75001	-6.363504406335048E-4
75501	-6.359140910747753E-4
76001	-6.358433082042803E-4
76501	-6.356349249860855E-4
76501	-6.356349249860855E-4
76501	-6.356349249860855E-4
77001	-6.35624098197391E-4
77501	-6.358572388701007E-4
78001	-6.359161741051825E-4
78501	-6.359384585438839E-4
79001	-6.360229129722702E-4
79501	-6.3615300376813E-4
80001	-6.363044728277898E-4
80501	-6.362559763328071E-4
81001	-6.359013929255369E-4
81501	-6.359441965042478E-4
82001	-6.358728982880332E-4
82501	-6.359232104485565E-4
83001	-6.357814343788647E-4
83501	-6.357949315934167E-4
84001	-6.358205881068968E-4
84001	-6.358205881068968E-4
84501	-6.362348433723278E-4
84501	-6.362348433723278E-4
85001	-6.361219405482853E-4
85001	-6.361219405482853E-4
85001	-6.361219405482853E-4
85501	-6.360312234240097E-4
86001	-6.360330683268528E-4
86501	-6.36102680133799E-4
87001	-6.360682503362497E-4
87501	-6.362063636100015E-4
87501	-6.362063636100015E-4
88001	-6.364224928104103E-4
88001	-6.364224928104103E-4
88001	-6.364224928104103E-4
88001	-6.364224928104103E-4
88001	-6.364224928104103E-4
88001	-6.364224928104103E-4
88001	-6.364224928104103E-4
88501	-6.366917038050582E-4
89001	-6.366339485206617E-4
89501	-6.367193153536201E-4
90001	-6.367101392688157E-4
90501	-6.3638605589708E-4
91001	-6.366038145654675E-4
91001	-6.366038145654675E-4
91501	-6.36735430692169E-4
91501	-6.36735430692169E-4
91501	-6.36735430692169E-4
92001	-6.364259570554294E-4
92501	-6.363222758691378E-4
92501	-6.363222758691378E-4
93001	-6.364490020248806E-4
93501	-6.364123052541076E-4
93501	-6.364123052541076E-4
94001	-6.36550948067842E-4
94501	-6.365519876046626E-4
95001	-6.365794236026817E-4
95501	-6.366259335895071E-4
96001	-6.365794251404188E-4
96501	-6.3660483683742E-4
96501	-6.3660483683742E-4
97001	-6.366795678531471E-4
97501	-6.365482281533288E-4
98001	-6.363052510688531E-4
98001	-6.363052510688531E-4
98501	-6.362615666792148E-4
99001	-6.360656516656725E-4
99501	-6.359328360956045E-4
99501	-6.359328360956045E-4
