7 98 131 184 325 366 486 871 934 1077 1575 1867 1976 1979 1995 2288 2435 2586 2589 2736 3073 3539 3784 3981 4111 4290 4457 4555 4812 4991 5100 5104 5390 5450 5577 5648 5830 5921 6230 6867 6957 7280 7359 7416 8112 8143 8360 8387 8396 8434 8536 8544 8581 8798 8811 8843 8977 9453 9771 10408 10495 10545 10548 10576 10734 10804 10917 10994 11023 11031 11357 11382 11883 11939 12340 12497 12524 12757 12874 12875 13259 13308 13314 13517 13572 13577 13735 13879 13931 14151 14329 14862 14905 15120 15127 15136 15464 15603 15914 16234 16285 16304 16529 16573 16659 16900 16943 17033 17137 17433 17463 17587 17796
848 2183 4975 6388 7714 7855 7876 8057 8125 8249 10194 10496 10559 12343 13916 15717 16176 16616
1905 1923 2027 2125 3089 3307 4958 5735 7879 8753 9075 9510 10058 10833 12281 14640 17795
1327 2205 2539 5624 9444 10419 13947 16075 16948 17794
1355 2663 4224 5914 6399 6528 10142 13500 16504 17603
690 1203 2049 2544 3474 3986 5012 6556 8600 11252 11804 12429 12633 15796 15951 16414 16607 16687 16895 16994 17467
165 3187 3855 3966 5271 7375 7693 7852 8477 12917 13848
926 1510 2233 4260 7040 8543 10899 11655 15025 16092
990 992 1099 2520 4109 4921 6135 9965 10628 13495 14612 15241 17195 17483
32 69 1477 1628 1835 1877 2093 2332 3354 4047 4609 5305 5452 5505 5587 5702 5780 5815 6543 6975 7022 7087 7550 7590 7791 9007 9114 9969 10048 10173 10280 10309 10906 11557 11608 11944 11987 12622 12688 12769 12938 12976 13282 13720 14077 14112 15596 15612 15627 15690 16184 16186 16275 16349
789 6736 8316 8576 14637 15237 15415 15607 16015 16305 16507 16739 17946
953 1340 3194 3819 4151 7830 7883 9257 9991 12154 14799 14992 16740
2090 5629 6513 9410 11525 11927 12514 12570 16690 17805
32 707 2093 2332 3752 3783 4609 5452 5702 5780 5815 6260 6781 7791 9313 9969 10309 11987 12622 15677 16184 16186 16275 16312 16411
2308 2823 5502 5876 6307 7180 7296 8177 8751 12631 14525
4217 4873 5741 7656 8896 8921 12076 12147 13106 13610 15247 15622 17311
1031 3067 3137 3596 3609 6450 6467 7277 8096 17310
1908 3373 6875 7999 11462 12235 12953 13764 15881 16479
5202 6130 9184 9909 10486 11197 11298 14176 14251 16871
1035 1907 3884 4117 12502 13763 14349 15011 17351 17683
2538 2858 3334 5310 6344 6786 6813 7203 8244 10564 12209 12868 12982 14627 14782 15016 15154 15219 15436 16206 17427 17738 17791 17878
386 680 1211 2080 2545 3396 3645 4038 5536 6262 8295 9501 10070 10100 10188 10391 12322 12338 12679 14145 14860 16277 17249
1256 2113 3435 3447 5132 8476 10885 12862 15476 15886
1028 4607 6173 7114 8128 8389 10439 11313 12202 13105 13822 14660 14773 16689
1234 3122 3489 8100 8326 8859 9268 10888 10960 15223 16124
5058 6255 10141 13606 14086 14998 16279 17053 17490 17626
4381 4760 5353 6130 6951 11922 12194 13341 14176 17504
1502 3239 6693 8009 8047 9802 10448 12016 13666 14374 14401 15055 16689 17182 17584
2310 2798 3424 4546 7647 8980 9500 12860 15823 16233 17173
1941 2802 2947 5343 7319 7832 8344 9026 10169 10330 11154 11746 12412 12630 15252
1732 2204 3156 4348 4637 7176 7733 10929 11197 13639 15847
1601 1735 1782 2315 2902 3998 4491 5337 7295 7698 7700 8483 9676 10189 13500 13934 16181 16916 17603
417 855 1942 2187 2377 2648 5185 5501 8450 8661 9884 11619 12533 12783 12833 14956 16257 17145 17512 17943
24 134 5548 7293 8478 9750 13486 13673 13713 16267
751 1860 3003 3272 3328 6934 7101 8273 10473 12429 13377 15437 16650
1028 3568 6173 6369 8389 8422 8605 9696 10374 10439 11255 13105 13822 14660 14773 15473
134 3070 4358 5074 5548 6342 9574 9750 10418 12075 12274 13486 14871 16843
1097 5048 6188 6513 7635 8310 9111 9410 10549 11525 12348 12514 12673 12985 14196
325 4285 8333 11548 13243 13704 14710 15435 16308 17088 17525
1990 4312 5419 5843 10094 11215 11552 14445 15736 16916
159 3256 3995 7668 8754 10076 10150 11236 15356 16498
303 1989 5624 8529 9684 10729 11721 12283 12428 15401 16948 17238 17480
602 942 1603 1989 3848 5624 10419 15184 15316 15458 16075
7024 7234 7348 8588 10461 13785 15096 16087 16836 17763
312 7440 7601 8816 11103 13242 13726 14627 15016 15257 17198
663 4943 8924 10293 10660 11064 12559 12570 14132 14453 15578 16130 16585 17805
25 46 141 1243 1587 3526 3991 10138 16599 17253
140 1028 3662 6369 6879 8128 8426 11313 12949 13057
2040 4301 5446 6533 10893 14630 14652 15114 15377 17066
239 560 1698 3441 5134 6188 7779 11529 13432 14453 17700
