1 4 9 12 13 18 27 32 43 48 49 51 55 56 59 64 66 68 69 73 78 80 83 91 98 101 105 108 109 115 116 125 126 132 135 137 143 151 153 160 164 171 173
1 2 4 5 6 8 10 12 15 16 17 22 23 24 25 27 29 30 31 32 33 35 36 38 39 40 44 45 46 47 49 51 52 53 55 56 57 58 59 60 61 62 63 64 65 66 67 68 69 70 71 73 75 76 78 79 82 83 84 85 86 88 89 91 93 94 96 97 99 100 101 102 103 104 106 107 108 111 113 114 115 116 117 118 119 121 123 124 125 126 128 129 130 131 133 134 135 136 137 138 140 142 143 144 145 146 148 149 150 151 153 155 156 157 158 159 161 163 164 165 166 167 168 169 171 172 173 175 176 177
1 2 3 4 5 6 7 9 10 11 12 16 17 18 19 20 21 22 23 24 25 27 30 32 33 34 35 36 38 40 41 42 45 46 47 48 49 50 51 52 54 55 56 57 58 60 61 62 63 64 65 66 67 70 71 72 74 75 77 79 80 81 82 83 84 85 86 87 89 90 92 93 94 95 96 97 98 99 100 101 102 103 104 105 106 107 108 110 112 117 118 119 120 121 122 123 126 127 128 129 130 132 133 134 135 136 137 138 139 141 143 144 145 146 147 148 150 151 153 155 157 161 162 164 167 168 169 170 174 175 177
1 2 4 6 7 9 10 12 13 15 16 17 18 20 21 22 23 24 25 26 27 28 29 30 32 33 34 35 37 39 40 42 43 44 46 47 48 49 50 51 54 55 56 58 59 60 61 64 65 66 67 68 71 73 74 75 76 77 78 79 80 82 83 86 87 88 89 90 91 92 95 96 97 98 99 101 102 105 106 107 108 109 110 112 113 114 115 116 117 118 119 120 121 122 123 124 125 126 128 129 130 131 134 135 136 137 138 140 141 142 143 144 146 147 150 151 153 157 158 159 160 162 163 164 166 168 169 170 171 172 174 175 176
5 9 10 11 13 18 19 21 23 28 35 41 45 48 59 61 63 69 74 75 78 81 85 90 102 108 109 110 112 115 116 118 119 124 125 127 132 134 155 158 170 174 177
6 15 18 19 22 23 31 40 45 50 51 52 53 55 56 62 70 76 81 83 86 88 93 94 97 104 111 121 124 127 128 130 133 134 139 146 152 155 157 165 167 169 171 173 176
3 5 8 13 14 16 22 25 45 52 58 59 60 69 70 72 75 77 81 85 94 97 100 104 106 111 118 127 130 132 145 148 149 154 155 156 161 164 166 167 170 173 175 176 177
1 2 3 4 5 6 10 11 12 13 16 17 20 23 24 25 26 27 30 32 33 34 36 37 38 39 40 41 42 43 44 46 47 48 49 50 51 52 53 54 55 56 57 59 60 61 62 63 64 65 66 67 68 70 71 72 73 76 77 78 79 82 83 84 85 86 88 89 91 92 93 94 95 96 97 98 99 100 101 103 104 105 106 107 108 109 110 111 112 113 114 115 117 120 123 126 127 128 129 131 132 136 137 138 139 140 141 144 145 146 148 150 151 153 154 155 157 158 159 160 161 162 163 164 165 166 167 168 169 170 172 175 176 177
1 12 51 66 67 101 113 119 123 127 137 140 142 155 157 159 169 171
1 9 12 14 22 23 25 28 29 31 36 45 51 66 67 69 73 78 81 87 97 100 101 113 119 123 124 127 132 134 137 140 142 149 152 154 155 157 158 159 165 166 169 171
10 12 16 17 21 23 26 32 34 40 43 44 59 61 63 65 71 72 73 74 78 81 83 84 87 88 92 96 98 111 116 118 119 126 132 141 147 156 160 161 164 169 170 175 176
1 4 6 15 20 21 24 26 30 33 39 42 43 46 49 50 51 53 54 56 61 62 63 65 71 79 82 83 84 86 88 90 93 95 96 98 99 101 102 107 108 110 113 119 120 121 126 128 131 135 136 137 144 147 150 151 153 156 158 162 174
1 4 6 7 9 10 11 15 18 19 20 21 24 26 30 32 33 39 42 43 46 49 50 51 53 54 56 61 62 63 65 71 73 79 80 82 83 84 86 88 90 93 95 96 98 99 101 102 107 108 110 113 117 119 120 121 122 126 128 131 135 136 137 139 143 144 147 150 151 153 156 158 162 171 174
1 4 6 7 9 10 11 12 13 15 17 18 19 20 21 23 24 26 27 28 29 30 32 33 34 37 38 39 40 41 42 43 44 46 47 48 49 50 51 53 54 55 56 57 59 60 61 62 63 64 65 66 68 70 71 73 74 75 76 78 79 80 82 83 84 86 87 88 89 90 91 92 93 95 96 97 98 99 101 102 103 105 107 108 109 110 111 112 113 114 115 116 117 119 120 121 122 123 125 126 128 131 132 133 135 136 137 138 139 140 141 142 143 144 146 147 149 150 151 153 156 157 158 159 160 161 162 163 169 171 172 174
2 9 23 24 31 36 48 58 60 63 68 77 90 92 112 129 130 140 145 161 166
2 7 9 11 16 20 21 23 24 28 31 32 33 34 35 36 37 41 43 44 45 48 56 58 60 63 67 68 69 77 90 92 105 109 112 123 125 126 129 130 132 140 145 148 155 160 161 166 173 174 177
3 5 6 7 8 9 10 11 13 14 16 17 19 20 21 22 23 24 25 28 29 30 31 32 33 34 35 36 37 39 40 41 45 46 48 49 50 52 53 54 55 56 57 59 62 63 64 65 66 67 68 69 70 71 72 73 74 75 76 77 79 81 85 87 88 89 90 92 93 94 95 96 97 98 100 102 103 104 106 107 109 111 112 113 114 116 117 120 121 122 124 125 127 128 130 133 136 138 140 141 142 143 145 146 147 148 149 150 151 152 153 154 155 156 158 159 160 161 162 163 165 166 167 169 170 172 173 174 176 177
3 4 6 8 10 11 12 13 14 15 16 18 19 20 21 24 26 27 28 29 30 32 33 34 35 36 37 39 40 41 42 43 44 46 48 49 50 52 53 54 55 57 58 59 64 65 66 67 71 72 73 75 76 77 78 79 80 81 82 83 84 85 86 88 90 92 94 95 96 97 98 99 101 102 103 106 107 108 109 110 111 112 115 116 117 118 119 120 122 123 124 126 127 128 130 131 135 136 137 138 139 140 141 143 144 146 147 148 149 150 151 153 155 156 157 158 159 160 162 163 164 166 168 169 173 174 175 176 177
2 5 16 22 25 31 35 44 77 85 97 118 161 175
2 3 5 7 8 9 10 11 13 14 15 16 17 19 20 21 22 23 24 25 28 29 30 31 32 35 36 37 38 39 40 42 44 45 46 47 48 49 50 52 53 57 59 60 61 62 63 64 65 67 69 70 71 72 73 74 75 76 77 81 85 89 90 92 94 95 96 97 98 99 100 102 103 104 105 106 107 109 110 112 113 116 117 118 120 121 122 123 124 125 127 128 129 130 131 133 134 136 138 139 140 141 145 146 147 148 149 150 151 152 154 155 156 157 158 159 161 162 163 164 165 166 167 168 169 170 171 174 175 176 177
1 12 13 15 16 20 26 27 37 39 40 41 42 46 48 50 51 52 55 56 59 63 65 66 67 68 69 71 76 79 80 84 97 105 108 109 110 112 116 117 120 123 126 127 135 138 139 141 142 143 146 147 148 157 158 159 160 161 169 171 172
1 5 9 12 13 14 15 16 18 19 20 21 26 27 37 39 40 41 42 46 48 50 51 52 55 56 59 63 65 66 67 68 69 70 71 74 76 77 79 80 84 94 97 102 105 106 108 109 110 112 116 117 120 123 125 126 127 133 135 138 139 141 142 143 146 147 148 154 157 158 159 160 161 167 169 170 171 172 174
1 2 3 4 5 6 7 8 9 10 11 12 13 14 15 16 18 19 20 21 22 23 24 25 26 27 28 29 30 31 32 33 34 35 36 37 38 39 40 41 42 43 44 45 46 47 48 49 50 51 52 54 55 56 57 59 60 62 63 64 65 66 67 68 69 70 71 72 74 75 76 77 78 79 80 81 82 83 84 85 86 87 88 89 90 91 92 93 94 95 96 97 99 100 101 102 103 104 105 106 107 108 109 110 111 112 114 115 116 117 118 120 121 123 124 125 126 127 128 129 130 131 132 133 134 135 136 137 138 139 140 141 142 143 144 145 146 147 148 150 152 153 154 157 158 159 160 161 162 163 164 165 166 167 168 169 170 171 172 173 174 175 176 177
2 8 9 11 17 19 21 24 29 43 47 48 53 58 67 74 81 91 92 94 95 102 104 105 110 112 118 125 131 134 135 139 140 141 145 147 152 154 155 157 164 168 171 172 173
2 8 28 35 38 72 89 116 118 134 140 148 156 157 168
2 8 19 22 28 35 38 44 47 48 53 54 66 70 72 74 76 78 87 89 98 101 105 106 116 118 124 126 130 133 134 140 148 152 155 156 157 161 164 166 167 168 169 173 175 176
1 2 3 4 5 6 8 10 11 12 13 14 15 16 17 18 20 21 23 26 27 28 29 31 32 33 34 36 38 39 40 42 43 44 46 47 49 50 51 52 53 54 56 59 61 62 63 64 67 68 71 73 75 76 77 78 79 80 82 83 84 85 86 87 88 90 91 92 93 94 96 97 99 100 101 103 104 105 106 107 108 110 111 113 114 115 116 118 119 120 121 122 123 124 126 127 128 129 130 132 133 135 136 137 138 140 142 143 146 147 148 149 150 151 152 153 154 155 157 158 159 160 161 163 164 165 167 169 170 171 173 176 177
3 9 11 38 45 58 74 77 78 81 104 109 112 139 155 177
3 7 8 9 10 11 13 14 18 19 21 25 26 35 38 45 58 59 72 74 75 77 78 81 92 94 104 109 112 115 122 123 124 125 127 132 135 139 148 155 158 164 170 171 172 176 177
7 9 10 11 13 14 18 20 21 25 28 32 41 48 55 59 66 68 73 74 78 80 81 90 95 101 105 109 115 116 117 118 122 124 125 126 135 136 137 139 141 146 147 150 154 160 171
3 11 14 21 22 31 41 74 101 124 154 161 164 172 177
3 7 9 10 11 13 14 18 20 21 22 25 29 31 32 41 43 48 55 59 66 68 69 73 74 78 80 81 90 101 105 109 124 133 136 137 154 160 161 164 172 174 176 177
3 9 10 11 13 14 18 20 21 23 31 32 36 42 43 44 45 48 49 54 55 58 68 69 74 78 80 81 89 92 105 109 117 118 124 125 129 132 135 145 146 171 173
9 10 11 13 14 16 18 20 21 22 25 28 34 35 37 41 42 46 48 52 64 69 73 74 77 90 92 95 105 109 112 116 117 118 122 125 138 139 141 142 143 146 147 158 164 166 170 173
11 22 24 33 35 36 37 42 43 50 54 55 57 59 67 68 70 85 89 94 105 110 111 112 116 117 120 124 125 131 143 145 147 152 156 158 161 162 163 165 167 172 173
2 4 9 13 15 16 34 37 41 43 48 56 60 69 70 71 73 74 78 80 88 90 94 98 102 105 109 113 116 118 122 125 128 129 130 132 134 135 138 140 144 154 164 165 166 175
9 14 16 17 18 19 21 22 29 33 38 43 64 66 68 69 74 75 78 84 87 90 92 93 98 100 102 105 108 110 111 112 119 124 125 126 130 131 132 135 139 145 149 155 162 164 171 173 174 175 176
2 19 33 36 43 53 57 60 63 65 68 70 77 78 80 84 86 90 93 94 106 111 112 114 116 126 133 135 137 141 155 157 158 162 165
2 18 19 21 29 33 36 43 48 53 57 58 60 63 65 68 69 70 74 77 78 80 84 86 90 93 94 106 109 111 112 114 116 125 126 133 135 137 141 155 157 158 162 164 165 172
2 17 22 23 28 30 31 38 47 52 57 61 63 75 77 93 111 116 120 127 134 138 140 142 145 152 157 161 162 163 165 167 174 175 176
2 17 22 23 28 30 31 38 47 52 57 61 63 75 77 93 111 116 120 127 134 138 140 142 145 152 157 161 162 163 165 167 174 175 176
2 17 30 47 61 63 93 116 120 127 134 140 142 152 157 162 163 165
1 2 3 4 5 6 7 8 9 10 11 12 13 14 15 17 18 19 20 21 22 23 24 26 27 29 30 32 33 34 35 37 39 40 41 42 43 45 47 49 50 51 52 53 54 55 56 57 58 60 61 62 63 65 66 67 68 69 70 71 72 74 75 76 77 78 79 80 81 82 83 84 85 86 87 88 89 90 91 94 95 96 97 98 99 100 101 102 103 104 105 106 107 108 109 110 111 112 113 114 115 116 117 118 119 120 122 123 124 125 126 128 129 130 131 132 133 134 135 136 137 138 140 141 143 144 146 147 148 149 150 151 152 153 154 155 156 157 158 159 160 162 163 165 166 167 168 169 170 171 172 173 174 175 176 177
1 4 6 7 8 9 10 11 12 13 14 15 16 18 19 20 21 24 25 26 27 30 31 32 33 34 35 36 37 38 39 41 42 43 48 49 50 51 52 54 56 58 59 61 62 64 65 68 71 73 74 75 76 78 79 80 82 83 84 86 88 89 90 91 92 94 95 96 98 99 100 101 102 103 105 107 108 109 110 112 113 114 115 116 117 118 119 120 122 124 125 126 128 130 131 133 134 135 136 137 139 140 141 142 143 144 145 146 147 149 150 151 152 153 154 157 158 159 160 162 164 165 166 167 168 169 170 171 173 174 175
1 4 10 12 23 26 27 39 40 46 50 54 56 67 71 76 79 82 83 87 88 91 93 96 99 100 102 103 104 107 110 115 119 120 121 126 128 133 136 141 146 150 151 152 153 168 169
1 2 4 6 10 12 15 17 20 23 24 25 26 27 29 30 31 33 35 36 37 38 39 40 42 43 44 46 47 49 50 51 52 53 54 55 56 57 58 60 61 62 63 64 65 66 67 68 70 71 73 76 77 79 80 82 83 84 86 87 88 89 90 91 93 95 96 97 98 99 100 101 102 103 104 105 106 107 108 110 111 112 113 114 115 117 119 120 121 123 125 126 127 128 129 130 131 133 136 137 138 139 140 141 142 143 144 145 146 147 149 150 151 152 153 155 156 157 159 160 162 163 164 165 168 169 171 172 174 175 177
1 2 3 4 6 7 8 12 15 16 17 20 23 24 26 27 28 29 30 31 33 34 35 37 38 39 40 41 42 43 44 46 47 49 50 51 52 53 54 55 56 57 60 61 62 63 64 65 66 69 70 71 73 76 77 79 81 82 83 84 85 86 87 88 89 91 92 93 95 96 97 98 99 100 101 103 104 106 107 108 110 111 112 113 114 115 116 117 118 119 120 123 126 127 128 130 131 132 134 136 137 138 140 141 142 143 144 146 147 148 149 150 151 153 156 157 158 159 160 161 162 163 166 167 168 169 173 175 176
2 8 15 17 23 24 25 26 35 36 38 45 51 52 53 57 63 65 67 72 76 81 84 85 91 93 97 106 108 111 116 129 144 148 155 159 161 165 167 170 177
1 4 6 7 10 12 14 15 16 18 19 20 21 26 27 30 32 33 34 37 39 40 41 42 43 46 48 49 50 51 52 54 55 56 57 59 63 65 66 68 69 70 71 73 74 75 76 77 78 79 80 82 83 86 88 90 91 92 93 96 98 99 102 105 107 108 109 110 113 114 115 116 117 119 120 122 123 124 125 126 128 131 135 136 137 138 141 144 146 147 149 150 151 153 156 158 159 160 163 164 166 169 171 174 176
1 2 4 5 6 7 8 9 10 11 12 13 14 15 16 18 19 20 21 26 27 30 32 33 34 35 37 38 39 40 41 42 43 46 48 49 50 51 52 54 55 56 57 59 60 61 62 63 65 66 68 69 70 71 72 73 74 75 76 77 78 79 80 82 83 84 85 86 88 90 91 92 93 96 97 98 99 100 102 103 105 107 108 109 110 113 114 115 116 117 118 119 120 122 123 124 125 126 127 128 131 132 135 136 137 138 141 144 146 147 148 149 150 151 153 155 156 158 159 160 161 163 164 166 169 170 171 174 176 177
