1 4 5 6 7 8 9 10 11 12 13 14 15 16 17 18 19 20 21 22 25 26 27 28 30 32 34 35 37 38 39 40 41 42 45 46 48 49 50 51 52 54 55 56 57 58 59 63 64 65 66 68 70 71 72 73 74 75 76 77 78 79 80 82 83 85 88 89 90 91 92 94 95 96 98 99 101 102 103 105 106 107 108 109 110 112 114 115 116 117 118 119 120 122 123 124 125 126 128 131 132 133 135 136 138 139 141 142 143 144 146 147 148 149 150 151 153 155 156 158 159 160 161 164 166 168 169 170 171 174 177
1 4 6 9 12 18 29 44 47 51 53 63 78 79 82 83 84 87 90 93 98 99 108 114 116 126 132 137 140 144 146 149 153 157 171
7 10 13 18 19 20 21 24 32 37 41 42 43 48 54 56 65 66 70 74 78 88 90 92 95 98 101 102 105 109 110 112 117 125 126 128 131 135 139 141 147 150 162 169 171 174
1 4 6 12 24 30 33 40 49 51 56 68 77 78 79 80 82 83 86 88 90 91 99 101 108 110 113 125 126 128 131 135 137 144 146 150 153 160 169 171
9 10 12 18 27 28 32 33 39 42 43 50 55 56 59 70 74 77 83 88 92 102 105 112 115 117 118 122 126 135 139 143 146 150 160 166 168 169 170
3 5 8 16 29 31 38 39 44 47 53 58 61 67 75 76 81 85 100 104 106 113 121 134 149 152 155 157 159 161 165 168 172 176 177
2 3 16 17 29 31 35 36 47 53 58 61 62 65 67 81 84 87 93 94 100 104 111 113 121 123 129 131 133 148 149 152 155 162 165 167
1 3 5 6 8 10 16 17 19 22 23 24 26 29 30 38 44 45 47 49 50 51 52 53 58 60 61 62 63 64 65 66 67 69 71 72 75 76 77 78 80 81 82 83 84 87 89 91 93 94 96 97 98 99 100 102 103 104 106 107 108 112 113 114 115 119 120 121 122 123 124 125 127 128 129 130 131 132 133 136 138 139 140 145 146 150 151 152 153 154 155 157 158 159 163 164 165 167 169 170 172 173 174 176 177
1 2 4 6 20 24 26 27 30 33 34 37 39 40 42 47 49 50 51 54 55 56 57 60 62 65 67 68 70 71 79 82 83 84 86 87 88 89 90 92 93 95 96 98 102 103 106 107 108 110 114 115 117 120 122 126 128 129 131 134 137 141 144 146 150 151 153 157 160 162 169 174
1 2 3 4 6 7 9 10 12 14 18 20 24 26 27 30 32 33 34 37 38 39 40 41 42 46 47 48 49 50 51 52 53 54 55 56 57 58 59 60 62 65 67 68 69 70 71 74 78 79 80 82 83 84 86 87 88 89 90 91 92 93 95 96 97 98 99 100 102 103 105 106 107 108 110 114 115 117 119 120 121 122 125 126 127 128 129 131 133 134 135 136 137 139 141 144 146 150 151 152 153 156 157 159 160 162 163 169 170 173 174
10 12 15 17 20 24 30 32 33 34 37 39 40 41 42 44 46 49 50 53 55 57 59 62 63 64 65 70 71 73 76 79 88 93 95 97 98 101 103 106 113 114 120 128 131 133 136 138 139 141 142 143 146 147 150 151 152 156 157 159 168 176
10 12 13 14 15 17 18 19 20 24 26 27 30 32 33 34 37 39 40 41 42 43 44 46 48 49 50 51 52 53 54 55 56 57 59 62 63 64 65 66 68 70 71 73 76 79 83 84 86 88 89 91 93 94 95 97 98 100 101 103 104 106 108 109 110 111 113 114 115 120 126 127 128 129 131 133 136 138 139 141 142 143 144 145 146 147 149 150 151 152 156 157 158 159 162 163 166 168 169 170 171 176
4 6 12 18 20 32 51 56 59 74 82 99 107 109 110 136 137 146 150 151 153
7 9 10 16 21 22 24 28 32 33 34 38 41 42 43 48 49 52 53 54 56 64 66 69 72 73 74 78 80 81 88 92 100 105 106 110 117 118 122 130 139 152 164 173 174
1 4 7 11 13 18 19 20 23 24 27 29 30 33 35 37 39 40 41 43 48 49 50 52 54 55 57 63 64 65 67 71 76 77 80 84 88 92 95 97 102 105 109 112 113 114 120 126 128 129 130 131 136 137 138 139 140 141 146 147 148 150 151 153 156 157 159 160 162 165 166 174
1 4 7 8 9 11 13 16 18 19 20 23 24 25 27 28 29 30 33 35 37 38 39 40 41 43 45 48 49 50 52 53 54 55 57 62 63 64 65 67 69 70 71 76 77 80 84 85 88 92 94 95 97 100 102 103 104 105 109 112 113 114 120 126 128 129 130 131 133 136 137 138 139 140 141 145 146 147 148 150 151 152 153 154 155 156 157 159 160 162 165 166 167 172 174
7 9 11 18 19 21 32 41 43 48 66 68 74 78 90 102 105 109 112 117 122 125 135 139 143 164 174
9 30 32 40 55 74 80 101 108 117 137 147 153 160
7 9 18 21 32 37 41 56 59 74 78 92 117 125 160 170 174
3 16 21 45 64 69 75 92 95 129 154
1 2 3 4 5 6 10 12 13 14 15 18 19 20 21 23 26 27 30 32 33 36 37 40 44 46 47 49 50 51 53 54 56 58 59 60 61 62 63 67 71 72 73 76 77 79 81 82 83 84 85 86 88 89 91 93 94 96 97 99 103 104 106 107 108 110 113 114 115 116 119 120 121 122 124 125 126 127 128 130 131 136 137 138 142 144 146 147 149 150 151 153 155 158 164 165 167 169 170 171 172 174
1 2 4 5 6 7 10 11 12 13 16 18 20 21 26 27 32 33 37 39 41 42 43 46 50 51 54 55 56 59 66 67 68 69 71 73 75 79 80 82 83 84 85 86 87 88 91 93 96 99 100 101 102 103 106 107 110 113 115 117 118 122 123 126 128 135 136 137 138 139 141 146 147 150 151 153 158 160 169 170 171 174
3 16 17 22 29 35 36 38 45 47 53 55 57 60 63 67 69 70 77 81 85 87 93 97 104 106 111 113 123 124 127 129 140 148 154 155 156 161 163 165 166 172 177
1 4 6 10 12 15 19 20 26 27 30 33 37 39 40 42 46 49 50 51 54 56 59 62 65 66 71 76 79 82 83 84 88 89 91 93 96 97 98 99 102 103 106 107 108 110 113 115 120 123 126 128 131 136 146 150 151 153 157 160 168 169
1 2 3 4 5 6 8 10 12 13 15 19 20 22 26 27 30 33 34 35 37 39 40 41 42 44 45 46 49 50 51 54 56 59 62 65 66 68 70 71 72 73 75 76 77 79 82 83 84 85 88 89 91 92 93 94 96 97 98 99 101 102 103 104 106 107 108 110 111 113 115 117 120 122 123 126 127 128 131 136 142 143 146 149 150 151 152 153 155 156 157 158 160 161 168 169 170 171 174 176
1 2 4 6 16 17 20 24 26 27 28 30 33 34 35 37 38 40 43 44 46 48 49 50 51 52 54 55 56 57 58 60 63 64 65 67 70 71 73 79 82 83 86 87 89 91 95 96 97 98 99 101 102 103 105 106 108 110 112 113 114 116 117 119 120 126 127 128 129 131 134 136 138 140 141 142 144 146 147 150 153 158 160 162 163 165 166 168 169 174
1 2 4 6 12 16 17 20 23 24 26 27 28 29 30 33 34 35 36 37 38 40 42 43 44 46 47 48 49 50 51 52 53 54 55 56 57 58 60 62 63 64 65 66 67 68 70 71 73 76 79 82 83 84 86 87 89 91 92 93 95 96 97 98 99 100 101 102 103 104 105 106 108 110 111 112 113 114 116 117 118 119 120 123 126 127 128 129 130 131 134 136 138 140 141 142 144 146 147 148 149 150 153 155 157 158 159 160 162 163 165 166 167 168 169 174
17 34 36 38 42 45 47 60 63 65 67 69 75 85 89 93 94 97 100 102 103 104 114 120 121 128 130 133 142 155 159 161 164 165 166 168 172
1 3 4 5 6 18 27 41 44 51 68 78 79 80 82 83 87 91 94 99 107 108 114 115 126 127 130 132 135 136 137 150 151 153 170 172 173
5 7 13 14 18 20 21 22 25 36 45 58 72 81 90 94 118 127 130 134 142 145 148 152 158 167 168 170 173
3 7 9 11 14 15 18 19 21 23 29 31 44 45 48 58 63 66 74 80 81 94 98 101 102 122 126 129 147 149 152 154 155 169 170 173 174
3 5 8 9 10 11 13 14 16 18 19 20 21 22 25 31 34 36 41 45 48 59 69 72 74 75 77 78 81 92 94 105 109 116 122 124 127 130 139 154 170 172 173 176
7 8 9 11 13 14 18 21 31 32 41 45 48 59 69 72 74 78 104 105 109 118 122 124 125 126 135 139 145 154 158 166 170 171 173 177
23 28 31 34 38 45 47 52 58 60 61 63 64 93 100 116 118 123 129 133 138 140 142 148 156 161 172 173 175
5 29 31 69 85 94 116 118 124 148 161 176
9 25 36 58 70 81 112 130 133 134 165 168
9 18 58 68 78 80 90 92 115 122 132 135 139
2 4 5 9 11 15 27 32 40 43 44 56 57 58 66 68 72 73 84 87 93 95 99 109 112 117 122 124 130 131 135 137 156
3 5 7 9 16 19 23 29 35 41 47 75 87 90 94 98 104 121 122 123 124 127 134 135 143 154 164 177
3 5 11 13 15 20 21 22 24 28 30 32 33 34 35 37 38 39 40 42 46 47 48 50 52 53 56 57 60 61 64 65 66 67 68 69 71 72 74 75 77 84 85 86 87 88 89 92 93 95 97 98 103 104 105 109 111 112 114 117 118 120 121 123 125 127 128 131 138 139 140 141 142 143 146 147 149 150 152 156 157 158 160 161 162 163 169 174 175
1 4 6 10 12 18 27 32 39 40 51 55 71 78 79 80 82 83 86 91 96 99 101 107 108 126 135 136 137 144 146 150 151 153 160 169 171
8 22 23 25 28 34 36 45 51 56 69 72 75 76 93 94 95 106 116 118 120 124 125 129 130 134 137 140 142 143 155 164 171 175 176 177
17 23 24 25 28 30 34 35 36 38 44 45 46 47 53 57 58 61 63 64 65 76 85 93 95 100 114 116 119 123 127 129 132 140 155 159 161 162 163 166 167 168 173 177
23 25 34 36 38 45 52 53 61 62 81 100 104 118 119 134 143 161 165 166 167 173 175
6 51 75 96 107 108 134 137 144 159
8 9 11 13 14 16 20 21 22 25 28 29 31 32 34 36 41 45 48 55 58 72 74 78 81 90 94 95 105 109 111 118 139 143 145 154 167 173
1 4 6 12 15 16 26 27 30 33 37 39 42 46 50 51 52 54 56 65 71 73 79 80 82 83 84 86 88 89 93 96 99 103 107 108 110 113 114 120 121 123 126 128 131 136 137 144 146 150 151 153 168 169 173
1 2 4 6 12 15 16 17 24 26 27 30 33 34 37 38 39 40 42 44 46 47 49 50 51 52 53 54 56 57 58 60 61 62 63 64 65 66 67 71 72 73 76 77 79 80 81 82 83 84 85 86 88 89 91 93 96 97 98 99 100 101 103 104 106 107 108 110 111 113 114 119 120 121 123 126 127 128 129 131 136 137 138 140 142 144 145 146 149 150 151 152 153 156 157 158 159 162 163 165 168 169 172 173 175 177
9 28 31 37 43 48 95 112 133 154
5 8 45 58 72 127 130 161 164 173 175 177
