=== Parameters ===
QualitiesFiles : datasets/Facebook/qualities_train.csv
PropertiesFiles : datasets/Facebook/properties_train.csv
attrType : BOOLEAN
resFolder : Facebook_jaccardSupportDescriptionTarget_0.6_100000_WeightedRelativeF1
minSupp : 10
nbLoops : 100000
maxOutput : 50
maxRedundancy : 0.6
maxLength : 5
measure : WeightedRelativeF1
UCB : UCBSP
refineExpand : TunedGenerator
duplicatesExpand : AMAF
pathLength : -1
refineRollOut : Large
jumpingLarge : 10
rewardPolicy : MaxPath
memoryPolicy : TopK
topKMemory : 1
updatePolicy : Max

=== Result Information ===
date : 17/10/2025 18:33
runtime(ms) : 9907189
nbPatterns : 50
measures : 0.00 0.00 0.00 0.00 0.00 0.00 0.00 0.00 0.00 0.00 0.00 0.00 0.00 0.00 0.00 0.00 0.00 0.00 0.00 0.00 0.00 0.00 0.00 0.00 0.00 0.00 0.00 0.00 0.00 0.00 0.00 0.00 0.00 0.00 0.00 0.00 0.00 0.00 0.00 0.00 0.00 0.00 0.00 0.00 0.00 0.00 0.00 0.00 0.00 0.00
descriptionLength : 1 4 1 1 1 3 1 1 1 1 1 2 3 3 2 3 3 3 2 5 3 4 2 2 3 2 3 2 2 2 2 2 3 4 3 4 2 4 3 3 3 3 4 2 2 4 3 4 3 2