235 1612 2023 2282 2927 3392 7159 9318 11441 12173 14609 15361 17475
2204 4348 5202 7176 7733 9184 10421 13639 14254 15847
249 2209 2254 3769 4027 10247 10553 10830 11856 13507 14104 15400 15570
926 1510 2233 4260 7040 8543 10899 11655 15025 16092
1860 2372 2686 4339 4719 5706 8048 8532 11474 11656 14294
90 106 181 630 692 3533 5517 5640 7317 8612 10753 10911 11565 12680 15248 15914
22 251 280 442 1796 3004 3209 3410 3582 3797 4651 5869 6018 7012 7065 7758 8162 9232 9454 9529 9961 10674 10903 11219 11660 11669 11691 12114 12152 13601 13826 14248 14592 15416 15564 15854 16634 16846 16925 17380 17540 17574 17771
612 1216 1298 1456 2036 2160 2976 3009 3331 5031 5080 5811 6436 7849 9611 9633 13528 14990 15346 15779 17359 17527 17926 17954
388 420 1207 1370 2074 4921 5018 6135 6719 7900 8728 8734 8836 10082 10153 10997 11212 11773 13464 14612 15506 16605
1416 1638 2798 3424 4546 4595 5323 7095 8980 9500 10448 11303 12860 13020 13037 14898 14986 15823 15896 16233
1228 2246 2330 3057 3466 3806 4501 4704 5095 5514 5963 6808 6871 8434 10542 11031 11503 11667 12761 13028 13061 13238 14079 15329 16234 17263 17836 17935
2798 4546 7647 9500 12329 12472 12860 13020 15823 16233
1454 2463 4486 5580 7774 10537 13986 16219 16980 17717
69 4047 7022 7791 9969 10309 12938 12976 13282 14112 15612 16275 16349
2562 3910 6760 12268 13503 13587 14315 15543 15774 17460
1327 2205 5624 7746 8673 9444 10419 13241 15184 16075 17794
322 1601 2837 3148 3857 4749 6121 6966 9282 10617
937 1782 4225 4491 4693 5843 8037 8483 10094 10992 12219 12252 13970
363 554 745 1600 2023 2502 2954 3229 3862 3964 4298 5522 5595 6894 7207 9771 10455 15316 16304 17277 17620
5393 6130 6951 13215 13523 14176 14277 15980 16893 17504
1097 5629 6188 6513 7270 9988 10102 10549 11525 12570 15578 16690 17805
764 1134 3270 3450 4067 6917 7975 9522 12710 13809 14035
1785 2112 2479 4606 5012 6181 7537 7779 7871 8194 8212 9268 12171 13100 14033 17859
2350 4333 5565 5566 6887 6985 11104 13885 14979 15477 17804
1528 2190 2600 2797 3085 4086 6602 6965 9920 10345 11420 12067
397 1194 1365 2317 5015 7332 7347 9416 9427 9519 9658 9660 9884 11224 12808 13175 14298 15337 15412 15622 15803 16709 17092 17311
1511 2181 4094 5461 7601 8783 8833 10582 10946 12991 13297 15099 15387 17198
550 689 3969 6608 7804 8061 8875 10360 11876 12315 13595 14302 14394 15969 16177 16418
3655 3793 3839 5524 5647 5769 8833 8865 8959 9046 9337 10923 11344 12991 13297 14627 15016 15815 16086
174 274 769 1059 1485 1649 2621 3771 4162 4352 4454 4590 4803 4980 5264 5934 7003 7283 7674 7845 7898 7928 7973 8595 9122 9201 9855 9948 10317 10443 11287 11504 12289 13597 14775 15243 15824 15984 16228 16463 16784 17047 17338 17909 17966
248 602 942 1742 1989 5624 8673 9444 10729 13241 13717 15184 15401 15458 16075 17480 17794
1638 2798 3424 4546 5323 7095 8980 9500 11303 12860 13020 13037 14898 14986 15823 15896 16233
256 2100 4760 5353 6951 10971 11922 12194 13341 15980 17504
2100 4760 6130 10971 12194 13523 14176 16462 16893 17504
247 762 1696 3303 4171 4617 4677 4771 4974 6136 6448 9124 9441 9572 10944 13478 13574 13799 14596 16413 16580 17449
2310 5323 7647 9500 11649 12329 12472 14547 14898 14986 15896
3839 4496 5784 5807 9337 10575 14697 15231 15890 17198 17267
1035 2419 4117 5714 6612 6701 10868 11100 13302 15011 15675
419 3498 4059 4407 8647 9665 12452 13061 16150 17158
560 807 867 1698 2479 3441 5134 6188 6513 9913 10549 11529 12673 13432 14453 15905 16491 16585 17402 17631
1560 3751 6015 9928 10130 10795 11442 11526 15652 16799
1355 1782 4225 4376 4693 5595 5608 5843 7698 7700 7728 7954 8037 8100 11215 12531 12900 13132 13921 13934 13970 15912 16504 17620
2027 2125 4958 5735 7879 8753 9510 10058 10833 14640
1596 2244 6181 6911 11392 11512 12104 14202 14265 14944 15117 15427 15782 17052
1479 1562 1732 4272 4348 4637 5220 5939 7733 8312 10965 11197 15847
1562 1732 4272 4348 5939 7733 8312 10965 11197 15847
1026 1445 6467 7277 8069 8096 8971 11213 13069 14471 16269
1028 2846 4607 7114 8422 8426 9696 11313 12973 14660
248 602 942 1603 1742 1989 3848 8673 9444 10419 13241 13717 15316 15401 15458 16075 17480
524 2074 3634 4710 5817 7473 7604 7907 8862 10246 11363 12304 12387 12398 13013 14434 15135 15347 15540 15617 16453 17399 17557
