1905 1923 2027 2125 3089 3307 4958 5735 7879 8753 9075 9510 10058 10833 12281 14640 17795
1411 2874 6152 6862 7325 8993 9234 11383 13293 16021
1653 1748 2484 2739 2877 4802 7355 8974 13268 15793 15941 17918
103 416 854 2069 2124 2131 2485 2885 3053 4132 4726 5375 6086 6466 6804 7941 8168 8464 8511 9047 9065 9592 9768 10449 10608 10739 11634 11923 12048 12193 12204 12471 13270 13472 14381 14428 14867 15228 15877 16530 17872
1949 2317 2535 5695 8769 9427 11940 13488 13694 14864 16959 17415 17624
811 1386 2673 6037 9091 9394 10477 10650 11098 14370 15513 16479 17313
213 257 785 1091 4424 4850 6818 7329 8117 8237 8747 8953 9373 9584 9738 10922 11214 11921 12333 13033 13948 15648 17125 17298
255 1314 1618 3057 4008 4828 6583 9050 9256 9497 9551 10135 10178 10445 12207 12830 16033
7 98 325 366 462 486 509 696 934 1277 1867 1935 1976 1979 1995 2288 2435 2567 2586 2589 2625 2660 3073 3867 3981 4111 4250 4812 4991 5057 5060 5095 5126 5211 5450 5488 5648 5830 5958 6125 6777 6843 6867 6957 7280 8121 8198 8207 8387 8396 8581 8811 8843 8977 8995 9439 9634 9771 10218 10679 10822 10844 10994 11023 11031 11210 11357 11673 11939 12096 12340 12355 12497 12515 12613 12757 12821 12857 12874 12977 13259 13314 13517 13572 13600 13931 14329 14441 15120 15127 15136 15190 15464 15831 15930 16234 16283 16285 16304 16573 16626 16659 16873 16943 17033 17587 17597 17796
6513 7622 10046 11064 11525 11777 11927 12226 12514 12570 13116 14491 15902 15967 16130 17700
36 1102 1186 1394 1476 1490 2119 2286 2349 2695 3583 3703 3845 4059 4156 4270 4385 4407 4419 4514 4578 5163 5560 5588 5740 6083 6196 7133 7250 7531 7537 7703 7712 8275 8618 8647 8712 8731 8886 9722 9733 10064 10736 10853 12247 13061 13278 13377 13960 15669 15752 15861 16150 16208 16561 17048 17158 17534 17911
1685 2064 2678 3175 4314 5313 6656 10960 12402 14588
979 6094 6494 7140 9648 9663 12461 14027 14628 15595 17367 17424
680 2386 4889 7081 10070 10100 10864 14145 16034 16733 17067 17678
1706 2368 2532 5374 6204 7484 8915 11851 12981 15637
3572 3608 3835 4472 7884 9384 10322 12176 13247 17487
48 2453 2645 2714 3704 4516 4732 4945 6111 6128 9324 12419 13291 13957 14069 17122
5245 5486 6745 6846 8922 10658 10867 13426 14311 15482
194 1035 2419 4117 5032 5714 9131 10868 13302 13763 14349 15011
2502 3489 7005 8583 8991 12389 12474 15149 17718 17883
1326 5957 8389 8422 8426 8605 10778 11255 12202 12973
25 46 141 1165 1243 1587 3526 3991 9021 10138 10520 10798 16599 17253 17807
2090 3698 3898 4255 4943 7622 12226 13116 13697 15287 15956 15967 16130 17154
161 194 3687 9131 12113 12502 13763 14349 17351 17683
397 1365 1775 4873 7332 7656 7936 8896 9089 14298
2419 2490 4285 4361 9539 9657 10230 10592 12551 16978
817 1932 2347 5081 5661 6261 7101 7996 8829 9403 10983 11794 12489 15262 15993
543 1095 2599 3093 3287 4550 6273 7889 8187 10578 13057 15495 17692
546 2451 5617 6284 9501 10070 10918 14693 14860 15906 16509
1580 3236 3289 3524 4885 7044 11126 13961 16048 16144 16525 17180 17472 17633
341 791 4196 6147 6226 6372 9279 9687 11870 12075 12921 13717 14090 14188 14498 15846 16199
898 3224 3996 4572 4861 6250 6614 7938 8502 12069 15598
420 6135 6194 8728 8836 10153 13464 14612 14889 14996
1028 1326 2846 3568 4607 6173 6369 6413 7114 8128 8389 8422 8426 8605 9696 10374 10439 10450 10778 11255 11313 12202 12949 12973 13105 13822 14660 14773 15473 16689
992 2456 5436 8486 11558 11790 12733 15241 16270 17087
69 911 2731 6389 7358 9699 10102 10422 14572 14989 15803 17391
241 699 4126 4831 7472 11116 13463 14645 17645 17671
662 1006 2130 3217 4277 11875 12278 13530 14882 15921
359 2934 4198 10808 10809 11473 12250 16076 16209 17476 17586
356 416 2069 2131 2485 9047 12471 12711 14428 15228
349 412 751 1270 1502 1829 1875 1923 1970 2568 2700 2843 3688 3787 4673 5040 5147 5192 5703 5879 6033 6062 6137 6196 6632 6735 7047 7300 7494 7577 7970 7998 8089 8171 8403 8418 8530 8569 8999 9170 9259 9618 9876 10382 10448 10591 10735 11104 11434 11536 11759 11909 11941 12001 12243 12561 12747 12806 13245 13960 14188 14647 15055 15262 15297 15439 15535 15861 16205 16531 16644 16650 17043 17332 17544 17817 17857
3634 4572 5817 8862 9278 9585 12387 12398 15265 17881
862 1195 1226 1307 2970 3071 3704 4516 5387 5477 6128 7014 7499 7880 7957 8633 9323 12209 12419 12868 13307 13350 14237 14782 14950 15304 15436 16118 16272 17194 17791
2392 5056 6615 7589 8572 11020 11149 11954 12854 15365 16796 17741
225 1777 4109 7711 8108 8111 8486 11976 12922 13088 14469 14538 15241 16004 16270 16813
1532 5331 9605 9749 10262 11397 13874 14352 14582 15462
312 1511 2455 2858 5286 6439 6444 7601 8220 8833 9046 10582 10946 10999 11980 12039 12982 12991 13274 13297 14581 14841 15154
109 1780 7457 7740 7998 9919 11420 13648 15070 17907
1664 3208 6346 6907 8694 9052 11492 12887 15963 17039 17515 17972
2609 2916 3706 3751 7302 8519 8764 8958 9712 9928 10130 10284 10335 10795 12321 13892 15652 15859 16501 16799
