4 7 10 65 73 74 101 109 115 122 142 156 158 164
14 36 77 100 111 130 142 148 155 167 173 175
1 2 3 4 5 6 7 8 12 14 16 17 18 22 27 29 31 32 35 38 39 40 41 44 46 49 50 51 58 59 60 61 67 69 71 72 73 75 77 78 79 80 81 82 83 85 87 91 93 94 96 99 100 104 106 107 108 111 113 114 115 119 120 121 122 124 126 127 129 130 132 135 136 137 138 140 144 145 146 149 150 151 152 153 154 155 156 158 159 160 161 163 164 165 166 167 168 169 170 171 173 176
6 12 15 17 20 24 26 28 29 33 34 35 36 37 38 42 43 44 46 48 49 50 52 53 54 57 61 65 67 68 70 71 76 80 84 85 88 91 92 95 96 98 99 100 101 102 103 105 106 111 112 113 114 119 120 121 123 126 128 130 138 140 141 142 143 147 148 149 150 151 152 156 158 159 160 162 163 165 166 167 168 169 174 177
7 8 13 14 22 35 41 55 76 87 88 96 101 105 111 117 132
1 17 30 41 43 64 89 95 114 120 141
19 32 55 66 78 101 102 117 121 174
1 2 10 11 14 19 33 39 43 49 50 54 61 73 80 87 92 98 102 111 118 130 131 136 139 151 158 160 173
2 3 4 6 10 12 13 14 15 16 17 18 20 23 27 29 32 33 36 37 39 40 42 44 46 48 49 51 52 53 56 57 58 60 62 63 65 66 67 71 73 78 79 80 82 83 84 85 86 87 88 91 93 96 97 98 99 101 102 103 107 108 110 113 114 118 119 120 121 123 126 128 131 134 135 136 137 140 141 143 144 146 147 149 150 151 152 153 157 159 161 162 165 166 168 169 170 171 172 173 174 177
1 3 4 6 7 9 10 11 12 13 17 18 19 20 21 24 26 27 29 30 32 33 34 37 38 39 40 41 42 43 46 47 48 49 50 51 52 53 54 55 59 60 61 62 63 64 65 66 67 68 70 71 73 74 78 79 80 81 83 84 86 87 88 89 90 92 93 95 96 98 99 101 102 103 104 105 106 107 108 109 110 112 113 114 115 117 118 119 120 121 122 123 125 126 128 129 130 131 132 133 136 137 138 139 140 141 142 144 146 147 148 149 150 151 152 153 155 159 160 162 165 166 168 169 171 172 174 176
3 5 6 7 9 10 11 13 14 18 19 20 21 22 28 31 32 37 48 56 59 72 74 78 81 94 96 105 107 109 115 117 122 124 125 126 134 137 139 141 151 154 155 161 170 174 175
1 5 11 13 18 20 27 32 41 43 48 55 56 68 70 78 80 90 91 92 101 102 105 116 117 125 132 135 139 153 160 161 170 171 174
1 3 9 13 20 24 26 27 30 32 33 43 47 56 59 70 71 78 79 80 90 96 101 105 110 117 128 135 141 146 150 160
23 28 29 48 55 57 58 70 74 78 95 112 129 130 133 134 139 140 142 148 154 164 165 172 175
2 3 5 10 11 15 16 17 20 21 22 24 33 35 36 37 38 39 41 42 44 45 46 49 50 51 52 53 57 58 60 61 62 63 64 65 67 69 70 71 72 74 75 77 81 85 87 89 90 92 93 94 96 97 100 102 103 104 106 111 112 113 114 119 120 121 123 127 130 133 134 136 138 140 141 142 145 146 147 149 150 151 152 155 156 157 158 159 161 162 163 164 167 168 170 172 173 175 176 177
16 24 25 29 36 40 45 72 81 100 106 119 125 145
3 8 14 15 17 22 23 25 29 31 47 52 53 60 61 63 75 77 78 93 97 104 106 116 118 123 129 130 140 157 159
1 2 3 4 5 6 12 15 24 26 27 29 30 31 32 37 38 40 42 43 45 46 47 49 51 52 53 54 58 60 61 62 63 64 65 67 68 69 71 72 73 76 79 81 82 83 84 85 86 87 88 89 93 94 96 97 99 100 101 103 104 106 108 110 112 113 114 119 120 121 123 124 126 129 130 131 133 136 138 140 141 142 144 145 146 147 148 149 151 152 153 157 158 159 160 161 162 163 165 167 169 172 175 176
1 2 6 15 16 17 19 22 24 27 33 36 40 46 47 49 50 52 53 54 56 59 62 67 68 73 76 79 82 83 84 86 88 89 91 93 96 99 101 105 108 110 113 114 115 120 126 128 131 136 144 147 150 157 158 163 169
3 9 11 37 48 57 70 74 81 92 94 105 112 125 130 164
3 23 29 31 69 81 94 106 134 165 173
1 2 3 4 5 8 12 14 15 17 18 19 27 28 30 31 32 39 40 43 46 47 51 53 61 62 65 67 70 71 72 75 78 79 80 81 82 83 84 85 86 88 91 94 96 98 99 100 102 103 104 107 108 111 113 116 117 120 121 124 125 126 127 128 131 134 135 136 137 138 142 143 144 145 149 150 151 152 153 154 158 160 163 164 166 171 172 175 176
18 31 45 78 80 81 91 104 135 165
3 8 11 18 21 25 28 29 31 34 35 38 45 48 55 63 64 75 81 92 104 112 124 125 127 129 132 133 145 155 159 161 164 165 166 173
1 2 3 4 6 8 10 11 12 14 15 16 17 20 26 27 28 31 34 38 39 40 43 44 45 46 47 49 51 52 53 54 57 59 60 62 65 69 70 71 72 73 75 76 77 79 81 83 84 93 94 96 97 98 99 103 104 106 108 111 113 116 118 119 120 123 124 127 129 135 138 142 143 145 146 148 149 150 152 156 157 158 159 162 163 164 167 169 171 172 173 176
1 4 6 10 12 16 38 65 75 82 84 88 93 96 99 102 107 112 117 120 122 129 135 137 144 150 151 153 156 174
1 2 3 4 6 7 8 10 12 16 23 24 26 27 32 34 38 39 40 45 47 49 50 51 52 55 56 57 59 60 62 63 64 66 67 68 70 71 72 75 77 79 80 82 83 84 85 86 87 88 91 93 96 99 100 101 104 106 107 108 111 113 114 115 117 118 120 121 122 123 126 127 129 133 135 136 137 138 142 144 146 149 150 151 152 153 155 156 157 164 165 167 169 170 171 172 175 177
9 29 33 36 45 47 69 72 77 87 89 112 129 134 135 138 139 154 155 163 173 177
8 35 69 72 85 87 118 133 152 172 174
2 3 5 7 8 11 13 14 15 16 18 20 23 26 27 28 32 33 34 35 36 37 38 41 42 44 45 46 50 52 53 56 57 59 60 61 62 63 66 67 68 70 72 73 75 76 84 87 88 89 91 92 93 94 97 100 101 102 103 105 106 109 110 111 113 114 117 119 120 121 122 123 124 126 127 129 133 134 141 142 143 147 148 149 155 156 157 158 159 161 166 169 170 172 174 176 177
5 7 8 9 13 14 16 18 22 23 25 31 38 44 45 47 57 59 61 69 72 75 85 90 94 104 111 118 121 124 127 132 134 145 152 154 156 161 165 167 168 170 173 175
3 7 9 14 18 19 21 25 38 41 45 48 55 57 63 69 70 74 75 81 85 92 94 102 104 106 111 112 125 132 133 139 145 152 154 173 174 177
2 17 23 24 25 28 29 30 31 43 47 53 58 60 61 68 69 86 89 100 113 114 119 121 123 129 130 131 138 140 157 162 163 164 171 172 173 175
2 9 11 24 34 37 38 45 47 54 61 67 69 93 104 113 114 116 118 121 130 131 138 139 149 155 168 173 177
3 7 13 26 33 37 41 45 52 55 57 64 66 70 72 81 84 85 91 92 95 102 104 105 109 120 122 133 134 161 162 170 174
4 10 13 18 20 21 60 66 68 74 80 88 89 91 94 107 108 116 120 127 128 135 139 168 170 171 177
5 9 23 25 29 30 35 37 44 46 49 53 58 61 64 78 91 116 129 135 139 140 142 143 144 145 152 159 165 174
3 9 17 22 29 45 53 70 81 94 97 102 104 112 133 134 152 155 165 174
1 3 4 5 6 7 8 10 12 13 14 15 16 18 20 21 25 26 27 28 30 32 33 34 35 37 39 41 42 44 45 46 49 50 52 54 56 59 65 68 71 72 73 76 77 79 80 83 84 85 87 88 89 91 94 96 97 98 99 101 102 103 105 106 107 109 110 114 115 117 118 119 120 122 125 126 127 128 130 134 135 136 138 141 144 146 147 148 149 150 151 152 153 154 156 157 158 160 168 169 170 173 174 176 177
5 9 46 61 69 70 72 75 78 133 134 135 138 143 156 167 173 177
3 5 7 8 9 11 13 14 16 18 21 41 48 59 64 74 75 78 85 109 116 122 123 124 125 130 170 177
1 7 9 10 11 13 18 19 20 21 26 32 37 41 42 43 48 65 74 78 82 88 90 92 95 98 102 105 109 110 112 115 122 125 128 131 137 139 141 147 169 171 174
3 19 28 29 31 45 47 48 53 84 87 90 94 95 100 104 105 111 112 121 130 133 139 155 165
2 17 23 25 29 36 38 47 61 63 97 100 119 123 129 130 132 134 140 164 166 167 173 176
22 35 61 64 72 81 85 93 111 118 124 132 145 155 167 177
20 23 28 33 34 37 41 42 46 68 69 73 74 77 88 95 101 102 105 112 138 160 163
1 3 4 5 6 8 10 12 15 16 23 26 27 28 30 35 36 37 38 39 43 46 49 50 51 52 54 55 56 57 60 63 64 65 66 67 69 70 71 72 73 75 76 77 79 82 83 84 85 88 89 93 95 96 97 99 103 106 107 108 110 112 113 114 115 116 117 120 123 126 128 130 132 136 137 138 139 141 146 147 149 150 151 153 155 157 158 163 166 168 169 172 176
5 25 28 29 31 34 35 36 38 44 46 49 52 64 69 72 76 77 81 93 94 111 116 118 123 129 138 142 145 148 156 158 161 163 165 167 173 175
4 5 6 7 10 12 14 15 18 21 22 32 38 39 44 46 47 49 50 51 52 54 55 59 62 64 65 66 67 68 69 71 72 73 75 76 79 82 83 85 86 87 89 91 92 94 96 98 99 101 102 103 106 107 108 113 114 115 116 117 118 120 121 122 123 124 125 126 127 128 136 137 138 142 143 144 147 148 149 150 151 153 156 157 158 169 170 173 174 176 177
3 11 22 25 28 29 34 35 38 41 43 45 53 58 69 73 78 80 81 101 102 104 105 112 125 127 130 133 139 152 155 166 172 175
