1 2 4 5 6 12 15 17 22 23 24 25 26 27 28 30 31 33 34 35 36 37 38 39 40 42 43 44 45 46 47 49 50 51 52 53 54 56 57 58 60 61 62 63 64 65 66 67 68 70 71 72 73 76 77 79 82 83 84 85 86 87 88 89 91 93 94 96 97 98 99 100 101 103 106 107 108 109 110 111 112 113 114 116 117 118 119 120 121 123 126 128 129 130 131 133 134 136 138 140 142 143 144 146 147 148 150 151 152 153 155 156 157 158 159 160 161 162 163 165 166 167 168 169 170 172 174 175 177
3 5 7 8 9 23 34 35 41 45 57 60 61 63 69 70 75 81 85 87 93 94 104 111 116 118 124 130 132 133 134 140 148 149 154 155 159 161 164 166 167 168 173 174 175 177
11 23 25 28 29 31 34 36 38 41 43 45 55 58 64 69 78 90 100 105 112 116 123 125 127 129 130 132 135 137 140 142 143 145 159 160 161 164 165 166 167 171 173 175
1 3 5 7 10 11 13 15 20 21 25 26 27 37 39 41 44 45 46 47 50 53 55 56 59 60 63 66 68 71 75 79 80 82 83 84 85 87 88 89 90 92 95 96 98 99 102 104 105 106 108 109 110 115 117 120 121 122 123 127 132 133 134 135 136 141 147 150 152 157 160 162 169 170 174 177
1 3 4 5 6 7 10 11 12 13 14 15 16 18 20 21 22 23 25 26 27 32 33 35 37 39 40 41 44 45 46 47 49 50 51 52 53 54 55 56 57 58 59 60 61 62 63 64 65 66 68 70 71 72 75 77 79 80 81 82 83 84 85 86 87 88 89 90 91 92 95 96 97 98 99 100 101 102 103 104 105 106 107 108 109 110 115 117 118 120 121 122 123 126 127 128 130 132 133 134 135 136 137 139 141 142 144 146 147 148 150 151 152 153 156 157 160 161 162 164 166 167 169 170 173 174 175 177
1 4 6 10 12 15 22 24 26 27 29 30 32 33 34 39 40 42 43 44 46 47 49 50 51 52 53 54 55 56 58 60 61 62 65 66 67 68 71 73 75 79 80 82 83 84 86 87 88 89 91 96 98 99 101 103 106 107 108 110 112 113 114 115 117 120 121 123 126 128 129 131 135 136 137 144 146 147 150 151 153 157 158 160 162 163 165 167 168 169 171 172
7 9 13 20 21 41 43 56 68 69 74 92 105 109 118 122 124 125 145 160 170
7 9 11 13 20 21 23 28 31 35 37 41 43 46 48 56 64 68 69 72 73 74 77 92 95 105 109 116 118 122 123 124 125 130 132 139 141 143 145 146 147 154 160 161 166 170 172
1 13 15 16 20 26 30 32 33 42 44 46 47 50 54 56 63 67 68 75 76 79 84 85 86 88 96 101 103 106 113 114 115 118 120 121 122 123 126 138 158 159 160 169 170 171 177
5 11 13 17 19 20 21 23 24 26 30 33 35 37 41 42 48 53 54 65 74 75 77 89 90 92 95 97 98 102 103 109 112 118 127 128 131 139 141 143 147 152 156 157 162 166 168 174
2 3 4 6 8 10 15 17 19 20 26 28 29 34 37 39 40 42 44 46 50 51 52 53 55 57 61 62 63 64 65 66 67 69 71 73 74 83 84 85 86 88 91 93 94 95 96 97 98 99 100 103 104 111 112 114 115 116 117 118 119 120 122 123 124 126 127 128 129 136 138 140 142 143 144 145 147 148 150 152 154 155 156 157 158 161 162 163 165 166 167 169 171 172 174 176 177
3 5 7 9 11 13 18 21 41 59 74 78 92 109 122 125 129 130 132 133 145 156 166 176
3 5 7 8 9 11 13 14 18 21 22 25 29 31 38 41 45 48 59 74 75 78 81 92 94 104 109 122 124 125 127 129 130 132 133 134 145 152 154 156 165 166 172 173 176 177
1 2 4 6 10 15 26 33 37 39 40 42 43 46 47 49 50 51 52 53 54 56 65 67 68 70 71 75 79 82 84 86 88 91 96 97 99 101 103 106 107 108 110 113 114 115 120 121 123 126 128 134 136 137 138 142 149 151 153 159 160 163 165 169
2 25 48 60 112 129 130 139 165 167 174
2 3 8 9 16 18 19 23 25 28 29 31 37 41 42 43 48 60 61 62 67 72 81 84 85 94 102 104 106 112 121 124 129 130 132 134 139 140 154 155 161 164 165 166 167 174 177
3 7 8 9 10 11 13 14 18 19 20 21 28 31 41 46 48 59 64 73 74 78 85 90 92 95 98 102 105 109 112 116 117 118 122 125 139 141 143 146 147 154 166 171 174 177
2 3 4 14 16 19 22 23 25 26 27 33 34 36 54 57 58 62 64 68 75 77 92 94 101 107 116 120 130 134 135 139 140 144 148 151 159 160 161 164 165 167 172 173 174 175
5 16 22 25 29 36 38 44 45 52 58 61 63 72 81 93 100 114 119 122 124 130 133 148 155 164 165 168 172 173
1 2 4 6 8 12 15 16 17 22 26 27 33 34 35 36 38 39 40 42 44 47 51 53 54 57 60 61 62 65 67 68 71 75 76 83 84 86 87 89 93 97 99 103 104 106 108 111 113 114 119 120 121 124 127 137 138 140 141 142 144 146 149 150 152 153 156 157 158 159 162 163 167 168 169 171 172 175 176
1 4 6 12 18 23 27 34 40 49 51 54 55 68 78 80 82 83 86 88 90 91 96 99 107 108 115 125 126 135 137 141 143 144 146 151 153 160 164 169 170 171
7 11 13 21 22 28 32 34 35 36 41 59 64 69 72 74 77 87 92 94 116 118 139 154 155 156 159
7 9 11 13 14 18 19 20 21 22 28 31 32 34 35 36 41 45 48 58 59 64 69 72 74 77 78 81 87 92 94 102 105 116 118 122 124 125 130 139 143 152 154 155 156 159 164 168 170 173 174
7 9 12 18 19 20 27 32 33 34 37 39 41 42 43 48 51 55 56 64 68 69 74 78 80 84 86 88 90 92 93 102 105 109 112 116 117 122 125 132 135 137 139 141 160 169 171
1 2 4 8 15 16 17 20 23 24 27 30 31 32 33 35 36 37 39 40 42 43 47 48 49 50 53 54 55 56 57 60 61 62 64 65 66 67 68 71 74 77 78 79 80 81 82 83 84 86 88 89 90 91 93 95 97 98 99 100 101 102 103 105 108 109 110 111 112 113 114 117 119 120 123 125 126 127 128 131 133 134 135 138 139 141 144 146 147 149 150 153 154 156 157 159 160 161 162 163 165 168 169 174 175
1 4 7 12 14 18 24 26 27 32 33 38 43 51 54 56 58 59 66 68 73 74 78 79 80 82 91 92 96 101 105 108 110 116 117 131 135 142 149 152 153 158 170 171 176
3 5 8 13 14 16 18 19 25 28 29 34 35 38 45 52 69 75 77 78 81 85 100 104 116 118 122 124 125 127 132 133 145 148 149 155 156 161 164 165 166 167 168 170 171 173 175 176
1 6 12 15 26 33 40 51 54 56 62 66 82 84 86 88 91 98 99 108 114 115 121 131 137 142 157 158 163 169
3 5 9 14 16 22 23 25 29 31 35 36 44 45 47 58 63 67 69 70 72 81 84 87 94 104 106 116 121 124 129 130 133 134 145 152 154 155 165 167 172 173 174 175 176 177
1 7 14 18 20 32 36 39 70 71 73 78 90 107 139 146 150 151 170
1 2 3 6 7 19 23 39 42 44 47 49 51 53 67 71 78 79 81 83 87 99 101 102 103 104 107 108 112 113 114 121 123 124 128 129 132 133 135 136 138 147 150 151 154 155 163 168 172
1 2 3 4 5 6 8 16 17 22 27 29 31 35 36 38 39 40 44 45 46 49 50 51 52 57 60 62 63 64 67 70 71 73 75 76 77 79 81 82 83 84 85 86 87 93 94 97 99 100 102 104 106 107 108 111 113 114 120 123 127 128 129 130 134 136 140 144 145 148 149 150 151 153 154 155 157 158 161 164 165 167 172 173 175 176 177
1 4 5 6 8 27 36 39 40 49 50 51 52 60 62 70 71 73 75 76 79 82 83 86 93 99 100 102 106 107 108 113 120 128 136 144 145 149 150 151 153 157 164 167 176 177
1 7 11 19 30 33 40 41 55 59 60 62 75 81 94 101 104 111 124 125 127 131 139 146 149 155 157 159 170 171 172 173
1 6 7 11 12 14 15 16 17 19 33 36 38 39 40 46 49 50 51 53 54 61 62 64 65 66 67 70 76 79 83 84 88 93 94 100 103 113 114 115 119 123 124 125 127 128 136 138 144 149 151 153 155 157 158 162 168 169 174 177
1 2 6 15 37 39 51 63 67 79 82 86 91 96 99 107 108 128 144 151 153 168 169
2 3 4 5 7 8 9 10 11 12 13 14 15 16 17 18 19 20 21 22 24 25 26 27 28 29 30 31 32 35 36 37 39 41 42 43 46 48 49 53 55 57 58 59 60 61 62 63 65 66 67 70 71 73 74 76 78 80 81 82 83 85 87 88 89 90 92 93 94 95 96 98 100 101 102 103 104 105 106 109 110 111 112 113 114 115 117 119 120 121 122 123 124 125 127 128 129 130 131 132 133 134 135 136 139 140 141 142 143 145 146 147 148 149 150 152 154 155 157 158 159 160 161 162 164 165 166 167 168 171 172 173 174 176
1 7 11 15 19 20 22 41 42 46 48 49 54 57 71 74 78 81 84 85 87 90 92 95 98 100 102 103 104 106 109 112 114 128 131 136 139 141 143 147 150 155 156 157 174
3 8 25 28 29 34 35 38 45 47 52 53 58 63 70 75 78 81 82 84 93 97 100 114 119 123 129 130 132 133 137 142 145 152 153 159 161 162 164 165 166 168 173 175
3 5 8 9 14 16 22 25 44 45 47 53 58 60 62 69 70 72 75 77 81 87 94 102 104 111 118 121 124 125 145 148 149 152 154 155 156 157 161 164 166 167 172 173 174 176
5 7 9 11 13 14 18 21 22 37 41 52 56 58 59 60 61 70 74 81 92 94 95 100 104 105 109 112 122 124 125 130 133 134 139 141 145 152 161 164 167 168 170 173 174 176
1 4 6 7 8 10 13 15 20 23 24 25 27 30 33 35 37 38 39 40 42 45 46 49 50 51 52 54 55 56 59 60 61 63 65 68 70 71 73 76 79 80 82 83 84 85 86 87 89 90 91 92 93 95 97 99 100 102 103 106 107 108 111 112 113 114 115 119 120 121 123 126 127 128 129 132 133 136 137 138 139 140 141 142 144 146 149 150 151 153 156 157 158 159 161 162 163 164 167 168 169 170
2 3 8 17 38 45 47 61 63 87 93 94 124 149 177
2 3 8 11 13 14 16 17 23 28 35 38 45 47 48 60 61 63 69 73 87 89 92 93 94 95 104 105 110 111 117 118 123 124 139 143 145 149 156 161 165 167 170 175 177
5 11 14 18 21 22 25 28 29 31 34 36 41 44 45 48 52 58 59 62 63 64 68 69 70 73 76 78 87 90 104 105 109 116 124 130 132 133 145 154 155 163 164 171 172 177
6 9 11 18 21 28 34 40 50 51 74 79 94 104 108 109 112 113 116 134 139 143 154 171
1 26 35 51 62 66 73 86 91 108 113 115 140 144 159 169
1 4 8 10 12 15 16 25 26 27 28 32 37 40 50 54 56 62 68 71 73 77 79 80 82 83 87 88 91 96 99 101 104 105 106 113 118 126 136 141 142 143 146 149 150 152 154 158 163 169 171 172 176
1 4 6 7 8 9 10 12 14 15 16 18 19 23 24 25 26 27 28 30 31 32 33 34 35 37 38 39 40 41 42 43 44 45 46 48 50 51 52 54 55 56 59 60 61 62 64 65 66 67 68 69 70 71 72 73 74 76 77 78 79 80 81 82 83 85 86 87 88 89 91 96 98 99 100 101 102 104 105 106 107 108 111 112 113 116 117 118 119 121 122 124 125 126 127 128 131 132 133 134 135 136 137 138 139 141 142 143 144 146 149 150 151 152 153 154 155 156 158 159 160 162 163 165 167 169 170 171 172 173 174 175 176
1 6 10 12 13 17 27 30 37 40 42 43 47 50 53 57 62 66 73 79 82 86 89 96 101 102 103 106 112 113 117 121 123 127 128 131 134 136 141 142 150 151 152 153 160 162 167
