#iterations	mean Measure
1	0.010568031704095112
501	0.2580681635946384
1001	0.2559309222593539
1501	0.24659504530657256
2001	0.3481427398589889
2501	0.2987526688633389
3001	0.24899373001201675
3501	0.2851847579527942
4001	0.2555648693287406
4001	0.2555648693287406
4501	0.2786864476952178
5001	0.2564099564119109
5501	0.2746363477802208
6001	0.25576989281828627
6501	0.2705878377467091
7001	0.25709225237226674
7501	0.2653983641497685
7501	0.2653983641497685
8001	0.2681336567196869
8501	0.2581049880194514
9001	0.2650712349104539
9501	0.26334111727371196
10001	0.26058618147645585
10501	0.265610135255947
11001	0.2615863940457706
11501	0.26130706839025625
12001	0.2642287899944564
12501	0.26283255178347903
13001	0.2593799460715848
13501	0.2617698245600503
14001	0.2622949923203077
14501	0.2627463406203646
14501	0.2627463406203646
14501	0.2627463406203646
15001	0.26413819781876685
15501	0.2634271863204263
16001	0.2599074775337047
16501	0.2598546336389755
17001	0.26070927906591734
17501	0.26130163415834845
17501	0.26130163415834845
17501	0.26130163415834845
17501	0.26130163415834845
17501	0.26130163415834845
17501	0.26130163415834845
17501	0.26130163415834845
17501	0.26130163415834845
17501	0.26130163415834845
17501	0.26130163415834845
17501	0.26130163415834845
17501	0.26130163415834845
17501	0.26130163415834845
17501	0.26130163415834845
17501	0.26130163415834845
18001	0.2612367915398417
18501	0.26066501732845254
19001	0.25991407596398186
19501	0.260066628635731
20001	0.2598402650668775
20501	0.25915530035878365
21001	0.2586613669753009
21501	0.25800308648607573
22001	0.25742867571799416
22501	0.2567663790202204
23001	0.2565215052305932
23501	0.25634215099582414
23501	0.25634215099582414
24001	0.25604570742207544
24001	0.25604570742207544
24001	0.25604570742207544
24501	0.25547076227831833
24501	0.25547076227831833
24501	0.25547076227831833
24501	0.25547076227831833
24501	0.25547076227831833
24501	0.25547076227831833
24501	0.25547076227831833
24501	0.25547076227831833
24501	0.25547076227831833
24501	0.25547076227831833
24501	0.25547076227831833
24501	0.25547076227831833
24501	0.25547076227831833
24501	0.25547076227831833
24501	0.25547076227831833
24501	0.25547076227831833
24501	0.25547076227831833
24501	0.25547076227831833
25001	0.25472204168768314
25501	0.2541401179461684
26001	0.2535026941270796
26501	0.25360219009866786
27001	0.2538757154002411
27501	0.2532991456612934
28001	0.2529768719814442
28501	0.25242329703527644
29001	0.25180193247464383
29501	0.2522029915525903
30001	0.2521083457940504
30501	0.2513531187726847
31001	0.2506185023239247
31501	0.2511383459053204
32001	0.2500640351629241
32001	0.2500640351629241
32501	0.24942367020592363
33001	0.249497847506932
33001	0.249497847506932
33501	0.24889608326858909
33501	0.24889608326858909
34001	0.2482609052532447
34501	0.24852427223682022
35001	0.2472756477042092
35501	0.2463600480181966
36001	0.2462724970160762
36501	0.2455346548462268
37001	0.24563454897957301
37001	0.24563454897957301
37501	0.24485658209458835
37501	0.24485658209458835
37501	0.24485658209458835
38001	0.24484809651238254
38001	0.24484809651238254
38501	0.24382828166733822
39001	0.24390821095561682
39001	0.24390821095561682
39501	0.2432039421248378
40001	0.243321241108907
40501	0.242545996493546
41001	0.24257975139304064
41501	0.241748339735324
42001	0.24165390182152197
42501	0.24146947106699507
42501	0.24146947106699507
42501	0.24146947106699507
42501	0.24146947106699507
42501	0.24146947106699507
42501	0.24146947106699507
42501	0.24146947106699507
42501	0.24146947106699507
43001	0.24062738965273878
43501	0.2404884704078148
44001	0.23986623141715627
44501	0.23965355254745924
45001	0.23962516987261492
45501	0.23879171403289398
45501	0.23879171403289398
46001	0.23867407038318456
46501	0.23851142537922745
47001	0.23770890474085077
47001	0.23770890474085077
47501	0.23756243489322654
48001	0.23741634137772372
48501	0.23722434501836773
49001	0.23640212335154548
49501	0.23641462619726883
50001	0.2362717712048683
50501	0.23576711269986156
51001	0.23541572430419744
51501	0.23517490200018387
52001	0.23492297709263957
52501	0.23482976217412618
53001	0.23469661232626735
53501	0.23394975042567703
54001	0.23386545419204588
54001	0.23386545419204588
54001	0.23386545419204588
54001	0.23386545419204588
54501	0.23337191195094376
54501	0.23337191195094376
55001	0.23324058788332572
55001	0.23324058788332572
55501	0.2331609868397438
56001	0.2328350841599353
56501	0.23250534229250314
57001	0.23208092101929856
57501	0.23181820710260764
58001	0.23129677450501124
58501	0.23093859944420161
58501	0.23093859944420161
58501	0.23093859944420161
59001	0.230565645032053
59501	0.23009665032551924
60001	0.22979807405233144
60501	0.22944159802254646
61001	0.22926799121245747
61001	0.22926799121245747
61501	0.22881351462339208
62001	0.22872201235267556
62501	0.22827980762375188
62501	0.22827980762375188
62501	0.22827980762375188
62501	0.22827980762375188
62501	0.22827980762375188
62501	0.22827980762375188
62501	0.22827980762375188
62501	0.22827980762375188
62501	0.22827980762375188
62501	0.22827980762375188
62501	0.22827980762375188
62501	0.22827980762375188
62501	0.22827980762375188
62501	0.22827980762375188
62501	0.22827980762375188
63001	0.2280088829177057
63501	0.22745534124084285
63501	0.22745534124084285
63501	0.22745534124084285
63501	0.22745534124084285
63501	0.22745534124084285
64001	0.22731194254613765
64501	0.22684659451074718
65001	0.22669817902256598
65501	0.2263087546701244
66001	0.225805757259153
66501	0.22556597981392537
67001	0.2251388704280461
67501	0.22472168131465195
68001	0.2244268153007935
68501	0.2240539467958573
68501	0.2240539467958573
68501	0.2240539467958573
69001	0.2236931254255865
69501	0.22331400509098817
69501	0.22331400509098817
70001	0.2230213801258398
70501	0.2227514488754341
71001	0.2224874263357658
71501	0.22204678897236446
72001	0.22177039540345087
72501	0.22126572800249752
73001	0.22106472775912395
73501	0.22051614288597501
74001	0.22006981939631454
74501	0.21987630236443298
75001	0.21942401300906142
75501	0.2191153111737612
76001	0.21871536738031083
76001	0.21871536738031083
76001	0.21871536738031083
76501	0.21832510187239437
76501	0.21832510187239437
77001	0.2178722843119475
77501	0.21754216373289822
78001	0.2171284052319674
78001	0.2171284052319674
78501	0.216940354230115
79001	0.2164780894751012
79501	0.21613429046673321
80001	0.21582683631586427
80001	0.21582683631586427
80501	0.21561752067029732
81001	0.21525232963835486
81501	0.2148314382637154
82001	0.21464996882199464
82001	0.21464996882199464
82501	0.21425576262415
83001	0.2138723081540104
83501	0.2136061413106499
84001	0.21323501425826177
84501	0.2128917351546849
85001	0.21261147703780828
85501	0.21243326099112142
85501	0.21243326099112142
85501	0.21243326099112142
86001	0.21207507700826242
86501	0.21177673214358214
86501	0.21177673214358214
86501	0.21177673214358214
86501	0.21177673214358214
86501	0.21177673214358214
86501	0.21177673214358214
87001	0.21162032572510714
87501	0.21118517089334787
88001	0.2108633381322704
88001	0.2108633381322704
88501	0.21057121595913933
89001	0.21041006261856993
89501	0.21012769950758034
89501	0.21012769950758034
90001	0.20990599467945187
90501	0.20974908883422974
91001	0.20949117573085882
91501	0.20917553706995223
92001	0.2089188466062375
92001	0.2089188466062375
92001	0.2089188466062375
92001	0.2089188466062375
92001	0.2089188466062375
92501	0.2086513302228413
92501	0.2086513302228413
93001	0.20846255150846715
93501	0.20824002034381264
93501	0.20824002034381264
94001	0.20799597685695861
94501	0.2077394593105603
94501	0.2077394593105603
95001	0.20761387709315268
95001	0.20761387709315268
95501	0.20736627323371426
96001	0.20719206382243818
96001	0.20719206382243818
96001	0.20719206382243818
96001	0.20719206382243818
96501	0.207087745972532
97001	0.20692256993456148
97501	0.20673097360930645
98001	0.20660616887077451
98501	0.2064656558104596
98501	0.2064656558104596
98501	0.2064656558104596
98501	0.2064656558104596
98501	0.2064656558104596
98501	0.2064656558104596
98501	0.2064656558104596
98501	0.2064656558104596
99001	0.20628025577113207
99001	0.20628025577113207
99501	0.20610444134799208
