711 2144 2344 2766 3493 3733 7565 7730 8127 9744 9831 9860 11523 11637 11708 12184 15194 15616 16381 16715 17428 17576 17670 17695
1462 2378 2431 2711 3585 4518 5677 6733 7269 8165 8903 11193 13146 15411 16100 17276
914 1578 3644 4226 6308 7510 8139 12508 12565 13661 17485
243 264 315 432 606 5216 5475 5579 6295 6592 7143 7860 8120 8596 9035 9552 9586 11221 11314 11996 12595 14408 17038 17202 17803
659 2345 2713 5244 6939 8781 9132 9300 9312 10891 11122 11609 12882 13363 14182 15455 16845 17142 17325 17604
1181 2241 7474 7886 9059 9977 11710 13939 14579 15382
253 2305 3997 5599 9096 9782 10834 12897 13545 15249 15515
77 1824 2319 2522 5059 6841 7368 11372 14540 15413 16764
2508 4967 5059 5915 10021 10407 11247 14540 14901 16764 17305
219 502 2853 3757 4912 7015 12848 14900 15862 16742 17117 17435
2021 3207 3429 4529 4881 7903 8214 13888 15042 16168 17076
832 1792 2021 3029 3429 3462 4881 7903 8214 8652 8965 11153 12735 13888 15042
157 1210 1961 3207 7903 8806 11040 11469 14155 15042 15355 17076 17219
2573 3457 4666 6124 6269 8321 12262 16142 16153 17021 17650
93 1353 3870 4820 4986 6847 7809 10047 11810 15288 17417
293 721 1384 4208 4810 8224 10661 11249 12133 13422 16979
4715 6382 7351 9094 9834 10672 12326 14866 15332 16620
713 1217 3663 6103 7731 8409 9645 9759 10453 13583
192 1657 3844 3973 4780 6577 8701 11845 11900 14748 16241
373 2836 4895 5439 5787 6299 6552 7288 7834 8255 8710 13919 14395 15056 15615 15633 17395
1493 4584 5951 6711 6798 8428 13008 13466 14936 15836 16382
4223 4327 7812 9794 11058 11555 12186 12505 13450 15007 15155 17100
1353 1884 4200 4830 7272 7336 8025 8577 8914 9116 9499 9601 9995 10047 10615 11242 12294 12602 12969 12999 14462 15288 16400 16415 17417
2274 2638 2835 3282 3976 6263 6709 11413 12873 16803 17230
917 3221 6132 7254 7420 11671 13814 13890 14083 14544 14870 15271 15497
373 541 2884 5529 6299 6716 8855 8998 10529 13593 13703 16188 16783 17395
116 978 4814 8645 10263 12148 13750 15209 15398 17639
1217 1375 2570 7240 9759 10453 10785 14346 15033 15943
28 1857 2436 2872 3120 5125 5129 6461 7411 8050 9097 9520 10475 10974 11081 11780 12053 13075 13289 13917
975 1201 4022 5657 7132 9943 10890 12413 12901 12951 16171 17285
1862 3269 4362 4497 5771 6634 7690 9640 10037 10266 10272 15047 15555
4012 4735 5576 5699 6039 8335 9864 12220 14783 16551
2199 2833 3316 4567 6470 8614 9503 12397 12546 12749 13765 14164 14658 14933 15296 15894 17535
613 1106 2596 2721 3012 4717 5109 6116 6235 8491 10318 14180 16171 17129
28 474 3120 5114 6176 6986 7952 10307 10475 11081 16578
842 2034 2234 4684 6366 8590 8801 10057 13465 13573 13665 16142 16851
1614 1826 4238 4395 8252 10941 12861 13614 13729 17500
1915 2206 2274 2638 2835 3531 3976 4294 4996 5287 6263 8046 9776 12162 14756 15348 16803
2344 2766 7565 8127 10000 11523 13690 15194 15616 16715
743 1106 1263 2138 2596 2721 3012 4660 4717 6116 8491 9943 10890 11519 12413 12951 14977 16171 17129 17285 17607
876 2875 5480 5631 10096 10627 11963 12072 12460 12667 13544 14753 15426 15533 15562 17862
490 719 4218 4386 4505 8635 10127 10373 10627 12072 12460 12955 15562
490 719 4175 4218 5006 6406 6855 9238 10127 10256 12460 14753 16460 16670 16993 17657
169 1254 3993 5861 6285 8113 9578 10609 10664 11208 11900 14037 15002 15173 15198 15300 15645 15662 15699 16517 17016
721 1960 3205 3818 4768 5338 13072 13583 15020 15163 15982
456 552 646 1044 1150 1486 1704 2853 3362 3446 3973 4015 4329 4675 4912 4997 5239 5283 5325 6405 6577 9053 9306 10681 10859 11057 11085 11090 11737 11943 12225 12714 12788 12848 12958 13170 13367 13998 14215 14262 15284 15550 15862 16742 17117 17435
221 1200 1773 3700 4619 4962 7659 7820 10282 12135 12260 13897
4830 8025 8577 9499 9995 11810 14462 16400 16415 17417
1955 2727 5219 6569 12818 13166 14163 14418 15155 16584 16922 17100 17469
2274 2638 2835 2931 3171 3976 8046 9776 13541 14756 15449
