1 2 4 6 12 15 16 17 20 23 24 26 27 28 29 30 32 33 34 35 37 38 39 40 42 43 44 46 47 48 49 50 51 52 53 54 55 56 57 60 61 62 63 64 65 66 67 68 69 70 71 72 73 76 77 79 80 82 83 84 85 86 87 88 89 91 92 93 95 96 97 98 99 100 101 102 103 105 106 108 109 110 112 113 114 115 117 118 119 120 121 123 125 126 128 129 131 132 133 134 135 136 138 139 140 141 142 143 144 146 147 148 149 150 152 153 155 156 157 158 159 160 162 163 165 166 168 169 171 174 175 177
2 7 11 15 17 19 26 32 34 37 39 41 43 44 46 49 50 53 64 65 67 71 73 77 83 84 89 95 98 100 102 103 106 110 112 113 114 121 128 133 136 138 143 144 150 156 157 162 174
1 12 17 35 39 40 51 54 56 63 68 82 85 91 103 104 106 108 123 126 137 149 152 168 169
3 4 8 9 10 11 12 13 14 19 22 38 41 45 52 55 57 59 61 70 72 78 81 90 94 98 99 107 112 136 139 155 161 167 174 176
1 4 6 15 26 35 36 38 39 40 46 49 51 52 62 67 71 76 79 81 82 83 88 94 96 99 100 103 106 107 108 113 114 122 123 124 127 133 136 142 144 148 149 150 151 153 155 156 158 159 172
3 5 9 10 14 16 18 25 31 41 44 45 58 61 66 67 69 70 72 74 80 82 83 94 102 107 115 121 122 124 130 132 133 135 136 140 149 151 154 155 161 164 165 167 170 177
1 7 8 9 11 12 13 18 20 21 27 32 33 37 41 43 55 56 59 68 70 73 74 78 80 88 90 92 96 101 102 105 107 109 115 122 126 135 137 160 170
1 6 15 27 30 33 37 40 42 43 52 53 54 55 57 63 68 70 73 80 82 84 86 87 91 93 95 98 103 105 106 107 108 111 113 114 120 126 128 137 141 143 149 151 153 157 162 168 169 174
6 11 13 30 32 39 41 42 48 51 55 86 92 102 109 112 117 150 160 163 170 174
10 12 13 17 19 20 21 22 30 33 34 37 41 43 48 55 56 63 65 68 73 80 86 92 94 95 96 102 108 112 114 116 122 125 128 136 142 145 146 147 150 155 156 161 164 166 167 170 171 172 174
14 17 22 23 25 33 35 36 38 45 47 61 62 66 70 72 81 87 88 93 94 100 103 104 106 118 121 123 124 126 130 133 134 142 149 154 155 157 165 167 168 173 177
1 3 5 22 35 36 38 45 52 55 57 58 60 61 63 69 70 72 75 76 77 81 82 85 87 89 94 100 102 104 106 111 116 119 123 127 129 130 133 148 155 161 164 167 168 174 176
1 7 15 17 19 24 26 27 30 33 37 40 41 50 51 56 65 66 67 73 82 86 88 90 91 95 96 98 102 103 106 108 110 112 114 122 126 127 128 131 139 141 147 157 158 160 162 164 169 170 174 176
1 4 5 6 7 10 14 15 16 19 26 27 32 34 35 39 40 44 46 49 50 54 59 64 65 71 73 75 76 77 79 83 84 85 91 96 99 103 104 106 107 115 118 120 126 127 128 132 136 138 149 150 151 153 156 157 158 163 164 170 177
1 4 6 12 18 24 27 30 39 40 51 55 56 66 68 71 78 79 82 83 84 86 90 91 97 99 101 107 108 115 124 135 136 137 144 146 151 153 158 171
3 7 9 11 13 14 16 19 20 21 26 28 30 37 41 43 49 50 54 55 68 70 74 75 78 80 81 86 88 90 92 95 105 116 122 124 125 126 132 133 137 139 141 150 162 171 174
8 17 23 25 26 28 34 35 36 43 56 64 66 68 69 72 73 75 76 91 97 100 108 113 114 115 116 119 124 125 127 134 137 138 140 145 149 158 159 163 165 166 169 170 171 173 176
1 2 3 5 7 8 10 11 13 15 17 20 26 28 32 40 41 42 44 46 50 55 57 58 59 60 63 64 65 66 69 70 71 74 75 78 85 87 90 91 94 96 97 98 99 101 102 104 106 107 108 112 113 114 115 123 127 132 136 140 144 147 150 157 170 172 176 177
2 17 30 33 37 40 52 60 62 65 67 81 84 86 100 112 119 128 131 152 165 169 174
3 11 15 23 24 28 29 30 31 36 37 38 42 45 46 53 73 75 81 83 84 95 100 109 112 113 114 115 119 121 122 128 129 131 134 141 158 165 166 173 176 177
16 17 19 28 34 36 38 43 45 55 57 60 61 62 63 64 66 69 70 72 77 84 93 94 97 98 100 111 116 118 120 123 127 132 133 142 143 148 155 158 167 172 175 177
1 2 4 6 10 12 14 18 28 40 51 54 66 68 74 80 82 83 90 91 99 105 107 110 115 122 124 126 128 131 135 137 141 144 150 151 153 160 169 170 171
2 16 22 23 24 25 28 29 30 31 35 36 37 43 44 48 52 57 58 60 61 67 69 74 78 89 95 97 112 119 123 125 127 130 131 132 134 140 144 148 154 161 162 164 165 167 172 175
2 14 25 31 35 45 58 60 81 102 152 154 165 166
1 4 33 40 42 44 51 54 65 70 72 82 103 114 126 128 131
2 16 17 23 24 28 30 31 34 36 38 44 45 47 49 52 53 57 61 62 64 65 67 81 86 93 97 100 104 114 119 128 129 130 140 144 145 155 157 161 162 163 165 167 175
2 23 25 37 38 67 88 89 116 118 120 126 127 128 133 139 142 143 148 154 158
3 7 10 19 21 22 33 37 38 44 48 58 61 68 72 80 81 94 112 113 119 125 130 131 134 156 158 159 172 174 175 177
3 8 14 16 23 25 28 29 44 52 64 69 72 77 98 104 111 140 142 143 149 161 163
1 6 16 26 27 37 39 40 49 50 56 65 74 80 82 83 90 96 99 108 115 122 126 141 153 160
2 5 16 22 23 25 28 29 31 33 34 35 36 38 44 45 47 49 52 60 62 64 72 77 81 85 89 100 105 114 118 119 121 133 134 152 154 159 163 165 166 167 173 175
3 8 25 34 38 45 52 55 77 97 100 111 118 124 127 148
2 15 24 38 44 52 53 58 61 63 91 93 106 119 120 130 134 140 144 162
1 4 6 26 27 51 56 71 79 82 136 137 144 151 153 160
3 8 9 13 14 16 21 22 23 25 29 31 35 45 57 59 69 70 72 73 74 75 76 77 81 85 94 104 111 113 115 121 124 134 143 145 149 152 154 155 156 158 161 165 167 175 176
2 5 17 36 44 47 53 60 61 63 72 81 84 85 87 93 97 104 120 121 129 132 134 140 145 161 164
2 5 8 13 28 69 75 85 96 97 107 124 140 145 161 176 177
2 17 22 23 24 25 28 29 31 34 36 38 43 45 47 53 58 60 64 67 69 75 100 104 119 121 123 129 130 131 134 138 140 142 158 159 162 163 165 166 167 172 173 175
1 4 12 14 51 69 79 82 83 87 91 93 99 107 126 136 137 151 153 177
5 22 25 29 36 45 52 58 64 72 75 85 97 154 155 156 161 167 170 172 176
5 8 16 23 25 28 29 34 35 46 47 49 52 53 57 64 69 75 84 85 90 93 116 118 120 123 127 129 132 134 140 142 143 145 148 156 161 164 166 167 173 175 177
5 25 52 58 74 90 91 124 125 129 130 144 166 172
7 9 11 13 14 18 20 22 24 28 29 30 31 32 41 43 48 55 58 66 68 73 74 78 80 90 95 101 102 105 109 112 117 122 125 130 135 139 141 146 147 154 160 164 171 174
3 5 8 13 22 28 70 81 90 94 104 118 124 132 134 148 161 166 167 176
3 7 14 32 64 92 94 130 134 145 173
5 9 11 19 35 72 122 155 167 170
1 7 10 15 18 21 59 73 87 88 90 91 102 115 122 124 135 137 141 145 146 149 171 174 176
3 45 69 75 94 116 145 155 156 177
1 9 14 15 17 22 24 28 30 37 44 45 50 66 68 72 74 75 79 83 87 88 90 97 100 101 104 105 106 110 116 118 121 125 126 128 129 130 135 140 144 156 163 164 169 173 175
1 4 6 12 15 27 30 34 39 42 46 49 50 51 62 70 71 77 79 82 83 86 88 91 96 99 103 107 108 120 121 123 126 128 135 136 137 143 144 150 151 153 156 162 169 172
