1 4 5 6 7 8 9 10 11 12 13 14 15 16 18 19 20 21 22 25 26 27 28 29 31 32 33 34 35 37 38 39 41 44 45 46 48 49 50 51 52 53 54 55 56 59 62 63 65 66 67 68 70 71 72 73 74 75 77 79 80 81 82 83 84 85 87 88 90 91 92 93 94 95 96 98 99 101 102 103 104 106 107 108 109 110 113 114 115 116 117 118 119 120 121 122 123 124 125 126 127 132 133 136 137 139 141 143 146 147 149 150 151 152 153 154 156 157 158 159 160 163 164 165 168 169 170 171 172 174 176 177
8 28 35 53 73 75 76 111 113 123 148 149 152 158 176
8 15 17 23 25 28 29 31 35 36 44 46 53 57 63 69 73 75 76 111 113 114 116 119 120 123 124 138 140 142 145 148 149 152 154 156 157 158 159 161 163 165 166 173 175 176
1 2 3 4 5 6 7 9 10 11 12 13 14 16 18 19 20 21 22 23 24 25 27 29 30 31 32 33 36 37 38 39 40 41 42 45 46 48 49 50 51 52 53 54 55 56 57 58 60 61 62 64 65 67 68 70 71 72 74 78 79 80 81 82 83 84 85 86 88 89 90 91 92 93 94 95 96 99 100 101 102 103 104 106 107 108 109 110 111 115 117 118 122 124 126 128 129 130 131 132 133 135 136 137 139 140 141 142 143 144 146 147 150 151 153 154 155 157 158 161 162 164 165 167 168 170 171 172 174 175 177
2 3 5 6 7 8 9 11 13 14 15 17 18 19 20 21 22 23 24 25 26 27 28 29 30 31 32 33 34 35 36 37 38 40 41 42 43 44 45 46 47 48 50 51 52 53 54 56 58 59 60 61 62 63 64 65 66 67 68 69 70 72 74 75 76 77 78 79 80 81 83 84 85 86 87 88 89 90 91 92 93 95 96 97 98 99 100 101 102 103 104 105 106 108 109 110 111 112 113 114 115 116 117 118 119 120 121 122 123 124 125 126 127 128 129 130 131 132 133 134 138 139 140 142 143 145 146 147 148 149 150 152 155 156 157 158 159 160 161 162 163 164 165 166 167 168 169 171 172 173 174 175 176 177
1 14 20 27 54 59 68 73 91 92 101 105 108 117 138 160 170
1 2 3 4 5 7 8 10 11 12 13 14 15 16 17 18 19 20 21 22 24 26 27 30 32 35 37 38 39 40 41 43 44 46 47 49 50 51 52 53 54 55 57 58 59 60 62 66 67 68 69 70 71 72 73 74 76 77 79 80 81 82 83 84 85 87 88 89 91 92 94 96 97 98 99 100 101 103 104 105 106 107 108 110 111 113 114 115 116 117 118 120 122 123 124 126 127 128 131 132 134 136 138 140 142 146 147 148 149 150 151 152 155 156 157 158 160 161 164 165 166 167 170 171 172 173 174 175 176 177
28 36 37 60 92 95 109 135 158 164 165
7 9 14 18 20 22 23 28 29 31 43 45 48 54 58 63 68 74 78 80 81 87 90 92 95 100 101 104 105 109 112 121 130 132 133 134 135 152 160 161 162 164 165 167 173
9 19 23 24 29 30 31 36 37 42 43 45 48 52 53 70 73 74 78 81 90 92 94 95 100 102 109 112 113 117 119 123 129 131 139 140 147 152 154 155 161 162 164 165 166 174
3 7 8 9 10 11 13 14 18 19 21 25 28 31 44 45 46 48 69 72 74 75 78 80 81 90 92 94 95 102 109 115 117 122 124 125 127 130 135 139 145 154 155 168 172 174 176 177
2 3 5 7 8 9 11 13 15 16 17 19 20 21 22 23 24 25 26 28 29 30 31 33 34 35 36 37 38 40 41 42 43 45 46 47 48 49 50 52 53 54 56 57 58 60 61 62 63 64 65 66 67 69 70 72 73 74 75 76 77 81 84 85 86 87 88 89 90 92 93 94 95 97 98 100 101 102 103 104 105 106 109 111 112 113 114 116 117 118 119 120 121 123 127 128 129 130 131 133 134 138 139 140 141 142 143 144 145 147 148 149 152 154 155 156 157 158 159 160 161 162 163 164 165 166 167 168 169 172 173 174 175 176 177
1 2 4 6 7 10 12 15 17 19 20 23 24 26 27 29 30 31 32 33 35 37 39 40 41 42 43 44 46 47 48 49 50 51 53 54 55 56 57 58 59 60 61 62 63 64 65 66 67 68 70 71 73 74 77 78 79 80 82 83 84 86 88 89 90 91 92 93 95 96 97 98 99 100 101 102 103 105 106 107 108 109 110 111 112 113 114 115 117 118 119 120 121 122 123 126 128 129 130 131 135 136 137 138 139 140 141 142 143 144 146 147 150 151 152 153 156 157 158 159 160 162 163 164 165 168 169 171 174 175
1 4 6 12 40 46 52 54 56 62 82 96 99 107 126 142 144 151 170
1 4 6 12 15 16 19 24 25 26 27 30 33 34 35 37 38 39 40 42 43 46 49 50 52 54 55 56 57 58 61 62 65 67 68 69 70 71 72 73 74 76 77 79 80 82 83 85 86 88 89 91 92 96 98 99 100 103 106 107 110 113 114 115 121 126 128 131 133 136 142 144 146 147 148 149 150 151 152 156 158 159 161 162 163 164 167 168 169 170 172 173
1 2 4 6 8 12 15 16 17 19 23 24 25 26 27 30 33 34 35 36 37 38 39 40 42 43 44 46 47 49 50 51 52 53 54 55 56 57 58 60 61 62 63 64 65 67 68 69 70 71 72 73 74 75 76 77 79 80 82 83 84 85 86 87 88 89 91 92 93 96 97 98 99 100 103 106 107 108 110 111 113 114 115 119 120 121 123 126 127 128 129 131 132 133 134 135 136 137 138 140 142 144 146 147 148 149 150 151 152 153 156 157 158 159 161 162 163 164 165 166 167 168 169 170 172 173 175 177
1 2 4 5 6 12 15 17 20 22 23 24 27 28 29 30 32 33 34 35 36 38 39 40 42 43 44 45 46 47 49 50 51 52 53 54 55 56 57 58 60 62 63 64 65 67 68 69 70 71 72 73 77 79 80 81 82 83 84 85 86 87 88 89 91 92 93 96 97 98 99 100 101 103 104 105 106 107 108 110 111 113 114 116 118 119 120 121 123 126 127 128 129 131 134 135 136 137 138 140 142 144 146 147 148 149 150 151 152 153 155 156 157 158 159 160 161 162 163 165 166 167 168 169 170 171 172 173 175 177
18 24 25 28 29 31 36 43 45 47 48 53 61 68 69 73 78 81 84 86 95 112 113 116 119 121 130 133 134 135 138 139 140 149 152 161 162 163 165 166 167 172 173 174 175
2 3 5 10 11 12 13 16 17 20 21 23 24 25 27 28 29 33 34 35 37 38 40 41 43 44 45 46 48 49 51 52 53 54 56 57 60 61 62 63 64 65 66 67 68 69 70 71 72 73 74 76 77 78 79 80 81 82 83 85 86 87 88 89 90 93 94 95 97 100 101 102 103 104 105 106 108 109 110 111 112 113 114 115 116 117 118 119 121 122 123 125 126 127 128 129 130 133 134 135 136 137 138 140 142 143 145 146 147 148 149 150 151 152 154 155 156 157 158 159 160 161 162 163 164 165 166 167 168 169 170 174 175 176 177
1 49 51 78 124 137 151 159 160 172
1 4 5 6 7 8 9 10 11 12 13 15 18 19 20 21 22 23 24 26 27 28 32 33 34 36 37 39 40 41 42 43 44 46 47 48 49 50 51 52 54 55 56 57 58 60 62 66 68 69 70 71 72 73 74 75 76 77 78 79 80 82 83 84 85 86 87 88 89 90 91 92 95 96 98 99 100 101 102 103 105 106 107 108 109 110 112 113 114 115 117 120 121 122 123 124 125 126 127 128 129 130 131 132 133 134 135 136 137 139 141 144 145 146 147 149 150 151 152 153 155 156 159 160 164 167 168 169 170 171 172 173 174 176
1 2 4 6 7 12 15 16 17 23 24 25 26 27 30 32 33 34 36 37 38 39 40 42 43 45 46 47 49 50 51 52 53 55 56 57 58 60 61 62 63 64 65 66 67 68 70 71 73 75 76 77 79 82 83 84 85 86 87 88 89 91 92 93 95 96 97 98 99 100 101 102 103 104 106 107 108 110 111 113 114 115 116 117 118 119 120 123 125 127 128 129 131 132 133 134 136 137 138 140 141 142 143 144 146 147 148 149 150 151 152 153 155 156 157 158 159 160 161 162 163 164 165 166 167 168 169 172 175 176
1 2 4 6 7 9 10 11 12 13 15 17 19 20 21 23 24 26 27 30 32 33 34 36 37 39 40 41 42 43 44 47 48 49 50 51 52 53 54 55 56 57 58 59 60 61 62 63 64 65 66 67 68 70 71 73 74 78 79 80 81 82 83 84 86 87 88 89 90 91 92 93 94 95 96 97 98 99 100 101 102 103 104 105 106 107 108 110 112 113 114 115 117 119 120 121 122 123 125 126 128 129 131 132 133 135 136 137 138 139 140 141 143 144 146 147 149 150 151 152 153 154 155 157 160 162 163 164 167 168 169 170 171 174 176
1 2 4 6 10 12 13 26 27 39 40 46 49 50 51 54 56 57 59 62 66 71 73 76 79 80 82 83 85 91 94 96 97 99 101 103 106 107 108 113 115 117 120 122 136 137 140 144 146 147 150 151 153 157 158 160 163 169 170 171
1 2 3 4 6 7 8 9 10 11 12 13 14 15 17 18 19 20 21 24 26 27 29 30 32 33 37 39 40 41 42 43 46 48 49 50 51 53 54 55 56 57 59 62 64 65 66 68 70 71 73 74 75 76 77 78 79 80 82 83 84 85 86 88 89 90 91 92 94 95 96 97 98 99 101 102 103 105 106 107 108 109 110 113 114 115 117 118 120 121 122 123 124 125 126 128 129 130 131 132 134 135 136 137 139 140 141 143 144 146 147 149 150 151 152 153 154 156 157 158 159 160 162 163 164 167 169 170 171 172 174 176 177
3 4 5 7 9 10 11 13 14 21 25 31 35 36 41 45 55 69 70 72 78 80 85 94 99 102 107 115 116 122 123 124 134 135 139 145 154 161 164 166 167 168 173 176 177
2 3 5 7 9 11 13 14 16 18 19 20 21 22 25 48 58 59 60 74 75 77 78 85 87 90 92 94 95 102 109 112 122 124 125 129 130 132 133 139 141 143 154 161 167 170 172 176
1 2 3 4 5 6 7 8 10 11 14 15 16 17 18 19 20 22 23 25 26 27 28 29 30 31 32 33 34 35 36 37 38 39 40 41 42 43 44 45 46 47 49 50 51 52 53 54 55 56 57 58 59 60 61 63 64 65 66 67 68 70 71 72 73 75 76 77 78 79 80 81 82 83 84 85 86 87 88 89 90 91 93 94 95 96 97 98 99 100 101 102 104 105 106 107 108 109 110 111 112 113 114 115 116 117 118 119 120 121 123 124 125 126 127 130 131 132 133 134 135 136 137 138 139 140 141 142 144 145 146 147 148 149 150 151 152 153 154 155 156 157 158 159 160 161 162 165 166 167 168 169 170 171 172 173 174 175 177
2 3 5 7 8 9 11 12 13 14 15 16 17 19 20 21 22 23 24 25 28 29 30 31 33 34 35 36 37 38 41 42 44 45 46 47 48 49 52 53 54 55 57 58 60 61 62 63 64 65 66 67 69 70 72 73 74 75 76 77 78 81 84 85 87 89 92 93 94 95 96 97 99 100 102 103 104 105 106 109 111 112 113 114 116 117 118 119 120 121 123 124 125 127 128 129 130 132 133 134 135 138 139 140 141 142 143 144 145 146 147 148 149 150 152 154 155 156 157 158 159 161 162 163 164 165 166 167 168 170 172 173 174 175 176 177
1 2 3 4 5 6 7 8 9 10 11 12 13 14 15 16 17 18 19 20 21 22 23 24 25 26 27 28 29 30 31 32 33 34 35 36 37 38 39 40 41 42 43 44 45 46 47 48 49 50 51 52 53 54 55 56 57 58 59 60 61 63 64 65 67 68 69 70 71 72 73 74 75 76 77 79 80 81 82 83 84 85 86 87 88 89 90 91 92 93 94 95 96 97 98 99 100 101 102 103 104 105 106 107 108 110 112 113 114 115 116 117 118 119 120 121 122 123 124 125 126 127 128 129 130 131 132 133 134 136 137 138 139 140 141 142 143 144 145 146 147 148 149 150 151 152 154 155 156 157 158 159 160 161 162 163 164 165 166 167 168 169 170 171 172 173 174 175 176 177
1 2 3 4 5 7 9 10 11 13 14 16 17 20 21 22 23 24 25 27 28 30 32 33 34 35 36 37 38 40 41 42 43 45 46 47 48 49 52 53 54 55 56 57 58 59 60 61 62 64 65 66 67 69 70 71 72 74 77 80 81 82 83 84 85 86 87 89 90 91 92 94 95 96 97 98 100 101 102 103 104 105 106 107 108 109 110 112 114 116 117 118 119 120 121 122 123 126 127 128 129 130 131 133 134 136 138 139 141 142 143 144 145 147 148 150 155 156 157 161 162 163 164 166 167 168 170 172 173 174 175 177
7 21 43 48 63 78 92 93 97 123 139 162 174 177
7 9 14 18 21 23 25 29 36 38 43 44 45 48 57 58 63 69 73 78 81 85 87 92 93 94 97 109 122 123 125 129 130 132 134 135 139 149 154 155 159 161 162 166 171 173 174 176 177
9 13 18 19 21 24 27 33 37 41 42 43 50 54 59 66 68 74 78 80 82 88 89 90 91 96 101 102 105 109 110 112 115 117 122 126 128 131 132 133 135 139 141 146 150 169 171 174
1 2 4 5 6 7 10 12 16 17 18 23 24 25 26 27 28 30 32 33 34 35 36 39 40 41 42 43 44 45 46 47 49 50 51 53 54 55 56 57 59 60 61 62 63 64 65 66 67 68 69 70 71 73 75 76 77 78 79 80 81 82 83 84 85 86 89 91 93 94 96 97 98 99 100 101 102 103 104 106 107 108 110 111 113 114 115 116 117 120 121 122 123 124 126 127 128 129 130 132 134 135 136 137 138 140 144 145 148 149 150 151 152 153 154 155 156 157 158 160 161 162 163 165 166 167 169 170 171 172 174 175 176 177
1 4 10 27 31 32 39 55 66 76 77 80 82 87 96 105 115 143 148 151 161 171 175
1 4 6 10 12 13 16 18 21 27 28 31 32 34 39 55 66 70 76 77 80 82 85 87 94 96 99 105 107 111 115 122 124 137 139 143 144 148 151 153 154 161 170 171 175
1 2 4 5 6 8 10 12 15 16 17 20 22 23 24 25 27 30 32 33 34 36 37 38 39 40 42 43 44 46 47 49 50 51 52 53 54 55 56 57 58 59 60 63 64 65 66 67 68 69 70 71 72 73 76 77 79 80 82 83 84 85 86 87 88 89 91 93 96 97 98 99 100 101 103 105 106 107 108 110 111 113 114 115 116 118 119 120 121 123 126 128 129 131 132 134 135 136 137 138 140 142 144 146 148 149 150 151 152 153 154 156 157 158 159 160 161 162 163 165 166 167 168 169 170 173 175 176
2 5 8 9 11 13 14 15 16 17 18 19 21 22 23 24 25 26 28 29 31 33 34 35 36 37 38 40 41 42 43 45 46 47 48 49 52 53 54 55 56 57 58 60 61 63 64 65 66 67 68 69 70 72 73 74 75 76 77 79 81 84 85 86 87 88 89 90 92 93 94 96 97 98 100 101 102 103 104 105 106 109 111 112 113 114 116 117 118 119 120 121 122 123 124 125 127 128 129 130 131 132 133 134 138 139 140 141 142 147 148 149 152 154 155 156 157 158 159 160 161 162 163 164 165 166 167 168 170 171 172 173 174 175 176 177
1 4 6 10 12 15 17 19 24 26 27 30 37 38 39 40 42 44 46 47 48 49 50 51 52 53 55 58 61 62 63 65 66 67 71 73 74 79 80 82 83 84 85 86 88 89 90 91 93 95 96 97 99 100 102 103 107 108 110 111 112 113 114 119 120 121 123 126 128 131 133 136 137 138 139 141 144 146 147 149 150 151 152 153 157 162 163 169 171 172
1 2 3 4 5 6 10 11 12 13 15 16 17 19 20 21 23 24 26 27 29 30 31 33 34 35 37 38 39 40 42 43 44 46 47 48 49 50 51 52 53 54 55 58 59 61 62 63 64 65 66 67 71 73 74 76 78 79 80 81 82 83 84 85 86 88 89 90 91 92 93 94 95 96 97 98 99 100 101 102 103 104 107 108 109 110 111 112 113 114 115 119 120 121 122 123 124 126 127 128 131 133 136 137 138 139 141 142 144 145 146 147 149 150 151 152 153 154 157 158 159 160 161 162 163 165 166 169 171 172 177
1 4 6 10 11 12 15 17 19 26 27 29 32 39 46 49 50 51 52 54 56 62 66 67 71 79 80 82 83 86 87 88 91 93 96 97 99 101 103 105 106 107 108 110 112 113 115 119 122 124 126 128 135 136 137 141 144 146 148 150 151 153 156 157 160 163 164 166 169 170 171 176
1 2 3 4 5 6 8 10 11 12 13 14 15 16 17 19 22 23 25 26 27 28 29 31 32 35 39 40 44 46 47 49 50 51 52 53 54 55 56 57 58 59 60 61 62 66 67 69 70 71 72 73 75 76 77 79 80 81 82 83 84 85 86 87 88 89 91 93 94 96 97 99 100 101 103 104 105 106 107 108 110 111 112 113 115 119 120 122 124 126 127 128 130 133 134 135 136 137 138 140 141 142 144 145 146 148 149 150 151 152 153 154 155 156 157 158 159 160 161 163 164 165 166 167 168 169 170 171 172 173 176 177
1 2 3 4 5 6 8 9 12 14 15 16 18 19 20 21 22 23 24 25 26 27 28 29 30 31 32 33 34 35 36 37 40 41 44 45 46 47 48 50 51 52 53 54 55 56 57 59 60 61 62 63 64 65 66 67 68 69 70 72 75 76 77 79 81 82 83 84 85 87 88 89 90 91 92 93 94 95 96 97 98 99 100 101 102 103 104 105 106 108 109 110 111 112 113 114 116 117 119 121 123 124 125 126 127 128 129 130 131 132 133 134 135 136 137 138 139 140 141 142 143 144 145 147 148 149 150 151 152 153 154 157 158 159 160 161 162 163 164 165 166 167 168 169 170 172 173 174 175 176 177
3 36 69 70 81 104 124 130 145 154 172 175 176
3 19 22 25 29 36 43 47 53 57 61 63 69 70 72 75 81 87 94 97 98 100 104 111 113 119 124 130 134 140 145 149 152 154 157 162 163 164 166 167 168 172 173 175 176
2 3 5 6 8 9 14 23 25 29 31 49 51 52 60 69 70 72 75 76 77 85 98 108 111 118 120 124 127 132 134 137 138 143 145 148 158 161 166 167 171 173 175 176 177
2 5 8 16 17 22 25 31 38 44 45 58 60 64 67 72 77 81 93 94 100 106 116 118 129 130 134 140 145 149 155 158 159 161 164 165 173 175 177
2 5 8 16 17 22 25 31 35 36 38 44 45 52 58 60 64 67 69 72 77 81 93 94 100 106 116 118 129 130 134 140 145 149 155 158 159 161 164 165 167 173 175 177
3 35 76 77 100 116 118 129 134 164 166 175
