#iterations	mean Measure
1	1.0
501	0.2605205052512793
1001	0.2492547411078008
1501	0.24734319814940045
2001	0.3463122177707574
2001	0.3463122177707574
2501	0.29684776489840214
3001	0.24743079055207162
3001	0.24743079055207162
3501	0.2837936777746712
4001	0.2540264192001472
4501	0.27765706699462456
5001	0.2551806581474379
5501	0.27039949751277925
6001	0.25210825500297435
6501	0.26620178345829987
7001	0.2547083302616612
7501	0.2613033248094171
8001	0.2646953688925851
8501	0.25457684111256906
9001	0.26342620857506055
9501	0.2614308908456612
10001	0.25818346120114805
10501	0.26398813337829535
11001	0.2580182396537981
11501	0.25961411746645024
12001	0.26269128128477787
12501	0.26061474889240616
12501	0.26061474889240616
13001	0.2570297511919558
13001	0.2570297511919558
13501	0.25999151647300456
14001	0.2614288425084838
14501	0.26175204097774674
15001	0.263440972790479
15501	0.26305410089839126
16001	0.2599640055079776
16501	0.25988212515414216
17001	0.2608979136115159
17501	0.2613022914488273
18001	0.26080889206033303
18501	0.2599197137595922
19001	0.25980138232512356
19501	0.2602061726013006
20001	0.2594726294693318
20501	0.2589945949527318
21001	0.2586277165147253
21501	0.25762239736846027
22001	0.2563221255823188
22001	0.2563221255823188
22001	0.2563221255823188
22001	0.2563221255823188
22001	0.2563221255823188
22001	0.2563221255823188
22001	0.2563221255823188
22001	0.2563221255823188
22001	0.2563221255823188
22001	0.2563221255823188
22001	0.2563221255823188
22001	0.2563221255823188
22001	0.2563221255823188
22001	0.2563221255823188
22001	0.2563221255823188
22001	0.2563221255823188
22001	0.2563221255823188
22001	0.2563221255823188
22501	0.25712638784883146
23001	0.257337282615327
23501	0.2565779639247573
24001	0.2558461765751438
24501	0.25544908183156556
25001	0.2548181148728289
25501	0.2543407887578398
25501	0.2543407887578398
25501	0.2543407887578398
25501	0.2543407887578398
25501	0.2543407887578398
25501	0.2543407887578398
25501	0.2543407887578398
25501	0.2543407887578398
25501	0.2543407887578398
25501	0.2543407887578398
25501	0.2543407887578398
25501	0.2543407887578398
25501	0.2543407887578398
25501	0.2543407887578398
26001	0.25358797626715274
26001	0.25358797626715274
26001	0.25358797626715274
26001	0.25358797626715274
26001	0.25358797626715274
26001	0.25358797626715274
26001	0.25358797626715274
26001	0.25358797626715274
26001	0.25358797626715274
26001	0.25358797626715274
26001	0.25358797626715274
26001	0.25358797626715274
26001	0.25358797626715274
26001	0.25358797626715274
26001	0.25358797626715274
26001	0.25358797626715274
26001	0.25358797626715274
26001	0.25358797626715274
26001	0.25358797626715274
26001	0.25358797626715274
26001	0.25358797626715274
26001	0.25358797626715274
26001	0.25358797626715274
26001	0.25358797626715274
26001	0.25358797626715274
26001	0.25358797626715274
26001	0.25358797626715274
26001	0.25358797626715274
26001	0.25358797626715274
26001	0.25358797626715274
26001	0.25358797626715274
26001	0.25358797626715274
26001	0.25358797626715274
26001	0.25358797626715274
26001	0.25358797626715274
26001	0.25358797626715274
26501	0.25322247253276614
27001	0.2533473042479521
27501	0.2535508743740937
28001	0.2528047933775601
28501	0.25221848916162304
28501	0.25221848916162304
29001	0.25151370559930325
29501	0.2510956601311552
29501	0.2510956601311552
29501	0.2510956601311552
29501	0.2510956601311552
29501	0.2510956601311552
29501	0.2510956601311552
29501	0.2510956601311552
30001	0.25144290961938365
30501	0.25077233290762113
31001	0.2502166510406467
31501	0.24996728941743276
32001	0.2499010962366167
32501	0.24910557447451268
33001	0.24883328412463443
33501	0.2487954688481301
33501	0.2487954688481301
34001	0.24807312924783015
34501	0.24814022753898388
35001	0.24735652357957785
35501	0.2464373982559899
36001	0.24649520136622738
36501	0.24542037580237874
37001	0.24479677618624585
37501	0.2447832153557403
38001	0.24410404880507938
38501	0.24403966903049532
39001	0.2428406085060923
39001	0.2428406085060923
39501	0.24291215716894896
40001	0.2421746341546148
40501	0.24214564874555344
40501	0.24214564874555344
40501	0.24214564874555344
40501	0.24214564874555344
40501	0.24214564874555344
41001	0.2414785173019121
41501	0.24148030629790182
42001	0.2405080931899791
42501	0.24045073455265756
43001	0.24024012272608847
43501	0.23954125632168496
44001	0.23951205475377282
44501	0.23862031157420507
45001	0.23850319327663733
45501	0.23844581945007004
46001	0.2375683991745514
46501	0.23749975129421486
47001	0.23744556122211863
47501	0.23682089600839054
48001	0.23653509361388797
48501	0.2360825976179242
49001	0.23583539800776768
49501	0.23563285761045036
50001	0.23532540321816944
50501	0.23515424791198175
51001	0.23493436721954164
51501	0.23422663544506675
51501	0.23422663544506675
52001	0.23413771359296096
52501	0.23382077878595775
53001	0.233545488796772
53001	0.233545488796772
53501	0.23341308282032547
54001	0.23320130735165948
54501	0.23255339649338336
55001	0.23256761035208764
55501	0.2319654311926986
56001	0.23185326222192207
56001	0.23185326222192207
56001	0.23185326222192207
56501	0.23138563594268674
57001	0.23111302165231884
57501	0.23061294037790328
58001	0.23035265294400378
58501	0.23011417167724113
59001	0.22971900327827743
59001	0.22971900327827743
59001	0.22971900327827743
59001	0.22971900327827743
59001	0.22971900327827743
59001	0.22971900327827743
59001	0.22971900327827743
59001	0.22971900327827743
59001	0.22971900327827743
59001	0.22971900327827743
59001	0.22971900327827743
59001	0.22971900327827743
59001	0.22971900327827743
59001	0.22971900327827743
59001	0.22971900327827743
59501	0.22974258841703218
60001	0.2292170806408738
60001	0.2292170806408738
60001	0.2292170806408738
60001	0.2292170806408738
60001	0.2292170806408738
60001	0.2292170806408738
60001	0.2292170806408738
60001	0.2292170806408738
60001	0.2292170806408738
60001	0.2292170806408738
60001	0.2292170806408738
60001	0.2292170806408738
60001	0.2292170806408738
60001	0.2292170806408738
60001	0.2292170806408738
60001	0.2292170806408738
60001	0.2292170806408738
60001	0.2292170806408738
60501	0.2288867948826416
61001	0.22856183005465658
61501	0.22827045675201674
62001	0.2277899105185195
62001	0.2277899105185195
62001	0.2277899105185195
62001	0.2277899105185195
62001	0.2277899105185195
62001	0.2277899105185195
62001	0.2277899105185195
62001	0.2277899105185195
62001	0.2277899105185195
62001	0.2277899105185195
62501	0.22760791381968862
63001	0.22721444376711064
63501	0.2269312358898915
64001	0.22641101034481487
64501	0.2261671676850796
65001	0.22568906087165994
65501	0.22557374957633824
66001	0.2250314396592994
66501	0.22471722277665065
67001	0.22424458931001273
67501	0.22405040827031983
68001	0.2235808019229481
68501	0.22302093320566493
69001	0.22287549758594227
69501	0.22238377899871156
69501	0.22238377899871156
69501	0.22238377899871156
69501	0.22238377899871156
69501	0.22238377899871156
70001	0.22209133459137845
70501	0.2216542575963379
71001	0.22139545729285173
71501	0.22094919554696074
71501	0.22094919554696074
71501	0.22094919554696074
71501	0.22094919554696074
71501	0.22094919554696074
71501	0.22094919554696074
71501	0.22094919554696074
71501	0.22094919554696074
71501	0.22094919554696074
71501	0.22094919554696074
71501	0.22094919554696074
71501	0.22094919554696074
71501	0.22094919554696074
71501	0.22094919554696074
71501	0.22094919554696074
71501	0.22094919554696074
71501	0.22094919554696074
71501	0.22094919554696074
72001	0.2204497438063077
72001	0.2204497438063077
72001	0.2204497438063077
72001	0.2204497438063077
72001	0.2204497438063077
72001	0.2204497438063077
72001	0.2204497438063077
72001	0.2204497438063077
72001	0.2204497438063077
72501	0.22013224953934502
73001	0.2196322363466533
73501	0.2192076092713235
74001	0.21884010003846185
74001	0.21884010003846185
74001	0.21884010003846185
74001	0.21884010003846185
74001	0.21884010003846185
74001	0.21884010003846185
74001	0.21884010003846185
74001	0.21884010003846185
74501	0.21846330320133875
75001	0.21799407352154213
75501	0.21784235905645755
76001	0.21737125219408587
76501	0.21712895645230626
77001	0.2167806496282101
77501	0.2163430061114416
78001	0.21584463701660475
78501	0.2156589884531328
78501	0.2156589884531328
79001	0.2152408177791864
79501	0.21489768392416864
79501	0.21489768392416864
80001	0.21461618399650031
80501	0.21424290224373635
81001	0.21396623913477197
81001	0.21396623913477197
81001	0.21396623913477197
81001	0.21396623913477197
81001	0.21396623913477197
81001	0.21396623913477197
81001	0.21396623913477197
81001	0.21396623913477197
81001	0.21396623913477197
81001	0.21396623913477197
81501	0.21365230149637462
82001	0.21331508094077126
82501	0.2129503660845641
83001	0.2126035843058527
83501	0.21231717023627492
83501	0.21231717023627492
83501	0.21231717023627492
83501	0.21231717023627492
83501	0.21231717023627492
84001	0.2121008797595608
84501	0.21169672797109057
84501	0.21169672797109057
85001	0.21153428757807188
85501	0.21123219713409663
86001	0.21088084157179063
86501	0.21058445138425716
86501	0.21058445138425716
87001	0.2104349659252656
87501	0.21022820626105085
88001	0.20996353108812918
88501	0.2096627684032207
89001	0.2095270601492035
89001	0.2095270601492035
89001	0.2095270601492035
89001	0.2095270601492035
89501	0.2091185294423976
90001	0.2088054659504485
90001	0.2088054659504485
90001	0.2088054659504485
90501	0.20852687045646884
91001	0.2082835362678173
91501	0.20801394739634
92001	0.20768978144466388
92001	0.20768978144466388
92501	0.20743895384098848
92501	0.20743895384098848
92501	0.20743895384098848
93001	0.20737025296551284
93501	0.2071529749494141
94001	0.20691519303281428
94001	0.20691519303281428
94501	0.20676180582235287
95001	0.20663636117851525
95501	0.20641432791905043
96001	0.206150856018935
96501	0.20587651586878924
97001	0.20563308616037318
97501	0.20560283954446215
98001	0.20538849488234368
98001	0.20538849488234368
98501	0.20529830653906858
99001	0.20513628995149924
99501	0.2050470821944702
