=== Parameters ===
QualitiesFiles : datasets/Facebook/qualities_train.csv
PropertiesFiles : datasets/Facebook/properties_train.csv
attrType : BOOLEAN
resFolder : Facebook_jaccardSupportDescription_0.6_10000_Acc
minSupp : 10
nbLoops : 10000
maxOutput : 50
maxRedundancy : 0.6
maxLength : 5
measure : Acc
UCB : UCBSP
refineExpand : TunedGenerator
duplicatesExpand : AMAF
pathLength : -1
refineRollOut : Large
jumpingLarge : 10
rewardPolicy : MaxPath
memoryPolicy : TopK
topKMemory : 1
updatePolicy : Max

=== Result Information ===
date : 15/10/2025 20:52
runtime(ms) : 39000
nbPatterns : 50
measures : 1.00 1.00 1.00 1.00 1.00 1.00 1.00 1.00 1.00 1.00 1.00 1.00 1.00 1.00 1.00 1.00 1.00 1.00 1.00 1.00 1.00 1.00 1.00 1.00 1.00 1.00 1.00 1.00 1.00 1.00 1.00 1.00 1.00 1.00 1.00 1.00 1.00 1.00 1.00 1.00 1.00 1.00 1.00 1.00 1.00 1.00 1.00 1.00 1.00 1.00
descriptionLength : 1 1 1 1 1 1 2 3 3 3 2 3 3 2 2 3 3 3 3 3 2 2 2 2 2 3 3 2 2 3 3 3 3 3 3 3 3 3 2 3 2 1 1 1 1 1 1 1 1 1