711 2144 2344 2766 3493 3733 7565 7730 8127 9744 9831 9860 11523 11637 11708 12184 15194 15616 16381 16715 17428 17576 17670 17695
490 719 2418 2875 3043 3799 4175 4216 4218 5006 5259 5487 6406 6457 6587 6855 8217 9238 9726 9808 10125 10127 10256 11703 11963 12434 12460 12667 14753 16460 16670 16703 16993 17020 17657 17862
3735 4966 8365 8634 10358 10451 10953 12626 12905 14653 15410
117 1675 5925 9570 9906 12082 13286 14379 14891 16528 16539
517 613 743 1106 1201 1263 2138 2596 2721 3012 3737 4022 4044 4660 4717 5109 5713 5959 6116 6235 8491 8925 9905 9943 10154 10318 10890 11009 11519 12413 12951 13151 14180 14977 16171 16367 16553 16835 17129 17285 17607
2044 2268 3158 3361 3571 9023 9518 9666 11892 11989 12945 13352 15812 16894 16898
1383 1615 3538 4585 5993 6708 6882 8075 9886 12317 13027 13388 14259 14681 15493 15597 15960
302 2952 7523 8708 8989 9499 9995 16037 16400 16640
2573 3457 4666 6124 6269 8321 12262 16142 16153 17021 17650
2274 2638 2835 3171 3282 3976 7517 9776 11413 13541 16489
77 700 932 1549 1677 2864 2912 4672 4883 13409 14635 15699 17422
1250 1302 1876 6604 9209 9984 10487 13099 14954 16419 16940 17401
1915 2206 2274 2638 2835 3531 3976 4294 4996 5287 6263 8046 9776 12162 14756 15348 16803
192 502 2563 4912 5283 8097 8701 11782 13367 14900 16055 16333 17117
832 1792 2021 3029 3429 3462 4881 7903 8214 8652 8965 11153 12735 13888 15042
490 719 2418 2875 4218 5259 6457 6587 8217 9238 9726 9808 10125 10127 11963 12460 12667 14753 17862
432 623 5168 5475 6962 9035 10756 11221 14407 17292
277 1956 2744 3074 5366 8131 8235 8733 9098 11128 12393 15071 15828 16966
876 5006 6855 10096 10627 12072 12460 12517 14753 15562 16098 16460 16993 17657
1736 1862 3269 4209 4362 4497 5639 5771 7690 10037 10354 11785 14440 15047
28 1857 2436 2872 3120 5125 5129 6461 7411 8050 9097 9520 10475 10974 11081 11780 12053 13075 13289 13917
10 6700 6715 9513 11370 11857 12287 14123 16183 16927
1179 1413 2034 2234 3512 4724 5151 5369 5516 5554 5810 5991 6542 7267 8590 9340 11845 12036 12674 12957 13173 13665 14771 16137 16142 17111 17149 17409 17481 17593 17639
86 432 1235 5216 5475 6962 7143 8120 9765 10756 14407 17292
711 2144 7565 8127 8601 9744 10000 12300 15194 16715 17428
1462 2960 6349 6733 7269 8165 10572 10939 11193 14895 15606 16210
2345 5244 6939 8781 9132 9312 10891 11122 11609 12882 17325 17604
4881 5569 6601 8290 8652 8806 8965 11469 12735 15042 16168 17076 17219 17707
361 842 1179 1399 1413 2034 2234 2477 2510 3512 4036 4684 4720 4724 4797 5151 5369 5516 5554 5572 5810 5991 6269 6366 6542 6565 7201 7267 8590 8645 9163 9340 10057 10687 10966 11845 11926 12036 12674 12957 13173 13236 13465 13573 13665 13750 13752 13851 14009 14133 14536 14707 14771 15319 15987 16137 16142 16851 17111 17149 17404 17409 17481 17593 17602 17639
373 5529 6299 7834 8215 8255 10529 13703 14395 15633 16188 17395
517 613 1106 2596 2721 3012 4022 4717 5109 5713 6235 8491 8925 9943 10318 12951 14180 14977 16171 17129
975 1201 4022 5657 7132 9943 10890 12413 12901 12951 16171 17285
914 1578 3644 4226 6308 7510 8139 12508 12565 13661 17485
432 606 1235 6962 7143 9035 10756 10980 11221 12595 17038
2793 2955 5125 5696 6986 7411 7944 8130 8682 12935
738 1854 2196 3120 3480 4725 5212 6986 10307 10475 15378 16578
432 606 5475 5579 6592 7143 9035 9552 11221 12595 17038
711 2762 3493 6696 6776 12184 15194 15616 16715 17779
216 361 842 1202 1408 1413 1571 2034 2234 2292 2854 2944 3812 4720 4797 4814 5118 5151 5369 5572 5591 5736 5991 6269 6366 6866 6888 7135 7450 7990 8381 8669 8801 9163 9340 10149 10263 10294 10694 11662 11821 11845 12659 12886 12957 13465 13665 13830 13941 14524 14707 14747 14771 14840 15165 15319 15398 15720 16137 16280 16377 16536 16851 17111 17341 17361 17409 17593 17602 17650
957 1024 3502 5054 5699 6216 8335 11211 13050 14783 17350
35 2682 3838 4630 4859 7043 8126 8250 8528 11817 12335 12800 14911 16540
659 2345 2713 5244 6939 8781 9132 9300 9312 10891 11122 11609 12882 13363 14182 15455 16845 17142 17325 17604
157 389 832 1210 1792 1961 2021 3029 3207 3429 3462 4529 4881 5569 6601 7903 8214 8290 8652 8806 8965 11040 11153 11469 12735 12927 13888 14155 14727 15042 15355 16168 17076 17219 17707 17956
28 474 738 1854 1857 2196 2251 3120 3480 4190 4725 5114 5125 5212 5781 5829 6176 6838 6986 7411 7899 7952 8130 9520 10307 10356 10475 11081 11792 13075 13917 14541 15044 15125 15378 16250 16362 16578
1181 1232 2241 7474 7729 7886 9059 10984 11710 12020 12686 12842 15313 15382 17648
394 3763 4763 5091 6134 6380 10369 11297 12655 12918 13019 15273
310 2044 2247 2268 3361 9518 12945 14463 15812 16058 17320
2028 2770 2898 3720 4152 6414 7893 11720 11724 12061 12567 12722 16437
1232 2241 7474 7729 9977 11710 12020 12686 12842 15382 15995 17648
659 2076 2345 2713 3883 5244 6939 8781 9132 10891 12536 12882 13363 14182 15026 15455 15897 17142
