1462 2378 2431 2711 3585 4518 5677 6733 7269 8165 8903 11193 13146 15411 16100 17276
1181 1232 7474 9059 9977 10984 11710 11844 12020 12686 13939 15313
293 3821 5862 6006 6103 9095 9841 11249 12133 14063 15033 15684 17529
361 842 1179 1399 1413 2034 2234 2477 2510 3512 4036 4684 4720 4724 4797 5151 5369 5516 5554 5572 5810 5991 6269 6366 6542 6565 7201 7267 8590 8645 9163 9340 10057 10687 10966 11845 11926 12036 12674 12957 13173 13236 13465 13573 13665 13750 13752 13851 14009 14133 14536 14707 14771 15319 15987 16137 16142 16851 17111 17149 17404 17409 17481 17593 17602 17639
157 389 832 1210 1792 1961 2021 3029 3207 3429 3462 4529 4881 5569 6601 7903 8214 8290 8652 8806 8965 11040 11153 11469 12735 12927 13888 14155 14727 15042 15355 16168 17076 17219 17707 17956
394 2988 3763 4763 4896 6380 10369 10926 11297 12655 12918 13019 17766
21 500 7408 13141 14108 14576 15141 16052 16815 16964
2028 2770 2898 6114 7893 11720 12061 12722 14566 15322 16437
659 2345 5244 6939 8781 9300 9312 9723 11855 12779 13363 15455 15488 15897 16845
310 2044 2247 2268 3576 9518 12945 14463 15812 16058 16898 17320
914 1578 3644 4226 6308 7510 8139 12508 12565 13661 17485
656 3554 8337 8472 11569 13611 13616 14634 15654 15661 16006 17438
394 3763 4763 5091 6134 6380 10369 11297 12655 12918 13019 15273
1462 2378 2448 2711 2960 4518 5454 5677 6733 7269 8903 9845 10024 10572 11193 11641 14895 15606 16210
2345 3883 5244 6939 8781 9132 9312 10891 11122 11609 12779 12882 15026 15897 17325 17604
490 719 2418 2875 3043 3799 4175 4216 4218 5006 5259 5487 6406 6457 6587 6855 8217 9238 9726 9808 10125 10127 10256 11703 11963 12434 12460 12667 14753 16460 16670 16703 16993 17020 17657 17862
310 2044 2111 2268 3158 3576 9518 10571 12945 14463 16898
59 1802 2195 3306 3938 7708 7833 11084 12708 12825 13475 14466 17384 17408 17764
353 1347 2094 2870 3994 4377 5787 7657 10054 10849 14542 14806 15270 16521 17496
408 433 457 2326 3677 3735 5528 5650 6483 6893 8634 9924 10953 12626 12898 13056 15410 16096 17473
21 500 2582 3072 7485 9443 12111 13603 14108 14576 15408 16052 16830 16964
394 2666 4311 4520 4763 6134 10926 11297 12403 12579 12655 12918 13019 15948 17766
711 2344 2762 2766 3493 3573 3733 6696 6725 6776 7565 8127 8857 9860 10000 10190 11523 11708 12184 13690 15194 15616 15837 16715 17779
157 1210 1792 1961 3029 3207 4529 4881 7903 8214 8806 11040 11153 11469 13888 14155 15042 15355 17076 17219 17707
659 2076 3883 6939 9300 9312 10891 11609 12779 12882 15026 15455 15488 17142 17604
1036 1317 3204 4334 5690 5983 7981 8920 9955 10220 12088 12835 14667 15571 16288 16932 17952
4881 5569 6601 8290 8652 8806 8965 11469 12735 15042 16168 17076 17219 17707
28 474 738 1854 1857 2196 2251 3120 3480 4190 4725 5114 5125 5212 5781 5829 6176 6838 6986 7411 7899 7952 8130 9520 10307 10356 10475 11081 11792 13075 13917 14541 15044 15125 15378 16250 16362 16578
2094 2655 2870 3280 4178 4377 7657 10054 10404 14542
1462 2711 3585 4305 5845 6349 6733 7103 7269 8165 10024 10939 11193 12134 13146 15411 15606 16100
310 2044 2247 2268 3158 3361 11892 11989 15812 16058 16894 17320
117 1675 5925 9570 9906 12082 13286 14379 14891 16528 16539
975 1201 4022 5657 7132 9943 10890 12413 12901 12951 16171 17285
432 606 1235 4070 4544 5475 5579 6592 6962 7143 9035 9552 10007 10756 10980 11221 12595 17038
68 403 780 1013 3358 3607 4267 5602 6721 6881 7156 7468 7514 7757 8102 8224 8745 9010 9759 10866 11105 11162 11677 12161 12467 12739 12876 13077 13769 13865 14746 15320 15587 16013 16785 17030 17166 17564 17672
116 216 842 1179 1202 1399 1408 1413 1571 2034 2234 2510 2944 3812 4036 4684 4720 4724 4814 5151 5369 5410 5516 5572 5591 5991 6212 6269 6366 6791 6888 7201 7450 7990 8381 8590 8645 8669 8801 8805 10057 10149 10263 10294 10480 10539 10621 10665 10694 10721 10966 11190 11821 11845 12036 12659 12674 12715 12886 13097 13173 13465 13573 13665 13695 13750 13752 13830 14133 14524 14536 14747 14771 14786 14840 14924 15319 15720 15987 16107 16142 16486 16851 17341 17361 17404 17593 17602 17639 17650
28 738 1045 1109 1506 1762 1854 1857 2107 2196 2436 2618 2793 2955 3120 3480 4190 4325 4725 5114 5125 5212 5696 5781 5829 6986 7010 7220 7411 7902 7944 8050 8130 8682 9082 9097 9520 9766 10307 10356 11657 11780 11864 12053 12155 12767 12935 13075 13289 13917 14319 15044 15125 15378 16187 16250 16362 17095 17503
659 2076 2345 2713 3883 5244 6939 8781 9132 10891 12536 12882 13363 14182 15026 15455 15897 17142
114 932 1042 1184 1614 1826 2707 2826 2857 2893 2949 3417 3651 3944 4121 4238 4395 5666 6823 7605 7683 7962 8252 8842 9355 9545 9807 10156 10635 10941 11204 11447 11690 11920 11952 12861 12960 13066 13555 13614 13729 13851 14366 14536 14707 15251 16575 16963 17096 17268 17500
222 394 2666 3763 4520 4763 5500 10926 12403 12655 13019 15273 17766
711 2344 2762 2766 3573 4169 6696 6725 7565 7962 8127 8857 9831 10190 11880 12478 13534 14497 15616 16715 17426 17428 17670 17695
1181 2241 7474 7886 9059 9977 11710 13939 14579 15382
1462 2711 2960 5677 6349 6733 7103 7269 8165 10572 10939 11193 11641 14895 15411 15606 16210
2044 2268 3158 3361 3571 9023 9518 9666 11892 11989 12945 13352 15812 16894 16898
2199 2833 3316 3363 3939 4567 4622 4700 5469 5965 6451 6470 6511 7097 7117 7950 8614 9068 9185 9229 9448 9503 12397 12546 12749 13617 13637 13765 14164 14658 14933 15014 15296 15894 16319 16536 16651 16753 17535
711 921 2144 2344 2766 3573 4169 6696 6776 7565 8127 8601 9744 9860 10000 10198 11523 11880 12300 13690 15194 15616 16715 17426 17428 17576 17670 17695
59 66 2195 3306 3938 7833 11084 12708 12825 14466 15526 17764
711 2144 2344 2766 3493 3733 7565 7730 8127 9744 9831 9860 11523 11637 11708 12184 15194 15616 16381 16715 17428 17576 17670 17695
28 474 738 1045 1854 2196 2618 2801 3120 3480 3525 4325 4725 5114 5129 5212 5933 6176 6461 6986 7010 7220 7952 8050 9082 9097 9515 9561 9766 10307 10475 11081 11657 11864 12053 12935 14319 14541 15378 16073 16187 16511 16578 17064 17095
74 78 169 192 216 219 282 284 425 435 446 456 502 552 646 700 797 842 894 901 930 965 1044 1098 1150 1254 1408 1441 1486 1657 1674 1697 1704 1953 2098 2191 2196 2533 2563 2598 2615 2717 2743 2781 2853 2854 2912 3062 3082 3102 3168 3193 3220 3362 3446 3548 3757 3775 3844 3900 3973 3989 3993 4015 4036 4161 4190 4329 4365 4386 4452 4618 4675 4780 4867 4871 4912 4950 4997 5003 5102 5160 5239 5244 5283 5325 5386 5414 5562 5571 5616 5771 5776 5814 5850 5861 5913 5936 6039 6042 6132 6146 6168 6186 6208 6285 6351 6405 6409 6415 6572 6577 6675 6807 6822 6947 7015 7113 7333 7397 7487 7500 7536 7821 7895 7990 8097 8105 8113 8130 8148 8159 8189 8222 8240 8242 8309 8521 8593 8671 8701 8771 8801 8852 8975 9053 9121 9132 9164 9171 9306 9362 9438 9447 9533 9578 9735 9747 9810 9898 9942 10121 10159 10457 10565 10609 10621 10664 10681 10859 11034 11057 11085 11090 11191 11192 11208 11292 11350 11432 11563 11585 11647 11737 11782 11845 11859 11877 11900 11943 11953 12179 12225 12390 12480 12618 12714 12723 12788 12798 12848 12886 12903 12924 12943 12958 13170 13236 13334 13367 13372 13546 13565 13705 13815 13935 13969 13971 13998 14037 14041 14117 14165 14179 14215 14252 14262 14333 14541 14636 14679 14726 14747 14748 14751 14763 14819 14890 14900 15002 15036 15173 15198 15204 15284 15300 15488 15550 15645 15662 15699 15708 15795 15824 15862 15884 15938 16018 16055 16095 16162 16241 16294 16333 16368 16473 16486 16517 16609 16673 16711 16742 16761 16762 16912 16976 17016 17117 17190 17221 17255 17301 17401 17422 17435 17455 17602 17835 17890 17953 17971
