1 5 7 8 9 10 11 13 14 15 16 18 19 20 21 22 24 25 26 27 28 30 32 33 35 37 38 39 40 41 42 43 45 46 48 49 50 52 54 55 57 58 59 62 65 66 67 68 69 70 71 72 73 74 76 77 78 79 80 81 87 88 89 90 91 92 94 95 96 97 98 99 100 101 102 103 104 105 106 109 110 111 112 113 114 115 117 118 121 122 123 124 125 126 127 128 130 131 132 133 135 136 138 139 141 142 143 145 146 147 148 149 150 152 154 155 156 158 159 160 162 163 164 165 166 167 168 169 170 171 172 173 174 176
2 17 24 31 36 38 40 53 57 60 61 62 65 67 81 86 93 97 100 108 111 112 119 121 128 129 130 131 132 133 140 144 148 162 164 165 166 167 168 175
1 2 4 5 6 9 10 11 12 13 14 15 16 18 20 21 23 24 25 26 27 28 30 31 32 33 34 35 37 38 39 40 42 43 44 46 47 48 49 50 51 53 54 55 56 59 61 64 65 66 68 71 73 74 76 77 78 79 80 82 83 84 86 87 88 89 90 91 92 93 95 96 97 98 99 100 101 103 105 106 107 108 109 110 111 112 113 114 115 117 119 121 122 124 125 126 127 128 130 131 132 133 134 135 136 137 138 139 140 141 142 143 144 145 146 147 148 149 150 151 153 157 158 160 162 164 166 168 169 170 171 173 175 176
1 2 3 4 5 6 7 8 9 10 11 12 13 14 15 16 17 18 19 20 21 22 23 24 25 26 27 28 29 30 31 32 33 34 35 36 37 38 39 40 41 42 43 44 45 46 47 48 49 50 51 52 53 54 55 56 57 58 59 60 61 62 63 64 65 66 67 68 69 70 71 72 73 74 75 76 77 78 79 80 81 82 83 84 85 86 87 88 89 90 91 92 93 94 95 96 97 98 99 100 101 102 103 104 105 106 107 108 109 110 111 112 113 114 115 116 117 118 119 120 121 122 123 124 125 126 127 128 129 130 131 132 133 134 135 136 137 138 139 140 141 142 143 144 145 146 147 148 149 150 151 152 153 154 155 156 157 158 159 160 161 162 163 164 165 166 167 168 169 170 171 172 173 174 175 176 177
12 15 24 25 28 31 33 39 40 43 47 51 56 62 64 66 69 74 80 82 87 101 108 113 116 121 124 125 131 132 135 137 142 149 152 153 158 159 163 166 169 171 176
2 7 9 11 18 48 74 95 102 109 112 147 174
2 5 7 9 11 14 16 18 19 21 22 23 25 28 41 44 48 55 58 63 67 70 74 78 81 90 92 94 95 102 105 109 112 117 118 125 129 132 134 139 147 152 154 164 166 174
5 16 17 23 25 28 29 34 36 38 44 45 46 52 53 57 58 60 62 63 64 70 77 81 93 94 100 111 116 118 119 129 138 140 142 145 148 155 156 157 158 159 165 167 173 175
8 23 24 43 47 63 64 69 70 73 76 77 98 111 112 113 116 127 131 138 140 142 143 145 149 152 158 159 162 163 165 176 177
2 4 6 12 22 23 24 30 37 40 42 45 47 51 52 53 60 75 79 80 83 86 91 96 99 101 108 112 121 128 129 135 136 137 140 144 150 151 153 161 162
3 5 8 9 13 14 18 29 31 35 36 38 41 45 47 60 61 62 72 75 81 84 93 94 100 104 106 111 115 118 121 124 127 130 132 134 145 154 155 165 167 170 172 173 175 176 177
4 8 12 30 42 47 49 51 54 60 63 66 68 71 73 82 83 85 86 93 95 96 97 107 108 110 112 118 122 125 132 136 143 148 150 154 157 169 172
1 2 7 8 14 15 17 19 21 22 24 28 30 40 42 43 48 54 60 66 67 70 72 74 78 80 81 88 89 90 91 105 106 112 118 119 126 128 129 130 131 134 135 139 149 157 167 169 173 174 176
1 2 4 6 9 10 12 14 16 18 19 20 21 23 24 25 26 27 28 30 31 32 34 35 36 37 39 40 42 43 44 46 47 48 49 50 51 52 53 54 55 56 57 59 60 63 65 66 68 69 71 72 73 74 75 76 77 78 79 80 82 83 84 85 86 87 88 89 91 92 93 95 97 98 99 101 103 104 105 106 107 108 109 110 111 114 116 117 118 119 120 122 123 125 126 128 132 134 135 136 137 138 139 140 142 143 144 145 146 147 148 149 150 151 153 154 156 157 158 159 162 163 164 165 166 167 168 169 171 172 173
1 4 6 10 11 15 26 27 32 36 39 44 46 51 52 54 57 61 62 65 66 67 68 71 79 82 83 87 88 89 94 96 99 105 106 107 108 113 115 123 126 127 136 138 150 151 153 155 157 159 169 170
1 2 4 5 6 7 10 11 12 13 14 15 18 19 20 24 26 27 28 29 32 34 35 36 37 39 40 44 46 49 50 51 52 53 54 56 57 58 61 62 63 64 65 66 67 68 69 71 72 73 75 76 77 79 80 82 83 84 85 86 87 88 89 90 91 93 94 95 96 97 98 99 101 102 103 105 106 107 108 109 110 111 113 114 115 116 120 122 123 126 127 128 129 130 131 132 136 137 138 139 140 142 144 146 147 148 149 150 151 153 155 156 157 158 159 160 161 162 163 164 167 168 169 170 171 173 174 175
1 2 7 11 12 15 16 17 19 20 22 23 24 25 26 27 28 29 30 32 33 34 35 36 37 38 40 41 42 43 45 46 47 48 49 50 52 53 54 55 56 57 58 60 61 62 63 64 65 66 67 68 69 70 71 73 76 77 79 80 81 83 84 86 88 89 90 91 92 93 95 97 98 100 101 102 103 104 105 106 108 109 110 111 112 113 114 116 117 118 119 120 121 123 126 128 129 130 131 133 134 136 138 139 140 141 142 143 144 146 147 148 149 150 155 156 157 158 159 160 161 162 163 164 165 166 167 168 169 172 173 174 175
1 2 3 4 6 7 11 12 13 14 15 16 17 19 20 22 24 27 28 29 30 32 33 34 35 36 37 39 40 41 42 43 44 45 46 48 50 51 53 54 55 56 57 59 62 63 64 65 67 70 71 73 74 75 76 78 79 80 81 82 83 85 86 87 90 91 92 93 95 96 98 99 100 101 102 103 104 105 106 107 108 109 110 111 114 116 117 118 119 121 122 123 124 125 126 127 128 130 131 132 133 134 136 138 139 140 141 143 144 145 146 147 148 149 150 152 153 155 157 158 160 161 162 163 165 166 169 170 171 172 174 175
7 8 9 11 15 17 19 20 21 23 25 29 31 38 41 42 45 65 67 70 74 77 78 81 90 91 94 98 100 102 103 104 105 109 112 114 121 124 127 130 131 133 135 139 154 165 168 174 175 177
2 5 8 13 15 16 17 21 24 26 27 37 39 42 43 44 46 49 50 55 63 64 66 73 75 83 85 86 91 93 94 97 98 99 107 108 110 113 119 122 124 125 131 141 144 146 147 157 158 170 171 172 176 177
2 5 8 9 13 14 15 16 17 19 21 22 23 24 25 26 27 29 31 33 36 37 38 39 42 43 44 46 47 49 50 52 53 55 60 62 63 64 66 67 73 74 75 81 83 84 85 86 87 91 93 94 97 98 99 100 102 104 106 107 108 110 112 113 117 119 121 122 123 124 125 129 130 131 134 141 144 145 146 147 149 152 154 155 157 158 162 166 170 171 172 173 176 177
2 3 5 7 8 9 11 13 14 15 16 17 18 19 20 21 22 23 24 25 26 27 29 30 31 32 33 36 37 38 39 41 42 43 44 45 46 47 48 49 50 52 53 55 56 57 58 60 61 62 63 64 66 67 68 70 73 74 75 76 77 78 81 83 84 85 86 87 90 91 92 93 94 95 97 98 99 100 101 102 104 105 106 107 108 109 110 111 112 113 117 118 119 121 122 123 124 125 127 129 130 131 132 133 134 140 141 142 144 145 146 147 148 149 152 154 155 156 157 158 160 161 162 166 167 170 171 172 173 174 175 176 177
1 4 6 19 24 31 52 80 82 83 86 88 90 98 99 101 115 118 121 131 136 142 149 151 158 162 163
1 2 4 6 7 9 10 11 12 13 15 17 18 19 20 21 23 24 26 27 28 30 31 32 33 34 35 37 39 40 41 42 43 44 46 47 48 49 50 51 52 53 54 56 59 61 62 63 65 66 67 68 69 71 73 74 75 76 77 78 79 80 82 83 84 86 87 88 90 91 92 93 95 96 98 99 101 103 104 105 107 108 109 110 111 113 114 115 116 117 118 119 120 121 122 123 125 126 128 129 131 133 134 135 136 137 138 139 141 142 143 144 145 146 147 149 150 151 152 153 156 158 160 162 163 165 166 167 169 170 171 174
4 10 11 14 34 40 42 48 54 55 66 70 71 79 83 87 94 96 107 122 123 126 127 136 146 147 150 151 152 157 159 173 175
4 5 7 10 11 13 14 16 17 19 20 21 22 24 25 26 28 29 30 31 33 34 35 36 37 38 40 41 42 43 45 46 47 48 49 50 52 53 54 55 56 58 60 61 62 64 65 66 67 70 71 72 74 76 77 79 81 83 86 87 89 91 94 95 96 97 99 100 101 102 103 104 105 106 107 108 109 110 111 112 113 114 115 116 117 118 119 121 122 123 125 126 127 128 129 130 131 133 136 138 139 140 141 142 144 145 146 147 148 149 150 151 152 154 155 156 157 158 159 160 161 162 163 164 165 166 167 168 169 170 172 173 174 175
1 2 4 5 6 10 11 12 13 14 15 16 17 18 19 20 23 24 26 27 29 30 32 33 34 37 39 40 42 43 44 46 48 49 50 51 52 53 54 55 56 57 58 59 60 62 63 64 65 66 68 69 71 72 73 76 77 79 80 82 83 85 86 88 89 91 92 93 95 96 97 98 99 101 103 105 106 107 108 110 111 112 113 114 115 116 117 118 119 120 122 125 126 128 131 132 136 137 138 140 141 142 143 144 145 146 147 148 149 150 151 153 155 156 157 158 159 160 161 162 163 164 169 170 171 173 174
2 3 8 12 15 17 22 23 29 31 34 36 44 45 47 53 57 60 63 66 75 84 85 87 93 108 111 116 119 120 121 124 127 129 132 133 134 135 140 145 148 152 157 175 176 177
2 3 4 5 6 7 9 10 11 13 14 16 17 19 20 21 22 24 25 27 30 31 32 33 34 36 37 38 39 40 41 42 44 45 46 48 49 50 52 53 54 55 56 57 58 60 61 63 64 65 67 70 71 72 74 77 78 79 80 81 82 83 84 85 88 89 90 92 93 94 95 96 99 100 101 102 103 104 105 106 107 109 110 111 112 114 117 118 120 122 123 126 127 128 129 130 131 132 133 135 136 138 139 141 142 143 146 147 148 150 151 153 154 155 156 157 160 161 162 164 165 167 168 170 172 173 174 175 177
1 2 3 6 9 10 11 13 14 15 17 18 19 20 21 22 23 24 26 27 28 29 30 31 32 33 34 36 37 38 39 40 42 43 46 47 48 49 50 51 52 53 54 56 60 61 62 63 64 65 67 68 71 73 74 75 76 77 79 80 83 84 85 86 87 89 90 91 92 93 95 96 97 98 99 100 101 102 103 105 106 107 108 109 110 112 113 114 115 116 117 118 119 120 121 122 123 124 125 126 128 131 132 133 137 138 140 141 142 143 144 145 147 148 149 151 152 153 155 156 157 158 160 161 162 163 164 165 166 167 169 170 171 174 176
2 8 17 23 26 31 36 43 45 51 61 63 66 69 72 73 76 87 97 98 111 113 114 115 116 119 121 124 125 127 134 137 138 140 142 145 149 157 158 159 162 163 165 166 173 175 176
2 3 7 9 11 12 14 15 19 22 26 28 31 36 37 41 46 54 58 59 63 72 73 75 77 78 84 92 97 98 102 105 118 122 124 129 131 132 135 138 145 153 154 158 164 166 167 173 176 177
1 2 3 4 5 6 8 12 14 15 16 17 22 23 24 25 26 27 28 29 30 31 33 34 35 36 38 39 40 42 46 47 49 50 51 52 53 54 56 57 58 60 61 62 63 64 65 67 68 70 71 75 76 77 79 81 82 83 84 85 86 87 88 89 91 93 96 97 98 99 100 101 104 105 106 107 108 110 111 113 114 116 118 119 120 121 123 126 128 129 131 132 133 134 136 137 138 140 142 143 144 145 148 149 150 151 152 153 155 156 157 158 159 160 161 162 163 165 167 168 169 172 173 175 176
2 4 7 16 19 21 22 24 25 28 30 33 34 37 42 48 54 64 68 78 89 90 92 95 101 105 116 117 128 129 132 139 140 142 143 147 159 162 163 164 166 167 172 174 175
1 2 3 4 5 6 8 11 12 13 14 15 16 17 19 21 24 25 26 27 28 29 30 31 32 33 34 35 36 37 38 40 41 42 43 44 45 47 48 49 51 52 53 54 56 60 61 62 65 67 68 69 71 73 75 76 77 79 83 84 85 86 87 89 93 94 95 96 97 98 99 100 102 103 104 105 106 108 110 111 113 114 115 117 118 120 121 122 123 124 125 127 128 129 130 131 133 134 135 136 138 139 140 141 142 144 146 147 148 149 150 151 153 154 155 156 157 158 159 161 162 164 165 166 168 169 171 173 174 175 177
1 2 4 5 6 7 10 11 12 14 15 16 17 19 24 25 28 29 30 31 32 33 34 35 37 38 39 40 41 42 43 44 46 48 49 50 51 52 54 55 56 57 59 61 64 65 66 67 68 69 70 71 72 73 74 78 79 80 82 83 84 85 86 87 88 90 91 93 96 97 98 99 100 101 102 104 105 107 110 111 113 115 116 117 118 119 120 121 122 125 126 127 128 131 132 133 134 136 137 138 140 143 144 146 147 148 149 150 151 152 155 156 157 158 160 161 162 163 164 165 166 167 168 169 170 171 172 173 175 176
1 2 3 4 6 8 10 11 12 13 15 17 18 20 22 23 24 26 27 28 29 30 32 33 34 35 36 38 39 40 44 45 46 47 48 49 50 51 52 53 54 55 56 59 61 63 65 66 67 68 69 70 71 72 73 75 76 79 80 81 82 83 84 86 88 89 91 92 93 94 95 96 97 99 100 104 105 106 107 108 110 113 114 115 116 120 121 122 123 124 126 127 128 129 130 132 134 135 136 137 138 141 142 143 144 146 147 148 149 150 151 152 153 154 155 157 158 160 162 163 164 165 166 167 168 169 170 171 175 176 177
2 3 7 8 16 24 25 28 31 35 38 42 45 47 52 58 60 65 69 72 77 81 93 95 97 102 106 112 116 118 129 130 133 140 145 152 155 159 161 162 164 165 167 173 174 175 177
1 2 4 5 6 12 15 16 17 22 23 24 25 26 27 28 29 30 31 33 34 35 36 37 38 40 42 43 44 45 46 47 49 50 51 52 53 54 55 56 57 58 60 62 63 64 65 66 67 68 69 70 71 72 73 76 77 79 82 83 84 85 86 87 89 91 92 93 95 96 97 98 99 102 103 105 106 108 110 111 112 113 114 115 116 117 118 119 120 121 123 126 127 128 129 131 133 136 137 138 140 141 142 143 144 145 148 149 150 151 152 153 156 157 158 159 160 161 162 163 164 165 166 167 168 169 171 172 173 174 175
2 3 4 5 8 9 10 11 13 14 15 16 17 19 20 22 23 24 25 26 27 29 30 31 34 35 36 38 39 43 44 45 46 48 49 52 53 56 57 58 60 61 62 63 64 65 67 69 70 71 72 73 75 76 77 78 79 81 82 83 84 85 87 88 90 93 94 95 97 98 99 100 103 105 106 107 108 109 110 111 112 113 114 116 118 119 120 121 123 124 127 128 129 130 131 132 134 135 136 137 138 140 142 143 144 145 148 149 150 151 152 154 155 156 157 158 159 160 161 162 163 164 165 166 167 168 172 173 175 176
3 5 7 8 9 11 13 14 16 18 19 20 21 22 25 28 29 31 32 41 45 48 58 70 72 74 77 78 90 92 102 105 109 124 125 130 132 135 139 145 147 154 161 166 168 173 177
1 2 3 4 5 6 8 10 12 13 14 15 16 17 18 19 20 21 22 25 27 29 31 32 33 35 36 37 39 40 44 45 47 49 50 51 52 53 55 58 59 61 62 63 64 65 66 67 68 71 72 73 76 78 79 81 82 83 84 85 87 88 91 94 95 96 97 98 99 100 103 104 107 108 110 111 113 114 115 116 118 119 120 123 124 125 126 127 128 132 133 134 135 136 137 140 143 144 145 146 147 148 149 150 151 152 153 154 155 156 157 159 160 161 164 165 166 167 168 170 171 172 173 175 176 177
1 2 4 6 12 15 16 17 24 25 26 27 30 32 33 34 35 36 37 38 39 40 42 43 44 45 46 47 49 50 51 52 53 54 55 56 57 60 61 62 63 64 65 66 67 68 71 72 73 75 76 77 79 80 81 82 83 84 85 86 87 88 89 91 93 96 97 98 99 100 101 103 104 106 107 108 110 111 112 113 114 115 117 118 119 120 121 123 126 128 129 130 131 133 134 135 136 137 138 140 142 144 146 148 149 150 151 153 154 155 156 157 158 159 160 161 162 163 164 165 166 167 168 169 172 173 174 175 176 177
1 2 4 6 8 9 11 12 13 14 15 16 17 18 19 20 22 23 24 26 27 29 30 31 32 33 34 37 38 39 41 42 43 44 45 46 47 48 50 51 52 53 54 56 58 59 60 61 62 63 64 65 67 68 71 72 74 75 76 78 79 80 81 82 83 84 85 86 88 89 91 93 96 97 99 100 101 102 103 104 106 107 108 109 111 112 113 114 116 118 119 120 122 123 125 126 127 128 130 131 132 133 134 135 136 137 138 139 140 141 144 145 146 147 148 149 150 151 152 153 154 155 156 157 159 161 162 165 167 169 170 173 174
23 24 25 29 34 35 36 37 38 45 53 57 58 60 74 89 90 95 97 106 111 112 113 114 117 118 119 121 129 134 138 140 142 157 159 161 162 164 165 166 167 168 174 176 177
1 2 3 4 5 6 7 9 10 11 12 13 14 15 17 18 19 20 21 22 25 26 27 28 29 32 33 35 37 39 40 41 42 43 47 48 49 50 51 54 55 56 59 60 62 65 66 68 69 71 72 73 74 75 76 78 79 80 82 83 84 85 86 87 88 89 90 91 92 93 94 95 96 98 99 101 102 103 105 106 107 108 109 110 111 113 114 115 117 120 121 122 123 124 125 126 127 128 131 132 134 135 136 137 138 139 141 144 145 146 147 148 149 150 151 153 154 157 158 160 168 169 170 171 172 176 177
2 3 5 7 8 9 10 11 13 14 15 16 17 18 19 20 21 22 25 26 28 29 31 32 35 36 38 39 41 42 44 45 46 48 49 50 52 53 54 55 57 58 59 62 63 64 65 66 67 69 70 71 72 73 74 75 76 77 78 79 80 81 85 87 88 90 92 94 95 96 97 98 100 102 103 104 105 106 107 109 111 112 113 114 115 116 117 118 119 120 121 122 123 124 125 126 127 130 132 133 136 138 139 141 142 143 145 146 147 148 149 150 151 152 154 155 156 157 158 159 160 161 163 164 165 166 167 168 170 171 172 173 174 175 176 177
2 17 24 26 30 36 40 43 47 51 56 61 63 69 84 86 87 91 93 108 113 119 121 124 129 137 140 142 149 158 159 161 162 163 165 169 175 176
7 9 10 11 14 19 20 21 28 30 42 43 48 50 54 60 64 66 73 74 77 78 86 88 89 90 92 95 105 109 110 125 126 128 138 139 141 142 143 147 157 158 160 163
5 7 9 12 16 19 21 23 25 28 34 36 37 38 41 45 48 58 60 63 64 69 72 74 75 84 85 87 89 90 92 93 95 102 112 123 129 132 141 149 155 161 164 167 173 174 177
