1 3 4 5 6 7 8 9 10 11 12 13 15 16 18 19 20 21 23 24 25 26 27 29 32 38 39 40 41 42 43 44 45 46 47 48 49 50 51 52 53 55 57 58 59 61 62 63 65 66 68 69 70 71 73 75 76 78 79 80 81 82 83 84 85 86 87 88 90 91 92 93 95 96 98 99 100 101 103 104 105 106 110 111 112 113 114 115 117 120 121 122 123 127 129 130 131 132 133 134 135 136 137 139 140 141 142 145 146 147 149 150 151 152 153 154 155 157 160 161 162 165 166 167 168 169 171 172 175 176
2 3 5 15 58 67 114 123 129 130 159 165 167 168
2 3 5 7 8 9 11 13 16 18 20 21 22 25 28 31 36 41 45 59 68 69 72 74 76 77 81 85 90 92 94 95 105 109 124 125 127 132 134 145 148 154 155 161 170 175
3 5 7 9 11 13 14 18 20 22 26 28 29 31 32 33 35 41 53 56 59 62 68 84 91 92 94 96 101 105 117 118 121 129 133 134 135 141 146 149 154 156 160 166 167 170 173 174 176
5 7 9 18 19 20 21 27 32 33 37 41 50 55 56 57 59 60 68 70 72 74 78 80 85 90 92 95 101 102 105 106 110 112 115 117 122 125 137 139 141 146 151 154 161 169 170 174
1 4 6 7 11 12 18 27 30 32 40 43 48 51 55 66 68 78 79 80 83 84 86 91 99 101 107 108 110 115 125 126 128 135 137 144 150 153 160 171
2 15 17 23 24 26 30 31 33 40 42 46 47 49 50 53 54 56 57 60 61 62 63 65 66 67 69 73 75 76 84 85 86 89 90 93 95 97 98 100 102 103 106 111 113 114 116 118 119 120 121 123 125 128 131 132 133 138 140 142 143 145 146 148 149 156 157 158 159 161 162 163 167 169 172 175
3 8 14 15 22 25 28 29 31 35 44 52 57 60 62 63 67 69 72 76 81 85 91 94 104 111 113 118 119 124 132 133 134 138 145 148 152 154 157 159 161 163 165 167 175 176
1 3 7 10 11 13 16 19 20 21 24 30 37 40 42 48 49 55 57 62 65 67 70 71 74 77 78 79 81 82 83 85 86 88 89 90 91 92 94 95 96 99 101 104 105 106 109 110 114 115 117 126 128 130 131 133 134 135 136 139 141 143 144 146 147 150 153 154 156 162 164 172 174
3 7 8 9 11 12 14 21 28 34 35 41 43 45 46 53 55 57 58 66 69 70 72 74 77 100 102 116 117 125 129 138 143 147 155 160 161 164 167 168 175 176
3 5 7 9 13 14 17 18 19 21 22 25 31 38 41 45 47 59 61 62 66 67 69 70 72 80 94 104 112 117 119 121 122 124 129 130 132 133 139 145 152 154 155 161 165 170 172 174 176 177
2 3 8 15 23 24 29 30 31 33 35 38 42 44 49 52 53 56 57 60 62 63 72 73 76 88 89 97 98 100 105 106 110 114 119 120 128 138 140 149 155 157 158 159 165 168 172
5 7 8 9 10 11 13 18 20 21 25 28 29 34 37 41 45 48 66 68 74 76 78 80 81 88 90 92 95 101 105 109 112 116 117 118 122 124 126 139 141 145 147 156 164 166 168 170 174
8 16 34 35 59 64 77 85 111 120 123 142 145 149 156 158 163 164 166
1 4 5 7 10 13 16 19 20 21 22 32 33 38 39 41 46 49 50 51 52 54 56 59 61 62 65 67 70 71 74 77 79 82 83 85 88 90 92 93 96 99 102 103 107 110 117 120 122 127 141 143 146 150 151 153 155 164 170 174
3 19 36 61 81 87 94 100 127 154 177
8 15 23 26 29 31 36 39 43 44 51 56 63 66 69 73 75 76 87 94 98 108 111 113 114 115 116 119 124 125 127 132 137 140 145 149 154 158 159 160 163 165 166 169 171 173 176
1 4 27 28 40 43 54 65 70 83 89 91 93 98 110 128 131 144 157 162 174
9 19 22 24 25 28 29 31 33 36 38 43 45 47 48 53 57 58 67 77 78 81 100 102 104 105 111 112 116 121 129 130 131 140 145 152 154 155 159 161 162 165 166 167 173 174 176
4 8 22 25 29 31 44 46 51 56 63 64 73 76 105 111 113 116 119 125 127 134 141 143 149 153 156 157 158 159 162 163 171 176
2 15 16 24 25 29 34 35 36 37 42 43 46 47 48 49 52 53 58 62 63 67 73 86 89 92 95 97 98 102 103 110 112 113 114 117 121 129 131 140 141 147 149 152 157 162 164 166
2 5 8 16 17 22 23 25 29 31 36 38 44 45 47 52 53 58 60 61 63 69 73 81 87 93 100 104 113 119 121 123 124 134 140 145 148 152 155 158 161 164 165 166 167 172 173
2 3 8 13 14 16 23 25 31 32 34 36 45 52 59 68 69 72 75 77 81 85 87 94 104 105 111 116 118 119 124 129 132 133 134 145 154 156 158 170 173 176 177
3 7 8 9 10 11 13 14 18 19 21 22 28 29 34 45 48 58 59 69 72 74 75 78 81 90 92 94 104 109 112 117 118 122 124 125 135 139 145 154 155 164 167 171 172 173 176 177
7 9 11 12 18 19 24 27 30 40 41 42 43 48 55 65 66 68 74 78 80 83 86 88 89 90 92 95 105 109 112 125 126 128 131 135 139 141 143 144 153 160 162 171
1 4 8 10 12 16 18 21 26 51 52 63 66 72 80 82 83 87 88 91 100 101 102 106 108 115 117 118 119 121 126 130 133 134 135 137 139 141 149 153 166 167 170 173
7 9 10 11 13 14 20 21 26 28 30 34 36 37 42 43 48 50 54 56 64 68 73 74 88 89 90 92 95 105 109 110 112 115 117 119 132 141 142 143 145 147 154 160 169 170 171 174
6 7 19 26 51 54 62 73 81 87 101 122 130 134 147 160 164 166
3 14 16 18 31 59 81 94 124 130 145 154 164
2 14 17 23 25 28 29 31 35 36 43 45 53 58 60 63 69 76 100 113 114 115 118 119 123 124 125 129 132 134 135 138 139 140 145 148 149 154 159 163 165 166 168 171 173 177
1 4 6 10 18 23 25 26 27 32 35 39 40 42 44 49 50 51 55 58 63 65 66 71 72 77 79 82 83 86 96 97 99 101 102 103 107 108 110 114 117 119 122 123 128 135 136 137 140 142 144 145 146 150 151 153 158 163 164 168 172
1 3 5 6 9 11 13 14 16 18 21 28 36 57 59 69 70 72 75 77 78 80 85 90 91 92 94 104 107 111 115 122 124 125 127 132 137 145 151 154 170 173 176
2 3 34 38 61 70 94 104 106 111 127 155 165 177
2 5 17 22 23 24 25 29 30 31 34 35 36 45 49 53 57 58 62 63 77 87 97 100 111 113 118 119 123 129 130 131 134 140 145 148 154 155 156 159 162 165 166 167 175
5 16 22 34 36 46 52 61 64 77 100 103 104 116 119 133 134 138 142 148 159 163
1 4 7 33 36 37 51 54 56 57 88 98 100 101 117 131 141 153 160
7 8 9 10 11 13 14 16 18 21 22 28 31 41 45 59 64 68 69 73 75 78 80 87 92 93 105 109 115 116 120 121 122 124 125 127 132 137 145 158 161 170 171 172 176
1 7 8 11 13 15 20 21 22 26 41 43 47 49 51 56 60 68 73 75 82 87 92 98 108 109 112 120 124 135 137 160 176
5 8 14 16 19 22 25 36 38 45 52 57 58 61 62 63 64 74 85 87 89 94 95 100 102 106 107 118 119 121 123 130 133 134 140 142 144 145 148 152 154 155 164 167 168 174 175
7 8 9 11 16 21 22 25 28 35 41 45 48 52 55 57 58 63 69 70 72 77 78 81 85 87 90 92 95 105 109 112 116 123 130 132 133 139 140 142 143 161 164 167 172 173 175
1 6 7 13 16 18 24 26 29 31 32 33 36 38 41 43 53 55 56 60 68 80 81 83 84 91 93 101 102 105 107 109 112 115 118 129 134 137 143 145 148 152 153 160 161 165 174
1 6 36 38 51 52 67 70 72 75 81 90 94 98 100 102 127 132 159 161 165 167 173 176
6 18 26 51 64 69 75 82 107 108 116 136 137 151 158 159 163 169 170
3 5 9 16 18 22 25 28 29 31 41 44 47 48 63 64 69 75 78 81 84 87 90 94 95 101 104 116 121 124 130 133 134 135 140 143 145 148 152 154 165 167 172 173 176
1 2 3 6 10 17 18 20 24 25 29 30 37 42 47 48 54 56 57 69 73 74 80 92 95 107 109 112 124 126 130 132 133 134 135 139 145 148 154 157 159 160 170 176
7 8 9 11 13 14 15 19 20 26 28 31 32 33 34 41 42 43 45 46 49 56 58 60 67 70 74 78 85 90 92 93 95 98 109 112 116 118 119 132 139 149 162 166 173 174
9 10 18 19 21 26 27 28 31 34 42 43 48 50 61 62 65 66 70 74 75 78 86 88 91 92 95 102 104 109 110 112 117 121 122 124 125 128 129 133 134 135 139 144 162 169 171 174
7 19 25 26 36 43 52 57 62 65 70 74 75 85 98 100 102 104 111 112 121 133 152 155 156 163 174
1 4 6 10 12 18 27 32 46 49 50 55 71 74 79 83 90 96 99 107 109 110 135 136 139 144 150 151 153 160
1 11 14 20 26 27 33 34 39 41 43 48 54 56 59 64 66 68 69 73 74 78 82 88 91 92 100 105 110 115 125 132 138 139 141 146 147 160 169 170 171
