1 4 6 12 14 18 26 27 32 44 48 51 55 56 66 68 78 79 80 82 83 84 86 91 96 99 101 108 110 115 125 126 135 136 137 144 146 151 153 160 170 171
1 2 3 4 5 6 8 10 12 14 15 17 18 22 26 27 31 32 36 39 40 44 46 47 49 50 51 55 56 59 61 62 64 66 67 68 70 71 72 73 75 77 79 80 82 83 84 85 86 87 91 93 94 96 99 101 102 103 104 106 107 108 110 111 113 114 115 117 120 122 124 125 126 127 128 131 132 133 134 135 136 137 138 140 144 146 149 150 151 152 153 154 155 157 158 163 165 169 170 171 172 176
1 2 3 4 5 6 7 9 12 14 16 17 20 22 23 24 25 27 28 29 30 31 32 33 34 35 36 37 38 39 40 41 44 45 46 47 49 50 51 52 53 54 55 56 57 58 59 60 61 62 63 64 65 66 67 68 69 70 71 72 74 75 78 79 80 81 82 83 84 85 86 87 88 89 91 92 93 94 97 98 99 100 101 102 104 105 106 107 108 110 118 119 121 123 126 127 128 129 130 131 132 133 134 135 136 137 138 139 141 142 143 144 145 146 148 150 151 152 153 155 157 160 161 162 164 167 168 169 170 174 175 177
22 25 28 31 38 72 73 74 76 81 97 111 116 118 122 123 125 129 138 140 142 143 145 147 148 154 156 159 165 166 175 177
3 16 22 23 25 28 29 38 46 58 64 67 77 81 94 100 104 106 116 121 130 142 143 145 148 161 165 166 167 172
28 30 37 38 41 43 47 53 64 69 76 104 112 118 142 143 173
24 41 46 48 53 68 69 74 78 90 92 95 101 112 129 135 140 142 152 159 160 162 163 172 173
17 18 31 32 43 45 55 56 68 70 72 77 91 93 105 118 126 132 133 148 160 166 170 174
1 2 3 4 6 12 13 14 15 17 18 20 23 32 33 34 36 37 39 40 41 43 47 49 50 51 52 53 54 55 56 57 59 60 61 62 63 66 67 70 71 78 79 82 83 86 88 89 91 93 95 97 98 99 101 103 105 106 107 108 110 111 114 115 119 120 128 129 132 134 136 137 139 141 144 146 147 150 151 153 155 157 160 162 164 169 171 177
22 23 25 44 45 70 74 81 130 145 166 172 173
2 12 27 50 54 86 88 92 93 98 102 120 126 128
2 4 7 8 9 10 11 12 13 14 15 16 18 20 21 22 27 28 30 32 37 39 41 42 46 48 49 50 52 54 60 61 64 65 70 71 72 73 74 78 79 80 83 86 88 89 90 91 92 93 94 95 96 98 99 101 102 103 105 106 107 109 110 112 114 117 118 120 121 122 123 125 126 127 128 130 131 134 135 136 139 141 142 144 145 146 147 150 152 153 157 160 164 168 171 172 173 174
2 9 23 24 29 30 33 36 37 42 43 47 48 58 61 65 78 86 89 92 95 101 102 112 114 119 121 128 131 134 135 137 139 140 144 160 162 163 165 166 168
1 4 6 10 12 39 40 50 51 54 55 66 74 79 80 82 83 86 88 90 99 107 115 122 126 136 137 150 153 160 164 169 171
5 8 16 25 31 35 38 45 57 69 72 77 85 111 116 118 127 148 167 172 173 175
4 8 34 60 77 82 88 96 99 106 107 108 115 130 156 171 175 176
4 8 23 34 38 60 61 75 77 82 88 93 96 99 100 106 107 108 115 121 129 130 156 171 175 176
1 3 5 7 11 13 15 16 21 26 28 32 34 35 46 50 52 54 55 58 59 62 66 68 70 71 72 73 76 77 82 83 85 87 89 90 93 97 98 99 101 103 107 110 114 115 116 120 122 123 125 131 133 136 148 149 150 151 155 156 159 161 162 163 166 168 171 172 173 175
1 3 5 6 7 8 11 13 15 16 21 24 26 27 28 32 34 35 41 43 46 48 49 50 52 54 55 58 59 62 64 65 66 68 70 71 72 73 76 77 82 83 85 87 89 90 93 97 98 99 100 101 102 103 107 109 110 112 114 115 116 117 120 122 123 124 125 131 133 136 141 144 148 149 150 151 155 156 159 160 161 162 163 166 168 169 171 172 173 174 175 177
19 22 23 25 28 29 31 44 53 57 58 61 64 67 70 74 81 87 94 95 102 104 106 111 112 121 133 134 139 140 143 145 152 154 155 157 165 167 168 172 173 176
5 7 9 10 14 18 21 22 29 59 75 78 81 94 104 122 124 125 132 154 165 167 170 174
2 8 14 16 17 22 23 28 29 31 38 44 45 53 58 60 61 67 72 81 85 97 100 104 113 114 119 123 129 130 140 145 152 155 157 161 164 165 166 168 172 173 175
3 9 11 16 22 31 35 36 43 45 62 74 81 90 94 102 104 109 112 121 127 133 154 155 165 174 176 177
3 9 11 16 22 31 35 36 43 45 62 74 81 90 94 95 102 104 109 112 121 127 130 133 145 154 155 165 174 176 177
15 17 23 28 36 43 44 46 53 63 69 73 75 87 91 97 113 114 115 116 118 119 124 132 134 138 140 142 148 149 158 159 163 166 171 175
2 5 15 17 23 24 25 26 30 33 34 35 36 37 38 39 40 42 45 46 47 49 50 52 53 54 60 61 62 63 64 65 67 71 73 75 76 85 87 88 89 93 96 97 98 100 103 104 106 111 112 113 114 116 117 118 119 120 121 123 128 129 130 131 133 134 138 140 141 142 143 145 146 147 149 151 152 155 156 157 158 159 161 162 163 164 165 166 167 168 169 170 173 175
1 2 9 19 20 24 27 31 32 33 38 42 43 59 61 67 70 74 78 80 81 88 90 98 102 105 110 112 125 126 128 129 130 131 132 135 139 141 169 171
9 18 28 32 36 59 74 81 104 112 124 145 152 154
2 17 22 28 29 34 35 36 44 45 46 53 55 57 60 63 64 69 70 72 77 81 85 97 111 123 138 140 148 154 155 157 158 161 162 163 166 175 176 177
7 8 9 11 13 14 18 21 28 34 41 45 48 55 68 70 72 74 81 85 92 94 104 105 109 112 117 125 130 139 143 145 152 154 155 165 171 174 176 177
18 21 45 48 81 93 124 139 143 154
2 9 19 23 34 37 42 48 54 65 68 74 77 78 80 86 88 90 92 102 103 105 112 124 125 126 128 131 132 135 139 143 171 172 174
2 9 19 23 34 37 42 48 54 65 68 74 77 78 80 86 88 90 92 102 103 105 112 124 125 126 128 131 132 135 139 143 171 172 174
8 16 23 25 36 38 44 67 69 72 85 97 114 119 129 138 140 145 156 159 161 163 166 168 173
3 7 9 14 22 41 58 74 85 104 117 125 172
9 20 24 30 41 43 48 74 117 122 160
9 18 20 24 30 41 43 48 74 78 90 112 117 122 125 150 160
2 3 4 6 11 12 13 14 17 18 19 20 25 26 30 31 35 37 39 44 45 46 47 50 51 55 57 58 59 62 65 67 68 70 71 79 83 85 86 89 90 91 94 95 96 97 99 101 102 103 104 107 108 109 112 114 115 119 120 121 123 125 126 127 128 129 131 136 137 138 141 143 145 146 147 148 150 151 155 156 157 158 160 162 163 165 166 167 168 169 170 171 172 177
17 47 53 101 106 118 133 135 150 173
17 32 35 40 47 53 67 69 72 73 78 87 90 101 105 106 118 133 135 137 146 148 150 173 176
18 24 30 32 37 42 43 48 52 60 66 68 76 78 86 87 89 96 101 102 103 110 112 117 122 125 135 139 140 146 164 167 171 174 176
5 7 8 14 16 20 21 23 34 41 45 64 66 74 77 78 109 117 118 127 132 139 145 173 177
2 4 7 8 10 12 13 15 17 18 20 23 24 25 27 29 30 33 37 39 40 41 42 44 46 49 50 51 54 55 56 57 60 66 67 69 70 71 72 76 77 79 82 83 85 86 89 90 91 92 95 96 97 99 101 103 106 107 108 109 110 111 113 114 116 117 119 120 123 126 127 128 129 132 134 136 138 140 142 143 144 146 147 148 149 150 151 153 156 157 158 159 163 164 166 175
4 10 11 13 14 20 25 48 51 58 83 87 93 103 107 109 112 123 130 133 136 139 144 146 147 149 150
2 7 8 13 35 37 40 41 50 66 78 79 88 91 98 105 108 109 110 112 115 117 128 132 137 145 146 148 162 166 168 171 174
4 6 12 30 34 39 40 46 49 51 56 65 68 71 73 74 86 89 95 96 99 105 108 135 137 138 142 144 146 150 153 158 162 163
11 20 23 29 47 48 53 62 89 100 101 104 121 123 133 139 142 143 148 152 162 166 175
2 12 15 17 44 52 53 57 72 73 84 87 97 100 111 114 120 121 123 127 129 131 134 135 148 153 157 164 175
3 16 25 72 77 111 132 148 154 156 161 172 177
3 16 25 69 72 77 111 132 143 148 154 156 161 164 172 177
