Description	Target	Measure	E11	E10	E01
["""ENSG00000149516""" = 0.0]	[Target]	0.0	0.0	133.0	0.0
["""ENSG00000143499""" = 1.0], ["""ENSG00000147065""" = 1.0]	[Target]	0.0	0.0	10.0	0.0
["""ENSG00000136144""" = 0.0], ["""ENSG00000145715""" = 1.0]	[Target]	0.0	0.0	17.0	0.0
["""ENSG00000227868""" = 0.0], ["""ENSG00000279767""" = 1.0]	[Target]	0.0	0.0	31.0	0.0
["""ENSG00000233954""" = 0.0], ["""ENSG00000145692""" = 1.0], ["""ENSG00000096093""" = 1.0]	[Target]	0.0	0.0	15.0	0.0
["""ENSG00000233954""" = 0.0], ["""ENSG00000096093""" = 1.0]	[Target]	0.0	0.0	46.0	0.0
["""ENSG00000185627""" = 1.0], ["""ENSG00000033050""" = 0.0]	[Target]	0.0	0.0	25.0	0.0
["""ENSG00000163482""" = 1.0], ["""ENSG00000204511""" = 0.0]	[Target]	0.0	0.0	28.0	0.0
["""ENSG00000115207""" = 1.0], ["""ENSG00000127399""" = 1.0]	[Target]	0.0	0.0	23.0	0.0
["""ENSG00000179151""" = 0.0], ["""ENSG00000155034""" = 1.0]	[Target]	0.0	0.0	23.0	0.0
["""ENSG00000071794""" = 0.0], ["""ENSG00000187758""" = 1.0]	[Target]	0.0	0.0	38.0	0.0
["""ENSG00000172551""" = 1.0], ["""ENSG00000067829""" = 0.0]	[Target]	0.0	0.0	35.0	0.0
["""ENSG00000116017""" = 1.0], ["""ENSG00000106211""" = 0.0]	[Target]	0.0	0.0	20.0	0.0
["""ENSG00000162365""" = 1.0], ["""ENSG00000054938""" = 0.0]	[Target]	0.0	0.0	37.0	0.0
["""ENSG00000179855""" = 1.0], ["""ENSG00000223573""" = 0.0], ["""ENSG00000037474""" = 0.0], ["""ENSG00000135346""" = 0.0]	[Target]	0.0	0.0	26.0	0.0
["""ENSG00000160321""" = 1.0], ["""ENSG00000138400""" = 0.0], ["""ENSG00000131669""" = 0.0], ["""ENSG00000214717""" = 0.0]	[Target]	0.0	0.0	22.0	0.0
["""ENSG00000160321""" = 1.0], ["""ENSG00000131669""" = 0.0]	[Target]	0.0	0.0	37.0	0.0
["""ENSG00000186895""" = 0.0], ["""ENSG00000125337""" = 0.0]	[Target]	0.0	0.0	114.0	0.0
["""ENSG00000198854""" = 0.0], ["""ENSG00000152583""" = 0.0], ["""ENSG00000112312""" = 1.0], ["""ENSG00000188107""" = 0.0]	[Target]	0.0	0.0	28.0	0.0
["""ENSG00000283208""" = 0.0], ["""ENSG00000131050""" = 0.0]	[Target]	0.0	0.0	99.0	0.0
["""ENSG00000134460""" = 0.0], ["""ENSG00000250565""" = 1.0]	[Target]	0.0	0.0	36.0	0.0
["""ENSG00000211455""" = 0.0], ["""ENSG00000041802""" = 0.0]	[Target]	0.0	0.0	114.0	0.0
["""ENSG00000165312""" = 1.0], ["""ENSG00000108700""" = 0.0]	[Target]	0.0	0.0	29.0	0.0
["""ENSG00000116791""" = 0.0], ["""ENSG00000159164""" = 1.0]	[Target]	0.0	0.0	33.0	0.0
["""ENSG00000007968""" = 1.0], ["""ENSG00000143185""" = 1.0]	[Target]	0.0	0.0	16.0	0.0
["""ENSG00000197580""" = 0.0], ["""ENSG00000173166""" = 1.0]	[Target]	0.0	0.0	27.0	0.0
["""ENSG00000258289""" = 0.0], ["""ENSG00000119787""" = 1.0]	[Target]	0.0	0.0	31.0	0.0
["""ENSG00000212126""" = 1.0], ["""ENSG00000119650""" = 0.0]	[Target]	0.0	0.0	34.0	0.0
["""ENSG00000172687""" = 1.0], ["""ENSG00000008226""" = 0.0]	[Target]	0.0	0.0	29.0	0.0
["""ENSG00000117625""" = 1.0], ["""ENSG00000133302""" = 1.0]	[Target]	0.0	0.0	28.0	0.0
["""ENSG00000141013""" = 0.0], ["""ENSG00000138658""" = 1.0]	[Target]	0.0	0.0	27.0	0.0
["""ENSG00000137947""" = 0.0], ["""ENSG00000147724""" = 1.0]	[Target]	0.0	0.0	31.0	0.0
["""ENSG00000174672""" = 1.0], ["""ENSG00000105679""" = 1.0]	[Target]	0.0	0.0	10.0	0.0
["""ENSG00000167968""" = 0.0], ["""ENSG00000274749""" = 1.0]	[Target]	0.0	0.0	12.0	0.0
["""ENSG00000169598""" = 1.0], ["""ENSG00000145907""" = 1.0]	[Target]	0.0	0.0	17.0	0.0
["""ENSG00000091039""" = 0.0], ["""ENSG00000140279""" = 0.0], ["""ENSG00000005187""" = 0.0], ["""ENSG00000084710""" = 0.0], ["""ENSG00000260286""" = 1.0]	[Target]	0.0	0.0	12.0	0.0
["""ENSG00000005187""" = 0.0], ["""ENSG00000260286""" = 1.0]	[Target]	0.0	0.0	31.0	0.0
["""ENSG00000109832""" = 0.0], ["""ENSG00000168116""" = 0.0]	[Target]	0.0	0.0	99.0	0.0
["""ENSG00000160111""" = 1.0], ["""ENSG00000105429""" = 1.0]	[Target]	0.0	0.0	13.0	0.0
["""ENSG00000115665""" = 0.0], ["""ENSG00000183742""" = 0.0]	[Target]	0.0	0.0	104.0	0.0
["""ENSG00000205922""" = 0.0], ["""ENSG00000137207""" = 0.0]	[Target]	0.0	0.0	108.0	0.0
["""ENSG00000134248""" = 0.0], ["""ENSG00000176887""" = 0.0], ["""ENSG00000125815""" = 0.0], ["""ENSG00000221837""" = 0.0]	[Target]	0.0	0.0	89.0	0.0
["""ENSG00000126814""" = 1.0], ["""ENSG00000141013""" = 1.0]	[Target]	0.0	0.0	20.0	0.0
["""ENSG00000158315""" = 0.0], ["""ENSG00000170855""" = 1.0], ["""ENSG00000166484""" = 0.0]	[Target]	0.0	0.0	22.0	0.0
["""ENSG00000166118""" = 0.0], ["""ENSG00000169957""" = 1.0]	[Target]	0.0	0.0	43.0	0.0
["""ENSG00000179163""" = 0.0], ["""ENSG00000109771""" = 0.0]	[Target]	0.0	0.0	94.0	0.0
["""ENSG00000198739""" = 0.0], ["""ENSG00000205869""" = 0.0]	[Target]	0.0	0.0	93.0	0.0
["""ENSG00000234438""" = 0.0], ["""ENSG00000042753""" = 0.0], ["""ENSG00000102243""" = 1.0]	[Target]	0.0	0.0	29.0	0.0
["""ENSG00000145358""" = 0.0], ["""ENSG00000113048""" = 1.0]	[Target]	0.0	0.0	41.0	0.0
["""ENSG00000227151""" = 0.0], ["""ENSG00000182584""" = 0.0], ["""ENSG00000149658""" = 0.0]	[Target]	0.0	0.0	100.0	0.0
