1 3 4 5 6 7 9 10 11 14 15 16 17 18 19 20 21 22 25 27 28 30 32 33 34 36 37 38 40 41 42 43 45 46 47 48 49 51 52 54 55 56 57 60 61 62 63 64 65 66 67 68 69 70 71 72 74 75 77 79 80 81 82 83 84 85 86 87 89 90 92 94 95 97 98 99 100 101 102 103 104 105 106 107 109 110 112 114 115 116 118 119 120 121 123 125 126 128 129 130 131 133 136 138 139 140 142 143 144 145 146 147 148 150 151 152 153 154 157 158 159 160 161 162 163 164 166 167 168 169 171 172 174
34 69 75 93 105 116 124 135 138 158
7 13 14 36 41 74 78 92 109 111 118 122 125 134 135 139 161
22 23 30 38 47 48 53 58 63 64 76 84 85 87 93 100 103 104 116 118 121 123 133 138 140 152 154 165 166 167 173
3 9 10 11 14 18 35 48 78 94 102 122 124 165 171
3 5 7 8 9 10 11 13 14 18 19 20 21 22 29 31 35 48 58 59 72 74 78 80 81 94 102 104 105 109 122 124 129 130 139 145 146 147 152 154 165 170 171 174 176 177
2 3 7 17 24 30 33 37 57 58 60 61 65 69 76 81 89 97 102 104 111 112 118 162 172
3 5 9 13 16 25 29 31 36 45 58 59 85 92 94 104 109 117 124 133 145 148 152 154 164 165 166 177
5 8 23 25 29 31 60 64 72 78 129 134 140 142 143 145 148 152 154 159 164 165 174
7 15 19 22 44 52 62 77 78 87 98 101 111 118 121 122 135 137 139 157 159 171 176
1 4 6 10 12 18 27 32 39 44 50 51 55 56 71 79 80 82 83 88 96 99 101 107 108 115 125 128 135 136 137 144 146 150 151 153 160 169
1 7 19 27 33 40 41 42 50 62 66 74 82 83 87 88 91 101 102 104 105 109 111 113 117 122 125 126 139 141 147 149 169 170 172
3 4 16 31 51 73 75 83 116 118 124 136 137 142 145 146 150 154 158 166
1 3 11 14 18 19 25 35 40 41 48 51 55 59 61 66 80 81 87 91 93 94 96 104 107 111 118 123 128 133 137 146 154 155 156 171 172
1 4 6 12 15 18 26 27 40 44 51 78 80 82 91 99 107 108 115 119 127 136 137 144 150 153
1 10 13 18 54 66 73 80 82 88 90 91 98 115 122 125 146 150 151 164 170 171
1 7 8 9 10 13 14 18 19 41 44 54 57 66 73 78 80 82 88 90 91 98 102 115 117 122 125 135 139 140 146 147 150 151 164 170 171
3 5 7 8 10 11 12 13 14 15 16 17 19 20 21 22 23 26 28 29 30 32 33 34 35 37 38 39 41 42 43 44 47 49 50 52 54 56 57 59 62 63 64 65 66 68 70 72 75 76 77 81 84 85 87 88 89 92 94 95 97 98 100 103 104 105 106 109 112 113 118 119 120 121 122 124 126 127 129 130 131 132 134 135 138 139 140 142 143 145 146 147 148 149 151 152 155 156 157 158 159 161 162 163 165 166 168 169 170 171 173 175 176 177
5 8 23 28 33 34 35 37 38 42 46 64 72 77 85 90 102 105 111 116 118 128 138 148 165 166 168 174
1 5 11 15 16 17 19 20 23 25 27 29 30 31 32 33 34 35 36 37 38 40 42 44 46 47 48 49 50 51 53 54 56 60 61 63 65 67 70 71 72 74 76 77 79 83 84 85 86 87 89 90 91 92 93 94 95 96 97 98 100 101 102 104 105 106 108 109 111 112 113 119 123 126 128 130 131 132 134 135 138 140 141 142 143 144 147 152 155 157 158 160 162 163 164 168 169 174 177
3 5 7 9 12 13 16 19 20 41 44 45 55 59 66 70 74 77 89 90 92 95 102 109 112 115 117 122 125 139 141 143 152 154 155 174
1 4 6 7 9 10 11 12 15 17 19 20 21 23 24 25 26 27 30 33 37 39 40 42 43 44 46 47 48 49 50 51 53 54 55 56 57 61 62 65 66 67 68 70 71 73 74 75 76 78 79 80 82 83 86 87 88 89 90 93 95 96 97 98 99 100 101 102 103 106 107 108 109 110 111 112 113 114 115 117 119 121 122 123 126 128 129 131 133 134 135 136 138 139 141 142 144 146 147 149 150 152 153 157 158 160 162 163 165 168 169 171 174 176
7 9 10 11 13 19 22 25 39 45 48 49 66 74 75 78 85 109 112 121 122 125 139 141 146 149 171 174 176
20 21 27 32 33 37 41 42 43 54 56 64 65 68 70 78 90 92 95 102 109 112 120 128 132 135 141 143 147 159 162 168 171
8 28 29 46 69 73 76 111 138 140 142 158 159 163 165 166
3 7 13 16 19 25 44 45 52 60 75 77 81 88 94 102 104 116 118 125 127 133 145 155 156 161 168
7 9 11 14 16 20 28 34 37 43 48 56 68 69 73 74 77 90 92 95 101 109 112 116 125 141 142 143 147 160 174
5 7 9 18 20 32 34 42 68 72 73 74 76 85 88 103 105 109 112 117 124 132 136 137 141 143 146 147 149 151 157 161 173 176
2 8 11 14 16 17 21 28 31 34 35 46 48 59 64 73 75 94 109 116 122 124 127 134 143 148 163 166 177
3 9 11 13 14 16 18 22 23 25 28 31 36 38 45 61 75 94 109 124 134 145 154 165 170 172 173 177
5 8 10 11 13 14 21 29 35 46 59 64 73 76 118 124 127 130 143 147 154 159 165 170 172 173 177
6 16 22 28 36 38 44 47 48 58 64 67 75 84 87 88 89 100 103 104 106 108 119 121 129 130 137 151 164 168 172
5 14 58 66 81 87 125 143 154 164
10 21 24 43 46 54 101 109 113 153 158 174
7 13 14 16 18 21 29 75 116 125 127 134 139 154 173 175 177
1 56 76 85 91 99 108 136 149 151 156 163
1 14 25 28 31 44 45 49 56 61 64 69 73 76 85 91 99 108 118 124 127 135 136 142 147 149 151 156 163 165 166
1 2 4 6 10 12 15 17 25 27 29 30 33 35 36 38 39 40 44 46 47 49 50 51 52 53 54 55 57 58 60 62 63 65 67 70 71 76 77 79 80 81 82 83 84 86 87 88 89 91 93 96 97 99 100 101 103 104 106 107 108 111 113 114 118 119 120 121 123 126 127 129 130 133 134 136 137 138 140 142 144 146 148 150 151 152 153 156 157 158 159 160 161 164 165 167 168 172 175
9 19 33 48 64 74 78 80 90 92 95 101 112
3 4 5 6 9 10 13 15 16 17 18 20 23 24 26 29 30 34 37 39 40 42 43 46 48 49 51 53 54 56 58 60 61 63 64 65 66 67 69 71 77 78 79 82 84 86 87 88 89 91 92 93 95 97 98 99 101 102 104 107 108 109 110 111 112 113 114 115 116 118 120 123 124 127 128 129 131 132 133 135 136 137 138 139 141 143 144 147 149 150 151 153 155 157 158 159 160 162 163 164 166 167 168 175
1 3 4 6 8 11 12 13 15 18 19 20 21 22 23 24 25 26 27 29 31 32 37 39 40 41 42 43 46 47 48 50 51 55 56 59 62 64 65 66 68 69 70 71 77 78 79 80 82 83 84 86 87 88 89 90 91 92 95 96 97 98 99 101 102 104 105 107 108 112 113 117 118 121 124 125 126 127 128 131 132 135 136 139 141 142 143 144 146 147 149 151 152 153 154 157 158 159 160 163 164 169 170 171 173 174 176 177
1 4 6 7 9 10 11 12 13 15 16 19 22 25 26 27 29 30 31 35 36 39 40 41 49 50 51 52 53 61 62 65 68 70 71 74 78 79 80 82 83 84 85 87 88 91 93 95 96 98 99 101 103 107 109 110 113 114 115 116 117 119 121 122 128 131 135 136 137 139 141 144 146 149 150 151 152 153 154 156 157 158 160 168 169 170 171 172 176
7 9 18 19 22 25 36 45 48 74 78 92 95 109 112 125 145 155 167 174
5 8 13 23 35 37 57 76 85 90 92 97 129 140 148 154 155 156 157 174 176 177
3 17 22 23 25 28 29 31 36 44 45 47 53 58 64 67 81 87 89 94 95 101 106 111 112 121 129 130 133 134 140 142 143 145 152 154 162 165 167 168 172 173 175
1 2 4 5 6 10 12 15 20 24 25 27 28 30 34 35 37 38 39 40 42 46 47 49 50 53 54 55 57 60 63 64 65 67 69 70 71 73 76 77 79 83 85 86 87 88 89 91 92 95 96 97 99 102 106 107 110 111 114 115 116 118 120 123 126 128 129 130 135 136 138 140 141 142 143 144 146 147 148 149 150 151 153 156 157 160 161 162 163 166 168 169 172 175
2 3 4 5 6 8 9 13 15 16 17 18 20 21 26 27 29 30 31 33 34 40 41 42 46 47 51 53 54 57 60 61 62 69 71 72 73 77 83 84 85 86 87 89 93 94 95 97 98 99 100 102 103 104 105 106 107 109 112 113 114 116 119 120 121 122 124 126 127 128 129 130 133 135 137 139 146 147 149 150 151 152 155 157 158 159 162 163 166 168 171 173 177
7 10 11 13 21 26 33 34 41 48 50 54 55 56 59 69 73 85 89 105 112 122 142 143 147 158 160 170 174
3 5 7 9 11 14 16 22 25 28 31 35 37 38 45 48 53 61 62 72 75 90 92 93 95 102 104 109 112 121 124 127 134 141 145 154 155 167 168 173 174
1 4 6 9 10 11 12 13 15 18 19 20 21 26 27 28 29 30 32 34 37 38 39 41 42 43 44 46 48 49 50 51 54 55 56 59 61 64 66 68 71 73 76 77 79 80 82 83 84 86 87 88 90 91 93 96 97 98 99 101 102 103 105 106 107 108 109 110 111 114 115 117 120 122 126 128 133 134 135 136 137 139 141 144 146 147 149 150 151 152 153 156 158 159 160 169 170 171 174 176
