1 3 4 6 7 8 9 10 11 12 13 14 15 16 18 19 20 21 23 26 27 30 32 33 35 37 38 39 40 41 42 43 44 45 46 48 49 50 51 52 54 55 56 57 59 60 61 62 65 66 67 68 69 70 71 73 74 75 76 77 78 79 80 81 82 83 84 87 88 89 90 91 92 93 94 95 96 98 99 100 101 102 103 105 106 107 108 109 110 111 113 115 117 118 120 122 124 125 126 127 128 130 131 132 133 135 136 137 139 141 142 143 144 146 147 149 150 151 152 153 155 156 157 158 159 160 161 163 164 169 170 171 174 175 176
1 2 3 4 8 12 15 16 17 22 23 27 29 33 34 36 37 40 44 45 46 47 49 51 52 53 54 57 60 61 62 63 64 65 66 67 69 70 71 73 77 79 80 81 82 83 84 85 86 87 89 91 93 94 96 97 99 100 101 103 104 106 108 110 113 114 119 120 121 123 124 127 131 133 136 138 140 142 144 147 148 149 150 151 152 153 154 155 157 158 159 160 161 163 164 165 167 168 172 173 177
1 2 3 4 8 12 15 16 17 20 22 23 24 27 28 29 30 33 34 35 36 37 38 40 42 43 44 45 46 47 49 51 52 53 54 55 57 60 61 62 63 64 65 66 67 69 70 71 73 76 77 79 80 81 82 83 84 85 86 87 89 90 91 93 94 96 97 98 99 100 101 103 104 106 108 109 110 111 113 114 116 118 119 120 121 123 124 126 127 128 129 131 133 134 136 138 140 142 143 144 147 148 149 150 151 152 153 154 155 156 157 158 159 160 161 162 163 164 165 166 167 168 169 172 173 175 177
1 4 6 7 10 12 15 17 19 20 21 23 24 26 27 30 32 33 34 35 37 38 39 40 42 43 44 46 47 48 49 50 51 52 53 54 55 56 57 59 60 61 62 63 65 66 67 68 70 71 73 74 76 78 79 80 82 83 84 86 87 88 89 90 91 92 93 95 96 97 98 99 100 101 102 103 104 105 106 107 108 110 111 112 113 114 115 117 119 120 121 122 123 125 126 127 128 129 131 133 135 136 137 138 139 141 142 144 146 147 149 150 151 153 155 156 157 158 159 160 161 162 163 164 165 166 167 168 169 171 174
11 13 26 27 31 32 34 41 47 49 50 53 61 68 75 79 81 84 85 87 93 95 100 104 109 110 112 115 116 118 120 121 122 124 127 129 138 140 141 145 152 154 157 171 177
1 2 4 5 6 12 15 17 24 27 30 32 35 38 39 40 44 47 49 50 51 52 53 54 55 56 57 58 60 62 65 66 67 71 72 73 75 76 79 80 82 83 84 85 86 87 88 89 91 94 96 98 99 103 106 107 108 110 113 114 120 121 123 126 128 129 136 142 144 146 147 150 151 153 155 157 158 160 162 163 165 169 172 173 177
1 2 3 4 5 6 10 12 15 16 17 22 24 26 27 29 30 32 33 34 35 36 37 38 39 40 42 43 44 45 46 47 49 50 51 52 53 54 55 56 57 58 60 61 62 65 66 67 68 71 72 73 75 76 77 79 80 82 83 84 85 86 87 88 89 91 93 94 95 96 98 99 100 101 103 106 107 108 110 111 112 113 114 115 117 118 120 121 123 126 127 128 129 131 134 135 136 137 138 140 142 143 144 146 147 148 150 151 153 155 156 157 158 159 160 162 163 164 165 166 167 168 169 171 172 173 175 177
1 2 3 5 8 9 10 11 13 16 17 19 20 21 22 23 24 25 26 28 29 30 31 33 34 35 37 38 39 40 42 43 44 46 47 48 49 50 51 53 54 56 57 59 60 61 62 63 64 65 67 68 72 73 74 75 76 77 78 80 81 84 85 86 87 89 90 92 94 95 96 97 101 102 104 105 106 109 110 111 112 113 116 117 118 119 120 121 122 123 124 125 126 128 130 131 132 133 134 138 139 140 141 142 143 145 146 147 148 150 152 154 155 156 157 158 159 160 161 162 163 164 165 167 168 169 172 174 175 176
4 6 12 15 18 22 25 27 39 40 41 50 51 54 59 60 68 71 77 79 80 82 83 84 85 91 93 99 103 104 107 108 124 125 126 133 135 136 137 144 151 153 166 169 175
2 3 5 6 7 8 9 11 13 14 15 16 17 18 19 21 22 23 25 26 28 29 30 31 33 34 35 36 38 39 41 42 43 44 45 46 47 48 50 52 53 54 55 56 57 58 60 61 62 63 65 66 67 68 69 70 72 73 74 75 76 77 81 84 85 86 87 89 92 93 94 95 97 98 100 101 103 104 105 106 109 110 111 112 113 114 116 117 118 119 120 121 122 123 124 125 127 129 130 131 132 133 134 138 139 140 142 143 145 146 147 148 149 152 153 154 155 156 157 158 159 161 162 163 164 165 166 167 168 170 172 173 174 175 176 177
7 23 25 28 29 33 34 40 43 45 48 53 61 66 69 75 76 80 83 98 100 104 112 113 114 115 116 117 130 137 138 140 145 152 154 158 159 163 166 171 176
3 5 8 9 15 22 29 35 36 45 52 53 58 62 63 67 70 72 75 81 85 94 100 104 119 120 124 127 130 132 134 140 145 148 152 154 165 167 168 172 174 175 176 177
1 4 6 8 12 13 34 46 49 51 58 59 71 76 82 96 107 108 113 136 150 151 158
1 2 3 4 5 6 8 12 13 14 15 16 17 21 22 23 25 28 29 30 31 34 35 36 38 39 40 41 44 45 46 47 49 51 52 53 54 55 57 58 59 60 61 62 63 64 65 67 69 70 71 72 73 75 76 77 79 81 82 84 85 87 89 91 93 94 96 97 98 99 100 101 103 104 105 106 107 108 111 113 114 116 118 119 120 121 123 124 127 129 130 133 134 136 137 138 140 142 143 144 145 146 148 149 150 151 152 153 154 155 156 157 158 159 161 162 163 164 165 166 167 168 172 173 175 176 177
7 8 9 11 13 24 28 34 37 41 43 45 46 48 55 56 61 64 69 70 73 78 81 92 95 98 109 111 112 116 118 132 133 138 139 142 143 147 148 154 155 158 162 165 166 174
1 17 36 53 67 72 77 80 93 123 129 149 155 173
1 2 3 5 17 22 25 35 36 38 45 47 53 57 58 60 67 72 75 77 80 81 85 89 93 105 106 121 123 129 130 132 134 145 149 155 164 165 173 174 176 177
1 2 3 5 16 17 22 25 34 35 36 38 45 47 53 57 58 60 67 72 75 77 80 81 85 89 93 104 105 106 121 123 129 130 132 134 145 149 155 161 164 165 173 174 176 177
9 21 41 68 74 92 101 102 109 135 137 160
9 21 27 29 31 32 41 42 48 50 51 56 62 66 68 74 78 84 92 98 101 102 104 105 109 111 112 117 122 128 132 133 134 135 137 139 141 146 150 154 160 161 165 167 171 174
8 19 35 69 74 116 125 127 143 154 156 165 177
8 9 19 22 25 34 35 36 45 47 50 52 55 57 60 63 69 72 74 85 87 94 97 111 116 117 118 122 123 125 127 132 134 142 143 148 149 152 154 156 161 163 165 172 173 176 177
1 4 5 6 12 22 25 35 38 39 51 52 55 57 70 71 72 77 80 81 82 85 87 96 99 107 123 124 130 132 135 136 137 145 150 151 153 155 161 168 172
1 2 3 4 5 6 7 8 10 12 13 14 15 17 18 20 21 22 24 26 27 30 31 32 33 35 37 39 40 42 44 47 48 49 50 51 52 53 54 55 56 58 59 60 62 63 65 66 67 70 71 72 73 74 75 76 77 78 79 80 82 83 84 85 86 87 88 89 90 91 92 93 96 97 98 99 101 102 103 106 107 108 109 110 111 112 113 114 115 117 118 119 120 122 123 124 126 127 128 129 131 132 135 136 137 139 140 144 145 146 147 148 149 150 151 153 154 156 157 158 159 160 161 162 164 165 167 169 170 171 172 177
4 19 21 22 23 28 33 34 40 42 43 45 48 51 54 60 64 65 70 74 77 89 90 92 102 103 114 116 120 125 126 128 131 134 138 139 140 147 156 159 161 163 164 168 171 174
2 8 17 20 28 30 31 34 37 43 44 49 53 61 62 64 69 74 75 77 84 87 90 93 95 97 104 109 111 116 118 120 121 127 131 132 133 134 138 152 156 157 159 162 165 166 175 176
1 2 4 5 6 10 11 12 14 15 16 17 18 20 21 23 24 25 26 27 29 31 33 34 35 36 38 39 40 42 44 45 47 49 50 51 52 54 56 58 59 60 61 62 63 64 65 67 68 69 71 72 73 75 76 77 79 80 81 82 83 86 87 88 89 93 94 96 97 99 100 102 103 105 106 107 108 110 111 113 114 115 116 118 119 121 122 123 124 126 127 128 129 130 131 132 133 134 135 136 137 140 142 143 144 147 148 150 151 152 153 154 155 157 158 160 162 163 164 165 166 168 169 170 171 173 175 177
1 4 6 10 12 13 15 19 26 37 39 44 49 50 51 52 54 59 66 71 73 76 82 83 84 88 91 97 98 99 107 108 111 113 115 117 119 121 122 127 128 136 139 141 142 146 149 150 151 157 167 169 170 171 174
1 2 3 4 6 10 12 13 15 17 19 22 23 24 26 27 30 32 33 34 37 38 39 40 41 42 44 46 47 49 50 51 52 53 54 55 56 57 59 60 61 62 63 64 65 66 67 68 69 70 71 73 75 76 77 79 80 82 83 84 85 86 87 88 89 91 93 94 96 97 98 99 100 101 102 103 104 106 107 108 110 111 113 114 115 116 117 118 119 120 121 122 123 125 126 127 128 131 132 133 135 136 138 139 140 141 142 143 144 146 148 149 150 151 153 155 156 157 158 159 160 161 162 163 165 166 167 169 170 171 172 174 176 177
1 4 10 18 39 78 80 82 83 108 109 132 135 146 151 153
1 4 9 10 18 39 78 80 82 83 108 109 132 135 146 151 153
1 3 4 6 9 10 12 18 31 39 40 51 55 78 79 80 82 83 84 96 99 101 107 108 109 126 132 135 136 137 144 146 150 151 153 160 171 175
5 9 14 18 21 22 29 32 36 44 45 54 59 64 68 69 72 73 78 88 91 98 100 105 110 115 116 122 124 130 132 134 135 137 143 145 161 163 165 170 171 176 177
8 9 11 13 14 16 18 21 22 23 31 32 35 41 45 56 58 59 68 69 74 77 80 85 90 91 92 94 108 109 118 122 124 127 135 145 154 159 167 170 173 174 177
1 2 5 7 8 14 16 17 19 21 22 23 24 25 27 28 29 30 31 32 33 34 35 36 37 38 40 41 42 43 45 46 47 48 49 53 54 57 58 60 61 62 63 65 66 67 69 70 72 73 74 75 76 77 78 80 81 82 84 85 86 87 89 90 91 92 93 94 95 97 98 100 101 102 103 104 105 106 109 110 111 112 113 114 116 117 118 119 120 121 122 123 124 125 126 127 128 129 130 131 132 133 134 138 139 140 141 142 143 144 145 147 148 149 152 154 155 156 157 158 159 161 162 163 164 165 166 167 168 169 171 172 173 174 175 176 177
3 7 9 19 22 41 48 53 59 61 70 72 81 84 90 93 94 102 104 106 112 121 129 133 134 148 155 170 174 175 177
3 5 7 9 11 13 14 19 21 22 29 31 41 43 48 53 59 61 70 72 74 81 84 90 92 93 94 102 104 106 109 112 121 129 133 134 139 148 149 152 154 155 165 166 170 174 175 176 177
1 3 8 9 11 12 13 14 18 26 27 29 31 37 43 44 56 59 66 68 69 73 76 84 85 88 91 94 96 105 108 109 111 113 114 115 117 124 126 135 149 152 154 158 160 166 172 173 176
1 4 6 10 18 39 71 79 82 83 91 96 99 101 107 108 115 130 136 144 146 150 151 153 160 170
1 3 4 6 7 9 10 11 12 13 14 15 16 17 18 19 20 21 23 24 26 27 30 32 33 36 37 39 40 41 42 43 47 48 49 50 51 53 54 55 56 58 60 61 62 63 65 66 67 68 70 71 72 74 75 77 78 79 80 81 82 83 84 85 86 87 88 89 90 91 92 93 94 95 96 97 98 99 101 102 103 104 105 106 107 108 109 110 112 113 114 115 117 118 119 120 121 122 123 124 125 126 128 129 130 131 132 133 134 135 136 137 139 140 141 144 146 147 149 150 151 152 153 154 155 160 162 168 169 170 171 174 176 177
3 7 8 25 28 31 32 34 35 41 42 45 47 60 61 62 66 67 74 75 78 81 84 85 100 101 104 105 112 119 121 122 123 124 125 127 128 131 134 135 138 139 145 152 155 158 174 176 177
3 19 31 35 36 45 61 72 81 87 94 104 124 127 130 134 145 148 154 164 166 167 172
3 5 9 11 13 14 16 18 19 20 21 22 25 28 31 32 35 36 41 45 48 61 72 74 75 78 81 87 92 94 104 109 122 124 127 130 134 139 145 148 154 161 164 166 167 168 172 173
5 8 20 22 28 29 35 42 44 46 52 58 64 69 73 75 77 82 92 114 116 118 120 138 142 143 157 158 163 168 173 175
3 8 15 17 19 22 23 25 29 31 36 44 47 58 60 61 75 78 81 87 93 94 100 104 111 113 114 117 118 119 129 130 132 134 140 145 152 154 163 164 166 167 168 173 175 176 177
1 2 4 6 12 13 15 17 20 23 24 26 27 28 30 33 34 35 36 37 38 39 40 41 42 43 46 47 48 49 50 51 52 53 54 55 56 57 58 60 61 62 63 64 65 66 67 68 69 70 71 72 73 74 76 77 79 82 83 84 85 86 87 88 89 90 91 92 93 95 96 97 98 99 100 102 103 105 106 108 109 110 111 112 113 114 116 117 118 119 120 123 126 127 128 129 131 133 136 137 138 139 140 141 142 143 144 145 146 147 148 149 150 151 152 153 155 156 157 158 159 160 161 162 163 164 166 167 169 174 175 177
4 6 10 11 12 18 20 32 37 39 40 48 51 68 71 78 79 80 82 83 95 99 107 108 126 132 136 137 141 144 146 150 153
4 6 10 11 12 18 20 32 37 39 40 48 51 68 71 78 79 80 82 83 88 90 92 95 99 107 108 109 126 132 135 136 137 141 144 146 150 153 160 169 171
3 7 10 11 13 14 21 72 75 104 117 118 177
3 7 8 9 10 11 13 14 18 19 21 22 28 29 34 45 48 58 59 69 72 74 75 78 81 90 92 94 104 109 112 117 118 122 124 125 135 139 145 154 155 164 167 171 172 173 176 177
