1 2 3 4 6 7 8 9 10 12 13 14 15 18 21 22 23 24 26 27 28 29 30 32 38 39 40 41 42 43 44 45 46 49 50 51 54 55 56 59 62 63 64 65 66 68 69 70 71 72 73 75 76 78 79 80 82 83 84 86 87 88 89 91 92 96 97 98 99 101 102 103 105 106 107 108 109 110 111 113 114 115 117 118 119 120 122 123 125 126 127 128 130 131 132 133 134 135 136 137 138 139 141 144 145 146 147 149 150 151 153 154 156 157 158 160 161 162 163 164 165 166 168 169 170 171 172 174 176
7 8 13 18 19 20 21 25 26 27 28 31 32 41 43 45 56 59 68 70 74 78 90 92 95 102 105 109 110 116 117 118 122 124 132 135 139 141 143 145 166 170 176
2 16 29 33 34 40 44 45 63 65 67 69 70 81 84 86 93 97 100 102 111 116 119 129 130 132 140 144 155 159 162 165 167 173 175
1 4 6 12 27 39 40 51 52 71 73 79 82 83 84 88 91 96 99 107 108 115 120 126 127 135 136 137 144 150 151 153 159 169 173
6 9 27 33 55 68 80 105 117 132 137 153
1 3 17 18 23 27 33 34 35 44 46 56 59 68 69 76 82 86 87 91 108 112 113 114 123 124 125 138 140 142 149 158 163
7 11 13 20 26 28 37 41 43 48 49 54 56 64 74 95 101 102 109 110 112 116 123 124 141 142 143 145 147 163 170 176
7 9 18 20 48 55 57 66 73 74 80 98 101 112 117 122 125 139 141 147 171 174 177
41 43 64 70 74 77 109 116 118 143
11 14 15 28 29 45 47 48 63 67 84 87 93 100 103 104 106 111 123 124 130 133 134 149 155 159 165 168 174 177
3 5 7 8 9 14 15 18 20 21 32 48 68 72 74 75 78 81 87 90 91 92 94 95 105 109 124 130 132 133 135 154 164 171 176
5 7 9 10 11 13 14 16 19 21 22 25 32 41 58 59 60 72 74 75 77 85 90 94 104 106 109 118 122 125 130 139 145 154 156 164 166 170 173 177
7 9 10 11 12 14 18 19 21 26 30 32 41 48 54 55 56 66 68 78 80 91 92 96 105 109 112 115 117 122 124 125 126 132 135 137 139 141 146 147 160 169 170 171 174
22 23 25 29 31 36 41 44 58 75 87 118 129 130 133 134 135 166 173
7 34 41 55 68 101 105 116 122 139 158 159 160
8 12 15 17 32 33 37 38 40 42 44 47 54 55 68 76 79 84 86 89 91 101 102 110 119 120 126 132 141 143 148 160 174
2 5 16 19 25 31 38 41 56 102 110 130 148 161 173 177
5 14 23 31 36 38 58 61 81 94 100 104 145 154 164 168 173
2 5 25 34 36 45 69 116 118 138 145 156 159
2 16 22 31 36 45 47 60 81 86 133 161 164 175
5 8 14 19 31 39 59 80 101 117 122
9 19 37 43 58 74 78 112 129 130 152 165 166
18 21 22 28 41 45 69 132 161 164 167 175
5 17 22 29 36 38 49 52 58 60 61 63 81 94 100 105 119 123 130 132 134 135 148 162 164 175 177
14 28 31 34 69 105 116 125 132 143 145 173
2 11 28 29 34 35 38 43 46 58 63 72 73 118 129 143 147 156 163 166 167 175
3 5 7 14 16 17 22 23 27 34 38 43 49 57 58 63 65 70 72 77 84 87 88 91 97 110 112 114 116 117 123 134 139 145 156 161 168 174 176 177
2 22 23 25 28 29 36 38 46 57 58 63 64 77 95 100 114 119 121 129 138 142 143 159 162 163 165 166 168 172
3 7 11 13 14 22 23 41 56 85 105 122 124 125 130 134 148 159 170 173 175
7 8 14 21 22 28 72 74 78 81 88 118 130 139 176
2 6 8 15 23 26 27 39 40 43 47 50 51 56 61 62 66 68 69 75 80 82 84 91 97 107 108 110 113 115 119 120 124 125 127 131 132 137 140 151 157 158 163 169 170 176
9 14 18 41 60 78 132 135 139 177
22 28 31 36 58 72 75 118 124 129 145 166 167 173 177
8 28 31 69 75 116 124 139 145 154 156 166 173
23 28 29 31 36 38 64 69 116 119 130 132 138 140 145 148 152 156 165 166 167 175
9 18 32 37 41 43 59 102 125 132 174
3 8 31 35 38 53 58 81 85 94 100 106 121 124 131 152 154 155 177
2 15 17 24 36 38 40 42 43 47 58 61 63 65 66 73 75 76 98 100 111 112 113 114 133 134 147 149 158 160 165 177
3 8 16 28 34 38 44 52 58 63 64 69 77 97 111 116 119 138 143 161 163 172 175
9 28 35 73 80 105 111 112 118 124 125 148 149 166 167 174
7 9 11 18 19 20 29 30 37 40 42 48 80 88 92 95 101 102 109 128 135 137 139 141 144 147 153 171 174
7 9 14 19 36 49 68 90 116 117 124 130 132 135 137 170 171 173
8 15 17 26 35 44 63 75 84 170 172 176
3 11 13 14 19 20 21 22 38 48 61 70 75 90 92 95 97 98 100 104 109 134 140 145 147 149 160 161 162 172 174
23 33 34 61 69 116 119 134 138 159 161 167 175
3 5 7 9 11 14 18 20 31 36 38 41 68 70 74 75 85 90 94 104 116 122 124 127 130 154 170 172 173 176 177
4 6 11 12 26 29 32 33 39 44 51 69 71 73 75 79 83 91 92 99 115 116 124 127 136 137 143 144 146 150 153 158 159 160 170
1 19 27 28 34 38 58 62 67 73 92 98 101 104 124 130 134 143 149 161 164 168
8 11 13 15 17 26 28 29 31 36 37 43 46 53 61 63 69 73 76 86 97 98 109 111 113 114 116 119 121 123 124 138 140 149 154 156 158 159 163 165 166 172 173 176
7 34 45 61 65 69 70 118 127 132 166 170
