48 1195 1307 2453 2645 2714 2970 3704 3868 3874 4509 4516 4732 4945 5009 5387 6111 6128 7499 9324 11016 12099 12209 12419 12868 13291 13957 14069 14399 17031 17122 17676
2634 3792 7193 8743 9527 12509 12782 12837 16056 16314
9 345 383 418 969 1096 1122 1340 1783 1817 1836 1852 1908 1963 2105 2198 2221 2343 2521 2646 2697 2937 2992 3058 3110 3162 3170 3353 3518 3625 3673 3730 3885 4000 4158 4347 4383 4479 4556 4560 4562 4579 4599 4728 4956 4998 5092 5173 5230 5303 5419 5681 5765 5825 5916 5917 6010 6243 6321 6343 6492 6537 6650 6695 6736 6831 6914 6959 7016 7085 7153 7244 7370 7522 7854 7905 8219 8376 8469 8627 8683 9093 9215 9236 9254 9338 9585 9803 9811 10111 10377 10401 10501 10680 10710 10899 11037 11220 11229 11310 11478 11849 12017 12590 12649 13195 13499 13604 13636 13686 13828 14015 14178 14400 14626 14846 14897 15041 15053 15135 15211 15229 15269 15479 15540 15682 16044 16080 16296 16306 16522 16570 16633 16855 16995 17079 17131 17747 17895 17897
1170 2699 2724 3626 4228 5269 5849 5912 7025 7227 7585 8348 8854 9222 10763 11456 12233 14629 14674 15324 16635 17468 17518
27 454 884 1073 6107 6298 7121 8660 9167 10570 12811 13820 14448 17054 17419
7024 7190 7234 8588 9211 10389 11006 14386 15096 16087 16836 17763
1340 3194 3819 3922 4704 5467 6429 8306 9257 9991 12154 14436 14799 14932 15418 16669 16680 16740
1298 1332 1456 2036 2160 2829 3331 3413 6436 7623 7682 7849 9633 11488 15346 15779 17359 17527 17954
3161 3819 6429 7830 7883 8306 9257 10289 10851 12154 14799 14932 14992 16669 16740
1166 2190 5074 8552 9377 9639 14078 14871 16237 16843
848 2183 4975 6388 7714 7855 7876 8057 8125 8249 10194 10496 10559 12343 13916 15717 16176 16616
548 1631 2572 5235 6197 6800 8558 10696 13252 15149 15218
2449 3004 3169 3582 3797 3825 5357 5982 6018 8162 8889 10674 11669 12114 12152 12675 12774 13442 13751 14650 14807 15564 15573 16827
1664 3208 6346 6907 8694 9052 11492 12887 15963 17039 17515 17972
1026 3067 3596 4787 6421 6450 7277 13069 14471 17680
7 586 679 1248 2226 3328 4348 7246 7312 7392 7668 8329 8420 9126 11870 15076 15761 15949 17315 17683
1028 1579 3312 4835 5353 6879 8389 12283 13822 14773 15983
48 393 862 1009 1195 1226 1307 2453 2645 2714 2970 3591 3704 3874 4033 4509 4516 4533 4732 5009 5310 5387 6111 6128 7148 7880 7957 8587 8633 9323 9324 9494 11016 11290 12099 12209 13131 13957 14069 14950 16118 16272 16594 16945 17122 17194 17499 17735 17791 17934
1573 1882 2720 3572 3622 4472 5346 5844 9690 10322 15142 15341 15974 17045
2368 2532 4146 6204 7804 8116 9894 11184 11652 14734 15716 17277
9 1836 1852 3885 4158 4728 5092 5917 6243 6343 6492 6695 8376 9338 11220 11310 11478 13195 14626 14846 15269 15540 17895
644 701 1166 6112 9711 10418 10996 12331 14014 14078 14526 14789 17354
304 1063 2151 2605 3918 4235 5317 5380 6618 9078 9762 10225 11021 14066 15192
247 3303 4171 4617 4677 4771 4974 6448 9124 10944 13799 16413
380 540 2114 10146 10297 10887 11093 14096 14114 14159 14518 17917
3386 4297 6049 6927 8184 8784 12273 13185 14341 15740 17208
905 1028 3568 4607 6173 7114 7852 8605 10439 10778 11255 12973 14773 15473
4595 7095 9500 11649 12472 12860 13020 13037 15823 16233
1829 3259 5967 6220 7090 7398 7691 11330 12691 14137
201 344 2450 3626 4879 7585 7978 8854 9222 14005 14367 15324 15853 16635
543 1396 2657 4550 5563 8187 9016 13057 13893 14593 15495 16438 17692
173 562 933 1100 1275 1389 1410 1708 1791 2025 2443 2551 2814 3727 3731 4221 5010 5256 5326 5854 5962 6123 6398 6437 6512 6792 7252 7723 8101 9087 9557 9779 10594 10722 11019 11629 11743 12368 12408 13104 13163 13164 13242 14024 14167 14410 14861 14957 15392 15516 15522 15815 16121 17148 17349 17370 17397 17577 17674
355 387 492 1346 1781 4705 4853 6300 7780 10998 12414 12836 13937 16202
207 1122 2213 3119 5013 6829 8423 8486 8583 9771 10840 12539 13155 13667 16481 17833
2495 2554 4129 4655 5145 5497 12297 13113 14516 14620
2675 5636 6223 6303 8077 8689 9150 12422 13126 13446 13859 13987 15246
2331 2925 6199 8042 9273 10180 10408 10669 11934 13669 13863 14354 14993 17373
992 5436 6561 8486 12733 14469 14477 15241 16270 17087
736 2413 4232 4663 7576 14263 14695 14704 15924 16083 16914 17049
177 184 454 498 1053 1421 1448 1567 1835 1963 1998 2240 2507 2526 2545 2805 3793 3806 4185 4217 4565 4664 4963 5515 5715 6352 6989 7114 7116 7651 8178 8277 8305 8422 8426 8836 8958 9400 9512 9542 10355 10959 11271 11777 11940 12611 13083 13312 13489 13491 14202 14321 14572 14993 15409 15523 15727 16167 17302 17373 17548 17923
1829 2237 2674 5693 7528 7998 8144 8470 8623 9444 10869 11006 11980 15736 16980 17222 17351 17362 17562
1419 3807 4472 5844 7884 9690 10322 12382 13247 13589 14892 15974 16913 17487
1638 2798 3424 4546 5323 7095 8980 9500 10448 11303 12860 13020 13037 14898 14986 15823 15896 16233
1071 1241 1356 2390 4860 6197 8583 11543 13436 13459 17591
1633 1864 1883 3501 3898 6254 7270 8104 9111 9473 11064 12226 12514 14120 14295 14729 14744 16690
247 3303 3956 9092 9335 9342 10009 10432 11206 14056 14926 15687 16837 17760 17848
1976 5060 5830 6867 6957 8811 12515 13572 14441 15464
63 1256 1757 2113 2352 3435 3447 5132 7036 8476 10885 11240 12862 13007 15476 15764 15886 15998 17625
2404 4436 4601 7493 8996 10347 10382 10788 10888 12953 14059 14415 17814
3109 8244 8552 8579 9920 10238 10599 11448 13713 14014 16008 16267
