1949 2317 2535 5695 8769 9427 11940 13488 13694 14864 16959 17415 17624
249 2209 2254 3769 4027 10247 11856 14104 14661 14833 15312 15400 15570
813 2140 2550 3481 3499 4140 6676 7356 7765 8576 8880 10430 10523 10596 11281 11423 11576 12090 13184 14515 15253 16303 16420 17051 17088 17269 17385
755 3050 3201 3713 4821 6145 9965 11133 11696 13495 14733 15838
359 2934 4198 10808 10809 11473 12250 16076 16209 17476 17586
755 1437 3262 6145 7538 8648 8740 9483 9965 11133 13495 14733 15838 17885
2033 3382 3403 3561 4480 5545 9381 9619 14217 15683 17141 17386
1705 2068 4295 6742 11171 11990 12645 14573 14855 15582
463 1691 3080 4723 5600 6824 8449 8484 9516 9740 13663 13688 13770 13806 14103 15685 16465 16606
2866 2897 5361 7391 8726 9553 9833 10857 10879 11812 13749
548 1267 2572 3805 4605 5079 5747 5791 6069 6197 6877 8210 8558 11543 11706 11741 12555 13459 17369
803 1705 2020 2068 2915 8311 11171 12645 13429 14573 14855
3194 5704 7883 8306 9257 9991 10145 13518 14799 14992 15418 16669 16740
63 774 1256 1420 1757 2113 2346 2352 3435 3447 5036 5101 5132 6225 6386 6551 6558 7036 8476 10885 11240 12032 12862 13007 15476 15659 15764 15886 15998 16806 17270 17615 17625
75 481 844 5084 5534 6942 7174 7185 8876 11800 12145 14617 16451 17323
188 1639 2333 2749 4041 4623 4759 5474 6849 9123 10755 11232 12095 13090 13269 13899 16081
179 207 283 733 1060 1137 1246 1557 2154 2320 2553 3469 4188 4378 4678 5722 6420 6502 6993 7041 7652 8994 9859 11866 12409 12584 12725 12804 12894 13487 14139 14718 14735 14909 15277 15724 15732
387 737 1191 1346 2164 2302 2362 2688 3223 3295 4418 4853 4905 6345 6435 6772 6814 7056 7311 7597 8081 8364 8916 9457 9603 10919 10998 11322 11333 12277 12370 12451 12672 13005 13124 15293 15542 16202
4347 8040 8376 10647 10972 12891 13213 13708 14790 16296
811 1386 2673 6037 9091 9394 10477 10650 11098 14370 15513 16479 17313
900 2449 2746 2968 3004 3169 3582 3797 3825 4651 5357 5979 5982 6018 8162 8889 9232 9418 9903 10674 11311 11344 11527 11651 11669 12114 12152 12266 12675 12774 12899 13442 13751 14130 14650 14807 15450 15564 15573 16206 16827 16925 17380 17497 17771
7366 7714 8249 8788 10194 10268 10496 10559 11511 12343 15717 16154 16176 16616
554 1068 1356 1512 2502 6800 7575 8928 13792 15149 17718 17883
1776 2410 3975 5415 6165 6994 10372 13537 16597 17817
225 1777 1861 2456 4109 5436 5801 7711 8108 8111 8486 11976 12922 13088 14469 14538 15156 15241 16004 16270 16813 17087
1479 2204 2316 3156 4272 4348 4637 5209 5218 5220 5753 6068 7721 8774 9184 9546 9909 10421 11167 11867 12585 12712 13869 16871 17179
3084 6256 6783 8090 8791 10552 11964 16103 17031 17113
69 390 597 707 1477 1619 1683 2332 3487 3752 3783 4006 4354 4609 4910 5305 5452 5459 5702 5780 5815 6392 6543 6781 6872 7087 7106 7550 7791 8056 9007 10123 10173 10280 10309 10906 11612 12259 12426 13018 13282 13720 13992 14351 14600 14758 14759 15581 15612 15690 16184 16186 16349 16411 16840 17235
3161 3819 6429 7830 7883 8306 9257 10289 10851 12154 14799 14932 14992 16669 16740
953 3161 3194 3819 3922 4151 4704 5704 7883 10851 13518 14992 15333 15605 16680 16740
393 862 1195 1226 1266 1307 2714 2970 3071 3591 3704 4516 4535 5073 5387 5477 5483 5513 6111 6128 7014 7492 7499 7739 7880 7957 8587 8633 9323 9324 12209 12419 12868 13307 13350 13957 14237 14782 14950 15304 15436 16118 16272 16594 16945 17031 17194 17682 17791
837 1760 2082 2300 3432 3559 3618 6935 8554 9236 10761 13158 14124 14808 16086 17337
9 605 836 2656 3860 4204 5121 6627 7138 8052 9990 10331 10414 10559 11787 12374 12435 16749 17520
71 918 2014 2047 2867 3117 3806 3841 4021 5170 5568 5716 6646 6853 7446 7725 8715 9120 9569 9675 10249 11243 12063 13233 13468 14548 15621 15932 16039 16737 17106 17665
3593 4321 9774 10074 10994 12507 13886 14865 15719 15813 15952
188 1029 1639 2333 4041 4375 4623 5221 6394 9123 10622 11232 11974 13090 13269 13966 15256 15798 17797
1223 4631 5331 9715 9749 10765 11397 11713 12750 13575 13903 14352 14780 16113 17556
4351 6976 7131 7498 7634 8328 12772 13604 13840 14149 14666
1829 3259 5967 6220 7090 7398 7691 11330 12691 14137
3834 3928 5373 5757 5893 8052 11575 13993 14231 14993 16455 16708
1028 3568 6173 6369 7852 8389 8422 8605 9696 10374 10439 11255 13105 13822 14660 14773 15473
2755 3849 8024 8931 10613 10779 12050 14067 15544 15682 16408 16633 16954
2003 4357 4653 6084 10265 10612 15195 16664 16911 17170 17661
11 1026 1031 3067 3596 4787 5594 6421 6450 7277 10478 11872 13069 13484 14471 17680
1560 6015 7302 8764 8958 10130 10795 11442 15652 16799
146 287 343 1096 1497 10240 11893 13499 14555 14623
133 1117 1856 3028 4344 4663 7506 7790 9379 9790 13722 13895 16083 17049
1508 1580 2580 2750 3236 3359 3411 4123 5416 6498 6796 7044 8686 8827 10429 11126 11440 12345 13063 13683 13800 13961 14230 14256 14703 16048 16059 16144 16185 17180
1028 1326 4607 5957 6173 7114 8128 8389 8605 9696 10439 10778 11313 12202 12973 13105 13822 14660 14773 15791 16689
1001 1453 4149 6916 8088 14325 15078 15703 16937 17357 17449 17570
