4969 6130 10486 11922 12194 13215 13341 14176 16893 17081 17504
201 344 1060 1115 1137 1170 1710 1816 2699 3189 3515 4597 5269 5912 6247 6329 6952 7025 7227 7424 7585 7978 8348 8854 8905 9222 11456 13850 14005 14359 14674 14735 15324 15657 16635 17468
241 699 4126 4831 7472 11116 13463 14645 17645 17671
11 1026 1255 1445 3596 5159 6421 6467 7277 8069 8096 8971 10478 11213 11872 13069 14471 16269
2755 3849 6243 9623 10613 10779 14943 15544 16633 17385
1776 2410 3822 3975 5086 5415 5813 6165 6994 7754 17133
555 3721 3761 4082 4456 5306 6964 10080 11853 14588
359 2934 4198 10808 10809 11473 12250 16076 16209 17476 17586
1278 4958 5756 7879 9075 10058 10833 12100 14640 15910
230 555 793 1459 4577 5069 6097 6327 7744 9885 10495 10827 11831 12001 12438 12611 12817 13887 14007 14602 15718 17846
72 317 725 1518 2674 3542 4994 5485 6089 6214 6390 7568 8070 9892 11078 11185 11254 13857 14561 14915
48 862 912 1009 1195 1226 1307 2082 2453 2970 3071 3623 3704 3874 4033 4516 4533 4732 5310 5387 5477 6128 7014 7499 7864 7880 7957 8633 9323 9387 11016 12099 12209 12419 12868 13307 13342 13350 14069 14237 14399 14564 14782 14949 14950 15304 15436 16118 16272 17122 17194 17676 17738 17791
1170 1508 2232 2699 4041 4375 4623 6183 16102 16252 17208
898 3224 3758 3996 4572 6141 6614 7938 10179 14412 15224 15598 15644
174 2048 4352 5264 7455 8106 11287 15557 16228 16784
811 1386 2673 6037 9091 9394 10477 10650 11098 14370 15513 16479 17313
504 3630 4199 4753 6650 6678 10563 11384 11591 11786 13038 13059 15722
481 5084 5534 7185 9772 12841 14617 15601 17323 17716
36 410 419 1186 1252 1394 1476 1490 1556 1574 1970 2004 2119 2335 2349 2359 2462 2685 2695 3365 3562 4059 4270 4407 4514 4578 4902 5036 5163 5740 6082 6169 6172 6726 7006 7133 7274 7521 7670 7712 7716 8089 8275 8530 8618 8705 8712 8731 8984 9597 10378 10703 10853 11218 11485 12086 12247 13061 13278 13304 13377 13687 13714 15089 15103 15174 15199 15561 15861 16164 16208 16545 16657 16806 16998 17048 17434 17534
905 1028 1326 2846 4607 5957 6173 7114 7852 8389 8422 8426 8605 9696 10450 10778 11255 11313 12202 12949 12973 13822 14660
1647 3224 4572 4861 6141 6614 11025 11241 13835 14412 15644 15804 17091
690 1005 1203 3986 4153 5557 6556 9467 12304 12429 12633 16687 16994 17412
11 1255 2001 2690 3067 3596 3609 4787 5159 5594 6421 6467 8069 11213 13069 13128 14471 17310
325 1412 1710 2340 3482 9657 10559 11309 12598 17197
311 1763 1872 2504 5250 9729 10013 14191 15134 17000
7 184 1575 1737 1979 1990 1995 2625 2636 2660 2736 3328 3539 3784 3854 4111 4747 5084 5095 5100 5211 5390 5450 5488 5577 5873 6125 6230 6615 6785 6793 6802 6843 6867 6945 8112 8121 8198 8207 8387 8396 8489 8544 8581 9225 9259 9453 9771 10018 10495 10548 10576 10714 10917 11210 11939 12096 12404 12515 12524 12757 12821 12846 12857 12874 13064 13314 13600 13735 13885 13977 14151 14329 14875 14905 15127 15136 15190 15464 15466 15898 15914 16292 16379 16529 16626 16659 17222 17378 17587 17597
2105 2250 2828 4712 6740 14913 15535 15563 16265 16650
83 341 392 1778 4398 7249 14941 15162 15936 16175 17374 17762 17842
2003 4357 4653 6084 10265 10612 15195 16664 16911 17170 17661
1974 3402 4090 4669 5187 5306 6682 7125 8343 8860 9654 9731 10417 10493 10993 12616 13248 13646 13813 15649 16545 16756
1278 1923 2027 2125 7872 9510 10833 11559 12281 13671 13854 16323 17795
1145 1709 1768 1819 1822 3450 6599 8044 13256 13327
190 523 638 1051 2734 3866 7107 7206 7399 7707 9198 12698 13009 13908 16128 16373 17307 17815 17830
662 1006 1564 2130 3217 4277 7266 11875 12278 13530 14882 14970 15921
1949 2317 2535 5695 8769 9427 11940 13488 13694 14864 16959 17415 17624
1655 2120 2323 3722 4414 4773 8049 8809 9904 10955 11073 14646 16556
792 1642 2741 6306 12344 12877 12909 13329 15519 16885 17062
369 2919 4740 5336 5932 5942 6477 8901 10305 11421 12588 12668 13559 14776 14778 15767 17135
461 2064 3175 4314 5092 5313 6656 7028 12402 16390
548 1068 1267 1631 2390 5235 6069 6877 7091 7195 7575 8251 8558 9851 10696 12555 13459 15068 15757 16917
2755 3849 8024 8931 10613 10779 12050 14067 15544 15682 16408 16633 16954
2178 2664 3002 6304 6898 7335 8832 12034 13305 13652 16057 16795
918 2047 2756 2867 3116 3806 5568 5716 5839 6264 6646 6853 7446 7725 9261 9675 10249 10959 12063 12697 13233 14811 14912 15932 16177 16347 16418 16737 17106 17665
188 1639 2333 4041 5221 6394 6849 8656 10755 11974 11998 13090 13269 13966 15421 15798
1829 3259 5967 6220 7090 7398 7691 11330 12691 14137
548 1068 1071 1241 1537 1631 3805 4605 5079 5791 7091 7195 7575 8928 9851 11706 12555 13252 13792 15068 15149 15201 15757 16519 17369 17718 17883
749 2067 4321 5783 10199 10994 12507 13886 15719 15813 16317
3791 5484 6289 7767 10912 12646 16036 16159 16216 17920
1664 3208 3781 6346 6907 8694 9052 9393 11492 12887 15963 17039 17515 17972
463 1691 3080 4723 5600 6824 8449 8484 9516 9740 13663 13688 13770 13806 14103 15685 16465 16606
