1 2 4 6 7 10 11 12 13 15 17 18 19 20 21 24 26 27 28 30 32 33 34 37 39 40 42 43 46 48 49 50 51 52 53 54 55 56 57 58 59 60 62 63 64 65 66 67 68 70 71 72 74 76 78 79 80 81 82 83 84 86 88 89 90 91 92 95 96 97 99 100 101 102 103 105 106 107 108 109 110 112 113 114 115 117 118 119 120 122 123 125 126 128 129 131 135 136 137 138 139 140 141 142 143 144 145 146 147 149 150 151 152 153 155 156 157 158 159 160 162 163 164 165 167 168 169 170 171 174
3 7 9 17 20 23 24 30 31 33 41 42 45 56 58 68 81 89 92 95 102 105 112 130 131 133 139 146 155 162 164 174
6 12 23 25 29 31 34 35 40 44 51 56 62 66 68 69 75 76 97 101 108 111 113 116 119 123 127 129 131 135 137 138 140 142 153 156 157 158 159 163 166 171 175
1 5 6 8 10 20 27 30 39 44 46 55 61 63 65 66 67 70 71 72 73 79 82 83 85 91 96 98 99 101 102 106 107 108 110 113 114 118 119 123 128 134 136 137 138 147 148 150 151 153 155 169 172 173 177
3 4 6 8 12 15 16 18 26 27 31 44 47 51 52 58 61 66 75 80 82 83 84 85 86 87 93 94 96 103 108 111 120 123 124 129 132 134 137 140 154 171 172 176 177
1 6 9 12 18 27 30 32 33 39 40 50 51 54 56 59 68 73 79 80 82 83 84 85 86 91 96 105 108 110 115 122 126 131 135 137 151 153 160 169 170 171 173
1 5 16 20 26 27 28 33 38 46 50 51 52 55 56 62 68 70 71 79 83 86 91 93 98 100 103 106 108 116 120 126 136 141 143 146 150 160 167 169 175
9 18 27 31 32 68 102 105 124 135 154 155 160
2 13 15 17 19 21 26 29 44 51 59 65 66 71 72 78 85 98 99 110 122 124 126 127 139 146 147 154 171 177
14 30 63 69 73 92 116 121 137 139
4 12 13 19 23 24 32 33 40 42 43 49 51 54 55 56 65 68 71 73 74 78 80 86 89 90 92 95 101 102 131 132 136 137 139 143 144 150 160 171
3 7 9 10 11 13 14 18 19 20 21 31 32 41 43 48 55 56 59 66 68 74 76 78 80 90 101 102 104 105 109 112 115 117 122 124 125 130 135 139 141 146 147 154 160 170 171 174
2 7 9 11 18 19 22 25 30 31 38 43 48 58 59 66 70 72 74 78 80 81 87 89 90 101 102 104 105 122 124 125 127 128 129 130 131 133 139 143 152 154 164 165 172 174
8 15 17 24 26 29 36 40 43 44 48 53 61 73 76 78 86 88 91 98 111 112 113 114 117 119 121 124 125 128 131 139 140 149 154 158 159 160 162 163 165 166 167 169 171 172 173 176
1 25 26 28 34 35 36 42 43 44 45 46 47 53 55 56 64 69 72 73 92 94 101 102 105 106 111 116 120 122 124 126 135 140 141 142 143 145 154 156 158 163 171 174 176
3 9 11 18 24 25 28 29 30 31 34 35 45 48 52 57 64 69 73 74 77 78 81 100 105 109 116 118 125 127 130 142 145 147 148 156 159 161 163 164 165 166 171 173 175
1 4 5 6 12 16 23 30 34 39 46 47 49 51 52 55 57 64 65 67 71 79 80 82 83 84 87 89 93 96 99 100 103 104 106 107 108 110 115 126 129 130 134 136 137 144 146 150 151 152 153 168
2 3 5 7 12 13 16 18 19 21 26 27 31 32 36 40 41 44 55 58 72 77 89 90 97 98 104 106 110 112 113 114 118 122 125 129 134 135 141 143 147 149 156 162 165 167 172 175
3 5 8 9 13 16 18 22 25 28 31 36 38 41 45 58 69 72 76 77 78 80 81 90 92 104 109 124 129 130 132 133 134 135 143 145 148 154 155 161 164 166 168 172 175 177
1 6 10 13 14 20 30 37 40 48 74 78 89 90 92 95 98 109 110 112 115 117 126 131 141 144 146 147 151 153 160
1 33 36 40 46 64 76 86 100 103 111 138 149 174
1 4 6 12 18 35 43 48 49 51 55 60 66 69 74 77 79 80 82 83 89 90 91 96 99 105 107 118 123 132 136 137 141 144 150 151 153 160 161 166 167
4 6 12 23 24 29 33 38 46 47 51 54 55 56 68 79 86 91 93 108 116 118 121 129 133 134 135 136 137 138 142 143 153 160 167 169 173 175
1 4 5 6 11 12 15 16 19 23 26 27 30 31 35 36 37 39 40 47 48 51 54 56 59 61 62 66 68 69 71 73 77 79 82 83 85 87 89 91 96 99 108 110 113 114 117 120 121 126 127 132 134 135 143 144 145 146 147 150 151 153 156 158 160 164 171 176
9 11 16 23 24 28 30 34 35 38 43 44 45 47 48 57 58 63 64 67 69 76 78 95 105 106 109 116 123 129 130 131 139 140 145 148 154 155 159 161 162 166 167 173 177
1 4 6 10 12 32 39 40 44 51 55 59 71 79 80 82 83 91 96 99 101 107 108 128 136 146 150 153 160 169
7 10 18 34 51 54 80 112 122 160
5 10 11 13 18 21 28 31 39 48 49 55 56 58 66 68 70 74 80 84 86 88 90 92 100 101 102 105 125 128 130 133 134 135 137 139 141 144 147 152 154 160 171
2 31 58 62 67 70 74 102 112 121 127 133 136 150 155 165 172 177
5 7 9 10 14 16 22 25 28 36 40 41 42 44 45 55 57 59 66 69 70 72 76 81 93 98 102 104 105 106 109 112 117 118 124 130 131 143 145 159 164 172 173 174 175
1 4 6 9 10 12 15 20 27 32 37 39 40 47 49 50 51 52 54 56 62 65 66 71 73 76 79 80 83 84 87 96 99 103 107 108 109 110 114 117 120 121 123 128 133 135 136 137 141 150 151 153 155 169
3 16 23 45 52 57 61 72 77 85 91 94 97 104 111 118 148 155 156 158 167 174
17 23 24 25 28 29 30 31 36 42 43 47 48 53 62 64 65 86 90 95 101 109 112 116 129 130 131 133 134 139 140 141 142 143 145 147 148 152 154 159 160 162 165 166 174
3 5 7 8 9 10 11 13 14 18 19 21 25 28 34 41 45 59 61 69 74 75 77 78 81 90 94 104 109 111 118 122 124 125 130 132 134 139 143 145 148 154 161 167 170 173 176
1 8 12 24 26 28 29 39 40 43 44 51 56 66 68 73 80 82 83 86 91 99 105 108 111 113 114 115 116 117 124 127 131 134 135 137 142 149 158 159 165 169 171 173 176
1 7 15 17 26 37 42 50 56 59 70 79 88 89 91 92 96 104 107 110 115 126 149 158 169 170 177
1 4 6 8 12 13 26 27 33 44 46 50 51 54 56 68 71 73 76 79 83 86 87 92 96 99 103 105 107 110 114 115 122 124 127 128 136 137 143 144 146 148 151 152 153 156 160 168 176
1 2 6 10 13 14 17 26 32 33 40 50 51 56 57 59 60 63 71 73 79 82 83 88 89 96 99 106 107 108 110 113 114 120 122 126 132 136 146 148 150 151 153 158 168 169 170 176
2 3 5 16 22 25 31 34 38 45 47 53 61 62 64 67 68 69 72 80 84 87 94 97 100 118 121 123 127 129 130 132 138 140 145 148 152 158 160 163 164 167 173 175 177
3 12 14 18 20 21 28 31 37 39 53 54 59 68 71 72 76 78 85 88 89 92 93 101 103 104 105 122 125 126 129 133 134 135 136 142 143 144 146 150 158 163 164 166 170 174
3 5 8 16 17 33 36 38 41 45 47 56 58 61 67 72 75 81 84 85 91 94 100 104 106 124 127 130 133 134 145 149 154 155 161 164 165 167 170 173 174 176
2 9 19 24 25 29 34 36 42 43 45 47 48 53 58 62 64 65 68 74 78 86 89 90 92 95 97 104 112 119 121 128 129 133 135 139 140 143 144 154 157 159 162 167 171 172 175
7 9 11 13 18 20 21 24 28 29 30 33 37 41 42 43 47 48 54 64 74 78 86 89 90 92 95 98 102 104 105 109 112 117 122 125 126 128 132 135 139 141 158 160 162 170 174
1 2 3 8 10 16 17 20 22 23 24 25 30 31 34 35 36 38 40 41 42 46 47 49 52 53 54 55 60 61 62 63 64 65 66 67 69 70 71 72 76 81 84 86 91 93 94 97 98 100 101 103 104 106 108 111 114 116 117 119 121 122 124 127 128 130 131 133 136 138 140 142 143 144 145 146 148 149 152 156 157 158 160 161 163 164 165 166 167 168 169 171 173 175
3 7 8 25 28 31 32 34 35 41 42 45 47 60 61 62 66 67 74 75 78 81 84 85 100 101 104 105 112 119 121 122 123 124 125 127 128 131 134 135 138 139 145 152 155 158 174 176 177
8 23 25 27 28 29 31 33 34 43 46 47 53 56 61 64 67 68 69 75 76 77 81 84 88 91 97 113 116 118 121 127 129 132 135 138 140 142 148 152 158 159 160 163 165 170 173 176
1 6 27 32 39 51 74 99 107 115 124
2 3 5 8 15 22 23 25 29 31 34 36 44 51 57 60 63 69 73 75 77 84 85 93 97 98 111 116 118 120 124 129 132 134 135 137 156 158 161 163 167 173 175 176 177
2 29 34 47 63 69 95 116 120 142 154 159 163 166
2 22 23 29 31 34 35 36 38 46 47 51 60 61 62 63 66 72 75 76 77 82 87 91 97 106 108 116 118 119 121 123 124 125 127 128 137 138 140 147 148 156 158 159 161 163 173 175
