2 3 5 16 19 20 23 27 36 37 38 42 47 49 50 53 59 60 61 62 63 65 67 72 74 75 76 77 89 98 100 103 106 112 114 121 123 132 133 134 138 140 141 142 143 156 157 160 161 162 163 164 168 173
1 4 6 10 13 26 35 39 42 46 48 49 50 53 54 58 59 60 62 71 76 79 87 89 93 96 97 99 103 107 114 115 116 120 123 127 128 129 136 138 146 147 150 151 152 156 157 161 167 172 175 176 177
6 7 10 12 19 20 21 23 28 34 48 52 56 58 61 63 69 73 74 75 89 90 92 97 98 105 108 111 115 116 120 132 137 139 141 143 147 148 153 154 158 170
3 7 8 9 11 13 14 16 18 19 21 22 29 31 36 45 48 59 62 66 74 75 78 81 85 90 92 94 104 109 112 116 117 124 125 130 132 133 134 135 139 145 154 155 164 165 172 176 177
1 4 6 15 18 26 32 36 37 42 43 46 65 71 79 82 83 89 91 96 99 106 107 108 112 113 114 115 122 129 133 136 138 140 144 149 150 151 153 156 160 164 166
1 4 6 7 9 10 12 14 15 16 17 18 19 20 21 22 23 24 26 27 28 30 32 33 36 37 39 40 41 42 43 44 46 48 49 50 51 52 54 55 56 58 59 62 64 65 66 68 69 70 71 73 74 75 76 77 78 79 80 82 83 86 88 89 90 91 92 93 95 96 98 99 101 102 105 106 107 108 109 110 112 113 114 115 116 117 118 120 122 124 125 126 128 129 131 132 133 135 136 137 138 139 140 141 142 143 144 146 147 148 149 150 151 153 156 157 158 159 160 162 163 164 166 167 169 171 173 174 176
16 17 22 23 28 29 31 34 45 52 56 57 59 60 64 69 72 77 81 93 94 95 97 100 105 111 116 118 120 132 138 143 145 148 154 161 162 165 167 170 175 177
2 23 31 60 63 111 129 140 145 177
2 9 12 13 16 18 22 23 31 38 39 45 47 49 58 60 63 64 65 69 71 81 85 87 108 111 116 117 129 134 138 140 142 143 145 155 158 161 163 164 167 169 177
9 11 13 16 18 19 20 21 25 29 34 37 45 48 64 67 69 74 78 88 89 90 92 93 95 98 104 109 112 116 118 120 121 127 132 133 138 139 140 141 146 147 158 159 160 162 164 167
3 5 7 9 13 14 18 19 22 25 32 34 41 45 49 59 64 68 70 74 75 94 104 105 107 115 118 122 124 125 129 135 142 143 145 148 151 152 154 155 161 170 173 174 175 176 177
1 6 8 12 14 15 18 19 21 26 31 39 50 51 54 55 56 59 66 68 73 78 80 88 92 96 102 117 122 124 125 131 132 134 135 136 137 146 149 151 153 160 169 170 172 176
2 3 8 17 23 29 31 34 35 36 47 53 57 60 61 63 72 75 77 81 84 85 87 93 94 97 104 118 120 121 123 124 127 129 130 132 134 137 140 145 148 152 157 161 175 176 177
2 7 9 11 13 14 20 21 23 25 28 29 31 32 33 36 38 41 42 44 45 48 59 69 70 74 78 90 92 95 98 100 105 109 110 124 128 130 134 148 152 155 166 169 170 171 173 174
2 3 5 13 14 16 17 22 26 31 35 38 45 49 52 56 58 60 61 62 64 67 72 75 85 94 96 97 107 108 110 127 130 134 140 150 154 155 161 167 170 172 173 174 177
2 8 14 17 23 25 29 31 34 35 36 45 52 53 60 63 69 72 76 87 100 106 114 118 119 125 129 134 138 139 140 142 148 159 168 173 175 177
3 10 11 13 14 19 21 48 81 124 139
3 7 10 11 13 14 19 20 21 22 24 26 30 33 34 37 41 42 43 48 53 54 68 74 81 90 92 95 98 104 109 110 112 124 125 126 131 139 141 145 147 160 162 170 174 175
1 5 8 14 59 64 69 77 81 92 115 116 122 130 154 161 168 173
4 8 12 24 28 30 36 37 38 40 42 43 45 48 49 52 53 55 57 58 64 65 70 77 90 93 95 111 128 130 135 137 139 144 150 155 159 162 167 168 174 175
17 24 25 28 29 35 36 38 46 52 57 58 60 61 63 64 72 75 77 93 116 118 120 130 133 134 138 140 142 143 145 148 156 162 163 164 165 166 167 172 173 175 177
1 4 12 24 27 30 33 39 40 51 54 55 71 79 82 83 84 86 96 99 101 107 115 126 128 137 144 150 153 160 169
2 7 9 11 13 18 19 20 21 23 24 26 32 38 39 41 42 43 65 70 74 78 80 88 90 92 95 98 102 109 112 117 122 125 131 132 133 135 139 141 162 170 174
2 3 7 11 13 17 18 21 22 26 29 30 37 39 41 43 55 56 62 64 66 68 69 73 74 78 80 81 88 91 97 104 105 107 109 110 115 122 124 147 154 164 172 173 175 177
1 2 5 6 10 15 16 22 23 27 29 33 35 38 39 40 44 50 51 52 57 58 60 61 62 63 67 71 73 75 77 79 84 85 86 87 88 93 98 99 101 104 106 111 113 114 120 123 126 127 129 130 132 133 136 145 148 151 153 155 157 161 165 167 168 169 172 175
3 7 8 9 10 13 14 16 18 19 21 27 31 32 41 45 59 61 69 72 74 75 77 78 80 85 88 94 107 115 116 118 122 124 125 132 134 135 137 145 154 167 170 171 173 176
1 4 10 12 39 82 99 107 170 171
5 8 16 22 23 25 28 31 34 35 38 44 45 46 63 64 69 72 75 76 77 85 100 116 118 127 138 140 142 143 145 148 156 158 159 161 165 166 167 173 175
1 3 4 7 19 33 34 37 40 42 44 51 54 57 65 70 72 77 82 85 88 89 90 92 95 102 103 111 114 118 125 126 128 131 135 138 139 156 159 161 163 164 168 174 175
1 10 24 27 39 42 43 65 68 71 78 82 88 101 102 105 106 110 115 117 130 147 160 169
3 5 14 16 18 19 22 31 58 64 72 78 81 85 94 100 104 115 116 118 124 145 154 156 161 164 165 166 167 173 175 177
3 16 17 23 24 29 36 47 53 58 60 61 63 67 81 87 94 97 100 103 106 111 116 119 121 127 129 130 134 140 145 148 149 152 154 155 157 159 162 164 165 166 167 172 173
1 2 5 6 8 20 31 33 37 39 43 47 49 51 60 71 72 79 86 93 96 97 98 99 103 106 107 108 116 121 123 128 129 138 144 150 151 153 156 169 176
1 7 10 11 15 17 19 20 21 23 24 28 30 31 32 33 34 36 37 42 44 47 48 49 52 53 60 62 63 67 72 76 77 78 80 83 86 87 88 90 95 98 100 103 106 113 114 117 119 121 122 123 126 128 135 138 139 141 142 147 148 151 152 156 158 160 162 165 168 169 174
3 4 10 13 14 18 20 21 26 27 32 42 56 59 70 71 78 80 82 88 90 92 96 103 110 111 117 126 136 137 141 145 146 150 170 174
9 10 11 13 14 18 20 22 25 28 29 30 31 32 48 56 66 68 74 78 80 81 92 94 101 109 112 116 117 118 122 124 125 130 134 135 143 146 147 154 160 164 169 170 171 175 177
3 7 9 14 18 19 21 24 26 27 28 30 32 33 42 43 48 53 57 65 73 86 89 101 109 115 122 126 132 143 150 158 162 174 176 177
1 2 4 7 12 58 68 80 91 117 130 135 137 147 153
2 3 5 7 9 10 13 14 15 19 21 25 31 36 44 48 55 56 63 74 80 85 90 92 101 109 110 111 112 115 118 124 125 133 134 135 138 140 143 146 147 149 158 161 164 170 171 176
9 20 22 23 24 28 34 37 38 42 43 46 48 52 57 64 65 70 74 75 77 90 95 98 102 109 111 112 116 117 118 123 132 138 139 140 141 142 143 145 156 158 162 163 164
3 5 13 16 20 22 29 34 36 44 45 52 57 63 67 69 70 72 77 81 87 94 100 104 106 116 124 127 130 132 133 134 140 145 148 154 155 158 165 170 172 173 175 176
2 3 11 14 17 19 21 29 34 36 45 61 69 72 75 81 85 92 93 94 95 100 104 106 111 115 116 119 120 121 127 129 140 142 149 152 154 155 165 167 170 173 176 177
9 11 24 25 28 29 30 34 35 38 41 43 48 53 58 78 89 92 95 101 105 109 112 119 129 130 143 145 155 159 160 162 165 166 168
3 5 8 9 19 24 31 32 37 38 41 43 45 47 48 52 58 65 67 72 74 78 81 85 87 100 102 103 104 105 112 113 118 119 121 125 129 130 131 134 152 154 161 164 168 172 174 176 177
6 7 9 12 18 19 26 27 33 39 50 54 56 59 66 68 71 73 78 79 82 83 84 90 92 95 98 99 102 105 108 110 115 118 120 126 132 137 144 169 170 175 177
8 11 14 22 23 29 36 38 43 45 52 53 55 58 61 64 70 75 81 90 94 98 100 104 111 112 118 132 138 140 142 145 148 152 154 161 163 164 167 173 175
3 5 14 16 17 19 22 24 33 53 57 58 63 65 70 72 74 77 81 85 89 94 95 100 102 104 106 112 123 125 127 130 131 145 148 154 155 159 161 162 163 165 167 174 177
24 29 34 35 37 38 45 54 58 60 74 78 89 90 95 97 100 106 112 113 114 117 118 119 121 122 129 134 135 140 142 143 155 157 159 161 162 164 165 166 167 168 173 174 177
3 5 7 8 9 10 11 13 14 16 18 20 21 22 41 45 48 49 52 55 59 69 70 72 74 77 81 90 92 95 104 105 109 116 117 118 122 132 138 139 141 142 143 145 154 158 170 174 176
2 8 14 16 17 25 29 36 55 62 70 73 100 106 113 116 119 124 145 159 165 168 172 173 176
