914 1578 3644 4226 6308 7510 8139 12508 12565 13661 17485
1232 2241 7474 7729 9977 11710 12020 12686 12842 15382 15995 17648
293 3821 5862 6006 6103 9095 9841 11249 12133 14063 15033 15684 17529
157 1210 1792 1961 3029 3207 4529 4881 7903 8214 8806 11040 11153 11469 13888 14155 15042 15355 17076 17219 17707
432 606 1235 4070 4544 5475 5579 6592 6962 7143 9035 9552 10007 10756 10980 11221 12595 17038
1383 1615 5993 6708 6882 9886 12317 13027 14259 15493 15960
2556 5672 5717 9039 9101 10340 12255 12541 12726 13982
2573 3457 4666 6124 6269 8321 12262 16142 16153 17021 17650
2981 3357 3379 3664 6025 6897 7328 9848 13373 15818
2021 3207 3429 3462 4529 4881 7903 8214 8290 8652 12927 13888 14155 15042 16168 17076 17707
1179 1413 2034 2234 4724 5151 5369 5516 5991 8590 11845 12036 12674 13173 13665 14771 16142 17593 17639
5569 6601 8290 8652 8806 8965 11469 12735 15042 17076 17219
373 2836 4895 5439 5787 6299 6552 7288 7834 8255 8710 13919 14395 15056 15615 15633 17395
77 700 932 1549 1677 2864 2912 4672 4883 13409 14635 15699 17422
3664 6897 8967 9328 9848 12967 15818 15819 16636 17127
1965 3172 4654 8505 8681 8891 11176 11632 14028 15233 15778
626 1080 1450 1912 2306 4040 5149 5179 5564 6900 7374 8239 8496 8672 8688 10441 11060 11348 11919 13016 13265 13345 13634 14331 15351 15384 15822 17568 17831
561 1265 1499 1955 4722 6569 6930 9077 12818 12964 13166 15007 15155 15345 15364 15794 17229
5480 5631 10627 11963 12072 12460 13544 15426 15533 15562 17862
1571 2234 5118 5151 5369 6866 6888 7450 9340 10149 11845 12886 14524 15165 17111 17361 17650
2144 2344 2766 7565 8127 11523 15194 15616 16715 17428 17670 17695
157 1210 1961 3207 5569 6601 7903 8290 8652 8806 8965 11040 11469 12735 12927 14155 14727 15042 15355 17076 17219
361 842 978 2034 3286 4684 7030 8590 8801 10057 11961 13665 16142 16623 16809 16851 17149 17152
2801 2872 3120 4190 5125 5342 5829 6838 6986 7411 9097 10307 10475 10974 11029 12053 13917 16578 17503
117 1675 5925 9570 9906 12082 13286 14379 14891 16528 16539
361 842 2034 4684 8590 10057 13665 16142 16851 17149
4881 5569 6601 8290 8652 8806 8965 11469 12735 15042 16168 17076 17219 17707
1614 1826 4238 4395 8252 10941 12861 13614 13729 17500
842 2034 2234 4684 4720 5369 6366 8590 8801 10057 10263 10480 10694 10721 13465 13573 13665 16142 16851
1383 2305 3610 4049 4467 9591 12317 14002 14681 16540
842 2615 4036 6168 7990 8801 9164 10621 13236 15708 16486 17602
42 3279 7836 9672 11554 12628 13522 14097 15863 15982 17822 17916
35 2682 3838 4630 4859 7043 8126 8250 8528 11817 12335 12800 14911 16540
1250 1302 1876 6604 9209 9984 10487 13099 14954 16419 16940 17401
490 719 2418 3799 4175 4216 4218 5006 5259 6457 6855 8217 9808 10125 10127 10256 11703 11963 12460 16460 16703 17862
832 1792 2021 3029 3429 3462 4881 7903 8214 8652 8965 11153 12735 13888 15042
74 192 425 1254 1704 4675 5771 9533 11953 12848 14333 17971
1215 1975 2043 4731 8197 8891 11176 13347 14028 14061 15233 16887
456 552 646 1044 1150 1486 1704 2853 3362 3446 3973 4015 4329 4675 4912 4997 5239 5283 5325 6405 6577 9053 9306 10681 10859 11057 11085 11090 11737 11943 12225 12714 12788 12848 12958 13170 13367 13998 14215 14262 15284 15550 15862 16742 17117 17435
2021 3207 3429 4529 4881 7903 8214 13888 15042 16168 17076
574 2227 3587 4558 5755 6700 6739 7037 7439 7642 8932 11857 14187 14393 14529 15013 16183 17193
842 3286 7030 8801 10057 11961 16142 16623 17149 17152
361 842 2034 4720 4797 5369 5991 6269 9340 12957 13665 14707 16851 17602
842 2034 4684 4720 5369 8590 10057 13665 16142 16851
561 788 1265 1794 2123 2296 2727 2825 4722 5217 6008 6569 6930 7912 9077 9103 10023 10114 11058 11835 11871 13166 13450 13564 14163 15007 15155 15624 16487 16584 16695 16972 17100 17229
1359 3907 3924 4040 5564 9495 11060 12224 12878 14474 17568
3449 5254 8213 11826 12717 12885 12966 13303 14454 15106 15514
415 2811 3449 3620 5254 6728 8213 8346 10205 11617 11826 11905 12717 12885 12966 13201 13598 13638 15106 16116 16493 17210
3221 3951 4780 6093 8692 11671 13692 13771 13814 13890 14128 14870 15061 15497 16448 17501
126 437 695 1493 1952 2174 2498 2608 3840 4141 4774 5203 5424 5598 5723 5951 5966 6751 6798 6995 7226 7396 8522 9839 10976 11015 11395 12972 13370 13640 13924 14148 14280 14657 14675 14700 16345 16490 16768 17140 17308
