1 6 12 23 27 29 31 33 35 38 40 47 51 56 59 62 63 66 68 69 75 82 85 87 88 97 101 108 115 116 118 119 124 129 135 137 140 142 148 151 153 158 159 163 173
1 4 6 9 12 18 24 27 33 39 40 42 51 54 55 56 68 78 79 80 82 83 84 86 88 91 99 101 107 108 115 126 128 135 137 144 153 160 169 171
2 5 17 23 24 45 47 50 56 64 85 97 100 128 138 152 157 161 170
2 5 8 17 23 24 25 31 33 36 38 42 45 47 50 56 64 72 75 76 85 93 97 100 105 116 118 128 129 138 140 142 143 152 157 158 159 161 165 166 167 170 173 174 175
8 12 14 17 28 40 67 76 142 143 149 152 155 159 163
1 4 6 15 17 20 24 26 27 30 33 37 39 40 42 43 46 47 48 49 50 51 53 54 55 56 60 62 63 64 65 66 68 70 71 73 77 79 80 82 83 84 86 88 90 91 92 93 95 96 97 98 99 100 102 103 105 107 108 109 110 111 112 113 114 115 123 126 128 129 131 133 135 138 141 142 143 144 146 147 150 152 153 155 157 158 160 162 169 171 174
1 3 4 5 6 7 8 9 10 11 12 13 14 15 16 18 19 20 21 22 26 27 28 32 33 35 37 39 40 41 42 43 46 48 49 50 51 52 54 55 56 59 65 66 68 70 71 72 73 74 75 76 77 78 79 80 82 83 84 85 87 88 90 92 96 98 99 101 102 103 104 105 107 108 109 110 112 113 115 117 120 122 124 125 126 127 128 132 135 136 137 138 139 141 145 146 147 149 150 151 152 153 156 158 160 163 164 169 170 171 172 174 177
2 7 32 41 59 66 70 75 92 114 130 147
2 3 5 7 8 12 16 17 21 22 23 25 26 29 32 33 34 35 36 38 39 41 44 46 47 49 50 52 53 57 59 60 61 62 63 64 66 67 70 71 72 73 75 76 77 81 84 85 87 89 92 93 94 97 98 100 103 104 106 110 111 114 116 119 120 121 123 124 127 129 130 132 134 136 137 138 140 142 143 145 147 148 149 151 155 156 157 158 161 162 163 164 165 166 167 168 169 172 173 175 176 177
3 7 14 22 25 31 35 36 52 53 57 61 62 67 74 75 81 87 94 95 100 104 109 112 124 127 131 133 139 145 148 152 154 155 161 165 175 177
4 6 10 12 14 28 34 36 39 45 49 51 71 75 79 82 83 96 99 106 107 116 130 135 136 137 138 142 144 146 148 150 151 153 167 173 175
8 17 31 53 63 75 98 135 140 142 158
1 12 39 72 83 107 108 110 136 151
13 21 32 56 59 68 74 105 109 122 139 170
3 5 8 13 23 33 41 56 58 62 68 72 75 85 90 106 118 123 129 145 149 161 165 170 172 174 176 177
2 3 5 9 19 20 21 24 25 30 33 35 37 42 45 48 52 53 56 58 62 63 64 74 90 95 96 97 100 102 103 106 112 118 127 133 139 141 147 148 152 155 162 174 177
2 3 5 7 9 11 13 14 16 19 20 21 22 24 25 30 33 35 37 38 42 45 47 48 49 50 52 53 54 56 57 58 59 60 61 62 63 64 65 67 70 72 74 77 81 85 88 89 90 92 93 94 95 96 97 100 102 103 104 106 109 112 118 120 121 122 127 129 130 131 132 133 134 139 141 143 147 148 152 155 157 161 162 164 167 168 170 172 173 174 175 177
13 14 21 22 25 34 45 59 75 90 95 100
2 5 7 9 10 11 14 16 18 19 20 21 23 25 27 28 30 33 34 35 37 38 41 42 45 47 49 50 51 52 53 54 55 56 58 60 64 67 68 70 72 74 75 77 78 79 84 85 87 89 90 92 93 95 97 100 102 103 105 106 108 109 110 116 118 120 122 125 126 127 129 130 132 133 138 139 141 142 143 145 148 150 151 153 157 160 162 164 167 168 170 174 175 177
11 14 20 27 34 44 47 48 50 59 70 90 92 95 118 120 130 137 147 148 151 157 169 170
1 2 4 6 9 10 12 15 17 19 20 23 24 25 27 30 34 36 38 39 40 41 42 45 47 49 50 51 52 53 55 57 59 62 63 64 65 66 67 70 71 77 79 80 81 82 83 84 86 88 90 91 93 95 96 97 98 99 100 102 103 104 105 107 108 110 114 120 121 126 127 128 129 132 133 136 137 138 141 142 144 146 150 151 153 158 160 161 165 169 171 172 174 175
3 5 8 10 11 13 15 17 18 20 21 23 24 29 30 31 34 36 37 38 41 42 44 46 48 49 52 53 55 57 58 60 61 62 63 65 66 67 69 72 73 75 77 84 86 89 90 93 94 95 96 97 100 101 105 106 109 111 112 113 114 115 116 119 120 126 128 129 134 138 139 141 142 145 148 149 152 154 155 157 158 159 160 161 162 163 166 167 168 170 171 176 177
8 18 28 59 69 116 124 134 145 152 166 176
2 23 29 47 53 60 93 100 119 129 140 165 167 175
2 5 22 23 28 29 47 53 60 62 81 93 94 100 106 116 119 121 129 138 140 142 143 157 165 167 175
2 3 5 8 10 11 13 14 15 16 17 21 22 23 25 26 28 29 31 34 35 36 37 41 42 43 44 45 46 47 48 49 53 57 59 60 61 62 65 66 69 70 73 74 75 81 89 93 94 95 96 100 101 102 103 104 105 106 109 112 113 115 116 117 119 121 123 124 125 126 127 128 129 131 133 134 138 139 140 141 142 143 145 147 149 150 152 154 155 156 157 158 159 161 162 163 165 167 168 171 172 174 175 176 177
8 11 13 15 20 21 23 24 25 26 30 31 35 38 43 45 48 53 61 76 98 100 109 110 119 127 134 141 143 147 148 152 162
4 6 12 24 34 51 61 71 83 86 96 99 101 108 120 127 128 136 137 150 167 168
2 3 17 23 25 29 31 35 44 45 47 53 60 61 62 67 81 84 100 114 119 121 127 130 133 134 140 148 152 155 157 172 175
5 8 9 13 14 15 18 22 28 34 35 36 41 49 59 69 70 72 75 77 85 94 104 107 116 122 124 127 132 143 148 154 156 161 170 176 177
4 7 9 13 18 19 20 21 31 36 40 48 49 55 59 62 66 67 70 74 90 92 98 99 101 102 104 109 117 124 139 141 146 147 149 152 168 172 176
7 10 11 13 14 18 19 20 21 25 32 48 55 59 69 74 78 80 81 90 101 102 105 109 112 115 117 122 125 137 139 141 145 146 147 154 164 171 174
1 2 3 6 7 8 10 12 14 15 17 18 19 24 26 27 29 30 32 33 35 36 39 40 41 42 43 44 46 47 49 50 51 53 54 56 57 59 60 62 65 66 67 70 71 72 74 75 76 77 78 79 80 81 82 83 86 88 91 94 96 97 99 101 102 103 104 105 107 108 110 111 113 114 117 118 119 120 122 123 124 125 126 128 129 130 131 134 135 136 137 138 140 142 144 146 151 152 153 154 155 156 157 159 160 161 162 163 167 168 169 170 171 172 173 174 175 176 177
7 24 30 33 40 41 42 43 54 56 65 68 69 86 89 90 92 97 101 102 105 114 117 120 126 128 131 139 160 162 169 170 174
1 19 36 52 55 58 64 66 68 72 75 80 83 84 85 86 93 100 101 106 114 126 128 134 135 138 140 144 153 164 167 176
2 3 8 9 15 17 18 26 31 36 44 53 60 61 63 68 75 84 92 93 97 116 118 119 120 121 123 129 132 134 138 140 143 152 158 171 175 176 177
2 15 18 19 26 27 31 32 43 66 73 78 82 90 91 92 95 98 115 120 125 132 147 149 159 162 166 171 174
2 7 8 11 13 15 17 20 24 26 27 28 30 32 33 34 35 37 38 39 40 42 43 46 48 49 50 52 54 55 56 58 59 60 64 65 66 67 68 70 71 73 74 76 78 80 81 86 87 88 89 90 91 92 93 95 97 98 100 101 105 108 109 110 111 113 114 115 117 118 120 123 126 127 128 129 130 131 138 139 140 141 142 143 144 146 147 148 156 157 158 162 163 164 165 166 167 168 169 172 175
9 24 28 30 43 48 52 61 74 112 139 145 148 154 155 166 172
24 30 45 70 81 91 123 130 144 162 165 174
1 4 6 22 40 51 55 58 68 69 86 91 99 108 116 135 137 140 144 151 153 154 160 172 175
1 2 3 4 5 6 8 12 15 17 22 23 27 32 33 34 35 39 40 44 46 49 51 54 55 56 57 58 60 61 62 65 68 69 71 72 73 76 77 79 82 83 84 86 87 88 89 91 96 98 99 106 107 108 111 113 114 116 118 119 120 123 126 128 129 132 135 136 137 138 140 142 144 145 148 149 150 151 153 154 156 157 159 160 161 163 164 166 167 168 172 173 175 176 177
9 11 13 18 20 28 43 59 69 74 90 92 118 170 173
1 2 4 5 10 15 22 23 24 27 28 33 34 35 36 40 42 43 44 46 49 50 51 52 53 56 59 60 62 63 64 65 66 67 68 69 71 72 76 77 79 82 83 84 86 87 89 91 95 96 97 98 99 101 102 103 107 108 110 111 113 114 115 116 117 118 119 120 123 126 127 128 131 132 136 137 138 140 141 142 143 144 145 146 147 148 149 150 151 153 156 157 158 160 161 162 163 164 165 167 169 171 173 175 176
5 7 8 11 13 14 19 25 38 52 60 64 69 72 75 93 109 116 118 119 121 124 127 143 152 155 168
6 66 78 82 105 111 124 137 154 170
2 3 17 23 24 27 28 34 43 44 56 57 60 63 67 75 87 97 111 113 115 121 129 130 148 149 161 163 173
1 4 6 7 10 11 12 13 14 17 18 19 20 21 22 24 25 27 28 30 32 33 34 37 39 40 41 42 43 46 48 49 50 53 55 57 58 61 62 64 65 66 68 69 71 72 73 74 76 79 80 82 83 88 89 91 92 93 95 99 100 101 105 106 107 109 110 111 112 114 115 117 118 120 123 125 126 128 129 130 133 136 138 139 141 142 143 144 146 147 148 150 151 156 157 158 160 164 168 170 171 174 175
2 10 12 24 26 27 30 33 37 39 40 42 46 50 51 53 54 55 56 57 58 61 62 63 64 65 66 71 73 76 79 83 84 86 89 90 92 100 101 103 110 113 114 119 120 121 126 127 128 129 131 135 138 143 144 150 152 156 157 158 160 162 163 168 169
3 5 13 16 28 35 36 70 85 104 111 124 127 155 164
