=== Parameters ===
QualitiesFiles : datasets/Facebook/qualities_train.csv
PropertiesFiles : datasets/Facebook/properties_train.csv
attrType : BOOLEAN
resFolder : Facebook_jaccardSupportDescription_0.8_100000_RelativeF1
minSupp : 10
nbLoops : 100000
maxOutput : 50
maxRedundancy : 0.8
maxLength : 5
measure : RelativeF1
UCB : UCBSP
refineExpand : TunedGenerator
duplicatesExpand : AMAF
pathLength : -1
refineRollOut : Large
jumpingLarge : 10
rewardPolicy : MaxPath
memoryPolicy : TopK
topKMemory : 1
updatePolicy : Max

=== Result Information ===
date : 17/10/2025 00:23
runtime(ms) : 19125768
nbPatterns : 50
measures : 0.00 0.00 0.00 0.00 0.00 0.00 0.00 0.00 0.00 0.00 0.00 0.00 0.00 0.00 0.00 0.00 0.00 0.00 0.00 0.00 0.00 0.00 0.00 0.00 0.00 0.00 0.00 0.00 0.00 0.00 0.00 0.00 0.00 0.00 0.00 0.00 0.00 0.00 0.00 0.00 0.00 0.00 0.00 0.00 0.00 0.00 0.00 0.00 0.00 0.00
descriptionLength : 1 1 1 1 1 1 1 1 2 2 2 3 2 3 2 3 3 2 3 2 2 3 2 3 4 3 2 3 2 4 2 3 2 2 2 2 3 2 2 2 4 3 3 3 5 2 2 3 5 2