622 1298 1456 2160 2732 3413 6436 7682 7849 9633 15779 17527
662 1006 1564 2130 3217 13570 14882 14914 14970 15422 15921
2003 4357 4653 6084 10265 10612 15195 16664 16911 17170 17661
103 416 854 2069 2124 2131 2485 2885 3053 4132 4726 5375 6086 6466 6804 7941 8168 8464 8511 9047 9065 9592 9768 10449 10608 10739 11634 11923 12048 12193 12204 12471 13270 13472 14381 14428 14867 15228 15877 16530 17872
2425 3176 4391 7342 8934 9417 12553 15610 16642 16958
1453 4149 6916 8031 8088 10610 10944 12773 13955 15079 16937 17357 17449 17570 17663
207 1090 1151 2320 4826 9378 10517 11141 12106 13947 14471 15150 15475 15732 16331 17034 17646
83 341 392 1778 4398 7249 14941 15162 15936 16175 17374 17762 17842
2674 5298 6089 6390 8070 9230 9892 10471 10961 11185 11550 13857 14915 16749 17328
1240 1280 2837 3662 4749 5608 5693 8452 10142 10835 11226 13796 15647 17861
254 1796 1841 2449 5866 5869 5968 9349 9529 12269 12290 13442 13751 14248 14680 15573 15872 16024 16624 16846 17380 17497 17771
440 1935 2262 2392 2660 5768 6313 6615 7589 9256 11687 12854 16336 16796 16873 17378 17741
891 983 1510 1768 1798 2579 3257 3270 3298 3479 3499 3657 3683 4341 4664 5385 7127 8307 9469 9899 10231 10477 10650 11151 12834 12994 13178 13339 14223 14358 15021 15162 15441 15513 15918 16549
24 644 2086 2212 2936 5726 7438 9315 11448 11563 12331 15629 15931
7160 9162 9854 11515 12520 13160 14314 16986 17312 17453
303 602 942 1989 2751 3848 5624 7746 8673 9301 9684 13241 13947 14122 15184 15316 15401 16075 17238 17480 17794
3662 4376 5608 7556 7700 7728 7954 8100 11215 15912 16504 17118
212 1248 2567 2856 3328 3468 4879 6956 7372 8329 8420 9126 13735 15949
2479 4163 9001 10046 11525 12559 12673 13432 14196 15663 15967
1206 2374 4083 8237 9391 10332 10697 11450 13900 17258 17776
1649 4352 4590 5264 7928 9948 10443 11287 13597 16463
410 419 1394 2004 2695 4407 4578 6169 7133 8089 8530 8712 12247 13278 15174 16998
1360 2212 2535 2948 3217 9788 10102 10422 13726 17187
1662 3526 4711 4844 6905 8180 10520 10798 13657 16599
1732 2204 3156 4348 7176 7733 10929 11197 13639 15847
6513 10046 11064 11525 11927 12514 12570 15902 15967 16130
230 2768 4577 5069 6327 8343 10495 10573 10806 11304 11761 11831 12001 14223 14329 14602 16594 16918 17846
2973 3057 7340 7923 7982 9256 10135 13706 13926 17847
9 291 718 739 1419 3106 4500 5840 6332 7593 7650 7960 8090 9233 9384 10322 11165 12358 13247 14321 15015 15341 16132 17886
4975 6388 7300 7366 8186 8249 10268 11511 12343 14482
205 1766 3839 6936 7528 8012 8345 8960 10137 10975 11154 12076 12106 13307 14253 14893 16009
227 2559 2767 4640 6330 7071 10573 11638 11761 15718 17581
994 1680 2535 2882 4703 5383 6616 7115 7332 9519 10411 11813 12242 16709 16724 17415
4850 5704 5902 6471 7556 10516 10811 11455 12231 13997 14267 15073 15219 16644
177 1053 2643 2819 3016 8515 10286 10692 13498 15480 16726
1374 2882 2974 3617 4217 4730 4873 5015 12076 12242
179 1893 2154 3346 3643 5905 6973 7652 8994 11754 12409 12804 12894
1365 1567 2821 3070 5174 6475 7422 7566 12691 14804
1352 2705 4264 4806 5015 6972 8828 10818 12830 13338 14519 16000 16124
2331 2419 2490 2550 3619 4694 5022 5183 5593 6020 6676 7263 8074 9657 9716 10230 11038 11100 11547 14736
387 1346 3223 4853 6435 8081 8916 9603 10998 11333 12672 15293 15542
1028 6369 8128 8389 8426 9696 11313 12283 12949 13822 14773
916 1166 2600 4003 9711 10418 12331 13586 14078 14789 15653
602 942 1603 1989 3848 5624 10419 15184 15316 15458 16075
420 1370 2074 6135 6719 8734 10082 10997 11212 13464
50 58 181 278 400 706 1684 1723 1785 2259 2459 2790 3438 3949 4081 4222 4242 4247 4408 4626 5164 5484 5926 6079 6684 6754 6843 8052 8169 8245 8301 8361 8657 8732 9197 9432 9720 10218 10468 10472 11196 11382 12173 12543 12617 12762 13000 13259 13312 13394 13873 14209 14875 15199 15508 16643 16793 17041 17328 17441 17463 17920
1536 5739 6783 7181 8233 8404 8828 9386 10115 10498 16403
2798 4546 7095 7647 9500 11649 12329 12860 15823 16233
3785 4730 7332 7656 12242 13610 14489 14792 16724 17311
1479 1562 4272 5108 5209 5220 5753 8107 8312 10965 12585 12712 16871
