5 8 10 11 13 14 16 18 19 20 21 22 25 28 34 48 49 58 59 72 74 75 81 87 90 94 95 104 105 109 112 118 119 122 125 132 139 141 142 143 145 154 156 167 170 172 173 174
1 6 24 29 33 35 37 42 50 52 54 57 60 62 63 82 83 86 92 93 97 98 99 100 101 110 120 123 126 128 136 138 140 141 144 147 150 151 153 161
1 4 5 6 8 10 11 12 13 15 18 19 20 21 23 24 26 27 28 29 30 32 33 34 35 37 39 40 42 43 46 48 49 50 51 52 53 54 55 56 57 59 60 61 62 63 64 65 66 68 71 73 75 76 77 78 79 80 82 83 85 86 87 88 89 90 92 93 95 96 97 98 99 100 101 103 105 107 108 109 110 111 113 114 115 116 117 118 119 120 122 123 125 126 127 128 131 132 135 136 137 138 140 141 142 143 144 146 147 148 150 151 153 156 157 158 159 160 161 162 163 166 168 169 170 171 175 176
2 17 22 24 37 38 43 49 52 53 57 58 60 61 62 64 67 69 84 89 94 112 116 121 134 137 140 142 144 145 152 154 157 161 162 163 164 165 166 167 172 173 175
3 7 9 11 13 14 19 21 45 59 74 102 109 115 122 132 139 177
3 7 8 9 10 11 13 14 18 19 21 22 25 29 31 45 48 59 66 69 73 74 77 78 81 94 102 104 107 109 112 115 121 122 124 125 130 132 133 139 141 145 152 154 165 166 170 171 174 177
4 10 24 25 34 40 42 65 107 128 133 136 145 168
4 6 7 9 10 12 14 22 24 25 28 29 30 34 38 40 42 48 51 55 56 65 68 74 78 86 99 107 112 125 126 128 133 134 135 136 137 139 143 144 145 146 151 168 171
1 6 7 9 12 18 19 20 24 39 46 50 55 56 77 79 80 82 86 90 91 105 107 108 126 127 128 132 135 137 150 153 154 170
1 4 9 11 12 15 18 20 26 27 33 40 42 45 48 50 54 65 66 68 71 74 79 80 83 88 89 90 92 98 103 107 110 113 114 115 125 126 128 129 131 138 139 141 147 158 159 164 168 169 170
5 19 23 25 38 45 58 70 72 75 87 100 104 127 130 140 149 155 161 164 167 168
5 7 8 9 11 13 14 16 18 19 23 25 28 29 36 38 45 58 69 70 72 74 75 78 87 90 94 100 104 124 127 130 132 140 143 149 152 154 155 161 164 167 168 170 173 176
2 5 17 19 22 24 25 28 30 37 38 40 45 57 58 60 70 72 76 81 89 91 93 100 104 106 112 125 128 129 130 131 132 143 144 145 148 155 161 164 166 168 174 175 176
1 3 4 5 6 7 8 9 10 11 12 13 14 16 19 20 21 22 23 24 25 27 28 29 30 31 32 33 34 35 37 38 39 41 42 43 45 46 48 49 50 52 53 54 55 56 57 59 60 62 64 65 67 68 69 70 71 72 74 75 76 77 78 79 81 82 85 87 88 89 90 93 94 95 96 97 99 100 101 102 103 104 106 107 108 109 112 114 115 116 117 118 120 121 122 123 127 129 131 132 133 134 136 138 139 141 142 143 145 146 147 148 150 151 153 154 155 156 159 161 162 163 164 166 167 168 169 170 172 173 174 175 177
2 17 19 23 24 29 31 34 43 46 47 48 53 58 60 61 69 78 86 92 95 100 104 112 116 119 129 130 138 139 140 143 145 154 157 159 162 163 165 167 171 172 173 175
5 7 8 11 16 23 25 32 36 48 58 64 74 92 95 111 118 133 140 164 172
5 7 8 9 11 13 14 16 18 21 23 25 31 32 36 41 45 48 58 64 68 74 75 78 87 90 92 95 105 109 111 118 121 122 124 125 132 133 140 145 148 152 154 164 170 172 173
9 10 11 13 14 15 18 21 27 29 34 42 48 57 59 78 85 92 112 117 135 139 141 147 171
9 10 11 13 14 15 18 21 26 27 29 31 34 42 48 57 59 69 73 75 78 85 87 92 98 112 113 115 116 117 118 125 127 135 139 141 145 147 157 158 159 162 163 166 171 176
8 29 36 69 72 75 84 116 121 134 154 176
8 9 13 15 18 26 28 29 31 36 43 44 48 51 66 67 69 72 73 75 76 78 83 84 92 99 111 113 115 116 121 124 125 126 132 134 135 137 138 139 140 149 154 158 163 165 166 169 171 176
1 7 11 13 23 24 26 27 32 33 34 54 56 59 66 68 69 75 77 80 82 91 92 93 94 98 103 105 110 117 122 123 124 126 128 145 148 155 159 161 163 168 170 174 175 176 177
1 2 4 5 6 8 13 14 15 16 17 18 22 23 25 26 27 29 31 32 34 35 36 38 40 43 44 45 46 47 49 50 51 52 53 54 56 58 59 60 61 62 63 64 65 67 69 71 72 73 75 76 77 79 81 82 83 84 85 86 87 88 91 93 94 96 97 98 99 100 101 102 103 104 105 106 107 108 110 111 113 114 115 116 118 119 120 121 122 123 124 125 126 127 128 129 130 132 133 134 135 136 137 140 142 144 145 148 150 151 152 153 154 155 156 157 159 161 162 164 165 166 167 168 169 170 171 173 175 176 177
1 2 4 5 6 10 12 15 16 17 25 36 37 38 39 40 44 45 46 47 49 50 51 52 54 56 60 61 62 66 67 69 70 71 76 79 80 81 82 83 84 85 88 91 93 94 95 96 97 98 99 100 102 103 106 107 108 110 111 113 114 119 120 121 128 129 131 133 136 137 138 140 141 144 146 147 151 152 153 155 157 161 167 168 169 171 175
23 24 28 29 31 35 36 39 40 43 44 47 51 53 56 63 69 73 76 86 87 97 98 108 111 113 114 116 119 121 123 124 127 135 137 138 140 142 149 151 158 159 163 165 166 169 176
1 2 4 6 7 19 22 23 27 32 36 40 42 51 54 55 56 70 71 73 76 79 81 82 83 87 89 92 96 99 101 103 104 106 108 113 115 121 123 134 136 137 138 147 149 151 153 157 158 163 169 171
1 2 4 6 7 17 19 20 22 23 27 30 31 32 36 37 38 40 42 49 50 51 52 54 55 56 57 58 60 61 62 65 67 70 71 73 76 79 80 81 82 83 85 87 89 92 95 96 97 99 101 103 104 105 106 108 111 112 113 114 115 117 119 121 123 133 134 136 137 138 141 142 144 145 147 148 149 150 151 153 156 157 158 159 163 164 166 168 169 171 172 176
3 7 8 9 11 13 14 16 18 20 21 22 25 28 29 31 41 45 55 59 70 74 78 81 94 104 109 118 122 124 125 130 133 134 145 148 149 152 154 159 164 166 167 170 173 176
2 3 8 9 11 13 14 16 21 23 25 31 36 37 41 43 45 48 61 62 74 75 76 78 81 94 102 104 106 109 112 122 124 125 130 132 133 145 152 154 161 164 168 170 172 174
1 2 3 4 6 7 9 10 11 12 13 15 16 17 18 19 20 21 24 26 27 29 30 31 32 33 37 38 39 40 41 42 43 44 47 48 50 51 53 54 55 56 59 62 63 65 66 67 68 70 71 73 74 75 78 79 80 81 82 83 84 86 87 88 90 91 92 93 95 96 98 99 101 102 103 104 105 107 108 109 110 111 112 113 114 115 117 118 119 120 121 122 123 124 125 126 128 129 130 131 132 133 134 135 136 137 139 141 144 145 146 147 149 150 151 152 153 154 155 156 160 162 163 165 168 169 170 171 172 174 176 177
9 13 27 56 59 66 68 69 91 107 108 122 130 137 170
9 11 13 14 18 21 25 26 27 28 32 34 45 46 49 56 59 66 68 69 75 77 83 91 96 105 107 108 110 115 116 118 120 121 122 125 130 135 137 142 152 170 171 173
8 11 15 21 26 29 31 34 35 36 43 47 51 53 56 59 61 66 69 73 75 76 87 91 92 97 98 100 108 113 116 119 123 124 125 127 137 149 154 158 159 160 163 170 171 176 177
2 3 8 9 16 17 22 24 31 45 52 53 57 58 60 61 63 65 74 81 85 89 91 93 97 102 104 112 114 119 123 129 132 133 140 145 152 155 156 161 164 165 167 172 174 175
1 4 6 7 9 10 12 13 18 21 27 32 39 41 44 51 59 71 74 78 79 82 83 88 99 102 107 108 109 115 122 125 126 132 135 136 137 139 146 150 151 153 170 171
1 2 3 5 19 20 25 28 29 37 38 40 41 48 58 60 61 64 66 72 80 89 90 93 101 102 104 105 106 119 123 124 125 126 128 130 134 141 146 147 148 149 155 166 168 169 170 177
1 4 7 10 11 15 20 24 26 30 34 36 37 38 40 42 44 45 46 48 49 51 52 53 54 55 56 57 61 62 65 67 71 73 74 78 79 82 83 84 86 88 90 91 93 98 99 100 101 102 103 106 107 108 109 112 113 114 115 116 117 119 120 121 122 126 127 128 131 133 134 135 136 137 138 139 142 143 144 145 147 149 150 151 152 153 155 157 158 159 160 162 163 165 166 168 172 173 174
8 12 19 22 25 27 28 31 33 34 36 45 46 54 57 59 61 64 69 70 73 75 84 90 91 92 93 98 111 118 119 124 125 127 130 132 138 142 143 158 163 164 166 171 173 175 176
1 4 6 10 11 12 13 15 20 26 27 32 39 40 46 49 50 51 54 59 62 71 79 82 83 84 87 88 91 93 96 97 99 107 108 113 115 120 126 127 132 136 137 144 146 149 150 151 153 158 169 170
3 8 22 25 31 45 52 59 60 61 62 67 72 81 94 104 106 119 123 124 130 134 145 148 149 152 154 155 156 164 167 170 176
23 24 30 33 34 37 41 42 44 57 58 65 66 68 70 74 80 88 89 91 98 102 103 109 110 111 112 113 114 117 125 128 130 131 139 150 159 162 164 168 169 171 174 176 177
3 5 7 9 10 11 13 16 18 20 21 23 26 27 31 41 42 50 51 56 58 59 63 64 74 75 84 85 88 90 92 93 102 105 109 110 115 120 122 124 132 137 143 168 170 171 174 177
3 5 7 8 9 10 11 13 14 16 18 19 21 32 37 41 43 45 48 52 59 69 70 72 74 78 90 94 102 105 109 112 117 122 124 125 127 130 132 139 141 145 148 155 164 166 170 173 174 176
1 7 9 13 18 21 26 27 31 32 33 37 41 42 43 48 54 56 68 74 78 80 84 91 92 93 101 102 105 109 117 122 125 135 137 139 147 160 169 170 171 173
5 7 8 12 13 14 15 17 19 24 25 28 42 57 58 65 70 73 75 81 85 91 93 98 101 103 111 114 124 134 135 139 140 142 143 149 152 154 156 157 158 159 164 166 171 172 173 175 176 177
2 5 8 16 22 25 28 34 36 38 41 42 52 58 60 64 69 72 75 76 85 95 106 109 116 118 130 134 139 140 142 143 148 154 155 161 164 166 167 168 173 174 175
7 9 10 15 24 28 30 33 34 41 42 43 50 54 55 56 59 64 65 66 68 70 73 74 78 80 90 92 98 101 102 105 112 117 122 142 143 158 160 162 163 169 170 174
23 24 25 28 29 34 35 36 38 46 47 53 58 60 64 69 75 76 89 95 100 116 119 129 130 134 138 140 142 143 157 159 161 162 163 164 166 167 168 173 175
1 4 6 12 18 31 32 39 40 51 62 64 66 71 77 79 80 82 83 96 99 101 107 108 115 118 124 135 136 137 144 150 151 153 158 160
2 9 25 29 31 35 36 38 43 58 67 129 130 132 135 140 154 164 165 167 173 175
