248 303 1027 1327 1603 2205 2539 2729 5624 7746 8326 8673 9301 9444 10419 13241 13947 15184 15490 16075 16139 16948 17238 17480 17794
898 3224 3758 3996 4572 6141 6614 7938 10179 14412 15224 15598 15644
2449 3004 3169 3582 3797 3825 4651 5357 5979 5982 6018 8162 8889 9232 10674 11311 11669 12114 12152 12675 12774 13442 13751 14650 14807 15564 15573 16827 16925 17380 17497 17771
979 2748 5561 6094 9663 14027 14846 15316 17367 17424
194 3619 4122 4407 4474 4546 4626 4926 7736 10971 11095 15896 16488 17173
179 207 1060 1137 1557 1893 2154 2553 3189 3346 3469 3643 4188 4378 5905 6973 7041 7077 7652 8994 9859 10468 11754 11866 12106 12409 12804 12894 14718 15277 15732
347 3233 4372 5521 6762 7058 8494 11729 12219 13944 14493
2033 3382 3403 3561 4480 5545 9381 9619 14217 15683 17141 17386
29 33 85 159 248 261 303 313 323 350 372 602 634 693 749 826 889 922 942 979 1027 1057 1085 1101 1123 1188 1327 1337 1387 1427 1495 1561 1603 1654 1742 1751 1793 1843 1932 1945 1989 2008 2067 2205 2271 2407 2458 2472 2499 2506 2516 2539 2569 2604 2696 2729 2751 2845 2860 2901 3256 3375 3528 3593 3599 3668 3670 3728 3745 3848 3942 3995 4014 4114 4204 4232 4318 4321 4344 4349 4351 4383 4397 4402 4599 4601 4636 4657 4658 4837 4998 5002 5020 5050 5058 5063 5090 5116 5133 5153 5169 5224 5261 5402 5408 5409 5429 5470 5561 5605 5624 5625 5637 5741 5778 5783 5856 5930 5953 5971 6032 6094 6153 6255 6279 6281 6311 6343 6402 6428 6456 6468 6494 6613 6625 6652 6817 6820 6934 6941 6956 6976 7021 7082 7131 7140 7238 7362 7392 7493 7498 7507 7559 7620 7627 7634 7668 7746 7856 7878 8012 8035 8132 8170 8283 8292 8326 8328 8355 8504 8516 8529 8627 8673 8754 8829 8847 8880 8960 9093 9215 9268 9301 9403 9444 9461 9478 9480 9632 9648 9662 9663 9669 9684 9774 9785 9825 9829 9856 9881 9945 9987 10004 10052 10076 10141 10150 10199 10361 10403 10419 10478 10485 10640 10729 10820 10828 10862 10869 10888 10905 10936 10994 11091 11161 11234 11236 11244 11259 11278 11337 11368 11371 11399 11451 11505 11530 11663 11683 11721 11820 11872 11946 11969 12033 12041 12110 12117 12130 12139 12168 12198 12248 12261 12283 12310 12319 12374 12428 12461 12469 12507 12557 12597 12727 12772 12961 13058 13142 13147 13184 13241 13299 13331 13336 13408 13602 13604 13606 13716 13717 13762 13840 13858 13867 13886 13947 14027 14029 14031 14086 14122 14149 14228 14263 14269 14278 14347 14444 14519 14562 14607 14628 14666 14723 14766 14791 14846 14865 14989 14998 15039 15060 15084 15184 15193 15211 15212 15229 15242 15316 15356 15401 15458 15477 15484 15490 15572 15595 15636 15643 15719 15784 15813 15901 15939 15952 15953 15961 15993 16075 16082 16134 16139 16169 16195 16211 16215 16217 16239 16246 16254 16278 16279 16290 16317 16371 16454 16488 16492 16498 16554 16567 16666 16704 16705 16757 16789 16866 16924 16948 17053 17077 17086 17205 17214 17238 17290 17318 17342 17358 17365 17367 17424 17480 17490 17491 17533 17566 17626 17649 17744 17747 17787 17794 17809 17930 17948
236 354 1102 1252 1253 1306 1382 1394 1438 1476 1490 2004 2012 2179 2286 2335 2349 2469 2685 2776 2928 3562 4059 4270 4514 4560 4578 4680 4902 5035 5036 5163 5187 5588 5872 6083 6169 6172 6340 6491 6632 6726 7133 7531 7703 7712 8089 8530 8712 8731 8886 8984 9597 9733 10064 10853 10931 11485 11536 12001 12092 12142 12452 12810 12950 13206 13278 13304 13377 13714 13960 13979 14585 14647 14745 14970 15649 15669 15752 16208 16561 16770 17158 17534 17855 17911
188 1029 1639 2333 4041 4375 4623 5221 6394 9123 10622 11232 11974 13090 13269 13966 15256 15798 17797
1647 3224 3996 4183 4861 6141 7454 7938 8502 12069 13835 15224 15598 15644 15804
543 1095 2599 3287 4550 7889 8187 10578 15495 17692
1829 3259 5967 6220 7090 7398 7691 11330 12691 14137
1479 2204 3156 4272 4348 4637 5209 5218 5220 5753 9909 10421 12585 16871
1211 2706 4738 9177 9266 12167 12679 13281 13332 14929 17471
1445 2690 3067 5594 6421 6450 7277 8069 13069 16269 17310
1028 3568 6173 6369 8389 8422 8605 9696 10374 10439 11255 13105 13822 14660 14773 15473
134 701 2086 4003 4855 5726 9711 9817 10238 11203
1471 2742 8221 9657 11553 11876 12065 13192 16131 16532
2751 7746 8673 9684 13241 13947 14122 15401 17238 17480 17794
2449 3004 3169 3582 3797 5357 6018 10674 11669 12675 13442 13751 14650 14807 15564 16827
230 2768 4577 5069 6327 8343 10495 10573 10806 11304 11761 11831 12001 14223 14329 14602 16594 16918 17846
413 811 2266 2565 2673 6698 8077 8268 8302 9394 9566 9899 10157 10477 10643 10650 11328 11546 13496 14111 14157 14370 15513 16479 16549 17121 17313 17829
1665 1867 5605 6416 6528 6954 7172 7528 8207 11648 12470
972 2114 4789 6801 7651 10146 10887 11026 13137 14096 14159 14518 15468
1562 1732 3156 4272 4348 5108 5209 5753 8107 8312 10965 11197 12712 13639 15847
2880 5433 7081 8789 10288 11931 13281 14145 14644 16967
1028 1326 3568 4607 6173 7114 10439 10778 11255 11313 12949 12973 13822 14773 15473
1716 5245 5486 6745 6846 8922 10658 10867 13426 14311 15482
1742 2205 2539 2751 5624 8529 8673 9684 10729 12283 12428 13241 17238 17480
1278 2027 2125 3307 4958 7879 8753 10058 10833 12962
106 1373 1392 2262 2595 5264 5450 6831 6961 7071 7754 7767 8457 8509 8828 9113 9228 9634 9819 9928 10471 11680 13031 13656 14235 14654 14952 15085 15096 15748 16228 17338 17557
1278 1923 2125 7872 9510 10833 11559 12281 13671 13854
4969 6130 10486 11922 12194 13215 14176 16893 17081 17504
1829 3125 4915 5967 7090 7398 8296 11330 14137 14937 17334
1905 2027 2125 3089 3307 4958 5735 7879 8753 9510 10058 10833 12281 14640 17795
1664 3208 6346 6907 8694 9052 11492 12887 15963 17972
769 4352 5264 7003 7273 8043 8106 9296 15824 16463 16875
29 693 2499 2845 3528 4383 5116 5429 5953 5971 6311 6820 7493 8012 8960 9268 9987 10888 11244 11278 11399 13947 15193 15477 15953 16488 17290
1028 1326 4607 6173 7114 8389 9696 10778 11313 12202 12973 13822 14660
3101 3773 3882 4084 8758 9156 9239 9802 15066 17614
533 595 3312 7127 11109 11335 11650 12834 14073 15323
359 1455 1833 2200 3530 3884 9659 10809 11473 11956 12250 12751 12948 13810 14676 16076
82 1796 1841 2218 2449 3169 3825 5883 7592 7629 7977 8699 10903 12114 12563 14248 16024 16860 17265
2149 3450 3579 4067 5226 8175 12526 13120 15584 15881 16996
925 1323 1626 1998 3140 3824 4423 8243 8247 9422 10526 10774 10925 11858 13161 14966 16022 16172 17234 17723 17772
232 406 4368 5612 5812 7995 8058 9958 12778 15330 15786 17275 17821
2449 3169 3582 3825 12114 13442 13751 14650 15573 17380 17497 17771
898 3996 4572 4861 6250 6614 7938 8502 12069 15598
