1 2 3 4 6 9 10 11 12 13 14 15 16 17 18 19 20 21 26 27 30 31 32 36 37 38 39 40 42 43 44 46 48 49 50 51 52 54 55 56 59 61 62 63 65 66 67 68 69 70 71 73 74 75 78 79 80 82 83 84 85 86 88 89 90 91 92 93 94 95 96 97 98 99 100 102 103 104 105 107 108 109 110 111 112 113 114 115 116 117 118 119 121 122 123 124 125 126 128 129 130 131 132 133 134 135 136 137 138 139 141 142 143 144 146 147 149 150 151 152 153 154 156 157 158 159 160 163 164 169 170 171 172 174 176
5 8 12 23 25 29 31 34 36 44 47 51 60 69 75 77 84 87 108 111 116 118 119 120 124 127 129 132 134 135 137 138 140 142 148 149 154 157 158 159 161 163 164 165 166 168 175 176 177
8 11 13 16 17 22 23 25 28 31 35 36 45 64 72 76 77 81 85 94 104 109 116 118 123 124 130 142 145 148 154 155 161 164 165 166 167 168 172 177
1 4 6 7 10 12 13 17 18 19 20 21 23 24 26 27 30 32 33 35 37 39 40 43 46 48 49 50 51 54 56 59 63 65 66 68 71 73 78 79 80 82 83 86 88 89 91 92 93 96 97 98 99 101 102 105 107 108 110 113 114 115 117 119 120 122 123 125 126 128 129 131 135 136 137 138 144 146 147 150 153 156 157 159 160 162 163 169 170 171 176
9 13 19 20 21 23 24 30 32 37 41 42 43 48 50 54 56 61 64 65 74 81 83 86 89 92 93 95 96 102 108 109 110 112 121 125 126 128 131 133 141 143 144 148 162 169 170 174
2 3 5 7 8 9 11 12 13 14 15 16 18 19 20 21 22 24 25 26 27 29 30 31 32 33 35 36 37 38 39 41 42 43 45 47 48 49 50 51 52 53 55 56 57 59 60 61 62 63 65 66 67 68 69 71 72 74 75 76 77 78 81 83 84 85 86 87 90 92 93 95 97 98 100 101 102 106 107 108 109 110 112 113 117 118 119 120 122 123 124 125 126 127 128 129 131 132 133 134 135 136 137 138 139 140 143 144 145 146 147 148 150 152 153 154 155 156 157 158 161 162 166 167 169 170 172 173 174 175 176 177
7 9 11 13 20 21 41 48 55 74 92 101 105 109 112 117 130 139 141 147 171
7 9 11 13 20 21 24 28 30 33 37 41 43 46 48 54 55 56 68 74 89 90 92 95 101 105 106 109 110 112 116 117 120 130 139 141 142 147 160 162 166 170 171 174
1 3 4 6 9 10 11 12 16 18 20 26 27 29 30 32 33 35 36 37 39 40 42 43 45 46 48 50 51 53 54 56 59 61 62 64 66 67 68 71 73 75 76 80 83 84 86 88 89 91 93 94 95 96 97 99 100 101 102 103 104 105 106 107 108 110 112 113 115 116 117 118 119 120 121 122 123 126 127 128 129 135 136 137 139 141 144 146 149 150 151 153 155 160 163 168 169 170 171 174
2 17 23 24 28 29 36 47 53 57 60 62 63 67 93 119 140 144 156 159 161 162 163 165 175
2 8 16 17 23 24 25 28 29 31 34 36 38 45 47 53 57 58 60 61 62 63 67 81 93 100 119 129 130 133 134 140 144 145 148 155 156 159 161 162 163 164 165 166 167 168 175
1 3 4 5 6 7 8 9 10 11 12 13 16 17 18 19 21 22 23 25 27 28 31 32 33 34 36 38 39 40 41 42 44 45 48 49 50 51 52 54 55 56 57 58 59 60 62 64 65 68 69 70 71 72 74 75 76 77 78 79 80 81 82 83 84 85 86 87 89 90 91 92 94 95 96 97 99 100 101 102 104 105 106 107 108 109 110 112 114 115 118 119 122 123 124 125 127 128 130 132 133 134 135 136 137 139 140 143 144 145 148 149 150 151 152 153 154 155 157 161 162 163 164 166 167 168 170 171 173 174
2 7 8 17 19 24 30 33 37 38 41 42 43 44 45 47 50 53 54 56 59 66 67 70 73 74 80 89 90 92 98 105 106 112 117 121 128 129 130 131 140 145 161 162 164 165 169 170 171 174 177
5 9 11 14 16 22 23 28 31 34 35 44 45 58 64 69 74 78 81 87 100 104 116 118 121 124 133 138 140 145 152 155 156 158 161 163 164 167 170 173
3 7 8 9 11 14 18 19 22 30 31 33 36 38 41 45 48 52 54 56 57 65 67 74 76 78 85 91 92 94 101 102 105 109 112 122 125 127 133 139 141 145 154 156 159 172 173 174
7 34 49 58 64 66 74 77 83 89 102 138 144 164 177
3 9 11 16 19 41 45 74 92 125 139
12 22 23 27 38 44 58 72 94 114 126 129 130 133 140 147 149 159 164 167
1 3 6 8 12 13 18 19 20 32 51 59 63 66 69 75 77 78 82 88 90 92 93 98 99 107 108 110 120 132 137 153 170 171 175 177
1 2 3 4 6 7 10 11 12 13 17 18 22 23 24 26 27 28 29 30 31 32 33 35 36 37 39 40 41 42 43 45 46 47 48 49 50 51 53 54 55 56 57 59 60 61 63 64 65 66 67 68 71 72 74 75 77 79 80 82 83 84 85 86 88 89 90 91 93 94 96 99 100 101 103 105 106 107 108 109 110 112 113 114 115 117 119 120 122 123 125 126 127 128 129 131 133 136 137 138 140 141 142 144 146 147 150 151 152 153 154 155 156 158 159 160 161 162 163 165 168 169 170 171 172 173 174 175 177
5 8 11 13 14 16 18 22 23 25 28 31 34 35 36 38 41 45 46 61 64 69 72 75 81 94 100 104 111 116 118 124 133 134 143 145 155 161 164 165 167 170 172 173 175
7 11 21 22 29 30 31 34 36 43 44 47 48 58 62 63 73 74 78 80 81 90 95 104 109 112 117 121 124 125 127 131 133 139 143 145 147 154 162 164 165 167 171 172 174
3 5 8 16 17 22 23 35 36 45 52 57 58 60 62 63 67 69 72 76 77 81 85 94 97 106 118 119 120 123 127 140 145 148 154 155 159 161 163 166 167 168 175 177
5 9 11 13 14 16 18 19 22 24 25 28 29 31 41 43 48 55 58 69 73 74 76 78 90 101 102 105 109 117 121 127 130 134 135 139 142 143 147 154 157 159 164 166 172 174
3 7 8 9 11 14 16 19 22 31 32 33 41 51 56 57 64 66 68 69 88 93 95 97 104 111 112 118 125 127 129 130 133 139 140 148 154 156 160 161 163 166 173 175 177
1 3 4 5 6 8 10 13 15 20 25 26 27 29 33 36 37 38 39 40 42 43 44 46 47 49 50 51 52 54 55 56 57 59 62 64 65 66 70 71 72 75 76 79 80 82 83 84 86 87 91 92 94 95 96 98 99 102 103 104 105 106 107 108 109 110 111 113 114 115 117 120 124 125 126 127 128 131 132 135 136 137 149 150 151 152 153 157 158 160 164 169 170 171 173 174 177
1 6 12 48 51 56 73 78 82 91 96 107 110 113 115 126 151 153 158 164
2 7 9 24 27 29 31 33 37 40 41 42 43 47 53 56 58 62 67 68 74 75 78 84 86 89 90 100 109 112 117 119 121 123 128 129 130 131 132 133 139 142 143 145 157 162 163 174 177
3 5 8 9 10 13 14 16 18 22 25 34 36 38 45 52 59 69 71 72 75 77 85 93 94 96 97 107 116 118 122 124 129 139 145 151 155 156 163 164 167 168 170 173 175
2 9 11 22 24 28 31 33 36 41 42 43 48 52 55 57 58 60 68 69 70 73 74 78 80 81 86 89 90 95 100 101 105 109 112 125 132 133 139 140 143 148 160 162 164 165 172 175
3 5 8 22 25 36 38 45 52 57 58 60 61 64 69 72 75 77 81 85 94 100 104 111 116 118 119 121 124 127 130 140 145 148 155 159 161 163 167 168 172 175 177
1 2 3 4 5 8 10 12 15 16 17 20 21 22 24 26 27 28 29 31 32 33 34 35 36 40 43 44 46 47 48 49 50 51 52 53 54 55 56 57 58 59 60 62 63 66 67 68 69 72 73 75 76 77 78 79 80 81 82 83 84 85 86 87 88 89 90 93 94 97 98 99 100 103 104 105 106 108 110 111 113 114 115 116 118 119 120 123 124 126 127 128 129 132 134 135 136 137 138 140 141 142 143 145 146 147 148 149 151 152 153 154 155 156 157 158 159 160 161 162 163 165 166 167 168 169 171 172 173 175 176
22 23 25 28 31 34 35 36 38 44 45 46 52 53 58 61 62 63 64 81 93 100 104 111 116 118 129 133 138 140 142 143 145 148 152 155 165 166 167 172 173 175
10 11 19 21 24 26 28 30 33 41 42 43 50 52 54 55 56 64 66 68 69 70 77 89 92 101 105 109 110 111 112 115 116 120 131 139 141 142 147 158 160 162 163 169 170 171 174
1 4 6 10 12 13 20 27 30 33 39 40 47 49 50 51 54 55 66 67 68 70 71 79 80 82 83 84 86 87 89 91 93 96 99 101 103 106 107 108 110 115 120 126 128 131 135 136 137 141 144 146 147 150 151 153 157 169 170
1 2 3 4 6 10 12 15 16 19 20 21 24 28 30 33 35 36 37 39 40 41 42 44 46 47 48 50 51 52 54 55 57 61 63 64 65 66 67 70 71 72 76 79 82 83 84 86 94 96 97 98 99 100 102 103 104 106 107 108 110 112 114 117 120 122 125 126 128 130 134 136 138 139 140 141 142 144 146 150 151 153 155 156 158 159 161 162 163 167 169 174 177
1 12 15 27 32 40 46 50 61 62 63 68 79 80 82 83 84 86 88 91 101 103 106 113 114 115 122 126 128 134 135 146 149 168 171
3 8 16 19 25 28 34 35 38 45 48 52 53 57 58 60 69 70 81 84 89 93 95 100 104 112 116 119 121 129 131 133 139 140 145 149 152 155 156 161 162 164 165 166 167 173 174 175
3 4 5 11 12 13 20 22 28 29 35 36 44 49 53 57 58 61 64 71 72 77 81 87 92 94 96 104 106 109 116 121 127 130 133 134 136 150 154 165 170 172 176
10 11 13 15 18 19 21 22 23 26 45 46 48 51 59 64 67 73 74 77 78 81 88 89 92 95 98 101 107 109 110 118 119 125 126 135 138 139 141 143 146 147 148 153 157 168 172 177
1 4 6 12 51 55 79 80 82 83 96 99 107 108 135 137 144 150 153
1 2 4 6 9 10 12 15 16 17 20 24 26 27 32 33 34 36 37 38 39 40 41 42 43 44 46 47 49 50 51 52 53 55 56 57 59 60 62 63 65 67 68 69 71 76 79 80 82 83 86 87 88 89 90 91 92 93 96 97 99 103 104 105 106 107 108 110 112 113 114 115 121 123 126 127 128 129 132 133 135 136 137 138 140 142 144 146 149 150 151 152 153 155 158 160 161 162 163 169
3 7 8 9 13 14 18 21 32 41 45 72 74 78 90 102 105 122 124 125 127 132 145 148 155 164 170 173
3 7 8 9 13 14 18 21 22 25 31 32 33 41 45 51 58 61 64 72 74 75 78 80 81 90 92 102 105 118 121 122 124 125 127 132 135 137 143 145 148 152 154 155 159 164 170 172 173 177
3 7 9 17 31 37 40 41 43 45 55 57 64 66 69 70 77 80 81 90 98 104 105 111 112 113 117 120 121 131 133 134 139 154 158 161 162 163 165 171 172 174 175 177
2 3 8 13 29 64 75 91 104 124 134 142 173 176 177
2 5 8 16 23 25 28 29 31 34 35 38 44 45 46 58 60 64 69 72 76 77 85 97 100 111 116 118 127 138 140 142 143 145 148 156 158 159 161 166 167 172 173 175
2 3 7 9 18 24 25 28 30 31 34 35 41 55 58 61 63 68 69 74 78 87 101 102 105 112 117 121 123 125 128 130 131 134 135 137 139 149 159 160 164 171 175
9 11 12 13 19 20 21 28 30 34 37 43 48 52 56 68 69 73 74 81 83 89 90 91 92 95 98 100 105 109 110 112 115 117 131 139 141 142 143 146 147 148 155 160 162 165
1 5 6 12 15 24 27 30 33 35 39 40 42 46 47 49 50 52 53 62 66 67 71 72 76 79 83 84 86 87 91 93 97 100 103 106 107 108 110 111 113 114 117 119 120 121 123 126 128 131 136 138 144 147 149 150 151 153 157 163 166 168 169 174
