1 4 6 7 10 12 13 15 16 17 19 20 21 22 23 24 26 27 30 31 33 35 37 38 39 40 41 42 43 47 48 49 50 51 53 54 55 56 57 58 59 60 61 62 63 65 66 67 68 70 71 73 74 76 77 78 79 80 81 82 83 84 85 86 87 88 89 90 91 93 95 96 97 98 99 101 102 103 104 105 106 107 108 110 111 112 113 114 115 117 118 119 121 122 123 124 125 126 127 128 129 131 133 135 136 137 139 140 141 144 146 147 149 150 151 152 153 154 156 157 159 160 161 162 164 165 166 169 170 171 172 174 175 176
1 4 5 12 15 16 22 23 24 25 27 28 29 30 33 37 39 40 41 42 43 44 45 46 49 51 52 54 57 58 62 64 65 67 69 70 71 72 73 76 77 79 82 83 84 85 87 88 91 95 99 100 102 103 104 106 107 108 111 113 114 115 118 119 121 124 127 128 130 132 133 138 140 144 145 148 149 150 151 153 155 156 157 159 162 163 166 168 169 172 173
8 14 19 21 25 26 35 40 51 59 65 70 75 85 98 113 120 124 131 134 135 136 137 138 152 157 158 163 164 175 176
7 9 10 11 13 18 20 21 30 32 37 41 42 43 48 49 54 55 59 68 73 74 78 80 83 90 92 95 101 105 109 112 115 122 125 126 131 132 135 139 141 146 147 160 171 174
8 11 13 14 15 26 35 39 46 59 61 69 72 73 75 76 88 111 113 114 115 117 119 124 127 149 156 158 160 163 166 171
6 18 31 33 40 47 52 56 60 62 66 75 82 84 91 99 108 111 116 119 137 140 142 144 153 158 163 169 173 175
6 12 14 18 27 44 73 88 96 99 122 124 125 135 136 137 149
1 2 3 4 6 8 10 12 13 15 16 18 19 21 22 26 27 32 33 39 40 41 42 44 46 49 50 51 54 56 59 60 62 65 66 68 70 71 72 73 75 76 77 79 80 82 83 85 86 87 88 89 91 96 98 99 102 103 106 107 108 110 111 113 114 115 117 118 120 122 123 124 126 127 128 131 132 134 135 136 137 138 140 141 142 144 146 147 149 150 151 153 158 163 167 169 170 171 172 176
5 21 41 48 49 55 73 77 80 82 107 144
1 3 7 14 16 18 59 71 78 82 88 91 96 99 105 107 108 117 122 125 126 130 135 144 146 150
1 3 4 6 7 9 12 14 15 16 17 18 22 27 36 39 40 44 47 49 51 53 55 57 59 61 62 63 66 70 71 73 74 75 78 79 80 81 82 83 84 86 87 88 91 93 94 96 99 101 102 103 104 105 106 107 108 113 115 117 118 120 121 122 123 124 125 126 129 130 132 133 134 135 136 137 144 146 149 150 151 152 153 154 155 160 164 168 169 171 176 177
12 18 19 26 30 43 53 56 59 68 73 76 78 91 105 111 113 117 125 126 128 131 132 137 141 146 149 154 158 159 160 166 171
3 7 8 13 14 19 20 21 38 41 67 74 75 77 85 92 94 95 102 106 109 117 142 161 163 164 174 176
2 16 22 23 24 29 30 31 36 45 47 53 58 69 73 93 100 111 119 121 123 127 129 134 140 152 156 159 161 162 163 165 175
7 9 11 14 18 19 21 29 32 44 48 58 63 74 77 78 80 87 90 92 95 101 102 105 112 117 125 130 135 139 154 165 171 174
3 5 7 9 10 11 13 14 20 21 22 28 31 41 45 48 59 81 90 94 95 101 102 104 105 109 112 116 117 118 122 125 130 139 141 143 145 154 155 171 174
2 17 23 28 29 35 36 46 57 61 64 69 100 111 116 129 130 134 135 138 140 142 159 161 164 173 175
6 7 9 10 13 18 21 24 26 27 32 39 41 42 48 51 56 59 65 66 68 71 74 78 80 90 92 95 96 102 105 107 109 112 115 117 122 125 128 136 139 144 150 153 160 170 174
1 2 3 4 5 7 8 10 11 15 16 17 19 20 21 22 23 24 25 28 29 30 31 35 36 37 38 40 41 42 43 44 45 46 47 48 49 52 53 54 55 57 58 60 61 62 63 64 65 67 69 70 72 73 74 75 76 77 81 85 86 87 89 90 91 94 95 96 97 98 99 100 101 102 103 104 106 109 111 112 113 114 116 117 118 119 121 123 124 125 126 127 128 129 130 131 133 134 136 138 139 140 141 142 143 144 145 147 148 149 150 152 154 155 156 157 158 159 160 161 162 163 164 165 166 167 168 172 173 174 175 176
16 22 45 52 60 69 81 104 112 145 156 161 167 172
1 6 12 13 21 27 30 33 37 39 43 51 61 66 69 74 92 107 109 139 151 154 171
3 5 7 8 11 13 14 15 16 19 20 21 22 23 25 26 29 31 32 33 34 36 37 39 42 44 45 46 48 49 50 52 55 58 59 60 61 62 63 64 65 68 69 70 71 73 74 75 76 77 78 84 87 88 89 90 92 93 94 95 97 98 100 101 103 104 106 109 111 113 114 116 117 118 121 122 124 125 127 129 133 134 138 139 141 142 143 145 146 147 148 149 150 152 154 155 156 157 158 160 162 163 164 165 166 171 173 174 175 176 177
3 5 7 8 9 11 13 14 16 18 20 21 22 25 31 36 41 45 58 59 69 72 75 81 92 94 104 109 111 118 122 124 127 130 132 145 148 154 161 164 170 172 173 176 177
1 2 5 7 8 14 20 23 27 35 38 41 53 57 63 65 67 77 83 86 103 120 121 128 134 140 145 154 161 164 165 173 175
28 34 46 47 76 95 109 130 142 152 158 159 173 177
2 17 24 30 33 47 53 61 65 80 89 106 119 128 130 131 162
2 14 17 22 23 24 30 33 36 38 45 47 53 58 60 61 65 80 89 100 104 106 119 128 130 131 140 155 159 162 163 168 175
2 11 15 16 18 19 20 21 23 24 25 26 27 28 29 30 31 32 33 34 35 36 37 41 42 43 44 46 47 48 50 52 53 55 60 61 62 63 65 66 67 68 73 74 75 76 78 84 86 87 88 89 90 92 95 97 98 101 102 103 105 109 110 112 113 114 116 117 119 120 121 123 124 127 128 131 132 138 139 140 141 143 146 147 149 157 159 162 163 167 168 169 172 174 175
4 14 22 29 52 64 77 99 142 143 145 156 158
4 5 14 22 29 39 52 55 64 77 99 111 116 130 132 137 142 143 145 148 156 158 161 164 168 173
10 18 28 69 78 80 90 92 116 117 135 145 170 176
14 24 33 37 38 41 42 43 52 74 80 87 98 101 102 105 109 110 117 118 128 131 139 141 147 156 162 164 175
2 5 10 11 15 16 23 32 35 36 44 46 51 52 57 59 61 62 63 65 67 71 72 76 79 85 88 93 97 100 103 104 106 107 111 113 114 116 120 122 123 126 127 133 136 141 143 148 149 150 156 163 165 176
2 3 5 10 11 15 16 17 19 23 25 27 32 33 34 35 36 37 38 39 40 41 44 45 46 47 48 49 50 51 52 53 57 59 60 61 62 63 64 65 67 69 70 71 72 74 75 76 77 79 85 88 89 93 97 100 102 103 104 106 107 111 112 113 114 116 119 120 121 122 123 126 127 128 129 133 136 138 140 141 143 145 148 149 150 152 155 156 157 158 159 161 163 165 166 167 168 169 170 174 176
1 28 40 42 43 66 82 85 89 103 142 155 156 159 163 169 173 174
17 24 29 30 47 53 63 65 95 100 119 129 162
17 24 25 28 29 30 46 47 53 58 60 63 65 69 95 100 111 116 118 119 129 138 140 142 143 148 152 154 155 156 157 159 161 162 165 166 167 173 175 177
1 27 31 51 66 68 82 96 103 122 126 133 135 137 146 149 151 165 166 169 170 172 174
1 2 3 4 5 6 8 12 15 16 17 19 22 23 25 26 27 28 30 33 37 44 45 46 49 51 56 58 60 61 63 64 65 66 67 69 71 72 73 76 77 79 82 83 85 87 89 93 96 97 99 100 103 106 107 108 113 114 117 118 119 120 121 123 124 126 128 130 131 132 133 136 137 138 140 143 145 149 151 152 153 154 157 158 159 164 166 169 172 173 175 176 177
1 4 6 7 9 10 11 12 13 15 17 19 21 24 26 27 30 32 33 37 39 40 41 43 48 49 50 51 55 56 57 59 62 65 70 71 72 74 78 79 80 82 83 84 86 87 88 90 91 92 93 95 96 97 98 99 102 107 108 109 110 111 113 115 117 120 121 122 125 127 128 131 133 135 136 137 138 141 142 144 146 147 149 150 151 153 160 162 163 165 167 168 169 170 171
1 3 9 20 27 29 30 33 41 43 51 53 56 57 68 70 71 79 84 86 87 90 101 102 105 120 121 126 131 132 134 135 144 149 153 160 170 175 176
9 10 12 13 32 74 78 90 95 98 101 102 105 109 112 117 146 147 171
6 9 12 18 19 24 26 27 29 30 32 33 48 51 55 56 68 75 78 83 84 86 88 91 92 98 102 105 110 121 126 129 135 137 144 146 150 153 160
7 17 24 36 38 40 50 56 62 74 83 106 122 126 129 140 143 148 162 164 168 172
7 14 20 21 24 40 45 48 57 69 72 73 74 86 91 111 113 141 148 161 162 166 168 170
2 15 17 20 23 24 25 26 27 28 29 30 31 33 34 35 37 38 39 42 44 46 47 49 50 52 53 57 58 59 60 62 63 64 65 66 67 71 73 76 77 83 84 85 86 87 88 89 93 95 97 98 100 101 103 106 108 110 111 112 113 114 116 118 120 121 123 127 128 129 130 131 136 138 139 140 142 143 144 146 147 148 149 150 152 155 156 157 158 159 162 163 165 166 167 168 172 174 175 176 177
1 6 8 9 10 11 13 14 15 18 19 20 21 26 27 28 30 32 33 34 39 40 41 42 43 46 47 48 49 50 54 56 59 60 62 64 66 68 69 71 72 73 74 75 76 77 78 79 80 82 83 85 86 87 88 89 90 91 92 96 97 99 101 102 103 104 105 106 109 110 112 113 115 116 117 118 119 120 121 122 123 124 126 129 133 134 135 137 138 139 141 142 143 146 147 149 151 153 158 159 160 163 164 166 169 170 171 172 173 174 175
1 4 6 7 10 12 13 18 27 32 40 41 43 48 49 59 68 79 80 82 83 84 86 88 90 91 92 96 99 107 108 109 115 131 135 136 137 139 151 169 170
7 18 21 28 64 74 78 90 109 117 118 125 139
7 13 18 21 28 34 41 48 55 56 64 68 74 78 84 86 90 95 109 110 117 118 120 125 127 131 133 139 154 172
