6 7 9 10 11 13 18 21 26 27 28 43 48 54 56 59 66 68 69 78 80 82 83 91 92 95 96 105 107 108 109 110 115 125 126 135 137 141 144 151 153 169 170 171 174
1 2 4 5 6 8 9 11 12 13 14 15 17 18 19 20 22 23 24 25 26 27 29 30 31 32 33 37 39 40 42 43 46 48 49 50 51 52 53 54 56 57 59 60 61 62 63 65 67 68 69 71 72 73 74 75 76 77 78 79 80 82 83 84 85 86 88 89 90 91 92 93 96 97 98 99 102 103 104 106 107 108 109 110 112 113 114 115 116 117 118 119 120 121 122 123 126 127 128 129 131 133 134 135 136 137 138 140 142 144 145 146 147 148 150 151 153 154 156 157 158 159 160 162 163 166 168 169 170 171 173 175 176 177
4 5 35 40 44 45 67 77 103 111 114 116 140 159 161 168
1 2 3 4 5 6 8 12 15 16 17 22 23 24 25 26 28 29 30 33 34 35 36 38 39 40 44 45 46 47 49 51 52 53 54 55 56 57 58 60 61 62 63 64 65 66 67 68 69 71 72 75 76 77 79 80 81 82 83 85 86 87 89 91 93 94 96 97 99 100 103 104 106 107 108 110 111 112 113 114 116 117 118 119 120 121 123 124 125 126 127 128 129 130 131 133 134 136 137 138 140 142 143 144 148 149 150 151 152 153 155 156 157 158 159 160 161 162 163 164 165 166 167 168 169 170 172 173 175 176 177
2 15 17 19 22 23 25 29 36 38 45 47 60 61 64 80 87 89 90 92 93 94 97 98 101 106 118 119 124 127 130 131 132 134 143 146 147 159 160 161 164 165 166 168 175
1 2 3 5 8 10 16 17 20 21 22 23 24 29 30 31 34 35 37 39 40 44 46 47 48 49 50 53 55 57 58 60 61 62 63 64 65 67 70 71 72 75 77 81 84 85 89 90 93 95 97 102 103 104 106 109 110 111 112 114 118 119 120 123 128 129 134 138 139 142 143 144 147 150 152 156 157 161 162 165 167 168 172 175
1 2 3 4 5 6 8 9 10 12 16 17 18 20 21 22 23 24 25 27 29 30 31 32 33 34 35 37 38 39 40 41 42 43 44 46 47 48 49 50 51 53 54 55 56 57 58 60 61 62 63 64 65 67 68 70 71 72 75 77 78 79 81 82 83 84 85 86 88 89 90 91 92 93 95 96 97 99 101 102 103 104 106 107 108 109 110 111 112 114 118 119 120 123 126 128 129 130 132 134 135 136 137 138 139 141 142 143 144 146 147 150 151 152 153 155 156 157 161 162 164 165 167 168 169 172 173 174 175
1 2 3 4 5 6 7 10 12 14 15 16 17 18 22 24 25 27 29 30 32 33 34 35 36 37 38 39 40 42 44 45 46 47 49 50 52 53 54 55 57 58 60 61 62 63 64 65 67 70 71 73 76 77 79 80 81 82 83 85 86 87 88 89 91 93 94 96 97 99 100 101 102 103 104 105 106 107 108 112 113 114 115 117 118 119 120 121 122 123 125 126 128 129 130 131 133 134 135 136 138 139 140 142 143 144 145 146 149 150 151 152 153 154 155 156 157 159 162 164 165 166 167 168 169 172 174 175 176 177
1 2 3 4 5 6 9 10 11 12 14 15 16 17 18 19 22 23 24 25 26 27 28 30 31 32 33 34 35 36 38 39 40 44 45 46 47 48 49 51 52 53 55 56 57 58 60 61 62 63 64 65 67 69 70 71 72 75 76 77 78 79 80 81 82 83 85 86 87 89 91 93 94 96 97 99 100 102 103 104 106 107 108 112 113 114 116 119 120 121 122 123 125 126 127 128 129 130 131 134 135 136 137 138 139 140 141 142 143 144 145 148 150 151 153 154 155 157 158 159 160 161 164 165 166 167 168 169 170 172 175 177
1 4 6 11 12 13 20 26 27 30 32 33 37 39 40 42 46 49 50 51 56 65 71 76 79 80 82 83 86 91 95 99 100 103 106 107 108 113 115 116 126 127 128 135 136 137 138 141 146 147 150 151 153 158 171
1 2 3 4 6 8 10 11 12 13 14 15 17 20 22 24 26 27 28 29 30 32 33 34 37 39 40 42 43 44 46 47 48 49 50 51 52 54 55 56 57 59 60 63 65 66 67 68 69 70 71 73 74 76 77 78 79 80 81 82 83 84 86 87 88 89 90 91 93 95 97 98 99 100 101 102 103 105 106 107 108 109 110 111 113 114 115 116 117 118 119 120 121 122 123 126 127 128 130 131 132 135 136 137 138 139 140 141 142 144 146 147 148 150 151 153 156 157 158 159 160 162 165 166 169 171 172 173 175 176
1 2 4 5 6 7 10 12 15 16 17 20 22 24 26 27 30 32 33 34 35 37 38 39 40 41 42 43 44 46 47 49 50 51 52 53 54 55 56 57 58 60 61 62 63 64 65 66 67 68 70 71 72 76 77 79 80 82 83 84 86 87 88 89 91 93 95 96 97 98 99 100 101 102 103 105 106 107 108 110 111 112 113 114 115 116 117 119 120 121 123 126 127 128 129 131 133 135 136 137 138 140 141 142 143 144 146 147 148 149 150 151 152 153 156 157 158 159 160 161 162 163 164 167 168 169 171 172 174 175
2 17 23 24 29 31 36 43 57 58 60 61 62 67 69 70 72 81 86 87 93 94 100 104 106 113 121 123 129 130 131 133 134 140 154 155 156 161 164 165 166 167 168 172 175 177
11 17 20 21 24 25 30 35 37 38 42 47 48 52 53 54 56 65 68 85 89 90 92 93 95 98 100 101 102 103 109 110 112 121 123 128 129 131 139 141 147 149 155 159 162 168 174 175
2 3 5 8 13 14 23 26 28 34 41 45 56 59 68 69 72 75 84 85 91 93 96 97 104 107 108 110 116 124 125 127 129 132 137 140 144 145 156 161 164 169 170 174 176 177
8 12 18 19 25 29 31 39 40 41 44 51 54 60 73 74 76 80 81 82 87 102 107 120 121 124 126 133 135 137 139 142 148 157 158 164 165 168 173 177
5 8 16 19 22 25 28 34 35 38 46 48 58 60 64 69 72 75 76 77 89 92 98 106 109 116 118 130 132 138 140 142 143 147 152 156 158 159 164 166 167 173 175 176
1 2 3 4 5 6 7 10 11 12 14 16 17 18 19 20 22 23 24 25 27 28 29 30 32 33 34 35 36 38 39 40 41 42 45 47 48 49 50 52 54 55 56 58 59 60 61 62 63 64 65 66 67 68 70 71 72 75 77 78 79 80 81 82 83 85 86 87 89 90 91 92 93 94 95 96 97 98 99 100 101 102 103 104 105 106 107 108 110 112 115 117 118 119 120 122 123 128 129 130 131 132 133 134 135 136 137 139 141 143 144 145 146 147 148 150 151 153 156 157 161 162 164 167 168 169 170 174 175 177
2 31 33 42 44 70 98 105 124 128 148 169
2 7 9 11 13 14 20 21 23 25 28 29 31 32 33 36 38 41 42 44 45 48 59 69 70 74 78 90 92 95 98 100 105 109 110 124 128 130 134 148 152 155 166 169 170 171 173 174
1 2 3 4 5 6 7 8 9 10 11 12 13 14 15 16 18 19 21 22 25 26 27 28 29 31 32 35 36 38 39 41 44 45 46 47 49 50 51 52 53 54 55 56 59 61 62 64 66 68 70 71 72 73 74 75 76 78 79 80 82 83 84 85 86 87 88 91 92 93 94 96 97 98 99 100 101 102 103 104 106 107 108 110 113 115 116 117 118 119 120 121 122 123 124 126 127 130 132 133 134 135 136 137 138 141 142 143 146 147 148 149 150 151 152 153 154 155 156 157 158 161 164 165 168 169 170 171 172 174 175 176 177
1 3 4 5 6 7 8 10 12 13 14 15 16 18 20 21 22 26 27 32 33 34 35 38 39 40 41 44 46 49 50 51 52 53 54 55 56 57 59 60 62 63 66 67 68 69 70 71 72 73 75 77 79 80 82 83 84 85 86 87 88 89 90 91 92 93 94 96 97 98 99 100 101 103 104 105 106 107 108 109 110 111 113 114 115 116 117 118 119 120 121 122 123 124 125 126 127 128 132 136 137 138 141 142 144 146 147 149 150 151 152 153 154 156 157 158 160 161 163 164 169 170 171 173 174 176 177
7 9 11 14 36 70 81 94 104 112 118 129 130 133 154 164 165 170 173 174
7 8 9 11 13 14 16 22 26 28 30 34 36 45 52 58 64 68 69 70 72 76 81 85 94 96 100 104 111 112 118 129 130 133 142 145 154 156 158 164 165 167 170 172 173 174
1 3 4 5 6 10 12 14 16 23 44 51 57 63 69 72 75 77 79 82 83 85 94 96 99 103 107 135 136 137 150 151 153 155 159 160 161 170 171 173
4 7 9 10 11 13 20 21 41 47 50 55 57 59 70 74 76 77 82 85 90 92 95 96 98 99 105 107 109 110 115 118 122 127 136 139 143 151 161 163 170
3 5 7 8 9 10 11 13 14 18 19 21 22 25 41 45 52 57 59 70 72 75 81 85 94 104 107 111 116 122 124 127 129 132 145 154 155 170 172 173 174 176 177
3 7 8 9 13 14 18 19 21 22 25 28 31 41 45 48 58 60 61 62 72 74 75 78 90 92 94 102 105 109 112 117 118 122 124 125 130 132 133 135 139 141 143 154 155 164 172 173 174 177
2 3 5 22 35 36 45 52 57 60 62 69 72 75 77 81 85 94 97 100 104 106 111 116 118 119 120 121 124 127 129 130 132 134 142 148 156 161 163 165 167 170 172 175 177
9 10 11 13 18 20 26 28 30 33 34 37 39 46 48 54 68 69 73 74 76 88 89 92 93 95 103 105 109 110 111 115 116 118 131 138 139 141 143 146 147 156 158 159 163 164 168
5 6 10 12 18 26 27 39 41 51 55 59 64 66 68 69 71 73 78 79 82 83 84 91 96 99 101 107 108 110 111 115 122 124 126 132 135 136 137 144 146 151 153 167 170 171
2 8 9 15 26 29 31 32 33 34 41 44 47 53 56 59 60 61 68 69 73 75 84 85 87 93 97 109 110 118 119 120 124 127 129 132 134 135 140 170 171 175 176 177
2 13 14 18 19 20 23 28 29 31 32 34 41 51 64 68 74 80 84 90 98 99 103 105 109 111 114 116 117 121 124 130 137 138 139 141 143 147 148 156 159 163 166 170 175
1 8 9 15 16 18 21 23 26 27 32 36 45 50 51 52 59 63 75 78 81 82 84 92 93 104 118 122 124 130 132 134 135 137 145 146 152 154 161 164 170 173
1 8 9 15 16 18 21 23 25 26 27 32 36 45 50 51 52 59 61 63 75 78 81 82 84 92 93 100 104 118 122 124 130 132 134 135 137 145 146 152 154 161 164 167 170 173
1 2 4 11 14 21 25 31 34 37 39 47 57 61 62 64 66 80 81 88 89 90 93 103 114 116 117 118 121 123 124 126 127 130 133 134 138 140 141 143 145 148 149 150 169 173
1 2 3 4 6 7 8 10 11 12 15 16 17 20 21 23 24 25 26 27 30 32 33 34 35 36 37 38 39 40 42 44 45 46 47 49 50 51 52 53 54 55 56 57 58 60 61 62 63 64 65 67 68 69 70 71 73 74 76 77 79 81 82 84 85 86 87 88 89 91 93 95 97 98 99 100 102 103 104 106 107 108 110 111 113 114 115 116 117 118 119 120 121 123 127 128 129 131 132 136 138 139 140 141 142 143 144 145 147 148 149 150 151 152 154 156 157 158 159 160 161 162 163 165 166 167 168 169 172 173 174 175 176 177
5 7 8 9 10 11 13 18 19 20 21 26 28 32 34 41 42 43 48 56 59 68 69 72 75 78 85 92 95 101 109 110 116 127 129 139 141 147 152 160 165 166 167 168 170 174
3 8 14 15 17 22 23 25 29 31 35 42 47 52 53 57 60 61 63 69 75 77 78 84 85 89 91 92 93 97 98 104 106 112 114 116 117 118 122 123 129 130 139 140 142 157 159 162 164 174 176
1 4 6 10 12 18 30 39 40 51 54 55 56 57 71 79 82 83 86 88 91 96 99 103 107 108 114 126 128 135 136 137 144 150 151 153 156 159 160 168 169 170 171
1 2 4 6 10 12 15 16 17 23 26 27 30 32 33 39 40 42 47 49 50 51 52 54 55 56 57 59 60 62 65 66 71 76 77 79 82 83 84 85 86 87 88 89 91 93 96 97 99 100 101 103 106 107 108 110 113 114 115 117 120 121 123 126 128 129 132 135 136 137 141 143 144 146 149 150 151 153 157 158 159 164 169 171 176
1 2 4 5 6 8 10 12 15 16 17 22 23 24 26 27 28 29 30 32 33 34 36 37 38 39 40 41 42 43 44 46 47 49 50 51 52 53 54 55 56 57 58 59 60 62 63 64 65 66 67 68 70 71 76 77 79 82 83 84 85 86 87 88 89 91 93 95 96 97 98 99 100 101 103 105 106 107 108 110 111 113 114 115 116 117 118 119 120 121 123 126 127 128 129 132 134 135 136 137 138 140 141 142 143 144 146 149 150 151 152 153 156 157 158 159 160 162 163 164 167 168 169 170 171 173 175 176
2 3 17 22 23 29 31 36 44 47 53 57 58 60 61 62 63 67 75 81 84 86 87 93 104 111 119 120 121 129 130 132 133 134 137 140 145 152 157 159 165 167 173 175 177
1 4 6 10 12 15 17 24 26 27 30 32 33 34 39 40 42 46 49 50 51 52 53 54 55 56 59 62 64 65 66 67 68 70 71 73 76 79 80 82 83 85 86 88 89 91 93 96 97 99 101 103 105 106 107 108 110 111 113 114 119 120 122 125 126 127 128 131 136 137 138 142 144 146 149 150 151 152 153 157 158 159 162 163 164 166 168 169 171
1 2 4 6 8 10 12 14 15 16 17 18 23 24 25 26 27 29 30 32 33 34 35 38 39 40 42 44 45 46 47 49 50 51 52 53 54 55 56 57 58 59 60 61 62 63 64 65 66 67 68 69 70 71 72 73 76 77 79 80 82 83 84 85 86 87 88 89 91 93 96 97 99 100 101 103 105 106 107 108 110 111 113 114 118 119 120 121 122 123 125 126 127 128 129 130 131 133 135 136 137 138 140 142 143 144 146 148 149 150 151 152 153 155 156 157 158 159 162 163 164 165 166 168 169 170 171 172 173 177
7 14 32 41 56 59 78 81 90 94 96 102 112 122 125 126 155 166 170 173
7 9 13 14 18 29 32 37 41 54 56 59 66 68 69 72 74 75 78 80 81 84 90 92 94 96 101 102 103 104 109 112 122 125 126 131 139 155 164 166 170 172 173 176
1 2 4 6 12 15 16 19 26 27 33 37 39 49 50 51 54 55 56 57 66 70 71 73 76 79 82 83 87 88 91 95 96 98 99 101 103 108 110 113 114 115 120 128 134 135 136 137 147 151 160 163 165 169 171 175
1 2 4 6 7 9 10 11 12 13 14 15 16 18 19 20 21 22 24 26 27 28 29 30 31 32 33 35 36 37 38 39 40 41 42 43 44 47 48 49 50 51 53 54 55 56 57 58 59 61 62 63 66 67 68 70 71 73 74 76 78 79 80 81 82 83 84 86 87 88 90 91 92 93 95 96 98 99 101 103 104 105 106 107 108 109 110 112 113 114 115 117 119 120 121 122 124 125 126 127 128 129 130 132 133 134 135 136 137 139 141 144 146 147 149 150 151 152 153 154 160 162 163 165 168 169 171 172 173 175 176 177
2 3 5 13 16 25 35 61 72 77 85 97 106 119 125 127 130 154 166 167
