1 2 3 4 5 6 8 10 12 14 15 16 17 18 20 22 24 25 26 27 29 30 31 32 33 35 36 38 39 40 44 45 46 47 49 50 51 53 54 56 57 58 59 60 61 62 63 64 65 66 67 68 69 71 72 73 75 76 79 80 82 83 84 85 86 87 88 89 91 93 94 96 97 99 100 103 104 106 107 108 110 111 113 114 115 117 119 120 121 123 124 126 127 128 129 130 132 134 135 136 137 138 140 143 144 145 146 147 148 150 151 152 153 154 155 156 157 158 160 163 165 166 167 168 169 170 171 172 176 177
2 3 4 5 6 7 8 11 12 13 14 15 17 18 19 20 21 22 23 24 26 27 29 30 31 32 36 37 38 39 41 42 43 44 45 48 49 50 51 52 53 55 56 57 58 59 60 61 62 63 65 66 67 68 70 71 72 74 75 77 78 79 81 82 83 84 85 86 87 88 90 91 92 93 94 95 96 97 99 100 101 105 106 107 108 109 110 111 112 114 115 118 119 120 121 122 123 124 125 127 129 130 132 133 134 135 136 137 139 140 141 144 145 147 148 150 151 152 153 154 155 156 157 158 165 166 167 168 169 170 171 172 174 175 176 177
1 4 6 7 8 9 10 11 12 13 14 15 16 18 19 20 21 24 25 26 27 30 31 32 33 34 35 36 37 38 39 41 42 43 48 49 50 51 52 54 56 58 59 61 62 64 65 68 71 73 74 75 76 78 79 80 82 83 84 86 88 89 90 91 92 94 95 96 98 99 100 101 102 103 105 107 108 109 110 112 113 114 115 116 117 118 119 120 122 124 125 126 128 130 131 133 134 135 136 137 139 140 141 142 143 144 145 146 147 149 150 151 152 153 154 157 158 159 160 162 164 165 166 167 168 169 170 171 173 174 175
3 6 8 10 26 39 48 66 78 107 115 127 132 135 137 146 151 171 172 177
3 5 6 8 10 14 18 19 21 22 26 29 39 48 58 59 66 69 74 75 78 85 94 95 107 112 115 116 122 124 125 127 132 135 137 139 143 145 146 151 154 171 172 173 174 176 177
3 7 9 11 13 14 18 19 20 21 22 41 43 45 48 55 56 69 74 78 81 87 93 95 102 104 109 112 116 122 123 124 125 130 132 139 140 141 143 145 147 152 154 155 164 165 171 174 177
1 4 5 6 7 9 10 11 12 13 14 15 18 19 20 21 22 26 27 28 32 33 36 37 39 40 41 42 43 44 46 48 50 54 55 59 60 63 66 68 71 72 73 74 75 78 79 80 82 83 84 87 88 89 90 91 92 95 96 98 99 101 102 103 105 106 107 109 110 112 113 115 117 118 120 122 124 125 126 134 135 136 137 138 139 141 142 146 147 149 150 151 152 153 154 158 160 169 170 171 174 176 177
1 3 4 5 6 7 8 9 10 11 12 13 14 15 18 19 20 21 22 25 26 27 28 32 33 35 36 37 39 40 41 42 43 44 46 48 49 50 51 52 54 55 56 59 60 63 66 68 69 70 71 72 73 74 75 77 78 79 80 82 83 84 85 87 88 89 90 91 92 95 96 98 99 101 102 103 105 106 107 108 109 110 112 113 115 116 117 118 120 122 124 125 126 127 132 134 135 136 137 138 139 141 142 144 145 146 147 149 150 151 152 153 154 155 156 157 158 160 161 164 168 169 170 171 173 174 175 176 177
1 2 4 6 10 11 12 15 17 18 19 20 21 23 24 25 26 27 28 29 30 32 33 34 37 39 40 42 44 46 47 48 49 50 51 52 53 54 55 56 57 59 61 63 64 65 66 67 68 69 71 73 74 76 77 78 79 80 82 83 84 85 86 88 89 91 92 93 95 96 97 98 99 100 101 102 103 105 106 107 108 109 110 112 113 114 115 116 117 119 120 121 122 123 125 126 127 128 129 131 132 133 135 136 137 138 139 140 141 142 143 144 146 147 149 150 151 152 153 156 157 158 159 160 162 163 165 166 168 169 171 175
1 2 3 4 5 6 7 10 11 12 13 14 15 16 17 18 19 20 22 24 26 27 28 30 32 33 35 36 37 38 39 40 41 42 44 47 49 50 51 52 53 54 55 56 57 58 59 61 62 63 65 66 67 68 70 71 72 74 76 79 80 82 83 84 85 86 87 88 89 91 93 94 96 97 99 100 102 103 104 105 106 107 108 110 111 112 113 114 115 117 118 119 120 121 122 124 125 126 127 128 129 130 131 133 135 136 137 140 141 144 145 146 149 150 151 153 155 156 157 160 161 163 164 168 169 170 171 172 174 175 177
1 2 3 4 6 8 12 15 16 17 22 23 24 25 26 27 28 29 30 31 33 34 35 36 38 39 40 44 46 47 49 50 51 52 53 54 56 57 58 60 61 62 63 64 65 67 68 71 72 73 75 76 77 79 80 81 82 83 84 85 86 87 88 89 91 93 94 96 97 98 99 100 103 104 106 107 108 111 113 114 115 116 118 119 120 121 122 123 124 126 127 128 129 130 133 134 136 137 138 140 142 143 144 148 149 150 151 152 153 156 157 158 159 160 161 163 164 165 166 167 168 169 170 171 172 173 175 176 177
1 3 4 5 6 7 8 9 10 11 12 13 14 15 16 18 19 20 21 26 27 30 32 33 35 37 39 40 41 42 44 46 48 49 50 51 52 54 55 56 57 59 61 62 63 65 66 68 70 71 72 73 74 76 77 78 79 80 81 82 83 84 85 86 87 88 89 90 91 92 93 94 95 96 97 98 99 101 102 103 105 106 107 108 109 110 111 112 113 114 115 116 117 118 120 122 124 125 126 127 128 132 133 135 136 137 139 141 143 144 145 146 147 148 149 150 151 152 153 154 155 156 157 160 161 164 168 169 170 171 174 176 177
5 22 23 25 28 34 35 36 38 46 47 52 53 58 60 61 63 64 69 72 75 76 85 93 97 100 108 116 118 127 132 138 142 143 148 155 157 158 159 163 166 167 173 175
1 2 3 4 5 6 7 8 9 10 11 12 13 15 16 17 19 20 21 22 23 24 25 26 27 28 30 32 33 34 35 37 38 39 40 41 42 45 47 49 50 51 52 53 54 55 57 59 60 61 62 64 65 66 67 70 71 72 75 79 81 82 83 84 85 86 87 88 89 93 94 95 96 97 98 99 100 103 104 106 107 108 109 110 112 114 115 116 117 118 119 120 121 122 126 127 128 131 132 133 134 136 139 141 142 143 144 145 146 147 148 150 151 152 153 155 156 157 161 162 164 165 166 167 168 169 170 172 174 175
1 12 32 39 51 78 79 82 91 110 115 122 125 126 137 144 146 151 153
1 2 3 4 5 6 8 10 11 12 13 14 15 16 17 18 19 20 21 22 25 26 28 29 31 32 34 35 37 39 40 42 43 44 46 48 49 50 51 52 54 55 57 59 60 61 62 64 65 66 67 71 72 75 76 77 78 79 81 82 83 87 88 89 91 92 93 94 95 97 98 99 100 102 104 106 107 108 109 110 111 112 113 115 116 118 119 120 122 123 124 125 126 127 128 129 130 131 133 136 137 138 139 140 141 144 145 146 147 149 150 151 153 154 155 156 157 159 161 163 164 165 169 170 171 172 173 174 175 177
1 7 24 27 30 33 42 54 56 68 76 78 80 86 88 91 101 105 108 128 131 135 148 153 160 174
1 2 4 6 7 10 11 12 15 16 17 19 20 21 22 23 24 25 26 27 28 30 32 33 34 37 39 40 42 43 44 46 48 49 50 51 52 53 54 55 56 57 58 59 63 64 65 66 67 68 69 70 71 73 74 76 77 78 79 80 82 83 85 86 87 88 89 90 91 92 95 96 97 98 99 101 102 103 105 107 108 109 110 112 113 114 116 117 119 120 122 123 125 126 128 129 131 133 135 136 137 138 139 140 141 142 143 144 146 147 148 149 150 151 152 153 156 157 158 159 160 161 162 163 164 166 168 169 171 174
1 4 6 10 14 18 22 23 28 31 39 55 59 61 64 69 75 82 91 92 93 94 96 97 99 107 115 122 124 125 126 127 136 137 146 150 151 153 154 160 170 171 176
7 9 11 18 20 21 22 24 28 29 30 31 32 37 38 41 43 48 55 68 69 70 74 78 80 90 92 95 101 102 105 109 112 117 129 130 135 139 141 143 146 147 154 160 164 174
1 4 7 9 11 13 18 19 20 21 23 26 27 30 32 39 48 55 56 59 66 68 74 78 88 90 91 92 98 105 110 117 122 125 132 135 136 139 141 146 147 150 169 170 171
1 2 3 4 5 6 7 8 9 10 11 12 13 14 15 16 18 19 20 21 22 26 27 32 33 35 37 39 41 42 43 44 45 48 50 51 52 54 55 56 59 60 63 65 66 68 69 70 71 72 73 74 75 78 79 80 81 82 83 84 85 87 88 89 90 91 92 94 95 96 97 98 99 101 102 103 104 105 106 107 108 109 110 111 112 113 114 115 117 118 121 122 123 124 125 126 127 128 131 132 133 134 135 136 137 138 139 141 143 146 147 149 150 151 152 153 154 156 157 158 160 161 163 164 169 170 171 172 173 174 176 177
2 3 7 9 13 14 15 17 20 21 23 24 26 30 33 36 37 41 42 43 44 47 48 49 50 52 53 57 61 62 63 65 66 67 70 73 74 78 81 84 86 88 89 90 92 93 94 95 98 102 103 104 105 106 109 110 112 113 114 117 119 120 121 122 123 125 128 129 131 132 133 139 141 143 145 146 147 149 152 154 155 157 158 161 162 163 164 167 168 174 176 177
2 3 5 7 8 9 11 13 14 15 16 17 19 20 21 22 23 24 25 26 28 29 30 31 33 34 35 36 37 38 41 42 43 44 45 46 47 48 49 50 52 53 57 58 60 61 62 63 64 65 66 67 69 70 72 73 74 75 76 77 78 81 84 85 86 88 89 90 92 93 94 95 97 98 100 102 103 104 105 106 109 110 111 112 113 114 116 117 118 119 120 121 122 123 124 125 127 128 129 130 131 132 133 134 138 139 140 141 142 143 145 146 147 148 149 152 154 155 156 157 158 159 161 162 163 164 165 166 167 168 172 173 174 175 176 177
9 12 18 23 24 29 31 33 34 43 44 49 51 56 61 68 69 75 78 80 84 101 105 108 111 116 127 132 134 135 137 140 145 153 160 163 164 171 173 175
1 4 6 10 20 50 71 82 83 88 92 95 96 99 110 115 122 128 136 139 146 150 153 171 174
1 4 6 9 10 12 20 21 27 50 66 71 78 82 83 88 90 92 95 96 99 110 115 116 122 128 135 136 139 146 150 153 163 171 174
1 2 4 6 9 10 11 12 15 17 18 19 20 21 24 25 26 27 29 30 36 37 39 40 42 43 44 46 47 48 50 51 52 53 54 55 57 58 61 62 63 64 65 66 67 70 71 73 74 75 76 78 79 80 82 83 84 86 87 88 89 90 91 92 93 94 95 96 97 98 99 100 102 103 104 106 107 108 109 110 111 112 113 114 115 116 117 119 120 122 123 124 125 126 127 128 130 131 132 133 134 135 136 137 139 140 141 144 146 147 149 150 151 152 153 155 156 157 158 162 163 166 168 169 171 172 174 175 176 177
1 4 6 9 12 18 27 37 39 51 56 60 66 68 71 78 79 82 83 84 88 96 99 101 107 108 110 120 126 133 135 136 137 144 146 150 151 153 164
1 4 6 9 12 18 27 37 39 51 56 60 66 68 71 78 79 82 83 84 88 96 99 101 107 108 110 120 125 126 133 135 136 137 144 146 150 151 153 164
3 7 8 9 11 13 14 16 18 21 22 25 28 35 41 44 45 59 69 72 74 75 77 78 81 85 88 94 104 109 118 122 124 125 127 130 132 139 143 145 148 154 155 161 170 172 176 177
1 2 3 4 5 6 7 8 9 10 11 12 13 14 15 16 18 19 20 21 25 26 27 28 29 32 33 34 37 39 41 42 44 46 48 49 50 51 52 54 55 56 57 59 63 64 66 67 68 69 71 72 73 74 75 76 77 78 79 80 82 83 84 85 86 87 88 89 90 91 92 94 95 96 97 98 99 101 103 105 107 108 109 110 113 114 115 116 117 118 119 120 122 124 125 126 127 128 130 132 134 135 136 137 138 139 140 141 143 145 146 147 148 149 150 151 153 157 158 160 164 166 168 169 170 171 172 173 174 175 176 177
2 5 7 9 10 11 13 14 16 17 19 20 21 22 23 24 25 26 28 29 30 31 33 34 35 36 37 38 39 40 41 42 43 45 46 48 49 50 52 53 54 55 57 58 59 60 61 62 64 65 66 67 70 71 72 73 74 76 77 81 85 86 87 89 90 92 95 96 97 98 100 101 102 103 104 105 106 109 110 112 113 114 116 117 118 119 121 122 123 125 126 128 129 130 131 133 136 138 139 140 141 142 143 144 145 146 147 148 149 150 152 154 155 156 157 158 159 160 161 162 163 164 165 166 167 168 169 172 174 175
5 15 22 41 47 57 62 63 81 91 106 123 141 170 171 176
5 7 8 9 11 13 14 15 18 19 20 21 22 31 41 47 53 57 58 59 61 62 63 65 70 74 81 90 91 94 95 104 106 109 121 122 123 124 130 141 145 149 154 155 170 171 174 176 177
1 4 6 12 17 20 24 26 27 30 33 37 39 42 44 45 47 49 50 52 53 54 56 62 65 71 77 79 82 83 84 86 88 89 96 97 99 100 103 107 111 120 123 126 127 128 129 136 144 146 150 151 152 153 155 156 157 160 161 162
1 2 3 4 5 6 8 12 14 15 16 17 20 23 24 26 27 29 30 33 35 36 37 38 39 40 42 44 45 46 47 49 50 51 52 53 54 56 57 60 61 62 63 64 65 66 67 70 71 72 73 75 76 77 79 81 82 83 84 85 86 87 88 89 91 92 93 94 95 96 97 98 99 100 103 104 106 107 108 110 111 113 114 115 119 120 121 123 126 127 128 129 130 131 133 134 136 137 138 140 144 146 148 149 150 151 152 153 155 156 157 158 159 160 161 162 163 165 166 167 168 169 172 173 175 176 177
1 6 18 39 80 83 99 107 108 136 137 151 153
1 2 3 4 5 6 7 8 9 10 11 12 13 14 15 16 18 19 20 21 26 27 28 29 31 32 33 34 35 37 38 39 40 41 42 43 46 48 49 50 51 52 54 55 56 57 59 63 66 68 70 71 72 73 74 75 76 77 78 79 80 82 83 85 86 87 88 90 91 92 93 94 95 96 97 98 99 101 103 105 106 107 108 109 110 112 113 115 117 118 120 122 123 124 125 126 127 132 133 134 135 136 137 139 141 142 143 144 146 147 148 149 150 151 153 154 156 158 159 160 161 163 164 166 169 170 171 172 174 176 177
1 2 3 4 5 6 7 8 10 11 13 14 15 16 17 19 20 21 22 25 26 28 29 31 34 35 36 37 38 39 41 44 45 46 49 50 51 52 53 54 55 57 58 59 60 61 62 63 65 66 67 69 70 71 72 73 75 76 77 79 81 82 84 85 87 89 90 91 92 94 95 96 97 98 99 100 103 104 106 107 110 111 113 114 115 116 118 119 121 122 123 124 127 130 133 134 136 138 140 141 142 143 144 145 146 147 148 149 150 151 152 153 154 155 156 157 158 159 161 162 163 164 165 166 167 168 170 172 173 174 175 176 177
5 9 10 11 13 14 16 18 19 21 25 28 31 41 45 47 58 59 61 66 75 81 104 107 109 115 118 122 124 129 132 133 135 137 139 145 155 170 172 173 177
5 9 10 11 13 14 16 18 19 21 25 28 31 41 45 47 58 59 61 66 74 75 78 81 104 107 109 115 118 121 122 124 125 129 132 133 135 137 139 145 152 155 170 172 173 177
2 3 7 9 11 14 18 19 20 21 22 27 31 41 43 48 53 59 61 62 70 74 75 80 87 90 94 102 104 105 109 112 113 121 122 124 126 139 152 154 155 161 170 174 176 177
1 2 4 5 6 8 12 13 15 16 20 22 23 24 25 26 27 28 30 31 32 33 34 35 37 38 39 40 41 42 43 44 46 47 49 50 51 52 53 54 55 56 57 59 60 63 64 65 66 68 70 71 73 76 77 79 80 81 82 83 84 85 86 87 88 89 91 92 93 95 96 97 98 99 101 103 105 106 107 108 109 110 111 113 114 115 116 117 118 119 120 121 122 123 126 127 128 129 131 132 133 135 136 137 138 140 141 142 144 145 146 147 148 149 150 151 152 153 157 158 159 160 161 162 164 165 168 169 170 171 173 175 176
9 17 23 24 25 35 38 45 47 48 55 57 61 63 67 70 78 81 87 93 100 103 106 112 114 116 118 121 129 130 133 134 140 142 147 148 154 155 159 161 162 164 165 166 168 174 175
2 3 4 5 7 9 11 12 14 16 17 19 20 21 22 23 24 25 28 29 30 31 34 35 36 37 38 39 40 41 42 43 44 45 46 47 48 49 50 51 52 53 54 55 57 58 60 61 62 63 64 65 66 67 69 70 72 74 75 76 77 81 85 86 87 88 89 90 92 93 94 95 97 98 99 100 101 102 103 104 105 106 109 110 111 112 113 114 116 117 118 119 120 121 122 123 127 128 129 130 131 133 134 138 139 140 141 142 143 145 146 147 148 152 154 155 156 157 158 159 160 161 162 163 164 165 166 167 168 172 174 175 176 177
5 8 9 16 23 25 31 34 35 41 45 49 52 56 60 64 65 67 69 72 77 81 85 89 91 92 94 97 100 102 104 108 123 130 131 132 138 145 148 155 159 161 168 170 173 174
1 2 7 9 11 14 15 18 19 20 26 30 33 36 39 41 43 54 56 59 68 70 74 78 80 92 95 97 98 102 108 109 111 113 114 126 130 131 132 134 135 147 160 162 170
9 14 17 19 21 23 24 30 31 36 43 52 54 57 58 61 64 65 70 74 77 78 81 102 104 109 111 112 121 126 128 131 155 156 157 161 162 163 165 166 172 174
2 6 8 15 23 26 29 34 36 40 47 51 56 63 66 69 73 75 76 78 82 84 87 93 98 99 108 111 112 113 115 124 125 137 140 149 154 158 159 160 165 166 169 175 176
