1562 1732 2316 4272 4637 5108 5209 5218 5220 5753 5908 6068 7733 9184 9909 10421 10929 11675 11881 12585 16871
255 947 1314 2434 2973 3057 4328 5157 5456 6229 6288 8001 8241 9050 10178 10445 10896 11951 12207 12830 13572 13706 13926 15076 16033 16378
579 595 2650 3373 5728 6875 8015 9814 11109 11335 11607 12946 14073 14239 15323 15942 16877
69 707 1477 1683 1877 2093 3487 3752 3783 5459 5505 5587 5780 5801 6158 6392 6781 7087 7106 7550 7590 7791 7815 8687 9007 9769 10048 10131 10173 10906 11557 11608 11612 11734 11944 11987 12426 12688 12769 13282 13992 14112 14351 14416 14759 15523 15553 15596 15690 16184 16312 16349 16411 16686 16999 17725
1066 1693 2380 2581 4486 4888 6079 8061 8619 10540 10648 10711 11732 13986 14569 16220 16980
511 4842 7940 8400 8990 10251 10967 12805 13940 15955
257 426 4424 6818 7329 8953 9584 10922 11214 11450 11921 13989 14894 15648
48 1195 1307 2453 2645 2714 2970 3704 3868 3874 4509 4516 4732 4945 5009 5387 6111 6128 7499 9324 11016 12099 12209 12419 12868 13291 13957 14069 14399 17031 17122 17676
1228 2246 2330 3057 3466 3806 4501 4704 5095 5514 5963 6808 6871 8434 10542 11031 11503 11667 12761 13028 13061 13238 14079 15329 16234 17263 17836 17935
236 354 1102 1252 1253 1306 1382 1394 1438 1476 1490 2004 2012 2179 2286 2335 2349 2469 2685 2776 2928 3562 4059 4270 4514 4560 4578 4680 4902 5035 5036 5163 5187 5588 5872 6083 6169 6172 6340 6491 6632 6726 7133 7531 7703 7712 8089 8530 8712 8731 8886 8984 9597 9733 10064 10853 10931 11485 11536 12001 12092 12142 12452 12810 12950 13206 13278 13304 13377 13714 13960 13979 14585 14647 14745 14970 15649 15669 15752 16208 16561 16770 17158 17534 17855 17911
926 1510 2233 4260 7040 8543 10899 11655 15025 16092
201 344 1710 2699 3515 6247 6952 7227 7424 7585 7978 8348 8854 9222 14005 14674 15324 15657 16635
344 1170 1710 2699 3515 4597 6247 6329 7025 7585 7978 8854 9222 13850 14005 15324
274 1059 2048 4980 5934 7003 7273 12289 15792 17966
3208 6346 6907 8694 11492 12887 15963 17039 17515 17972
283 2154 2320 3346 4826 6502 10517 12725 12804 15724 17284
2308 2823 5502 5876 6307 7180 7296 8177 8751 12631 14525
73 346 4128 4171 6683 7422 7808 7958 8431 9288 10760 12324 12849 13155 16321
473 595 3373 7999 11335 11650 12834 14073 14239 15323 16877 17937
205 442 467 1796 1841 2218 2399 2449 3582 3825 4261 5869 5968 6624 7012 7629 12114 12269 13442 13751 14650 15573 15872 16024 16624 17159 17352 17380 17497 17771
158 167 417 855 1004 2377 5185 8020 8661 9884 11619 12533 12833 14956
359 2934 4198 10808 10809 11473 12250 16076 16209 17476 17586
274 3771 4803 7003 7273 7674 8379 8608 10317 13974 16463
364 819 867 1231 1307 1423 1545 1798 1806 2079 2167 2239 2267 2320 2484 2544 2764 3016 3142 3547 3575 3759 3898 4047 4078 4135 4454 4586 4617 4709 4991 5207 5361 5399 5640 5757 5840 5972 6204 6416 6760 6802 7545 7619 7633 8053 8115 8272 8667 8730 8810 8896 8982 9036 9309 9386 9425 9484 9889 9919 10027 10107 10345 10435 10467 10786 10826 10880 11023 11053 11095 11386 11437 11725 11832 11885 12107 12429 12468 12477 12701 12804 12938 13045 13106 13666 13820 14216 14893 14935 15292 15459 15969 16065 16292 17215 17631 17817 17820
1173 3247 3259 5967 6220 7090 7691 11330 12691 13183 14137
359 2934 4198 10808 10809 11473 12250 16076 16209 17476 17586
73 1866 3027 7422 8014 9288 9993 11717 12485 13478 14921 17761
283 2320 2553 3469 4378 4826 7041 7077 7652 10517 11866 12409 12725 13480
1078 1228 1600 2315 5608 5954 7144 8996 10094 11552 12219 15301 15669
1145 1709 1768 1819 1822 3450 6599 8044 13256 13327
344 1710 2699 3515 3626 4087 6247 7585 7978 8270 8854 9222 11401 11889 12511 14005 15324 17518
177 2643 5828 6395 6996 8145 8264 8515 8525 10692 11047 12933 13503 15480
1508 1580 2580 2750 3236 3359 3411 4123 5416 6498 6796 7044 8686 8827 10429 11126 11440 12345 13063 13683 13800 13961 14230 14256 14703 16048 16059 16144 16185 17180
453 679 1593 2747 3003 3897 5508 6079 7774 8061 8393 9539 10061 10540 10648 10711 13920 14872 16643 16953 17717
769 1485 3771 4352 4980 7674 7928 15824 15984 17909
467 1841 2218 2399 2409 3461 3890 5547 5968 6624 6821 7104 7818 8140 10385 10880 11068 11483 12269 14153 14308 15294 15872
2039 2310 2798 3424 5449 6527 7095 7216 7494 7647 8125 8980 10448 10921 11301 11470 11649 12707 12860 13020 13037 14547 14898 14986 15823 17173 17790
854 1516 2131 2253 2440 3053 4132 4726 5855 6597 6804 7313 9047 10444 10449 10739 12204 12711 12796 13270 14428 14458 15877 16088 16530 17806 17893
416 854 2069 2124 2131 2885 3053 4726 6086 6466 6804 7941 8168 8464 8511 9047 9592 9768 10449 10739 11634 12193 12204 13270 14381 14428 14867 15228 15877 16530 17872
4921 5018 6135 6194 6687 10997 11180 12230 13167 13397 13464 13844
830 1536 1700 4525 5739 6095 7181 8233 8828 9386 9912 10034 10115 10498 10961 11271 11964 12974 14594 14685 15031 15475 16091 16170 16331 16403 17261
1026 1031 3067 3596 5594 6421 6450 7277 13069 14471 17680
1580 2467 3236 3289 3777 4123 4885 7044 10429 11126 12345 13063 13961 14475 14703 16059 16144 16252 17180
1453 4149 6916 8031 8088 10610 10944 12773 13955 15079 16937 17357 17449 17570 17663
207 804 2320 4826 10517 10603 12106 12295 15732 17034
1035 1907 3884 4117 12502 13763 14349 15011 17351 17683
1638 2798 3424 4546 4595 5323 7095 8980 9500 10448 11303 12860 13020 13037 14898 14986 15823 15896 16233
1619 3612 3642 4495 9273 11099 12429 16840 16895 17912
977 4269 5641 5999 7813 8800 10300 11378 11695 14625
918 2047 2867 3806 5568 5716 6646 6853 7446 7725 9675 10249 12063 13233 15932 16737 17106 17665
