3080 3438 4285 4723 5490 5600 6357 7111 8449 9064 9269 10310 13688 13806 14103 15685 16606
18 1806 2317 2535 5246 9416 9658 10985 11224 11564 11932 12254 14864
1456 2036 2160 2976 3331 5811 6436 7849 14990 15779 17527 17926 17954
716 1515 4642 5236 5552 6148 6623 6799 6846 8624 8930 13426 13473 14311 14328 15276 15482 15692
204 672 913 972 2075 4134 4789 6159 10146 11026 13137 14096 14159 15468
1270 1448 2081 4322 4818 5565 5566 5757 6585 7080 8707 9652 11104 12806 13885 14530 17028 17302 17817
230 544 1134 1145 1461 1739 1819 1822 2149 2441 3270 3450 3479 3579 3683 3971 4067 4547 5226 5385 5738 6917 8175 8470 9474 9522 9544 10095 12093 12235 12400 12526 12710 13120 13327 14035 14608 14822 15584 15726 15881 15918 16996 17057 17681
3194 5704 7883 8306 9257 9991 10145 13518 14799 14992 15418 16669 16740
238 417 855 1177 1680 1942 2187 2377 2648 3943 4703 5185 5189 5266 5501 6903 7904 8450 8661 9033 9884 11619 11860 12533 12677 12783 12833 13956 14956 15678 16257 16484 17130 17145 17512 17943
228 1783 3413 3518 6378 6492 11532 12727 14897 15060 17911
3673 4199 4753 6400 6650 6678 7068 8606 11591 13005 15722
235 1612 2023 2282 2927 3392 7159 9318 11441 12173 14609 15361 17475
158 1004 2377 8020 8450 8741 12533 13229 17145 17512
2282 3896 8619 9313 11098 15921 16030 16112 16506 16669
177 651 1567 1832 2643 5055 5828 6395 6996 7237 8145 8264 8515 8525 9142 9842 9888 10286 10692 11047 12169 12268 12443 12814 12933 13070 13503 14795 15480 16638
3773 3882 6826 8758 9156 9239 9576 9802 11723 15066
1465 1542 4094 4387 5229 6251 9220 9821 10713 13619 16552 17147 17506
248 602 942 1603 1742 1989 3848 5624 8673 9444 10419 10729 13241 13717 15184 15316 15401 15458 16075 17480 17794
7 2288 2435 2736 5100 8977 9453 11023 11031 15464
1479 1562 1732 2204 3156 3382 4026 4272 4348 4637 4796 4807 5108 5202 5209 5218 5220 5265 5753 6068 6478 7176 7721 7733 8107 8312 9184 9381 9909 10421 10929 10965 11197 11675 11881 12585 12712 13639 13914 14217 14254 15847 16871 17386 17955
1963 3730 5419 5825 6831 7522 8469 10111 11220 12590 14178 15135 15540
228 2529 3413 3528 5549 6929 7268 10500 11217 17741
1568 2738 3266 8147 8727 10636 12323 14487 14917 16370
3706 3751 8764 8958 9928 10130 10795 13892 15652 16799
3386 4297 6049 6927 8184 8784 12273 13185 14341 15740 17208
1394 2695 3703 3845 4385 4407 4578 6196 7133 7537 7703 8712 8886 12247 13278 13960 15752 15861 16150
524 2074 3634 4710 5817 7473 7604 7907 8862 10246 11363 12304 12387 12398 13013 14434 15135 15347 15540 15617 16453 17399 17557
1170 3626 5912 7025 7585 8854 9222 15324 16635 17468
811 1386 2673 6037 9091 9394 10477 10650 11098 14370 15513 16479 17313
579 926 3270 3373 4031 6150 6535 7321 9814 10242 15445 17374
7024 7234 7348 8588 9211 10461 13785 15096 16087 16836 17278 17763
1923 2125 3089 5735 7872 7879 8753 10058 12100 12281 13854
771 2048 5264 7455 8106 9122 11287 15557 15984 16228 16784
1653 2484 4483 4638 4802 7355 7358 11775 13268 15941 16697
595 1026 1092 3067 4083 4324 8096 9814 11213 12834 13877 14420 15422
1029 2081 4623 9123 10622 11232 11974 12893 13748 15798 16081
2784 5106 6597 7352 7598 8188 8441 8972 9280 10394 13055 17976
850 878 1247 1933 3252 6139 7207 9129 10079 14282
1153 1923 2027 2125 2232 5756 7879 8753 10058 12962 14640 15910
540 819 2092 2780 3119 5808 6693 7239 8390 9242 10146 10297 10628 15734 17319
755 3050 3201 3713 4821 6145 9965 11133 11696 13495 14733 15838
201 344 1710 2450 2699 3515 3626 4087 4879 5849 6247 6952 7227 7424 7585 7978 8270 8348 8807 8854 9222 10763 11401 11889 12511 14005 14367 14674 15324 15657 15853 16635 17518
3746 9609 10348 10667 10699 11561 11814 12865 15568 16449
159 1123 3256 3745 3995 5261 9478 9785 10150 13331 13858 15356 16498
1867 2904 3859 4500 5600 6608 8277 8875 9373 9911 9919 12470 13121 13524 13764 15203 15561 17640
14 2936 3288 5067 6358 8123 8794 11419 11448 17418
693 2438 2657 3684 6648 8900 9119 14238 15193 15850 15953 16984
4163 5048 9661 10293 10435 12559 12673 13432 14453 17700
283 2309 2320 3346 4826 7652 10517 12409 12725 17284
1053 2222 3016 3575 6395 6996 8515 10692 13773 15480
