1462 2378 2431 2711 3585 4518 5677 6733 7269 8165 8903 11193 13146 15411 16100 17276
541 2284 2836 3097 5439 6552 7834 8255 9348 10529 11050 13593 16193
1181 2241 7474 7886 9059 9977 11710 13939 14579 15382
59 1802 2195 3306 3938 7708 7833 11084 12708 12825 13475 14466 17384 17408 17764
28 738 1045 1109 1506 1762 1854 1857 2107 2196 2436 2618 2793 2955 3120 3480 4190 4325 4725 5114 5125 5212 5696 5781 5829 6986 7010 7220 7411 7902 7944 8050 8130 8682 9082 9097 9520 9766 10307 10356 11657 11780 11864 12053 12155 12767 12935 13075 13289 13917 14319 15044 15125 15378 16187 16250 16362 17095 17503
394 3763 4763 5091 6134 6380 10369 11297 12655 12918 13019 15273
310 2044 2247 2268 3576 9518 12945 14463 15812 16058 16898 17320
253 2305 3997 5599 9096 9782 10834 12897 13545 15249 15515
1383 1615 3538 4585 5993 6660 6708 6882 8075 8562 9886 10746 12317 13027 13388 14259 14681 15493 15597 15960
2573 3457 4666 6124 6269 8321 12262 16142 16153 17021 17650
2274 2638 2835 3171 3282 3976 7517 9776 11413 13541 16489
116 849 2677 2977 4679 6588 7020 7184 7867 10294 11429 12615 12665 12715 14771 15481 15874 16107 17404 17639 17650
127 1470 2089 2765 2993 4056 4443 4940 5860 7933 9800 10747 11086 11416 12118 12256 12512 12824 13168 13535 14887 14923 16845 17710 17720 17877 17899
914 1578 3644 4226 6308 7510 8139 12508 12565 13661 17485
713 1217 3663 6103 7731 8409 9645 9759 10453 13583
975 1201 4022 5657 7132 9943 10890 12413 12901 12951 16171 17285
490 719 2418 3799 4216 4218 5006 6457 11703 11963 16460 17862
490 719 2418 2875 4218 5259 6457 6587 8217 9238 9726 9808 10125 10127 11963 12460 12667 14753 17862
1897 2421 3449 3620 3715 4702 5254 9613 10205 15106 16116
86 432 1235 5216 6962 7143 9765 10756 13386 17292
2319 2508 2603 4869 4967 5760 5915 7368 8179 10021 10407 11247 14540 15413 16764
4365 5913 8105 8242 8593 11034 12618 12943 14679 16473 16761
2144 2344 2766 7565 8127 11523 15194 15616 16715 17428 17670 17695
1736 1862 3269 4209 4362 4497 5639 5771 7690 10037 10354 11785 14440 15047
157 1210 1961 3207 5569 6601 7903 8290 8652 8806 8965 11040 11469 12735 12927 14155 14727 15042 15355 17076 17219
1353 1884 4512 4830 6847 6922 8025 8577 9116 9499 9995 11810 12999 14462 16400 16415 17417
2801 3120 3525 6461 7010 9097 9515 9766 11081 12935 16187 16511 16578
991 2530 4076 5029 6554 7096 7567 9351 10006 11779 13677 14197 14398 15839
2344 2762 2766 7565 8127 10190 11880 14497 15616 16715 17426 17428 17670 17695
3316 3363 3939 7097 9068 9503 12397 12546 16651 16753
1614 1826 3651 4395 5666 6823 7683 8252 13729 15251 16575 17500
5244 6939 8781 9132 11122 11609 12882 15026 17325 17604
2378 2448 2711 5454 5677 6733 7269 8903 10024 10572 11193 11641 14895 15606
361 842 1179 1399 1413 2034 2234 2477 2510 3512 4036 4684 4720 4724 4797 5151 5369 5516 5554 5572 5810 5991 6269 6366 6542 6565 7201 7267 8590 8645 9163 9340 10057 10687 10966 11845 11926 12036 12674 12957 13173 13236 13465 13573 13665 13750 13752 13851 14009 14133 14536 14707 14771 15319 15987 16137 16142 16851 17111 17149 17404 17409 17481 17593 17602 17639
613 1106 1263 2138 2596 2721 3012 4044 4717 5109 5959 6116 6235 8491 10318 10890 13151 14180 16171 17129 17285 17607
780 4267 5602 6721 6881 7468 7514 7757 8102 9010 9759 11162 11677 12467 12739 12876 13077 13769 13865 15320 15587 17166
361 842 2034 2234 6366 8801 11662 13465 13665 16851
117 1675 5925 9570 9906 12082 13286 14379 14891 16528 16539
2875 3799 4216 5006 11963 12434 12667 16460 17657 17862
832 1792 2021 3029 3429 3462 4881 7903 8214 8652 8965 11153 12735 13888 15042
1462 2711 6349 6733 7103 7269 8165 10939 11193 15411 15606
2345 3883 5244 6939 8781 9132 10891 12882 15026 15897
921 2344 2762 3493 3733 6696 6776 7565 8601 8857 9332 9744 9831 11523 12300 13534 13690 14497 15194 17426 17576 17779
86 432 1235 5216 5475 6962 7143 8120 9765 10756 14407 17292
157 389 832 1210 1792 1961 2021 3029 3207 3429 3462 4529 4881 5569 6601 7903 8214 8290 8652 8806 8965 11040 11153 11469 12735 12927 13888 14155 14727 15042 15355 16168 17076 17219 17707 17956
2793 2955 5125 5696 6986 7411 7944 8130 8682 12935
1232 2241 7474 7729 9977 11710 12020 12686 12842 15382 15995 17648
333 856 1062 1199 1634 3391 3570 3707 4393 5135 5651 5782 6025 6897 7151 8465 8695 9328 9848 11306 12484 12643 13403 14042 14768 15745 15818 16482
490 719 2418 2875 3043 3799 4175 4216 4218 5006 5259 5487 6406 6457 6587 6855 8217 9238 9726 9808 10125 10127 10256 11703 11963 12434 12460 12667 14753 16460 16670 16703 16993 17020 17657 17862
1434 2944 4736 5591 8538 10176 11125 11177 11432 11845 13880 14274 14299 15054 15413 15837 16905
