2 3 5 7 8 9 10 13 15 17 19 21 23 24 26 27 29 30 31 32 33 34 35 36 37 38 40 41 42 43 45 46 47 49 50 53 54 55 56 57 59 60 61 62 64 65 66 67 68 69 70 72 73 74 75 76 77 78 79 81 84 85 86 88 89 91 92 93 94 95 97 98 100 101 102 103 104 105 106 108 109 110 111 112 113 114 115 117 118 120 122 123 125 126 127 128 129 131 132 133 134 138 139 140 141 142 144 145 146 147 148 149 151 152 154 155 156 157 159 161 162 163 164 165 166 167 168 169 170 171 172 174 175 176 177
2 10 12 15 16 17 21 23 24 28 29 30 34 36 37 39 40 42 43 44 46 47 49 50 51 52 53 57 58 59 60 64 65 66 67 70 71 73 74 76 77 85 88 89 92 93 95 96 97 98 100 102 103 106 109 111 112 113 114 117 118 121 123 128 129 130 131 138 139 141 142 143 146 147 148 149 150 157 158 159 161 162 163 164 165 169 171 172 174 175 177
7 11 18 19 20 37 41 48 58 74 78 92 95 101 105 112 117 122 125 139 143 147 154 171
2 4 6 7 9 10 11 15 16 17 18 19 20 21 27 32 33 34 35 37 42 44 47 48 49 50 53 54 55 57 58 59 60 62 63 65 67 71 74 77 78 79 83 84 85 88 89 90 92 93 95 96 97 98 101 102 103 105 106 107 109 110 112 117 120 121 122 123 125 126 128 129 130 132 133 135 136 138 139 141 144 146 147 148 149 150 151 152 156 157 160 162 164 167 168 174
3 7 9 11 13 14 18 21 26 27 28 34 36 59 68 69 72 74 94 105 109 110 115 122 124 130 132 170 171 173 177
1 4 6 10 12 13 15 20 23 26 27 33 34 37 39 40 42 44 46 49 50 51 52 53 56 57 65 71 76 77 79 82 83 84 86 88 89 91 92 95 96 98 99 103 107 108 110 113 114 115 118 120 128 136 137 138 141 142 144 146 148 149 150 151 153 154 155 156 157 158 159 162 163 165 168 169 172
1 2 3 4 5 6 8 10 12 13 14 15 16 17 19 20 21 22 23 25 26 27 33 34 36 37 38 39 40 42 44 45 46 49 50 51 52 53 54 56 57 59 60 61 62 63 65 67 69 70 71 72 75 76 77 79 81 82 83 84 85 86 87 88 89 90 91 92 93 94 95 96 97 98 99 100 103 104 106 107 108 110 113 114 115 118 119 120 123 126 127 128 131 132 136 137 138 141 142 143 144 145 146 148 149 150 151 152 153 154 155 156 157 158 159 161 162 163 165 166 167 168 169 170 172 173 174 175 176 177
1 2 3 4 6 8 9 10 11 12 13 14 15 16 17 18 19 20 21 25 26 27 32 34 35 38 39 40 41 43 44 46 47 49 50 51 53 55 57 59 60 62 63 66 68 69 70 71 72 73 74 75 76 77 78 79 80 82 83 84 85 86 87 88 90 91 92 93 94 95 96 98 99 101 103 106 107 108 109 110 111 113 114 115 117 118 120 121 122 123 124 125 126 127 128 130 132 133 134 135 136 137 138 139 141 143 146 147 148 149 150 151 152 153 154 156 157 158 159 160 164 167 168 169 170 171 173 176 177
5 9 11 19 52 55 70 72 75 85 87 90 95 109 124 142 145 163 170 172 177
2 16 23 24 25 34 38 44 45 57 58 60 61 70 77 81 100 106 112 129 130 138 143 144 148 155 162 167 175 177
8 15 25 26 37 39 40 44 63 69 73 76 83 98 111 113 114 115 116 119 123 127 132 134 140 142 149 156 158 159 160 166 170 171 173 176
1 3 4 6 8 12 15 17 22 27 33 35 39 40 44 46 49 50 51 52 53 54 56 57 59 60 62 63 65 67 71 72 73 75 77 79 82 83 84 85 87 88 89 91 93 96 98 99 101 103 106 107 108 110 111 113 114 115 116 118 119 120 121 123 126 127 128 136 137 138 142 144 146 148 149 150 151 152 153 156 157 158 159 161 163 164 167 168 169 175 177
1 3 4 5 6 7 8 10 12 13 15 16 17 18 19 20 21 22 26 27 32 33 35 39 40 42 44 46 49 50 51 52 53 54 55 56 57 59 60 62 63 65 67 69 71 72 73 75 77 79 82 83 84 85 87 88 89 91 92 93 94 96 98 99 101 102 103 106 107 108 110 111 113 114 115 116 118 119 120 121 122 123 126 127 128 132 136 137 138 141 142 143 144 146 148 149 150 151 152 153 156 157 158 159 161 163 164 167 168 169 170 175 176 177
1 3 4 5 6 8 12 15 17 22 23 25 28 29 31 32 33 35 36 38 39 40 44 45 47 49 50 51 52 53 54 55 57 59 60 61 62 63 65 69 71 72 75 76 79 82 83 84 85 86 87 88 91 92 94 97 98 99 100 101 103 104 106 107 108 111 113 114 115 116 117 119 120 121 122 123 124 127 128 130 134 136 137 140 142 143 144 145 148 149 150 151 152 153 154 155 156 157 158 159 160 161 163 164 165 168 170 171 172 173 175 176 177
2 3 5 8 11 13 15 17 20 21 22 24 25 26 28 30 33 34 35 36 37 42 45 46 47 49 50 52 53 56 57 59 60 61 62 64 65 66 67 70 72 73 75 76 84 85 87 89 93 94 97 98 100 103 104 106 110 111 113 114 116 117 118 119 120 121 122 123 124 127 131 132 133 134 138 141 142 143 145 146 147 148 149 152 155 156 157 158 161 162 164 165 167 168 170 172 173 176
3 25 35 36 69 72 104 121 161 165 166
3 9 14 25 35 36 45 69 72 75 104 121 124 125 134 161 165 166 176
8 9 13 14 55 59 69 78 85 107 132
17 21 22 26 34 36 37 41 43 48 54 64 65 77 89 98 105 118 130 140 141 147 155 156 164 174
2 3 4 5 6 7 8 9 10 11 13 14 15 16 17 19 20 21 22 23 25 26 27 28 29 31 32 35 36 37 40 41 42 46 47 50 51 52 53 54 55 57 58 60 61 62 63 64 66 67 69 70 71 72 75 76 77 79 81 83 84 85 87 88 89 91 93 94 96 99 100 102 103 104 105 106 107 110 111 113 114 115 116 117 118 119 120 121 122 124 127 128 129 130 133 134 136 137 138 139 140 142 143 144 145 146 147 148 149 150 151 152 153 154 155 156 157 158 159 163 165 167 168 169 170 172 173 174 175 176 177
2 3 5 10 13 15 25 44 48 55 63 74 80 85 90 101 109 110 111 112 115 133 134 135 138 140 143 146 147 149 158 161 164 171
1 6 40 54 55 79 80 82 91 101 115 160
1 4 6 10 27 32 39 40 51 54 55 56 78 79 80 82 83 88 91 96 101 108 115 128 137 144 146 150 151 153 160 169
7 59 73 74 105 125 126 143 170 171
5 7 28 32 35 36 37 38 41 42 55 56 60 61 62 69 74 75 89 95 97 105 106 112 117 118 119 124 132 133 134 156 157 160 161 165 168 175
3 5 8 9 16 22 31 58 60 61 70 75 77 81 85 94 104 123 124 132 145 155 156 161 164 166 167 172 176
16 23 35 36 38 44 47 52 61 70 75 76 93 94 100 111 118 121 133 140 152 158 161 165 167 172
8 17 28 40 51 56 64 73 76 77 98 108 111 113 119 120 121 124 137 138 140 142 153 156 157 158 160 163 171 175 176
1 3 4 12 14 20 22 24 25 30 31 32 33 34 35 37 39 40 41 42 45 46 49 50 51 55 60 64 65 67 71 73 74 76 77 79 84 86 87 89 90 97 98 99 100 101 103 104 106 111 112 113 116 118 119 120 121 122 124 127 128 130 131 132 133 134 136 138 139 140 142 143 146 147 148 149 150 156 157 158 159 160 162 163 164 168 173 177
9 12 14 19 20 21 27 32 36 41 43 45 48 74 78 88 90 92 93 95 102 105 109 112 115 120 129 132 133 141 146 147 164 171 176
9 29 33 65 69 70 74 81 87 98 102 112 131 132 152 154 165 166
1 6 18 26 27 32 33 40 41 43 50 56 59 66 68 78 83 86 91 96 98 108 110 115 117 125 126 128 131 132 135 144 147 158 169 170 171 173 176
2 5 29 38 44 46 67 70 72 97 106 123 138 156 172
2 5 16 17 20 22 29 31 34 35 38 44 45 46 47 53 55 57 67 70 72 74 81 85 94 95 97 106 111 123 124 138 156 165 172 177
5 16 22 25 44 52 55 57 58 60 70 72 81 85 87 94 123 130 132 145 148 161 162 164 165 167 173 175
2 8 15 29 31 44 47 51 62 63 73 75 76 81 93 98 111 113 119 120 121 124 129 132 140 149 152 154 157 158 159 163 165 166 171 175 176
1 12 15 17 24 26 27 29 30 33 39 40 44 49 50 51 52 54 55 56 57 60 62 63 65 66 67 71 79 82 83 86 88 89 96 97 103 106 113 114 121 126 128 131 136 143 144 146 147 148 149 150 151 152 155 157 162 166 169 171
1 2 8 11 12 15 17 20 24 25 26 27 29 30 33 35 38 39 40 42 44 46 49 50 51 52 54 55 56 57 58 60 62 63 65 66 67 70 71 73 79 82 83 86 87 88 89 92 94 96 97 98 103 106 110 113 114 117 121 126 128 129 130 131 133 134 136 141 142 143 144 146 147 148 149 150 151 152 155 157 159 160 162 164 166 168 169 171 172 176 177
6 12 27 33 39 40 42 50 51 66 75 79 80 83 84 86 90 93 108 115 117 120 126 132 137 139 144 146 151 169 175 177
7 10 13 19 20 21 27 32 33 50 55 56 59 65 66 70 73 74 88 98 102 110 117 122 126 131 141 147 170 172 174
8 28 34 36 45 60 64 100 124 129 138 152 154 165 172
8 22 23 28 31 34 36 45 47 60 64 69 72 75 84 87 100 104 116 118 124 129 132 138 140 145 149 152 154 155 156 157 165 172
7 9 10 11 28 32 34 37 41 42 48 55 61 64 68 74 78 81 88 90 92 93 95 103 109 112 117 122 125 126 129 132 139 141 143 147 171 174
23 30 33 37 41 44 57 58 65 68 70 80 88 89 91 102 103 109 110 111 112 114 117 125 128 130 139 150 159 164 168 169 171 174 176 177
1 2 4 6 9 10 12 14 16 18 19 20 21 23 24 25 26 27 28 30 31 32 34 35 36 37 39 40 42 43 44 46 47 48 49 50 51 52 53 54 55 56 57 59 60 63 65 66 68 69 71 72 73 74 75 76 77 78 79 80 82 83 84 85 86 87 88 89 91 92 93 95 97 98 99 101 103 104 105 106 107 108 109 110 111 114 116 117 118 119 120 122 123 125 126 128 132 134 135 136 137 138 139 140 142 143 144 145 146 147 148 149 150 151 153 154 156 157 158 159 162 163 164 165 166 167 168 169 171 172 173
7 9 16 41 43 73 74 78 92 105 109 112 125 135 145 154
1 2 4 6 9 10 11 12 15 16 17 19 20 21 27 29 30 31 32 36 37 39 40 41 42 43 46 48 49 50 51 53 54 55 56 58 61 64 65 66 68 70 71 73 74 78 79 80 82 83 86 88 90 91 93 95 96 98 99 100 101 102 105 107 108 109 110 112 113 114 117 120 125 126 128 129 130 131 132 133 135 136 137 138 139 141 142 144 146 147 149 150 151 153 154 155 157 158 160 162 169 171 172 174
1 2 3 4 6 7 10 12 15 17 23 24 26 27 30 32 33 36 39 40 41 42 43 47 49 50 51 52 53 54 55 56 57 58 60 61 62 63 65 66 68 70 71 73 75 79 80 82 83 84 86 87 91 96 97 99 100 101 102 103 105 106 107 108 110 113 114 115 117 119 122 123 124 125 126 128 129 130 131 135 136 137 142 144 149 150 151 153 155 157 163 168 169 170 171 172 174 176
5 7 8 11 26 28 34 46 48 64 74 81 92 94 95 118 134 138 143 145 158 167 168
1 2 4 5 6 12 17 20 22 26 27 28 29 30 33 34 35 37 38 40 42 43 44 46 47 49 50 51 52 53 54 55 57 58 61 62 63 65 67 71 72 73 76 77 79 82 83 84 85 86 89 91 93 96 97 99 100 101 102 103 105 106 107 108 110 111 112 114 116 118 119 120 123 126 128 129 136 138 144 146 147 148 150 151 152 153 155 158 160 162 163 164 168 169 172 175
