5 8 13 14 16 18 25 26 41 45 49 56 59 61 68 69 72 75 77 85 91 94 96 104 107 108 110 115 116 121 122 124 127 132 137 145 154 158 161 167 170 173 174 176 177
1 4 6 7 11 12 13 17 20 27 30 33 37 39 40 41 42 47 49 50 53 54 57 59 61 62 65 67 71 79 81 82 83 84 86 88 89 90 93 96 99 102 103 104 107 109 112 114 120 121 126 128 129 131 133 134 136 143 144 146 147 150 152 153 157 160 162 164 168 169
1 6 21 23 26 30 33 37 42 43 48 50 53 54 55 61 62 63 66 67 73 78 86 88 90 95 98 101 103 110 112 113 114 119 121 123 124 128 129 130 131 141 146 147 149 153 157 158 164 168 172 176
1 2 3 7 9 10 11 13 14 15 16 17 19 20 21 22 23 24 28 30 32 33 34 35 36 37 38 39 40 41 42 43 44 45 46 47 48 49 50 52 53 54 55 57 58 59 60 61 62 63 64 65 67 70 71 73 74 76 77 78 80 81 84 86 87 88 89 90 91 92 93 94 95 97 98 100 101 102 103 104 105 106 109 110 111 112 113 114 116 117 118 119 121 123 125 127 128 130 131 133 134 136 138 139 140 141 142 143 144 145 146 147 148 149 150 152 154 155 156 157 158 159 160 161 162 163 165 166 167 168 169 172 173 174 176
1 4 6 8 10 12 13 15 16 23 26 27 30 32 33 34 35 36 37 39 40 41 42 46 47 49 50 51 54 55 56 57 60 63 65 66 68 69 70 71 72 73 75 76 77 79 82 83 84 85 86 88 89 91 93 96 98 99 100 101 102 103 107 108 110 112 113 114 115 116 117 118 119 120 125 126 127 128 132 136 137 138 139 140 141 143 144 146 150 151 153 156 157 158 160 161 162 163 165 167 168 169 171 172
1 2 4 6 10 12 15 20 23 24 26 30 31 33 37 38 39 40 42 46 47 49 50 51 52 54 57 59 60 61 63 65 66 68 71 73 76 79 80 82 83 84 86 88 89 91 92 93 98 99 102 103 104 106 107 108 110 111 112 113 115 116 118 119 120 123 126 127 128 131 133 136 137 138 141 143 144 149 150 151 152 153 155 156 157 158 159 160 163 167 169 174
2 5 16 17 20 24 25 26 28 30 33 34 35 36 37 39 42 46 47 49 50 52 53 55 56 57 60 62 63 64 65 70 71 72 73 76 83 84 86 87 89 93 95 97 98 100 101 103 106 113 114 123 128 129 131 138 140 142 143 144 146 147 156 157 158 159 162 163 164 165 168 169 172 173 175
1 4 7 8 9 10 13 18 19 26 39 40 41 50 51 54 55 56 59 66 68 70 73 80 82 83 84 87 91 92 96 99 105 107 108 113 115 120 124 126 128 139 170 171 172 176
1 2 4 5 6 8 9 10 11 12 15 16 18 19 20 21 22 23 24 25 27 29 30 31 32 33 36 37 38 39 40 42 43 44 46 47 48 50 51 52 53 54 55 57 58 59 60 61 62 65 66 67 71 72 73 74 75 77 78 79 80 81 82 83 84 85 86 87 88 89 90 93 95 96 97 98 99 101 102 103 105 106 107 108 109 110 111 112 113 114 115 117 120 121 122 123 124 125 126 128 129 130 131 133 135 136 137 138 139 140 141 144 146 147 149 150 151 152 153 156 157 158 160 162 163 165 167 168 169 171 172 174 176
1 4 5 6 7 8 9 10 11 13 16 17 18 19 20 21 22 25 26 27 28 31 32 33 36 37 38 39 40 41 42 43 45 48 49 50 52 53 55 56 57 59 60 61 62 63 65 66 67 69 70 71 72 73 76 77 78 79 82 83 84 85 86 87 89 90 91 92 94 95 96 97 99 101 105 106 107 108 110 111 112 113 115 117 119 120 121 122 123 124 125 127 128 129 131 132 133 134 136 138 139 140 142 145 146 147 148 149 150 152 153 154 155 156 158 159 160 161 162 164 167 168 169 170 171 173 174 176 177
2 3 16 22 29 53 58 113 121 129 130 147 152 155 168 177
2 3 8 9 15 21 23 26 29 31 36 44 53 59 61 63 66 69 72 73 75 84 85 93 94 97 102 111 113 116 120 124 125 127 132 134 140 145 149 154 157 158 161 166 170 175 176 177
5 8 9 11 15 18 19 25 26 29 31 32 36 41 45 56 62 70 72 74 75 78 81 84 92 94 102 104 111 112 118 119 124 126 127 130 132 133 134 148 149 154 165 168 170 172 174 176 177
1 4 6 15 17 23 24 27 29 34 35 39 40 49 50 51 53 54 60 62 64 65 67 71 79 80 82 83 84 86 88 91 93 96 97 99 100 103 106 107 108 113 115 119 120 121 123 126 128 129 131 136 137 140 142 144 146 150 151 152 153 158 160 162 165 168 169
1 4 11 17 20 23 24 27 34 37 39 42 49 51 54 59 63 64 65 68 73 78 79 82 86 87 88 97 99 103 107 108 109 110 113 114 115 116 119 120 128 135 136 138 141 144 146 150 153 157 165 168 169 171
1 6 9 20 51 55 71 82 83 95 124 135 139 141 147 151 153 168
1 4 6 12 15 23 32 33 35 38 39 40 44 46 47 49 50 51 54 56 57 62 65 71 76 77 79 83 86 93 96 97 99 103 106 108 114 121 123 128 134 142 144 146 148 150 153 156 157 158 159 164 166 169
2 5 8 16 22 23 25 28 29 31 35 36 38 44 45 64 67 69 72 76 77 85 97 100 111 114 116 118 119 124 127 129 134 138 140 145 148 156 161 164 165 166 167 173 175
3 7 9 11 13 14 16 18 21 22 23 25 31 36 41 45 47 48 62 69 74 78 81 85 90 92 94 95 104 109 112 117 118 124 125 133 134 139 140 145 152 154 155 161 165 172 173 175
8 9 17 22 23 25 29 31 35 38 45 46 47 53 54 58 60 64 75 77 81 85 93 97 102 108 116 118 120 129 134 135 138 145 148 152 154 156 161 164 165 166 175 177
2 15 16 17 19 22 23 25 29 35 37 38 39 42 44 45 46 47 50 52 53 55 57 58 60 61 62 65 67 71 73 79 83 84 85 87 88 89 93 94 98 100 103 104 106 110 111 112 117 120 121 123 127 128 129 130 133 134 136 146 147 149 152 154 155 156 161 162 165 167 168 172 173 174 176 177
2 22 24 25 27 29 31 33 38 47 53 56 57 61 63 69 85 87 91 93 94 116 118 119 121 123 129 133 134 140 145 148 149 152 156 161 162 163 165 167 172 173 175 176
3 15 29 59 85 94 107 122 129 170 174 176
3 7 8 25 28 36 38 41 45 52 72 75 76 77 81 85 94 104 105 118 119 124 143 145 148 154 155 156 159 161 165 168 170 172 173
3 7 9 11 13 18 19 21 22 29 32 36 41 48 55 56 58 66 74 75 78 80 81 85 90 92 94 95 105 109 112 116 118 122 124 125 137 139 141 145 147 154 165 170 171 172 176
1 2 3 4 5 6 8 10 12 13 14 15 16 17 18 22 23 25 26 27 28 29 31 32 34 35 36 38 39 40 44 45 46 47 49 50 51 52 53 55 56 57 58 59 60 61 62 63 66 67 69 70 71 72 75 76 77 79 81 82 83 84 85 87 91 93 94 96 97 99 100 103 104 105 106 107 108 111 113 114 115 116 118 119 120 121 123 124 126 127 129 130 132 133 134 135 136 137 138 140 142 143 144 148 149 150 151 152 153 154 155 156 157 158 159 160 161 163 164 165 166 167 168 169 170 172 173 175 176 177
3 5 7 9 10 11 13 14 16 18 21 26 27 28 31 32 33 34 41 56 59 68 70 74 75 78 85 90 94 105 110 116 117 118 122 124 125 132 145 154 170 172 173 174 176 177
17 22 23 24 33 35 40 46 47 52 53 56 60 61 64 69 72 85 91 97 98 104 111 116 118 120 121 122 123 125 128 129 134 138 140 143 148 156 158 160 161 163 170 175 177
5 8 30 31 35 66 81 118 133 142 156 166
3 16 19 22 29 31 34 36 38 45 47 52 53 57 60 61 62 63 69 75 77 81 84 90 93 94 95 100 111 116 119 120 121 129 132 133 134 137 143 145 148 154 156 161 165 175
1 6 7 10 11 12 18 21 22 27 31 33 38 41 45 49 50 51 52 54 55 56 57 65 66 68 71 77 78 80 83 86 88 92 94 95 96 101 103 105 106 107 108 110 117 121 123 126 128 141 144 146 147 150 151 153 155 161 162 163 164 167 169
5 11 14 22 23 25 26 28 30 31 35 37 38 42 44 45 52 53 57 60 61 62 63 64 65 67 72 85 89 95 97 100 104 111 119 121 124 130 133 140 145 148 161 162 166 168 170 175
2 25 77 85 97 115 134 142 163 177
1 4 6 10 12 20 27 28 33 39 40 42 46 50 51 53 54 55 56 57 65 66 71 73 76 79 82 83 84 86 88 89 91 96 98 99 103 106 107 108 110 113 114 115 117 120 122 126 128 131 135 136 137 138 141 144 146 147 149 150 151 153 157 159 162 164 169 171
2 5 8 22 25 31 35 45 64 67 69 85 94 116 127 133 145 152 156 163 164 165 172
5 17 19 23 25 29 36 38 40 44 45 52 53 58 59 61 63 64 65 69 70 72 77 90 93 97 100 104 111 113 114 116 119 127 131 140 152 155 158 161 164 166 167 174
5 7 9 10 11 13 14 18 19 20 21 26 28 31 45 48 50 59 74 78 88 90 94 96 102 107 109 110 115 117 121 122 124 125 126 130 137 141 145 146 148 149 164 169 170 172 176
17 22 23 24 25 29 31 34 35 36 38 45 47 52 53 58 60 61 62 65 76 89 93 97 111 118 119 123 129 130 134 140 142 148 155 162 163 165 166 167 168 172 173 175 177
1 4 6 8 15 20 24 26 32 33 39 40 41 42 52 54 56 57 65 67 79 82 86 92 94 95 96 97 98 100 106 107 113 118 126 127 141 144 148 150 157 160 162 163 166 169 170 172
1 10 24 71 96 107 115 126 128 136 146 150 151
4 33 34 43 51 54 63 65 68 69 70 73 77 81 88 97 103 111 113 114 116 118 128 129 140 142 158 162 163 168 177
5 7 9 11 13 14 18 19 21 28 34 41 48 59 64 74 75 78 90 92 109 118 122 125 135 139 143 145 158 173
4 10 21 39 81 93 104 107 128 146 150
3 5 8 9 11 13 14 18 19 21 31 34 41 48 55 59 64 69 73 74 75 78 85 90 92 94 105 109 118 122 124 125 132 133 135 143 148 164 166 170 171 176 177
1 2 5 6 10 11 12 13 15 17 18 19 20 21 26 27 28 30 31 32 34 36 37 38 42 43 44 45 46 48 49 50 51 54 56 58 60 61 62 63 64 65 71 72 73 75 79 80 81 82 83 84 86 88 89 90 92 93 95 96 99 100 102 103 107 108 109 110 113 115 116 119 122 126 127 128 129 132 133 137 138 140 142 143 146 147 148 150 155 158 163 164 165 168 169 170 171 176
8 15 23 26 29 31 34 35 36 44 51 66 69 73 75 76 87 94 98 108 111 113 115 116 118 119 123 124 125 127 137 140 142 148 149 151 154 156 158 159 163 166 170 171 173 175 176 177
8 10 15 17 23 24 28 30 39 46 50 55 66 69 73 76 78 80 88 98 101 111 112 113 114 115 117 119 124 125 131 132 138 139 140 142 146 149 158 159 160 163 165 166 169 171 172 176
7 9 21 41 42 48 64 68 70 74 90 95 105 109 139 154 170
1 2 4 6 10 12 15 17 24 27 29 30 33 34 36 38 39 40 42 44 46 47 49 50 51 52 53 54 56 60 61 62 64 65 67 70 71 72 75 77 79 81 82 83 84 86 87 88 89 91 93 95 96 97 98 99 100 101 103 104 106 107 108 110 111 113 114 115 116 119 120 121 126 128 131 133 134 136 137 138 140 141 142 143 144 146 148 149 150 151 152 153 155 156 157 158 159 162 163 164 165 166 167 168 169 172 174 175 176
1 5 8 16 25 31 38 43 66 73 75 104 107 113 124 127 130 134 137 142 149 153 158 159 163 176
