11 13 15 19 20 21 23 24 25 30 33 37 42 45 47 50 53 57 61 65 85 89 90 92 95 97 98 100 106 109 110 121 123 125 126 127 129 130 131 139 141 147 149 156 159 162 168 173 175
1 12 17 23 26 27 29 30 33 35 36 42 44 47 50 51 53 54 57 60 62 66 67 71 73 79 82 84 85 86 89 91 93 96 97 103 106 107 110 113 114 115 123 125 126 128 129 131 136 140 144 150 151 152 156 157 166 168 169 170 172 175
1 2 3 4 5 6 8 12 14 15 16 17 19 22 23 24 25 26 27 29 30 31 33 35 36 38 39 40 42 44 45 47 49 50 51 52 53 54 56 57 58 60 61 62 63 65 66 67 70 71 72 73 75 76 79 80 81 82 83 84 85 86 87 88 89 91 93 94 96 97 98 99 100 102 103 104 106 107 108 110 111 113 114 115 119 120 121 123 124 125 126 128 129 130 131 132 133 134 135 136 137 140 144 145 148 149 150 151 152 153 154 155 156 157 158 159 162 163 165 166 167 168 169 170 171 172 173 175 176 177
7 9 14 16 18 19 24 25 29 30 31 36 38 43 45 47 48 52 53 63 67 70 74 75 78 80 81 85 90 93 94 97 100 102 103 104 121 122 124 127 130 131 133 134 147 152 155 162 165 174
1 4 6 10 12 15 20 24 26 27 30 32 33 37 38 39 40 42 43 47 49 50 51 52 54 55 56 57 60 61 62 65 66 67 68 70 71 73 74 79 80 82 83 84 85 86 87 88 89 93 95 96 97 98 99 100 101 102 103 105 107 108 109 110 112 113 117 120 121 126 128 130 131 133 136 137 141 144 146 147 150 151 152 153 155 157 160 162 165 167 169 171 174
1 2 4 6 7 9 10 11 12 13 15 17 18 19 20 21 23 24 25 26 27 28 30 32 33 34 37 38 39 40 41 42 43 45 46 48 49 50 51 54 55 56 57 58 59 60 61 63 64 65 66 68 69 71 73 74 76 78 79 80 82 83 86 88 89 90 91 92 93 95 96 97 98 99 101 102 103 105 107 108 109 110 111 112 113 114 115 116 117 118 119 120 122 123 125 126 127 128 129 131 132 135 136 138 139 141 142 143 144 146 147 149 150 151 153 155 156 158 160 161 162 163 164 166 168 169 170 171 174 175
3 5 8 9 15 17 23 24 25 29 31 35 38 44 45 47 57 60 63 67 72 75 77 94 97 106 114 118 121 123 129 130 140 148 152 156 161 162 164 165 166 168 173 175 176 177
22 23 25 29 31 33 38 41 44 45 46 47 52 53 54 58 62 64 65 68 81 84 104 111 118 121 132 134 138 143 145 148 149 152 154 156 157 159 162 164 165 166 167 175 176 177
7 11 15 19 20 24 26 27 30 32 33 40 41 42 43 48 50 53 55 57 59 65 66 70 74 78 80 90 102 104 109 111 112 117 121 122 124 126 128 131 132 139 147 149 152 155 162 170 174
1 4 6 10 12 13 21 28 32 33 34 39 45 46 50 51 54 56 59 68 71 74 79 80 82 83 92 95 96 99 105 108 109 115 120 136 137 142 146 150 151 153 158 170
1 2 3 4 5 7 8 9 10 11 13 14 15 16 17 18 19 20 21 22 24 26 27 28 30 32 33 36 37 38 39 41 42 43 45 46 47 48 49 50 52 53 54 55 57 58 59 60 61 63 64 65 67 70 71 72 73 74 77 78 79 80 81 82 83 84 85 86 87 88 89 90 91 92 93 94 95 96 98 99 100 102 103 104 105 106 107 109 110 112 114 115 117 118 120 121 122 124 125 126 128 130 132 133 134 136 139 141 143 144 145 146 147 148 149 150 151 152 154 155 160 161 162 164 165 167 168 169 170 172 173 174 176 177
2 3 5 7 8 9 10 11 13 14 15 16 17 20 21 23 24 25 29 30 31 32 35 36 37 38 40 41 42 43 44 45 46 47 48 49 52 53 55 57 58 60 61 62 63 65 67 69 70 72 74 75 76 77 78 81 85 86 87 89 90 93 94 95 96 97 98 100 101 102 103 104 106 108 109 111 112 113 114 116 117 118 119 120 121 122 123 124 127 128 129 130 131 132 133 134 135 136 137 138 139 140 141 142 143 144 145 147 148 149 150 151 152 154 155 156 157 158 159 160 161 162 163 164 165 166 167 171 172 173 174 175 176 177
1 4 6 9 15 19 20 21 27 29 30 32 33 39 42 43 48 49 50 51 54 62 71 73 78 79 80 82 83 84 86 90 92 95 98 99 101 102 108 109 110 112 113 114 120 126 128 135 136 137 141 144 146 147 150 151 153 157 158 160 163 169 171
3 5 11 14 16 18 19 25 31 34 35 36 41 44 45 52 55 57 61 69 70 72 75 81 85 93 94 111 116 118 122 124 125 127 130 132 137 145 161 164 167 170 172 173 175 176 177
9 11 13 14 18 21 22 29 68 74 78 109 112 118 124 139 154 164 165 172
9 11 13 14 18 19 21 22 28 29 31 32 43 44 48 68 69 73 74 78 80 81 87 95 98 101 102 105 109 112 118 122 124 125 130 134 135 139 143 147 154 160 164 165 171 172
1 2 4 5 17 19 20 23 26 30 33 34 37 40 42 43 46 49 52 54 55 57 63 65 70 83 86 89 90 91 92 93 95 96 97 98 101 103 105 108 112 113 114 116 119 126 127 128 129 131 136 138 141 144 148 149 150 158 160 162 164 168 174
2 7 8 9 11 13 19 21 22 23 28 34 36 37 38 41 43 45 60 61 64 69 77 78 90 92 98 105 109 111 116 124 129 132 134 142 143 145 156 161 167 173 174 175
1 4 6 10 12 18 27 32 39 40 51 54 56 59 68 71 79 80 83 87 91 96 99 101 107 108 115 126 135 136 137 144 150 151 153 160 169 170 171
3 11 14 20 22 29 31 37 43 45 46 54 55 58 62 68 70 74 77 78 81 87 90 92 95 101 104 105 109 116 125 126 133 140 154 156 160 164 165 167 171 172
8 18 23 25 28 29 31 34 36 43 44 45 46 63 69 73 76 78 83 91 94 105 111 113 115 116 118 124 125 134 135 137 138 140 143 145 149 153 154 158 159 163 165 166 171 173 176
3 4 10 11 12 18 22 27 28 44 52 61 68 69 75 77 78 82 83 84 85 89 90 91 95 105 110 112 115 117 120 122 124 132 135 136 137 139 140 141 143 146 147 164 167 170 171
24 29 31 34 35 36 38 40 42 43 47 52 53 55 57 62 70 75 78 81 84 86 90 91 94 95 98 101 104 111 116 127 129 134 139 142 144 148 155 156 161 162 163 165 167 168 171
2 6 17 29 37 40 51 54 56 65 66 86 99 105 108 118 127 128 131 169
2 25 42 77 80 88 93 103 104 126 128 135 164 172
2 9 16 19 23 24 25 34 37 42 45 48 54 65 68 74 77 78 80 86 88 90 92 93 102 103 104 105 112 124 125 126 128 130 131 132 135 139 143 159 164 165 167 171 172 173 174
2 16 22 25 45 47 53 58 60 67 81 86 89 93 104 106 123 129 130 131 133 144 161 164 167 175
2 3 17 22 23 24 25 28 29 30 31 36 42 45 47 48 53 57 58 61 62 67 86 87 90 92 97 100 104 112 114 119 121 123 129 130 133 134 140 145 152 154 161 162 165 166 167 168 172 175
1 2 4 6 10 12 15 17 23 24 26 27 30 34 39 40 46 47 50 51 52 53 54 56 60 62 64 65 67 71 76 77 79 82 83 84 86 87 89 91 93 96 98 99 100 103 106 107 108 110 113 114 115 123 126 128 131 134 136 138 142 144 148 149 150 151 153 154 155 157 162 163 169
3 7 14 15 16 21 23 27 29 31 34 38 41 45 49 52 58 62 63 69 74 77 80 81 85 91 93 96 101 102 114 120 122 123 124 131 132 133 140 148 152 155 158 159 163 173 177
7 10 11 19 21 22 26 28 33 41 43 48 50 54 55 56 57 59 68 69 70 73 74 78 85 87 92 101 103 105 117 122 127 141 145 147 154 157 160 165 170 171 173 174 176
1 4 5 10 12 25 32 55 71 72 79 80 83 91 96 99 101 107 115 125 126 136 144 146 150 153 160
1 4 6 7 12 15 17 26 27 39 40 44 49 50 51 56 64 66 67 71 73 76 79 80 82 83 86 87 88 91 96 98 99 101 106 107 108 113 114 119 121 122 126 135 136 137 144 146 150 151 153 157 158 159 164 169 171
1 12 27 39 50 51 56 71 87 115 153 169
11 12 13 20 22 30 31 32 33 34 37 38 42 45 48 50 53 54 58 64 67 68 69 73 78 86 87 89 90 92 95 98 104 109 110 112 116 121 124 125 132 138 141 155 161 162 163 171 172
1 15 17 39 44 53 76 88 98 108 110 113 114 128 140 142 149 158 159 160 165 173
1 8 15 17 26 28 33 39 42 44 53 63 66 69 73 76 88 91 98 108 110 111 113 114 115 116 117 124 125 127 128 131 134 139 140 142 149 152 154 156 158 159 160 165 166 171 173 176
2 4 6 12 24 27 28 30 31 43 49 56 61 68 69 71 79 80 84 86 88 93 99 100 105 107 108 115 119 127 132 136 137 143 144 149 151 153 160 164 168 170
4 23 28 33 35 38 46 49 52 57 60 62 69 70 72 81 82 85 91 97 108 111 118 127 130 136 148 150 159 161 170 172 177
1 4 5 6 8 15 16 23 27 30 33 35 39 40 43 46 47 49 50 51 54 57 63 68 71 76 77 79 82 83 84 85 86 88 97 98 100 103 108 114 118 121 126 127 128 129 133 136 138 144 148 149 151 153 157 158 160 161 165 168 169 173
17 22 23 24 28 30 36 40 44 47 52 53 57 58 60 61 62 63 65 70 81 89 97 104 111 112 114 119 127 129 130 131 132 140 144 145 155 161 162 164 165 166 167 168 172 173 175
1 4 6 10 12 24 32 35 39 40 51 67 71 75 77 79 80 81 82 83 94 96 99 101 107 108 130 134 135 136 137 144 146 149 150 151 153 157 159
9 18 43 48 68 74 80 117 125 126 135
9 11 18 19 22 28 37 41 42 43 48 52 54 59 64 66 68 69 73 74 75 77 80 88 90 92 98 104 105 109 110 112 116 117 121 125 126 132 134 135 139 141 146 171 174 176
1 4 12 36 38 40 61 80 82 91 96 151 153
1 4 12 23 25 28 30 34 35 36 37 38 40 45 58 61 64 69 71 72 78 80 82 91 96 112 126 129 135 136 137 142 144 150 151 153 155 158 159 163
7 8 9 10 13 14 15 18 19 20 21 28 41 45 48 59 66 68 69 74 75 78 85 90 92 95 98 105 109 110 111 115 118 120 124 132 135 139 143 146 166 170 171 174 177
1 2 4 5 6 10 12 18 22 51 52 56 58 64 68 75 80 82 85 91 96 99 107 108 111 115 116 120 124 127 135 137 144 151 153 163 164 166 167 170
1 4 10 12 28 35 45 48 49 55 63 69 71 74 78 80 82 90 94 96 99 101 107 109 130 133 136 137 144 150 152 153 154 165
2 3 6 22 24 34 35 36 44 45 47 49 51 58 84 86 101 108 113 129 134 138 140 144 149 157 159 162 163 165 167 175
