3 7 8 9 11 14 18 19 21 29 31 32 36 41 43 48 55 61 70 74 78 80 90 92 94 95 102 105 109 112 121 124 125 129 130 132 133 134 135 139 141 145 154 160 164 174 175 176
1 2 3 4 5 6 8 10 12 13 14 15 16 17 18 22 23 25 26 27 28 29 31 32 34 35 36 38 39 40 44 45 46 47 49 50 51 52 55 56 57 58 59 60 61 62 63 64 66 67 69 70 71 72 73 75 76 77 79 80 81 82 83 84 85 86 87 91 93 94 96 97 99 100 104 106 107 108 111 113 114 115 116 118 120 122 123 124 125 126 129 130 132 133 134 135 136 137 138 140 142 144 145 146 148 149 150 151 153 154 155 156 157 158 159 161 163 164 165 166 167 170 171 172 173 175 176 177
2 8 25 29 35 38 60 111 148 156 165 167 173
5 8 9 11 13 14 16 18 21 22 25 31 36 38 41 45 58 59 69 70 72 73 74 75 77 78 87 90 92 94 109 124 127 129 130 132 134 145 161 164 170 172 173 176
3 7 8 9 13 14 16 17 19 21 22 25 29 31 36 38 41 53 57 58 59 61 62 70 74 81 94 104 113 121 124 130 131 133 134 145 148 152 154 155 170 173 174 175 176 177
7 8 14 15 17 22 28 35 36 45 47 55 56 57 63 64 68 73 77 78 81 84 87 94 95 101 105 109 111 116 117 118 119 122 124 125 127 129 141 143 145 146 147 152 160 166 170 173
4 6 9 10 12 13 18 26 27 32 50 51 56 59 66 68 71 78 79 83 84 91 96 99 107 108 110 115 120 122 132 135 136 137 139 144 146 150 151 153 169 170 171
1 2 4 6 15 26 27 35 39 44 46 49 50 54 56 60 63 67 71 76 77 79 83 84 86 96 97 99 103 106 108 114 119 120 126 128 136 137 138 142 144 149 151 153 160 169 173
1 3 4 6 8 10 11 12 13 15 17 18 19 21 26 27 29 33 38 39 44 46 47 49 50 51 53 54 56 65 68 69 71 73 75 79 80 82 83 84 85 86 88 91 92 96 98 99 100 101 103 105 107 108 110 113 114 115 117 122 126 128 136 137 138 141 144 146 147 148 150 151 153 158 160 166 169 170 171 177
3 5 7 9 10 11 13 14 16 18 19 21 23 25 29 31 35 45 48 72 74 78 81 85 94 95 102 104 109 112 122 123 124 125 129 130 131 139 145 154 155 156 161 164 165 166 171 174 177
2 17 35 38 57 58 60 61 63 67 97 114 119 129 140 159 163 167 168 172
7 9 10 11 12 13 20 21 25 28 34 37 42 45 46 48 50 56 64 68 69 73 74 76 88 90 92 95 98 101 105 109 110 112 115 116 117 122 138 139 141 142 143 146 147 158 160 170 174
5 8 14 15 25 28 31 34 35 45 46 53 58 59 63 64 73 76 90 92 95 98 104 111 116 118 129 132 138 142 143 145 148 152 156 157 158 159 163 166 167 173 175
1 2 3 8 9 12 16 17 19 36 43 45 47 58 61 62 63 70 80 81 82 84 85 91 93 94 96 99 100 104 107 111 119 124 127 129 132 133 135 136 144 156 161 162 165 167 172
3 5 8 13 14 16 23 25 28 34 35 45 52 59 61 69 72 75 77 85 94 104 116 118 120 124 127 129 132 137 142 143 145 148 154 156 158 167 170 172 173 175 177
1 2 4 7 8 10 11 12 14 15 19 20 26 30 33 37 42 43 46 49 52 54 63 66 67 68 69 71 72 74 76 77 78 79 82 83 85 87 88 89 90 91 92 96 98 99 101 102 103 105 106 110 111 112 113 114 116 117 120 121 123 125 128 132 136 138 139 141 146 149 150 152 153 157 158 160 161 163 168 169 172 173
1 3 6 16 28 36 69 77 80 85 91 94 107 111 124 127 137 145 151 173 176
3 4 6 22 24 26 27 30 33 49 50 51 57 59 68 71 73 79 83 86 93 98 101 103 106 107 108 113 128 130 135 136 137 144 150 151 154 160 168 169 170 176
9 23 24 28 30 34 37 41 42 43 45 46 48 55 57 64 66 68 69 70 74 90 92 95 105 112 113 115 116 117 120 125 131 133 138 139 140 142 158 159 162 166 172 174 175
7 8 9 11 15 20 21 24 25 30 35 37 42 43 48 53 54 56 65 89 90 92 95 98 103 105 109 112 119 121 127 129 131 134 139 140 141 143 147 152 156 159 160 162 174
1 4 8 16 25 39 40 49 51 55 56 71 80 82 86 88 89 91 96 99 102 103 107 108 110 112 124 126 128 130 131 134 135 136 137 144 150 153 154 159 160 170 173 175 176
8 14 20 21 31 36 42 43 46 48 53 56 69 73 78 88 91 94 101 109 110 111 113 115 117 122 123 124 125 126 129 131 135 140 147 149 151 154 158 159 160 165 166 171 172 173 176
3 5 7 9 18 27 29 31 38 41 45 47 63 67 70 74 75 77 78 84 94 96 101 102 109 112 118 121 129 130 132 133 139 148 155 159 162 164 165 167 172 176 177
2 4 5 9 12 18 27 28 31 34 35 44 51 59 60 68 69 73 75 80 85 88 93 99 107 108 110 115 120 123 136 137 140 142 151 154 158 159 160 165 167 175
2 5 17 22 23 25 29 36 38 44 58 60 61 63 67 72 75 81 85 87 93 94 97 100 104 106 114 119 123 127 129 130 134 140 149 152 155 156 157 164 166 168 172 173 176 177
1 4 40 51 71 79 82 106 107 108 121 126 136 144 150 151 153
2 9 11 14 16 18 31 45 55 57 67 68 70 81 90 94 104 105 130 152 154 172 177
1 6 9 11 13 15 19 20 21 24 26 27 30 32 33 36 37 39 40 41 42 43 46 48 49 50 52 54 56 59 62 65 73 76 77 79 81 82 84 86 88 89 90 91 92 94 95 96 97 98 100 101 102 103 104 105 108 109 110 112 113 114 115 117 119 121 123 125 127 128 131 132 133 138 139 141 147 154 158 162 163 165 169 171 174
3 7 8 9 11 13 14 18 20 21 25 32 41 43 48 55 59 68 69 74 75 77 78 92 94 101 105 109 116 118 122 124 125 135 139 143 148 154 159 160 163 170 173 176 177
2 4 6 15 19 29 31 39 40 44 51 52 53 55 61 64 65 75 84 90 93 98 99 107 108 118 120 121 132 136 137 140 143 144 149 150 151 152 153 162 164 166 169 176
2 5 8 16 22 23 25 28 35 42 45 47 48 63 64 69 75 76 84 87 93 100 104 111 118 122 123 129 133 134 135 140 143 145 148 152 156 161 164 165 166 167 172 173
1 4 6 10 12 27 32 33 37 38 49 50 51 52 54 55 56 57 62 63 64 65 70 71 79 80 82 83 84 89 91 93 96 99 100 101 103 107 108 110 112 120 122 123 126 128 129 136 137 139 141 150 151 153 157 174 175
3 7 8 9 14 16 19 21 25 28 31 38 45 61 69 70 72 78 81 90 92 97 102 104 111 116 118 121 124 125 130 132 133 142 145 149 152 154 161 164 165 166 167 175 176 177
3 7 10 14 18 19 21 23 24 25 28 30 31 32 33 37 43 48 54 56 66 68 74 78 80 88 91 92 95 101 105 109 112 116 117 129 130 135 142 143 146 147 148 162 164 166 171 174
1 30 40 42 54 66 77 81 110 137 147 155
3 8 72 75 81 130 134 145 168 177
3 5 8 9 16 19 25 30 35 36 38 44 45 47 58 59 61 67 69 70 72 75 77 81 90 93 94 95 104 106 109 112 118 121 129 130 133 134 145 149 155 165 168 170 174 177
3 7 8 11 15 16 17 19 25 29 31 35 38 41 45 55 57 63 65 69 70 72 74 77 81 85 94 97 102 104 112 121 123 127 129 132 133 152 154 155 162 165 172 173 177
2 5 8 14 17 22 23 28 33 35 36 47 49 58 60 64 67 75 76 77 85 89 92 98 100 106 109 116 118 119 129 130 134 138 142 143 148 156 157 159 161 164 166 167 173 175 176 177
2 3 28 29 36 47 53 61 100 104 114 119 121 134
4 9 12 14 15 24 27 28 40 41 49 58 64 66 70 73 74 78 81 84 86 90 98 101 102 105 109 112 122 125 129 131 133 134 137 139 141 150 152 159 160 164 171 173 174 176 177
3 9 13 14 41 69 72 78 109 112 139 141 149 174 176
7 9 19 32 37 81 102 104 105 118 125 133 139 154
1 3 16 19 20 21 26 39 40 44 50 53 57 62 63 66 67 71 81 84 88 91 93 97 100 103 106 108 113 121 123 133 146 149 150
3 31 45 68 69 105 124 132 158 172
3 9 10 11 14 19 21 25 26 28 31 45 48 59 63 66 68 69 72 73 75 78 81 91 92 104 105 111 115 116 117 122 124 125 132 133 139 145 149 152 154 158 163 170 171 172 174 176
2 3 5 16 45 57 61 66 68 77 90 104 110 129 156 172 174
7 22 23 24 30 32 33 34 37 40 42 44 47 52 59 60 66 68 77 80 81 84 88 89 92 102 103 109 112 114 116 121 126 128 135 139 140 141 156 159 160 162 164 168 171 175
1 4 6 40 71 80 82 83 85 96 111 136 137 150
9 11 19 24 30 37 40 41 42 43 48 55 56 61 65 74 78 80 81 86 89 92 95 102 105 109 112 117 123 125 126 128 131 132 135 139 141 143 144 150 160 162 169 171
