3 5 7 8 9 11 13 14 18 19 21 26 31 36 37 41 45 48 59 64 66 73 74 75 78 90 92 94 95 104 109 112 116 122 124 125 127 130 132 133 139 141 145 148 154 156 170 172 176 177
5 8 16 25 28 29 31 35 36 38 44 45 46 63 64 69 72 76 77 85 97 100 116 118 119 123 127 138 140 142 145 148 156 158 159 161 163 165 166 167 173 175
5 38 47 53 58 67 87 93 106 114 127 148 149 159 161 165
5 14 15 16 22 25 31 33 36 38 41 45 47 53 58 67 70 72 74 81 87 93 94 100 102 104 106 114 121 124 127 130 131 133 134 145 148 149 152 155 159 161 165 166 167 168 173 177
1 2 4 5 6 8 10 12 15 17 18 20 22 24 26 27 30 31 32 33 34 35 36 39 40 42 43 44 46 47 48 49 50 51 52 53 54 55 56 57 58 59 60 61 62 63 65 66 67 68 70 71 72 73 74 76 77 79 80 82 83 84 85 86 87 88 89 90 91 93 95 96 97 98 99 100 101 102 103 105 107 108 110 111 112 113 114 115 117 119 120 123 124 125 126 128 129 131 132 133 135 136 137 138 139 141 142 143 144 145 146 147 149 150 151 152 153 156 157 158 159 160 161 162 167 168 169 170 171 172
3 7 8 9 10 11 13 14 19 21 23 25 26 29 30 31 36 42 45 48 55 58 63 64 66 69 74 81 90 92 109 112 115 118 126 127 129 130 132 139 146 152 154 156 168 171 174 175 177
1 14 40 44 47 70 83 96 104 118 166
7 14 16 18 19 21 26 28 32 33 40 43 47 50 54 56 59 63 66 69 73 74 75 76 78 80 81 87 91 92 105 116 124 125 126 132 133 135 140 141 145 149 157 158 159 160 163 169 170 176
8 13 15 17 21 26 29 31 36 37 43 44 46 48 53 63 69 73 76 86 88 98 109 111 112 113 114 115 119 121 123 124 125 140 141 147 149 152 154 156 158 159 160 163 165 166 171 172 173 176
5 8 9 14 16 22 23 25 28 31 34 35 36 38 45 47 53 61 64 69 72 75 76 81 104 118 123 124 129 130 134 138 143 145 148 152 154 155 156 161 165 166 173 177
8 23 26 28 29 31 34 35 36 44 56 57 59 66 69 73 75 76 87 94 98 105 113 116 119 120 123 124 125 127 138 140 142 148 149 154 156 158 159 160 161 163 166 171 175 176 177
1 4 6 12 15 18 24 26 27 32 33 40 51 54 56 66 68 80 82 83 84 86 91 92 102 105 108 110 115 122 125 126 128 131 135 137 144 146 153 158 169 170 171
7 9 11 13 16 25 28 34 37 41 42 43 45 48 57 64 69 74 78 81 93 95 102 105 109 112 116 118 122 125 129 133 139 141 142 143 147 154 155 161 165 166 174
2 3 17 22 30 35 36 45 49 52 57 60 62 63 64 65 67 72 77 81 85 94 97 100 104 108 119 123 126 130 131 144 145 154 155 156 157 161 163 165 166 168 170 172 177
2 3 8 17 22 23 29 31 36 44 47 51 53 60 63 64 66 75 84 87 93 97 108 111 116 118 119 120 123 127 129 132 134 135 137 138 140 145 153 157 165 166 175 176 177
1 3 10 11 12 13 15 20 25 27 35 39 40 46 50 54 55 56 59 66 68 70 71 73 76 77 79 82 83 88 96 98 99 101 103 106 110 111 113 114 115 122 126 136 143 148 149 151 153 157 158 160 169 170 171
2 12 16 17 22 23 25 27 29 33 41 45 47 56 58 60 61 67 68 69 70 75 76 80 87 89 105 118 119 123 134 135 137 138 140 145 154 155 158 160 167 168 169 173 175 176
1 6 9 12 17 22 33 36 41 47 51 56 57 59 61 63 66 68 78 80 82 85 93 103 105 108 118 124 125 127 130 131 137 145 153 159 161 164 168 169 173 175
5 16 34 36 69 118 122 124 155 167 174
5 7 9 11 16 20 26 27 28 30 31 32 34 36 37 42 50 54 64 68 69 74 83 88 89 90 95 96 110 112 113 118 122 124 125 126 141 146 155 167 174
2 14 29 48 52 64 67 73 76 97 101 138 143 147 148 172 176
2 4 6 12 13 15 26 27 32 37 39 42 46 49 50 54 56 59 65 68 71 79 82 83 84 86 89 96 97 99 102 103 105 108 112 113 114 123 128 136 137 138 150 151 153 158 169
1 2 4 5 6 8 10 15 16 23 28 29 36 38 44 47 50 52 55 57 58 59 60 62 63 64 66 67 69 70 71 73 80 81 83 87 91 93 96 97 99 100 103 104 105 106 111 113 114 116 117 119 123 127 129 133 134 136 138 140 149 150 152 154 155 156 157 158 159 163 165 168 172 176
1 4 6 10 12 13 18 27 39 51 59 69 71 75 79 80 82 83 90 96 99 107 108 115 116 124 126 132 135 136 137 146 150 151 152 153 158 160 170 171 173
1 15 16 18 21 23 25 26 30 32 36 38 40 42 46 47 52 53 54 55 62 63 64 66 76 81 86 87 88 89 91 93 95 98 102 103 106 112 114 117 119 120 121 123 134 141 142 145 149 151 152 153 157 162 163 165 166 168 171 172
3 4 5 6 7 8 9 14 16 18 21 22 25 41 54 55 58 59 68 70 74 85 90 91 94 105 107 118 122 124 137 145 154 160 161 164 167 170 172 173 174 177
1 2 8 15 17 24 28 29 31 33 35 40 45 47 52 53 54 61 62 63 72 73 75 76 81 82 84 86 87 91 93 97 100 103 104 111 113 116 119 120 123 127 134 138 140 145 147 149 155 157 159 161 162 165 166 167 172 173 176
7 9 10 17 18 19 20 27 39 41 42 50 65 66 74 78 88 89 96 101 102 110 115 117 125 128 135 141 146 147 160 176
6 7 9 10 11 18 19 21 22 29 32 36 38 39 41 69 74 78 80 81 90 92 94 95 99 100 102 105 107 109 112 115 122 124 125 130 132 134 135 137 139 153 164 171 176
3 5 8 14 16 18 21 22 25 28 29 44 52 58 61 64 69 72 75 81 84 87 92 94 104 106 111 116 121 124 127 130 132 134 140 143 145 148 149 152 154 164 165 167 172 173 176 177
3 8 9 24 26 30 31 32 37 41 42 43 53 62 74 78 80 84 88 92 93 98 102 105 109 112 118 120 122 127 128 131 132 133 134 135 139 141 143 146 154 155 162 171 172 174 177
1 7 9 11 14 19 24 30 40 43 45 48 52 54 55 57 61 66 70 74 78 80 88 90 91 92 95 98 100 101 105 109 111 112 113 115 121 126 131 139 141 147 155 160 162 166 169 172
2 5 7 9 10 11 16 18 21 23 31 36 41 42 48 55 61 74 78 87 88 92 95 98 101 103 109 112 115 116 117 122 123 125 126 132 135 139 147 151 154 164 165 171 172 174
2 7 17 23 24 29 30 33 34 37 40 43 46 53 55 57 58 60 62 68 69 73 86 89 90 92 95 97 116 119 131 133 140 143 157 159 160 161 162 163 167 174 175
9 12 15 20 27 32 33 34 39 41 47 50 51 54 56 59 68 74 77 79 80 84 85 93 101 102 108 109 110 117 120 122 126 129 132 135 137 138 139 146 151 158 169 170 171
2 5 8 16 17 22 23 24 28 29 31 34 35 36 57 58 60 61 63 75 77 85 97 106 114 116 119 129 130 134 140 142 148 156 157 159 161 162 164 165 166 167 168 175
1 4 33 39 49 50 56 68 80 82 83 84 88 99 107 126 128 141 144 153
1 4 6 10 12 48 54 66 80 82 96 99 105 107 126 151 152 153 169 170 176
1 7 11 13 14 15 16 17 19 20 21 27 33 37 40 41 48 50 51 53 54 55 57 60 63 65 66 70 71 74 79 82 84 86 93 95 98 99 100 102 107 110 114 121 122 131 133 136 141 146 147 150 151 160 162 169 174
1 4 6 9 10 12 18 32 33 44 54 55 68 73 75 77 78 79 80 82 83 88 90 99 102 107 115 125 126 136 137 139 141 142 144 151 153 162 170 171
1 6 12 27 39 49 50 51 56 82 84 86 91 99 100 107 108 128 136 137 144 153 170
2 7 9 14 15 22 28 29 31 33 41 47 59 60 62 64 68 73 74 75 78 85 102 105 116 117 121 122 123 124 134 135 143 145 149 152 154 159 163 171 172 173 174 176 177
2 9 23 24 25 28 29 30 31 34 36 37 38 41 43 45 47 58 61 64 68 70 74 76 78 81 90 97 100 104 109 112 129 130 131 133 134 140 145 155 160 162 165 166 172 173
2 3 23 31 34 44 53 57 58 62 67 77 81 102 104 106 116 121 124 133 134 145 148 154 161 165 166 167 168 176
2 9 41 44 68 78 80 92 101 102 104 112 115 119 132 144 152 154 155 160 165
2 3 8 9 14 18 28 32 36 38 41 45 59 60 61 62 69 72 75 77 81 84 85 93 94 100 104 118 120 121 122 124 127 130 132 134 145 158 164 167 170 172 174 175 176 177
1 4 8 71 73 79 82 83 85 91 96 99 107 113 115 132 136 137 146 150 153 158
7 9 18 23 24 25 28 31 32 34 36 41 43 45 56 64 66 68 69 78 80 91 93 98 101 105 110 116 117 125 129 132 135 137 140 142 143 160 161 163 167 171 173 174 175
1 3 11 13 14 19 21 31 48 59 80 82 88 102 104 122 124 141 146 147 152 171
3 19 25 36 44 45 52 57 70 75 81 94 111 118 127 130 137 145 161 167 176 177
