2 5 15 17 22 24 30 34 36 38 45 52 58 61 62 63 64 67 72 81 84 86 93 94 98 100 104 113 118 120 123 130 131 134 140 145 152 159 161 162 165 167 173 174
2 9 11 12 23 24 30 48 58 66 78 81 87 100 101 109 112 129 131 135 136 139 147 154 157 172 175
2 16 17 34 35 46 59 64 73 75 94 104 116 127 130 134 161 163 165 172 175
1 4 6 10 12 38 39 46 71 79 80 82 83 96 99 106 107 108 123 136 137 142 144 146 150 151 153 160 163
1 2 4 6 7 10 11 12 15 17 18 20 23 24 26 27 30 32 35 37 38 39 40 42 43 46 47 48 49 50 53 54 55 56 58 62 65 66 67 68 71 73 74 79 80 81 82 83 86 88 89 91 95 96 97 99 101 102 103 104 105 106 107 108 109 110 111 112 113 114 117 119 121 123 125 126 128 131 133 136 137 139 141 142 143 144 146 147 148 149 150 151 152 153 157 159 160 162 163 164 165 168 169 171 172 174
5 8 14 15 16 23 25 31 44 57 64 67 69 75 81 82 85 87 98 111 129 132 134 137 145 149 154 156 159 161 164 167 173 175 177
17 25 29 31 36 44 46 53 63 69 73 76 93 111 113 114 115 116 123 124 138 140 142 143 149 152 154 156 158 159 163 165 166 171 172 176
9 11 28 31 48 78 109 125 139 143 164
3 14 17 61 62 64 67 75 100 118 121 127 133 139 140 142 155 157 158 164 167 172 173 177
7 16 18 24 25 30 38 42 44 45 58 67 70 80 81 82 87 90 91 94 100 104 113 119 128 129 130 149 152 162 167 172 173
1 4 51 79 80 82 83 90 99 107 144 150 153 160
2 3 4 5 6 8 9 12 15 20 21 22 24 25 26 29 35 36 39 40 41 43 44 45 46 47 49 50 51 52 53 55 56 57 58 59 61 62 63 65 66 70 73 75 76 77 79 80 82 84 85 87 94 96 97 99 102 103 104 107 108 111 113 114 118 120 121 122 123 124 125 126 127 132 133 134 136 137 138 145 149 150 151 152 153 154 155 159 160 165 168 170 172 174 176 177
1 27 32 33 41 44 55 69 70 71 73 80 101 135 174
4 40 51 68 83 86 108 128 131 139 144 153 171
4 6 9 17 18 23 40 51 54 58 60 65 67 68 81 83 86 89 99 100 102 108 111 114 119 126 128 129 131 139 140 144 153 165 169 171 172
1 4 5 6 7 9 12 18 27 32 33 43 51 56 72 78 79 80 82 87 88 90 92 102 105 108 109 122 132 135 137 143 151 153 169
3 4 6 10 12 13 18 21 32 39 46 51 59 71 74 79 81 83 94 96 99 101 102 104 107 115 118 125 136 137 144 145 146 150 151 153 154 155
22 25 36 38 45 52 90 93 118 139 142 148 152 163 164
9 21 24 33 74 94 104 135 139 174
2 22 28 30 40 45 51 58 63 65 86 89
8 13 14 18 31 59 111 124 154 176
3 7 18 21 24 25 28 41 48 55 58 66 72 73 74 78 80 81 88 92 94 95 98 101 109 117 122 124 125 128 129 130 131 135 143 146 154 162 171 177
16 22 25 28 29 34 38 45 58 60 61 69 111 129 140 145 155 157 161 167 173 175 177
19 48 55 98 112 118 141 158 172 175
3 16 18 23 25 31 34 51 56 57 59 66 68 69 77 81 82 85 94 97 104 111 116 121 122 124 133 134 137 152 154 156 159 170 175 176 177
7 9 29 33 37 95 102 109 134 139 141 162 174
7 9 11 18 20 23 29 32 33 37 41 42 45 48 55 78 80 81 85 95 101 102 105 109 112 122 125 129 130 134 135 139 141 147 160 162 174
2 3 8 24 35 53 57 61 62 65 70 100 104 111 119 140 142 145 154 155 157 161 162 165 166 167 172 173 175
3 9 13 18 25 31 48 75 85 90 104 135 139
3 5 7 9 13 14 16 18 22 25 31 45 48 58 72 75 81 85 90 94 104 118 122 130 133 134 135 139 145 148 161 167 175
7 10 11 13 19 20 26 32 39 41 42 50 54 73 105 113 115 117 122 141 147 160 169 171 176
4 10 12 14 18 32 41 68 105 122 135 171
1 9 12 15 16 19 21 27 29 31 41 48 54 59 65 66 68 80 83 88 104 105 118 123 126 129 133 141 149 150 159 164 166
24 41 42 43 92 101 105 109 111 112 116 139 160 162 171
1 6 12 15 26 39 50 51 56 59 68 71 84 88 108 114 126 131 132 136 137 146 150 151 157 160 169
3 16 20 21 22 28 31 44 58 66 70 77 78 81 90 116 124 125 130 134 145 152 154 164 167 172 175 176
12 15 25 33 39 43 56 64 66 74 80 82 108 113 124 125 131 132 135 137 142 153 166 169
1 4 6 10 14 18 26 27 32 40 51 55 68 69 71 73 78 79 80 82 83 84 88 99 107 108 110 115 125 126 136 137 144 146 150 151 153 169 170
3 5 7 9 11 14 16 21 22 23 25 31 36 38 41 45 55 58 69 70 74 78 80 81 87 92 94 102 104 109 111 116 124 125 127 130 132 134 139 145 154 155 161 164 165 177
8 11 13 19 21 58 59 69 90 118 132 141 145 161 174
1 4 6 12 40 44 47 51 79 82 83 84 86 101 103 107 108 113 115 144 151 152 153 166 169
5 26 29 75 85 124 127 165 166 176 177
16 35 44 52 75 76 100 119 138 140 156 172 173
24 36 38 45 52 55 63 64 65 70 74 76 81 90 111 117 118 123 132 138 140 142 143 156 160 161 164 167 174 175
5 22 24 28 29 30 31 33 36 37 42 45 48 52 54 58 61 64 65 67 81 89 97 100 102 104 105 112 116 119 129 131 140 142 145 155 161 162 163 165 166 172 174 175
3 13 20 21 59 85 92 110 117 141 147 170 176
3 7 9 11 13 18 20 21 37 43 48 58 59 64 68 74 81 85 90 92 101 104 105 109 110 112 117 141 147 154 161 170 176
7 9 10 19 21 31 32 41 45 54 59 74 78 81 94 95 102 104 117 131 132 133 141 146 147 154 174 177
1 4 6 12 26 30 33 34 39 40 42 46 49 50 51 54 55 56 64 65 71 76 79 82 83 86 87 88 93 95 96 98 99 107 108 110 115 120 126 128 131 132 135 136 137 138 144 149 150 151 153 157 169
7 8 9 11 13 14 18 19 20 21 25 28 31 32 35 41 59 61 69 72 73 74 75 77 78 81 90 94 105 109 111 121 122 124 125 127 132 133 141 156 161 172 176
