18 1806 2317 2535 5246 9416 9658 10985 11224 11564 11932 12254 14864
1949 2317 2535 5695 8769 9427 11940 13488 13694 14864 16959 17415 17624
919 976 1185 1498 2808 5234 5498 6283 8765 9248 11409 11502 13225 16146
961 1687 1845 2069 7045 9047 9054 10274 10940 12013 12200 12358 12387 12687 12892 12992 13273 14383 15218 17209
1228 1416 2310 2798 3039 3424 4546 7481 7647 8980 9500 10448 12200 12860 14547 15823 16233 17173
1603 1742 2205 2539 2751 3848 5624 8529 8673 9684 10419 10729 12283 12428 13241 15316 17238 17480 17491
48 862 912 1009 1195 1226 1307 2082 2453 2970 3071 3623 3704 3874 4033 4516 4533 4732 5310 5387 5477 6128 7014 7499 7864 7880 7957 8633 9323 9387 11016 12099 12209 12419 12868 13307 13342 13350 14069 14237 14399 14564 14782 14949 14950 15304 15436 16118 16272 17122 17194 17676 17738 17791
159 3745 9785 10076 10150 11236 11969 13331 13858 16498
3928 4098 5001 5373 5893 6609 7246 13993 14231 14993 16455 16708
854 1516 2131 2253 2440 3053 4132 4726 5855 6597 6804 7313 9047 10444 10449 10739 12204 12711 12796 13270 14428 14458 15877 16088 16530 17806 17893
159 1123 3256 3745 3995 5261 8754 9478 9785 10150 13331 13858 15356 16498
617 2008 2604 6610 7378 10547 12033 14273 14278 14985 15985
481 5084 5534 7185 9772 12841 14617 15601 17323 17716
155 3283 3823 5551 6557 8012 8800 10025 11070 11491 11787 13749 17136
3236 3777 4123 10429 11126 13961 16048 16059 16144 17472
811 1386 2673 6037 9091 9394 10477 10650 11098 14370 15513 16479 17313
1394 2119 3845 4407 4578 7133 7537 8647 10064 13278 13377 15669 15752 16150 17158
1411 2874 6152 6862 7325 8993 9234 11383 13293 16021
256 4381 4760 4969 5353 10971 11922 12194 14176 15980
303 602 942 1989 2751 3848 5624 7746 8673 9301 9684 13241 13947 14122 15184 15316 15401 16075 17238 17480 17794
7 2435 3854 5390 8977 9432 12757 13308 14905 16659 17033 17089
94 1046 1994 4308 4877 5868 6376 6647 6969 7740 11277 11351 12291 12571 13135 13984 15647 16119 16721
1461 2149 3270 3450 3579 4067 5226 8175 12235 12400 12526 12710 13120 15584 15881 16996
855 2648 5501 8020 8661 11619 12533 12783 12833 13229 16257 17512 17943
548 1267 2572 3805 4605 5079 5747 5791 6069 6197 6877 8210 8558 11543 11706 11741 12555 13459 17369
465 1070 5413 6054 7122 9431 9699 11043 11437 12636 14250
543 1095 2599 3093 3287 4550 6273 7889 8187 10578 13057 15495 17692
2360 3445 4198 4346 4500 4753 6528 9555 9773 11473 13524 14394 15368 16773
168 4381 5353 6951 10486 10971 12194 13523 14176 16893
225 1861 5436 5801 7711 8111 8486 12922 14469 14538 15156 15241 16270 17087
311 1763 1872 2504 5250 9729 10013 14191 15134 17000
387 737 1191 1346 2302 2362 3223 3295 4853 6345 6435 6772 6814 7056 7311 7597 8081 8916 9457 9603 10919 10998 11333 12277 12370 12672 13005 13124 15293 15542
1228 2837 3233 4017 4890 8460 9730 9868 10448 16769
1326 8128 8389 8422 8426 10374 10778 12202 12973 13105 14773
1856 3028 5539 7790 12929 13550 13635 15583 16242 17701 17950
1028 3568 6173 6369 8389 8422 8605 9696 10374 10439 11255 13105 13822 14660 14773 15473
2087 6034 7578 10157 12137 13085 13182 13860 14997 15265 15505 17434
570 3187 7616 9553 10300 10553 12210 12963 14184 14192 14626 16617 16688 16987 17895
213 257 785 1091 4424 4850 6818 7329 8117 8237 8747 8953 9373 9584 9738 10922 11214 11921 12333 13033 13948 15648 17125 17298
83 908 4572 7502 8339 8420 11336 11911 11916 13538 14365 17091 17839
1700 2948 4555 4643 6614 7210 8143 9263 9917 10366 11038 11548 13243 13683 13840 14939 14984 15169 15435 16338 17525
158 855 1004 1177 1942 1949 2147 2402 2722 3970 4703 4805 5189 5692 6903 8020 8450 8678 8741 8802 8898 9033 9884 11860 12677 12833 13175 14881 15755 16192 16257 16483 16484 17130 17547
9 291 718 739 1419 3106 4500 5840 6332 7593 7650 7960 8090 9233 9384 10322 11165 12358 13247 14321 15015 15341 16132 17886
11 2001 3067 3596 3609 4787 5159 6467 8069 17310
1835 3752 4047 5452 8687 9114 9409 9969 10309 12688
4285 4723 9516 9740 13243 13663 13770 13997 15517 16606 17752
4478 4621 5131 5433 9168 9730 11202 12039 12163 12235 13861 15162
810 1252 1482 1515 1537 1905 2342 2815 2856 3195 3515 4435 4694 4969 5595 6583 6909 7095 7300 7663 8426 10658 11479 12552 12593 13885 13986 14736 14769 15128 15475 15568 15584 16376 16696 16892 17112 17465
2086 2492 2797 3070 4358 6358 7326 7943 8263 9574 12274 14062 14871 16237 16238 16843
1638 2310 3424 4546 5323 6527 11303 12329 12472 14547 15823
