1602 2649 4527 6654 7322 7379 10632 10691 14570 14787 15730
2427 3266 3676 8147 8727 10452 11124 11789 14487 16370 17139
2674 3798 5485 6089 6390 7568 8070 9230 9892 10214 11254 11522 11550 13101 13857 14561 14863 14915 16104 16340 16700
1228 2246 2330 3057 3466 3806 4501 4704 5095 5514 5963 6808 6871 8434 10542 11031 11503 11667 12761 13028 13061 13238 14079 15329 16234 17263 17836 17935
5952 6171 7042 7784 8293 9372 9941 13624 14127 17840
2223 3248 4534 4843 6789 10467 10871 11277 11549 14166 15698 16032 17282
1732 2204 2316 3156 4026 4272 4637 5202 5209 5220 5753 5908 6068 7176 7721 8312 9184 10421 10965 11881 12712 13639 14254 16871
9 605 836 2656 3860 4204 5121 6627 7138 8052 9990 10331 10414 10559 11787 12374 12435 16749 17520
140 893 2223 2965 4191 4308 6007 8174 9028 10063 12619 14166 14272 16032 17316
662 1006 1564 2130 3217 13570 14882 14914 14970 15422 15921
75 481 5409 5534 6942 7174 11233 12145 12841 14617 15601 17323 17716
236 1252 1253 1438 1476 1490 1574 1970 2012 2179 2349 2469 2685 2695 2928 2956 3672 3845 3908 4270 4385 4514 4560 4578 4604 4680 5036 5163 5740 6023 6083 6169 6491 6632 7531 7670 7712 7716 8089 8530 8610 8618 8647 8705 8712 8731 8886 8984 9375 9733 9844 10064 10179 10645 10736 10792 10853 10931 11485 12092 12247 13206 13278 13304 13714 13732 14745 14908 15103 15128 15174 15669 15752 15861 16150 16561 16770 16806 17158 17332 17362 17534 17911
1351 1612 2023 2927 3392 7401 9318 10491 10653 12068 12173 12423 14826 14838 15112 17475
1949 2317 2535 5695 8769 9427 11940 13488 13694 14864 16959 17415 17624
1806 2317 2535 5246 8769 9416 9658 11868 11932 12254 12926 13488 15412 17624
1145 1709 1768 1819 1822 3450 6599 8044 13256 13327
393 862 1195 1226 1266 1307 2714 2970 3071 3591 3704 4516 4535 5073 5387 5477 5483 5513 6111 6128 7014 7492 7499 7739 7880 7957 8587 8633 9323 9324 12209 12419 12868 13307 13350 13957 14237 14782 14950 15304 15436 16118 16272 16594 16945 17031 17194 17682 17791
1647 3224 3996 4183 4861 6141 7454 7938 8502 10157 11241 12069 13835 15224 15598 15644 15804
230 544 1134 1145 1461 1739 1819 1822 2149 2441 3270 3450 3479 3579 3683 3971 4067 4547 5226 5385 5738 6917 8175 8470 9474 9522 9544 10095 12093 12235 12400 12526 12710 13120 13327 14035 14608 14822 15584 15726 15881 15918 16996 17057 17681
2068 6590 8024 8316 9133 12748 15415 16507 17226 17974
1419 2489 4472 5346 7884 7966 8243 9690 10322 10607 10933 12635 13247 13589 14481 16431 17487
48 393 862 1009 1195 1266 1307 2453 3436 3591 3623 4456 4533 4945 5073 5310 7014 7880 7957 8115 8633 9323 9387 9494 11290 12419 12868 13291 13350 13957 14237 14564 14950 15436 16118 16594 16945 17676 17682 17738
1905 1923 2027 2125 3089 3307 4958 5735 7879 8753 9075 9510 10058 10833 12281 14640 17795
418 1606 1817 9452 10401 11310 12017 12246 14434 15253 17079
1356 2031 2502 3489 7005 8583 8991 12389 12474 13792 15149 17718 17883
75 481 844 5084 5534 6942 7174 7185 8876 11800 12145 14617 16451 17323
11 1026 1255 1445 3596 5159 6421 6467 7277 8069 8096 8971 10478 11213 11872 13069 14471 16269
159 1123 2458 3256 3745 3995 5261 6956 8754 9785 10150 11236 11969 13331 13408 13762 14519
165 3187 3855 3966 5271 7375 7693 7852 8477 12917 13848
11 1031 2001 3067 3137 3596 3609 4787 5159 6450 6467 7277 8069 8096 9874 11872 15511 16041 17310
225 1777 1861 2456 4109 5436 5801 7711 8108 8111 8486 11976 12922 13088 14469 14538 15156 15241 16004 16270 16813 17087
716 1515 4642 5236 5552 6148 6623 6799 6846 8624 8930 13426 13473 14311 14328 15276 15482 15692
942 1027 1327 1742 2205 2539 3599 3848 4658 5624 8529 9444 10419 11721 12428 13717 13947 15084 15458 15490 16075 16948 17794
387 737 1191 1346 2164 2302 2362 2688 3223 3295 4418 4853 4905 6345 6435 6772 6814 7056 7311 7597 8081 8364 8916 9457 9603 10919 10998 11322 11333 12277 12370 12451 12672 13005 13124 15293 15542 16202
1298 1332 1456 2036 2160 2829 3331 3413 6436 7623 7682 7849 9633 11488 15346 15779 17359 17527 17954
690 1005 1203 3986 4153 5557 6556 9467 12304 12429 12633 16687 16994 17412
1812 2529 2748 3114 5228 6294 7205 7837 8815 9302 9382 9996 11481 13271 14892 17879
1059 1310 3341 3771 4162 4352 4590 4593 4980 5264 5934 7283 7418 7973 8043 8595 9201 9296 9347 9855 9948 10317 11287 11365 12289 13974 15824 15984 16228 16329 16875 17338 17909 17966
348 1637 2488 4240 5796 10231 11188 12296 13339 13470 13497 15206
1377 1706 4146 5374 6204 7484 9894 10735 11360 11509 11745 14734 14779 15675 17043 17277
351 2165 3427 3717 7789 8625 9687 13660 15666 16161 17746
590 6098 6375 7033 9244 10408 11187 11454 11722 12378 12866 13624 14131 16627
617 2008 2604 6610 7378 10547 12033 14273 14278 14985 15985
2265 2861 3101 3773 3882 4084 8758 8899 9156 9239 9802 15066 17614
2527 3091 4297 4852 6049 12273 14109 14341 15740 17006 17208
1340 3161 3194 3922 4151 5467 5704 7830 7883 8306 9991 10145 12154 14436 14799 14932 14992 15605 16669 16740
1875 4355 5253 5917 7970 8824 9828 12243 12365 15111 15478 15856 16342 16829 17544
447 2121 3019 3290 3873 5119 5284 5681 6078 12771 13511 15363
1871 2425 2538 3261 3915 5000 5473 7465 8311 9872 10564 11152 11380 11640 13536 13689 14283 15115 15534 15610
3386 4118 4297 4852 6049 6927 7262 8184 8784 11140 11582 12273 13185 13439 14109 14341 14812 15740 17208
