=== Parameters ===
QualitiesFiles : datasets/polluted_synthetic/qualities_train.csv
PropertiesFiles : datasets/polluted_synthetic/properties_train.csv
attrType : NOMINAL
resFolder : pollutedSynthetic_jaccardSupportDescriptionTarget_0.8_10000_WRAcc
minSupp : 10
nbLoops : 10000
maxOutput : 50
maxRedundancy : 0.8
maxLength : 5
measure : WRAcc
UCB : UCBSP
refineExpand : TunedGenerator
duplicatesExpand : AMAF
pathLength : -1
refineRollOut : Large
jumpingLarge : 10
rewardPolicy : MaxPath
memoryPolicy : TopK
topKMemory : 1
updatePolicy : Max

=== Result Information ===
date : 21/10/2025 09:28
runtime(ms) : 3752
nbPatterns : 50
measures : 0.00 0.00 0.00 0.00 0.00 0.00 0.00 0.00 0.00 0.00 0.00 0.00 0.00 0.00 0.00 0.00 0.00 0.00 0.00 0.00 0.00 0.00 0.00 0.00 0.00 0.00 0.00 0.00 0.00 0.00 0.00 0.00 0.00 0.00 0.00 0.00 0.00 0.00 0.00 0.00 0.00 0.00 0.00 0.00 0.00 0.00 0.00 0.00 0.00 0.00
descriptionLength : 1 2 1 1 4 1 2 1 1 1 1 1 1 1 1 1 1 1 1 3 1 1 1 1 4 1 3 1 1 1 4 1 1 1 1 4 1 1 1 1 1 1 2 1 2 1 2 1 1 1