#iterations	mean Measure
1	0.0
501	-0.0029517325067085283
1001	-0.0032123603282826216
1501	-0.0032407876307886307
2001	-0.0026802266703090136
2501	-0.0022197699256039085
3001	-0.0019030988911924887
3001	-0.0019030988911924887
3501	-0.0016945054623598958
4001	-0.0015437380792984567
4501	-0.001425053050485182
5001	-0.0013293902700266334
5501	-0.00124855741341253
6001	-0.0011817515168614638
6501	-0.0011308931950467416
6501	-0.0011308931950467416
7001	-0.0010866584376466877
7501	-0.0010486911658165125
8001	-0.001010007988001291
8501	-9.808315869036784E-4
9001	-9.538337214009606E-4
9501	-9.310682699147979E-4
10001	-9.09800142770678E-4
10501	-8.897550973338249E-4
11001	-8.737458853189271E-4
11001	-8.737458853189271E-4
11501	-8.577232979898737E-4
11501	-8.577232979898737E-4
12001	-8.447049645653459E-4
12501	-8.317349850557024E-4
13001	-8.20456921865894E-4
13501	-8.068533783050162E-4
14001	-7.985939065125893E-4
14501	-7.914443757170703E-4
15001	-7.844165393258063E-4
15001	-7.844165393258063E-4
15001	-7.844165393258063E-4
15501	-7.769428724739593E-4
16001	-7.699950720137394E-4
16501	-7.619141862748952E-4
17001	-7.560750396626652E-4
17501	-7.499757003911094E-4
17501	-7.499757003911094E-4
18001	-7.440673961134248E-4
18501	-7.38828382539082E-4
19001	-7.332979719225665E-4
19501	-7.295893121366411E-4
20001	-7.240534151565073E-4
20501	-7.204201263094511E-4
20501	-7.204201263094511E-4
21001	-7.166047697317864E-4
21501	-7.127379751186932E-4
21501	-7.127379751186932E-4
21501	-7.127379751186932E-4
22001	-7.100670213585178E-4
22501	-7.064771889455924E-4
22501	-7.064771889455924E-4
22501	-7.064771889455924E-4
23001	-7.043965823753061E-4
23501	-7.011554892082669E-4
24001	-6.981560857884998E-4
24001	-6.981560857884998E-4
24501	-6.959752450434906E-4
25001	-6.925937878345092E-4
25501	-6.906074136155279E-4
25501	-6.906074136155279E-4
26001	-6.879255890325849E-4
26001	-6.879255890325849E-4
26501	-6.854267850705308E-4
26501	-6.854267850705308E-4
27001	-6.819229916760961E-4
27501	-6.820623463498009E-4
28001	-6.795970343293615E-4
28501	-6.78219674997719E-4
28501	-6.78219674997719E-4
29001	-6.769648925663682E-4
29501	-6.762921280760541E-4
30001	-6.7454682482555E-4
30501	-6.728336952179633E-4
31001	-6.72146966930137E-4
31501	-6.709459828001509E-4
32001	-6.710700840324623E-4
32501	-6.694401059601345E-4
33001	-6.687950283048279E-4
33501	-6.672702253250281E-4
34001	-6.663135679682457E-4
34001	-6.663135679682457E-4
34001	-6.663135679682457E-4
34501	-6.663097976966338E-4
35001	-6.656692869600059E-4
35501	-6.657698068019539E-4
36001	-6.65387807165706E-4
36001	-6.65387807165706E-4
36501	-6.644222896098852E-4
37001	-6.62669337350733E-4
37501	-6.616589923569042E-4
38001	-6.612632372650141E-4
38501	-6.603409154829335E-4
39001	-6.602320561860284E-4
39501	-6.601569049393364E-4
40001	-6.606470488968938E-4
40001	-6.606470488968938E-4
40001	-6.606470488968938E-4
40501	-6.605706493789282E-4
41001	-6.609422057327407E-4
41501	-6.60827097295442E-4
41501	-6.60827097295442E-4
42001	-6.610813603257629E-4
42501	-6.602413054251955E-4
43001	-6.591739540506435E-4
43501	-6.592741712709211E-4
44001	-6.582418317387665E-4
44001	-6.582418317387665E-4
44501	-6.579675114314323E-4
45001	-6.576334775957465E-4
45001	-6.576334775957465E-4
45501	-6.569277487273831E-4
46001	-6.565696428024351E-4
46501	-6.557610188759952E-4
47001	-6.553846703861269E-4
47001	-6.553846703861269E-4
47001	-6.553846703861269E-4
47001	-6.553846703861269E-4
47501	-6.547817298068589E-4
48001	-6.54211395848606E-4
48001	-6.54211395848606E-4
48501	-6.533210805697375E-4
49001	-6.530753834979594E-4
49501	-6.529688189927994E-4
50001	-6.525733587756546E-4
50501	-6.526617233078896E-4
51001	-6.527408714867385E-4
51001	-6.527408714867385E-4
51501	-6.528219029924104E-4
51501	-6.528219029924104E-4
51501	-6.528219029924104E-4
51501	-6.528219029924104E-4
51501	-6.528219029924104E-4
51501	-6.528219029924104E-4
51501	-6.528219029924104E-4
51501	-6.528219029924104E-4
52001	-6.517628984168734E-4
52501	-6.512145035518822E-4
53001	-6.514416656573621E-4
53001	-6.514416656573621E-4
53501	-6.508149065083955E-4
54001	-6.499441333428572E-4
54001	-6.499441333428572E-4
54501	-6.492840709549666E-4
54501	-6.492840709549666E-4
55001	-6.49613486234682E-4
55501	-6.491889379241067E-4
56001	-6.487152485332297E-4
56501	-6.483221279424984E-4
57001	-6.479898268390188E-4
57501	-6.481290197290066E-4
58001	-6.475558310076806E-4
58001	-6.475558310076806E-4
58001	-6.475558310076806E-4
58001	-6.475558310076806E-4
58001	-6.475558310076806E-4
58001	-6.475558310076806E-4
58001	-6.475558310076806E-4
58501	-6.47144147726786E-4
59001	-6.468668869649902E-4
59501	-6.466329062753567E-4
60001	-6.464419292278653E-4
60501	-6.459805667751939E-4
61001	-6.456665497057867E-4
61501	-6.45055010562294E-4
62001	-6.453131802688446E-4
62501	-6.447021200666252E-4
63001	-6.439946600928015E-4
63001	-6.439946600928015E-4
63001	-6.439946600928015E-4
63501	-6.434031549858204E-4
64001	-6.432969026008418E-4
64501	-6.429451359540751E-4
65001	-6.427441063774595E-4
65501	-6.423388787811028E-4
66001	-6.421157925645108E-4
66001	-6.421157925645108E-4
66501	-6.418068258897899E-4
67001	-6.41707617731299E-4
67001	-6.41707617731299E-4
67501	-6.414380144268485E-4
67501	-6.414380144268485E-4
68001	-6.413607728019703E-4
68501	-6.412507238163916E-4
69001	-6.410598661814442E-4
69501	-6.410008895628131E-4
70001	-6.409581457480781E-4
70501	-6.40427080042469E-4
71001	-6.398759807095302E-4
71001	-6.398759807095302E-4
71501	-6.398799519840599E-4
72001	-6.395161175107635E-4
72001	-6.395161175107635E-4
72001	-6.395161175107635E-4
72501	-6.39344387672424E-4
73001	-6.388448881846769E-4
73001	-6.388448881846769E-4
73001	-6.388448881846769E-4
73001	-6.388448881846769E-4
73001	-6.388448881846769E-4
73501	-6.386073847219633E-4
73501	-6.386073847219633E-4
73501	-6.386073847219633E-4
73501	-6.386073847219633E-4
73501	-6.386073847219633E-4
73501	-6.386073847219633E-4
73501	-6.386073847219633E-4
73501	-6.386073847219633E-4
74001	-6.382628669864749E-4
74501	-6.381704633932518E-4
75001	-6.378278902616518E-4
75501	-6.380068764375838E-4
75501	-6.380068764375838E-4
76001	-6.37663151694816E-4
76501	-6.373215557800168E-4
77001	-6.371563190175302E-4
77001	-6.371563190175302E-4
77001	-6.371563190175302E-4
77501	-6.369111802949234E-4
78001	-6.367270773863096E-4
78001	-6.367270773863096E-4
78501	-6.365827322206184E-4
79001	-6.366064583818343E-4
79001	-6.366064583818343E-4
79501	-6.363388581830234E-4
80001	-6.365822379182461E-4
80501	-6.36265743120099E-4
81001	-6.361194006014936E-4
81501	-6.362626049210578E-4
82001	-6.359025173230884E-4
82001	-6.359025173230884E-4
82501	-6.360740365369389E-4
83001	-6.361681067911602E-4
83001	-6.361681067911602E-4
83501	-6.359782035482279E-4
84001	-6.357847614849704E-4
84501	-6.354375479941698E-4
84501	-6.354375479941698E-4
85001	-6.353203743139171E-4
85001	-6.353203743139171E-4
85001	-6.353203743139171E-4
85001	-6.353203743139171E-4
85001	-6.353203743139171E-4
85001	-6.353203743139171E-4
85501	-6.351209998885672E-4
86001	-6.34856907115656E-4
86001	-6.34856907115656E-4
86001	-6.34856907115656E-4
86001	-6.34856907115656E-4
86501	-6.348512975184789E-4
87001	-6.353058232163488E-4
87501	-6.352223265588173E-4
88001	-6.347956659161344E-4
88501	-6.348183121525557E-4
89001	-6.347257152099452E-4
89001	-6.347257152099452E-4
89501	-6.349066660934301E-4
89501	-6.349066660934301E-4
90001	-6.349239039020201E-4
90501	-6.346492555932961E-4
91001	-6.345815633755174E-4
91001	-6.345815633755174E-4
91501	-6.348642665665635E-4
92001	-6.347027393255566E-4
92001	-6.347027393255566E-4
92501	-6.347017947981476E-4
93001	-6.34351703974698E-4
93501	-6.344615785890883E-4
94001	-6.340823906379765E-4
94501	-6.340180081459933E-4
94501	-6.340180081459933E-4
94501	-6.340180081459933E-4
95001	-6.337673879251189E-4
95001	-6.337673879251189E-4
95001	-6.337673879251189E-4
95001	-6.337673879251189E-4
95501	-6.339205661202883E-4
95501	-6.339205661202883E-4
96001	-6.336367630318802E-4
96501	-6.339630101811918E-4
97001	-6.337519983763918E-4
97501	-6.339420579961601E-4
97501	-6.339420579961601E-4
97501	-6.339420579961601E-4
98001	-6.338601478110484E-4
98001	-6.338601478110484E-4
98501	-6.336498246817462E-4
99001	-6.336172742480417E-4
99501	-6.33407856885373E-4
99501	-6.33407856885373E-4
99501	-6.33407856885373E-4
