1227 2190 2506 4757 5208 5832 7769 8009 8940 13646 14622 16108 16978
1905 1923 2027 2125 3089 3307 4958 5735 7879 8753 9075 9510 10058 10833 12281 14640 17795
1255 1445 2690 3067 3137 3596 4787 5159 5594 6421 6450 7277 8069 13069 16269 17310
2185 2526 4921 5018 6135 6194 6687 8697 10153 10997 11180 12230 13118 13167 13397 13464 13844 14612 14996 15506 16605
83 392 4398 7249 11462 15377 16175 17374 17762 17842
934 1548 1778 3859 5674 7203 7528 7738 7755 7804 9647 9824 13764
2496 4740 5336 6477 10305 12668 13559 14776 14778 15767
2240 4080 4835 5001 5373 6609 7246 12101 13993 15475 16331 16455
746 798 2149 3270 4498 5047 14690 15503 17513 17745
3375 3728 6032 6279 6468 10141 12261 14029 14086 16567 17053 17490 17626
168 1970 3528 3848 4423 4614 4842 5530 5921 6836 7698 8227 8587 8639 9304 9796 11244 11805 12845 13923 15148 15647 15912 16516 16659 17843
749 1561 3593 5470 10199 11025 14865 15719 15952 16317
587 2986 4229 4872 5390 7897 8241 8602 9385 10082 11256 11403 11544 12670 14710 14857 15310 16087 16687 17900
453 537 1426 1693 1959 2380 2581 2747 3174 3897 5508 8061 8393 10005 10540 14872
1059 1310 3341 4590 5264 7283 9201 9948 11365 17338 17909
1860 2372 2686 4339 4719 5706 8048 8532 11474 11656
159 3256 3745 3995 5261 9785 10150 11236 11969 13331
1403 2419 3499 3619 5057 5506 6614 7960 8077 8689 11423 12068 13255 13639 14607 14984 17391 17829
1479 1562 1732 2204 3156 4272 4348 4637 5108 5209 5220 5753 7176 7733 8107 8312 10929 10965 11197 12585 12712 13639 15847 16871
486 612 2135 3232 3848 5603 5833 7264 8513 10548 10840 11587 11673 11981 12230 12442 13408 13991 15470 17108
363 1994 2315 2807 2837 11215 14401 15070 15912 15949 17724
256 4381 4760 5353 6951 10486 10971 13341 13523 14176 17504
248 303 1603 2539 8326 9301 13947 16948 17238 17480
701 2190 3729 4086 6267 6965 8123 9287 12067 13212 13586
1638 2310 3424 4546 5323 6527 11303 12472 14547 15823
1994 2837 5608 7728 7954 8100 9783 10835 13036 13796 15647 15912 15949 16504 17843
807 867 5134 6513 7382 9001 9485 10068 10503 11529 11725 12673 12979 14196 14295 15287 17154 17402 17631
1407 6070 6895 8821 12936 13048 13486 13936 14831 14951 16008 16559 17120
2100 4760 6130 10971 12194 13523 14176 16462 16893 17504
942 1989 5624 8673 9444 10419 10729 13241 13717 15184 15401 15458 16075 17794
176 511 527 2843 3687 4926 5446 5512 6237 9268 10831 13006 16678
4272 5108 5218 5220 6068 7733 9184 10421 11675 11881
3785 4217 4730 7656 12242 12440 13106 13425 13610 15247 17311
300 663 1491 2090 2945 3020 4255 4943 5134 6464 7270 7405 7622 7779 10469 10587 10963 11064 11529 11725 12226 12348 12803 13697 14295 14491 14584 14665 14744 15130 15287 15578 15663 15956 16130 16585 17154 17402
2449 3004 3169 3582 3797 5357 6018 10674 11669 12675 13442 13751 14650 14807 15564 16827 16925 17771
680 4889 10864 10918 12731 13804 14145 14644 15471 16733 16967
1028 1326 3568 4607 6173 10439 10778 11255 11313 14773 15473
1584 3265 4642 4874 5013 5288 6318 6399 6657 8136 10014 10209 10583 16914
548 1267 5791 6069 6197 6877 8210 8558 11741 12555 17369
173 520 640 875 1100 1262 1378 1379 1389 1531 1791 2032 2805 2806 3165 3242 4211 4221 5010 5524 5962 6179 6398 6462 6512 6566 6792 7035 7252 7415 7798 8969 9087 9337 9779 9982 10594 10722 11019 11636 11743 11769 13086 13104 13163 13164 13242 13755 13841 14024 14410 14688 15522 15815 16121 16359 17370 17397 17577
1647 6546 6911 9172 13327 13435 13530 14882 17391 17514
854 2440 6597 7799 10444 10739 12204 12711 14428 15877 16550
3653 3716 6081 7832 8274 8649 10526 11224 11762 12270 13402 13922 14396 14558
1419 3807 3835 7884 8243 9690 10877 12176 12382 14892 15974
194 1035 2419 4117 5714 6612 6701 9131 10868 11100 13302 13763 14349 15011 15675
110 295 414 509 690 782 869 883 896 1066 1174 1692 2363 2517 2654 3003 3063 3157 3164 3694 3702 3753 3774 3788 4019 4032 4153 4587 4897 5095 5458 5460 5811 5863 6089 6326 6545 6824 7139 7162 7190 7317 7569 7767 7877 8287 8350 8387 8501 8588 8836 8988 9147 9269 9283 9505 9516 10153 10180 10337 10461 10795 10950 11415 11567 11630 12101 12211 12280 12532 12566 13464 13993 14231 14293 14362 14554 14561 14716 15063 15120 15263 15652 15747 15829 15879 15996 16042 16136 16234 16605 16863 17359 17388 17796 17954 17969
908 2567 4929 7312 7502 9126 12440 15647 16219 16556
1028 1326 4607 6173 7114 8128 8389 8605 9696 10439 10778 11313 12202 12973 13105 13822 14660 14773 16689
440 1935 2392 5056 5768 6080 6313 11020 11149 15365 17741
2212 2600 5807 9125 9508 9574 11563 13418 14428 17120
