541 2284 2836 3097 5439 6552 7834 8255 9348 10529 11050 13593 16193
222 394 2666 2988 3763 4311 4763 5500 6134 6380 10926 12579 12655 15273
117 1675 5925 9570 9906 12082 13286 14379 14891 16528 16539
1462 2960 3585 4305 4326 4518 6349 6733 7269 8165 8903 9845 10024 10572 10939 11193 14895 15606 16210
353 1347 2094 2870 3994 4377 5787 7657 10054 10849 14542 14806 15270 16521 17496
2044 2268 3158 3361 3571 9023 9518 9666 11892 11989 12945 13352 15812 16894 16898
1036 1317 3204 4334 5690 5983 7981 8920 9955 10220 12088 12835 14667 15571 16288 16932 17952
1462 2378 2448 2711 2960 4518 5454 5677 6733 7269 8903 9845 10024 10572 11193 11641 14895 15606 16210
394 3763 4763 5091 6134 6380 10369 11297 12655 12918 13019 15273
490 719 2418 2875 3043 3799 4175 4216 4218 5006 5259 5487 6406 6457 6587 6855 8217 9238 9726 9808 10125 10127 10256 11703 11963 12434 12460 12667 14753 16460 16670 16703 16993 17020 17657 17862
21 500 2582 3072 7485 9443 12111 13603 14108 14576 15408 16052 16830 16964
28 738 1045 1109 1506 1762 1854 1857 2107 2196 2436 2618 2793 2955 3120 3480 4190 4325 4725 5114 5125 5212 5696 5781 5829 6986 7010 7220 7411 7902 7944 8050 8130 8682 9082 9097 9520 9766 10307 10356 11657 11780 11864 12053 12155 12767 12935 13075 13289 13917 14319 15044 15125 15378 16187 16250 16362 17095 17503
685 2022 3155 5372 5427 5613 6176 12780 13712 14242 15691
616 643 2378 2431 2448 2711 3585 4305 4326 5454 5487 5677 6349 6733 7103 7269 8165 8903 10024 10572 11193 11641 13146 14895 15606 16100
116 216 842 1179 1202 1399 1408 1413 1571 2034 2234 2510 2944 3812 4036 4684 4720 4724 4814 5151 5369 5410 5516 5572 5591 5991 6212 6269 6366 6791 6888 7201 7450 7990 8381 8590 8645 8669 8801 8805 10057 10149 10263 10294 10480 10539 10621 10665 10694 10721 10966 11190 11821 11845 12036 12659 12674 12715 12886 13097 13173 13465 13573 13665 13695 13750 13752 13830 14133 14524 14536 14747 14771 14786 14840 14924 15319 15720 15987 16107 16142 16486 16851 17341 17361 17404 17593 17602 17639 17650
921 2344 2762 3493 3733 6696 6776 7565 8601 8857 9332 9744 9831 11523 12300 13534 13690 14497 15194 17426 17576 17779
310 2044 2247 2268 3158 3361 11892 11989 15812 16058 16894 17320
914 1578 3644 4226 6308 7510 8139 12508 12565 13661 17485
517 613 743 1106 1201 1263 2138 2596 2721 3012 3737 4022 4044 4660 4717 5109 5713 5959 6116 6235 8491 8925 9905 9943 10154 10318 10890 11009 11519 12413 12951 13151 14180 14977 16171 16367 16553 16835 17129 17285 17607
310 2044 2111 2268 3158 3576 9518 10571 12945 14463 16898
408 433 457 2326 3677 3735 5528 5650 6483 6893 8634 9924 10953 12626 12898 13056 15410 16096 17473
114 932 1042 1184 1614 1826 2707 2826 2857 2893 2949 3417 3651 3944 4121 4238 4395 5666 6823 7605 7683 7962 8252 8842 9355 9545 9807 10156 10635 10941 11204 11447 11690 11920 11952 12861 12960 13066 13555 13614 13729 13851 14366 14536 14707 15251 16575 16963 17096 17268 17500
310 2044 2247 2268 3361 9518 12945 14463 15812 16058 17320
1181 1232 7474 9059 9977 10984 11710 11844 12020 12686 13939 15313
2303 2924 7031 7520 7913 10139 10413 12223 13855 16165 16344
659 2345 2713 5244 6939 8781 9132 9300 9312 10891 11122 11609 12882 13363 14182 15455 16845 17142 17325 17604
711 2144 2344 2766 3493 3733 7565 7730 8127 9744 9831 9860 11523 11637 11708 12184 15194 15616 16381 16715 17428 17576 17670 17695
457 2326 3677 3735 5528 8365 9924 10001 10953 12626 14653 16096
157 389 832 1210 1792 1961 2021 3029 3207 3429 3462 4529 4881 5569 6601 7903 8214 8290 8652 8806 8965 11040 11153 11469 12735 12927 13888 14155 14727 15042 15355 16168 17076 17219 17707 17956
222 394 2666 3763 4520 4763 5500 10926 12403 12655 13019 15273 17766
1181 1232 2241 7474 7729 7886 9059 10984 11710 12020 12686 12842 15313 15382 17648
28 474 738 1854 1857 2196 2251 3120 3480 4190 4725 5114 5125 5212 5781 5829 6176 6838 6986 7411 7899 7952 8130 9520 10307 10356 10475 11081 11792 13075 13917 14541 15044 15125 15378 16250 16362 16578
3735 4966 8365 8634 10358 10451 10953 12626 12905 14653 15410
394 2666 4311 4520 4763 6134 10926 11297 12403 12579 12655 12918 13019 15948 17766
68 403 780 1013 3358 3607 4267 5602 6721 6881 7156 7468 7514 7757 8102 8224 8745 9010 9759 10866 11105 11162 11677 12161 12467 12739 12876 13077 13769 13865 14746 15320 15587 16013 16785 17030 17166 17564 17672
21 500 7408 13141 14108 14576 15141 16052 16815 16964
243 264 315 432 606 5216 5475 5579 6295 6592 7143 7860 8120 8596 9035 9552 9586 11221 11314 11996 12595 14408 17038 17202 17803
4881 5569 6601 8290 8652 8806 8965 11469 12735 15042 16168 17076 17219 17707
59 66 2195 3938 7708 7833 10119 10258 11084 12708 12825 13475 14466 14858 15526 17764
222 394 2666 2988 3763 4520 4763 10369 11297 12403 12655 12918 13019 17766
2199 2833 3316 3363 3939 4567 4622 4700 5469 5965 6451 6470 6511 7097 7117 7950 8614 9068 9185 9229 9448 9503 12397 12546 12749 13617 13637 13765 14164 14658 14933 15014 15296 15894 16319 16536 16651 16753 17535
1232 2241 7474 7729 9977 11710 12020 12686 12842 15382 15995 17648
2345 3883 5244 6939 8781 9132 9312 10891 11122 11609 12779 12882 15026 15897 17325 17604
711 2344 2762 2766 3573 4169 6696 6725 7565 7962 8127 8857 9831 10190 11880 12478 13534 14497 15616 16715 17426 17428 17670 17695
66 2195 7833 8492 11084 12708 13475 14466 14858 17384 17408 17764
659 2076 3505 5244 6939 8781 9132 9300 11122 11609 11855 12882 13363 14182 15026 15488 17142 17325 17604
394 2988 3763 4763 4896 6380 10369 10926 11297 12655 12918 13019 17766
116 538 1047 1055 1179 1202 1413 1571 2034 2234 2292 2528 2561 2578 2615 3512 3646 3858 4287 4380 4632 4724 4814 4955 5064 5118 5127 5151 5355 5369 5516 5554 5794 5799 5810 5991 6212 6542 6866 6888 7030 7135 7267 7450 7541 7990 8381 8590 8638 8805 9164 9340 9968 10149 10539 11135 11190 11845 11961 12036 12148 12482 12674 12715 12886 12941 12957 13097 13173 13665 13695 13941 14524 14747 14771 15029 15165 15708 16137 16142 16600 17111 17149 17361 17409 17481 17593 17639 17650
116 250 361 842 970 978 1179 1202 1399 1571 2005 2034 2292 2477 2510 2528 2615 3064 3286 3512 3646 3858 4036 4064 4380 4632 4684 4720 4797 4814 5127 5369 5516 5736 5794 5965 5991 6168 6269 6542 6688 6866 7030 7135 7267 7541 7948 7990 8590 8638 8645 8669 8801 8910 9164 9340 9968 10057 10149 10170 10263 10480 10539 10621 10687 10694 11135 11190 11821 11926 11961 12148 12455 12659 12715 12904 12941 12957 13236 13665 13695 13750 13752 13941 14009 14536 14707 14924 15029 15165 15209 15398 15708 15720 16142 16377 16486 16600 16623 16809 16851 16992 17149 17152 17341 17361 17481 17602 17639 17650
28 474 738 1045 1854 2196 2618 2801 3120 3480 3525 4325 4725 5114 5129 5212 5933 6176 6461 6986 7010 7220 7952 8050 9082 9097 9515 9561 9766 10307 10475 11081 11657 11864 12053 12935 14319 14541 15378 16073 16187 16511 16578 17064 17095
