1 4 5 6 7 9 10 11 12 13 14 18 20 21 22 23 24 25 26 27 28 30 32 33 35 37 39 40 41 42 43 45 46 48 49 50 51 52 53 54 55 56 57 58 59 60 64 65 66 68 71 73 74 77 78 79 80 81 82 83 85 86 88 89 90 91 92 95 96 97 98 99 101 102 103 105 106 107 108 109 110 111 112 115 116 117 118 120 122 123 124 125 126 128 130 131 135 136 137 138 139 141 142 143 144 145 146 147 150 151 153 155 156 157 158 159 160 161 162 163 164 166 167 168 169 170 171 172 174 177
1 2 4 6 10 12 15 17 19 20 22 24 27 30 33 37 39 40 42 43 46 47 49 50 51 52 53 54 55 57 61 62 65 67 68 70 71 77 79 80 82 83 84 85 87 88 89 90 91 92 93 95 96 97 98 99 100 101 102 103 106 107 108 110 111 113 114 115 117 119 120 121 128 131 133 134 136 141 144 146 147 148 149 150 151 152 153 157 160 162 164 169 172 175 176
1 4 6 10 11 12 18 28 32 34 39 40 41 51 71 74 78 79 80 82 83 90 96 99 101 102 105 107 109 126 135 136 137 142 143 144 146 150 151 153 160 171
7 13 25 26 27 28 33 42 57 59 69 85 105 109 115 155 170 173 174
3 7 9 11 13 14 16 18 19 21 25 41 45 59 68 74 75 81 90 92 94 104 106 109 110 112 122 124 130 132 133 139 145 155 160 165 167 170 173 174 175 176 177
5 7 8 9 11 13 14 18 19 22 25 28 36 41 45 48 58 61 70 72 78 81 94 100 102 104 109 112 124 125 127 130 133 134 145 148 152 161 165 167 168 170 173 174 176
2 15 27 32 50 56 68 93 105 111 122 132 137 141 161 164 176
7 9 11 13 18 21 28 29 30 34 41 42 43 48 55 58 63 64 66 68 69 73 74 78 81 90 92 95 98 101 105 109 112 117 125 129 132 135 139 141 143 154 160 161 166 171 174
1 2 15 23 24 26 27 30 38 43 50 53 56 57 62 66 67 73 76 82 91 93 96 98 100 101 102 103 104 106 107 110 111 113 114 121 122 123 128 131 133 136 142 144 147 148 149 152 157 158 159 161 163 172
2 3 5 7 8 9 10 11 13 15 16 17 18 19 20 21 22 23 24 25 26 27 28 29 30 31 32 33 35 36 37 38 39 41 42 43 44 45 48 49 50 52 53 56 57 58 59 61 62 63 65 66 67 68 70 71 72 74 75 76 77 78 80 81 83 84 85 87 88 89 90 92 94 95 96 97 98 100 101 102 104 105 106 109 110 111 112 113 114 117 118 119 121 122 123 124 125 127 128 129 130 131 132 133 134 136 138 139 141 145 146 147 148 149 150 152 154 155 156 157 158 161 162 163 165 167 168 169 171 172 173 174 176 177
1 2 3 4 5 6 7 8 10 11 12 13 14 15 16 18 20 21 23 26 27 28 29 31 32 38 39 41 44 45 46 47 49 50 51 52 53 54 55 57 59 60 61 62 63 64 67 68 70 71 72 73 75 76 77 79 81 82 83 84 85 87 89 92 93 94 96 97 98 99 100 101 103 104 106 107 108 110 111 113 114 115 116 118 119 120 121 122 123 124 126 127 128 132 134 135 136 137 138 140 141 142 143 144 145 146 147 148 149 150 151 152 153 154 156 157 158 159 161 163 164 165 166 168 169 170 171 172 173 175 176 177
3 5 8 9 11 13 14 16 18 19 21 22 23 25 29 31 36 41 45 58 61 67 72 78 81 94 104 122 124 130 132 134 145 154 161 166 167 168 172 173 176 177
1 4 6 10 12 13 16 21 22 26 27 39 40 49 50 51 56 61 62 65 66 67 71 76 79 81 82 83 84 86 88 90 91 93 95 96 98 99 103 106 107 108 110 112 115 118 121 126 133 136 137 143 144 149 150 151 153 155 158 162 166 168 169 170 174
10 18 20 21 59 74 105 139 141 143 150 171
1 6 10 11 13 15 18 19 20 26 33 37 39 40 44 46 47 50 51 53 55 56 62 63 66 70 71 79 82 83 84 89 90 91 95 96 98 99 102 103 104 107 108 109 110 112 113 114 115 117 122 123 125 128 131 132 133 136 137 141 146 147 149 150 151 153 162 165 169 170 174
2 5 9 16 22 25 28 29 31 34 35 36 38 45 46 48 52 55 57 58 64 67 69 70 72 77 95 100 111 116 118 127 129 130 132 134 138 140 145 152 161 164 165 166 172 173
4 14 18 22 27 43 45 52 57 60 64 66 68 69 73 78 80 82 86 93 99 107 110 112 115 116 118 124 131 133 135 137 138 142 149 150 154 155 158 159 168 173 175
9 12 17 21 25 28 30 31 34 41 47 48 53 55 57 63 73 74 78 80 81 84 87 92 93 102 105 109 117 122 123 125 129 130 135 139 143 147 152 154 161 163 164 166 172 175 177
2 17 22 25 28 34 36 45 47 49 52 58 60 63 64 69 75 81 84 87 91 93 108 116 119 120 121 123 124 127 129 130 137 140 144 149 155 159 163 165 167 173 174 175
1 8 14 15 17 19 20 25 29 31 32 33 36 44 45 48 50 53 54 56 59 66 70 75 80 81 84 87 90 100 104 105 119 120 124 126 128 130 132 145 147 152 155 168 169 170 173 176 177
1 2 3 4 5 6 8 12 15 16 17 19 20 24 27 30 35 37 38 39 40 45 49 51 52 53 57 60 61 62 63 64 66 67 69 71 72 75 76 79 80 81 82 83 84 85 86 87 91 93 94 96 97 98 99 100 103 104 107 108 111 113 114 115 116 117 118 119 120 123 124 125 126 127 128 131 132 136 137 138 144 146 149 151 153 156 157 158 160 161 163 164 172 173 175 176 177
1 2 4 6 10 12 17 19 20 21 24 26 27 30 32 33 34 35 37 39 42 43 46 47 49 50 51 54 56 59 60 62 63 64 65 66 67 68 71 73 74 76 79 80 83 84 85 86 87 88 89 90 91 92 93 95 96 97 98 99 101 102 103 106 107 108 110 112 113 114 115 117 119 120 121 123 126 128 129 131 132 135 136 138 139 140 141 142 143 144 146 147 150 151 153 157 158 159 160 162 163 164 169 171 174
1 3 4 12 15 17 19 24 26 30 33 36 39 40 49 50 51 54 55 61 62 63 65 66 67 68 71 73 79 80 83 84 85 86 89 93 96 99 100 103 106 108 110 113 114 117 119 120 123 126 128 131 136 137 146 149 150 151 153 157 158 168 169 176 177
2 8 11 23 33 34 40 42 43 51 52 55 56 57 60 62 65 67 69 70 94 100 102 103 108 114 120 132 133 138 139 145 154 156 158 164 165 168 172 175
2 3 7 8 9 11 14 18 19 21 25 36 37 41 43 48 54 69 74 75 78 90 92 94 95 98 102 104 105 109 112 119 124 125 130 132 134 135 139 140 143 145 155 161 165 166 172 173 174 176
3 9 10 11 13 14 16 19 21 22 31 36 37 44 47 48 57 61 69 70 74 78 81 90 94 100 104 109 115 116 119 121 122 124 125 127 135 137 138 143 145 147 154 155 167 173 176
4 10 12 15 23 27 32 33 44 49 50 51 56 66 68 71 77 79 82 83 84 91 93 99 110 122 126 132 136 137 144 146 150 151 169 170 171
2 22 23 29 45 58 104 119 134 165 167 172 177
2 3 4 6 8 9 15 17 19 21 30 38 51 55 56 60 68 73 78 80 82 84 86 88 90 91 92 98 102 108 111 126 131 132 135 146 147 156 162 163 166 169 171 173
2 3 5 8 25 29 31 36 38 45 52 57 58 60 63 67 70 75 87 93 94 102 111 112 119 129 130 140 142 143 145 155 159 161 162 165 166 167 172 173 175 177
1 2 4 5 6 12 13 15 16 17 18 19 23 27 30 33 35 36 39 40 41 43 44 46 47 48 50 51 52 53 55 58 59 60 61 62 63 65 66 67 69 71 72 74 75 76 77 79 83 84 85 86 87 88 93 99 100 102 103 106 107 108 113 114 116 117 119 120 121 123 126 127 129 132 133 134 135 136 137 138 140 141 144 146 149 150 151 153 155 156 157 158 159 161 164 167 170 176
1 4 6 10 15 16 39 51 71 82 96 99 107 124 137 150 151 153 156 158 159 175
1 4 6 12 15 24 26 27 32 33 36 39 42 44 47 49 51 53 62 63 65 66 67 70 71 76 79 80 81 82 83 86 87 91 96 97 99 100 103 104 105 107 108 111 113 114 126 128 130 131 136 137 139 144 149 150 151 153 155 157 168 169 173
3 17 38 57 60 69 72 93 116 140 142 166
2 3 5 8 16 22 23 25 28 29 31 38 44 45 55 57 58 60 64 66 69 70 72 76 77 81 100 104 111 118 124 127 130 145 148 155 161 164 166 172 173 175 176
2 17 23 29 36 43 57 60 61 62 67 69 72 87 93 100 106 113 121 123 129 130 131 133 134 140 156 161 164 168 175
1 2 3 4 6 8 9 12 13 14 15 16 17 18 20 21 22 23 25 26 27 29 30 31 32 34 36 37 38 39 40 42 43 44 46 47 49 51 53 54 55 56 57 58 59 60 61 63 64 65 66 68 69 71 73 74 75 76 77 78 79 82 83 84 85 86 87 88 89 91 92 95 96 98 99 101 102 103 106 107 108 109 111 113 114 115 116 118 119 122 123 125 127 129 130 131 133 134 135 136 137 138 139 140 142 143 144 146 147 148 150 151 152 153 154 155 156 158 159 163 164 165 166 167 168 171 172 173 174 175 177
3 8 11 13 14 17 21 23 26 28 30 31 34 38 45 53 57 61 63 65 74 85 89 95 97 105 109 111 114 118 121 125 141 143 148 152 154 155 159 161 166 168 170 173 175
1 2 4 6 10 11 12 13 14 15 17 23 24 26 30 38 40 42 43 44 46 47 51 53 54 58 61 65 66 67 71 73 77 79 82 83 86 87 88 89 91 93 94 96 97 98 99 100 103 107 108 114 119 123 126 127 128 129 130 131 135 136 140 142 143 144 147 148 149 150 152 153 155 156 157 159 160 162 164 168 171 176
3 7 8 9 11 13 14 16 20 21 23 25 26 29 31 35 37 41 45 48 55 70 74 78 81 92 102 109 112 122 123 124 125 130 131 133 142 147 148 154 159 161 163 164 167 170 172 174
3 5 7 8 9 11 13 14 17 18 25 26 28 31 41 45 56 59 64 72 74 97 104 108 109 112 116 122 125 135 139 140 143 145 148 152 154 155 156 165 170 174 177
1 2 4 6 12 15 19 24 26 33 37 38 40 43 49 50 51 54 55 60 62 63 65 67 68 70 71 72 73 76 80 82 83 84 86 88 90 91 92 95 96 97 98 99 101 105 106 107 108 112 113 114 119 120 123 126 128 131 132 136 137 138 139 140 141 142 144 147 150 151 156 159 160 162 163 169 171
3 7 9 10 11 13 14 18 19 20 21 32 37 41 48 55 68 74 78 80 92 101 102 105 109 112 117 122 125 135 139 141 146 147 152 154 160 170 174
3 5 7 8 13 14 16 18 19 21 23 38 44 52 57 59 66 67 68 69 70 72 73 75 77 81 85 94 111 115 122 124 127 130 132 152 154 155 167 170 171 173 174 176 177
1 4 6 10 12 27 32 39 40 51 56 68 71 79 82 83 84 86 88 96 99 107 108 110 115 126 128 136 144 150 151 153 169 170
3 16 18 22 23 25 31 34 41 45 51 56 57 59 66 68 69 70 77 81 82 85 94 97 104 111 116 121 122 124 133 134 137 152 154 156 159 165 167 170 173 175 176 177
1 4 5 6 11 12 17 20 22 23 27 33 34 35 39 40 44 46 51 54 55 56 57 61 62 69 71 72 76 79 82 83 84 86 88 92 96 99 101 106 107 108 111 113 114 116 119 120 123 126 128 129 136 137 138 143 144 149 150 151 153 156 157 158 160 161 163 166 167 168 169 173
3 13 34 48 55 59 69 73 74 78 105 109 118 122 132 148 171
2 3 10 13 14 18 19 21 24 25 26 28 30 42 48 49 58 63 64 68 77 78 81 89 91 95 98 105 117 118 122 125 131 133 134 135 139 142 145 148 154 164 165 171 172 174 175
3 5 7 8 9 13 14 16 18 21 22 23 25 36 41 45 47 59 70 72 74 75 77 80 81 85 92 94 104 118 121 122 124 130 145 152 154 156 165 166 168 170 173 176 177
