1181 1232 7474 9059 9977 10984 11710 11844 12020 12686 13939 15313
432 606 1235 4070 4544 5475 5579 6592 6962 7143 9035 9552 10007 10756 10980 11221 12595 17038
490 719 2418 2875 3043 3799 4175 4216 4218 5006 5259 5487 6406 6457 6587 6855 8217 9238 9726 9808 10125 10127 10256 11703 11963 12434 12460 12667 14753 16460 16670 16703 16993 17020 17657 17862
117 1675 5925 9570 9906 12082 13286 14379 14891 16528 16539
222 394 2666 3763 4520 4763 5500 10926 12403 12655 13019 15273 17766
659 2345 5244 6939 8781 9300 9312 9723 11855 12779 13363 15455 15488 15897 16845
2044 2268 3158 3361 3571 9023 9518 9666 11892 11989 12945 13352 15812 16894 16898
457 2326 3677 3735 5528 8365 9924 10001 10953 12626 14653 16096
656 3554 8337 8472 11569 13611 13616 14634 15654 15661 16006 17438
914 1578 3644 4226 6308 7510 8139 12508 12565 13661 17485
1462 2711 2960 5677 6349 6733 7103 7269 8165 10572 10939 11193 11641 14895 15411 15606 16210
157 389 832 1210 1792 1961 2021 3029 3207 3429 3462 4529 4881 5569 6601 7903 8214 8290 8652 8806 8965 11040 11153 11469 12735 12927 13888 14155 14727 15042 15355 16168 17076 17219 17707 17956
659 2345 2713 5244 6939 8781 9132 9300 9312 10891 11122 11609 12882 13363 14182 15455 16845 17142 17325 17604
353 1347 2094 2870 3994 4377 5787 7657 10054 10849 14542 14806 15270 16521 17496
2303 2924 7031 7520 7913 10139 10413 12223 13855 16165 16344
310 2044 2247 2268 3576 9518 12945 14463 15812 16058 16898 17320
361 842 1179 1399 1413 2034 2234 2477 2510 3512 4036 4684 4720 4724 4797 5151 5369 5516 5554 5572 5810 5991 6269 6366 6542 6565 7201 7267 8590 8645 9163 9340 10057 10687 10966 11845 11926 12036 12674 12957 13173 13236 13465 13573 13665 13750 13752 13851 14009 14133 14536 14707 14771 15319 15987 16137 16142 16851 17111 17149 17404 17409 17481 17593 17602 17639
59 1802 2195 3306 3938 7708 7833 11084 12708 12825 13475 14466 17384 17408 17764
2028 2770 2898 6114 7893 11720 12061 12722 14566 15322 16437
28 738 1045 1109 1506 1762 1854 1857 2107 2196 2436 2618 2793 2955 3120 3480 4190 4325 4725 5114 5125 5212 5696 5781 5829 6986 7010 7220 7411 7902 7944 8050 8130 8682 9082 9097 9520 9766 10307 10356 11657 11780 11864 12053 12155 12767 12935 13075 13289 13917 14319 15044 15125 15378 16187 16250 16362 17095 17503
86 243 264 432 606 623 1235 5168 5216 5475 5579 6592 6962 7143 8120 8596 9035 9765 10756 11221 11996 14407 17292
1232 2241 7474 7729 9977 11710 12020 12686 12842 15382 15995 17648
21 500 2582 3072 7485 9443 12111 13603 14108 14576 15408 16052 16830 16964
711 2144 2344 2766 3493 3733 7565 7730 8127 9744 9831 9860 11523 11637 11708 12184 15194 15616 16381 16715 17428 17576 17670 17695
293 3821 5862 6006 6103 9095 9841 11249 12133 14063 15033 15684 17529
517 613 1106 1444 1668 2596 2721 3012 3301 4022 4717 5094 5109 5657 5713 6116 6235 6662 7637 8491 8925 9650 9671 9943 10318 11949 12031 12951 14180 14977 16097 16171 16401 16884 16969 17129 17164
216 361 842 1202 1408 1413 1571 2034 2234 2292 2854 2944 3812 4720 4797 4814 5118 5151 5369 5572 5591 5736 5991 6269 6366 6866 6888 7135 7450 7990 8381 8669 8801 9163 9340 10149 10263 10294 10694 11662 11821 11845 12659 12886 12957 13465 13665 13830 13941 14524 14707 14747 14771 14840 15165 15319 15398 15720 16137 16280 16377 16536 16851 17111 17341 17361 17409 17593 17602 17650
394 3763 4763 5091 6134 6380 10369 11297 12655 12918 13019 15273
2199 2833 3316 3363 3939 4567 4622 4700 5469 5965 6451 6470 6511 7097 7117 7950 8614 9068 9185 9229 9448 9503 12397 12546 12749 13617 13637 13765 14164 14658 14933 15014 15296 15894 16319 16536 16651 16753 17535
21 500 7408 13141 14108 14576 15141 16052 16815 16964
659 2076 3883 6939 9300 9312 10891 11609 12779 12882 15026 15455 15488 17142 17604
2094 2655 2870 3280 4178 4377 7657 10054 10404 14542
616 643 2378 2431 2448 2711 3585 4305 4326 5454 5487 5677 6349 6733 7103 7269 8165 8903 10024 10572 11193 11641 13146 14895 15606 16100
68 403 780 1013 3358 3607 4267 5602 6721 6881 7156 7468 7514 7757 8102 8224 8745 9010 9759 10866 11105 11162 11677 12161 12467 12739 12876 13077 13769 13865 14746 15320 15587 16013 16785 17030 17166 17564 17672
921 2344 2762 3493 3733 6696 6776 7565 8601 8857 9332 9744 9831 11523 12300 13534 13690 14497 15194 17426 17576 17779
116 538 1047 1055 1179 1202 1413 1571 2034 2234 2292 2528 2561 2578 2615 3512 3646 3858 4287 4380 4632 4724 4814 4955 5064 5118 5127 5151 5355 5369 5516 5554 5794 5799 5810 5991 6212 6542 6866 6888 7030 7135 7267 7450 7541 7990 8381 8590 8638 8805 9164 9340 9968 10149 10539 11135 11190 11845 11961 12036 12148 12482 12674 12715 12886 12941 12957 13097 13173 13665 13695 13941 14524 14747 14771 15029 15165 15708 16137 16142 16600 17111 17149 17361 17409 17481 17593 17639 17650
116 250 361 842 970 978 1179 1202 1399 1571 2005 2034 2292 2477 2510 2528 2615 3064 3286 3512 3646 3858 4036 4064 4380 4632 4684 4720 4797 4814 5127 5369 5516 5736 5794 5965 5991 6168 6269 6542 6688 6866 7030 7135 7267 7541 7948 7990 8590 8638 8645 8669 8801 8910 9164 9340 9968 10057 10149 10170 10263 10480 10539 10621 10687 10694 11135 11190 11821 11926 11961 12148 12455 12659 12715 12904 12941 12957 13236 13665 13695 13750 13752 13941 14009 14536 14707 14924 15029 15165 15209 15398 15708 15720 16142 16377 16486 16600 16623 16809 16851 16992 17149 17152 17341 17361 17481 17602 17639 17650
250 538 842 1055 1408 1571 1623 2005 2234 2477 2854 3286 3858 4064 4720 4724 4797 4955 5118 5151 5369 5410 5554 5736 5810 5965 6168 6212 6269 6542 6866 6888 7030 7267 7450 7948 8638 8645 8669 8671 8680 8801 8805 8910 9164 9340 10057 10149 10170 10294 10480 10694 10966 10989 11135 11845 11961 12036 12674 12886 13173 13236 13573 13750 13752 14009 14133 14524 14786 14840 14924 15165 15319 15720 15994 16053 16107 16142 16280 16536 16623 16985 17111 17149 17152 17341 17361 17404 17650
743 747 1106 1263 1444 2138 3012 3103 3301 4022 4044 5094 5657 5713 5959 6116 6129 6235 6662 6685 6953 7745 8491 8925 9049 9650 9671 9905 9943 10154 10890 11009 11519 12031 12413 12951 13283 14180 16367 16401 16835 16884 17285 17579
104 415 1897 2421 2811 3173 3449 3620 3715 3888 4702 5254 5322 6728 7932 8213 8346 9019 9613 10205 11617 11826 11905 12279 12454 12717 12885 12966 13201 13598 13638 14337 15106 15334 15373 15623 16116 16493 17210
302 337 379 1072 1353 1884 2830 2952 3098 3851 3979 4192 4200 4691 4830 4849 5041 5272 5537 5570 6059 6310 6639 7070 7272 7336 7523 8025 8278 8347 8557 8577 8708 8739 8885 8914 8989 9055 9116 9499 9601 9703 9995 10030 10047 10615 10616 10783 11155 11242 11516 11815 11818 12018 12170 12294 12602 12969 12999 13002 14462 14711 15153 15282 15288 15742 16037 16400 16415 16640 17417 17647 17675 17765
337 379 666 1212 1353 2863 2952 3578 3594 3870 4200 4360 4691 4820 5041 5537 6059 6133 6323 6639 7272 7336 7360 7523 7685 7809 8278 8318 8557 8989 9116 9276 9285 9499 9995 10030 10277 10616 10843 11155 11426 11810 11818 12969 13002 13194 14026 15000 15034 15097 15153 15282 15494 16037 16264 16400 16436 16523 16548 16681 16858 17647 17765
1915 2176 2206 2274 2638 2835 2931 3171 3531 3976 4294 4307 4899 4996 5025 5287 6263 6505 8046 9776 9998 10483 12162 13541 14756 15160 15348 15449 16311 16803
698 1736 1862 2607 3269 4209 4542 5177 6634 6659 6731 7690 7976 9118 10037 10272 10354 10776 10802 12405 12924 13556 14123 14440 15047 15555 15650 16706
626 708 822 1080 1359 1450 1912 2083 2306 3011 3640 3907 3924 4040 5149 5179 5564 5719 6900 7257 7374 8239 8496 8672 8688 9140 9495 10441 10749 11060 11107 11348 11753 11772 11919 12224 12878 13016 13265 13345 13634 13693 14241 14279 14331 14474 14803 14852 15351 15384 15822 17568 17785 17831 17892
104 1897 1904 2307 3173 3449 5254 5322 6108 7444 8213 9613 11623 11826 11891 12279 12454 12717 12885 12966 13303 14454 15106 15334 15514 15623
86 315 606 1235 4544 5168 5216 5475 6295 6592 6962 7860 8120 8596 9035 9552 11996 13386 14408 14500 16178 17038 17078 17803
17 572 614 695 767 816 1187 1428 2174 2208 2498 2524 2608 2868 2969 3008 3030 3141 3519 4141 4145 4530 4568 4688 4953 5203 5527 5533 5723 5775 5888 5966 6038 6138 6266 6711 6751 6912 6995 7145 7226 7396 7887 7917 7920 8248 8522 8617 8628 9250 9275 9345 9459 9839 10042 10433 10865 11444 12029 12227 12483 12913 12972 13008 13370 13466 13640 13793 13833 13924 14280 14514 14657 14936 14983 16003 16027 16263 16490 16526 16768 16780 17308 17331 17560 17630 17666
373 1289 2284 2836 2870 3097 3280 4178 4377 4895 5439 5787 5865 6203 6299 6552 6716 7089 7288 7834 8255 8324 8710 8882 8998 10849 12364 13477 13593 13919 14032 14395 14542 14806 15056 15615 15633 15667 16564 16783 17233 17395
626 857 961 1080 1158 1450 1722 1912 2158 2163 2225 2306 2786 3565 3755 3875 4040 4189 5149 5179 5538 5564 6900 7374 7509 8239 8496 8672 8688 8691 9042 10336 10441 10728 11002 11060 11348 11848 11919 11945 12105 13016 13265 13277 13345 13634 13821 14331 14708 14851 15010 15351 15384 15822 15882 16997 17274 17568 17827 17831
