7 9 11 19 20 21 24 26 28 33 34 37 38 41 42 43 46 48 53 54 56 66 68 73 74 77 78 90 92 95 98 101 105 109 112 113 116 131 147 152 160 162 163 165 171 173 176
3 7 9 14 15 18 19 21 22 25 29 31 61 62 74 75 78 80 81 87 90 92 101 102 104 105 112 118 121 124 125 130 132 133 134 139 145 148 149 154 167 168 173 176
3 5 7 8 9 11 13 14 16 18 19 20 21 36 41 55 59 68 70 72 74 78 80 85 90 92 94 102 105 109 115 122 124 132 135 154 170 172 176
1 4 6 10 12 14 39 40 51 54 55 57 66 70 71 79 82 86 88 91 96 99 107 108 115 126 128 135 136 137 144 150 151 153 156 160 163 169 170 171 172
1 2 3 4 5 6 8 10 11 12 13 14 15 16 17 20 21 22 23 26 27 29 30 32 33 35 36 37 38 41 42 44 45 46 47 48 49 50 54 55 57 58 59 60 61 62 63 64 67 68 70 71 72 74 75 76 77 79 80 82 83 84 85 86 87 88 89 91 92 93 94 96 97 98 99 100 101 102 104 105 106 107 108 109 110 111 114 115 117 118 119 120 122 123 124 126 127 129 130 133 134 135 136 137 138 140 142 143 144 145 146 148 149 150 151 152 153 155 156 157 158 159 160 161 163 164 165 166 167 168 169 170 172 173 175 177
9 12 13 21 24 48 62 69 74 92 103 122 128 129 143 163 164 176
7 9 11 13 14 18 19 20 21 22 24 30 32 37 41 42 45 48 52 63 66 69 73 74 78 80 83 90 95 100 101 102 105 109 112 117 125 126 127 129 131 139 141 147 154 160 164 170 171
1 4 6 10 12 18 22 23 27 38 45 51 53 59 64 69 71 75 78 79 80 82 83 88 96 99 107 115 116 118 122 134 135 136 137 145 150 151 152 153 164 170 171 173
3 22 25 28 29 31 35 44 47 53 58 63 64 67 81 87 94 95 100 104 106 112 118 119 121 129 130 133 134 140 143 145 148 152 154 155 157 159 162 165 167 168 172 173 175 176
7 8 9 11 13 15 19 26 29 31 34 39 43 52 53 61 65 70 73 74 75 78 84 85 93 97 98 100 111 116 120 121 127 132 133 154 162 164 165 166 175 176 177
7 9 19 24 26 33 41 42 43 45 50 56 59 66 68 69 73 76 78 80 81 90 92 98 102 105 110 112 113 115 117 121 122 124 125 126 127 139 141 147 149 158 169 170 171 174 176
1 4 6 27 40 51 53 57 77 82 91 99 131 137 153 156
1 7 9 12 18 26 27 37 43 55 59 68 70 78 79 80 82 84 88 90 91 92 96 101 108 111 115 126 135 136 137 141 144 146 151 153 160
7 9 10 12 13 14 18 20 21 26 27 32 37 39 41 43 48 50 55 56 59 66 68 71 78 88 89 90 92 96 98 102 109 110 112 115 117 122 126 135 137 139 141 146 160 169
1 4 6 7 10 12 24 30 33 37 39 40 42 43 48 49 50 53 54 55 56 61 63 67 79 80 82 83 86 88 92 93 96 97 103 105 107 108 112 113 114 115 117 119 121 128 131 136 138 141 144 149 150 151 160 162 169
5 8 13 14 16 22 25 28 29 34 35 38 45 52 58 60 64 69 72 75 77 81 85 89 100 104 111 116 118 124 127 130 140 142 143 145 148 154 155 159 161 164 166 167 170 173
3 7 9 11 13 14 16 19 21 25 34 35 41 52 58 59 69 72 75 77 85 94 106 111 112 116 119 121 124 125 130 143 152 154 155 156 158 161 170 172 173 174 176 177
7 11 20 25 26 28 30 32 33 35 37 41 44 54 59 60 66 67 68 73 74 80 83 86 87 89 96 101 102 105 112 118 121 122 125 128 130 138 142 147 149 152 160 162 163 169 174 177
8 11 13 14 15 18 21 26 28 29 32 39 43 44 51 56 68 69 73 74 76 78 88 91 109 111 112 113 114 115 117 124 125 130 131 135 140 141 147 149 154 158 159 160 163 165 166 171 173 176
10 11 12 13 15 16 18 19 20 21 36 37 42 48 50 54 57 59 66 68 69 73 74 80 88 90 92 95 98 105 109 110 111 115 116 117 122 125 127 132 133 139 141 146 147 154 155 171 174 176
2 8 17 22 25 28 29 35 36 45 46 52 55 57 58 60 63 64 67 70 72 73 77 81 85 97 100 104 106 111 114 123 138 140 148 155 156 159 161 162 172 175
5 14 16 35 45 69 72 81 94 130 134 152 155 174 177
7 16 25 33 35 37 53 63 65 70 74 100 103 109 111 118 131 133 145 148 152 156 159 162 165 166 175
2 3 7 8 11 14 15 19 25 28 42 45 48 62 65 70 74 89 91 97 98 100 101 102 103 111 115 117 118 123 126 127 128 131 132 134 135 139 141 143 146 147 154 159 160 163 164 168 175
1 6 8 21 22 25 28 29 31 34 38 45 61 63 64 72 75 80 82 96 99 105 107 108 111 116 118 119 120 127 129 143 148 152 153 159 165 166 170 174 175
2 8 17 25 26 36 43 47 53 60 63 67 69 72 75 76 84 86 91 93 97 100 104 106 114 115 118 119 121 123 125 129 131 134 135 138 140 142 144 145 148 149 152 158 159 163 165 168 173 176
7 9 11 14 18 20 22 25 28 29 31 32 41 48 55 56 58 68 74 78 80 81 92 95 101 105 109 116 117 118 122 124 125 130 134 135 137 139 145 146 147 153 154 160 164 165 175
1 4 5 6 10 20 23 26 30 32 37 39 40 44 49 50 51 54 56 62 68 71 76 79 80 82 83 87 88 91 93 96 99 101 103 107 108 110 113 116 125 126 128 133 135 136 137 139 141 142 143 146 147 149 150 151 153 158 160 168 169 170 174
2 9 14 16 17 19 22 23 24 28 31 34 38 48 64 67 74 77 94 102 106 109 112 116 120 121 130 131 132 134 135 139 140 141 158 159 161 165 167 172 173 174 176 177
7 11 19 20 21 33 41 43 48 55 58 64 70 74 78 80 90 92 95 98 101 102 105 109 112 132 134 135 141 143 147 154 160 165 171 174
10 12 20 27 30 34 35 53 74 83 88 90 101 108 111 117 125 137 138 140 143 155 156 158 159 160 161 163 166
3 7 9 14 16 17 18 22 25 29 34 35 42 48 58 72 81 87 88 90 92 93 94 97 101 111 116 122 123 124 125 129 130 132 133 135 140 143 145 147 148 149 154 159 164 165 166 171 173 177
4 12 16 23 24 30 31 40 42 55 57 74 80 83 99 101 105 126 128 137 138 144 166
1 4 6 12 17 23 24 27 34 40 42 44 46 49 51 54 56 57 59 62 64 65 79 82 83 86 89 93 96 97 99 101 106 107 108 110 119 120 128 131 136 137 138 140 142 143 144 150 151 153 155 156 157 162 163 174
4 5 10 13 22 23 25 26 30 31 32 34 36 39 41 50 53 60 63 69 70 72 73 74 76 77 78 93 104 105 109 115 116 117 122 129 134 146 148 149 154 156 159 163 167 176 177
3 8 14 16 23 25 28 29 31 35 36 44 45 63 64 69 72 73 75 76 77 94 113 115 116 118 123 124 125 127 129 134 138 140 145 148 149 152 154 158 159 163 165 166 171 173 175 176 177
1 4 16 22 23 25 27 32 33 39 40 42 47 49 50 54 56 71 79 91 93 96 98 99 100 103 105 106 107 108 110 118 120 126 129 133 134 136 137 139 146 150 153 160 169 170 175 177
2 5 23 31 36 38 39 44 45 50 51 52 53 62 67 71 89 100 103 104 106 113 114 118 119 121 127 128 131 134 136 142 150 151 155 156 157 158 161 167 168 169
8 11 15 20 24 26 35 37 42 43 46 56 59 63 64 66 69 70 73 78 86 88 98 101 105 112 115 116 117 122 125 126 128 134 135 141 142 143 160 162 163 164 169 171 174
2 23 25 31 58 97 100 140 148 159 163 172 175
3 5 7 8 10 11 13 14 16 18 21 28 34 37 41 45 49 52 59 69 72 74 75 77 81 85 90 92 95 104 109 110 115 116 118 122 132 133 141 142 143 154 158 163 170 171 174 176
3 5 9 14 16 17 18 19 21 22 25 28 29 35 36 38 41 43 44 45 58 69 72 75 81 85 93 94 97 104 106 115 123 124 125 129 130 134 154 155 159 162 168 170 173 174 176 177
7 9 12 16 19 20 23 24 33 35 43 44 47 48 52 58 65 66 70 74 78 82 90 92 95 98 102 109 110 116 117 121 130 131 135 139 140 142 143 149 160 161 162 164 167 168 175
1 2 4 6 12 15 16 17 27 33 34 36 39 40 46 51 55 58 61 63 67 69 71 80 82 83 84 91 96 98 99 101 103 107 108 110 112 113 114 115 116 121 124 126 132 136 137 143 144 145 146 150 151 153 158 160 163 169 170
1 6 12 27 51 56 79 83 84 91 99 135 137 151 153
3 18 22 25 68 78 90 92 95 116 124 125 135 154 176
5 6 7 9 10 11 13 14 16 18 19 21 32 35 41 49 59 66 72 74 75 78 80 107 109 110 115 117 122 124 125 127 134 135 136 137 139 146 151 153 154 164 166 170 171
3 7 8 14 19 41 70 72 124 154 155 170 174
1 6 12 15 16 20 24 27 29 30 32 33 35 37 40 46 47 49 50 52 53 56 60 62 63 65 68 71 75 76 79 83 84 86 93 97 98 99 100 108 110 111 113 114 119 120 121 124 126 128 131 133 136 141 144 148 149 150 153 155 157 159 160 162 165 168 169
3 5 7 11 21 28 33 34 37 38 41 45 48 52 53 57 61 64 69 70 75 77 81 89 90 92 95 102 104 105 111 112 124 133 139 141 143 145 154 156 158 160 161 162 163 165 174
