7024 7190 7234 8588 9211 10389 11006 14386 15096 16087 16836 17763
848 2183 4975 6388 7714 7855 7876 8057 8125 8249 10194 10496 10559 12343 13916 15717 16176 16616
1223 4631 5331 9715 9749 10765 11397 11713 12750 13575 13903 14352 14780 16113 17556
165 3187 3855 3966 5271 7375 7693 7852 8477 12917 13848
447 2121 3019 3290 3873 5119 5284 5681 6078 12771 13511 15363
236 1252 1253 1438 1476 1490 1574 1970 2012 2179 2349 2469 2685 2695 2928 2956 3672 3845 3908 4270 4385 4514 4560 4578 4604 4680 5036 5163 5740 6023 6083 6169 6491 6632 7531 7670 7712 7716 8089 8530 8610 8618 8647 8705 8712 8731 8886 8984 9375 9733 9844 10064 10179 10645 10736 10792 10853 10931 11485 12092 12247 13206 13278 13304 13714 13732 14745 14908 15103 15128 15174 15669 15752 15861 16150 16561 16770 16806 17158 17332 17362 17534 17911
179 207 283 733 1060 1137 1246 1557 2154 2320 2553 3469 4188 4378 4678 5722 6420 6502 6993 7041 7652 8994 9859 11866 12409 12584 12725 12804 12894 13487 14139 14718 14735 14909 15277 15724 15732
1161 5084 5534 6942 7174 7185 9225 9772 11233 11458 12841 15601 16451 17716
1170 2699 2724 3626 4228 5269 5849 5912 7025 7227 7585 8348 8854 9222 10763 11456 12233 14629 14674 15324 16635 17468 17518
18 1949 2535 5695 9416 9427 9658 11868 13694 16959 17415
473 595 3657 4643 7100 7264 8039 8373 8767 9814 11335 11650 13756 14073 14076 14239 15323 15942 17344
241 699 3561 4831 5903 6043 7164 7472 10360 11116 13463 16412
48 393 862 1009 1195 1266 1307 2453 3436 3591 3623 4456 4533 4945 5073 5310 7014 7880 7957 8115 8633 9323 9387 9494 11290 12419 12868 13291 13350 13957 14237 14564 14950 15436 16118 16594 16945 17676 17682 17738
69 390 597 707 1477 1619 1683 2332 3487 3752 3783 4006 4354 4609 4910 5305 5452 5459 5702 5780 5815 6392 6543 6781 6872 7087 7106 7550 7791 8056 9007 10123 10173 10280 10309 10906 11612 12259 12426 13018 13282 13720 13992 14351 14600 14758 14759 15581 15612 15690 16184 16186 16349 16411 16840 17235
2755 3849 6243 9623 10613 10779 14943 15544 16633 17385
547 1223 4631 5268 5331 6730 9715 9749 10262 10765 13575 14582 16856 17556
341 1778 4398 5093 5707 10221 10538 15377 15936 16175 17762 17842
4709 6387 7286 7404 8799 11359 11537 11766 12544 12942
1227 2190 2506 4757 5208 5832 7769 8009 8940 13646 14622 16108 16978
1580 2467 3236 3289 3524 3777 4123 4885 7044 10429 11126 12345 13063 13961 14475 14703 16048 16059 16144 16252 16525 17180 17472 17633
75 481 844 5084 5534 6942 7174 7185 8876 11800 12145 14617 16451 17323
1246 1893 2154 2553 2821 3346 3412 3469 4678 5680 6412 6502 7041 12190 12804 13487 13906 14253 15277 16259 17294
548 1267 2572 3805 4605 5079 5747 5791 6069 6197 6877 8210 8558 11543 11706 11741 12555 13459 17369
617 2008 2604 6610 7378 10547 12033 14273 14278 14985 15985
2297 3132 3162 3389 6758 8157 9294 13540 16404 16931 17347
2265 2861 3101 3773 3882 4084 8758 8899 9156 9239 9802 15066 17614
2550 9143 9609 9970 10699 11394 11814 11967 16449 17947
453 537 1426 1693 1959 2380 2581 2747 3174 3897 5508 8061 8393 10005 10540 14872
1665 2368 2532 4146 4324 4503 5575 6204 6271 7566 7804 7972 8116 8915 9894 11184 11652 11745 14734 15716 17277
2360 2439 4310 4811 6034 6910 9615 11452 12790 16685 17269
369 2919 4740 5336 5932 5942 6477 8901 10305 11421 12588 12668 13559 14776 14778 15767 17135
979 6094 6494 9268 9648 9663 9987 10862 14027 14628 14846 15595 17367 17424
2100 4760 6130 10971 12194 13523 14176 16462 16893 17504
323 749 1561 2067 5169 5783 8516 9774 10994 11025 14865 16317 16666 17948
727 3649 8585 9423 13044 13469 14301 14422 14761 16808
2449 3004 3169 3582 3797 3825 4651 5357 5979 5982 6018 8162 8889 9232 10674 11311 11669 12114 12152 12675 12774 13442 13751 14650 14807 15564 15573 16827 16925 17380 17497 17771
571 1685 2064 2678 4282 4314 5092 10960 11281 17662
274 549 769 1059 1310 1485 2669 3771 4162 4352 4803 4980 5158 5264 5934 7003 7283 7418 7674 7845 7928 7973 8043 8608 9201 9291 9463 10317 10443 11287 11365 11504 12289 13974 14116 14775 15984 16228 16329 16463 16784 16875 17338 17389 17909 17966
1638 2310 2798 3039 3424 4546 5323 6527 8980 11303 12329 12472 14026 14547 15823 17790
1001 1453 4149 6916 8088 14325 15078 15703 16937 17357 17449 17570
22 251 280 442 1796 3004 3209 3410 3582 3797 4651 5869 6018 7012 7065 7758 8162 9232 9454 9529 9961 10674 10903 11219 11660 11669 11691 12114 12152 13601 13826 14248 14592 15416 15564 15854 16634 16846 16925 17380 17540 17574 17771
1193 2562 4245 4978 5986 10235 14053 14365 15543 16380 17711
1154 6393 6890 7655 9264 10366 11065 11423 12037 13672 14161
1605 2265 2861 3836 4084 6826 7046 9156 9576 9802 11723 12363 14523 15066 15829 17578
212 1173 1829 3125 5967 6220 7090 7398 8296 11330 14937 17334
662 1006 1564 2130 3217 13570 14882 14914 14970 15422 15921
716 1515 4908 5236 5245 5486 5552 6148 6745 7080 8624 8922 8930 10658 10867 11862 13426 13473 15276
1160 1655 3722 4414 4773 6983 8049 8547 8809 9904 11541 13538 13733 14613 14646
2240 3928 4098 4835 5001 5893 6609 7246 10379 12101 13993 14993 15475
590 6098 6375 7033 9244 10408 11187 11454 11722 12378 12866 13624 14131 16627
