1 2 3 4 5 6 8 10 12 14 15 16 17 22 23 24 25 26 27 29 30 31 33 35 36 37 38 39 40 44 45 46 47 49 50 51 52 53 54 56 57 58 60 61 62 63 64 65 66 67 70 71 72 75 76 77 79 81 82 83 84 85 86 87 88 89 91 93 94 96 97 98 99 100 102 103 104 106 107 108 110 111 113 114 115 117 119 120 121 122 123 124 127 128 129 130 131 132 133 134 136 137 138 140 142 144 145 146 148 149 150 151 152 153 154 155 156 157 158 159 162 163 164 165 167 168 169 170 172 173 175 176 177
5 16 22 23 25 28 29 31 36 38 44 58 61 62 69 72 116 121 130 132 133 152 156 158 161 173 177
1 4 6 7 8 9 10 11 12 13 14 15 18 19 20 21 24 27 29 30 31 32 33 34 35 37 39 40 41 42 43 46 47 48 49 50 51 53 54 55 56 57 59 62 64 65 66 68 70 71 73 74 75 76 77 78 79 80 81 82 83 84 86 87 88 90 91 92 94 95 96 98 99 100 101 103 105 107 108 109 110 111 112 113 115 116 117 120 121 122 124 125 126 127 128 131 133 134 135 136 137 138 139 141 142 143 144 145 146 147 148 149 150 151 152 153 154 156 157 158 160 162 163 164 169 170 171 172 175 176
1 4 5 6 7 9 10 11 12 13 14 15 16 18 19 20 21 26 27 28 32 33 34 35 37 38 39 40 41 42 44 46 48 49 50 51 52 54 55 56 57 59 61 63 64 66 68 69 70 71 72 73 74 75 76 77 78 79 80 82 83 84 85 86 87 88 89 90 91 92 93 95 96 98 99 101 102 103 105 106 107 108 109 110 111 112 113 114 115 116 117 119 120 122 124 125 126 127 128 132 133 135 136 137 138 139 140 141 142 143 144 146 147 148 149 150 151 153 156 157 158 159 160 161 163 166 168 169 170 171 173 176
5 7 8 9 11 13 14 18 21 25 31 32 35 41 50 59 64 66 70 75 80 84 85 87 93 102 112 117 120 121 122 124 125 132 133 148 152 154 159 166 167 170 172 173 175 176 177
3 5 8 13 14 16 23 25 28 34 35 45 52 59 61 69 72 75 77 85 94 104 116 118 120 124 127 129 132 137 142 143 145 148 154 156 158 167 170 172 173 175 177
1 2 4 6 7 9 10 11 12 13 14 15 16 17 18 19 20 21 24 26 27 30 32 33 34 36 37 39 40 42 43 44 46 47 48 50 51 52 53 54 56 59 60 61 63 64 65 66 67 68 69 71 73 74 76 77 78 79 80 82 83 84 86 87 88 89 90 91 92 93 95 96 97 98 99 101 102 103 105 106 107 108 110 111 112 113 114 115 116 117 118 120 121 122 123 125 126 128 129 131 132 133 135 136 137 138 139 140 141 142 143 144 146 147 149 150 151 152 153 157 158 159 160 162 163 168 169 170 171 172 173 174
1 2 3 4 5 6 7 9 10 11 12 13 16 18 19 20 21 22 24 25 27 30 32 33 34 35 37 38 39 40 41 42 43 45 47 48 49 50 51 52 53 54 55 56 57 58 59 60 62 64 65 67 68 70 71 72 74 77 78 79 80 81 82 83 84 85 86 88 89 90 91 92 93 95 96 97 99 100 101 102 103 104 105 106 107 108 109 110 112 117 118 120 122 126 128 129 130 131 132 133 134 135 136 137 139 141 143 144 145 146 147 148 150 151 152 153 155 157 160 161 162 164 167 168 170 172 174 175 177
8 15 26 34 37 40 43 44 46 59 63 69 73 76 78 91 96 98 111 112 113 114 116 124 125 127 132 133 135 140 145 149 152 154 156 158 159 160 163 165 166 171 173 176
1 2 3 4 5 6 8 10 11 12 13 14 15 16 17 18 19 20 24 25 26 27 30 31 33 36 37 38 39 40 42 43 45 46 47 49 50 51 52 53 54 56 59 61 62 63 64 65 67 68 69 71 72 73 75 76 77 78 79 81 82 83 84 86 87 89 90 91 92 93 94 95 96 97 98 99 100 101 102 103 104 105 106 107 108 110 113 114 115 116 117 118 119 121 122 123 124 125 126 127 128 131 132 134 135 136 137 138 139 141 142 144 146 147 148 150 151 152 153 154 155 156 157 158 159 160 162 163 167 169 170 171 173 176
1 7 11 15 27 41 44 58 80 87 91 101 102 106 112 130 131 155 177
4 7 9 10 13 18 27 32 33 41 42 55 56 63 64 68 74 78 79 80 82 88 90 91 95 96 101 105 109 116 122 132 135 137 139 141 151 153 160 164 169 170 171
1 4 6 12 15 17 20 26 27 32 33 39 40 42 46 50 51 54 55 56 65 66 68 71 73 79 82 83 85 86 88 91 93 96 98 99 100 101 103 105 106 107 108 110 113 114 117 120 123 128 136 137 140 141 144 146 147 149 150 151 153 158 160 169 171 174
2 3 5 16 17 19 22 23 29 31 36 38 45 52 57 58 60 61 63 67 72 81 100 104 111 113 116 118 121 124 127 129 130 132 134 140 145 148 149 155 161 165 167 172 173 176 177
3 4 19 34 40 52 53 57 59 60 67 73 74 75 76 85 91 99 101 111 113 116 120 122 125 140 148 155 158 159 166 167 177
1 2 3 5 8 10 11 13 14 15 18 20 21 24 26 27 28 29 30 32 33 34 35 37 39 40 41 42 43 44 45 46 47 48 49 50 51 52 53 54 56 59 60 62 63 64 65 66 67 68 69 71 72 73 76 77 79 82 83 84 85 86 87 88 89 90 91 93 94 95 96 97 98 100 101 103 104 105 106 107 108 109 110 112 113 114 115 117 118 119 120 121 122 123 125 126 127 128 129 131 133 136 138 139 141 142 143 144 146 147 148 149 150 151 152 155 156 157 158 159 160 161 162 165 166 168 169 170 171 173 174 176 177
1 4 5 6 7 10 11 12 13 15 17 18 19 20 21 23 24 26 27 28 30 32 33 34 35 37 39 40 42 43 44 46 47 48 49 50 51 53 54 55 56 59 60 61 62 63 64 66 68 69 71 73 74 75 76 77 78 79 80 82 83 84 85 86 88 89 90 91 92 95 96 98 99 101 102 103 105 106 107 108 109 110 113 115 116 117 118 119 120 121 122 123 124 125 126 128 131 132 133 135 136 137 138 139 141 142 143 144 146 147 150 151 152 153 156 157 158 159 160 162 163 166 168 169 170 171 173 174
1 6 12 15 16 17 27 29 39 40 44 46 47 51 53 55 62 63 67 71 73 75 79 82 83 84 85 86 89 91 93 97 99 101 103 106 107 108 111 113 114 117 118 119 120 123 134 136 137 138 140 142 144 149 150 151 153 155 156 157 158 159 160 163 165 176
3 9 10 11 17 18 19 20 21 37 38 42 45 48 63 64 66 68 78 89 90 92 94 95 101 104 109 112 115 117 121 125 127 139 141 145 146 147 155 162 165 168 171 172 174
7 10 11 13 18 19 20 21 24 27 30 42 43 48 56 67 68 78 89 95 96 102 109 110 112 125 131 133 135 139 141 146 147 162 169 174
1 3 4 5 6 7 9 10 11 12 13 14 15 16 17 18 19 20 21 24 25 26 27 29 30 32 33 35 37 39 40 41 42 43 46 48 49 50 54 55 56 57 58 59 61 65 66 68 69 70 71 72 73 74 76 77 78 79 80 82 83 85 86 87 88 89 90 91 92 94 95 96 97 98 99 101 102 103 105 106 107 108 109 110 111 112 113 114 115 117 118 119 122 124 125 126 127 128 130 131 132 133 134 135 136 137 139 141 144 145 146 147 148 149 150 151 153 154 156 159 160 162 164 165 166 168 169 170 171 174 176 177
7 12 13 20 21 42 45 46 50 64 68 73 76 92 95 98 101 109 112 122 142 143 146 147 158
1 4 6 10 12 40 51 54 55 71 79 80 82 83 88 91 96 99 103 107 108 110 115 126 128 135 136 137 144 146 150 151 153 169
1 2 5 7 12 14 19 20 22 25 28 29 38 39 45 47 48 51 59 60 71 74 75 80 84 93 95 105 108 114 120 126 137 147 153 157 169 170 172 173 175 176 177
1 2 3 4 5 6 7 8 9 10 11 12 13 14 15 16 17 18 19 20 21 22 23 24 25 26 27 28 29 30 31 32 33 34 35 36 37 38 39 40 41 42 43 44 45 46 47 48 49 50 51 52 53 54 55 56 57 58 59 60 61 62 63 64 65 66 67 68 69 70 71 72 73 74 75 76 77 78 79 80 81 82 83 84 85 86 87 88 89 90 91 92 93 94 95 96 97 98 99 100 101 102 103 104 105 106 107 108 109 110 111 112 113 114 115 116 117 118 119 120 121 122 123 124 125 126 127 128 129 130 131 132 133 134 135 136 137 138 139 140 141 142 143 144 145 146 147 148 149 150 151 152 153 154 155 156 157 159 160 161 162 163 164 165 166 167 168 169 170 171 172 173 174 175 176 177
8 15 22 23 28 29 31 34 44 51 52 57 63 69 72 73 75 76 77 81 87 91 108 113 116 118 119 123 124 127 136 137 138 140 142 149 158 159 161 163 165 166 168 170 173 176
1 2 3 5 6 7 8 11 12 15 16 17 19 20 22 23 24 26 27 31 33 34 36 37 38 39 40 41 42 43 44 45 46 47 49 50 52 53 54 55 56 60 61 62 63 64 65 66 67 70 72 75 76 77 78 79 81 82 84 86 87 88 89 91 92 93 94 97 98 99 100 102 103 104 105 106 107 108 110 112 113 114 115 116 117 118 119 120 121 122 123 124 126 127 128 130 131 132 133 134 135 137 138 139 140 141 142 144 145 148 149 151 152 153 155 156 157 158 160 162 163 164 165 166 167 168 169 170 172 173 174 176 177
7 9 18 26 27 32 33 38 41 42 43 51 56 59 66 68 69 73 74 78 83 86 87 91 92 96 108 115 116 122 126 130 131 132 135 137 141 153 155 164 169 170 171 174
7 9 10 11 13 14 18 19 21 22 25 32 39 48 55 58 59 69 74 78 80 81 87 90 92 101 102 105 109 112 115 117 122 124 125 132 133 135 137 139 141 145 146 147 154 171 172 174
1 30 34 39 40 71 82 83 91 96 99 108 119 125 128 136 144 150
2 22 28 29 31 36 47 53 77 116 121 138 140 142 148 152 159 175
3 4 5 11 12 13 20 22 28 29 35 36 44 49 53 57 58 61 64 71 72 77 81 87 92 94 96 104 106 109 116 121 127 130 133 134 136 150 154 165 170 172 176
1 2 4 5 6 8 10 11 12 13 14 15 16 17 20 23 24 25 26 27 29 30 31 32 33 35 36 37 39 40 42 43 44 46 47 48 49 50 51 52 53 54 56 59 60 62 63 64 65 68 71 72 73 76 78 79 82 83 84 85 86 87 88 89 91 93 94 95 96 99 100 101 103 107 108 109 110 113 114 115 116 117 118 119 120 121 123 124 126 127 128 129 131 134 135 136 138 140 141 142 143 144 145 146 147 148 149 150 151 152 153 154 157 158 159 160 162 163 165 166 168 169 170 171 172 173 176
1 2 3 4 5 6 7 8 10 12 14 16 17 19 22 24 25 26 27 29 31 32 33 34 35 36 38 39 40 41 45 46 47 49 50 51 52 53 54 56 57 58 60 61 62 63 65 66 67 69 70 72 74 75 77 79 80 82 83 84 85 86 87 89 90 91 92 93 94 96 97 99 100 101 103 104 106 107 108 110 111 114 115 116 118 119 120 121 122 123 124 126 127 128 129 130 132 133 134 135 137 138 140 142 143 144 145 148 150 151 152 153 154 156 157 159 161 162 163 164 165 166 167 168 170 173 174 175 177
1 2 3 4 5 6 8 12 14 15 16 17 18 20 21 24 25 27 28 29 31 33 35 36 37 38 39 40 42 44 45 46 47 49 50 51 53 54 55 56 57 58 60 61 62 67 68 69 70 71 72 75 76 77 79 81 82 83 84 85 86 87 89 90 91 92 93 94 96 97 98 99 100 102 103 104 106 107 108 109 110 111 113 114 115 117 118 119 120 121 124 125 127 128 129 130 131 133 134 136 137 140 141 142 144 145 146 147 149 151 152 153 154 155 156 157 158 159 160 161 163 164 165 167 168 170 171 173 175 176 177
9 11 13 16 18 19 20 21 25 29 34 37 45 48 64 67 69 74 78 88 89 90 92 93 95 98 104 109 112 116 118 120 121 127 132 133 138 139 140 141 146 147 158 159 160 162 164 167
1 20 32 34 38 39 42 49 50 51 52 55 57 59 62 71 82 83 84 85 87 93 94 100 103 105 106 108 115 120 122 123 136 142 143 148 150 151 153 155 157
1 2 4 5 6 7 9 10 11 12 13 15 17 18 19 20 21 23 24 25 26 27 28 30 31 32 33 34 35 36 37 39 40 41 42 43 45 46 47 48 49 50 51 52 53 54 55 56 57 59 60 61 63 64 65 66 68 70 71 74 75 76 78 79 80 82 83 86 87 88 89 90 91 92 93 95 96 97 98 99 100 101 102 103 105 106 107 108 109 110 111 112 114 115 116 117 119 120 121 122 125 126 128 131 132 133 135 136 137 138 139 140 141 144 145 146 147 148 150 151 153 155 156 157 158 160 161 162 163 165 166 168 169 171 174
12 40 51 69 91 110 113 123 125 169 170 173
1 7 9 10 11 13 14 19 20 21 27 28 38 42 43 48 50 70 73 74 77 78 82 89 90 92 95 98 102 105 109 110 117 118 126 134 139 141 147 161 162 165 166 169 171
5 7 8 11 13 14 21 23 25 29 34 35 41 46 52 60 64 69 70 72 73 76 78 90 92 94 95 98 109 116 118 124 127 130 143 145 148 155 159 160 161 164 167 168 173 174
1 2 3 4 5 6 7 10 11 12 13 14 15 16 17 18 19 20 21 22 24 26 27 30 32 33 35 37 38 39 40 41 42 43 44 46 47 48 49 50 52 53 54 55 56 57 59 60 61 62 63 64 65 66 67 70 71 73 75 76 77 79 80 82 83 84 85 86 87 89 90 91 92 93 95 96 97 98 99 100 102 106 107 108 109 110 112 113 114 115 117 119 120 123 125 126 127 128 130 131 132 136 137 139 140 141 142 143 144 145 146 147 148 150 151 152 153 155 156 157 158 160 161 165 166 168 169 170 171 172 174 175
1 3 4 5 6 8 10 11 13 14 15 16 18 21 25 26 27 28 29 32 34 35 36 37 38 39 42 44 46 47 49 50 52 54 55 58 59 60 61 64 70 71 72 73 75 76 78 79 83 85 86 87 89 96 97 101 102 103 105 106 110 113 114 115 118 121 122 123 124 126 127 128 133 134 136 137 138 140 141 142 144 146 147 149 150 151 152 153 157 158 159 161 165 166 168 169 170 172 173 175 176
1 2 4 5 6 7 9 10 11 12 13 14 15 16 17 18 19 20 21 23 24 25 26 27 29 30 32 33 34 36 37 39 40 41 42 43 44 45 46 48 50 51 52 54 56 58 59 60 62 63 65 66 68 71 73 74 75 76 78 79 80 82 83 84 85 86 87 88 89 90 91 92 93 95 96 98 99 100 101 102 103 105 106 107 108 109 110 112 113 114 115 117 118 120 121 122 124 125 126 128 129 130 131 133 134 135 136 137 139 141 143 144 146 147 149 150 151 152 153 154 155 157 158 160 164 167 168 169 170 171 174 176 177
1 2 4 6 7 8 9 10 11 12 13 14 15 16 17 18 19 20 21 24 26 27 29 30 32 33 34 37 39 40 41 42 43 46 47 48 49 50 51 53 54 55 56 57 59 60 65 66 68 70 71 73 74 76 77 78 79 80 82 83 84 86 87 88 89 90 91 92 93 95 96 97 98 99 101 102 103 105 106 107 108 109 110 112 113 114 115 116 117 120 122 123 125 126 127 128 130 131 132 133 134 135 136 137 138 139 140 141 142 143 144 146 147 148 149 150 151 152 153 156 157 158 159 160 162 163 164 166 169 170 171 174 176
5 8 16 22 23 25 28 31 34 35 36 38 45 46 52 61 64 69 72 75 77 81 94 100 104 111 116 118 124 127 133 134 138 142 145 148 155 161 167 172 173
1 4 6 10 12 15 18 20 21 26 27 32 33 40 41 42 43 49 50 51 55 56 59 65 68 71 73 74 79 80 82 83 86 88 91 92 96 98 99 101 102 103 105 107 108 110 114 115 122 125 126 128 135 136 137 139 141 146 147 150 151 153 158 160 169 170 171
2 4 9 10 12 14 24 28 29 31 34 36 39 41 43 51 65 70 71 73 74 77 78 83 90 95 98 100 110 114 116 129 131 132 134 143 146 148 159 161 162 164 173 174 175
1 3 4 5 6 7 9 10 11 12 13 15 18 20 21 24 26 27 28 30 32 33 34 35 37 39 40 41 42 43 46 48 49 50 51 52 53 54 55 56 57 59 61 62 63 64 65 66 68 69 71 72 73 74 77 78 79 81 82 83 84 86 87 88 91 92 94 95 96 98 99 101 102 103 104 105 107 108 109 110 111 112 114 115 116 117 119 120 121 122 123 125 126 127 128 131 132 133 135 136 137 138 139 141 142 143 144 145 146 147 150 151 153 154 155 156 158 160 161 162 163 165 168 169 170 171 172 177
1 3 4 5 6 8 10 12 13 14 15 16 19 20 21 26 27 32 37 38 39 40 41 44 45 46 49 50 51 52 54 56 57 59 61 62 63 65 66 70 71 72 73 76 77 79 81 82 83 84 85 88 89 91 93 94 96 97 98 99 103 107 108 110 111 114 115 116 117 118 120 122 123 124 126 128 131 133 136 137 141 144 146 147 149 150 151 152 153 155 156 158 167 169 170 171 174 176 177
