1 2 3 4 6 10 11 12 13 14 16 17 19 20 21 22 24 26 27 29 30 32 33 34 36 37 39 40 42 43 44 46 47 48 49 51 52 53 54 55 56 57 58 59 60 61 62 63 64 65 66 67 68 70 71 73 75 76 77 78 79 80 81 82 83 84 85 86 88 89 90 91 94 95 96 97 99 100 102 103 106 107 108 109 110 111 112 114 115 117 120 121 123 124 125 126 127 128 129 131 133 135 136 137 138 139 140 141 142 143 144 146 147 150 151 152 154 155 157 158 159 160 162 163 165 167 169 171 172
8 15 23 26 29 31 36 40 44 46 51 63 66 69 73 75 76 87 91 98 108 111 113 114 115 116 119 121 123 124 125 127 131 137 140 142 149 154 158 159 160 163 165 166 171 173 176
3 9 19 21 24 25 28 29 30 33 37 43 45 48 53 56 60 65 70 81 84 89 90 92 95 97 102 104 105 109 112 119 121 125 128 129 131 132 139 142 143 144 145 155 156 161 162 165 167 169 174 175
2 3 5 7 8 9 11 14 15 16 17 19 20 21 23 24 25 26 27 28 29 30 31 33 34 35 37 38 40 42 43 44 46 47 48 49 50 52 53 54 56 57 58 59 60 61 62 63 64 65 66 67 68 70 72 73 74 76 77 78 81 83 84 86 87 88 89 90 91 92 93 95 97 98 100 101 102 103 104 106 108 109 110 112 113 114 116 117 118 119 120 122 123 125 126 127 128 129 130 131 132 133 134 138 140 141 142 143 144 145 146 147 148 149 152 154 155 156 157 158 159 161 162 163 164 165 166 167 168 169 172 173 174 175 176 177
1 2 3 7 8 10 11 13 15 16 17 20 23 24 25 26 28 29 30 31 33 34 35 37 38 40 42 44 45 46 47 48 49 50 52 53 54 55 56 57 58 59 60 61 62 63 65 66 67 68 69 70 71 72 73 74 75 76 77 79 82 83 85 86 87 89 91 93 94 95 96 97 100 101 103 104 105 106 108 109 110 111 112 113 114 115 116 117 118 119 121 122 123 124 126 127 128 129 131 133 136 138 140 141 142 143 144 145 146 147 148 149 152 154 155 156 157 158 159 160 161 162 163 164 165 166 167 169 170 171 172 174 175 176 177
1 3 4 5 6 7 9 10 12 13 14 15 17 18 19 20 21 22 24 26 27 29 30 31 32 33 36 38 39 40 41 42 43 44 45 47 48 49 50 51 52 53 54 55 56 57 58 59 62 63 65 66 68 70 71 73 74 76 78 79 80 82 83 84 85 86 87 88 89 90 91 93 94 95 96 97 98 99 100 101 102 103 106 107 108 109 110 113 114 115 118 120 121 122 125 126 127 128 129 131 133 135 136 137 139 140 141 144 145 146 147 149 150 151 152 153 154 155 156 157 159 161 163 164 165 169 170 171 172 174 176 177
2 8 17 23 24 25 28 29 31 34 36 37 38 43 47 48 53 57 58 61 63 65 78 81 86 93 95 102 111 112 116 118 119 129 130 132 133 134 140 142 145 148 156 159 161 162 163 164 165 166 167 174 175
9 13 16 17 20 22 23 25 30 31 37 42 43 45 47 48 54 58 60 67 72 74 78 81 85 87 89 90 94 95 102 106 109 112 121 123 129 130 132 133 134 141 147 152 159 174 177
2 3 8 15 17 23 26 29 34 47 51 53 57 59 60 63 66 69 72 75 77 84 85 93 97 108 116 118 120 121 124 132 134 137 138 140 143 145 148 151 163 164 166 170 175 176 177
1 4 6 10 12 15 16 17 20 23 24 26 27 30 32 33 34 37 39 40 42 43 44 46 48 49 50 51 52 53 54 55 56 57 61 62 64 65 66 67 68 69 71 73 74 76 79 80 82 83 84 86 88 89 90 91 95 96 97 98 99 101 102 103 105 106 107 108 109 110 112 113 114 115 116 117 119 121 125 126 128 129 131 132 135 136 138 139 141 142 143 144 146 147 150 151 152 153 157 158 160 162 163 165 166 168 169 171
1 2 4 6 10 12 14 15 16 17 20 23 24 26 27 28 29 30 32 33 34 37 39 40 42 43 44 46 47 48 49 50 51 52 53 54 55 56 57 60 61 62 63 64 65 66 67 68 69 71 72 73 74 76 77 79 80 82 83 84 86 87 88 89 90 91 92 93 95 96 97 98 99 100 101 102 103 105 106 107 108 109 110 111 112 113 114 115 116 117 118 119 120 121 123 125 126 128 129 131 132 135 136 138 139 140 141 142 143 144 146 147 149 150 151 152 153 157 158 159 160 162 163 165 166 168 169 171 173 174 175
1 7 9 10 12 13 19 20 21 32 41 48 57 74 78 90 92 95 101 102 105 109 112 115 117 122 125 132 133 139 141 146 147 164 176
1 6 7 9 10 12 13 14 19 20 21 32 41 48 57 61 72 74 75 78 81 90 92 95 101 102 105 109 112 115 116 117 118 122 124 125 132 133 139 141 146 147 152 154 161 164 167 176
3 5 8 14 16 25 29 36 38 45 52 58 61 62 69 70 72 76 81 85 87 94 100 111 116 118 124 127 130 134 142 143 145 148 149 154 155 158 161 165 167 170 172 173 175 176
1 4 6 8 12 15 26 27 30 32 33 34 35 37 38 39 40 43 46 50 51 54 55 56 59 62 65 66 68 71 72 73 76 77 79 82 83 86 88 89 91 93 96 98 99 101 102 107 108 112 114 115 116 117 120 125 126 128 136 137 138 140 142 143 144 146 150 151 153 156 158 160 163 164 168 169 171 174
1 4 5 6 7 8 9 10 11 12 13 14 15 16 18 19 20 21 23 25 26 27 28 30 31 32 33 34 35 37 38 39 40 41 42 43 46 48 49 50 51 52 54 55 56 57 59 62 64 65 66 68 69 70 71 72 73 74 76 77 78 79 80 82 83 85 86 87 88 89 90 91 92 93 95 96 98 99 101 102 103 105 107 108 109 110 111 112 114 115 116 117 120 122 125 126 128 132 136 137 138 139 140 141 142 143 144 145 146 147 148 149 150 151 153 156 158 159 160 161 163 164 166 168 169 170 171 172 174
1 4 6 12 18 22 24 26 27 30 33 40 43 51 53 56 66 68 79 80 82 83 84 86 91 96 99 101 107 108 110 111 115 119 121 126 135 136 137 144 153 160 169 171
5 9 14 16 17 19 22 29 31 33 36 42 43 44 45 52 54 57 63 65 70 72 75 84 89 92 95 98 103 111 113 114 124 128 132 138 145 148 154 159 161 164 167 168 172 173
1 4 6 39 40 51 71 79 83 88 96 99 107 128 136 144 146 150 151 153 160
1 2 3 4 5 6 8 12 15 16 17 19 22 23 24 25 27 29 30 31 33 34 35 36 38 39 40 42 43 44 45 46 47 48 49 50 51 52 53 57 58 60 61 62 63 65 67 68 69 70 71 72 73 75 76 77 79 80 81 82 83 84 85 86 87 88 90 93 94 95 96 97 98 99 100 101 103 104 106 107 108 111 113 114 117 118 119 120 121 122 123 126 127 128 129 130 131 132 133 134 136 138 140 142 144 145 146 147 148 149 150 151 152 153 154 156 157 158 159 160 161 162 163 164 165 166 167 168 169 172 173 175 176 177
2 3 9 11 16 22 23 25 28 29 31 36 38 41 43 45 48 57 58 60 61 69 74 78 81 95 109 123 127 129 130 132 133 134 140 145 148 161 162 163 165 167 168 172 175
7 9 10 11 13 18 20 21 26 27 31 32 37 41 42 43 48 56 59 66 68 73 74 78 80 90 96 101 102 105 109 110 112 117 122 124 125 126 135 139 141 143 146 147 154 170 174
7 19 21 43 66 68 74 78 80 102 105 109 112 117 139 141 169
7 9 10 11 13 18 19 21 22 26 28 30 34 41 43 45 50 64 66 68 70 73 74 78 80 92 102 105 109 112 117 133 139 141 142 143 149 154 156 158 160 162 169 170 174 176
12 13 14 20 28 29 31 32 34 35 41 43 46 47 56 59 64 65 66 68 73 76 78 80 82 86 91 101 104 105 113 116 118 125 132 142 143 158 160 163 165 166 173 174 176
5 8 19 22 23 25 28 35 36 38 43 45 47 52 57 58 59 61 64 69 70 72 77 94 97 98 100 118 127 129 130 134 138 140 143 145 148 155 161 163 164 166 172 173 175
17 24 26 27 34 36 40 47 50 53 56 61 63 67 69 73 75 81 84 86 87 93 94 110 113 118 119 120 121 125 129 131 138 149 160 162 165 169 175 176 177
17 23 24 26 27 33 34 36 40 43 47 50 53 54 56 61 63 67 68 69 73 75 81 84 86 87 93 94 110 113 118 119 120 121 124 125 129 131 138 149 160 162 165 169 171 175 176 177
17 26 27 34 40 50 53 56 61 63 67 73 75 84 86 87 93 110 113 119 120 121 125 138 149 162 169 176 177
1 3 4 6 7 8 9 10 11 12 13 14 15 17 19 20 21 22 23 24 26 27 28 29 30 31 32 34 36 37 38 39 40 41 43 44 46 47 49 50 51 52 53 55 56 57 59 61 62 63 64 67 68 69 70 71 72 73 74 75 76 77 78 80 81 82 83 84 85 86 91 92 93 94 96 97 98 99 100 101 105 106 107 108 109 110 112 113 115 116 117 118 120 121 122 123 125 127 129 131 133 134 135 136 137 139 141 142 143 144 146 147 148 149 150 151 152 153 155 157 158 160 162 163 165 167 169 170 171 172 173 174 175 177
1 2 3 4 5 6 7 8 9 10 11 12 13 14 15 16 17 18 19 20 21 22 23 24 25 26 27 28 29 30 31 32 33 34 35 36 37 38 39 40 41 42 43 44 45 46 47 48 49 50 51 52 53 54 55 56 57 58 59 60 61 62 63 64 65 66 67 68 69 70 71 72 73 74 75 76 77 78 79 80 81 82 83 84 85 86 87 88 89 90 91 92 93 94 95 96 97 98 99 100 101 102 103 104 105 106 107 108 109 110 111 112 113 114 115 116 117 118 119 120 121 122 123 124 125 126 127 128 129 130 131 132 133 134 135 136 137 138 139 140 141 142 143 144 145 146 147 148 149 150 151 152 153 154 155 156 157 158 159 160 161 162 163 164 165 166 167 168 169 170 171 172 173 174 175 176 177
1 4 5 6 12 15 17 34 35 38 39 40 44 47 49 50 51 52 53 55 57 62 65 66 68 71 72 73 76 79 80 82 83 86 96 98 99 100 103 106 107 108 113 114 120 127 136 138 140 142 144 146 148 150 151 153 156 158 163 168 172
1 2 3 4 5 6 7 8 9 10 11 12 13 14 15 16 17 18 19 20 21 22 23 24 25 26 27 28 29 30 31 32 33 34 35 36 37 38 39 40 41 42 43 44 45 46 47 48 49 50 51 52 53 54 55 56 57 58 59 60 61 62 63 64 65 66 67 68 70 71 72 73 74 75 76 77 78 79 80 81 82 83 84 85 86 87 88 89 90 91 92 93 94 95 96 97 98 99 100 101 102 103 104 105 106 107 108 109 110 111 112 113 114 115 116 117 118 119 120 121 122 123 124 125 126 127 128 129 130 131 132 133 134 135 136 137 138 139 140 141 142 143 144 145 146 147 148 149 150 151 152 153 154 155 156 157 158 159 160 161 162 163 164 165 166 167 168 169 170 171 172 173 174 175 176 177
1 4 6 7 10 12 13 15 17 19 20 21 26 27 30 32 33 37 39 42 43 46 49 50 51 52 54 55 56 59 64 68 71 79 80 82 83 84 86 87 88 89 90 93 96 99 100 102 103 106 107 108 110 114 115 120 122 126 128 133 134 136 137 141 142 144 150 151 152 153 157 169 170 174
1 2 3 4 5 6 7 8 10 12 13 14 15 16 17 19 20 21 22 23 25 26 27 30 32 33 34 35 36 37 38 39 41 42 43 45 46 47 49 50 51 52 53 54 55 56 57 58 59 60 61 62 63 64 65 67 68 70 71 72 75 77 79 80 81 82 83 84 85 86 87 88 89 90 92 93 94 96 97 99 100 102 103 104 106 107 108 110 112 114 115 116 118 119 120 122 123 126 127 128 129 130 133 134 136 137 138 140 141 142 143 144 148 150 151 152 153 155 156 157 158 161 162 165 167 168 169 170 172 173 174 175 177
8 12 17 23 28 33 34 35 38 41 45 47 50 60 69 70 73 75 77 79 97 103 111 113 116 118 120 121 122 123 127 129 138 140 142 143 152 154 158 159 160 163 170 176 177
2 5 23 25 29 38 44 46 100 145 166 176
2 3 5 23 25 29 38 44 46 61 67 100 106 113 145 149 152 164 166 167 168 176
2 3 4 5 6 7 9 10 11 12 13 14 15 16 17 19 20 21 22 23 24 25 26 28 29 30 31 32 35 36 37 38 40 41 42 44 45 46 48 49 50 51 52 54 55 57 58 59 60 61 62 64 65 67 69 70 71 74 76 77 78 79 80 81 83 86 87 88 89 90 92 94 95 96 97 98 99 100 101 102 104 105 106 107 109 110 112 113 114 117 119 122 123 124 125 126 128 130 131 133 136 138 139 141 142 143 144 145 146 147 149 150 151 152 153 154 155 156 157 159 160 162 163 164 165 166 167 168 169 172 174 176
1 2 4 6 8 9 10 11 12 15 16 17 18 19 20 23 24 26 27 30 32 33 34 36 37 39 40 41 42 44 47 48 49 50 51 52 53 54 55 56 59 60 62 65 66 67 68 71 72 73 76 78 79 80 81 82 83 84 86 87 88 89 90 91 93 94 96 97 98 99 100 101 102 103 104 105 106 107 108 110 111 112 113 114 115 117 120 121 122 123 125 126 127 128 129 130 131 133 135 136 137 138 139 140 141 142 144 146 147 148 149 150 151 152 153 154 155 157 158 159 160 162 164 167 168 169 170 171 174 176 177
1 4 6 10 12 15 17 18 20 24 27 29 30 32 39 40 43 44 49 50 51 55 63 67 71 73 79 82 83 86 88 93 96 98 99 101 103 107 108 110 113 114 115 119 123 126 128 129 135 136 137 138 144 146 149 150 151 153 157 158 168
1 2 4 6 8 10 12 15 17 18 20 23 24 26 27 28 29 30 32 33 34 35 37 38 39 40 42 43 44 47 48 49 50 51 52 53 54 55 56 57 59 60 62 63 64 65 66 67 68 71 73 76 78 79 80 82 83 84 86 87 88 89 90 91 92 93 95 96 97 98 99 100 101 102 103 105 106 107 108 109 110 111 112 113 114 115 116 117 118 119 120 121 123 126 127 128 129 130 131 135 136 137 138 139 140 141 142 143 144 146 147 148 149 150 151 152 153 157 158 159 160 162 164 165 166 167 168 169 171 172 174 175
1 2 4 6 7 10 12 14 15 17 18 19 20 24 26 27 30 32 33 34 36 37 38 39 40 42 43 44 46 47 48 49 50 51 52 53 54 55 56 57 61 62 63 64 65 66 67 68 70 71 73 76 78 79 80 82 83 84 86 87 88 89 90 91 92 93 95 96 97 98 99 100 101 102 103 105 106 107 108 110 111 112 113 114 115 116 117 118 119 120 121 122 123 125 126 127 128 129 131 133 135 136 137 138 139 140 141 142 143 144 146 147 149 150 151 152 153 156 157 158 159 160 162 163 165 166 167 168 169 171 172 173 174
1 2 4 6 7 9 10 11 12 13 14 15 18 19 20 21 23 24 26 27 28 29 30 32 33 34 35 36 37 39 40 41 42 43 46 48 49 50 51 52 54 55 56 57 62 63 64 65 66 68 70 71 72 73 74 75 76 77 78 79 80 82 83 85 86 87 88 89 90 92 95 96 97 98 99 101 102 103 105 106 107 108 109 110 113 114 115 116 117 119 120 122 123 124 125 126 127 128 131 135 136 137 138 139 141 142 143 144 146 147 148 150 151 153 156 157 158 160 161 162 163 164 166 167 168 169 170 171 172 174 176
2 5 6 8 9 10 11 12 13 14 15 16 17 18 20 21 22 23 24 25 26 27 28 29 30 31 32 35 36 38 39 41 43 45 46 47 48 49 50 52 53 55 56 58 59 60 61 62 63 64 66 67 68 69 71 73 74 75 76 78 79 80 81 83 84 86 87 91 93 94 96 97 98 99 100 101 104 105 106 107 108 109 110 112 113 115 116 117 119 120 121 122 123 124 127 129 130 132 133 134 136 137 140 141 142 143 144 145 146 147 148 149 150 151 152 153 154 155 157 158 160 162 165 166 167 169 170 171 172 173 176 177
6 22 48 66 90 105 115 147 170 171 174
6 18 21 22 26 40 42 43 48 55 66 67 68 69 73 77 78 81 90 91 92 95 98 105 112 115 116 118 125 126 132 139 141 143 147 151 156 160 165 169 170 171 174
2 3 4 6 15 23 24 29 30 31 36 38 39 40 44 45 46 47 51 52 53 55 61 62 63 64 65 67 69 71 72 77 79 82 83 84 85 86 91 95 96 97 100 103 107 108 111 113 114 119 121 123 128 129 130 133 136 137 138 140 142 143 144 149 150 151 152 153 155 156 158 160 161 162 163 164 165 168 172
2 3 4 6 9 10 11 13 15 16 17 19 20 22 23 24 26 29 30 31 36 37 38 39 40 42 44 45 46 47 48 50 51 52 53 55 57 58 60 61 62 63 64 65 66 67 69 71 72 73 74 76 77 79 82 83 84 85 86 88 89 91 93 95 96 97 98 100 101 102 103 104 106 107 108 109 111 112 113 114 115 117 119 120 121 123 125 126 128 129 130 131 132 133 135 136 137 138 139 140 141 142 143 144 145 146 147 149 150 151 152 153 154 155 156 157 158 160 161 162 163 164 165 167 168 169 171 172 176 177
1 7 33 53 58 61 64 80 88 95 116 122 135 136 141 143 146 150 153 167
